 -7.1850000E+03  4.956E-01 -6.756E-02  2.725E-01
 -7.1830000E+03  3.673E-01 -5.892E-02  3.153E-01
 -7.1810000E+03  5.506E-01 -6.953E-02  2.597E-01
 -7.1790000E+03  4.491E-01 -6.700E-02  3.153E-01
 -7.1770000E+03  4.032E-01 -6.246E-02  2.945E-01
 -7.1750000E+03  4.812E-01 -6.757E-02  3.018E-01
 -7.1730000E+03  3.754E-01 -4.855E-02  1.906E-01
 -7.1710000E+03  4.734E-01 -5.791E-02  1.993E-01
 -7.1690000E+03  4.110E-01 -5.768E-02  2.462E-01
 -7.1670000E+03  3.360E-01 -5.180E-02  2.881E-01
 -7.1650000E+03  4.941E-01 -6.298E-02  2.381E-01
 -7.1630000E+03  4.218E-01 -6.233E-02  2.999E-01
 -7.1610000E+03  3.218E-01 -4.959E-02  2.493E-01
 -7.1590000E+03  3.487E-01 -4.847E-02  2.130E-01
 -7.1570000E+03  3.455E-01 -4.598E-02  1.853E-01
 -7.1550000E+03  3.602E-01 -5.289E-02  2.501E-01
 -7.1530000E+03  4.097E-01 -6.428E-02  3.249E-01
 -7.1510000E+03  4.445E-01 -6.431E-02  3.115E-01
 -7.1490000E+03  3.566E-01 -4.783E-02  2.164E-01
 -7.1470000E+03  3.323E-01 -5.114E-02  2.533E-01
 -7.1450000E+03  3.818E-01 -5.049E-02  2.073E-01
 -7.1430000E+03  4.142E-01 -5.655E-02  2.334E-01
 -7.1410000E+03  3.344E-01 -5.362E-02  2.900E-01
 -7.1390000E+03  2.866E-01 -4.006E-02  1.730E-01
 -7.1370000E+03  3.500E-01 -4.816E-02  2.105E-01
 -7.1350000E+03  3.338E-01 -4.337E-02  1.826E-01
 -7.1330000E+03  3.193E-01 -5.258E-02  2.686E-01
 -7.1310000E+03  3.246E-01 -4.343E-02  1.687E-01
 -7.1290000E+03  3.042E-01 -4.395E-02  2.157E-01
 -7.1270000E+03  3.812E-01 -5.191E-02  2.321E-01
 -7.1250000E+03  3.480E-01 -5.192E-02  2.459E-01
 -7.1230000E+03  3.398E-01 -4.841E-02  2.202E-01
 -7.1210000E+03  2.924E-01 -3.935E-02  1.752E-01
 -7.1190000E+03  3.365E-01 -4.255E-02  1.481E-01
 -7.1170000E+03  3.490E-01 -4.760E-02  1.956E-01
 -7.1150000E+03  2.469E-01 -3.865E-02  2.126E-01
 -7.1130000E+03  3.012E-01 -4.086E-02  2.123E-01
 -7.1110000E+03  2.573E-01 -3.243E-02  1.997E-01
 -7.1090000E+03  3.282E-01 -4.389E-02  1.776E-01
 -7.1070000E+03  3.134E-01 -3.994E-02  1.747E-01
 -7.1050000E+03  2.451E-01 -3.586E-02  1.648E-01
 -7.1030000E+03  3.030E-01 -3.930E-02  1.593E-01
 -7.1010000E+03  2.748E-01 -3.791E-02  1.746E-01
 -7.0990000E+03  2.835E-01 -4.457E-02  2.318E-01
 -7.0970000E+03  2.972E-01 -3.979E-02  1.611E-01
 -7.0950000E+03  2.751E-01 -3.904E-02  1.867E-01
 -7.0930000E+03  2.711E-01 -3.789E-02  1.770E-01
 -7.0910000E+03  3.173E-01 -4.679E-02  2.262E-01
 -7.0890000E+03  2.271E-01 -3.329E-02  1.494E-01
 -7.0870000E+03  2.288E-01 -3.848E-02  2.142E-01
 -7.0850000E+03  2.674E-01 -3.586E-02  1.504E-01
 -7.0830000E+03  2.628E-01 -3.450E-02  1.506E-01
 -7.0810000E+03  2.558E-01 -3.401E-02  1.339E-01
 -7.0790000E+03  2.345E-01 -3.881E-02  2.053E-01
 -7.0770000E+03  2.549E-01 -3.714E-02  1.891E-01
 -7.0750000E+03  2.447E-01 -3.194E-02  1.228E-01
 -7.0730000E+03  2.870E-01 -3.790E-02  1.637E-01
 -7.0710000E+03  2.687E-01 -3.570E-02  1.556E-01
 -7.0690000E+03  2.371E-01 -3.440E-02  1.695E-01
 -7.0670000E+03  2.354E-01 -3.253E-02  1.392E-01
 -7.0650000E+03  2.513E-01 -3.336E-02  1.278E-01
 -7.0630000E+03  2.228E-01 -3.265E-02  1.779E-01
 -7.0610000E+03  2.134E-01 -3.159E-02  1.305E-01
 -7.0590000E+03  2.590E-01 -3.433E-02  1.472E-01
 -7.0570000E+03  2.243E-01 -2.849E-02  1.239E-01
 -7.0550000E+03  2.138E-01 -2.854E-02  1.233E-01
 -7.0530000E+03  1.973E-01 -3.218E-02  1.738E-01
 -7.0510000E+03  2.534E-01 -3.769E-02  1.888E-01
 -7.0490000E+03  2.249E-01 -3.212E-02  1.376E-01
 -7.0470000E+03  2.153E-01 -2.832E-02  1.110E-01
 -7.0450000E+03  2.479E-01 -3.205E-02  1.315E-01
 -7.0430000E+03  2.415E-01 -3.232E-02  1.466E-01
 -7.0410000E+03  1.978E-01 -3.126E-02  1.665E-01
 -7.0390000E+03  1.923E-01 -2.606E-02  1.169E-01
 -7.0370000E+03  2.234E-01 -2.978E-02  1.169E-01
 -7.0350000E+03  2.360E-01 -3.251E-02  1.395E-01
 -7.0330000E+03  2.032E-01 -3.277E-02  1.586E-01
 -7.0310000E+03  2.531E-01 -3.447E-02  1.537E-01
 -7.0290000E+03  1.927E-01 -2.413E-02  9.363E-02
 -7.0270000E+03  2.055E-01 -3.173E-02  1.655E-01
 -7.0250000E+03  1.817E-01 -2.662E-02  1.226E-01
 -7.0230000E+03  2.266E-01 -2.910E-02  1.286E-01
 -7.0210000E+03  2.059E-01 -2.713E-02  1.236E-01
 -7.0190000E+03  1.837E-01 -2.755E-02  1.275E-01
 -7.0170000E+03  2.330E-01 -2.850E-02  1.015E-01
 -7.0150000E+03  1.870E-01 -2.385E-02  1.034E-01
 -7.0130000E+03  2.068E-01 -3.297E-02  1.629E-01
 -7.0110000E+03  1.809E-01 -2.822E-02  1.380E-01
 -7.0090000E+03  1.874E-01 -2.893E-02  1.471E-01
 -7.0070000E+03  1.689E-01 -2.797E-02  1.410E-01
 -7.0050000E+03  1.883E-01 -2.251E-02  9.494E-02
 -7.0030000E+03  1.900E-01 -2.791E-02  1.332E-01
 -7.0010000E+03  1.738E-01 -2.667E-02  1.256E-01
 -6.9990000E+03  1.581E-01 -2.657E-02  1.301E-01
 -6.9970000E+03  1.937E-01 -2.443E-02  1.003E-01
 -6.9950000E+03  2.269E-01 -2.576E-02  8.598E-02
 -6.9930000E+03  1.654E-01 -2.325E-02  1.046E-01
 -6.9910000E+03  2.067E-01 -2.781E-02  1.058E-01
 -6.9890000E+03  1.811E-01 -2.380E-02  9.546E-02
 -6.9870000E+03  1.424E-01 -1.877E-02  8.584E-02
 -6.9850000E+03  1.461E-01 -2.258E-02  1.149E-01
 -6.9830000E+03  1.882E-01 -2.468E-02  9.487E-02
 -6.9810000E+03  1.851E-01 -2.746E-02  1.330E-01
 -6.9790000E+03  1.408E-01 -2.083E-02  1.067E-01
 -6.9770000E+03  1.722E-01 -2.379E-02  1.007E-01
 -6.9750000E+03  1.800E-01 -2.506E-02  1.130E-01
 -6.9730000E+03  1.839E-01 -2.640E-02  1.293E-01
 -6.9710000E+03  1.623E-01 -2.325E-02  9.347E-02
 -6.9690000E+03  1.338E-01 -2.276E-02  1.270E-01
 -6.9670000E+03  1.284E-01 -2.005E-02  1.046E-01
 -6.9650000E+03  1.518E-01 -2.300E-02  1.146E-01
 -6.9630000E+03  1.609E-01 -2.078E-02  8.803E-02
 -6.9610000E+03  1.747E-01 -2.281E-02  8.415E-02
 -6.9590000E+03  1.459E-01 -2.047E-02  8.958E-02
 -6.9570000E+03  1.540E-01 -2.101E-02  9.146E-02
 -6.9550000E+03  1.825E-01 -2.662E-02  1.289E-01
 -6.9530000E+03  1.606E-01 -2.322E-02  1.036E-01
 -6.9510000E+03  1.367E-01 -1.985E-02  9.698E-02
 -6.9490000E+03  1.712E-01 -2.187E-02  8.358E-02
 -6.9470000E+03  1.327E-01 -1.917E-02  1.017E-01
 -6.9450000E+03  1.768E-01 -2.338E-02  1.006E-01
 -6.9430000E+03  1.571E-01 -2.077E-02  9.179E-02
 -6.9410000E+03  1.464E-01 -2.272E-02  1.088E-01
 -6.9390000E+03  1.275E-01 -1.929E-02  1.020E-01
 -6.9370000E+03  1.436E-01 -2.078E-02  9.322E-02
 -6.9350000E+03  1.287E-01 -2.167E-02  1.107E-01
 -6.9330000E+03  1.469E-01 -1.830E-02  6.825E-02
 -6.9310000E+03  1.393E-01 -2.342E-02  1.140E-01
 -6.9290000E+03  1.371E-01 -1.618E-02  6.923E-02
 -6.9270000E+03  1.335E-01 -1.491E-02  6.258E-02
 -6.9250000E+03  1.370E-01 -1.818E-02  7.266E-02
 -6.9230000E+03  1.171E-01 -1.681E-02  6.817E-02
 -6.9210000E+03  1.562E-01 -2.229E-02  9.710E-02
 -6.9190000E+03  1.232E-01 -1.831E-02  8.917E-02
 -6.9170000E+03  1.357E-01 -1.924E-02  9.410E-02
 -6.9150000E+03  1.207E-01 -1.886E-02  9.094E-02
 -6.9130000E+03  9.615E-02 -1.480E-02  7.189E-02
 -6.9110000E+03  1.218E-01 -1.713E-02  8.413E-02
 -6.9090000E+03  1.574E-01 -2.134E-02  9.526E-02
 -6.9070000E+03  1.210E-01 -1.627E-02  7.397E-02
 -6.9050000E+03  1.332E-01 -1.870E-02  8.144E-02
 -6.9030000E+03  1.567E-01 -2.071E-02  8.026E-02
 -6.9010000E+03  1.393E-01 -1.878E-02  7.732E-02
 -6.8990000E+03  1.078E-01 -1.558E-02  7.437E-02
 -6.8970000E+03  1.239E-01 -1.714E-02  8.033E-02
 -6.8950000E+03  1.366E-01 -1.674E-02  6.932E-02
 -6.8930000E+03  1.116E-01 -1.682E-02  8.265E-02
 -6.8910000E+03  1.261E-01 -1.892E-02  9.145E-02
 -6.8890000E+03  1.282E-01 -1.492E-02  5.563E-02
 -6.8870000E+03  1.268E-01 -1.786E-02  8.663E-02
 -6.8850000E+03  1.231E-01 -1.878E-02  8.748E-02
 -6.8830000E+03  1.118E-01 -1.622E-02  7.526E-02
 -6.8810000E+03  1.298E-01 -1.528E-02  5.089E-02
 -6.8790000E+03  1.185E-01 -1.781E-02  8.667E-02
 -6.8770000E+03  9.746E-02 -1.385E-02  6.148E-02
 -6.8750000E+03  1.230E-01 -1.706E-02  7.442E-02
 -6.8730000E+03  9.948E-02 -1.376E-02  6.377E-02
 -6.8710000E+03  9.666E-02 -1.507E-02  7.353E-02
 -6.8690000E+03  1.039E-01 -1.532E-02  7.147E-02
 -6.8670000E+03  1.503E-01 -2.169E-02  9.037E-02
 -6.8650000E+03  1.144E-01 -1.520E-02  7.232E-02
 -6.8630000E+03  1.047E-01 -1.328E-02  6.294E-02
 -6.8610000E+03  1.191E-01 -1.546E-02  6.993E-02
 -6.8590000E+03  9.974E-02 -1.500E-02  7.868E-02
 -6.8570000E+03  1.153E-01 -1.470E-02  5.744E-02
 -6.8550000E+03  1.196E-01 -1.880E-02  9.061E-02
 -6.8530000E+03  8.552E-02 -1.432E-02  8.591E-02
 -6.8510000E+03  1.207E-01 -1.525E-02  6.870E-02
 -6.8490000E+03  9.865E-02 -1.576E-02  7.421E-02
 -6.8470000E+03  1.238E-01 -1.594E-02  5.890E-02
 -6.8450000E+03  9.935E-02 -1.426E-02  6.440E-02
 -6.8430000E+03  7.766E-02 -1.446E-02  9.492E-02
 -6.8410000E+03  1.027E-01 -1.365E-02  6.000E-02
 -6.8390000E+03  9.534E-02 -1.312E-02  5.479E-02
 -6.8370000E+03  1.056E-01 -1.520E-02  6.882E-02
 -6.8350000E+03  1.024E-01 -1.513E-02  6.967E-02
 -6.8330000E+03  1.102E-01 -1.483E-02  6.299E-02
 -6.8310000E+03  1.137E-01 -1.429E-02  5.471E-02
 -6.8290000E+03  1.170E-01 -1.587E-02  7.314E-02
 -6.8270000E+03  1.111E-01 -1.579E-02  7.652E-02
 -6.8250000E+03  8.177E-02 -1.240E-02  6.545E-02
 -6.8230000E+03  1.062E-01 -1.602E-02  8.013E-02
 -6.8210000E+03  8.436E-02 -1.122E-02  5.269E-02
 -6.8190000E+03  8.550E-02 -1.162E-02  4.304E-02
 -6.8170000E+03  9.228E-02 -1.340E-02  7.373E-02
 -6.8150000E+03  8.360E-02 -1.303E-02  5.785E-02
 -6.8130000E+03  8.617E-02 -1.136E-02  4.915E-02
 -6.8110000E+03  9.761E-02 -1.340E-02  5.186E-02
 -6.8090000E+03  6.808E-02 -9.101E-03  3.176E-02
 -6.8070000E+03  1.077E-01 -1.392E-02  4.628E-02
