  2.9630000E+03  5.954E-01 -8.537E-02  4.072E-01
  2.9650000E+03  5.132E-01 -6.201E-02  2.017E-01
  2.9670000E+03  3.873E-01 -5.870E-02  2.884E-01
  2.9690000E+03  4.971E-01 -6.691E-02  2.786E-01
  2.9710000E+03  5.174E-01 -7.351E-02  3.186E-01
  2.9730000E+03  3.884E-01 -6.031E-02  3.054E-01
  2.9750000E+03  3.663E-01 -5.263E-02  2.352E-01
  2.9770000E+03  4.483E-01 -5.727E-02  2.159E-01
  2.9790000E+03  4.352E-01 -6.132E-02  2.750E-01
  2.9810000E+03  3.702E-01 -5.185E-02  2.083E-01
  2.9830000E+03  3.926E-01 -6.142E-02  3.043E-01
  2.9850000E+03  4.843E-01 -5.537E-02  2.056E-01
  2.9870000E+03  3.678E-01 -5.239E-02  2.569E-01
  2.9890000E+03  3.503E-01 -4.991E-02  2.571E-01
  2.9910000E+03  3.378E-01 -4.722E-02  2.136E-01
  2.9930000E+03  3.717E-01 -5.010E-02  2.080E-01
  2.9950000E+03  3.199E-01 -4.854E-02  2.396E-01
  2.9970000E+03  3.802E-01 -5.803E-02  2.926E-01
  2.9990000E+03  4.513E-01 -6.477E-02  2.927E-01
  3.0010000E+03  3.238E-01 -5.010E-02  2.639E-01
  3.0030000E+03  3.439E-01 -4.624E-02  1.938E-01
  3.0050000E+03  3.842E-01 -5.533E-02  2.599E-01
  3.0070000E+03  3.351E-01 -5.046E-02  2.350E-01
  3.0090000E+03  4.008E-01 -5.655E-02  2.590E-01
  3.0110000E+03  2.650E-01 -3.962E-02  2.006E-01
  3.0130000E+03  3.323E-01 -4.714E-02  2.054E-01
  3.0150000E+03  3.321E-01 -4.775E-02  2.229E-01
  3.0170000E+03  3.301E-01 -4.455E-02  2.000E-01
  3.0190000E+03  3.094E-01 -4.609E-02  2.276E-01
  3.0210000E+03  3.246E-01 -4.749E-02  2.192E-01
  3.0230000E+03  3.355E-01 -4.781E-02  2.132E-01
  3.0250000E+03  3.235E-01 -4.379E-02  1.844E-01
  3.0270000E+03  3.339E-01 -4.623E-02  2.083E-01
  3.0290000E+03  3.207E-01 -4.298E-02  1.870E-01
  3.0310000E+03  3.317E-01 -4.383E-02  1.907E-01
  3.0330000E+03  3.241E-01 -4.480E-02  1.840E-01
  3.0350000E+03  2.769E-01 -4.267E-02  2.080E-01
  3.0370000E+03  2.715E-01 -4.115E-02  2.071E-01
  3.0390000E+03  2.809E-01 -4.139E-02  2.171E-01
  3.0410000E+03  3.127E-01 -4.134E-02  1.798E-01
  3.0430000E+03  2.621E-01 -3.647E-02  1.682E-01
  3.0450000E+03  2.817E-01 -3.840E-02  1.667E-01
  3.0470000E+03  2.676E-01 -3.708E-02  1.551E-01
  3.0490000E+03  2.952E-01 -4.282E-02  1.720E-01
  3.0510000E+03  2.659E-01 -3.890E-02  1.819E-01
  3.0530000E+03  2.742E-01 -4.072E-02  2.086E-01
  3.0550000E+03  2.878E-01 -4.241E-02  1.905E-01
  3.0570000E+03  2.908E-01 -3.924E-02  1.725E-01
  3.0590000E+03  2.876E-01 -3.712E-02  1.552E-01
  3.0610000E+03  2.267E-01 -3.598E-02  1.943E-01
  3.0630000E+03  2.571E-01 -4.071E-02  2.119E-01
  3.0650000E+03  2.690E-01 -3.665E-02  1.604E-01
  3.0670000E+03  1.943E-01 -2.792E-02  1.475E-01
  3.0690000E+03  2.582E-01 -3.273E-02  1.288E-01
  3.0710000E+03  2.439E-01 -3.443E-02  1.601E-01
  3.0730000E+03  2.611E-01 -4.090E-02  2.168E-01
  3.0750000E+03  2.514E-01 -3.769E-02  1.809E-01
  3.0770000E+03  2.451E-01 -3.338E-02  1.568E-01
  3.0790000E+03  2.793E-01 -3.374E-02  1.188E-01
  3.0810000E+03  2.149E-01 -3.149E-02  1.468E-01
  3.0830000E+03  2.572E-01 -3.596E-02  1.568E-01
  3.0850000E+03  2.160E-01 -3.180E-02  1.529E-01
  3.0870000E+03  2.295E-01 -3.080E-02  1.274E-01
  3.0890000E+03  2.321E-01 -3.313E-02  1.555E-01
  3.0910000E+03  1.893E-01 -2.802E-02  1.389E-01
  3.0930000E+03  2.370E-01 -2.714E-02  7.948E-02
  3.0950000E+03  2.200E-01 -3.259E-02  1.561E-01
  3.0970000E+03  2.159E-01 -3.240E-02  1.421E-01
  3.0990000E+03  2.278E-01 -3.405E-02  1.752E-01
  3.1010000E+03  2.342E-01 -3.286E-02  1.550E-01
  3.1030000E+03  2.305E-01 -2.823E-02  1.165E-01
  3.1050000E+03  2.144E-01 -2.715E-02  1.092E-01
  3.1070000E+03  2.267E-01 -3.226E-02  1.490E-01
  3.1090000E+03  1.943E-01 -3.237E-02  1.768E-01
  3.1110000E+03  2.294E-01 -3.159E-02  1.360E-01
  3.1130000E+03  1.940E-01 -2.476E-02  9.878E-02
  3.1150000E+03  2.349E-01 -3.124E-02  1.294E-01
  3.1170000E+03  2.162E-01 -3.181E-02  1.593E-01
  3.1190000E+03  2.264E-01 -2.925E-02  1.138E-01
  3.1210000E+03  2.156E-01 -3.037E-02  1.215E-01
  3.1230000E+03  1.945E-01 -3.534E-02  1.540E-01
  3.1250000E+03  1.944E-01 -3.646E-02  1.652E-01
  3.1270000E+03  2.011E-01 -2.440E-02  1.182E-01
  3.1290000E+03  2.096E-01 -2.717E-02  1.267E-01
  3.1310000E+03  1.659E-01 -2.168E-02  1.051E-01
  3.1330000E+03  2.362E-01 -3.028E-02  1.118E-01
  3.1350000E+03  1.979E-01 -2.487E-02  1.115E-01
  3.1370000E+03  1.921E-01 -2.521E-02  1.087E-01
  3.1390000E+03  1.726E-01 -2.716E-02  1.498E-01
  3.1410000E+03  2.182E-01 -3.315E-02  1.657E-01
  3.1430000E+03  1.643E-01 -2.545E-02  1.350E-01
  3.1450000E+03  1.739E-01 -2.509E-02  1.240E-01
  3.1470000E+03  1.619E-01 -2.414E-02  1.172E-01
  3.1490000E+03  1.642E-01 -2.497E-02  1.220E-01
  3.1510000E+03  1.903E-01 -2.254E-02  8.796E-02
  3.1530000E+03  1.989E-01 -2.872E-02  1.349E-01
  3.1550000E+03  1.846E-01 -2.235E-02  6.615E-02
  3.1570000E+03  1.958E-01 -2.919E-02  1.165E-01
  3.1590000E+03  1.751E-01 -2.221E-02  9.213E-02
  3.1610000E+03  1.538E-01 -1.239E-02  6.303E-02
  3.1630000E+03  1.652E-01 -2.277E-02  1.006E-01
  3.1650000E+03  1.743E-01 -2.426E-02  1.068E-01
  3.1670000E+03  1.615E-01 -2.431E-02  1.233E-01
  3.1690000E+03  1.686E-01 -2.465E-02  1.217E-01
  3.1710000E+03  1.537E-01 -2.378E-02  1.260E-01
  3.1730000E+03  1.666E-01 -2.444E-02  1.065E-01
  3.1750000E+03  1.563E-01 -2.023E-02  8.568E-02
  3.1770000E+03  1.948E-01 -2.542E-02  9.939E-02
  3.1790000E+03  1.570E-01 -2.287E-02  1.126E-01
  3.1810000E+03  1.402E-01 -2.159E-02  1.144E-01
  3.1830000E+03  1.384E-01 -2.213E-02  1.178E-01
  3.1850000E+03  1.375E-01 -1.868E-02  9.077E-02
  3.1870000E+03  1.463E-01 -2.044E-02  8.646E-02
  3.1890000E+03  1.522E-01 -2.188E-02  1.095E-01
  3.1910000E+03  1.510E-01 -2.072E-02  9.789E-02
  3.1930000E+03  1.725E-01 -2.194E-02  1.016E-01
  3.1950000E+03  1.479E-01 -1.955E-02  9.874E-02
  3.1970000E+03  1.476E-01 -1.987E-02  9.131E-02
  3.1990000E+03  1.392E-01 -1.860E-02  7.391E-02
  3.2010000E+03  1.639E-01 -2.366E-02  1.035E-01
  3.2030000E+03  1.344E-01 -1.940E-02  9.208E-02
  3.2050000E+03  1.708E-01 -2.236E-02  8.930E-02
  3.2070000E+03  1.340E-01 -2.191E-02  1.110E-01
  3.2090000E+03  1.371E-01 -2.001E-02  1.001E-01
  3.2110000E+03  1.736E-01 -2.423E-02  1.118E-01
  3.2130000E+03  1.175E-01 -1.556E-02  6.872E-02
  3.2150000E+03  1.529E-01 -2.242E-02  1.084E-01
  3.2170000E+03  1.304E-01 -2.004E-02  1.188E-01
  3.2190000E+03  1.332E-01 -1.853E-02  8.089E-02
  3.2210000E+03  1.488E-01 -1.998E-02  7.772E-02
  3.2230000E+03  1.147E-01 -1.828E-02  8.729E-02
  3.2250000E+03  1.255E-01 -1.578E-02  6.184E-02
  3.2270000E+03  1.408E-01 -1.984E-02  8.108E-02
  3.2290000E+03  1.352E-01 -1.782E-02  6.013E-02
  3.2310000E+03  1.026E-01 -1.678E-02  1.114E-01
  3.2330000E+03  1.189E-01 -1.637E-02  7.762E-02
  3.2350000E+03  1.287E-01 -1.660E-02  6.897E-02
  3.2370000E+03  1.384E-01 -1.809E-02  6.875E-02
  3.2390000E+03  1.259E-01 -1.737E-02  7.751E-02
  3.2410000E+03  1.184E-01 -1.812E-02  9.672E-02
  3.2430000E+03  1.372E-01 -1.993E-02  9.424E-02
  3.2450000E+03  1.322E-01 -1.765E-02  7.421E-02
  3.2470000E+03  1.337E-01 -1.741E-02  7.398E-02
  3.2490000E+03  1.318E-01 -1.774E-02  8.469E-02
  3.2510000E+03  1.263E-01 -1.757E-02  7.543E-02
  3.2530000E+03  1.185E-01 -1.576E-02  6.619E-02
  3.2550000E+03  1.177E-01 -1.504E-02  5.895E-02
  3.2570000E+03  1.174E-01 -1.512E-02  6.375E-02
  3.2590000E+03  1.379E-01 -1.933E-02  9.226E-02
  3.2610000E+03  1.201E-01 -1.731E-02  8.028E-02
  3.2630000E+03  1.108E-01 -1.671E-02  9.100E-02
  3.2650000E+03  1.033E-01 -1.672E-02  9.639E-02
  3.2670000E+03  1.192E-01 -1.390E-02  5.169E-02
  3.2690000E+03  1.401E-01 -1.709E-02  5.661E-02
  3.2710000E+03  1.214E-01 -1.647E-02  6.445E-02
  3.2730000E+03  1.091E-01 -1.567E-02  7.110E-02
  3.2750000E+03  1.050E-01 -1.383E-02  6.300E-02
  3.2770000E+03  7.995E-02 -1.378E-02  8.181E-02
  3.2790000E+03  1.085E-01 -1.626E-02  8.296E-02
  3.2810000E+03  1.161E-01 -1.572E-02  6.728E-02
  3.2830000E+03  1.309E-01 -1.680E-02  6.770E-02
  3.2850000E+03  1.145E-01 -1.667E-02  8.256E-02
  3.2870000E+03  9.594E-02 -1.425E-02  7.157E-02
  3.2890000E+03  1.075E-01 -1.329E-02  5.557E-02
  3.2910000E+03  1.025E-01 -1.473E-02  7.463E-02
  3.2930000E+03  1.044E-01 -1.482E-02  6.864E-02
  3.2950000E+03  1.138E-01 -1.592E-02  7.848E-02
  3.2970000E+03  1.082E-01 -1.534E-02  7.353E-02
  3.2990000E+03  9.595E-02 -1.541E-02  8.606E-02
  3.3010000E+03  1.168E-01 -1.560E-02  6.620E-02
  3.3030000E+03  1.150E-01 -1.469E-02  5.665E-02
  3.3050000E+03  9.436E-02 -1.556E-02  8.214E-02
  3.3070000E+03  9.212E-02 -1.388E-02  7.076E-02
  3.3090000E+03  1.142E-01 -1.515E-02  6.167E-02
  3.3110000E+03  9.941E-02 -1.461E-02  7.116E-02
  3.3130000E+03  1.079E-01 -1.442E-02  6.173E-02
  3.3150000E+03  8.131E-02 -1.087E-02  4.992E-02
  3.3170000E+03  8.884E-02 -1.067E-02  5.229E-02
  3.3190000E+03  1.152E-01 -1.541E-02  6.908E-02
  3.3210000E+03  1.142E-01 -1.674E-02  7.606E-02
  3.3230000E+03  1.184E-01 -1.636E-02  6.261E-02
  3.3250000E+03  1.009E-01 -1.573E-02  7.826E-02
  3.3270000E+03  6.998E-02 -1.075E-02  5.804E-02
  3.3290000E+03  1.001E-01 -1.492E-02  7.825E-02
  3.3310000E+03  1.015E-01 -1.302E-02  5.026E-02
  3.3330000E+03  9.138E-02 -1.152E-02  4.201E-02
  3.3350000E+03  7.661E-02 -1.128E-02  5.886E-02
  3.3370000E+03  6.907E-02 -1.023E-02  5.434E-02
  3.3390000E+03  9.382E-02 -1.044E-02  3.276E-02
  3.3410000E+03  9.007E-02 -1.256E-02  5.548E-02
