  2.2763000E+04 -7.494E+00  1.038E+00 -4.857E+00
  2.2765000E+04  1.185E+00 -1.597E-01  7.049E-01
  2.2767000E+04  5.574E-01 -8.046E-02  3.898E-01
  2.2769000E+04  4.241E-01 -7.508E-02  4.704E-01
  2.2771000E+04  3.940E-01 -5.281E-02  2.231E-01
  2.2773000E+04  5.040E-01 -6.397E-02  2.474E-01
  2.2775000E+04  4.220E-01 -5.974E-02  2.823E-01
  2.2777000E+04  4.460E-01 -6.425E-02  3.115E-01
  2.2779000E+04  4.114E-01 -6.283E-02  3.307E-01
  2.2781000E+04  3.868E-01 -4.757E-02  1.666E-01
  2.2783000E+04  3.500E-01 -4.558E-02  1.825E-01
  2.2785000E+04  4.075E-01 -5.848E-02  2.855E-01
  2.2787000E+04  3.695E-01 -5.629E-02  2.988E-01
  2.2789000E+04  3.784E-01 -5.172E-02  2.292E-01
  2.2791000E+04  4.140E-01 -5.321E-02  2.110E-01
  2.2793000E+04  4.192E-01 -5.639E-02  2.455E-01
  2.2795000E+04  3.570E-01 -4.840E-02  2.176E-01
  2.2797000E+04  3.400E-01 -5.041E-02  2.549E-01
  2.2799000E+04  3.411E-01 -4.678E-02  2.146E-01
  2.2801000E+04  3.481E-01 -5.171E-02  2.649E-01
  2.2803000E+04  3.188E-01 -4.487E-02  2.077E-01
  2.2805000E+04  3.461E-01 -5.164E-02  2.626E-01
  2.2807000E+04  3.910E-01 -5.046E-02  2.023E-01
  2.2809000E+04  3.162E-01 -4.765E-02  2.538E-01
  2.2811000E+04  3.911E-01 -5.634E-02  2.828E-01
  2.2813000E+04  3.250E-01 -4.988E-02  2.610E-01
  2.2815000E+04  2.919E-01 -3.891E-02  1.764E-01
  2.2817000E+04  3.704E-01 -4.863E-02  2.055E-01
  2.2819000E+04  3.585E-01 -4.705E-02  1.907E-01
  2.2821000E+04  2.923E-01 -4.258E-02  2.079E-01
  2.2823000E+04  2.787E-01 -4.059E-02  2.028E-01
  2.2825000E+04  3.260E-01 -4.748E-02  2.364E-01
  2.2827000E+04  3.239E-01 -4.710E-02  2.336E-01
  2.2829000E+04  3.035E-01 -4.107E-02  1.840E-01
  2.2831000E+04  2.831E-01 -4.037E-02  1.915E-01
  2.2833000E+04  2.891E-01 -4.038E-02  1.880E-01
  2.2835000E+04  3.283E-01 -4.367E-02  1.921E-01
  2.2837000E+04  3.101E-01 -4.397E-02  2.096E-01
  2.2839000E+04  3.411E-01 -4.795E-02  2.291E-01
  2.2841000E+04  3.315E-01 -4.362E-02  1.792E-01
  2.2843000E+04  2.496E-01 -3.596E-02  1.792E-01
  2.2845000E+04  2.692E-01 -3.640E-02  1.662E-01
  2.2847000E+04  2.601E-01 -3.762E-02  1.867E-01
  2.2849000E+04  2.384E-01 -3.378E-02  1.594E-01
  2.2851000E+04  2.629E-01 -3.581E-02  1.574E-01
  2.2853000E+04  2.808E-01 -4.045E-02  2.021E-01
  2.2855000E+04  2.696E-01 -3.476E-02  1.343E-01
  2.2857000E+04  2.546E-01 -3.519E-02  1.640E-01
  2.2859000E+04  2.693E-01 -3.614E-02  1.674E-01
  2.2861000E+04  2.579E-01 -3.865E-02  2.030E-01
  2.2863000E+04  2.639E-01 -3.635E-02  1.534E-01
  2.2865000E+04  2.899E-01 -4.065E-02  1.805E-01
  2.2867000E+04  2.521E-01 -3.476E-02  1.641E-01
  2.2869000E+04  2.647E-01 -3.897E-02  2.049E-01
  2.2871000E+04  2.235E-01 -3.382E-02  1.908E-01
  2.2873000E+04  2.265E-01 -3.101E-02  1.505E-01
  2.2875000E+04  2.390E-01 -3.221E-02  1.354E-01
  2.2877000E+04  2.801E-01 -3.939E-02  1.661E-01
  2.2879000E+04  2.709E-01 -4.022E-02  1.867E-01
  2.2881000E+04  1.964E-01 -2.664E-02  1.250E-01
  2.2883000E+04  2.249E-01 -3.013E-02  1.503E-01
  2.2885000E+04  2.560E-01 -3.448E-02  1.724E-01
  2.2887000E+04  2.110E-01 -2.941E-02  1.402E-01
  2.2889000E+04  2.523E-01 -3.585E-02  1.532E-01
  2.2891000E+04  2.381E-01 -3.624E-02  1.481E-01
  2.2893000E+04  1.885E-01 -2.323E-02  1.405E-01
  2.2895000E+04  2.096E-01 -2.666E-02  1.082E-01
  2.2897000E+04  2.321E-01 -3.075E-02  1.275E-01
  2.2899000E+04  2.216E-01 -2.877E-02  1.007E-01
  2.2901000E+04  2.029E-01 -2.806E-02  1.476E-01
  2.2903000E+04  1.912E-01 -2.720E-02  1.332E-01
  2.2905000E+04  2.016E-01 -2.895E-02  1.383E-01
  2.2907000E+04  2.367E-01 -3.272E-02  1.438E-01
  2.2909000E+04  1.893E-01 -2.817E-02  1.632E-01
  2.2911000E+04  2.491E-01 -3.333E-02  1.185E-01
  2.2913000E+04  2.352E-01 -3.187E-02  1.562E-01
  2.2915000E+04  1.919E-01 -2.740E-02  1.470E-01
  2.2917000E+04  2.380E-01 -3.063E-02  1.301E-01
  2.2919000E+04  1.850E-01 -2.425E-02  1.133E-01
  2.2921000E+04  1.709E-01 -2.379E-02  1.211E-01
  2.2923000E+04  2.014E-01 -2.706E-02  1.242E-01
  2.2925000E+04  2.229E-01 -3.020E-02  1.607E-01
  2.2927000E+04  1.808E-01 -2.518E-02  1.365E-01
  2.2929000E+04  2.240E-01 -3.006E-02  1.098E-01
  2.2931000E+04  1.867E-01 -2.497E-02  9.887E-02
  2.2933000E+04  1.927E-01 -2.934E-02  1.722E-01
  2.2935000E+04  1.947E-01 -2.563E-02  1.188E-01
  2.2937000E+04  2.211E-01 -2.928E-02  8.584E-02
  2.2939000E+04  1.918E-01 -2.851E-02  1.354E-01
  2.2941000E+04  1.859E-01 -2.517E-02  1.071E-01
  2.2943000E+04  1.898E-01 -2.662E-02  1.149E-01
  2.2945000E+04  1.724E-01 -2.477E-02  1.396E-01
  2.2947000E+04  1.836E-01 -2.438E-02  1.085E-01
  2.2949000E+04  1.553E-01 -2.467E-02  1.315E-01
  2.2951000E+04  1.502E-01 -2.089E-02  1.345E-01
  2.2953000E+04  1.815E-01 -2.363E-02  1.049E-01
  2.2955000E+04  2.134E-01 -2.990E-02  1.317E-01
  2.2957000E+04  1.588E-01 -2.150E-02  1.054E-01
  2.2959000E+04  1.434E-01 -2.038E-02  1.078E-01
  2.2961000E+04  1.970E-01 -2.436E-02  1.043E-01
  2.2963000E+04  1.600E-01 -2.344E-02  1.133E-01
  2.2965000E+04  1.648E-01 -2.229E-02  7.825E-02
  2.2967000E+04  1.817E-01 -2.493E-02  1.142E-01
  2.2969000E+04  1.893E-01 -2.515E-02  1.094E-01
  2.2971000E+04  1.409E-01 -1.929E-02  8.384E-02
  2.2973000E+04  1.861E-01 -2.597E-02  1.390E-01
  2.2975000E+04  1.484E-01 -1.918E-02  1.016E-01
  2.2977000E+04  1.279E-01 -1.696E-02  9.536E-02
  2.2979000E+04  1.449E-01 -2.013E-02  1.035E-01
  2.2981000E+04  1.629E-01 -2.573E-02  1.072E-01
  2.2983000E+04  1.589E-01 -1.890E-02  7.239E-02
  2.2985000E+04  1.645E-01 -2.296E-02  1.030E-01
  2.2987000E+04  1.535E-01 -2.166E-02  1.105E-01
  2.2989000E+04  1.498E-01 -2.337E-02  1.226E-01
  2.2991000E+04  1.414E-01 -1.988E-02  9.554E-02
  2.2993000E+04  1.703E-01 -2.498E-02  1.079E-01
  2.2995000E+04  1.081E-01 -1.616E-02  7.450E-02
  2.2997000E+04  1.535E-01 -1.869E-02  9.216E-02
  2.2999000E+04  1.600E-01 -2.382E-02  1.267E-01
  2.3001000E+04  1.400E-01 -2.076E-02  9.512E-02
  2.3003000E+04  1.328E-01 -1.812E-02  8.829E-02
  2.3005000E+04  1.723E-01 -2.239E-02  8.635E-02
  2.3007000E+04  1.216E-01 -1.715E-02  9.105E-02
  2.3009000E+04  1.533E-01 -2.396E-02  1.191E-01
  2.3011000E+04  1.621E-01 -2.163E-02  8.129E-02
  2.3013000E+04  1.485E-01 -1.939E-02  7.945E-02
  2.3015000E+04  1.398E-01 -1.875E-02  7.491E-02
  2.3017000E+04  1.058E-01 -1.631E-02  8.941E-02
  2.3019000E+04  1.295E-01 -1.839E-02  1.040E-01
  2.3021000E+04  1.419E-01 -1.843E-02  6.736E-02
  2.3023000E+04  1.648E-01 -2.215E-02  1.027E-01
  2.3025000E+04  1.251E-01 -1.660E-02  8.182E-02
  2.3027000E+04  1.242E-01 -2.145E-02  1.297E-01
  2.3029000E+04  1.259E-01 -1.768E-02  8.101E-02
  2.3031000E+04  1.268E-01 -1.904E-02  7.815E-02
  2.3033000E+04  1.106E-01 -1.541E-02  7.999E-02
  2.3035000E+04  1.338E-01 -1.692E-02  6.498E-02
  2.3037000E+04  1.402E-01 -1.812E-02  7.969E-02
  2.3039000E+04  9.779E-02 -1.317E-02  6.365E-02
  2.3041000E+04  1.132E-01 -1.657E-02  7.917E-02
  2.3043000E+04  1.301E-01 -1.706E-02  6.985E-02
  2.3045000E+04  1.300E-01 -1.861E-02  8.857E-02
  2.3047000E+04  1.381E-01 -1.734E-02  7.202E-02
  2.3049000E+04  1.354E-01 -1.748E-02  7.934E-02
  2.3051000E+04  1.246E-01 -1.513E-02  5.200E-02
  2.3053000E+04  1.298E-01 -1.842E-02  8.560E-02
  2.3055000E+04  1.094E-01 -1.651E-02  8.273E-02
  2.3057000E+04  1.017E-01 -1.418E-02  8.222E-02
  2.3059000E+04  1.199E-01 -1.558E-02  6.966E-02
  2.3061000E+04  1.071E-01 -1.659E-02  8.093E-02
  2.3063000E+04  1.372E-01 -1.881E-02  8.265E-02
  2.3065000E+04  1.250E-01 -1.758E-02  8.563E-02
  2.3067000E+04  1.087E-01 -1.551E-02  7.637E-02
  2.3069000E+04  1.162E-01 -1.549E-02  6.501E-02
  2.3071000E+04  1.113E-01 -1.479E-02  6.085E-02
  2.3073000E+04  1.131E-01 -1.512E-02  8.843E-02
  2.3075000E+04  9.870E-02 -1.401E-02  7.496E-02
  2.3077000E+04  1.005E-01 -1.362E-02  6.135E-02
  2.3079000E+04  1.216E-01 -1.648E-02  7.017E-02
  2.3081000E+04  1.105E-01 -1.523E-02  6.639E-02
  2.3083000E+04  9.431E-02 -1.203E-02  5.258E-02
  2.3085000E+04  1.167E-01 -1.520E-02  7.282E-02
  2.3087000E+04  1.202E-01 -1.670E-02  7.494E-02
  2.3089000E+04  1.254E-01 -1.752E-02  7.266E-02
  2.3091000E+04  9.787E-02 -1.512E-02  7.787E-02
  2.3093000E+04  1.007E-01 -1.306E-02  5.609E-02
  2.3095000E+04  1.102E-01 -1.424E-02  5.737E-02
  2.3097000E+04  1.025E-01 -1.581E-02  8.025E-02
  2.3099000E+04  8.140E-02 -1.241E-02  7.388E-02
  2.3101000E+04  1.028E-01 -1.341E-02  6.045E-02
  2.3103000E+04  1.140E-01 -1.668E-02  7.324E-02
  2.3105000E+04  1.074E-01 -1.370E-02  6.405E-02
  2.3107000E+04  8.839E-02 -1.211E-02  6.083E-02
  2.3109000E+04  1.111E-01 -1.684E-02  8.747E-02
  2.3111000E+04  8.408E-02 -1.248E-02  6.269E-02
  2.3113000E+04  1.186E-01 -1.709E-02  7.544E-02
  2.3115000E+04  1.159E-01 -1.377E-02  4.837E-02
  2.3117000E+04  9.570E-02 -1.278E-02  4.844E-02
  2.3119000E+04  8.637E-02 -1.166E-02  5.741E-02
  2.3121000E+04  1.229E-01 -1.542E-02  5.955E-02
  2.3123000E+04  9.037E-02 -1.218E-02  5.601E-02
  2.3125000E+04  8.499E-02 -1.396E-02  8.380E-02
  2.3127000E+04  8.368E-02 -1.158E-02  6.212E-02
  2.3129000E+04  8.972E-02 -1.293E-02  5.832E-02
  2.3131000E+04  1.012E-01 -1.524E-02  7.985E-02
  2.3133000E+04  8.370E-02 -1.148E-02  5.282E-02
  2.3135000E+04  9.370E-02 -1.204E-02  4.738E-02
  2.3137000E+04  8.694E-02 -1.270E-02  6.966E-02
  2.3139000E+04  8.097E-02 -1.095E-02  5.607E-02
  2.3141000E+04  1.011E-01 -1.346E-02  5.898E-02
