  9.4355000E+04 -0.000E+00 -0.000E+00  0.000E+00
  9.4357000E+04 -0.000E+00 -0.000E+00  0.000E+00
  9.4359000E+04 -0.000E+00 -0.000E+00  0.000E+00
  9.4361000E+04 -0.000E+00 -0.000E+00  0.000E+00
  9.4363000E+04 -0.000E+00 -0.000E+00  0.000E+00
  9.4365000E+04 -0.000E+00 -0.000E+00  0.000E+00
  9.4367000E+04 -0.000E+00 -0.000E+00  0.000E+00
  9.4369000E+04 -0.000E+00 -0.000E+00  0.000E+00
  9.4371000E+04 -0.000E+00 -0.000E+00  0.000E+00
  9.4373000E+04 -0.000E+00 -0.000E+00  0.000E+00
  9.4375000E+04 -0.000E+00 -0.000E+00  0.000E+00
  9.4377000E+04 -0.000E+00 -0.000E+00  0.000E+00
  9.4379000E+04 -0.000E+00 -0.000E+00  0.000E+00
  9.4381000E+04 -0.000E+00 -0.000E+00  0.000E+00
  9.4383000E+04 -0.000E+00 -0.000E+00  0.000E+00
  9.4385000E+04 -0.000E+00 -0.000E+00  0.000E+00
  9.4387000E+04 -0.000E+00 -0.000E+00  0.000E+00
  9.4389000E+04 -0.000E+00 -0.000E+00  0.000E+00
  9.4391000E+04 -0.000E+00 -0.000E+00  0.000E+00
  9.4393000E+04 -0.000E+00 -0.000E+00  0.000E+00
  9.4395000E+04 -0.000E+00 -0.000E+00  0.000E+00
  9.4397000E+04 -0.000E+00 -0.000E+00  0.000E+00
  9.4399000E+04 -0.000E+00 -0.000E+00  0.000E+00
  9.4401000E+04 -0.000E+00 -0.000E+00  0.000E+00
  9.4403000E+04 -0.000E+00 -0.000E+00  0.000E+00
  9.4405000E+04 -0.000E+00 -0.000E+00  0.000E+00
  9.4407000E+04 -0.000E+00 -0.000E+00  0.000E+00
  9.4409000E+04 -0.000E+00 -0.000E+00  0.000E+00
  9.4411000E+04 -0.000E+00 -0.000E+00  0.000E+00
  9.4413000E+04 -0.000E+00 -0.000E+00  0.000E+00
  9.4415000E+04 -0.000E+00 -0.000E+00  0.000E+00
  9.4417000E+04 -0.000E+00 -0.000E+00  0.000E+00
  9.4419000E+04 -0.000E+00 -0.000E+00  0.000E+00
  9.4421000E+04 -0.000E+00 -0.000E+00  0.000E+00
  9.4423000E+04 -0.000E+00 -0.000E+00  0.000E+00
  9.4425000E+04 -0.000E+00 -0.000E+00  0.000E+00
  9.4427000E+04 -0.000E+00 -0.000E+00  0.000E+00
  9.4429000E+04 -0.000E+00 -0.000E+00  0.000E+00
  9.4431000E+04 -0.000E+00 -0.000E+00  0.000E+00
  9.4433000E+04 -0.000E+00 -0.000E+00  0.000E+00
  9.4435000E+04 -0.000E+00 -0.000E+00  0.000E+00
  9.4437000E+04 -0.000E+00 -0.000E+00  0.000E+00
  9.4439000E+04 -0.000E+00 -0.000E+00  0.000E+00
  9.4441000E+04 -0.000E+00 -0.000E+00  0.000E+00
  9.4443000E+04 -0.000E+00 -0.000E+00  0.000E+00
  9.4445000E+04 -0.000E+00 -0.000E+00  0.000E+00
  9.4447000E+04 -0.000E+00 -0.000E+00  0.000E+00
  9.4449000E+04 -0.000E+00 -0.000E+00  0.000E+00
  9.4451000E+04 -0.000E+00 -0.000E+00  0.000E+00
  9.4453000E+04 -0.000E+00 -0.000E+00  0.000E+00
  9.4455000E+04 -0.000E+00 -0.000E+00  0.000E+00
  9.4457000E+04 -0.000E+00 -0.000E+00  0.000E+00
  9.4459000E+04 -0.000E+00 -0.000E+00  0.000E+00
  9.4461000E+04 -0.000E+00 -0.000E+00  0.000E+00
  9.4463000E+04 -0.000E+00 -0.000E+00  0.000E+00
  9.4465000E+04 -0.000E+00 -0.000E+00  0.000E+00
  9.4467000E+04 -0.000E+00 -0.000E+00  0.000E+00
  9.4469000E+04 -0.000E+00 -0.000E+00  0.000E+00
  9.4471000E+04 -0.000E+00 -0.000E+00  0.000E+00
  9.4473000E+04 -0.000E+00 -0.000E+00  0.000E+00
  9.4475000E+04 -0.000E+00 -0.000E+00  0.000E+00
  9.4477000E+04  3.457E-09 -1.125E-09  1.172E-08
  9.4479000E+04  2.994E-04 -4.167E-05  2.747E-04
  9.4481000E+04 -1.893E-03  2.319E-04 -1.316E-03
  9.4483000E+04  3.745E-04  1.666E-05 -5.753E-04
  9.4485000E+04  1.546E-04 -3.026E-05  2.565E-04
  9.4487000E+04 -1.217E-03  1.181E-04 -4.557E-04
  9.4489000E+04 -6.888E-03  7.987E-04 -4.352E-03
  9.4491000E+04 -1.309E-02  1.548E-03 -8.786E-03
  9.4493000E+04 -2.872E-02  3.506E-03 -2.079E-02
  9.4495000E+04 -4.589E-02  5.212E-03 -2.836E-02
  9.4497000E+04 -9.242E-02  1.072E-02 -6.058E-02
  9.4499000E+04 -1.259E-01  1.458E-02 -8.286E-02
  9.4501000E+04 -1.734E-01  2.031E-02 -1.179E-01
  9.4503000E+04 -3.086E-01  3.498E-02 -1.955E-01
  9.4505000E+04 -3.638E-01  4.170E-02 -2.387E-01
  9.4507000E+04 -5.001E-01  5.559E-02 -3.064E-01
  9.4509000E+04 -6.387E-01  7.337E-02 -4.270E-01
  9.4511000E+04 -8.022E-01  8.877E-02 -4.943E-01
  9.4513000E+04 -9.842E-01  1.088E-01 -6.076E-01
  9.4515000E+04 -1.227E+00  1.405E-01 -8.321E-01
  9.4517000E+04 -1.505E+00  1.665E-01 -9.472E-01
  9.4519000E+04 -1.607E+00  1.786E-01 -1.031E+00
  9.4521000E+04 -1.933E+00  2.090E-01 -1.168E+00
  9.4523000E+04 -2.181E+00  2.429E-01 -1.428E+00
  9.4525000E+04 -2.484E+00  2.653E-01 -1.480E+00
  9.4527000E+04 -2.432E+00  2.678E-01 -1.575E+00
  9.4529000E+04 -2.151E+00  2.438E-01 -1.505E+00
  9.4531000E+04 -2.485E+00  2.691E-01 -1.571E+00
  9.4533000E+04 -2.576E+00  2.791E-01 -1.644E+00
  9.4535000E+04 -2.555E+00  2.799E-01 -1.689E+00
  9.4537000E+04 -2.395E+00  2.555E-01 -1.498E+00
  9.4539000E+04 -2.019E+00  2.094E-01 -1.194E+00
  9.4541000E+04 -1.981E+00  2.097E-01 -1.243E+00
  9.4543000E+04 -1.905E+00  2.005E-01 -1.189E+00
  9.4545000E+04 -1.861E+00  1.908E-01 -1.096E+00
  9.4547000E+04 -1.368E+00  1.480E-01 -9.293E-01
  9.4549000E+04 -1.091E+00  1.173E-01 -7.440E-01
  9.4551000E+04 -1.154E+00  1.245E-01 -7.917E-01
  9.4553000E+04 -7.549E-01  8.673E-02 -6.069E-01
  9.4555000E+04 -6.549E-01  6.157E-02 -3.409E-01
  9.4557000E+04 -5.398E-01  6.273E-02 -4.588E-01
  9.4559000E+04 -4.278E-01  3.898E-02 -2.177E-01
  9.4561000E+04 -2.445E-01  2.680E-02 -2.101E-01
  9.4563000E+04 -2.272E-01  1.717E-02 -8.528E-02
  9.4565000E+04 -2.281E-01  2.039E-02 -1.239E-01
  9.4567000E+04 -4.622E-02  3.425E-03 -3.508E-02
  9.4569000E+04 -3.648E-02  2.215E-03 -3.318E-02
  9.4571000E+04  3.704E-02 -7.368E-03  3.958E-02
  9.4573000E+04  7.282E-02 -9.477E-03  4.912E-02
  9.4575000E+04  3.675E-02 -7.798E-03  5.719E-02
  9.4577000E+04  1.333E-01 -1.396E-02  5.930E-02
  9.4579000E+04  1.729E-01 -1.757E-02  8.024E-02
  9.4581000E+04  1.815E-01 -1.941E-02  9.606E-02
  9.4583000E+04  2.140E-01 -2.604E-02  1.634E-01
  9.4585000E+04  2.486E-01 -2.364E-02  1.033E-01
  9.4587000E+04  2.262E-01 -2.534E-02  1.483E-01
  9.4589000E+04  1.973E-01 -2.170E-02  1.184E-01
  9.4591000E+04  2.577E-01 -2.840E-02  1.632E-01
  9.4593000E+04  1.837E-01 -2.232E-02  1.428E-01
  9.4595000E+04  2.381E-01 -2.545E-02  1.421E-01
  9.4597000E+04  1.937E-01 -2.003E-02  9.866E-02
  9.4599000E+04  2.312E-01 -3.019E-02  2.095E-01
  9.4601000E+04  2.528E-01 -2.866E-02  1.662E-01
  9.4603000E+04  2.719E-01 -2.814E-02  1.482E-01
  9.4605000E+04  2.551E-01 -2.711E-02  1.461E-01
  9.4607000E+04  1.946E-01 -2.648E-02  1.845E-01
  9.4609000E+04  2.987E-01 -3.262E-02  2.024E-01
  9.4611000E+04  2.791E-01 -2.726E-02  1.324E-01
  9.4613000E+04  2.173E-01 -2.397E-02  1.401E-01
  9.4615000E+04  2.296E-01 -2.514E-02  1.418E-01
  9.4617000E+04  2.481E-01 -2.383E-02  1.519E-01
  9.4619000E+04  2.345E-01 -2.259E-02  1.214E-01
  9.4621000E+04  2.007E-01 -2.583E-02  1.881E-01
  9.4623000E+04  2.073E-01 -2.296E-02  1.261E-01
  9.4625000E+04  2.367E-01 -2.624E-02  1.662E-01
  9.4627000E+04  1.916E-01 -2.084E-02  1.123E-01
  9.4629000E+04  2.538E-01 -2.700E-02  1.266E-01
  9.4631000E+04  2.588E-01 -2.489E-02  1.532E-01
  9.4633000E+04  1.625E-01 -2.717E-02  1.519E-01
  9.4635000E+04  2.638E-01 -2.500E-02  1.644E-01
  9.4637000E+04  1.628E-01 -1.875E-02  9.860E-02
  9.4639000E+04  2.427E-01 -2.648E-02  1.484E-01
  9.4641000E+04  1.984E-01 -2.031E-02  1.139E-01
  9.4643000E+04  2.261E-01 -2.435E-02  1.508E-01
  9.4645000E+04  1.706E-01 -2.637E-02  1.699E-01
  9.4647000E+04  2.552E-01 -2.315E-02  1.402E-01
  9.4649000E+04  2.483E-01 -2.422E-02  1.378E-01
  9.4651000E+04  1.871E-01 -1.936E-02  8.985E-02
  9.4653000E+04  2.010E-01 -2.341E-02  1.570E-01
  9.4655000E+04  2.345E-01 -2.553E-02  1.630E-01
  9.4657000E+04  2.526E-01 -2.521E-02  1.378E-01
  9.4659000E+04  2.122E-01 -2.181E-02  1.166E-01
  9.4661000E+04  1.753E-01 -1.876E-02  1.107E-01
  9.4663000E+04  2.166E-01 -2.264E-02  1.192E-01
  9.4665000E+04  2.257E-01 -2.199E-02  1.183E-01
  9.4667000E+04  1.984E-01 -1.848E-02  9.808E-02
  9.4669000E+04  2.076E-01 -2.269E-02  1.404E-01
  9.4671000E+04  2.222E-01 -2.477E-02  1.421E-01
  9.4673000E+04  1.706E-01 -2.364E-02  1.642E-01
  9.4675000E+04  1.845E-01 -1.960E-02  1.271E-01
  9.4677000E+04  1.899E-01 -1.838E-02  9.035E-02
  9.4679000E+04  1.734E-01 -2.002E-02  1.269E-01
  9.4681000E+04  1.916E-01 -2.286E-02  1.437E-01
  9.4683000E+04  2.013E-01 -2.030E-02  1.222E-01
  9.4685000E+04  1.404E-01 -1.499E-02  8.501E-02
  9.4687000E+04  1.699E-01 -1.942E-02  1.284E-01
  9.4689000E+04  1.507E-01 -1.891E-02  1.271E-01
  9.4691000E+04  1.837E-01 -2.107E-02  1.293E-01
  9.4693000E+04  1.755E-01 -1.813E-02  1.048E-01
  9.4695000E+04  2.064E-01 -2.155E-02  1.223E-01
  9.4697000E+04  1.584E-01 -1.694E-02  1.016E-01
  9.4699000E+04  1.636E-01 -1.991E-02  1.197E-01
  9.4701000E+04  1.868E-01 -2.124E-02  1.255E-01
  9.4703000E+04  1.763E-01 -1.934E-02  1.039E-01
  9.4705000E+04  1.924E-01 -1.879E-02  1.037E-01
  9.4707000E+04  1.629E-01 -1.953E-02  1.218E-01
  9.4709000E+04  1.833E-01 -1.778E-02  1.153E-01
  9.4711000E+04  1.688E-01 -2.111E-02  1.422E-01
  9.4713000E+04  1.459E-01 -1.601E-02  9.232E-02
  9.4715000E+04  1.550E-01 -1.650E-02  1.029E-01
  9.4717000E+04  1.296E-01 -1.657E-02  1.133E-01
  9.4719000E+04  1.456E-01 -1.547E-02  9.191E-02
  9.4721000E+04  1.785E-01 -1.712E-02  8.650E-02
  9.4723000E+04  1.563E-01 -1.694E-02  9.400E-02
  9.4725000E+04  1.453E-01 -1.681E-02  1.122E-01
  9.4727000E+04  1.607E-01 -1.720E-02  9.257E-02
  9.4729000E+04  1.366E-01 -1.580E-02  9.573E-02
  9.4731000E+04  1.663E-01 -1.736E-02  1.033E-01
  9.4733000E+04  1.815E-01 -1.823E-02  1.007E-01
