 -3.7583000E+04 -0.000E+00 -0.000E+00  0.000E+00
 -3.7581000E+04 -0.000E+00 -0.000E+00  0.000E+00
 -3.7579000E+04 -0.000E+00 -0.000E+00  0.000E+00
 -3.7577000E+04 -0.000E+00 -0.000E+00  0.000E+00
 -3.7575000E+04 -0.000E+00 -0.000E+00  0.000E+00
 -3.7573000E+04 -0.000E+00 -0.000E+00  0.000E+00
 -3.7571000E+04 -0.000E+00 -0.000E+00  0.000E+00
 -3.7569000E+04 -0.000E+00 -0.000E+00  0.000E+00
 -3.7567000E+04 -0.000E+00 -0.000E+00  0.000E+00
 -3.7565000E+04 -0.000E+00 -0.000E+00  0.000E+00
 -3.7563000E+04 -0.000E+00 -0.000E+00  0.000E+00
 -3.7561000E+04 -0.000E+00 -0.000E+00  0.000E+00
 -3.7559000E+04 -0.000E+00 -0.000E+00  0.000E+00
 -3.7557000E+04 -0.000E+00 -0.000E+00  0.000E+00
 -3.7555000E+04 -0.000E+00 -0.000E+00  0.000E+00
 -3.7553000E+04 -0.000E+00 -0.000E+00  0.000E+00
 -3.7551000E+04 -0.000E+00 -0.000E+00  0.000E+00
 -3.7549000E+04 -0.000E+00 -0.000E+00  0.000E+00
 -3.7547000E+04 -0.000E+00 -0.000E+00  0.000E+00
 -3.7545000E+04 -0.000E+00 -0.000E+00  0.000E+00
 -3.7543000E+04 -0.000E+00 -0.000E+00  0.000E+00
 -3.7541000E+04 -0.000E+00 -0.000E+00  0.000E+00
 -3.7539000E+04 -0.000E+00 -0.000E+00  0.000E+00
 -3.7537000E+04 -0.000E+00 -0.000E+00  0.000E+00
 -3.7535000E+04 -0.000E+00 -0.000E+00  0.000E+00
 -3.7533000E+04 -0.000E+00 -0.000E+00  0.000E+00
 -3.7531000E+04 -0.000E+00 -0.000E+00  0.000E+00
 -3.7529000E+04 -0.000E+00 -0.000E+00  0.000E+00
 -3.7527000E+04 -0.000E+00 -0.000E+00  0.000E+00
 -3.7525000E+04 -0.000E+00 -0.000E+00  0.000E+00
 -3.7523000E+04 -0.000E+00 -0.000E+00  0.000E+00
 -3.7521000E+04 -0.000E+00 -0.000E+00  0.000E+00
 -3.7519000E+04 -0.000E+00 -0.000E+00  0.000E+00
 -3.7517000E+04 -0.000E+00 -0.000E+00  0.000E+00
 -3.7515000E+04 -0.000E+00 -0.000E+00  0.000E+00
 -3.7513000E+04 -0.000E+00 -0.000E+00  0.000E+00
 -3.7511000E+04 -0.000E+00 -0.000E+00  0.000E+00
 -3.7509000E+04 -0.000E+00 -0.000E+00  0.000E+00
 -3.7507000E+04 -0.000E+00 -0.000E+00  0.000E+00
 -3.7505000E+04 -0.000E+00 -0.000E+00  0.000E+00
 -3.7503000E+04 -0.000E+00 -0.000E+00  0.000E+00
 -3.7501000E+04 -0.000E+00 -0.000E+00  0.000E+00
 -3.7499000E+04 -0.000E+00 -0.000E+00  0.000E+00
 -3.7497000E+04 -0.000E+00 -0.000E+00  0.000E+00
 -3.7495000E+04 -0.000E+00 -0.000E+00  0.000E+00
 -3.7493000E+04 -0.000E+00 -0.000E+00  0.000E+00
 -3.7491000E+04 -0.000E+00 -0.000E+00  0.000E+00
 -3.7489000E+04 -0.000E+00 -0.000E+00  0.000E+00
 -3.7487000E+04 -0.000E+00 -0.000E+00  0.000E+00
 -3.7485000E+04 -0.000E+00 -0.000E+00  0.000E+00
 -3.7483000E+04 -0.000E+00 -0.000E+00  0.000E+00
 -3.7481000E+04 -0.000E+00 -0.000E+00  0.000E+00
 -3.7479000E+04 -0.000E+00 -0.000E+00  0.000E+00
 -3.7477000E+04 -0.000E+00 -0.000E+00  0.000E+00
 -3.7475000E+04 -0.000E+00 -0.000E+00  0.000E+00
 -3.7473000E+04 -0.000E+00 -0.000E+00  0.000E+00
 -3.7471000E+04 -0.000E+00 -0.000E+00  0.000E+00
 -3.7469000E+04 -0.000E+00 -0.000E+00  0.000E+00
 -3.7467000E+04 -0.000E+00 -0.000E+00  0.000E+00
 -3.7465000E+04 -0.000E+00 -0.000E+00  0.000E+00
 -3.7463000E+04 -0.000E+00 -0.000E+00  0.000E+00
 -3.7461000E+04 -0.000E+00 -0.000E+00  0.000E+00
 -3.7459000E+04 -0.000E+00 -0.000E+00  0.000E+00
 -3.7457000E+04 -0.000E+00 -0.000E+00  0.000E+00
 -3.7455000E+04  1.397E-08 -6.019E-09  5.783E-08
 -3.7453000E+04 -8.777E-05  5.729E-06 -4.503E-08
 -3.7451000E+04 -1.059E-04  1.977E-05 -1.450E-04
 -3.7449000E+04 -3.602E-04  3.992E-05 -1.922E-04
 -3.7447000E+04 -1.327E-03  1.915E-04 -1.192E-03
 -3.7445000E+04 -7.945E-04  3.677E-05  1.664E-04
 -3.7443000E+04 -3.116E-03  4.549E-04 -2.841E-03
 -3.7441000E+04 -1.723E-03  1.807E-04 -8.191E-04
 -3.7439000E+04 -2.993E-03  3.958E-04 -2.344E-03
 -3.7437000E+04 -7.748E-03  1.070E-03 -6.561E-03
 -3.7435000E+04 -6.147E-03  9.958E-04 -6.879E-03
 -3.7433000E+04 -2.044E-02  2.789E-03 -1.708E-02
 -3.7431000E+04 -2.777E-02  3.459E-03 -1.955E-02
 -3.7429000E+04 -4.743E-02  6.458E-03 -3.963E-02
 -3.7427000E+04 -5.876E-02  7.938E-03 -4.859E-02
 -3.7425000E+04 -6.587E-02  8.878E-03 -5.438E-02
 -3.7423000E+04 -1.006E-01  1.315E-02 -7.883E-02
 -3.7421000E+04 -1.662E-01  2.109E-02 -1.236E-01
 -3.7419000E+04 -1.847E-01  2.193E-02 -1.209E-01
 -3.7417000E+04 -2.540E-01  3.061E-02 -1.724E-01
 -3.7415000E+04 -2.959E-01  3.728E-02 -2.194E-01
 -3.7413000E+04 -3.456E-01  4.418E-02 -2.642E-01
 -3.7411000E+04 -4.597E-01  5.341E-02 -2.935E-01
 -3.7409000E+04 -5.316E-01  6.550E-02 -3.826E-01
 -3.7407000E+04 -6.929E-01  8.167E-02 -4.588E-01
 -3.7405000E+04 -7.204E-01  8.594E-02 -4.909E-01
 -3.7403000E+04 -8.102E-01  9.276E-02 -5.110E-01
 -3.7401000E+04 -9.887E-01  1.158E-01 -6.551E-01
 -3.7399000E+04 -1.055E+00  1.221E-01 -6.870E-01
 -3.7397000E+04 -1.186E+00  1.365E-01 -7.664E-01
 -3.7395000E+04 -1.313E+00  1.504E-01 -8.439E-01
 -3.7393000E+04 -1.391E+00  1.646E-01 -9.568E-01
 -3.7391000E+04 -1.508E+00  1.759E-01 -1.013E+00
 -3.7389000E+04 -1.728E+00  1.881E-01 -1.018E+00
 -3.7387000E+04 -1.865E+00  1.968E-01 -1.036E+00
 -3.7385000E+04 -1.927E+00  2.108E-01 -1.157E+00
 -3.7383000E+04 -1.897E+00  2.123E-01 -1.200E+00
 -3.7381000E+04 -1.841E+00  1.982E-01 -1.081E+00
 -3.7379000E+04 -1.807E+00  1.937E-01 -1.061E+00
 -3.7377000E+04 -1.903E+00  2.130E-01 -1.221E+00
 -3.7375000E+04 -1.999E+00  2.229E-01 -1.279E+00
 -3.7373000E+04 -2.007E+00  2.165E-01 -1.211E+00
 -3.7371000E+04 -2.053E+00  2.100E-01 -1.117E+00
 -3.7369000E+04 -1.972E+00  2.058E-01 -1.126E+00
 -3.7367000E+04 -2.052E+00  2.061E-01 -1.087E+00
 -3.7365000E+04 -1.820E+00  1.841E-01 -9.853E-01
 -3.7363000E+04 -1.589E+00  1.716E-01 -9.873E-01
 -3.7361000E+04 -1.681E+00  1.765E-01 -9.953E-01
 -3.7359000E+04 -1.450E+00  1.509E-01 -8.506E-01
 -3.7357000E+04 -1.405E+00  1.564E-01 -9.396E-01
 -3.7355000E+04 -1.423E+00  1.356E-01 -7.084E-01
 -3.7353000E+04 -1.269E+00  1.316E-01 -7.580E-01
 -3.7351000E+04 -1.173E+00  1.134E-01 -6.131E-01
 -3.7349000E+04 -8.445E-01  8.988E-02 -5.397E-01
 -3.7347000E+04 -8.795E-01  9.313E-02 -5.552E-01
 -3.7345000E+04 -8.449E-01  8.862E-02 -5.285E-01
 -3.7343000E+04 -7.691E-01  7.830E-02 -4.653E-01
 -3.7341000E+04 -6.443E-01  6.051E-02 -3.370E-01
 -3.7339000E+04 -6.010E-01  5.301E-02 -2.782E-01
 -3.7337000E+04 -3.617E-01  4.127E-02 -2.816E-01
 -3.7335000E+04 -4.083E-01  3.995E-02 -2.433E-01
 -3.7333000E+04 -3.894E-01  4.100E-02 -2.662E-01
 -3.7331000E+04 -2.086E-01  2.238E-02 -1.606E-01
 -3.7329000E+04 -3.492E-01  2.423E-02 -1.054E-01
 -3.7327000E+04 -1.596E-01  1.999E-02 -1.624E-01
 -3.7325000E+04 -1.210E-01  1.270E-02 -9.960E-02
 -3.7323000E+04 -6.609E-02  5.450E-03 -5.666E-02
 -3.7321000E+04 -5.031E-02 -9.247E-04  6.236E-03
 -3.7319000E+04  2.498E-02  5.481E-03 -1.007E-01
 -3.7317000E+04 -6.398E-02 -4.608E-03  5.568E-02
 -3.7315000E+04  9.918E-02 -1.645E-02  1.027E-01
 -3.7313000E+04  1.305E-01 -1.897E-02  1.138E-01
 -3.7311000E+04  9.463E-02 -4.302E-03 -3.019E-02
 -3.7309000E+04  2.090E-01 -1.724E-02  5.180E-02
 -3.7307000E+04  1.358E-01 -1.658E-02  8.116E-02
 -3.7305000E+04  1.560E-01 -2.582E-02  1.748E-01
 -3.7303000E+04  2.050E-01 -2.209E-02  1.108E-01
 -3.7301000E+04  1.215E-01 -1.275E-02  5.305E-02
 -3.7299000E+04  2.131E-01 -2.894E-02  1.802E-01
 -3.7297000E+04  1.479E-01 -2.250E-02  1.477E-01
 -3.7295000E+04  2.394E-01 -2.407E-02  1.126E-01
 -3.7293000E+04  2.351E-01 -2.368E-02  1.095E-01
 -3.7291000E+04  2.625E-01 -2.971E-02  1.645E-01
 -3.7289000E+04  2.532E-01 -2.589E-02  1.269E-01
 -3.7287000E+04  3.028E-01 -2.583E-02  1.016E-01
 -3.7285000E+04  2.559E-01 -2.815E-02  1.534E-01
 -3.7283000E+04  3.161E-01 -3.395E-02  1.841E-01
 -3.7281000E+04  2.394E-01 -3.085E-02  1.930E-01
 -3.7279000E+04  2.229E-01 -2.446E-02  1.298E-01
 -3.7277000E+04  2.505E-01 -2.997E-02  1.754E-01
 -3.7275000E+04  2.401E-01 -2.312E-02  1.097E-01
 -3.7273000E+04  2.522E-01 -2.805E-02  1.554E-01
 -3.7271000E+04  2.663E-01 -2.476E-02  1.112E-01
 -3.7269000E+04  3.132E-01 -3.307E-02  1.806E-01
 -3.7267000E+04  3.148E-01 -3.431E-02  1.918E-01
 -3.7265000E+04  2.122E-01 -2.273E-02  1.203E-01
 -3.7263000E+04  3.243E-01 -3.290E-02  1.696E-01
 -3.7261000E+04  3.412E-01 -3.441E-02  1.760E-01
 -3.7259000E+04  2.564E-01 -2.969E-02  1.732E-01
 -3.7257000E+04  2.716E-01 -3.074E-02  1.757E-01
 -3.7255000E+04  2.803E-01 -2.461E-02  1.048E-01
 -3.7253000E+04  2.452E-01 -2.480E-02  1.327E-01
 -3.7251000E+04  2.249E-01 -2.450E-02  1.377E-01
 -3.7249000E+04  2.582E-01 -2.746E-02  1.509E-01
 -3.7247000E+04  2.587E-01 -3.141E-02  1.945E-01
 -3.7245000E+04  3.063E-01 -3.098E-02  1.647E-01
 -3.7243000E+04  2.848E-01 -2.636E-02  1.252E-01
 -3.7241000E+04  2.321E-01 -3.070E-02  1.988E-01
 -3.7239000E+04  2.287E-01 -2.888E-02  1.868E-01
 -3.7237000E+04  2.501E-01 -2.919E-02  1.740E-01
 -3.7235000E+04  2.395E-01 -2.596E-02  1.423E-01
 -3.7233000E+04  2.661E-01 -2.761E-02  1.488E-01
 -3.7231000E+04  2.764E-01 -2.619E-02  1.273E-01
 -3.7229000E+04  2.451E-01 -2.802E-02  1.652E-01
 -3.7227000E+04  2.424E-01 -2.445E-02  1.281E-01
 -3.7225000E+04  2.637E-01 -2.672E-02  1.456E-01
 -3.7223000E+04  2.631E-01 -2.866E-02  1.619E-01
 -3.7221000E+04  2.420E-01 -2.777E-02  1.649E-01
 -3.7219000E+04  2.260E-01 -2.303E-02  1.221E-01
 -3.7217000E+04  2.617E-01 -2.531E-02  1.304E-01
 -3.7215000E+04  2.449E-01 -2.378E-02  1.179E-01
 -3.7213000E+04  2.271E-01 -2.342E-02  1.242E-01
 -3.7211000E+04  2.011E-01 -2.711E-02  1.762E-01
 -3.7209000E+04  2.263E-01 -2.693E-02  1.647E-01
 -3.7207000E+04  2.657E-01 -2.705E-02  1.453E-01
 -3.7205000E+04  2.015E-01 -2.729E-02  1.798E-01
