 -1.4746900E+05 -0.000E+00 -0.000E+00  0.000E+00
 -1.4746700E+05 -0.000E+00 -0.000E+00  0.000E+00
 -1.4746500E+05 -0.000E+00 -0.000E+00  0.000E+00
 -1.4746300E+05 -0.000E+00 -0.000E+00  0.000E+00
 -1.4746100E+05 -0.000E+00 -0.000E+00  0.000E+00
 -1.4745900E+05 -0.000E+00 -0.000E+00  0.000E+00
 -1.4745700E+05 -0.000E+00 -0.000E+00  0.000E+00
 -1.4745500E+05 -0.000E+00 -0.000E+00  0.000E+00
 -1.4745300E+05 -0.000E+00 -0.000E+00  0.000E+00
 -1.4745100E+05 -0.000E+00 -0.000E+00  0.000E+00
 -1.4744900E+05 -0.000E+00 -0.000E+00  0.000E+00
 -1.4744700E+05 -0.000E+00 -0.000E+00  0.000E+00
 -1.4744500E+05 -0.000E+00 -0.000E+00  0.000E+00
 -1.4744300E+05 -0.000E+00 -0.000E+00  0.000E+00
 -1.4744100E+05 -0.000E+00 -0.000E+00  0.000E+00
 -1.4743900E+05 -0.000E+00 -0.000E+00  0.000E+00
 -1.4743700E+05 -0.000E+00 -0.000E+00  0.000E+00
 -1.4743500E+05 -0.000E+00 -0.000E+00  0.000E+00
 -1.4743300E+05 -0.000E+00 -0.000E+00  0.000E+00
 -1.4743100E+05 -0.000E+00 -0.000E+00  0.000E+00
 -1.4742900E+05 -0.000E+00 -0.000E+00  0.000E+00
 -1.4742700E+05 -0.000E+00 -0.000E+00  0.000E+00
 -1.4742500E+05 -0.000E+00 -0.000E+00  0.000E+00
 -1.4742300E+05 -0.000E+00 -0.000E+00  0.000E+00
 -1.4742100E+05 -0.000E+00 -0.000E+00  0.000E+00
 -1.4741900E+05 -0.000E+00 -0.000E+00  0.000E+00
 -1.4741700E+05 -0.000E+00 -0.000E+00  0.000E+00
 -1.4741500E+05 -0.000E+00 -0.000E+00  0.000E+00
 -1.4741300E+05 -0.000E+00 -0.000E+00  0.000E+00
 -1.4741100E+05 -0.000E+00 -0.000E+00  0.000E+00
 -1.4740900E+05 -0.000E+00 -0.000E+00  0.000E+00
 -1.4740700E+05 -0.000E+00 -0.000E+00  0.000E+00
 -1.4740500E+05 -0.000E+00 -0.000E+00  0.000E+00
 -1.4740300E+05 -0.000E+00 -0.000E+00  0.000E+00
 -1.4740100E+05 -0.000E+00 -0.000E+00  0.000E+00
 -1.4739900E+05 -0.000E+00 -0.000E+00  0.000E+00
 -1.4739700E+05 -0.000E+00 -0.000E+00  0.000E+00
 -1.4739500E+05 -0.000E+00 -0.000E+00  0.000E+00
 -1.4739300E+05 -0.000E+00 -0.000E+00  0.000E+00
 -1.4739100E+05 -0.000E+00 -0.000E+00  0.000E+00
 -1.4738900E+05 -0.000E+00 -0.000E+00  0.000E+00
 -1.4738700E+05 -0.000E+00 -0.000E+00  0.000E+00
 -1.4738500E+05 -0.000E+00 -0.000E+00  0.000E+00
 -1.4738300E+05 -0.000E+00 -0.000E+00  0.000E+00
 -1.4738100E+05 -0.000E+00 -0.000E+00  0.000E+00
 -1.4737900E+05 -0.000E+00 -0.000E+00  0.000E+00
 -1.4737700E+05 -0.000E+00 -0.000E+00  0.000E+00
 -1.4737500E+05 -0.000E+00 -0.000E+00  0.000E+00
 -1.4737300E+05 -0.000E+00 -0.000E+00  0.000E+00
 -1.4737100E+05 -0.000E+00 -0.000E+00  0.000E+00
 -1.4736900E+05 -0.000E+00 -0.000E+00  0.000E+00
 -1.4736700E+05 -0.000E+00 -0.000E+00  0.000E+00
 -1.4736500E+05 -0.000E+00 -0.000E+00  0.000E+00
 -1.4736300E+05 -0.000E+00 -0.000E+00  0.000E+00
 -1.4736100E+05 -0.000E+00 -0.000E+00  0.000E+00
 -1.4735900E+05 -0.000E+00 -0.000E+00  0.000E+00
 -1.4735700E+05 -0.000E+00 -0.000E+00  0.000E+00
 -1.4735500E+05 -0.000E+00 -0.000E+00  0.000E+00
 -1.4735300E+05 -0.000E+00 -0.000E+00  0.000E+00
 -1.4735100E+05 -0.000E+00 -0.000E+00  0.000E+00
 -1.4734900E+05 -0.000E+00 -0.000E+00  0.000E+00
 -1.4734700E+05 -0.000E+00 -0.000E+00  0.000E+00
 -1.4734500E+05 -0.000E+00 -0.000E+00  0.000E+00
 -1.4734300E+05 -0.000E+00 -0.000E+00  0.000E+00
 -1.4734100E+05 -0.000E+00 -0.000E+00  0.000E+00
 -1.4733900E+05 -0.000E+00 -0.000E+00  0.000E+00
 -1.4733700E+05 -0.000E+00 -0.000E+00  0.000E+00
 -1.4733500E+05 -0.000E+00 -0.000E+00  0.000E+00
 -1.4733300E+05 -0.000E+00 -0.000E+00  0.000E+00
 -1.4733100E+05 -0.000E+00 -0.000E+00  0.000E+00
 -1.4732900E+05 -0.000E+00 -0.000E+00  0.000E+00
 -1.4732700E+05 -0.000E+00 -0.000E+00  0.000E+00
 -1.4732500E+05  2.926E-08 -1.423E-08  1.174E-07
 -1.4732300E+05 -5.628E-06  2.033E-06 -1.572E-05
 -1.4732100E+05  5.959E-05 -1.125E-05  6.719E-05
 -1.4731900E+05 -3.973E-05  2.142E-06  6.201E-06
 -1.4731700E+05 -3.335E-04  3.265E-05 -8.286E-05
 -1.4731500E+05  8.561E-05  1.374E-05 -1.910E-04
 -1.4731300E+05 -1.852E-04  5.294E-05 -3.794E-04
 -1.4731100E+05  2.969E-04  2.390E-05 -4.303E-04
 -1.4730900E+05 -6.157E-04  2.214E-05  2.171E-04
 -1.4730700E+05 -1.407E-03 -4.001E-07  9.666E-04
 -1.4730500E+05 -5.191E-03  4.764E-04 -1.083E-03
 -1.4730300E+05 -3.276E-03  4.093E-04 -1.701E-03
 -1.4730100E+05 -8.893E-03  1.022E-03 -3.771E-03
 -1.4729900E+05 -3.359E-03  4.440E-04 -1.953E-03
 -1.4729700E+05 -8.680E-03  1.608E-03 -9.401E-03
 -1.4729500E+05 -1.428E-02  2.432E-03 -1.344E-02
 -1.4729300E+05 -2.490E-02  3.087E-03 -1.266E-02
 -1.4729100E+05 -1.358E-02  2.370E-03 -1.331E-02
 -1.4728900E+05 -2.601E-02  2.690E-03 -8.248E-03
 -1.4728700E+05 -4.149E-02  6.075E-03 -2.977E-02
 -1.4728500E+05 -5.238E-02  6.529E-03 -2.706E-02
 -1.4728300E+05 -5.713E-02  7.656E-03 -3.446E-02
 -1.4728100E+05 -7.099E-02  9.865E-03 -4.614E-02
 -1.4727900E+05 -9.206E-02  1.182E-02 -5.086E-02
 -1.4727700E+05 -8.743E-02  1.097E-02 -4.593E-02
 -1.4727500E+05 -1.137E-01  1.490E-02 -6.571E-02
 -1.4727300E+05 -1.259E-01  1.880E-02 -9.359E-02
 -1.4727100E+05 -1.597E-01  1.972E-02 -8.109E-02
 -1.4726900E+05 -1.967E-01  2.520E-02 -1.083E-01
 -1.4726700E+05 -1.686E-01  2.979E-02 -1.672E-01
 -1.4726500E+05 -2.022E-01  3.176E-02 -1.644E-01
 -1.4726300E+05 -3.355E-01  3.718E-02 -1.325E-01
 -1.4726100E+05 -3.250E-01  4.389E-02 -1.996E-01
 -1.4725900E+05 -3.173E-01  4.595E-02 -2.229E-01
 -1.4725700E+05 -3.929E-01  5.597E-02 -2.672E-01
 -1.4725500E+05 -4.735E-01  5.602E-02 -2.200E-01
 -1.4725300E+05 -5.266E-01  6.984E-02 -3.122E-01
 -1.4725100E+05 -5.201E-01  6.681E-02 -2.884E-01
 -1.4724900E+05 -5.616E-01  7.883E-02 -3.717E-01
 -1.4724700E+05 -7.049E-01  8.855E-02 -3.740E-01
 -1.4724500E+05 -6.519E-01  8.638E-02 -3.860E-01
 -1.4724300E+05 -6.696E-01  9.088E-02 -4.153E-01
 -1.4724100E+05 -8.088E-01  1.014E-01 -4.281E-01
 -1.4723900E+05 -7.944E-01  1.099E-01 -5.114E-01
 -1.4723700E+05 -8.630E-01  1.156E-01 -5.229E-01
 -1.4723500E+05 -8.606E-01  1.217E-01 -5.774E-01
 -1.4723300E+05 -9.367E-01  1.214E-01 -5.324E-01
 -1.4723100E+05 -1.097E+00  1.378E-01 -5.832E-01
 -1.4722900E+05 -1.052E+00  1.455E-01 -6.775E-01
 -1.4722700E+05 -1.171E+00  1.511E-01 -6.587E-01
 -1.4722500E+05 -1.139E+00  1.544E-01 -7.051E-01
 -1.4722300E+05 -1.156E+00  1.558E-01 -7.103E-01
 -1.4722100E+05 -1.337E+00  1.567E-01 -6.181E-01
 -1.4721900E+05 -1.289E+00  1.771E-01 -8.205E-01
 -1.4721700E+05 -1.347E+00  1.705E-01 -7.302E-01
 -1.4721500E+05 -1.354E+00  1.776E-01 -7.897E-01
 -1.4721300E+05 -1.333E+00  1.770E-01 -7.952E-01
 -1.4721100E+05 -1.414E+00  1.749E-01 -7.345E-01
 -1.4720900E+05 -1.512E+00  1.932E-01 -8.374E-01
 -1.4720700E+05 -1.379E+00  1.822E-01 -8.163E-01
 -1.4720500E+05 -1.402E+00  1.860E-01 -8.362E-01
 -1.4720300E+05 -1.414E+00  1.854E-01 -8.261E-01
 -1.4720100E+05 -1.437E+00  1.974E-01 -9.168E-01
 -1.4719900E+05 -1.500E+00  1.839E-01 -7.679E-01
 -1.4719700E+05 -1.408E+00  1.820E-01 -8.004E-01
 -1.4719500E+05 -1.373E+00  1.812E-01 -8.133E-01
 -1.4719300E+05 -1.355E+00  1.814E-01 -8.238E-01
 -1.4719100E+05 -1.519E+00  1.887E-01 -8.019E-01
 -1.4718900E+05 -1.347E+00  1.704E-01 -7.381E-01
 -1.4718700E+05 -1.314E+00  1.724E-01 -7.699E-01
 -1.4718500E+05 -1.311E+00  1.632E-01 -6.951E-01
 -1.4718300E+05 -1.208E+00  1.464E-01 -6.090E-01
 -1.4718100E+05 -1.184E+00  1.497E-01 -6.481E-01
 -1.4717900E+05 -1.228E+00  1.461E-01 -5.962E-01
 -1.4717700E+05 -1.047E+00  1.545E-01 -7.598E-01
 -1.4717500E+05 -1.045E+00  1.337E-01 -5.849E-01
 -1.4717300E+05 -1.209E+00  1.467E-01 -6.128E-01
 -1.4717100E+05 -9.233E-01  1.303E-01 -6.197E-01
 -1.4716900E+05 -1.010E+00  1.261E-01 -5.441E-01
 -1.4716700E+05 -8.853E-01  1.188E-01 -5.458E-01
 -1.4716500E+05 -9.136E-01  1.277E-01 -6.095E-01
 -1.4716300E+05 -8.741E-01  9.927E-02 -3.908E-01
 -1.4716100E+05 -7.374E-01  9.732E-02 -4.391E-01
 -1.4715900E+05 -7.359E-01  1.084E-01 -5.351E-01
 -1.4715700E+05 -6.947E-01  8.946E-02 -4.014E-01
 -1.4715500E+05 -6.055E-01  7.621E-02 -3.322E-01
 -1.4715300E+05 -7.049E-01  9.393E-02 -4.296E-01
 -1.4715100E+05 -5.949E-01  6.565E-02 -2.551E-01
 -1.4714900E+05 -4.776E-01  6.288E-02 -2.894E-01
 -1.4714700E+05 -4.758E-01  7.245E-02 -3.615E-01
 -1.4714500E+05 -4.551E-01  6.546E-02 -3.240E-01
 -1.4714300E+05 -4.592E-01  5.997E-02 -2.746E-01
 -1.4714100E+05 -3.995E-01  5.724E-02 -2.779E-01
 -1.4713900E+05 -2.975E-01  5.350E-02 -2.979E-01
 -1.4713700E+05 -3.765E-01  2.527E-02 -3.141E-02
 -1.4713500E+05 -2.547E-01  3.156E-02 -1.461E-01
 -1.4713300E+05 -2.318E-01  2.941E-02 -1.312E-01
 -1.4713100E+05 -1.961E-01  2.648E-02 -1.245E-01
 -1.4712900E+05 -2.260E-01  3.666E-02 -1.952E-01
 -1.4712700E+05 -1.664E-01  1.259E-02 -3.208E-02
 -1.4712500E+05 -1.115E-01  1.631E-02 -8.555E-02
 -1.4712300E+05 -1.306E-02  1.718E-02 -1.370E-01
 -1.4712100E+05 -7.078E-02  2.170E-02 -1.473E-01
 -1.4711900E+05 -8.202E-02 -6.684E-03  8.212E-02
 -1.4711700E+05 -1.084E-01  1.384E-02 -6.918E-02
 -1.4711500E+05  6.561E-02  9.068E-03 -1.057E-01
 -1.4711300E+05  6.554E-03  1.950E-03 -2.401E-02
 -1.4711100E+05 -3.826E-02 -3.706E-03  4.279E-02
 -1.4710900E+05  4.851E-02 -1.662E-03 -1.088E-02
 -1.4710700E+05  1.089E-01 -1.425E-02  5.735E-02
 -1.4710500E+05  3.187E-03 -6.063E-03  3.939E-02
 -1.4710300E+05  2.907E-02 -5.487E-03  2.525E-02
 -1.4710100E+05  8.239E-02 -2.163E-02  1.270E-01
 -1.4709900E+05  5.072E-02 -1.296E-03 -1.950E-02
 -1.4709700E+05  1.158E-01 -1.550E-02  5.701E-02
 -1.4709500E+05  1.171E-01 -1.155E-02  3.869E-02
 -1.4709300E+05  2.490E-01 -2.399E-02  7.091E-02
 -1.4709100E+05  9.550E-02 -1.785E-02  9.620E-02
