 -1.7092900E+05 -0.000E+00 -0.000E+00  0.000E+00
 -1.7092700E+05 -0.000E+00 -0.000E+00  0.000E+00
 -1.7092500E+05 -0.000E+00 -0.000E+00  0.000E+00
 -1.7092300E+05 -0.000E+00 -0.000E+00  0.000E+00
 -1.7092100E+05 -0.000E+00 -0.000E+00  0.000E+00
 -1.7091900E+05 -0.000E+00 -0.000E+00  0.000E+00
 -1.7091700E+05 -0.000E+00 -0.000E+00  0.000E+00
 -1.7091500E+05 -0.000E+00 -0.000E+00  0.000E+00
 -1.7091300E+05 -0.000E+00 -0.000E+00  0.000E+00
 -1.7091100E+05 -0.000E+00 -0.000E+00  0.000E+00
 -1.7090900E+05 -0.000E+00 -0.000E+00  0.000E+00
 -1.7090700E+05 -0.000E+00 -0.000E+00  0.000E+00
 -1.7090500E+05 -0.000E+00 -0.000E+00  0.000E+00
 -1.7090300E+05 -0.000E+00 -0.000E+00  0.000E+00
 -1.7090100E+05 -0.000E+00 -0.000E+00  0.000E+00
 -1.7089900E+05 -0.000E+00 -0.000E+00  0.000E+00
 -1.7089700E+05 -0.000E+00 -0.000E+00  0.000E+00
 -1.7089500E+05 -0.000E+00 -0.000E+00  0.000E+00
 -1.7089300E+05 -0.000E+00 -0.000E+00  0.000E+00
 -1.7089100E+05 -0.000E+00 -0.000E+00  0.000E+00
 -1.7088900E+05 -0.000E+00 -0.000E+00  0.000E+00
 -1.7088700E+05 -0.000E+00 -0.000E+00  0.000E+00
 -1.7088500E+05 -0.000E+00 -0.000E+00  0.000E+00
 -1.7088300E+05 -0.000E+00 -0.000E+00  0.000E+00
 -1.7088100E+05 -0.000E+00 -0.000E+00  0.000E+00
 -1.7087900E+05 -0.000E+00 -0.000E+00  0.000E+00
 -1.7087700E+05 -0.000E+00 -0.000E+00  0.000E+00
 -1.7087500E+05 -0.000E+00 -0.000E+00  0.000E+00
 -1.7087300E+05 -0.000E+00 -0.000E+00  0.000E+00
 -1.7087100E+05 -0.000E+00 -0.000E+00  0.000E+00
 -1.7086900E+05 -0.000E+00 -0.000E+00  0.000E+00
 -1.7086700E+05 -0.000E+00 -0.000E+00  0.000E+00
 -1.7086500E+05 -0.000E+00 -0.000E+00  0.000E+00
 -1.7086300E+05 -0.000E+00 -0.000E+00  0.000E+00
 -1.7086100E+05 -0.000E+00 -0.000E+00  0.000E+00
 -1.7085900E+05 -0.000E+00 -0.000E+00  0.000E+00
 -1.7085700E+05 -0.000E+00 -0.000E+00  0.000E+00
 -1.7085500E+05 -0.000E+00 -0.000E+00  0.000E+00
 -1.7085300E+05 -0.000E+00 -0.000E+00  0.000E+00
 -1.7085100E+05 -0.000E+00 -0.000E+00  0.000E+00
 -1.7084900E+05 -0.000E+00 -0.000E+00  0.000E+00
 -1.7084700E+05 -0.000E+00 -0.000E+00  0.000E+00
 -1.7084500E+05 -0.000E+00 -0.000E+00  0.000E+00
 -1.7084300E+05 -0.000E+00 -0.000E+00  0.000E+00
 -1.7084100E+05 -0.000E+00 -0.000E+00  0.000E+00
 -1.7083900E+05 -0.000E+00 -0.000E+00  0.000E+00
 -1.7083700E+05 -0.000E+00 -0.000E+00  0.000E+00
 -1.7083500E+05 -0.000E+00 -0.000E+00  0.000E+00
 -1.7083300E+05 -0.000E+00 -0.000E+00  0.000E+00
 -1.7083100E+05 -0.000E+00 -0.000E+00  0.000E+00
 -1.7082900E+05 -0.000E+00 -0.000E+00  0.000E+00
 -1.7082700E+05 -0.000E+00 -0.000E+00  0.000E+00
 -1.7082500E+05 -0.000E+00 -0.000E+00  0.000E+00
 -1.7082300E+05 -0.000E+00 -0.000E+00  0.000E+00
 -1.7082100E+05 -0.000E+00 -0.000E+00  0.000E+00
 -1.7081900E+05 -0.000E+00 -0.000E+00  0.000E+00
 -1.7081700E+05 -0.000E+00 -0.000E+00  0.000E+00
 -1.7081500E+05 -0.000E+00 -0.000E+00  0.000E+00
 -1.7081300E+05 -0.000E+00 -0.000E+00  0.000E+00
 -1.7081100E+05 -0.000E+00 -0.000E+00  0.000E+00
 -1.7080900E+05 -0.000E+00 -0.000E+00  0.000E+00
 -1.7080700E+05 -0.000E+00 -0.000E+00  0.000E+00
 -1.7080500E+05 -0.000E+00 -0.000E+00  0.000E+00
 -1.7080300E+05 -0.000E+00 -0.000E+00  0.000E+00
 -1.7080100E+05 -0.000E+00 -0.000E+00  0.000E+00
 -1.7079900E+05 -0.000E+00 -0.000E+00  0.000E+00
 -1.7079700E+05 -0.000E+00 -0.000E+00  0.000E+00
 -1.7079500E+05 -0.000E+00 -0.000E+00  0.000E+00
 -1.7079300E+05 -0.000E+00 -0.000E+00  0.000E+00
 -1.7079100E+05 -0.000E+00 -0.000E+00  0.000E+00
 -1.7078900E+05 -0.000E+00 -0.000E+00  0.000E+00
 -1.7078700E+05 -0.000E+00 -0.000E+00  0.000E+00
 -1.7078500E+05 -0.000E+00 -0.000E+00  0.000E+00
 -1.7078300E+05 -0.000E+00 -0.000E+00  0.000E+00
 -1.7078100E+05  1.118E-08 -4.484E-09  3.252E-08
 -1.7077900E+05 -3.438E-07  2.139E-07 -1.703E-06
 -1.7077700E+05 -1.587E-05  3.282E-06 -1.732E-05
 -1.7077500E+05 -1.459E-05  4.487E-06 -2.944E-05
 -1.7077300E+05  3.204E-05 -4.734E-06  1.743E-05
 -1.7077100E+05 -2.443E-05 -3.119E-06  4.879E-05
 -1.7076900E+05  4.088E-05  1.299E-06 -4.539E-05
 -1.7076700E+05 -3.528E-05  2.963E-05 -2.417E-04
 -1.7076500E+05 -3.356E-04  7.978E-05 -4.553E-04
 -1.7076300E+05 -4.204E-04  8.422E-05 -4.230E-04
 -1.7076100E+05 -2.270E-03  4.283E-04 -2.047E-03
 -1.7075900E+05 -3.201E-03 -2.547E-05  2.862E-03
 -1.7075700E+05 -4.476E-03  3.537E-04  4.000E-04
 -1.7075500E+05 -3.390E-03  6.722E-04 -3.306E-03
 -1.7075300E+05 -5.002E-03  3.325E-04  1.037E-03
 -1.7075100E+05 -6.071E-03  1.078E-03 -4.870E-03
 -1.7074900E+05 -1.352E-02  1.922E-03 -6.306E-03
 -1.7074700E+05 -2.122E-02  3.273E-03 -1.217E-02
 -1.7074500E+05 -2.604E-02  3.822E-03 -1.318E-02
 -1.7074300E+05 -2.983E-02  4.155E-03 -1.311E-02
 -1.7074100E+05 -1.731E-02  2.366E-03 -7.089E-03
 -1.7073900E+05 -4.365E-02  5.647E-03 -1.514E-02
 -1.7073700E+05 -5.244E-02  9.001E-03 -3.759E-02
 -1.7073500E+05 -5.842E-02  7.784E-03 -2.212E-02
 -1.7073300E+05 -5.841E-02  9.217E-03 -3.462E-02
 -1.7073100E+05 -8.881E-02  1.483E-02 -5.947E-02
 -1.7072900E+05 -8.471E-02  1.347E-02 -5.080E-02
 -1.7072700E+05 -1.200E-01  1.323E-02 -2.069E-02
 -1.7072500E+05 -1.514E-01  2.194E-02 -7.132E-02
 -1.7072300E+05 -1.555E-01  2.646E-02 -1.074E-01
 -1.7072100E+05 -1.420E-01  2.372E-02 -9.413E-02
 -1.7071900E+05 -1.776E-01  2.650E-02 -8.922E-02
 -1.7071700E+05 -2.427E-01  3.594E-02 -1.193E-01
 -1.7071500E+05 -2.659E-01  4.855E-02 -2.096E-01
 -1.7071300E+05 -2.813E-01  3.919E-02 -1.162E-01
 -1.7071100E+05 -3.055E-01  4.446E-02 -1.423E-01
 -1.7070900E+05 -3.700E-01  5.631E-02 -1.929E-01
 -1.7070700E+05 -4.066E-01  6.317E-02 -2.218E-01
 -1.7070500E+05 -4.680E-01  7.228E-02 -2.505E-01
 -1.7070300E+05 -4.048E-01  6.563E-02 -2.414E-01
 -1.7070100E+05 -4.553E-01  6.864E-02 -2.278E-01
 -1.7069900E+05 -5.776E-01  9.367E-02 -3.430E-01
 -1.7069700E+05 -5.539E-01  9.234E-02 -3.497E-01
 -1.7069500E+05 -6.585E-01  1.036E-01 -3.620E-01
 -1.7069300E+05 -5.866E-01  8.998E-02 -3.013E-01
 -1.7069100E+05 -6.659E-01  1.085E-01 -3.947E-01
 -1.7068900E+05 -7.734E-01  1.163E-01 -3.767E-01
 -1.7068700E+05 -7.321E-01  1.254E-01 -4.814E-01
 -1.7068500E+05 -7.592E-01  1.182E-01 -4.012E-01
 -1.7068300E+05 -8.167E-01  1.289E-01 -4.446E-01
 -1.7068100E+05 -9.310E-01  1.472E-01 -5.074E-01
 -1.7067900E+05 -9.694E-01  1.584E-01 -5.672E-01
 -1.7067700E+05 -1.003E+00  1.643E-01 -5.882E-01
 -1.7067500E+05 -1.020E+00  1.618E-01 -5.526E-01
 -1.7067300E+05 -1.060E+00  1.755E-01 -6.322E-01
 -1.7067100E+05 -9.898E-01  1.686E-01 -6.286E-01
 -1.7066900E+05 -1.100E+00  1.784E-01 -6.232E-01
 -1.7066700E+05 -1.173E+00  1.955E-01 -7.048E-01
 -1.7066500E+05 -1.184E+00  1.841E-01 -6.008E-01
 -1.7066300E+05 -1.280E+00  2.053E-01 -6.992E-01
 -1.7066100E+05 -1.133E+00  1.845E-01 -6.382E-01
 -1.7065900E+05 -1.225E+00  1.944E-01 -6.466E-01
 -1.7065700E+05 -1.255E+00  2.116E-01 -7.595E-01
 -1.7065500E+05 -1.311E+00  2.190E-01 -7.761E-01
 -1.7065300E+05 -1.219E+00  2.127E-01 -7.915E-01
 -1.7065100E+05 -1.296E+00  2.065E-01 -6.815E-01
 -1.7064900E+05 -1.227E+00  2.156E-01 -8.030E-01
 -1.7064700E+05 -1.352E+00  2.210E-01 -7.525E-01
 -1.7064500E+05 -1.332E+00  2.220E-01 -7.735E-01
 -1.7064300E+05 -1.314E+00  2.154E-01 -7.296E-01
 -1.7064100E+05 -1.239E+00  1.985E-01 -6.479E-01
 -1.7063900E+05 -1.164E+00  2.037E-01 -7.427E-01
 -1.7063700E+05 -1.236E+00  2.151E-01 -7.777E-01
 -1.7063500E+05 -1.158E+00  2.099E-01 -7.900E-01
 -1.7063300E+05 -1.197E+00  2.122E-01 -7.741E-01
 -1.7063100E+05 -1.292E+00  2.134E-01 -7.154E-01
 -1.7062900E+05 -1.211E+00  1.911E-01 -5.997E-01
 -1.7062700E+05 -1.195E+00  1.952E-01 -6.421E-01
 -1.7062500E+05 -1.082E+00  1.809E-01 -6.097E-01
 -1.7062300E+05 -1.133E+00  1.989E-01 -7.064E-01
 -1.7062100E+05 -9.628E-01  1.769E-01 -6.575E-01
 -1.7061900E+05 -1.034E+00  1.622E-01 -4.964E-01
 -1.7061700E+05 -9.601E-01  1.686E-01 -5.929E-01
 -1.7061500E+05 -9.046E-01  1.759E-01 -6.912E-01
 -1.7061300E+05 -7.982E-01  1.299E-01 -4.069E-01
 -1.7061100E+05 -9.203E-01  1.543E-01 -5.074E-01
 -1.7060900E+05 -8.908E-01  1.612E-01 -5.828E-01
 -1.7060700E+05 -8.773E-01  1.450E-01 -4.607E-01
 -1.7060500E+05 -7.552E-01  1.394E-01 -5.054E-01
 -1.7060300E+05 -7.599E-01  1.438E-01 -5.376E-01
 -1.7060100E+05 -6.282E-01  1.021E-01 -3.045E-01
 -1.7059900E+05 -6.730E-01  1.214E-01 -4.252E-01
 -1.7059700E+05 -6.309E-01  1.029E-01 -3.081E-01
 -1.7059500E+05 -6.381E-01  1.293E-01 -5.057E-01
 -1.7059300E+05 -6.043E-01  1.030E-01 -3.300E-01
 -1.7059100E+05 -4.584E-01  8.955E-02 -3.290E-01
 -1.7058900E+05 -4.177E-01  8.861E-02 -3.538E-01
 -1.7058700E+05 -5.252E-01  8.211E-02 -2.241E-01
 -1.7058500E+05 -3.690E-01  7.156E-02 -2.585E-01
 -1.7058300E+05 -4.569E-01  9.660E-02 -3.808E-01
 -1.7058100E+05 -4.473E-01  1.073E-01 -4.710E-01
 -1.7057900E+05 -3.239E-01  7.309E-02 -3.011E-01
 -1.7057700E+05 -3.457E-01  5.737E-02 -1.613E-01
 -1.7057500E+05 -2.568E-01  4.990E-02 -1.720E-01
 -1.7057300E+05 -1.935E-01  3.804E-02 -1.242E-01
 -1.7057100E+05 -1.478E-01  3.574E-02 -1.392E-01
 -1.7056900E+05 -2.425E-01  4.825E-02 -1.670E-01
 -1.7056700E+05 -1.534E-01  3.300E-02 -1.117E-01
 -1.7056500E+05 -1.221E-01  2.764E-02 -9.927E-02
 -1.7056300E+05 -2.106E-01  4.861E-02 -1.925E-01
 -1.7056100E+05 -1.431E-01  2.716E-02 -7.874E-02
 -1.7055900E+05 -2.426E-01  3.444E-02 -6.236E-02
 -1.7055700E+05 -1.381E-01  2.963E-02 -1.021E-01
 -1.7055500E+05  6.805E-03  1.563E-02 -9.651E-02
 -1.7055300E+05 -1.418E-02  4.890E-03 -3.561E-03
 -1.7055100E+05  5.621E-03  1.092E-02 -6.527E-02
