 -1.0147300E+05 -0.000E+00 -0.000E+00  0.000E+00
 -1.0147100E+05 -0.000E+00 -0.000E+00  0.000E+00
 -1.0146900E+05 -0.000E+00 -0.000E+00  0.000E+00
 -1.0146700E+05 -0.000E+00 -0.000E+00  0.000E+00
 -1.0146500E+05 -0.000E+00 -0.000E+00  0.000E+00
 -1.0146300E+05 -0.000E+00 -0.000E+00  0.000E+00
 -1.0146100E+05 -0.000E+00 -0.000E+00  0.000E+00
 -1.0145900E+05 -0.000E+00 -0.000E+00  0.000E+00
 -1.0145700E+05 -0.000E+00 -0.000E+00  0.000E+00
 -1.0145500E+05 -0.000E+00 -0.000E+00  0.000E+00
 -1.0145300E+05 -0.000E+00 -0.000E+00  0.000E+00
 -1.0145100E+05 -0.000E+00 -0.000E+00  0.000E+00
 -1.0144900E+05 -0.000E+00 -0.000E+00  0.000E+00
 -1.0144700E+05 -0.000E+00 -0.000E+00  0.000E+00
 -1.0144500E+05 -0.000E+00 -0.000E+00  0.000E+00
 -1.0144300E+05 -0.000E+00 -0.000E+00  0.000E+00
 -1.0144100E+05 -0.000E+00 -0.000E+00  0.000E+00
 -1.0143900E+05 -0.000E+00 -0.000E+00  0.000E+00
 -1.0143700E+05 -0.000E+00 -0.000E+00  0.000E+00
 -1.0143500E+05 -0.000E+00 -0.000E+00  0.000E+00
 -1.0143300E+05 -0.000E+00 -0.000E+00  0.000E+00
 -1.0143100E+05 -0.000E+00 -0.000E+00  0.000E+00
 -1.0142900E+05 -0.000E+00 -0.000E+00  0.000E+00
 -1.0142700E+05 -0.000E+00 -0.000E+00  0.000E+00
 -1.0142500E+05 -0.000E+00 -0.000E+00  0.000E+00
 -1.0142300E+05 -0.000E+00 -0.000E+00  0.000E+00
 -1.0142100E+05 -0.000E+00 -0.000E+00  0.000E+00
 -1.0141900E+05 -0.000E+00 -0.000E+00  0.000E+00
 -1.0141700E+05 -0.000E+00 -0.000E+00  0.000E+00
 -1.0141500E+05 -0.000E+00 -0.000E+00  0.000E+00
 -1.0141300E+05 -0.000E+00 -0.000E+00  0.000E+00
 -1.0141100E+05 -0.000E+00 -0.000E+00  0.000E+00
 -1.0140900E+05 -0.000E+00 -0.000E+00  0.000E+00
 -1.0140700E+05 -0.000E+00 -0.000E+00  0.000E+00
 -1.0140500E+05 -0.000E+00 -0.000E+00  0.000E+00
 -1.0140300E+05 -0.000E+00 -0.000E+00  0.000E+00
 -1.0140100E+05 -0.000E+00 -0.000E+00  0.000E+00
 -1.0139900E+05 -0.000E+00 -0.000E+00  0.000E+00
 -1.0139700E+05 -0.000E+00 -0.000E+00  0.000E+00
 -1.0139500E+05 -0.000E+00 -0.000E+00  0.000E+00
 -1.0139300E+05 -0.000E+00 -0.000E+00  0.000E+00
 -1.0139100E+05 -0.000E+00 -0.000E+00  0.000E+00
 -1.0138900E+05 -0.000E+00 -0.000E+00  0.000E+00
 -1.0138700E+05 -0.000E+00 -0.000E+00  0.000E+00
 -1.0138500E+05 -0.000E+00 -0.000E+00  0.000E+00
 -1.0138300E+05 -0.000E+00 -0.000E+00  0.000E+00
 -1.0138100E+05 -0.000E+00 -0.000E+00  0.000E+00
 -1.0137900E+05 -0.000E+00 -0.000E+00  0.000E+00
 -1.0137700E+05 -0.000E+00 -0.000E+00  0.000E+00
 -1.0137500E+05 -0.000E+00 -0.000E+00  0.000E+00
 -1.0137300E+05 -0.000E+00 -0.000E+00  0.000E+00
 -1.0137100E+05 -0.000E+00 -0.000E+00  0.000E+00
 -1.0136900E+05 -0.000E+00 -0.000E+00  0.000E+00
 -1.0136700E+05 -0.000E+00 -0.000E+00  0.000E+00
 -1.0136500E+05 -0.000E+00 -0.000E+00  0.000E+00
 -1.0136300E+05 -0.000E+00 -0.000E+00  0.000E+00
 -1.0136100E+05 -0.000E+00 -0.000E+00  0.000E+00
 -1.0135900E+05 -0.000E+00 -0.000E+00  0.000E+00
 -1.0135700E+05 -0.000E+00 -0.000E+00  0.000E+00
 -1.0135500E+05 -0.000E+00 -0.000E+00  0.000E+00
 -1.0135300E+05 -0.000E+00 -0.000E+00  0.000E+00
 -1.0135100E+05 -0.000E+00 -0.000E+00  0.000E+00
 -1.0134900E+05 -0.000E+00 -0.000E+00  0.000E+00
 -1.0134700E+05 -0.000E+00 -0.000E+00  0.000E+00
 -1.0134500E+05 -0.000E+00 -0.000E+00  0.000E+00
 -1.0134300E+05 -0.000E+00 -0.000E+00  0.000E+00
 -1.0134100E+05 -0.000E+00 -0.000E+00  0.000E+00
 -1.0133900E+05 -0.000E+00 -0.000E+00  0.000E+00
 -1.0133700E+05 -0.000E+00 -0.000E+00  0.000E+00
 -1.0133500E+05 -0.000E+00 -0.000E+00  0.000E+00
 -1.0133300E+05 -0.000E+00 -0.000E+00  0.000E+00
 -1.0133100E+05 -0.000E+00 -0.000E+00  0.000E+00
 -1.0132900E+05 -0.000E+00 -0.000E+00  0.000E+00
 -1.0132700E+05 -0.000E+00 -0.000E+00  0.000E+00
 -1.0132500E+05 -0.000E+00 -0.000E+00  0.000E+00
 -1.0132300E+05 -0.000E+00 -0.000E+00  0.000E+00
 -1.0132100E+05 -0.000E+00 -0.000E+00  0.000E+00
 -1.0131900E+05 -0.000E+00 -0.000E+00  0.000E+00
 -1.0131700E+05 -0.000E+00 -0.000E+00  0.000E+00
 -1.0131500E+05 -0.000E+00 -0.000E+00  0.000E+00
 -1.0131300E+05  1.560E-08 -4.999E-09  3.505E-08
 -1.0131100E+05 -2.725E-06  4.535E-07 -1.773E-06
 -1.0130900E+05 -2.017E-05  2.930E-06 -8.684E-06
 -1.0130700E+05 -3.857E-05  6.185E-06 -2.244E-05
 -1.0130500E+05 -5.470E-04  8.689E-05 -3.101E-04
 -1.0130300E+05  7.943E-05 -2.900E-05  2.130E-04
 -1.0130100E+05 -9.088E-04  1.351E-04 -4.128E-04
 -1.0129900E+05 -8.102E-05  4.448E-05 -3.675E-04
 -1.0129700E+05 -8.767E-04  1.515E-04 -6.092E-04
 -1.0129500E+05 -9.278E-04  2.171E-04 -1.221E-03
 -1.0129300E+05  2.438E-04 -3.093E-05  4.186E-05
 -1.0129100E+05 -2.959E-03  3.502E-04 -3.690E-04
 -1.0128900E+05 -7.182E-03  1.568E-03 -8.183E-03
 -1.0128700E+05 -1.012E-02  1.869E-03 -7.996E-03
 -1.0128500E+05 -1.340E-02  1.962E-03 -5.411E-03
 -1.0128300E+05 -1.970E-02  3.416E-03 -1.332E-02
 -1.0128100E+05 -2.374E-02  4.094E-03 -1.570E-02
 -1.0127900E+05 -3.272E-02  5.079E-03 -1.579E-02
 -1.0127700E+05 -3.605E-02  5.827E-03 -1.965E-02
 -1.0127500E+05 -4.324E-02  8.003E-03 -3.359E-02
 -1.0127300E+05 -5.187E-02  1.028E-02 -4.708E-02
 -1.0127100E+05 -7.869E-02  1.376E-02 -5.259E-02
 -1.0126900E+05 -9.143E-02  1.406E-02 -4.159E-02
 -1.0126700E+05 -1.395E-01  2.430E-02 -9.128E-02
 -1.0126500E+05 -1.160E-01  2.035E-02 -7.684E-02
 -1.0126300E+05 -1.394E-01  2.664E-02 -1.136E-01
 -1.0126100E+05 -1.732E-01  2.927E-02 -1.030E-01
 -1.0125900E+05 -1.404E-01  2.518E-02 -9.705E-02
 -1.0125700E+05 -1.873E-01  3.264E-02 -1.204E-01
 -1.0125500E+05 -2.682E-01  4.561E-02 -1.598E-01
 -1.0125300E+05 -3.305E-01  5.798E-02 -2.134E-01
 -1.0125100E+05 -3.949E-01  7.014E-02 -2.623E-01
 -1.0124900E+05 -3.542E-01  6.243E-02 -2.286E-01
 -1.0124700E+05 -4.292E-01  7.728E-02 -2.919E-01
 -1.0124500E+05 -5.246E-01  8.918E-02 -3.029E-01
 -1.0124300E+05 -4.797E-01  8.097E-02 -2.703E-01
 -1.0124100E+05 -4.964E-01  9.049E-02 -3.431E-01
 -1.0123900E+05 -6.644E-01  1.205E-01 -4.509E-01
 -1.0123700E+05 -6.165E-01  1.095E-01 -3.945E-01
 -1.0123500E+05 -6.569E-01  1.141E-01 -3.921E-01
 -1.0123300E+05 -7.860E-01  1.365E-01 -4.657E-01
 -1.0123100E+05 -7.426E-01  1.350E-01 -4.975E-01
 -1.0122900E+05 -8.402E-01  1.499E-01 -5.339E-01
 -1.0122700E+05 -8.587E-01  1.504E-01 -5.143E-01
 -1.0122500E+05 -9.021E-01  1.612E-01 -5.673E-01
 -1.0122300E+05 -1.148E+00  2.095E-01 -7.643E-01
 -1.0122100E+05 -1.039E+00  1.867E-01 -6.589E-01
 -1.0121900E+05 -1.164E+00  2.105E-01 -7.488E-01
 -1.0121700E+05 -1.201E+00  2.067E-01 -6.647E-01
 -1.0121500E+05 -1.135E+00  2.136E-01 -8.024E-01
 -1.0121300E+05 -1.147E+00  2.150E-01 -7.951E-01
 -1.0121100E+05 -1.136E+00  2.012E-01 -6.713E-01
 -1.0120900E+05 -1.279E+00  2.383E-01 -8.687E-01
 -1.0120700E+05 -1.310E+00  2.338E-01 -7.854E-01
 -1.0120500E+05 -1.293E+00  2.391E-01 -8.508E-01
 -1.0120300E+05 -1.442E+00  2.602E-01 -8.797E-01
 -1.0120100E+05 -1.315E+00  2.497E-01 -9.193E-01
 -1.0119900E+05 -1.283E+00  2.327E-01 -7.905E-01
 -1.0119700E+05 -1.265E+00  2.315E-01 -7.936E-01
 -1.0119500E+05 -1.378E+00  2.483E-01 -8.219E-01
 -1.0119300E+05 -1.325E+00  2.450E-01 -8.474E-01
 -1.0119100E+05 -1.370E+00  2.524E-01 -8.607E-01
 -1.0118900E+05 -1.204E+00  2.237E-01 -7.666E-01
 -1.0118700E+05 -1.185E+00  2.144E-01 -6.946E-01
 -1.0118500E+05 -1.120E+00  2.274E-01 -8.894E-01
 -1.0118300E+05 -1.266E+00  2.315E-01 -7.614E-01
 -1.0118100E+05 -1.056E+00  2.189E-01 -8.708E-01
 -1.0117900E+05 -1.085E+00  1.890E-01 -5.541E-01
 -1.0117700E+05 -1.046E+00  1.848E-01 -5.538E-01
 -1.0117500E+05 -1.111E+00  2.027E-01 -6.462E-01
 -1.0117300E+05 -1.043E+00  1.928E-01 -6.289E-01
 -1.0117100E+05 -9.631E-01  1.917E-01 -7.060E-01
 -1.0116900E+05 -9.359E-01  1.757E-01 -5.784E-01
 -1.0116700E+05 -7.607E-01  1.507E-01 -5.361E-01
 -1.0116500E+05 -7.992E-01  1.520E-01 -5.065E-01
 -1.0116300E+05 -8.788E-01  1.621E-01 -5.100E-01
 -1.0116100E+05 -7.053E-01  1.272E-01 -3.746E-01
 -1.0115900E+05 -6.401E-01  1.091E-01 -2.750E-01
 -1.0115700E+05 -6.599E-01  1.334E-01 -4.776E-01
 -1.0115500E+05 -5.744E-01  1.169E-01 -4.195E-01
 -1.0115300E+05 -4.980E-01  9.755E-02 -3.252E-01
 -1.0115100E+05 -4.901E-01  1.072E-01 -4.219E-01
 -1.0114900E+05 -4.481E-01  9.639E-02 -3.645E-01
 -1.0114700E+05 -4.528E-01  9.729E-02 -3.685E-01
 -1.0114500E+05 -3.414E-01  7.742E-02 -3.043E-01
 -1.0114300E+05 -4.687E-01  7.830E-02 -1.733E-01
 -1.0114100E+05 -3.870E-01  7.225E-02 -2.036E-01
 -1.0113900E+05 -1.846E-01  4.973E-02 -2.223E-01
 -1.0113700E+05 -3.298E-01  6.965E-02 -2.472E-01
 -1.0113500E+05 -3.394E-01  5.911E-02 -1.320E-01
 -1.0113300E+05 -1.893E-01  4.253E-02 -1.500E-01
 -1.0113100E+05 -1.821E-01  3.536E-02 -9.513E-02
 -1.0112900E+05 -5.063E-02  1.659E-02 -6.183E-02
 -1.0112700E+05 -1.603E-01  3.933E-02 -1.556E-01
 -1.0112500E+05 -9.972E-02  3.441E-02 -1.728E-01
 -1.0112300E+05 -9.467E-02  2.682E-02 -1.036E-01
 -1.0112100E+05 -1.484E-02 -4.961E-03  9.611E-02
 -1.0111900E+05 -4.178E-02  5.217E-03  3.101E-02
 -1.0111700E+05  1.836E-02  5.508E-03 -3.783E-02
 -1.0111500E+05  1.016E-01 -1.873E-02  9.131E-02
 -1.0111300E+05  3.653E-02 -2.006E-03  7.222E-03
 -1.0111100E+05  1.871E-03  6.168E-03 -2.904E-02
 -1.0110900E+05  8.083E-02 -1.000E-02  3.052E-02
 -1.0110700E+05  3.423E-02 -3.952E-03  2.746E-02
 -1.0110500E+05  1.385E-01 -2.457E-02  1.003E-01
 -1.0110300E+05  6.381E-02 -1.473E-02  8.947E-02
 -1.0110100E+05  9.170E-02 -1.782E-02  9.084E-02
 -1.0109900E+05  6.705E-02 -1.107E-02  5.578E-02
 -1.0109700E+05  5.752E-02 -6.748E-03  2.735E-02
 -1.0109500E+05  1.519E-01 -2.454E-02  8.228E-02
