  4.0613000E+04 -0.000E+00 -0.000E+00  0.000E+00
  4.0615000E+04 -0.000E+00 -0.000E+00  0.000E+00
  4.0617000E+04 -0.000E+00 -0.000E+00  0.000E+00
  4.0619000E+04 -0.000E+00 -0.000E+00  0.000E+00
  4.0621000E+04 -0.000E+00 -0.000E+00  0.000E+00
  4.0623000E+04 -0.000E+00 -0.000E+00  0.000E+00
  4.0625000E+04 -0.000E+00 -0.000E+00  0.000E+00
  4.0627000E+04 -0.000E+00 -0.000E+00  0.000E+00
  4.0629000E+04 -0.000E+00 -0.000E+00  0.000E+00
  4.0631000E+04 -0.000E+00 -0.000E+00  0.000E+00
  4.0633000E+04 -0.000E+00 -0.000E+00  0.000E+00
  4.0635000E+04 -0.000E+00 -0.000E+00  0.000E+00
  4.0637000E+04 -0.000E+00 -0.000E+00  0.000E+00
  4.0639000E+04 -0.000E+00 -0.000E+00  0.000E+00
  4.0641000E+04 -0.000E+00 -0.000E+00  0.000E+00
  4.0643000E+04 -0.000E+00 -0.000E+00  0.000E+00
  4.0645000E+04 -0.000E+00 -0.000E+00  0.000E+00
  4.0647000E+04 -0.000E+00 -0.000E+00  0.000E+00
  4.0649000E+04 -0.000E+00 -0.000E+00  0.000E+00
  4.0651000E+04 -0.000E+00 -0.000E+00  0.000E+00
  4.0653000E+04 -0.000E+00 -0.000E+00  0.000E+00
  4.0655000E+04 -0.000E+00 -0.000E+00  0.000E+00
  4.0657000E+04 -0.000E+00 -0.000E+00  0.000E+00
  4.0659000E+04 -0.000E+00 -0.000E+00  0.000E+00
  4.0661000E+04 -0.000E+00 -0.000E+00  0.000E+00
  4.0663000E+04 -0.000E+00 -0.000E+00  0.000E+00
  4.0665000E+04 -0.000E+00 -0.000E+00  0.000E+00
  4.0667000E+04 -0.000E+00 -0.000E+00  0.000E+00
  4.0669000E+04 -0.000E+00 -0.000E+00  0.000E+00
  4.0671000E+04 -0.000E+00 -0.000E+00  0.000E+00
  4.0673000E+04 -0.000E+00 -0.000E+00  0.000E+00
  4.0675000E+04 -0.000E+00 -0.000E+00  0.000E+00
  4.0677000E+04 -0.000E+00 -0.000E+00  0.000E+00
  4.0679000E+04 -0.000E+00 -0.000E+00  0.000E+00
  4.0681000E+04 -0.000E+00 -0.000E+00  0.000E+00
  4.0683000E+04 -0.000E+00 -0.000E+00  0.000E+00
  4.0685000E+04 -0.000E+00 -0.000E+00  0.000E+00
  4.0687000E+04 -0.000E+00 -0.000E+00  0.000E+00
  4.0689000E+04 -0.000E+00 -0.000E+00  0.000E+00
  4.0691000E+04 -0.000E+00 -0.000E+00  0.000E+00
  4.0693000E+04 -0.000E+00 -0.000E+00  0.000E+00
  4.0695000E+04 -0.000E+00 -0.000E+00  0.000E+00
  4.0697000E+04 -0.000E+00 -0.000E+00  0.000E+00
  4.0699000E+04 -0.000E+00 -0.000E+00  0.000E+00
  4.0701000E+04 -0.000E+00 -0.000E+00  0.000E+00
  4.0703000E+04 -0.000E+00 -0.000E+00  0.000E+00
  4.0705000E+04 -0.000E+00 -0.000E+00  0.000E+00
  4.0707000E+04 -0.000E+00 -0.000E+00  0.000E+00
  4.0709000E+04 -0.000E+00 -0.000E+00  0.000E+00
  4.0711000E+04 -0.000E+00 -0.000E+00  0.000E+00
  4.0713000E+04 -0.000E+00 -0.000E+00  0.000E+00
  4.0715000E+04 -0.000E+00 -0.000E+00  0.000E+00
  4.0717000E+04 -0.000E+00 -0.000E+00  0.000E+00
  4.0719000E+04 -0.000E+00 -0.000E+00  0.000E+00
  4.0721000E+04 -0.000E+00 -0.000E+00  0.000E+00
  4.0723000E+04 -0.000E+00 -0.000E+00  0.000E+00
  4.0725000E+04 -0.000E+00 -0.000E+00  0.000E+00
  4.0727000E+04 -0.000E+00 -0.000E+00  0.000E+00
  4.0729000E+04 -0.000E+00 -0.000E+00  0.000E+00
  4.0731000E+04 -0.000E+00 -0.000E+00  0.000E+00
  4.0733000E+04 -0.000E+00 -0.000E+00  0.000E+00
  4.0735000E+04 -0.000E+00 -0.000E+00  0.000E+00
  4.0737000E+04 -0.000E+00 -0.000E+00  0.000E+00
  4.0739000E+04 -0.000E+00 -0.000E+00  0.000E+00
  4.0741000E+04 -0.000E+00 -0.000E+00  0.000E+00
  4.0743000E+04 -0.000E+00 -0.000E+00  0.000E+00
  4.0745000E+04 -0.000E+00 -0.000E+00  0.000E+00
  4.0747000E+04 -0.000E+00 -0.000E+00  0.000E+00
  4.0749000E+04 -0.000E+00 -0.000E+00  0.000E+00
  4.0751000E+04 -0.000E+00 -0.000E+00  0.000E+00
  4.0753000E+04 -0.000E+00 -0.000E+00  0.000E+00
  4.0755000E+04 -0.000E+00 -0.000E+00  0.000E+00
  4.0757000E+04 -0.000E+00 -0.000E+00  0.000E+00
  4.0759000E+04  2.093E-08 -5.590E-09  4.289E-08
  4.0761000E+04 -1.374E-05  1.326E-06  1.048E-06
  4.0763000E+04  9.074E-06  7.543E-06 -1.060E-04
  4.0765000E+04 -3.867E-04  7.323E-05 -4.164E-04
  4.0767000E+04 -4.983E-05 -7.052E-06  1.521E-04
  4.0769000E+04 -6.906E-04  7.516E-05 -4.404E-05
  4.0771000E+04 -1.609E-03  1.983E-04 -3.803E-04
  4.0773000E+04 -7.187E-04  2.981E-04 -2.796E-03
  4.0775000E+04 -2.306E-03  6.700E-04 -5.384E-03
  4.0777000E+04 -7.434E-03  1.531E-03 -9.477E-03
  4.0779000E+04 -1.522E-02  2.541E-03 -1.186E-02
  4.0781000E+04 -2.958E-02  4.648E-03 -1.930E-02
  4.0783000E+04 -2.941E-02  5.105E-03 -2.521E-02
  4.0785000E+04 -3.694E-02  6.553E-03 -3.337E-02
  4.0787000E+04 -7.118E-02  1.169E-02 -5.227E-02
  4.0789000E+04 -9.003E-02  1.585E-02 -7.936E-02
  4.0791000E+04 -1.206E-01  2.015E-02 -9.217E-02
  4.0793000E+04 -1.466E-01  2.503E-02 -1.183E-01
  4.0795000E+04 -1.622E-01  2.683E-02 -1.199E-01
  4.0797000E+04 -2.735E-01  4.732E-02 -2.272E-01
  4.0799000E+04 -3.495E-01  5.852E-02 -2.651E-01
  4.0801000E+04 -4.636E-01  7.677E-02 -3.396E-01
  4.0803000E+04 -5.603E-01  9.049E-02 -3.792E-01
  4.0805000E+04 -5.510E-01  9.086E-02 -3.949E-01
  4.0807000E+04 -6.848E-01  1.160E-01 -5.273E-01
  4.0809000E+04 -8.166E-01  1.350E-01 -5.848E-01
  4.0811000E+04 -9.735E-01  1.559E-01 -6.305E-01
  4.0813000E+04 -1.012E+00  1.673E-01 -7.202E-01
  4.0815000E+04 -1.196E+00  2.007E-01 -8.845E-01
  4.0817000E+04 -1.406E+00  2.249E-01 -8.960E-01
  4.0819000E+04 -1.474E+00  2.403E-01 -9.917E-01
  4.0821000E+04 -1.567E+00  2.593E-01 -1.099E+00
  4.0823000E+04 -1.640E+00  2.713E-01 -1.144E+00
  4.0825000E+04 -1.788E+00  2.909E-01 -1.177E+00
  4.0827000E+04 -1.912E+00  3.093E-01 -1.233E+00
  4.0829000E+04 -1.821E+00  3.012E-01 -1.251E+00
  4.0831000E+04 -1.852E+00  3.107E-01 -1.325E+00
  4.0833000E+04 -1.969E+00  3.216E-01 -1.293E+00
  4.0835000E+04 -1.995E+00  3.276E-01 -1.325E+00
  4.0837000E+04 -1.809E+00  3.044E-01 -1.286E+00
  4.0839000E+04 -1.757E+00  2.923E-01 -1.202E+00
  4.0841000E+04 -1.645E+00  2.761E-01 -1.155E+00
  4.0843000E+04 -1.652E+00  2.658E-01 -1.003E+00
  4.0845000E+04 -1.510E+00  2.561E-01 -1.081E+00
  4.0847000E+04 -1.428E+00  2.276E-01 -8.303E-01
  4.0849000E+04 -1.232E+00  2.051E-01 -8.240E-01
  4.0851000E+04 -1.322E+00  2.137E-01 -8.014E-01
  4.0853000E+04 -1.139E+00  1.875E-01 -7.283E-01
  4.0855000E+04 -9.065E-01  1.545E-01 -6.431E-01
  4.0857000E+04 -9.335E-01  1.575E-01 -6.382E-01
  4.0859000E+04 -8.377E-01  1.344E-01 -4.815E-01
  4.0861000E+04 -6.859E-01  1.109E-01 -4.013E-01
  4.0863000E+04 -5.547E-01  9.920E-02 -4.409E-01
  4.0865000E+04 -5.693E-01  9.017E-02 -3.029E-01
  4.0867000E+04 -4.632E-01  8.716E-02 -4.218E-01
  4.0869000E+04 -4.309E-01  7.226E-02 -2.774E-01
  4.0871000E+04 -2.607E-01  4.332E-02 -1.558E-01
  4.0873000E+04 -1.983E-01  3.124E-02 -9.049E-02
  4.0875000E+04 -1.269E-01  2.085E-02 -6.059E-02
  4.0877000E+04 -1.687E-01  2.177E-02 -1.662E-02
  4.0879000E+04 -9.370E-02  1.418E-02 -3.075E-02
  4.0881000E+04 -2.500E-02  3.270E-04  5.118E-02
  4.0883000E+04 -2.066E-03  1.315E-03  2.951E-03
  4.0885000E+04  1.151E-01 -1.414E-02  2.404E-02
  4.0887000E+04  5.239E-02 -1.311E-02  1.041E-01
  4.0889000E+04  1.024E-01 -1.376E-02  3.546E-02
  4.0891000E+04  5.144E-02 -1.912E-02  1.840E-01
  4.0893000E+04  1.409E-01 -2.190E-02  8.543E-02
  4.0895000E+04  2.112E-01 -2.930E-02  7.220E-02
  4.0897000E+04  2.474E-01 -3.286E-02  6.998E-02
  4.0899000E+04  1.454E-01 -2.508E-02  1.189E-01
  4.0901000E+04  2.091E-01 -2.962E-02  7.954E-02
  4.0903000E+04  1.780E-01 -3.012E-02  1.339E-01
  4.0905000E+04  1.934E-01 -3.564E-02  1.812E-01
  4.0907000E+04  1.785E-01 -3.333E-02  1.730E-01
  4.0909000E+04  2.006E-01 -3.463E-02  1.525E-01
  4.0911000E+04  2.172E-01 -3.566E-02  1.447E-01
  4.0913000E+04  2.410E-01 -3.870E-02  1.510E-01
  4.0915000E+04  2.294E-01 -4.075E-02  1.889E-01
  4.0917000E+04  2.207E-01 -4.102E-02  2.077E-01
  4.0919000E+04  2.249E-01 -3.831E-02  1.671E-01
  4.0921000E+04  2.207E-01 -3.668E-02  1.511E-01
  4.0923000E+04  2.286E-01 -3.751E-02  1.505E-01
  4.0925000E+04  2.508E-01 -4.387E-02  2.004E-01
  4.0927000E+04  2.257E-01 -3.991E-02  1.919E-01
  4.0929000E+04  2.538E-01 -4.034E-02  1.502E-01
  4.0931000E+04  2.708E-01 -3.920E-02  1.074E-01
  4.0933000E+04  2.224E-01 -3.576E-02  1.336E-01
  4.0935000E+04  2.353E-01 -3.806E-02  1.445E-01
  4.0937000E+04  1.767E-01 -3.400E-02  1.824E-01
  4.0939000E+04  2.302E-01 -3.837E-02  1.587E-01
  4.0941000E+04  2.198E-01 -4.041E-02  1.976E-01
  4.0943000E+04  2.322E-01 -3.891E-02  1.636E-01
  4.0945000E+04  2.319E-01 -4.017E-02  1.760E-01
  4.0947000E+04  2.319E-01 -4.023E-02  1.781E-01
  4.0949000E+04  1.846E-01 -3.404E-02  1.715E-01
  4.0951000E+04  2.450E-01 -3.890E-02  1.443E-01
  4.0953000E+04  2.145E-01 -3.486E-02  1.367E-01
  4.0955000E+04  2.464E-01 -4.265E-02  1.877E-01
  4.0957000E+04  2.001E-01 -3.320E-02  1.367E-01
  4.0959000E+04  2.321E-01 -3.791E-02  1.482E-01
  4.0961000E+04  2.361E-01 -3.735E-02  1.358E-01
  4.0963000E+04  2.195E-01 -3.904E-02  1.811E-01
  4.0965000E+04  2.044E-01 -3.164E-02  1.077E-01
  4.0967000E+04  1.951E-01 -3.364E-02  1.482E-01
  4.0969000E+04  2.046E-01 -3.533E-02  1.571E-01
  4.0971000E+04  1.961E-01 -3.382E-02  1.481E-01
  4.0973000E+04  2.429E-01 -3.960E-02  1.517E-01
  4.0975000E+04  2.128E-01 -3.463E-02  1.355E-01
  4.0977000E+04  1.990E-01 -3.101E-02  1.103E-01
  4.0979000E+04  2.049E-01 -3.521E-02  1.551E-01
  4.0981000E+04  1.918E-01 -3.143E-02  1.231E-01
  4.0983000E+04  1.525E-01 -2.763E-02  1.356E-01
  4.0985000E+04  2.187E-01 -3.417E-02  1.227E-01
  4.0987000E+04  2.146E-01 -3.332E-02  1.149E-01
  4.0989000E+04  1.897E-01 -3.180E-02  1.308E-01
  4.0991000E+04  1.973E-01 -3.153E-02  1.192E-01
