  1.5895100E+05 -0.000E+00 -0.000E+00  0.000E+00
  1.5895300E+05 -0.000E+00 -0.000E+00  0.000E+00
  1.5895500E+05 -0.000E+00 -0.000E+00  0.000E+00
  1.5895700E+05 -0.000E+00 -0.000E+00  0.000E+00
  1.5895900E+05 -0.000E+00 -0.000E+00  0.000E+00
  1.5896100E+05 -0.000E+00 -0.000E+00  0.000E+00
  1.5896300E+05 -0.000E+00 -0.000E+00  0.000E+00
  1.5896500E+05 -0.000E+00 -0.000E+00  0.000E+00
  1.5896700E+05 -0.000E+00 -0.000E+00  0.000E+00
  1.5896900E+05 -0.000E+00 -0.000E+00  0.000E+00
  1.5897100E+05 -0.000E+00 -0.000E+00  0.000E+00
  1.5897300E+05 -0.000E+00 -0.000E+00  0.000E+00
  1.5897500E+05 -0.000E+00 -0.000E+00  0.000E+00
  1.5897700E+05 -0.000E+00 -0.000E+00  0.000E+00
  1.5897900E+05 -0.000E+00 -0.000E+00  0.000E+00
  1.5898100E+05 -0.000E+00 -0.000E+00  0.000E+00
  1.5898300E+05 -0.000E+00 -0.000E+00  0.000E+00
  1.5898500E+05 -0.000E+00 -0.000E+00  0.000E+00
  1.5898700E+05 -0.000E+00 -0.000E+00  0.000E+00
  1.5898900E+05 -0.000E+00 -0.000E+00  0.000E+00
  1.5899100E+05 -0.000E+00 -0.000E+00  0.000E+00
  1.5899300E+05 -0.000E+00 -0.000E+00  0.000E+00
  1.5899500E+05 -0.000E+00 -0.000E+00  0.000E+00
  1.5899700E+05 -0.000E+00 -0.000E+00  0.000E+00
  1.5899900E+05 -0.000E+00 -0.000E+00  0.000E+00
  1.5900100E+05 -0.000E+00 -0.000E+00  0.000E+00
  1.5900300E+05 -0.000E+00 -0.000E+00  0.000E+00
  1.5900500E+05 -0.000E+00 -0.000E+00  0.000E+00
  1.5900700E+05 -0.000E+00 -0.000E+00  0.000E+00
  1.5900900E+05 -0.000E+00 -0.000E+00  0.000E+00
  1.5901100E+05 -0.000E+00 -0.000E+00  0.000E+00
  1.5901300E+05 -0.000E+00 -0.000E+00  0.000E+00
  1.5901500E+05 -0.000E+00 -0.000E+00  0.000E+00
  1.5901700E+05 -0.000E+00 -0.000E+00  0.000E+00
  1.5901900E+05 -0.000E+00 -0.000E+00  0.000E+00
  1.5902100E+05 -0.000E+00 -0.000E+00  0.000E+00
  1.5902300E+05 -0.000E+00 -0.000E+00  0.000E+00
  1.5902500E+05 -0.000E+00 -0.000E+00  0.000E+00
  1.5902700E+05 -0.000E+00 -0.000E+00  0.000E+00
  1.5902900E+05 -0.000E+00 -0.000E+00  0.000E+00
  1.5903100E+05 -0.000E+00 -0.000E+00  0.000E+00
  1.5903300E+05 -0.000E+00 -0.000E+00  0.000E+00
  1.5903500E+05 -0.000E+00 -0.000E+00  0.000E+00
  1.5903700E+05 -0.000E+00 -0.000E+00  0.000E+00
  1.5903900E+05 -0.000E+00 -0.000E+00  0.000E+00
  1.5904100E+05 -0.000E+00 -0.000E+00  0.000E+00
  1.5904300E+05 -0.000E+00 -0.000E+00  0.000E+00
  1.5904500E+05 -0.000E+00 -0.000E+00  0.000E+00
  1.5904700E+05 -0.000E+00 -0.000E+00  0.000E+00
  1.5904900E+05 -0.000E+00 -0.000E+00  0.000E+00
  1.5905100E+05 -0.000E+00 -0.000E+00  0.000E+00
  1.5905300E+05 -0.000E+00 -0.000E+00  0.000E+00
  1.5905500E+05 -0.000E+00 -0.000E+00  0.000E+00
  1.5905700E+05 -0.000E+00 -0.000E+00  0.000E+00
  1.5905900E+05 -0.000E+00 -0.000E+00  0.000E+00
  1.5906100E+05 -0.000E+00 -0.000E+00  0.000E+00
  1.5906300E+05 -0.000E+00 -0.000E+00  0.000E+00
  1.5906500E+05 -0.000E+00 -0.000E+00  0.000E+00
  1.5906700E+05 -0.000E+00 -0.000E+00  0.000E+00
  1.5906900E+05 -0.000E+00 -0.000E+00  0.000E+00
  1.5907100E+05 -0.000E+00 -0.000E+00  0.000E+00
  1.5907300E+05 -0.000E+00 -0.000E+00  0.000E+00
  1.5907500E+05 -0.000E+00 -0.000E+00  0.000E+00
  1.5907700E+05 -0.000E+00 -0.000E+00  0.000E+00
  1.5907900E+05 -0.000E+00 -0.000E+00  0.000E+00
  1.5908100E+05 -0.000E+00 -0.000E+00  0.000E+00
  1.5908300E+05 -0.000E+00 -0.000E+00  0.000E+00
  1.5908500E+05 -0.000E+00 -0.000E+00  0.000E+00
  1.5908700E+05 -0.000E+00 -0.000E+00  0.000E+00
  1.5908900E+05  1.910E-08 -4.709E-09  4.171E-08
  1.5909100E+05 -1.531E-05  6.913E-07  1.044E-05
  1.5909300E+05 -5.746E-05  1.078E-05 -7.801E-05
  1.5909500E+05 -2.112E-04  3.898E-05 -2.776E-04
  1.5909700E+05 -3.333E-04  1.727E-07  4.449E-04
  1.5909900E+05 -8.669E-04  1.111E-04 -4.325E-04
  1.5910100E+05 -1.355E-03  4.122E-04 -4.130E-03
  1.5910300E+05 -8.515E-03  1.177E-03 -5.504E-03
  1.5910500E+05 -1.697E-02  2.294E-03 -1.020E-02
  1.5910700E+05 -2.219E-02  3.268E-03 -1.728E-02
  1.5910900E+05 -3.441E-02  4.906E-03 -2.442E-02
  1.5911100E+05 -7.228E-02  9.701E-03 -4.242E-02
  1.5911300E+05 -1.096E-01  1.473E-02 -6.461E-02
  1.5911500E+05 -1.238E-01  1.908E-02 -1.090E-01
  1.5911700E+05 -1.902E-01  2.605E-02 -1.192E-01
  1.5911900E+05 -2.797E-01  3.879E-02 -1.827E-01
  1.5912100E+05 -4.232E-01  5.930E-02 -2.857E-01
  1.5912300E+05 -5.254E-01  7.356E-02 -3.533E-01
  1.5912500E+05 -6.661E-01  9.256E-02 -4.377E-01
  1.5912700E+05 -8.498E-01  1.179E-01 -5.557E-01
  1.5912900E+05 -1.037E+00  1.442E-01 -6.835E-01
  1.5913100E+05 -1.273E+00  1.794E-01 -8.751E-01
  1.5913300E+05 -1.462E+00  1.997E-01 -9.088E-01
  1.5913500E+05 -1.574E+00  2.233E-01 -1.106E+00
  1.5913700E+05 -1.817E+00  2.567E-01 -1.259E+00
  1.5913900E+05 -2.166E+00  2.977E-01 -1.376E+00
  1.5914100E+05 -2.191E+00  3.070E-01 -1.480E+00
  1.5914300E+05 -2.270E+00  3.195E-01 -1.559E+00
  1.5914500E+05 -2.387E+00  3.296E-01 -1.539E+00
  1.5914700E+05 -2.317E+00  3.260E-01 -1.588E+00
  1.5914900E+05 -2.148E+00  3.090E-01 -1.580E+00
  1.5915100E+05 -2.307E+00  3.230E-01 -1.561E+00
  1.5915300E+05 -1.929E+00  2.742E-01 -1.370E+00
  1.5915500E+05 -1.860E+00  2.661E-01 -1.349E+00
  1.5915700E+05 -1.663E+00  2.362E-01 -1.179E+00
  1.5915900E+05 -1.490E+00  2.017E-01 -9.022E-01
  1.5916100E+05 -1.301E+00  1.787E-01 -8.305E-01
  1.5916300E+05 -9.349E-01  1.388E-01 -7.624E-01
  1.5916500E+05 -9.966E-01  1.338E-01 -5.883E-01
  1.5916700E+05 -6.777E-01  9.999E-02 -5.440E-01
  1.5916900E+05 -6.887E-01  9.665E-02 -4.767E-01
  1.5917100E+05 -4.477E-01  6.851E-02 -4.004E-01
  1.5917300E+05 -3.439E-01  4.490E-02 -1.855E-01
  1.5917500E+05 -2.968E-01  3.565E-02 -1.147E-01
  1.5917700E+05 -1.380E-01  2.131E-02 -1.278E-01
  1.5917900E+05 -2.672E-02  3.537E-03 -1.837E-02
  1.5918100E+05 -3.904E-02  2.681E-03  1.342E-02
  1.5918300E+05  1.297E-02  1.720E-03 -5.299E-02
  1.5918500E+05  7.310E-02 -1.169E-02  7.096E-02
  1.5918700E+05  1.368E-01 -2.421E-02  1.681E-01
  1.5918900E+05  1.167E-01 -1.831E-02  1.054E-01
  1.5919100E+05  2.389E-01 -2.942E-02  9.104E-02
  1.5919300E+05  9.933E-02 -1.822E-02  1.313E-01
  1.5919500E+05  1.770E-01 -2.489E-02  1.172E-01
  1.5919700E+05  2.530E-01 -3.639E-02  1.825E-01
  1.5919900E+05  1.419E-01 -2.199E-02  1.244E-01
  1.5920100E+05  2.132E-01 -2.757E-02  1.039E-01
  1.5920300E+05  2.019E-01 -2.774E-02  1.241E-01
  1.5920500E+05  2.091E-01 -2.889E-02  1.352E-01
  1.5920700E+05  2.512E-01 -3.486E-02  1.655E-01
  1.5920900E+05  1.767E-01 -2.964E-02  1.914E-01
  1.5921100E+05  1.678E-01 -2.745E-02  1.743E-01
  1.5921300E+05  2.064E-01 -2.856E-02  1.309E-01
  1.5921500E+05  2.153E-01 -3.204E-02  1.738E-01
  1.5921700E+05  2.278E-01 -3.094E-02  1.369E-01
  1.5921900E+05  2.094E-01 -3.192E-02  1.794E-01
  1.5922100E+05  2.163E-01 -3.103E-02  1.554E-01
  1.5922300E+05  2.285E-01 -3.108E-02  1.370E-01
  1.5922500E+05  2.090E-01 -3.192E-02  1.814E-01
  1.5922700E+05  1.897E-01 -2.785E-02  1.481E-01
  1.5922900E+05  2.268E-01 -3.263E-02  1.647E-01
  1.5923100E+05  1.955E-01 -2.785E-02  1.374E-01
  1.5923300E+05  2.317E-01 -3.281E-02  1.625E-01
  1.5923500E+05  2.155E-01 -2.903E-02  1.244E-01
  1.5923700E+05  1.703E-01 -2.369E-02  1.108E-01
  1.5923900E+05  2.148E-01 -3.138E-02  1.640E-01
  1.5924100E+05  1.723E-01 -2.717E-02  1.646E-01
  1.5924300E+05  2.057E-01 -2.806E-02  1.273E-01
  1.5924500E+05  1.965E-01 -2.752E-02  1.316E-01
  1.5924700E+05  2.022E-01 -3.002E-02  1.593E-01
  1.5924900E+05  1.987E-01 -2.882E-02  1.474E-01
  1.5925100E+05  1.953E-01 -2.841E-02  1.485E-01
  1.5925300E+05  1.463E-01 -2.235E-02  1.286E-01
  1.5925500E+05  2.130E-01 -2.739E-02  1.024E-01
  1.5925700E+05  1.771E-01 -2.639E-02  1.435E-01
  1.5925900E+05  1.737E-01 -2.638E-02  1.482E-01
  1.5926100E+05  1.690E-01 -2.343E-02  1.120E-01
  1.5926300E+05  1.775E-01 -2.612E-02  1.387E-01
  1.5926500E+05  2.045E-01 -2.789E-02  1.267E-01
  1.5926700E+05  2.030E-01 -2.731E-02  1.173E-01
  1.5926900E+05  1.929E-01 -2.756E-02  1.395E-01
  1.5927100E+05  2.104E-01 -3.016E-02  1.510E-01
  1.5927300E+05  1.675E-01 -2.330E-02  1.109E-01
  1.5927500E+05  1.734E-01 -2.444E-02  1.191E-01
  1.5927700E+05  1.807E-01 -2.472E-02  1.133E-01
  1.5927900E+05  1.867E-01 -2.685E-02  1.367E-01
  1.5928100E+05  1.694E-01 -2.401E-02  1.173E-01
  1.5928300E+05  1.881E-01 -2.558E-02  1.110E-01
  1.5928500E+05  1.655E-01 -2.394E-02  1.231E-01
  1.5928700E+05  2.141E-01 -2.785E-02  1.089E-01
  1.5928900E+05  1.807E-01 -2.608E-02  1.355E-01
  1.5929100E+05  1.544E-01 -2.186E-02  1.074E-01
  1.5929300E+05  1.592E-01 -2.277E-02  1.132E-01
  1.5929500E+05  1.485E-01 -2.098E-02  1.029E-01
  1.5929700E+05  1.378E-01 -1.840E-02  8.162E-02
  1.5929900E+05  1.376E-01 -1.997E-02  1.024E-01
  1.5930100E+05  1.479E-01 -2.168E-02  1.147E-01
  1.5930300E+05  1.566E-01 -2.273E-02  1.190E-01
  1.5930500E+05  1.864E-01 -2.451E-02  9.872E-02
  1.5930700E+05  1.786E-01 -2.594E-02  1.353E-01
  1.5930900E+05  1.629E-01 -2.214E-02  9.848E-02
  1.5931100E+05  1.543E-01 -2.136E-02  1.025E-01
  1.5931300E+05  1.694E-01 -2.318E-02  1.044E-01
  1.5931500E+05  1.605E-01 -2.093E-02  8.045E-02
  1.5931700E+05  1.552E-01 -2.104E-02  9.351E-02
  1.5931900E+05  1.427E-01 -2.003E-02  9.535E-02
  1.5932100E+05  1.598E-01 -2.221E-02  1.032E-01
  1.5932300E+05  1.389E-01 -1.909E-02  9.011E-02
  1.5932500E+05  1.355E-01 -2.083E-02  1.207E-01
  1.5932700E+05  1.409E-01 -2.105E-02  1.154E-01
  1.5932900E+05  1.378E-01 -1.982E-02  1.009E-01
