  1.8421500E+05 -0.000E+00 -0.000E+00  0.000E+00
  1.8421700E+05 -0.000E+00 -0.000E+00  0.000E+00
  1.8421900E+05 -0.000E+00 -0.000E+00  0.000E+00
  1.8422100E+05 -0.000E+00 -0.000E+00  0.000E+00
  1.8422300E+05 -0.000E+00 -0.000E+00  0.000E+00
  1.8422500E+05 -0.000E+00 -0.000E+00  0.000E+00
  1.8422700E+05 -0.000E+00 -0.000E+00  0.000E+00
  1.8422900E+05 -0.000E+00 -0.000E+00  0.000E+00
  1.8423100E+05 -0.000E+00 -0.000E+00  0.000E+00
  1.8423300E+05 -0.000E+00 -0.000E+00  0.000E+00
  1.8423500E+05 -0.000E+00 -0.000E+00  0.000E+00
  1.8423700E+05 -0.000E+00 -0.000E+00  0.000E+00
  1.8423900E+05 -0.000E+00 -0.000E+00  0.000E+00
  1.8424100E+05 -0.000E+00 -0.000E+00  0.000E+00
  1.8424300E+05 -0.000E+00 -0.000E+00  0.000E+00
  1.8424500E+05 -0.000E+00 -0.000E+00  0.000E+00
  1.8424700E+05 -0.000E+00 -0.000E+00  0.000E+00
  1.8424900E+05 -0.000E+00 -0.000E+00  0.000E+00
  1.8425100E+05 -0.000E+00 -0.000E+00  0.000E+00
  1.8425300E+05 -0.000E+00 -0.000E+00  0.000E+00
  1.8425500E+05 -0.000E+00 -0.000E+00  0.000E+00
  1.8425700E+05 -0.000E+00 -0.000E+00  0.000E+00
  1.8425900E+05 -0.000E+00 -0.000E+00  0.000E+00
  1.8426100E+05 -0.000E+00 -0.000E+00  0.000E+00
  1.8426300E+05 -0.000E+00 -0.000E+00  0.000E+00
  1.8426500E+05 -0.000E+00 -0.000E+00  0.000E+00
  1.8426700E+05 -0.000E+00 -0.000E+00  0.000E+00
  1.8426900E+05 -0.000E+00 -0.000E+00  0.000E+00
  1.8427100E+05 -0.000E+00 -0.000E+00  0.000E+00
  1.8427300E+05 -0.000E+00 -0.000E+00  0.000E+00
  1.8427500E+05 -0.000E+00 -0.000E+00  0.000E+00
  1.8427700E+05 -0.000E+00 -0.000E+00  0.000E+00
  1.8427900E+05 -0.000E+00 -0.000E+00  0.000E+00
  1.8428100E+05 -0.000E+00 -0.000E+00  0.000E+00
  1.8428300E+05 -0.000E+00 -0.000E+00  0.000E+00
  1.8428500E+05 -0.000E+00 -0.000E+00  0.000E+00
  1.8428700E+05 -0.000E+00 -0.000E+00  0.000E+00
  1.8428900E+05 -0.000E+00 -0.000E+00  0.000E+00
  1.8429100E+05 -0.000E+00 -0.000E+00  0.000E+00
  1.8429300E+05 -0.000E+00 -0.000E+00  0.000E+00
  1.8429500E+05 -0.000E+00 -0.000E+00  0.000E+00
  1.8429700E+05 -0.000E+00 -0.000E+00  0.000E+00
  1.8429900E+05 -0.000E+00 -0.000E+00  0.000E+00
  1.8430100E+05 -0.000E+00 -0.000E+00  0.000E+00
  1.8430300E+05 -0.000E+00 -0.000E+00  0.000E+00
  1.8430500E+05 -0.000E+00 -0.000E+00  0.000E+00
  1.8430700E+05 -0.000E+00 -0.000E+00  0.000E+00
  1.8430900E+05 -0.000E+00 -0.000E+00  0.000E+00
  1.8431100E+05 -0.000E+00 -0.000E+00  0.000E+00
  1.8431300E+05 -0.000E+00 -0.000E+00  0.000E+00
  1.8431500E+05 -0.000E+00 -0.000E+00  0.000E+00
  1.8431700E+05 -0.000E+00 -0.000E+00  0.000E+00
  1.8431900E+05 -0.000E+00 -0.000E+00  0.000E+00
  1.8432100E+05 -0.000E+00 -0.000E+00  0.000E+00
  1.8432300E+05 -0.000E+00 -0.000E+00  0.000E+00
  1.8432500E+05 -0.000E+00 -0.000E+00  0.000E+00
  1.8432700E+05 -0.000E+00 -0.000E+00  0.000E+00
  1.8432900E+05 -0.000E+00 -0.000E+00  0.000E+00
  1.8433100E+05 -0.000E+00 -0.000E+00  0.000E+00
  1.8433300E+05 -0.000E+00 -0.000E+00  0.000E+00
  1.8433500E+05 -0.000E+00 -0.000E+00  0.000E+00
  1.8433700E+05 -0.000E+00 -0.000E+00  0.000E+00
  1.8433900E+05 -0.000E+00 -0.000E+00  0.000E+00
  1.8434100E+05 -0.000E+00 -0.000E+00  0.000E+00
  1.8434300E+05 -0.000E+00 -0.000E+00  0.000E+00
  1.8434500E+05 -0.000E+00 -0.000E+00  0.000E+00
  1.8434700E+05 -0.000E+00 -0.000E+00  0.000E+00
  1.8434900E+05 -0.000E+00 -0.000E+00  0.000E+00
  1.8435100E+05 -0.000E+00 -0.000E+00  0.000E+00
  1.8435300E+05  1.326E-08 -3.460E-09  3.492E-08
  1.8435500E+05 -4.702E-05  2.292E-06  2.195E-05
  1.8435700E+05  2.413E-05  1.840E-06 -5.478E-05
  1.8435900E+05 -1.078E-04 -2.162E-06  1.596E-04
  1.8436100E+05 -2.148E-03  2.351E-04 -9.019E-04
  1.8436300E+05 -9.035E-04  1.644E-04 -1.375E-03
  1.8436500E+05 -3.806E-03  5.345E-04 -3.423E-03
  1.8436700E+05 -1.026E-02  1.110E-03 -4.311E-03
  1.8436900E+05 -1.972E-02  2.138E-03 -8.402E-03
  1.8437100E+05 -3.889E-02  4.530E-03 -2.131E-02
  1.8437300E+05 -5.809E-02  6.878E-03 -3.377E-02
  1.8437500E+05 -1.101E-01  1.295E-02 -6.295E-02
  1.8437700E+05 -1.443E-01  1.665E-02 -7.828E-02
  1.8437900E+05 -2.145E-01  2.595E-02 -1.349E-01
  1.8438100E+05 -3.101E-01  3.604E-02 -1.737E-01
  1.8438300E+05 -4.064E-01  4.806E-02 -2.417E-01
  1.8438500E+05 -5.934E-01  6.977E-02 -3.482E-01
  1.8438700E+05 -7.765E-01  9.238E-02 -4.749E-01
  1.8438900E+05 -9.430E-01  1.102E-01 -5.496E-01
  1.8439100E+05 -1.192E+00  1.419E-01 -7.384E-01
  1.8439300E+05 -1.336E+00  1.600E-01 -8.480E-01
  1.8439500E+05 -1.571E+00  1.858E-01 -9.658E-01
  1.8439700E+05 -1.864E+00  2.232E-01 -1.196E+00
  1.8439900E+05 -2.177E+00  2.571E-01 -1.347E+00
  1.8440100E+05 -2.242E+00  2.743E-01 -1.549E+00
  1.8440300E+05 -2.173E+00  2.643E-01 -1.485E+00
  1.8440500E+05 -2.441E+00  2.896E-01 -1.560E+00
  1.8440700E+05 -2.435E+00  2.902E-01 -1.587E+00
  1.8440900E+05 -2.362E+00  2.911E-01 -1.706E+00
  1.8441100E+05 -2.302E+00  2.781E-01 -1.582E+00
  1.8441300E+05 -1.982E+00  2.327E-01 -1.263E+00
  1.8441500E+05 -1.906E+00  2.303E-01 -1.327E+00
  1.8441700E+05 -1.778E+00  2.158E-01 -1.264E+00
  1.8441900E+05 -1.438E+00  1.804E-01 -1.127E+00
  1.8442100E+05 -1.272E+00  1.496E-01 -8.402E-01
  1.8442300E+05 -1.117E+00  1.339E-01 -7.855E-01
  1.8442500E+05 -7.668E-01  9.181E-02 -5.481E-01
  1.8442700E+05 -7.429E-01  8.469E-02 -4.583E-01
  1.8442900E+05 -5.531E-01  6.968E-02 -4.634E-01
  1.8443100E+05 -4.243E-01  5.128E-02 -3.240E-01
  1.8443300E+05 -3.320E-01  3.507E-02 -1.708E-01
  1.8443500E+05 -1.166E-01  2.164E-02 -2.340E-01
  1.8443700E+05 -1.166E-01  1.111E-02 -5.460E-02
  1.8443900E+05 -4.558E-02  3.974E-03 -2.692E-02
  1.8444100E+05 -1.182E-02 -1.064E-03  1.233E-02
  1.8444300E+05  3.134E-02 -4.643E-03  1.858E-02
  1.8444500E+05  1.256E-01 -1.679E-02  1.023E-01
  1.8444700E+05  6.410E-02 -1.349E-02  1.256E-01
  1.8444900E+05  1.170E-01 -1.361E-02  5.834E-02
  1.8445100E+05  1.951E-01 -2.297E-02  1.136E-01
  1.8445300E+05  1.792E-01 -1.848E-02  5.746E-02
  1.8445500E+05  2.246E-01 -2.801E-02  1.614E-01
  1.8445700E+05  1.849E-01 -2.627E-02  1.824E-01
  1.8445900E+05  1.454E-01 -2.086E-02  1.461E-01
  1.8446100E+05  2.037E-01 -2.256E-02  9.668E-02
  1.8446300E+05  2.228E-01 -2.532E-02  1.189E-01
  1.8446500E+05  2.506E-01 -2.935E-02  1.518E-01
  1.8446700E+05  2.263E-01 -2.893E-02  1.779E-01
  1.8446900E+05  2.302E-01 -2.551E-02  1.153E-01
  1.8447100E+05  1.865E-01 -2.404E-02  1.469E-01
  1.8447300E+05  1.922E-01 -2.614E-02  1.761E-01
  1.8447500E+05  1.863E-01 -2.435E-02  1.558E-01
  1.8447700E+05  2.032E-01 -2.432E-02  1.315E-01
  1.8447900E+05  1.800E-01 -2.279E-02  1.364E-01
  1.8448100E+05  2.422E-01 -2.795E-02  1.398E-01
  1.8448300E+05  2.078E-01 -2.712E-02  1.717E-01
  1.8448500E+05  1.874E-01 -2.500E-02  1.638E-01
  1.8448700E+05  2.345E-01 -2.783E-02  1.511E-01
  1.8448900E+05  1.814E-01 -2.203E-02  1.227E-01
  1.8449100E+05  2.098E-01 -2.401E-02  1.171E-01
  1.8449300E+05  1.960E-01 -2.323E-02  1.248E-01
  1.8449500E+05  1.794E-01 -2.319E-02  1.451E-01
  1.8449700E+05  1.892E-01 -2.462E-02  1.558E-01
  1.8449900E+05  2.292E-01 -2.758E-02  1.540E-01
  1.8450100E+05  2.218E-01 -2.478E-02  1.165E-01
  1.8450300E+05  1.928E-01 -2.364E-02  1.339E-01
  1.8450500E+05  1.919E-01 -2.406E-02  1.457E-01
  1.8450700E+05  1.704E-01 -2.037E-02  1.107E-01
  1.8450900E+05  2.034E-01 -2.503E-02  1.456E-01
  1.8451100E+05  2.299E-01 -2.523E-02  1.119E-01
  1.8451300E+05  1.702E-01 -2.351E-02  1.656E-01
  1.8451500E+05  1.941E-01 -2.376E-02  1.347E-01
  1.8451700E+05  1.814E-01 -2.115E-02  1.075E-01
  1.8451900E+05  1.764E-01 -2.099E-02  1.144E-01
  1.8452100E+05  1.561E-01 -1.955E-02  1.187E-01
  1.8452300E+05  1.981E-01 -2.489E-02  1.496E-01
  1.8452500E+05  2.008E-01 -2.425E-02  1.351E-01
  1.8452700E+05  2.138E-01 -2.289E-02  9.703E-02
  1.8452900E+05  1.655E-01 -1.900E-02  9.576E-02
  1.8453100E+05  1.789E-01 -2.168E-02  1.201E-01
  1.8453300E+05  1.905E-01 -2.228E-02  1.169E-01
  1.8453500E+05  1.664E-01 -2.077E-02  1.257E-01
  1.8453700E+05  1.880E-01 -2.109E-02  1.017E-01
  1.8453900E+05  1.711E-01 -1.962E-02  9.797E-02
  1.8454100E+05  1.733E-01 -2.043E-02  1.105E-01
  1.8454300E+05  1.738E-01 -2.147E-02  1.263E-01
  1.8454500E+05  1.421E-01 -1.857E-02  1.153E-01
  1.8454700E+05  1.646E-01 -2.013E-02  1.184E-01
  1.8454900E+05  1.390E-01 -1.936E-02  1.365E-01
  1.8455100E+05  1.683E-01 -2.023E-02  1.119E-01
  1.8455300E+05  1.364E-01 -1.825E-02  1.211E-01
  1.8455500E+05  1.540E-01 -1.829E-02  1.021E-01
  1.8455700E+05  1.805E-01 -2.145E-02  1.158E-01
  1.8455900E+05  1.710E-01 -2.039E-02  1.117E-01
  1.8456100E+05  1.886E-01 -2.135E-02  1.052E-01
  1.8456300E+05  1.490E-01 -1.874E-02  1.122E-01
  1.8456500E+05  1.393E-01 -1.784E-02  1.122E-01
  1.8456700E+05  1.476E-01 -1.729E-02  9.114E-02
  1.8456900E+05  1.345E-01 -1.535E-02  7.770E-02
  1.8457100E+05  1.385E-01 -1.772E-02  1.088E-01
  1.8457300E+05  1.709E-01 -2.040E-02  1.119E-01
  1.8457500E+05  1.466E-01 -1.923E-02  1.273E-01
  1.8457700E+05  1.597E-01 -1.778E-02  8.381E-02
  1.8457900E+05  1.382E-01 -1.650E-02  9.208E-02
  1.8458100E+05  1.119E-01 -1.385E-02  8.202E-02
  1.8458300E+05  1.313E-01 -1.611E-02  9.515E-02
  1.8458500E+05  1.181E-01 -1.571E-02  1.051E-01
  1.8458700E+05  1.443E-01 -1.696E-02  8.475E-02
  1.8458900E+05  1.258E-01 -1.447E-02  7.307E-02
  1.8459100E+05  1.434E-01 -1.723E-02  9.591E-02
  1.8459300E+05  1.422E-01 -1.628E-02  8.451E-02
