  1.0160700E+05 -0.000E+00 -0.000E+00  0.000E+00
  1.0160900E+05 -0.000E+00 -0.000E+00  0.000E+00
  1.0161100E+05 -0.000E+00 -0.000E+00  0.000E+00
  1.0161300E+05 -0.000E+00 -0.000E+00  0.000E+00
  1.0161500E+05 -0.000E+00 -0.000E+00  0.000E+00
  1.0161700E+05 -0.000E+00 -0.000E+00  0.000E+00
  1.0161900E+05 -0.000E+00 -0.000E+00  0.000E+00
  1.0162100E+05 -0.000E+00 -0.000E+00  0.000E+00
  1.0162300E+05 -0.000E+00 -0.000E+00  0.000E+00
  1.0162500E+05 -0.000E+00 -0.000E+00  0.000E+00
  1.0162700E+05 -0.000E+00 -0.000E+00  0.000E+00
  1.0162900E+05 -0.000E+00 -0.000E+00  0.000E+00
  1.0163100E+05 -0.000E+00 -0.000E+00  0.000E+00
  1.0163300E+05 -0.000E+00 -0.000E+00  0.000E+00
  1.0163500E+05 -0.000E+00 -0.000E+00  0.000E+00
  1.0163700E+05 -0.000E+00 -0.000E+00  0.000E+00
  1.0163900E+05 -0.000E+00 -0.000E+00  0.000E+00
  1.0164100E+05 -0.000E+00 -0.000E+00  0.000E+00
  1.0164300E+05 -0.000E+00 -0.000E+00  0.000E+00
  1.0164500E+05 -0.000E+00 -0.000E+00  0.000E+00
  1.0164700E+05 -0.000E+00 -0.000E+00  0.000E+00
  1.0164900E+05 -0.000E+00 -0.000E+00  0.000E+00
  1.0165100E+05 -0.000E+00 -0.000E+00  0.000E+00
  1.0165300E+05 -0.000E+00 -0.000E+00  0.000E+00
  1.0165500E+05 -0.000E+00 -0.000E+00  0.000E+00
  1.0165700E+05 -0.000E+00 -0.000E+00  0.000E+00
  1.0165900E+05 -0.000E+00 -0.000E+00  0.000E+00
  1.0166100E+05 -0.000E+00 -0.000E+00  0.000E+00
  1.0166300E+05 -0.000E+00 -0.000E+00  0.000E+00
  1.0166500E+05 -0.000E+00 -0.000E+00  0.000E+00
  1.0166700E+05 -0.000E+00 -0.000E+00  0.000E+00
  1.0166900E+05 -0.000E+00 -0.000E+00  0.000E+00
  1.0167100E+05 -0.000E+00 -0.000E+00  0.000E+00
  1.0167300E+05 -0.000E+00 -0.000E+00  0.000E+00
  1.0167500E+05 -0.000E+00 -0.000E+00  0.000E+00
  1.0167700E+05 -0.000E+00 -0.000E+00  0.000E+00
  1.0167900E+05 -0.000E+00 -0.000E+00  0.000E+00
  1.0168100E+05 -0.000E+00 -0.000E+00  0.000E+00
  1.0168300E+05 -0.000E+00 -0.000E+00  0.000E+00
  1.0168500E+05 -0.000E+00 -0.000E+00  0.000E+00
  1.0168700E+05 -0.000E+00 -0.000E+00  0.000E+00
  1.0168900E+05 -0.000E+00 -0.000E+00  0.000E+00
  1.0169100E+05 -0.000E+00 -0.000E+00  0.000E+00
  1.0169300E+05 -0.000E+00 -0.000E+00  0.000E+00
  1.0169500E+05 -0.000E+00 -0.000E+00  0.000E+00
  1.0169700E+05 -0.000E+00 -0.000E+00  0.000E+00
  1.0169900E+05 -0.000E+00 -0.000E+00  0.000E+00
  1.0170100E+05 -0.000E+00 -0.000E+00  0.000E+00
  1.0170300E+05 -0.000E+00 -0.000E+00  0.000E+00
  1.0170500E+05 -0.000E+00 -0.000E+00  0.000E+00
  1.0170700E+05 -0.000E+00 -0.000E+00  0.000E+00
  1.0170900E+05 -0.000E+00 -0.000E+00  0.000E+00
  1.0171100E+05 -0.000E+00 -0.000E+00  0.000E+00
  1.0171300E+05 -0.000E+00 -0.000E+00  0.000E+00
  1.0171500E+05 -0.000E+00 -0.000E+00  0.000E+00
  1.0171700E+05 -0.000E+00 -0.000E+00  0.000E+00
  1.0171900E+05 -0.000E+00 -0.000E+00  0.000E+00
  1.0172100E+05 -0.000E+00 -0.000E+00  0.000E+00
  1.0172300E+05 -0.000E+00 -0.000E+00  0.000E+00
  1.0172500E+05 -0.000E+00 -0.000E+00  0.000E+00
  1.0172700E+05 -0.000E+00 -0.000E+00  0.000E+00
  1.0172900E+05 -0.000E+00 -0.000E+00  0.000E+00
  1.0173100E+05 -0.000E+00 -0.000E+00  0.000E+00
  1.0173300E+05 -0.000E+00 -0.000E+00  0.000E+00
  1.0173500E+05 -0.000E+00 -0.000E+00  0.000E+00
  1.0173700E+05 -0.000E+00 -0.000E+00  0.000E+00
  1.0173900E+05 -0.000E+00 -0.000E+00  0.000E+00
  1.0174100E+05 -0.000E+00 -0.000E+00  0.000E+00
  1.0174300E+05 -0.000E+00 -0.000E+00  0.000E+00
  1.0174500E+05 -0.000E+00 -0.000E+00  0.000E+00
  1.0174700E+05 -0.000E+00 -0.000E+00  0.000E+00
  1.0174900E+05  9.111E-09 -2.978E-09  3.141E-08
  1.0175100E+05 -1.218E-04 -4.576E-06  1.734E-04
  1.0175300E+05 -1.189E-03  1.847E-04 -1.373E-03
  1.0175500E+05  2.302E-04 -1.166E-05 -5.871E-05
  1.0175700E+05 -8.517E-06 -3.688E-08  3.676E-06
  1.0175900E+05 -2.080E-04  1.426E-05 -1.928E-06
  1.0176100E+05 -2.379E-03  2.930E-04 -1.792E-03
  1.0176300E+05 -8.385E-03  8.749E-04 -4.151E-03
  1.0176500E+05 -1.212E-02  1.520E-03 -9.526E-03
  1.0176700E+05 -2.498E-02  2.883E-03 -1.636E-02
  1.0176900E+05 -3.411E-02  3.989E-03 -2.333E-02
  1.0177100E+05 -6.203E-02  6.701E-03 -3.521E-02
  1.0177300E+05 -1.019E-01  1.217E-02 -7.400E-02
  1.0177500E+05 -1.105E-01  1.343E-02 -8.396E-02
  1.0177700E+05 -1.993E-01  2.110E-02 -1.086E-01
  1.0177900E+05 -2.615E-01  3.031E-02 -1.814E-01
  1.0178100E+05 -3.320E-01  3.657E-02 -2.048E-01
  1.0178300E+05 -4.042E-01  4.453E-02 -2.508E-01
  1.0178500E+05 -5.250E-01  6.030E-02 -3.634E-01
  1.0178700E+05 -6.578E-01  7.123E-02 -3.970E-01
  1.0178900E+05 -7.516E-01  8.111E-02 -4.533E-01
  1.0179100E+05 -9.475E-01  1.076E-01 -6.502E-01
  1.0179300E+05 -1.109E+00  1.207E-01 -6.923E-01
  1.0179500E+05 -1.345E+00  1.456E-01 -8.355E-01
  1.0179700E+05 -1.354E+00  1.515E-01 -9.164E-01
  1.0179900E+05 -1.607E+00  1.709E-01 -9.716E-01
  1.0180100E+05 -1.865E+00  2.029E-01 -1.198E+00
  1.0180300E+05 -2.009E+00  2.144E-01 -1.243E+00
  1.0180500E+05 -2.202E+00  2.301E-01 -1.302E+00
  1.0180700E+05 -1.906E+00  2.163E-01 -1.380E+00
  1.0180900E+05 -1.890E+00  2.059E-01 -1.255E+00
  1.0181100E+05 -2.195E+00  2.288E-01 -1.323E+00
  1.0181300E+05 -2.164E+00  2.328E-01 -1.417E+00
  1.0181500E+05 -2.216E+00  2.374E-01 -1.447E+00
  1.0181700E+05 -2.010E+00  2.154E-01 -1.329E+00
  1.0181900E+05 -1.899E+00  1.943E-01 -1.130E+00
  1.0182100E+05 -1.657E+00  1.704E-01 -1.008E+00
  1.0182300E+05 -1.741E+00  1.802E-01 -1.086E+00
  1.0182500E+05 -1.688E+00  1.700E-01 -9.927E-01
  1.0182700E+05 -1.428E+00  1.438E-01 -8.510E-01
  1.0182900E+05 -1.178E+00  1.268E-01 -8.281E-01
  1.0183100E+05 -9.972E-01  1.039E-01 -6.581E-01
  1.0183300E+05 -8.992E-01  1.027E-01 -7.325E-01
  1.0183500E+05 -7.063E-01  7.907E-02 -5.629E-01
  1.0183700E+05 -5.765E-01  5.392E-02 -3.114E-01
  1.0183900E+05 -5.047E-01  4.892E-02 -3.074E-01
  1.0184100E+05 -4.110E-01  3.665E-02 -2.110E-01
  1.0184300E+05 -3.253E-01  3.097E-02 -1.970E-01
  1.0184500E+05 -2.661E-01  2.668E-02 -1.888E-01
  1.0184700E+05 -2.041E-01  1.868E-02 -1.251E-01
  1.0184900E+05 -1.840E-01  1.725E-02 -1.231E-01
  1.0185100E+05  1.506E-02 -4.968E-03  2.567E-02
  1.0185300E+05 -3.662E-02  3.293E-03 -4.399E-02
  1.0185500E+05  3.451E-02 -4.798E-03  1.302E-02
  1.0185700E+05  6.891E-02 -6.871E-03  1.452E-02
  1.0185900E+05  1.348E-01 -1.200E-02  3.134E-02
  1.0186100E+05  1.070E-01 -1.666E-02  1.210E-01
  1.0186300E+05  8.661E-02 -1.424E-02  1.070E-01
  1.0186500E+05  1.948E-01 -1.999E-02  1.004E-01
  1.0186700E+05  1.583E-01 -1.874E-02  1.052E-01
  1.0186900E+05  2.596E-01 -2.406E-02  1.015E-01
  1.0187100E+05  2.173E-01 -2.348E-02  1.369E-01
  1.0187300E+05  1.986E-01 -2.129E-02  1.240E-01
  1.0187500E+05  1.914E-01 -2.073E-02  1.123E-01
  1.0187700E+05  1.691E-01 -1.835E-02  9.676E-02
  1.0187900E+05  2.548E-01 -2.709E-02  1.676E-01
  1.0188100E+05  1.926E-01 -2.258E-02  1.525E-01
  1.0188300E+05  2.167E-01 -2.446E-02  1.579E-01
  1.0188500E+05  2.519E-01 -2.706E-02  1.558E-01
  1.0188700E+05  2.254E-01 -2.669E-02  1.700E-01
  1.0188900E+05  2.543E-01 -2.434E-02  1.208E-01
  1.0189100E+05  2.315E-01 -2.457E-02  1.496E-01
  1.0189300E+05  2.209E-01 -2.177E-02  1.133E-01
  1.0189500E+05  2.868E-01 -3.115E-02  1.886E-01
  1.0189700E+05  2.394E-01 -2.629E-02  1.647E-01
  1.0189900E+05  1.635E-01 -1.881E-02  1.179E-01
  1.0190100E+05  2.154E-01 -2.527E-02  1.706E-01
  1.0190300E+05  2.307E-01 -2.543E-02  1.573E-01
  1.0190500E+05  2.142E-01 -2.497E-02  1.677E-01
  1.0190700E+05  2.416E-01 -2.274E-02  1.096E-01
  1.0190900E+05  2.018E-01 -2.168E-02  1.251E-01
  1.0191100E+05  2.428E-01 -2.597E-02  1.550E-01
  1.0191300E+05  2.209E-01 -2.439E-02  1.549E-01
  1.0191500E+05  2.026E-01 -2.170E-02  1.300E-01
  1.0191700E+05  2.491E-01 -2.552E-02  1.434E-01
  1.0191900E+05  2.181E-01 -2.374E-02  1.413E-01
  1.0192100E+05  1.890E-01 -2.084E-02  1.261E-01
  1.0192300E+05  2.165E-01 -2.274E-02  1.380E-01
  1.0192500E+05  1.851E-01 -1.931E-02  1.104E-01
  1.0192700E+05  2.209E-01 -2.376E-02  1.446E-01
  1.0192900E+05  2.333E-01 -2.360E-02  1.312E-01
  1.0193100E+05  1.621E-01 -1.709E-02  1.031E-01
  1.0193300E+05  2.024E-01 -2.042E-02  1.124E-01
  1.0193500E+05  2.108E-01 -2.389E-02  1.568E-01
  1.0193700E+05  2.482E-01 -2.750E-02  1.758E-01
  1.0193900E+05  1.769E-01 -2.099E-02  1.185E-01
  1.0194100E+05  2.703E-01 -2.204E-02  1.084E-01
  1.0194300E+05  1.439E-01 -2.115E-02  1.256E-01
  1.0194500E+05  1.783E-01 -2.006E-02  1.163E-01
  1.0194700E+05  2.396E-01 -2.034E-02  1.084E-01
  1.0194900E+05  1.819E-01 -1.681E-02  7.248E-02
  1.0195100E+05  1.666E-01 -1.979E-02  1.236E-01
  1.0195300E+05  2.258E-01 -2.522E-02  1.472E-01
  1.0195500E+05  1.825E-01 -1.913E-02  1.247E-01
  1.0195700E+05  1.528E-01 -2.343E-02  1.671E-01
  1.0195900E+05  1.915E-01 -2.014E-02  1.411E-01
  1.0196100E+05  1.857E-01 -1.937E-02  1.304E-01
  1.0196300E+05  1.878E-01 -2.023E-02  1.153E-01
  1.0196500E+05  1.933E-01 -1.949E-02  1.138E-01
  1.0196700E+05  1.857E-01 -1.800E-02  1.064E-01
  1.0196900E+05  1.623E-01 -1.676E-02  9.618E-02
  1.0197100E+05  1.451E-01 -1.654E-02  1.033E-01
  1.0197300E+05  1.632E-01 -1.984E-02  1.387E-01
  1.0197500E+05  1.899E-01 -2.041E-02  1.314E-01
  1.0197700E+05  1.865E-01 -1.830E-02  1.006E-01
  1.0197900E+05  1.681E-01 -1.871E-02  1.189E-01
  1.0198100E+05  1.803E-01 -1.831E-02  1.141E-01
  1.0198300E+05  1.880E-01 -2.018E-02  1.253E-01
  1.0198500E+05  1.801E-01 -1.833E-02  1.029E-01
