 -4.0479000E+04 -0.000E+00 -0.000E+00  0.000E+00
 -4.0477000E+04 -0.000E+00 -0.000E+00  0.000E+00
 -4.0475000E+04 -0.000E+00 -0.000E+00  0.000E+00
 -4.0473000E+04 -0.000E+00 -0.000E+00  0.000E+00
 -4.0471000E+04 -0.000E+00 -0.000E+00  0.000E+00
 -4.0469000E+04 -0.000E+00 -0.000E+00  0.000E+00
 -4.0467000E+04 -0.000E+00 -0.000E+00  0.000E+00
 -4.0465000E+04 -0.000E+00 -0.000E+00  0.000E+00
 -4.0463000E+04 -0.000E+00 -0.000E+00  0.000E+00
 -4.0461000E+04 -0.000E+00 -0.000E+00  0.000E+00
 -4.0459000E+04 -0.000E+00 -0.000E+00  0.000E+00
 -4.0457000E+04 -0.000E+00 -0.000E+00  0.000E+00
 -4.0455000E+04 -0.000E+00 -0.000E+00  0.000E+00
 -4.0453000E+04 -0.000E+00 -0.000E+00  0.000E+00
 -4.0451000E+04 -0.000E+00 -0.000E+00  0.000E+00
 -4.0449000E+04 -0.000E+00 -0.000E+00  0.000E+00
 -4.0447000E+04 -0.000E+00 -0.000E+00  0.000E+00
 -4.0445000E+04 -0.000E+00 -0.000E+00  0.000E+00
 -4.0443000E+04 -0.000E+00 -0.000E+00  0.000E+00
 -4.0441000E+04 -0.000E+00 -0.000E+00  0.000E+00
 -4.0439000E+04 -0.000E+00 -0.000E+00  0.000E+00
 -4.0437000E+04 -0.000E+00 -0.000E+00  0.000E+00
 -4.0435000E+04 -0.000E+00 -0.000E+00  0.000E+00
 -4.0433000E+04 -0.000E+00 -0.000E+00  0.000E+00
 -4.0431000E+04 -0.000E+00 -0.000E+00  0.000E+00
 -4.0429000E+04 -0.000E+00 -0.000E+00  0.000E+00
 -4.0427000E+04 -0.000E+00 -0.000E+00  0.000E+00
 -4.0425000E+04 -0.000E+00 -0.000E+00  0.000E+00
 -4.0423000E+04 -0.000E+00 -0.000E+00  0.000E+00
 -4.0421000E+04 -0.000E+00 -0.000E+00  0.000E+00
 -4.0419000E+04 -0.000E+00 -0.000E+00  0.000E+00
 -4.0417000E+04 -0.000E+00 -0.000E+00  0.000E+00
 -4.0415000E+04 -0.000E+00 -0.000E+00  0.000E+00
 -4.0413000E+04 -0.000E+00 -0.000E+00  0.000E+00
 -4.0411000E+04 -0.000E+00 -0.000E+00  0.000E+00
 -4.0409000E+04 -0.000E+00 -0.000E+00  0.000E+00
 -4.0407000E+04 -0.000E+00 -0.000E+00  0.000E+00
 -4.0405000E+04 -0.000E+00 -0.000E+00  0.000E+00
 -4.0403000E+04 -0.000E+00 -0.000E+00  0.000E+00
 -4.0401000E+04 -0.000E+00 -0.000E+00  0.000E+00
 -4.0399000E+04 -0.000E+00 -0.000E+00  0.000E+00
 -4.0397000E+04 -0.000E+00 -0.000E+00  0.000E+00
 -4.0395000E+04 -0.000E+00 -0.000E+00  0.000E+00
 -4.0393000E+04 -0.000E+00 -0.000E+00  0.000E+00
 -4.0391000E+04 -0.000E+00 -0.000E+00  0.000E+00
 -4.0389000E+04 -0.000E+00 -0.000E+00  0.000E+00
 -4.0387000E+04 -0.000E+00 -0.000E+00  0.000E+00
 -4.0385000E+04 -0.000E+00 -0.000E+00  0.000E+00
 -4.0383000E+04 -0.000E+00 -0.000E+00  0.000E+00
 -4.0381000E+04 -0.000E+00 -0.000E+00  0.000E+00
 -4.0379000E+04 -0.000E+00 -0.000E+00  0.000E+00
 -4.0377000E+04 -0.000E+00 -0.000E+00  0.000E+00
 -4.0375000E+04 -0.000E+00 -0.000E+00  0.000E+00
 -4.0373000E+04 -0.000E+00 -0.000E+00  0.000E+00
 -4.0371000E+04 -0.000E+00 -0.000E+00  0.000E+00
 -4.0369000E+04 -0.000E+00 -0.000E+00  0.000E+00
 -4.0367000E+04 -0.000E+00 -0.000E+00  0.000E+00
 -4.0365000E+04 -0.000E+00 -0.000E+00  0.000E+00
 -4.0363000E+04 -0.000E+00 -0.000E+00  0.000E+00
 -4.0361000E+04 -0.000E+00 -0.000E+00  0.000E+00
 -4.0359000E+04 -0.000E+00 -0.000E+00  0.000E+00
 -4.0357000E+04 -0.000E+00 -0.000E+00  0.000E+00
 -4.0355000E+04 -0.000E+00 -0.000E+00  0.000E+00
 -4.0353000E+04 -0.000E+00 -0.000E+00  0.000E+00
 -4.0351000E+04 -0.000E+00 -0.000E+00  0.000E+00
 -4.0349000E+04 -0.000E+00 -0.000E+00  0.000E+00
 -4.0347000E+04 -0.000E+00 -0.000E+00  0.000E+00
 -4.0345000E+04 -0.000E+00 -0.000E+00  0.000E+00
 -4.0343000E+04 -0.000E+00 -0.000E+00  0.000E+00
 -4.0341000E+04 -0.000E+00 -0.000E+00  0.000E+00
 -4.0339000E+04 -0.000E+00 -0.000E+00  0.000E+00
 -4.0337000E+04 -0.000E+00 -0.000E+00  0.000E+00
 -4.0335000E+04 -0.000E+00 -0.000E+00  0.000E+00
 -4.0333000E+04 -0.000E+00 -0.000E+00  0.000E+00
 -4.0331000E+04 -0.000E+00 -0.000E+00  0.000E+00
 -4.0329000E+04  9.287E-09 -4.142E-09  4.005E-08
 -4.0327000E+04 -6.832E-05  1.557E-06  3.139E-05
 -4.0325000E+04 -2.255E-04  2.232E-05 -9.034E-05
 -4.0323000E+04  7.275E-05  1.820E-05 -2.562E-04
 -4.0321000E+04 -8.143E-04  8.927E-05 -4.303E-04
 -4.0319000E+04 -1.400E-03  9.933E-05 -1.140E-04
 -4.0317000E+04 -1.799E-04  1.373E-05 -3.315E-05
 -4.0315000E+04 -2.704E-03  5.414E-04 -4.148E-03
 -4.0313000E+04 -1.346E-03  2.778E-05  6.075E-04
 -4.0311000E+04 -1.932E-03  1.858E-04 -7.573E-04
 -4.0309000E+04 -3.687E-03  6.459E-04 -4.717E-03
 -4.0307000E+04 -6.567E-03  6.958E-04 -3.310E-03
 -4.0305000E+04 -4.364E-03  8.190E-04 -6.205E-03
 -4.0303000E+04 -1.552E-02  2.199E-03 -1.410E-02
 -4.0301000E+04 -2.190E-02  2.581E-03 -1.414E-02
 -4.0299000E+04 -2.577E-02  3.840E-03 -2.563E-02
 -4.0297000E+04 -4.998E-02  6.317E-03 -3.724E-02
 -4.0295000E+04 -4.802E-02  6.305E-03 -3.861E-02
 -4.0293000E+04 -5.515E-02  7.278E-03 -4.468E-02
 -4.0291000E+04 -8.154E-02  1.069E-02 -6.570E-02
 -4.0289000E+04 -1.278E-01  1.603E-02 -9.512E-02
 -4.0287000E+04 -1.545E-01  1.772E-02 -9.689E-02
 -4.0285000E+04 -1.364E-01  1.729E-02 -1.045E-01
 -4.0283000E+04 -2.507E-01  2.914E-02 -1.632E-01
 -4.0281000E+04 -2.573E-01  3.294E-02 -2.014E-01
 -4.0279000E+04 -2.642E-01  3.394E-02 -2.090E-01
 -4.0277000E+04 -3.955E-01  4.351E-02 -2.332E-01
 -4.0275000E+04 -4.195E-01  5.050E-02 -2.962E-01
 -4.0273000E+04 -4.726E-01  5.778E-02 -3.453E-01
 -4.0271000E+04 -6.370E-01  7.177E-02 -3.987E-01
 -4.0269000E+04 -5.806E-01  6.672E-02 -3.791E-01
 -4.0267000E+04 -6.855E-01  7.942E-02 -4.575E-01
 -4.0265000E+04 -8.232E-01  9.356E-02 -5.315E-01
 -4.0263000E+04 -8.338E-01  9.784E-02 -5.741E-01
 -4.0261000E+04 -9.818E-01  1.094E-01 -6.142E-01
 -4.0259000E+04 -1.037E+00  1.144E-01 -6.388E-01
 -4.0257000E+04 -1.112E+00  1.297E-01 -7.660E-01
 -4.0255000E+04 -1.177E+00  1.308E-01 -7.431E-01
 -4.0253000E+04 -1.203E+00  1.373E-01 -8.025E-01
 -4.0251000E+04 -1.416E+00  1.568E-01 -8.937E-01
 -4.0249000E+04 -1.565E+00  1.618E-01 -8.654E-01
 -4.0247000E+04 -1.509E+00  1.670E-01 -9.604E-01
 -4.0245000E+04 -1.651E+00  1.737E-01 -9.562E-01
 -4.0243000E+04 -1.560E+00  1.638E-01 -9.056E-01
 -4.0241000E+04 -1.503E+00  1.601E-01 -9.019E-01
 -4.0239000E+04 -1.557E+00  1.628E-01 -9.053E-01
 -4.0237000E+04 -1.622E+00  1.768E-01 -1.024E+00
 -4.0235000E+04 -1.590E+00  1.771E-01 -1.053E+00
 -4.0233000E+04 -1.652E+00  1.793E-01 -1.047E+00
 -4.0231000E+04 -1.774E+00  1.751E-01 -9.348E-01
 -4.0229000E+04 -1.700E+00  1.724E-01 -9.524E-01
 -4.0227000E+04 -1.663E+00  1.705E-01 -9.570E-01
 -4.0225000E+04 -1.682E+00  1.704E-01 -9.503E-01
 -4.0223000E+04 -1.639E+00  1.580E-01 -8.470E-01
 -4.0221000E+04 -1.359E+00  1.341E-01 -7.420E-01
 -4.0219000E+04 -1.356E+00  1.432E-01 -8.437E-01
 -4.0217000E+04 -1.281E+00  1.448E-01 -9.093E-01
 -4.0215000E+04 -1.251E+00  1.244E-01 -7.068E-01
 -4.0213000E+04 -1.144E+00  1.219E-01 -7.372E-01
 -4.0211000E+04 -1.168E+00  1.063E-01 -5.607E-01
 -4.0209000E+04 -1.157E+00  1.177E-01 -6.912E-01
 -4.0207000E+04 -1.097E+00  1.057E-01 -5.959E-01
 -4.0205000E+04 -8.440E-01  7.506E-02 -4.006E-01
 -4.0203000E+04 -7.868E-01  7.646E-02 -4.418E-01
 -4.0201000E+04 -7.201E-01  7.939E-02 -5.116E-01
 -4.0199000E+04 -6.353E-01  6.732E-02 -4.288E-01
 -4.0197000E+04 -7.105E-01  6.746E-02 -3.924E-01
 -4.0195000E+04 -5.287E-01  4.155E-02 -2.068E-01
 -4.0193000E+04 -4.446E-01  5.229E-02 -3.699E-01
 -4.0191000E+04 -4.982E-01  4.574E-02 -2.678E-01
 -4.0189000E+04 -3.754E-01  2.703E-02 -1.293E-01
 -4.0187000E+04 -2.319E-01  2.959E-02 -2.318E-01
 -4.0185000E+04 -3.726E-01  4.263E-02 -3.010E-01
 -4.0183000E+04 -1.538E-01  1.939E-02 -1.604E-01
 -4.0181000E+04 -2.304E-01  2.528E-02 -1.865E-01
 -4.0179000E+04 -2.389E-01  1.654E-02 -8.719E-02
 -4.0177000E+04 -9.055E-02  9.490E-03 -8.567E-02
 -4.0175000E+04 -3.518E-02 -2.229E-03  1.242E-02
 -4.0173000E+04 -6.438E-02  4.100E-03 -4.174E-02
 -4.0171000E+04 -4.682E-02 -3.771E-03  3.489E-02
 -4.0169000E+04  3.180E-02 -9.774E-03  6.303E-02
 -4.0167000E+04  1.027E-03 -1.550E-03 -8.362E-03
 -4.0165000E+04  6.444E-02 -9.658E-03  4.860E-02
 -4.0163000E+04  5.228E-02 -1.134E-02  7.509E-02
 -4.0161000E+04  1.412E-01 -1.507E-02  6.606E-02
 -4.0159000E+04  1.219E-01 -9.636E-03  1.944E-02
 -4.0157000E+04  1.885E-01 -2.083E-02  1.043E-01
 -4.0155000E+04  1.094E-01 -1.534E-02  8.663E-02
 -4.0153000E+04  2.327E-01 -2.333E-02  1.151E-01
 -4.0151000E+04  1.912E-01 -1.834E-02  8.195E-02
 -4.0149000E+04  1.898E-01 -2.095E-02  1.105E-01
 -4.0147000E+04  2.225E-01 -2.332E-02  1.201E-01
 -4.0145000E+04  1.788E-01 -2.680E-02  1.794E-01
 -4.0143000E+04  1.652E-01 -1.959E-02  1.088E-01
 -4.0141000E+04  2.652E-01 -2.133E-02  7.887E-02
 -4.0139000E+04  1.957E-01 -1.998E-02  9.932E-02
 -4.0137000E+04  2.628E-01 -2.631E-02  1.309E-01
 -4.0135000E+04  2.227E-01 -2.812E-02  1.722E-01
 -4.0133000E+04  2.756E-01 -2.633E-02  1.312E-01
 -4.0131000E+04  2.024E-01 -2.187E-02  1.196E-01
 -4.0129000E+04  2.992E-01 -2.680E-02  1.246E-01
 -4.0127000E+04  1.816E-01 -2.482E-02  1.618E-01
 -4.0125000E+04  2.777E-01 -3.248E-02  1.963E-01
 -4.0123000E+04  2.486E-01 -2.443E-02  1.244E-01
 -4.0121000E+04  3.059E-01 -3.092E-02  1.684E-01
 -4.0119000E+04  2.180E-01 -2.186E-02  1.113E-01
 -4.0117000E+04  2.488E-01 -2.659E-02  1.422E-01
 -4.0115000E+04  2.842E-01 -2.738E-02  1.405E-01
 -4.0113000E+04  2.860E-01 -2.718E-02  1.395E-01
 -4.0111000E+04  2.690E-01 -2.642E-02  1.437E-01
 -4.0109000E+04  2.471E-01 -2.384E-02  1.249E-01
 -4.0107000E+04  2.616E-01 -2.833E-02  1.606E-01
 -4.0105000E+04  2.079E-01 -2.688E-02  1.721E-01
 -4.0103000E+04  2.260E-01 -3.176E-02  2.180E-01
 -4.0101000E+04  2.708E-01 -2.573E-02  1.330E-01
