  2.6373000E+04 -3.419E+00  4.849E-01 -2.503E+00
  2.6375000E+04  1.075E+00 -1.482E-01  7.199E-01
  2.6377000E+04  5.694E-01 -8.845E-02  5.012E-01
  2.6379000E+04  3.031E-01 -4.366E-02  2.182E-01
  2.6381000E+04  4.926E-01 -7.100E-02  3.514E-01
  2.6383000E+04  4.575E-01 -6.743E-02  3.540E-01
  2.6385000E+04  5.465E-01 -6.639E-02  2.720E-01
  2.6387000E+04  3.644E-01 -5.484E-02  2.917E-01
  2.6389000E+04  3.552E-01 -4.610E-02  2.140E-01
  2.6391000E+04  4.047E-01 -5.936E-02  2.874E-01
  2.6393000E+04  3.690E-01 -4.339E-02  1.538E-01
  2.6395000E+04  3.832E-01 -5.168E-02  2.583E-01
  2.6397000E+04  3.990E-01 -5.196E-02  2.384E-01
  2.6399000E+04  4.459E-01 -5.829E-02  2.535E-01
  2.6401000E+04  3.804E-01 -5.377E-02  2.479E-01
  2.6403000E+04  3.373E-01 -4.456E-02  2.123E-01
  2.6405000E+04  3.278E-01 -4.088E-02  1.875E-01
  2.6407000E+04  3.701E-01 -5.434E-02  2.863E-01
  2.6409000E+04  3.522E-01 -4.994E-02  2.579E-01
  2.6411000E+04  3.535E-01 -4.863E-02  2.415E-01
  2.6413000E+04  3.360E-01 -4.665E-02  2.244E-01
  2.6415000E+04  3.451E-01 -4.808E-02  2.293E-01
  2.6417000E+04  3.453E-01 -4.859E-02  2.527E-01
  2.6419000E+04  3.141E-01 -4.356E-02  2.158E-01
  2.6421000E+04  3.814E-01 -5.007E-02  2.304E-01
  2.6423000E+04  3.590E-01 -4.978E-02  2.466E-01
  2.6425000E+04  3.518E-01 -4.708E-02  2.158E-01
  2.6427000E+04  2.651E-01 -3.521E-02  1.553E-01
  2.6429000E+04  3.532E-01 -5.038E-02  2.577E-01
  2.6431000E+04  3.278E-01 -4.513E-02  2.262E-01
  2.6433000E+04  3.311E-01 -4.553E-02  2.101E-01
  2.6435000E+04  2.992E-01 -4.518E-02  2.363E-01
  2.6437000E+04  3.163E-01 -4.145E-02  2.000E-01
  2.6439000E+04  2.714E-01 -3.609E-02  1.834E-01
  2.6441000E+04  3.122E-01 -4.256E-02  2.070E-01
  2.6443000E+04  3.115E-01 -4.362E-02  2.271E-01
  2.6445000E+04  2.842E-01 -3.654E-02  1.647E-01
  2.6447000E+04  3.299E-01 -4.521E-02  2.102E-01
  2.6449000E+04  3.094E-01 -4.043E-02  1.803E-01
  2.6451000E+04  3.061E-01 -4.021E-02  1.816E-01
  2.6453000E+04  2.447E-01 -3.253E-02  1.461E-01
  2.6455000E+04  2.827E-01 -3.679E-02  1.633E-01
  2.6457000E+04  2.402E-01 -3.508E-02  1.943E-01
  2.6459000E+04  2.885E-01 -3.790E-02  1.714E-01
  2.6461000E+04  2.377E-01 -3.515E-02  1.829E-01
  2.6463000E+04  2.543E-01 -3.566E-02  1.760E-01
  2.6465000E+04  2.767E-01 -3.937E-02  2.039E-01
  2.6467000E+04  2.918E-01 -3.517E-02  1.356E-01
  2.6469000E+04  2.445E-01 -3.475E-02  1.814E-01
  2.6471000E+04  2.676E-01 -3.469E-02  1.579E-01
  2.6473000E+04  3.345E-01 -3.832E-02  1.250E-01
  2.6475000E+04  2.374E-01 -3.657E-02  2.050E-01
  2.6477000E+04  2.041E-01 -3.193E-02  1.894E-01
  2.6479000E+04  2.839E-01 -3.645E-02  1.611E-01
  2.6481000E+04  2.495E-01 -3.666E-02  1.927E-01
  2.6483000E+04  2.492E-01 -3.312E-02  1.560E-01
  2.6485000E+04  2.666E-01 -3.462E-02  1.608E-01
  2.6487000E+04  2.334E-01 -3.227E-02  1.549E-01
  2.6489000E+04  2.735E-01 -3.813E-02  2.020E-01
  2.6491000E+04  2.191E-01 -2.877E-02  1.231E-01
  2.6493000E+04  2.067E-01 -2.915E-02  1.523E-01
  2.6495000E+04  2.491E-01 -3.095E-02  1.282E-01
  2.6497000E+04  2.411E-01 -3.353E-02  1.414E-01
  2.6499000E+04  2.033E-01 -3.084E-02  1.675E-01
  2.6501000E+04  2.208E-01 -2.794E-02  1.204E-01
  2.6503000E+04  2.253E-01 -2.909E-02  1.363E-01
  2.6505000E+04  2.015E-01 -2.892E-02  1.474E-01
  2.6507000E+04  2.332E-01 -3.504E-02  1.861E-01
  2.6509000E+04  2.046E-01 -2.554E-02  1.040E-01
  2.6511000E+04  2.053E-01 -2.619E-02  1.242E-01
  2.6513000E+04  1.766E-01 -2.491E-02  1.272E-01
  2.6515000E+04  2.108E-01 -2.784E-02  1.210E-01
  2.6517000E+04  2.263E-01 -2.788E-02  1.168E-01
  2.6519000E+04  2.090E-01 -2.459E-02  1.007E-01
  2.6521000E+04  1.843E-01 -2.850E-02  1.637E-01
  2.6523000E+04  2.268E-01 -2.995E-02  1.333E-01
  2.6525000E+04  2.178E-01 -2.918E-02  1.426E-01
  2.6527000E+04  2.105E-01 -2.924E-02  1.517E-01
  2.6529000E+04  2.344E-01 -3.023E-02  1.416E-01
  2.6531000E+04  2.175E-01 -2.955E-02  1.347E-01
  2.6533000E+04  1.751E-01 -2.567E-02  1.420E-01
  2.6535000E+04  2.462E-01 -2.760E-02  9.206E-02
  2.6537000E+04  2.055E-01 -2.676E-02  1.238E-01
  2.6539000E+04  1.978E-01 -2.588E-02  1.188E-01
  2.6541000E+04  1.647E-01 -2.188E-02  1.047E-01
  2.6543000E+04  1.828E-01 -2.550E-02  1.212E-01
  2.6545000E+04  1.782E-01 -2.310E-02  1.004E-01
  2.6547000E+04  2.051E-01 -2.773E-02  1.337E-01
  2.6549000E+04  1.837E-01 -2.576E-02  1.365E-01
  2.6551000E+04  1.787E-01 -2.662E-02  1.489E-01
  2.6553000E+04  2.011E-01 -2.713E-02  1.313E-01
  2.6555000E+04  1.737E-01 -2.241E-02  9.733E-02
  2.6557000E+04  1.807E-01 -2.422E-02  1.200E-01
  2.6559000E+04  2.029E-01 -2.759E-02  1.297E-01
  2.6561000E+04  1.656E-01 -2.287E-02  1.167E-01
  2.6563000E+04  1.546E-01 -2.136E-02  9.866E-02
  2.6565000E+04  1.869E-01 -2.519E-02  1.224E-01
  2.6567000E+04  1.542E-01 -2.257E-02  1.202E-01
  2.6569000E+04  1.708E-01 -2.332E-02  9.960E-02
  2.6571000E+04  1.896E-01 -2.495E-02  1.007E-01
  2.6573000E+04  1.756E-01 -2.357E-02  1.137E-01
  2.6575000E+04  1.500E-01 -1.755E-02  9.134E-02
  2.6577000E+04  1.629E-01 -2.130E-02  1.032E-01
  2.6579000E+04  1.707E-01 -2.407E-02  1.150E-01
  2.6581000E+04  1.769E-01 -2.419E-02  1.168E-01
  2.6583000E+04  1.586E-01 -2.240E-02  1.248E-01
  2.6585000E+04  1.566E-01 -2.015E-02  9.608E-02
  2.6587000E+04  1.631E-01 -2.252E-02  1.030E-01
  2.6589000E+04  1.644E-01 -2.166E-02  9.866E-02
  2.6591000E+04  1.486E-01 -1.744E-02  6.194E-02
  2.6593000E+04  1.479E-01 -1.957E-02  9.210E-02
  2.6595000E+04  1.388E-01 -1.925E-02  9.436E-02
  2.6597000E+04  1.653E-01 -2.213E-02  1.037E-01
  2.6599000E+04  1.386E-01 -2.163E-02  1.246E-01
  2.6601000E+04  1.231E-01 -1.691E-02  8.397E-02
  2.6603000E+04  1.350E-01 -1.846E-02  8.456E-02
  2.6605000E+04  1.676E-01 -2.309E-02  1.136E-01
  2.6607000E+04  1.653E-01 -2.379E-02  1.193E-01
  2.6609000E+04  1.341E-01 -1.773E-02  8.541E-02
  2.6611000E+04  1.369E-01 -1.737E-02  7.399E-02
  2.6613000E+04  1.646E-01 -1.879E-02  8.348E-02
  2.6615000E+04  1.402E-01 -1.809E-02  9.256E-02
  2.6617000E+04  1.322E-01 -2.031E-02  1.112E-01
  2.6619000E+04  1.365E-01 -1.890E-02  9.676E-02
  2.6621000E+04  1.456E-01 -1.992E-02  9.983E-02
  2.6623000E+04  1.529E-01 -2.105E-02  1.014E-01
  2.6625000E+04  1.428E-01 -1.792E-02  7.547E-02
  2.6627000E+04  1.436E-01 -1.736E-02  6.581E-02
  2.6629000E+04  1.355E-01 -1.780E-02  8.553E-02
  2.6631000E+04  1.090E-01 -1.789E-02  1.097E-01
  2.6633000E+04  1.255E-01 -1.627E-02  7.875E-02
  2.6635000E+04  1.360E-01 -1.708E-02  7.105E-02
  2.6637000E+04  1.061E-01 -1.568E-02  9.294E-02
  2.6639000E+04  1.260E-01 -1.731E-02  8.783E-02
  2.6641000E+04  1.470E-01 -1.982E-02  9.412E-02
  2.6643000E+04  1.459E-01 -1.913E-02  9.016E-02
  2.6645000E+04  1.174E-01 -1.566E-02  7.787E-02
  2.6647000E+04  9.003E-02 -1.304E-02  8.689E-02
  2.6649000E+04  1.326E-01 -1.648E-02  6.709E-02
  2.6651000E+04  1.129E-01 -1.550E-02  7.373E-02
  2.6653000E+04  1.392E-01 -1.727E-02  7.026E-02
  2.6655000E+04  1.227E-01 -1.573E-02  7.414E-02
  2.6657000E+04  1.076E-01 -1.687E-02  1.020E-01
  2.6659000E+04  1.477E-01 -1.927E-02  7.606E-02
  2.6661000E+04  1.333E-01 -1.667E-02  8.140E-02
  2.6663000E+04  1.006E-01 -1.435E-02  6.973E-02
  2.6665000E+04  1.137E-01 -1.413E-02  5.805E-02
  2.6667000E+04  9.539E-02 -1.224E-02  7.779E-02
  2.6669000E+04  1.285E-01 -1.631E-02  6.224E-02
  2.6671000E+04  1.260E-01 -1.927E-02  8.262E-02
  2.6673000E+04  9.929E-02 -1.268E-02  6.878E-02
  2.6675000E+04  1.263E-01 -1.703E-02  7.141E-02
  2.6677000E+04  1.242E-01 -1.749E-02  7.651E-02
  2.6679000E+04  1.120E-01 -1.213E-02  5.561E-02
  2.6681000E+04  1.147E-01 -1.400E-02  6.964E-02
  2.6683000E+04  1.351E-01 -1.725E-02  8.137E-02
  2.6685000E+04  1.048E-01 -1.452E-02  6.561E-02
  2.6687000E+04  1.073E-01 -1.435E-02  5.865E-02
  2.6689000E+04  9.915E-02 -1.591E-02  9.431E-02
  2.6691000E+04  1.120E-01 -1.475E-02  5.675E-02
  2.6693000E+04  1.097E-01 -1.511E-02  7.807E-02
  2.6695000E+04  9.110E-02 -1.334E-02  7.028E-02
  2.6697000E+04  1.162E-01 -1.484E-02  6.805E-02
  2.6699000E+04  1.204E-01 -1.527E-02  6.837E-02
  2.6701000E+04  1.012E-01 -1.525E-02  8.607E-02
  2.6703000E+04  9.801E-02 -1.428E-02  7.081E-02
  2.6705000E+04  1.086E-01 -1.609E-02  7.696E-02
  2.6707000E+04  8.855E-02 -1.144E-02  4.893E-02
  2.6709000E+04  9.902E-02 -1.360E-02  6.078E-02
  2.6711000E+04  8.371E-02 -1.166E-02  6.243E-02
  2.6713000E+04  1.140E-01 -1.421E-02  6.239E-02
  2.6715000E+04  1.130E-01 -1.485E-02  6.811E-02
  2.6717000E+04  1.097E-01 -1.314E-02  5.693E-02
  2.6719000E+04  9.116E-02 -1.320E-02  5.504E-02
  2.6721000E+04  1.067E-01 -1.384E-02  6.595E-02
  2.6723000E+04  1.135E-01 -1.619E-02  7.908E-02
  2.6725000E+04  9.230E-02 -1.219E-02  5.595E-02
  2.6727000E+04  9.277E-02 -1.224E-02  5.705E-02
  2.6729000E+04  9.460E-02 -1.372E-02  6.769E-02
  2.6731000E+04  1.209E-01 -1.432E-02  4.744E-02
  2.6733000E+04  9.501E-02 -1.248E-02  4.815E-02
  2.6735000E+04  8.299E-02 -1.124E-02  6.210E-02
  2.6737000E+04  8.655E-02 -1.283E-02  7.433E-02
  2.6739000E+04  9.725E-02 -1.283E-02  7.546E-02
  2.6741000E+04  8.738E-02 -1.151E-02  5.086E-02
  2.6743000E+04  1.088E-01 -1.481E-02  6.732E-02
  2.6745000E+04  8.803E-02 -1.508E-02  9.379E-02
  2.6747000E+04  1.071E-01 -1.304E-02  5.781E-02
  2.6749000E+04  8.026E-02 -1.142E-02  4.956E-02
  2.6751000E+04  7.943E-02 -1.039E-02  4.277E-02
