 -1.5881700E+05 -0.000E+00 -0.000E+00  0.000E+00
 -1.5881500E+05 -0.000E+00 -0.000E+00  0.000E+00
 -1.5881300E+05 -0.000E+00 -0.000E+00  0.000E+00
 -1.5881100E+05 -0.000E+00 -0.000E+00  0.000E+00
 -1.5880900E+05 -0.000E+00 -0.000E+00  0.000E+00
 -1.5880700E+05 -0.000E+00 -0.000E+00  0.000E+00
 -1.5880500E+05 -0.000E+00 -0.000E+00  0.000E+00
 -1.5880300E+05 -0.000E+00 -0.000E+00  0.000E+00
 -1.5880100E+05 -0.000E+00 -0.000E+00  0.000E+00
 -1.5879900E+05 -0.000E+00 -0.000E+00  0.000E+00
 -1.5879700E+05 -0.000E+00 -0.000E+00  0.000E+00
 -1.5879500E+05 -0.000E+00 -0.000E+00  0.000E+00
 -1.5879300E+05 -0.000E+00 -0.000E+00  0.000E+00
 -1.5879100E+05 -0.000E+00 -0.000E+00  0.000E+00
 -1.5878900E+05 -0.000E+00 -0.000E+00  0.000E+00
 -1.5878700E+05 -0.000E+00 -0.000E+00  0.000E+00
 -1.5878500E+05 -0.000E+00 -0.000E+00  0.000E+00
 -1.5878300E+05 -0.000E+00 -0.000E+00  0.000E+00
 -1.5878100E+05 -0.000E+00 -0.000E+00  0.000E+00
 -1.5877900E+05 -0.000E+00 -0.000E+00  0.000E+00
 -1.5877700E+05 -0.000E+00 -0.000E+00  0.000E+00
 -1.5877500E+05 -0.000E+00 -0.000E+00  0.000E+00
 -1.5877300E+05 -0.000E+00 -0.000E+00  0.000E+00
 -1.5877100E+05 -0.000E+00 -0.000E+00  0.000E+00
 -1.5876900E+05 -0.000E+00 -0.000E+00  0.000E+00
 -1.5876700E+05 -0.000E+00 -0.000E+00  0.000E+00
 -1.5876500E+05 -0.000E+00 -0.000E+00  0.000E+00
 -1.5876300E+05 -0.000E+00 -0.000E+00  0.000E+00
 -1.5876100E+05 -0.000E+00 -0.000E+00  0.000E+00
 -1.5875900E+05 -0.000E+00 -0.000E+00  0.000E+00
 -1.5875700E+05 -0.000E+00 -0.000E+00  0.000E+00
 -1.5875500E+05 -0.000E+00 -0.000E+00  0.000E+00
 -1.5875300E+05 -0.000E+00 -0.000E+00  0.000E+00
 -1.5875100E+05 -0.000E+00 -0.000E+00  0.000E+00
 -1.5874900E+05 -0.000E+00 -0.000E+00  0.000E+00
 -1.5874700E+05 -0.000E+00 -0.000E+00  0.000E+00
 -1.5874500E+05 -0.000E+00 -0.000E+00  0.000E+00
 -1.5874300E+05 -0.000E+00 -0.000E+00  0.000E+00
 -1.5874100E+05 -0.000E+00 -0.000E+00  0.000E+00
 -1.5873900E+05 -0.000E+00 -0.000E+00  0.000E+00
 -1.5873700E+05 -0.000E+00 -0.000E+00  0.000E+00
 -1.5873500E+05 -0.000E+00 -0.000E+00  0.000E+00
 -1.5873300E+05 -0.000E+00 -0.000E+00  0.000E+00
 -1.5873100E+05 -0.000E+00 -0.000E+00  0.000E+00
 -1.5872900E+05 -0.000E+00 -0.000E+00  0.000E+00
 -1.5872700E+05 -0.000E+00 -0.000E+00  0.000E+00
 -1.5872500E+05 -0.000E+00 -0.000E+00  0.000E+00
 -1.5872300E+05 -0.000E+00 -0.000E+00  0.000E+00
 -1.5872100E+05 -0.000E+00 -0.000E+00  0.000E+00
 -1.5871900E+05 -0.000E+00 -0.000E+00  0.000E+00
 -1.5871700E+05 -0.000E+00 -0.000E+00  0.000E+00
 -1.5871500E+05 -0.000E+00 -0.000E+00  0.000E+00
 -1.5871300E+05 -0.000E+00 -0.000E+00  0.000E+00
 -1.5871100E+05 -0.000E+00 -0.000E+00  0.000E+00
 -1.5870900E+05 -0.000E+00 -0.000E+00  0.000E+00
 -1.5870700E+05 -0.000E+00 -0.000E+00  0.000E+00
 -1.5870500E+05 -0.000E+00 -0.000E+00  0.000E+00
 -1.5870300E+05 -0.000E+00 -0.000E+00  0.000E+00
 -1.5870100E+05 -0.000E+00 -0.000E+00  0.000E+00
 -1.5869900E+05 -0.000E+00 -0.000E+00  0.000E+00
 -1.5869700E+05 -0.000E+00 -0.000E+00  0.000E+00
 -1.5869500E+05 -0.000E+00 -0.000E+00  0.000E+00
 -1.5869300E+05 -0.000E+00 -0.000E+00  0.000E+00
 -1.5869100E+05 -0.000E+00 -0.000E+00  0.000E+00
 -1.5868900E+05 -0.000E+00 -0.000E+00  0.000E+00
 -1.5868700E+05 -0.000E+00 -0.000E+00  0.000E+00
 -1.5868500E+05 -0.000E+00 -0.000E+00  0.000E+00
 -1.5868300E+05 -0.000E+00 -0.000E+00  0.000E+00
 -1.5868100E+05 -0.000E+00 -0.000E+00  0.000E+00
 -1.5867900E+05 -0.000E+00 -0.000E+00  0.000E+00
 -1.5867700E+05 -0.000E+00 -0.000E+00  0.000E+00
 -1.5867500E+05 -0.000E+00 -0.000E+00  0.000E+00
 -1.5867300E+05 -0.000E+00 -0.000E+00  0.000E+00
 -1.5867100E+05 -0.000E+00 -0.000E+00  0.000E+00
 -1.5866900E+05 -0.000E+00 -0.000E+00  0.000E+00
 -1.5866700E+05 -0.000E+00 -0.000E+00  0.000E+00
 -1.5866500E+05 -0.000E+00 -0.000E+00  0.000E+00
 -1.5866300E+05 -0.000E+00 -0.000E+00  0.000E+00
 -1.5866100E+05 -0.000E+00 -0.000E+00  0.000E+00
 -1.5865900E+05 -0.000E+00 -0.000E+00  0.000E+00
 -1.5865700E+05 -0.000E+00 -0.000E+00  0.000E+00
 -1.5865500E+05 -0.000E+00 -0.000E+00  0.000E+00
 -1.5865300E+05 -0.000E+00 -0.000E+00  0.000E+00
 -1.5865100E+05 -0.000E+00 -0.000E+00  0.000E+00
 -1.5864900E+05 -0.000E+00 -0.000E+00  0.000E+00
 -1.5864700E+05  7.592E-09 -3.744E-09  3.052E-08
 -1.5864500E+05  2.170E-08 -1.207E-08  1.002E-07
 -1.5864300E+05 -6.675E-06  2.244E-06 -1.681E-05
 -1.5864100E+05  4.862E-05 -1.183E-05  7.949E-05
 -1.5863900E+05  1.759E-05 -1.617E-06  3.366E-06
 -1.5863700E+05 -3.117E-04  2.079E-05  1.119E-05
 -1.5863500E+05  9.712E-06  1.825E-05 -1.785E-04
 -1.5863300E+05 -3.013E-05  2.304E-05 -1.968E-04
 -1.5863100E+05 -1.439E-05  1.190E-05 -1.032E-04
 -1.5862900E+05 -4.233E-04  1.601E-05  1.374E-04
 -1.5862700E+05  1.662E-05  1.191E-05 -1.104E-04
 -1.5862500E+05 -1.076E-03  4.001E-05  3.230E-04
 -1.5862300E+05 -7.051E-04  1.449E-04 -8.973E-04
 -1.5862100E+05 -4.636E-03  3.028E-04  1.304E-04
 -1.5861900E+05 -2.888E-03  3.266E-04 -1.176E-03
 -1.5861700E+05 -5.354E-03  6.284E-04 -2.426E-03
 -1.5861500E+05 -5.790E-03  8.015E-04 -3.699E-03
 -1.5861300E+05 -2.786E-03  4.174E-04 -2.096E-03
 -1.5861100E+05 -7.988E-03  1.459E-03 -8.401E-03
 -1.5860900E+05 -1.277E-02  1.844E-03 -8.914E-03
 -1.5860700E+05 -1.834E-02  2.502E-03 -1.146E-02
 -1.5860500E+05 -1.622E-02  2.597E-03 -1.360E-02
 -1.5860300E+05 -1.004E-02  1.264E-03 -5.290E-03
 -1.5860100E+05 -2.881E-02  2.753E-03 -7.269E-03
 -1.5859900E+05 -3.115E-02  5.264E-03 -2.872E-02
 -1.5859700E+05 -4.018E-02  4.969E-03 -2.065E-02
 -1.5859500E+05 -4.011E-02  5.028E-03 -2.118E-02
 -1.5859300E+05 -5.944E-02  8.236E-03 -3.826E-02
 -1.5859100E+05 -6.217E-02  8.753E-03 -4.143E-02
 -1.5858900E+05 -6.330E-02  7.970E-03 -3.365E-02
 -1.5858700E+05 -6.549E-02  7.583E-03 -2.887E-02
 -1.5858500E+05 -9.248E-02  1.223E-02 -5.454E-02
 -1.5858300E+05 -9.822E-02  1.394E-02 -6.642E-02
 -1.5858100E+05 -1.161E-01  1.503E-02 -6.542E-02
 -1.5857900E+05 -1.244E-01  1.676E-02 -7.637E-02
 -1.5857700E+05 -1.529E-01  1.958E-02 -8.460E-02
 -1.5857500E+05 -1.217E-01  2.205E-02 -1.244E-01
 -1.5857300E+05 -1.657E-01  2.696E-02 -1.421E-01
 -1.5857100E+05 -2.334E-01  2.892E-02 -1.206E-01
 -1.5856900E+05 -2.472E-01  2.915E-02 -1.148E-01
 -1.5856700E+05 -2.420E-01  3.361E-02 -1.570E-01
 -1.5856500E+05 -2.880E-01  3.782E-02 -1.678E-01
 -1.5856300E+05 -2.787E-01  4.254E-02 -2.138E-01
 -1.5856100E+05 -3.670E-01  4.466E-02 -1.830E-01
 -1.5855900E+05 -4.064E-01  4.884E-02 -1.971E-01
 -1.5855700E+05 -4.419E-01  5.536E-02 -2.336E-01
 -1.5855500E+05 -3.796E-01  5.324E-02 -2.506E-01
 -1.5855300E+05 -4.495E-01  6.391E-02 -3.044E-01
 -1.5855100E+05 -4.983E-01  6.382E-02 -2.763E-01
 -1.5854900E+05 -5.614E-01  6.974E-02 -2.935E-01
 -1.5854700E+05 -5.025E-01  6.685E-02 -3.005E-01
 -1.5854500E+05 -5.720E-01  7.513E-02 -3.333E-01
 -1.5854300E+05 -6.318E-01  8.142E-02 -3.554E-01
 -1.5854100E+05 -6.575E-01  8.875E-02 -4.049E-01
 -1.5853900E+05 -6.439E-01  8.891E-02 -4.130E-01
 -1.5853700E+05 -6.880E-01  9.054E-02 -4.042E-01
 -1.5853500E+05 -7.178E-01  9.928E-02 -4.618E-01
 -1.5853300E+05 -7.360E-01  8.850E-02 -3.593E-01
 -1.5853100E+05 -8.672E-01  1.124E-01 -4.940E-01
 -1.5852900E+05 -8.577E-01  1.197E-01 -5.601E-01
 -1.5852700E+05 -8.243E-01  1.106E-01 -5.015E-01
 -1.5852500E+05 -9.296E-01  1.179E-01 -5.090E-01
 -1.5852300E+05 -9.937E-01  1.331E-01 -6.036E-01
 -1.5852100E+05 -8.882E-01  1.234E-01 -5.757E-01
 -1.5851900E+05 -1.012E+00  1.211E-01 -4.942E-01
 -1.5851700E+05 -1.048E+00  1.303E-01 -5.528E-01
 -1.5851500E+05 -1.140E+00  1.496E-01 -6.671E-01
 -1.5851300E+05 -1.056E+00  1.349E-01 -5.865E-01
 -1.5851100E+05 -1.051E+00  1.308E-01 -5.550E-01
 -1.5850900E+05 -1.062E+00  1.355E-01 -5.884E-01
 -1.5850700E+05 -1.128E+00  1.504E-01 -6.815E-01
 -1.5850500E+05 -1.153E+00  1.461E-01 -6.318E-01
 -1.5850300E+05 -1.238E+00  1.588E-01 -6.961E-01
 -1.5850100E+05 -1.096E+00  1.441E-01 -6.459E-01
 -1.5849900E+05 -1.038E+00  1.455E-01 -6.873E-01
 -1.5849700E+05 -1.156E+00  1.542E-01 -6.996E-01
 -1.5849500E+05 -1.246E+00  1.484E-01 -6.056E-01
 -1.5849300E+05 -1.210E+00  1.562E-01 -6.877E-01
 -1.5849100E+05 -1.194E+00  1.588E-01 -7.191E-01
 -1.5848900E+05 -1.058E+00  1.347E-01 -5.903E-01
 -1.5848700E+05 -1.100E+00  1.433E-01 -6.357E-01
 -1.5848500E+05 -1.120E+00  1.418E-01 -6.162E-01
 -1.5848300E+05 -1.075E+00  1.517E-01 -7.191E-01
 -1.5848100E+05 -1.192E+00  1.379E-01 -5.514E-01
 -1.5847900E+05 -1.131E+00  1.377E-01 -5.784E-01
 -1.5847700E+05 -1.031E+00  1.345E-01 -6.009E-01
 -1.5847500E+05 -1.020E+00  1.358E-01 -6.169E-01
 -1.5847300E+05 -1.214E+00  1.446E-01 -5.942E-01
 -1.5847100E+05 -1.018E+00  1.146E-01 -4.493E-01
 -1.5846900E+05 -9.377E-01  1.147E-01 -4.860E-01
 -1.5846700E+05 -9.720E-01  1.233E-01 -5.405E-01
 -1.5846500E+05 -8.557E-01  1.213E-01 -5.812E-01
 -1.5846300E+05 -8.791E-01  1.197E-01 -5.546E-01
 -1.5846100E+05 -8.003E-01  1.027E-01 -4.531E-01
 -1.5845900E+05 -7.797E-01  1.083E-01 -5.102E-01
 -1.5845700E+05 -8.677E-01  1.071E-01 -4.595E-01
 -1.5845500E+05 -7.774E-01  1.076E-01 -5.066E-01
 -1.5845300E+05 -7.936E-01  9.742E-02 -4.187E-01
 -1.5845100E+05 -7.425E-01  9.770E-02 -4.401E-01
 -1.5844900E+05 -7.410E-01  8.938E-02 -3.794E-01
 -1.5844700E+05 -6.979E-01  9.143E-02 -4.120E-01
 -1.5844500E+05 -6.718E-01  8.158E-02 -3.484E-01
 -1.5844300E+05 -6.413E-01  8.154E-02 -3.657E-01
 -1.5844100E+05 -5.719E-01  7.570E-02 -3.476E-01
 -1.5843900E+05 -4.338E-01  6.543E-02 -3.293E-01
