 -1.8408100E+05 -0.000E+00 -0.000E+00  0.000E+00
 -1.8407900E+05 -0.000E+00 -0.000E+00  0.000E+00
 -1.8407700E+05 -0.000E+00 -0.000E+00  0.000E+00
 -1.8407500E+05 -0.000E+00 -0.000E+00  0.000E+00
 -1.8407300E+05 -0.000E+00 -0.000E+00  0.000E+00
 -1.8407100E+05 -0.000E+00 -0.000E+00  0.000E+00
 -1.8406900E+05 -0.000E+00 -0.000E+00  0.000E+00
 -1.8406700E+05 -0.000E+00 -0.000E+00  0.000E+00
 -1.8406500E+05 -0.000E+00 -0.000E+00  0.000E+00
 -1.8406300E+05 -0.000E+00 -0.000E+00  0.000E+00
 -1.8406100E+05 -0.000E+00 -0.000E+00  0.000E+00
 -1.8405900E+05 -0.000E+00 -0.000E+00  0.000E+00
 -1.8405700E+05 -0.000E+00 -0.000E+00  0.000E+00
 -1.8405500E+05 -0.000E+00 -0.000E+00  0.000E+00
 -1.8405300E+05 -0.000E+00 -0.000E+00  0.000E+00
 -1.8405100E+05 -0.000E+00 -0.000E+00  0.000E+00
 -1.8404900E+05 -0.000E+00 -0.000E+00  0.000E+00
 -1.8404700E+05 -0.000E+00 -0.000E+00  0.000E+00
 -1.8404500E+05 -0.000E+00 -0.000E+00  0.000E+00
 -1.8404300E+05 -0.000E+00 -0.000E+00  0.000E+00
 -1.8404100E+05 -0.000E+00 -0.000E+00  0.000E+00
 -1.8403900E+05 -0.000E+00 -0.000E+00  0.000E+00
 -1.8403700E+05 -0.000E+00 -0.000E+00  0.000E+00
 -1.8403500E+05 -0.000E+00 -0.000E+00  0.000E+00
 -1.8403300E+05 -0.000E+00 -0.000E+00  0.000E+00
 -1.8403100E+05 -0.000E+00 -0.000E+00  0.000E+00
 -1.8402900E+05 -0.000E+00 -0.000E+00  0.000E+00
 -1.8402700E+05 -0.000E+00 -0.000E+00  0.000E+00
 -1.8402500E+05 -0.000E+00 -0.000E+00  0.000E+00
 -1.8402300E+05 -0.000E+00 -0.000E+00  0.000E+00
 -1.8402100E+05 -0.000E+00 -0.000E+00  0.000E+00
 -1.8401900E+05 -0.000E+00 -0.000E+00  0.000E+00
 -1.8401700E+05 -0.000E+00 -0.000E+00  0.000E+00
 -1.8401500E+05 -0.000E+00 -0.000E+00  0.000E+00
 -1.8401300E+05 -0.000E+00 -0.000E+00  0.000E+00
 -1.8401100E+05 -0.000E+00 -0.000E+00  0.000E+00
 -1.8400900E+05 -0.000E+00 -0.000E+00  0.000E+00
 -1.8400700E+05 -0.000E+00 -0.000E+00  0.000E+00
 -1.8400500E+05 -0.000E+00 -0.000E+00  0.000E+00
 -1.8400300E+05 -0.000E+00 -0.000E+00  0.000E+00
 -1.8400100E+05 -0.000E+00 -0.000E+00  0.000E+00
 -1.8399900E+05 -0.000E+00 -0.000E+00  0.000E+00
 -1.8399700E+05 -0.000E+00 -0.000E+00  0.000E+00
 -1.8399500E+05 -0.000E+00 -0.000E+00  0.000E+00
 -1.8399300E+05 -0.000E+00 -0.000E+00  0.000E+00
 -1.8399100E+05 -0.000E+00 -0.000E+00  0.000E+00
 -1.8398900E+05 -0.000E+00 -0.000E+00  0.000E+00
 -1.8398700E+05 -0.000E+00 -0.000E+00  0.000E+00
 -1.8398500E+05 -0.000E+00 -0.000E+00  0.000E+00
 -1.8398300E+05 -0.000E+00 -0.000E+00  0.000E+00
 -1.8398100E+05 -0.000E+00 -0.000E+00  0.000E+00
 -1.8397900E+05 -0.000E+00 -0.000E+00  0.000E+00
 -1.8397700E+05 -0.000E+00 -0.000E+00  0.000E+00
 -1.8397500E+05 -0.000E+00 -0.000E+00  0.000E+00
 -1.8397300E+05 -0.000E+00 -0.000E+00  0.000E+00
 -1.8397100E+05 -0.000E+00 -0.000E+00  0.000E+00
 -1.8396900E+05 -0.000E+00 -0.000E+00  0.000E+00
 -1.8396700E+05 -0.000E+00 -0.000E+00  0.000E+00
 -1.8396500E+05 -0.000E+00 -0.000E+00  0.000E+00
 -1.8396300E+05 -0.000E+00 -0.000E+00  0.000E+00
 -1.8396100E+05 -0.000E+00 -0.000E+00  0.000E+00
 -1.8395900E+05 -0.000E+00 -0.000E+00  0.000E+00
 -1.8395700E+05 -0.000E+00 -0.000E+00  0.000E+00
 -1.8395500E+05 -0.000E+00 -0.000E+00  0.000E+00
 -1.8395300E+05 -0.000E+00 -0.000E+00  0.000E+00
 -1.8395100E+05 -0.000E+00 -0.000E+00  0.000E+00
 -1.8394900E+05 -0.000E+00 -0.000E+00  0.000E+00
 -1.8394700E+05 -0.000E+00 -0.000E+00  0.000E+00
 -1.8394500E+05 -0.000E+00 -0.000E+00  0.000E+00
 -1.8394300E+05 -0.000E+00 -0.000E+00  0.000E+00
 -1.8394100E+05 -0.000E+00 -0.000E+00  0.000E+00
 -1.8393900E+05 -0.000E+00 -0.000E+00  0.000E+00
 -1.8393700E+05 -0.000E+00 -0.000E+00  0.000E+00
 -1.8393500E+05 -0.000E+00 -0.000E+00  0.000E+00
 -1.8393300E+05 -0.000E+00 -0.000E+00  0.000E+00
 -1.8393100E+05 -0.000E+00 -0.000E+00  0.000E+00
 -1.8392900E+05 -0.000E+00 -0.000E+00  0.000E+00
 -1.8392700E+05 -0.000E+00 -0.000E+00  0.000E+00
 -1.8392500E+05 -0.000E+00 -0.000E+00  0.000E+00
 -1.8392300E+05 -0.000E+00 -0.000E+00  0.000E+00
 -1.8392100E+05 -0.000E+00 -0.000E+00  0.000E+00
 -1.8391900E+05 -0.000E+00 -0.000E+00  0.000E+00
 -1.8391700E+05 -0.000E+00 -0.000E+00  0.000E+00
 -1.8391500E+05 -0.000E+00 -0.000E+00  0.000E+00
 -1.8391300E+05 -0.000E+00 -0.000E+00  0.000E+00
 -1.8391100E+05 -0.000E+00 -0.000E+00  0.000E+00
 -1.8390900E+05 -0.000E+00 -0.000E+00  0.000E+00
 -1.8390700E+05 -0.000E+00 -0.000E+00  0.000E+00
 -1.8390500E+05 -0.000E+00 -0.000E+00  0.000E+00
 -1.8390300E+05  3.985E-08 -1.633E-08  1.165E-07
 -1.8390100E+05 -4.921E-06  1.410E-06 -8.809E-06
 -1.8389900E+05 -1.387E-05  2.379E-06 -1.029E-05
 -1.8389700E+05 -6.222E-06  3.327E-06 -2.503E-05
 -1.8389500E+05  3.706E-05 -4.424E-06  1.006E-05
 -1.8389300E+05 -4.396E-05 -3.968E-06  7.124E-05
 -1.8389100E+05  6.697E-05 -4.779E-06 -1.109E-05
 -1.8388900E+05 -3.359E-05  1.383E-05 -9.702E-05
 -1.8388700E+05 -2.371E-05  1.822E-05 -1.433E-04
 -1.8388500E+05 -3.040E-04  7.577E-05 -4.331E-04
 -1.8388300E+05 -2.956E-04  8.783E-05 -5.434E-04
 -1.8388100E+05 -1.319E-03  1.383E-04 -1.897E-04
 -1.8387900E+05 -1.471E-03  2.147E-04 -7.062E-04
 -1.8387700E+05 -4.046E-03  2.205E-04  1.295E-03
 -1.8387500E+05 -2.928E-03  3.039E-04 -3.918E-04
 -1.8387300E+05 -2.247E-03  3.621E-04 -1.395E-03
 -1.8387100E+05 -3.302E-03  4.259E-04 -1.129E-03
 -1.8386900E+05 -5.556E-03  4.470E-04  4.640E-04
 -1.8386700E+05 -3.376E-03  8.263E-04 -4.576E-03
 -1.8386500E+05 -1.227E-02  1.600E-03 -4.274E-03
 -1.8386300E+05 -1.474E-02  2.137E-03 -7.012E-03
 -1.8386100E+05 -2.927E-02  4.671E-03 -1.746E-02
 -1.8385900E+05 -2.267E-02  2.557E-03 -4.332E-03
 -1.8385700E+05 -1.259E-02  2.708E-03 -1.361E-02
 -1.8385500E+05 -1.803E-02  2.054E-03 -3.636E-03
 -1.8385300E+05 -2.931E-02  3.097E-03 -3.776E-03
 -1.8385100E+05 -4.812E-02  9.024E-03 -3.992E-02
 -1.8384900E+05 -2.434E-02  4.310E-03 -1.794E-02
 -1.8384700E+05 -6.184E-02  8.383E-03 -2.375E-02
 -1.8384500E+05 -4.281E-02  7.904E-03 -3.408E-02
 -1.8384300E+05 -7.907E-02  1.209E-02 -4.178E-02
 -1.8384100E+05 -6.471E-02  1.157E-02 -4.805E-02
 -1.8383900E+05 -7.377E-02  9.231E-03 -2.128E-02
 -1.8383700E+05 -1.133E-01  1.173E-02 -1.194E-02
 -1.8383500E+05 -1.333E-01  2.001E-02 -6.596E-02
 -1.8383300E+05 -1.178E-01  2.158E-02 -9.119E-02
 -1.8383100E+05 -8.890E-02  1.962E-02 -9.687E-02
 -1.8382900E+05 -1.375E-01  1.761E-02 -4.236E-02
 -1.8382700E+05 -1.799E-01  2.698E-02 -8.780E-02
 -1.8382500E+05 -1.869E-01  3.063E-02 -1.126E-01
 -1.8382300E+05 -1.962E-01  3.627E-02 -1.523E-01
 -1.8382100E+05 -2.343E-01  3.357E-02 -1.005E-01
 -1.8381900E+05 -2.324E-01  3.794E-02 -1.376E-01
 -1.8381700E+05 -2.659E-01  3.797E-02 -1.122E-01
 -1.8381500E+05 -3.045E-01  4.356E-02 -1.283E-01
 -1.8381300E+05 -3.280E-01  5.076E-02 -1.694E-01
 -1.8381100E+05 -3.538E-01  5.663E-02 -1.975E-01
 -1.8380900E+05 -3.326E-01  5.515E-02 -2.003E-01
 -1.8380700E+05 -3.465E-01  5.265E-02 -1.689E-01
 -1.8380500E+05 -3.822E-01  6.377E-02 -2.328E-01
 -1.8380300E+05 -4.632E-01  7.434E-02 -2.567E-01
 -1.8380100E+05 -4.199E-01  6.915E-02 -2.462E-01
 -1.8379900E+05 -4.781E-01  8.005E-02 -2.906E-01
 -1.8379700E+05 -5.080E-01  8.540E-02 -3.114E-01
 -1.8379500E+05 -4.966E-01  7.525E-02 -2.369E-01
 -1.8379300E+05 -5.778E-01  9.078E-02 -3.014E-01
 -1.8379100E+05 -6.174E-01  9.689E-02 -3.191E-01
 -1.8378900E+05 -6.056E-01  9.900E-02 -3.436E-01
 -1.8378700E+05 -5.128E-01  9.252E-02 -3.594E-01
 -1.8378500E+05 -6.565E-01  1.024E-01 -3.318E-01
 -1.8378300E+05 -6.576E-01  1.061E-01 -3.586E-01
 -1.8378100E+05 -6.870E-01  1.131E-01 -3.922E-01
 -1.8377900E+05 -7.386E-01  1.196E-01 -4.037E-01
 -1.8377700E+05 -8.382E-01  1.349E-01 -4.503E-01
 -1.8377500E+05 -7.951E-01  1.286E-01 -4.307E-01
 -1.8377300E+05 -8.173E-01  1.371E-01 -4.809E-01
 -1.8377100E+05 -8.270E-01  1.448E-01 -5.334E-01
 -1.8376900E+05 -8.145E-01  1.355E-01 -4.659E-01
 -1.8376700E+05 -8.466E-01  1.414E-01 -4.882E-01
 -1.8376500E+05 -8.726E-01  1.434E-01 -4.830E-01
 -1.8376300E+05 -9.820E-01  1.627E-01 -5.534E-01
 -1.8376100E+05 -9.367E-01  1.479E-01 -4.693E-01
 -1.8375900E+05 -9.084E-01  1.552E-01 -5.454E-01
 -1.8375700E+05 -9.131E-01  1.556E-01 -5.408E-01
 -1.8375500E+05 -9.955E-01  1.514E-01 -4.496E-01
 -1.8375300E+05 -9.415E-01  1.664E-01 -6.036E-01
 -1.8375100E+05 -1.092E+00  1.732E-01 -5.452E-01
 -1.8374900E+05 -9.829E-01  1.791E-01 -6.667E-01
 -1.8374700E+05 -1.007E+00  1.784E-01 -6.436E-01
 -1.8374500E+05 -1.057E+00  1.689E-01 -5.323E-01
 -1.8374300E+05 -1.064E+00  1.749E-01 -5.722E-01
 -1.8374100E+05 -9.857E-01  1.788E-01 -6.539E-01
 -1.8373900E+05 -9.980E-01  1.675E-01 -5.587E-01
 -1.8373700E+05 -1.011E+00  1.746E-01 -5.998E-01
 -1.8373500E+05 -1.010E+00  1.739E-01 -5.957E-01
 -1.8373300E+05 -9.433E-01  1.539E-01 -4.894E-01
 -1.8373100E+05 -1.073E+00  1.769E-01 -5.702E-01
 -1.8372900E+05 -9.125E-01  1.684E-01 -6.171E-01
 -1.8372700E+05 -9.756E-01  1.736E-01 -6.101E-01
 -1.8372500E+05 -9.595E-01  1.750E-01 -6.319E-01
 -1.8372300E+05 -9.642E-01  1.657E-01 -5.542E-01
 -1.8372100E+05 -9.609E-01  1.682E-01 -5.753E-01
 -1.8371900E+05 -1.072E+00  1.813E-01 -5.925E-01
 -1.8371700E+05 -9.360E-01  1.598E-01 -5.243E-01
 -1.8371500E+05 -9.636E-01  1.580E-01 -4.940E-01
 -1.8371300E+05 -8.580E-01  1.536E-01 -5.318E-01
 -1.8371100E+05 -9.394E-01  1.408E-01 -3.782E-01
 -1.8370900E+05 -7.943E-01  1.514E-01 -5.544E-01
 -1.8370700E+05 -7.929E-01  1.468E-01 -5.219E-01
 -1.8370500E+05 -8.385E-01  1.619E-01 -5.981E-01
 -1.8370300E+05 -7.621E-01  1.336E-01 -4.403E-01
