 -1.0872700E+05 -0.000E+00 -0.000E+00  0.000E+00
 -1.0872500E+05 -0.000E+00 -0.000E+00  0.000E+00
 -1.0872300E+05 -0.000E+00 -0.000E+00  0.000E+00
 -1.0872100E+05 -0.000E+00 -0.000E+00  0.000E+00
 -1.0871900E+05 -0.000E+00 -0.000E+00  0.000E+00
 -1.0871700E+05 -0.000E+00 -0.000E+00  0.000E+00
 -1.0871500E+05 -0.000E+00 -0.000E+00  0.000E+00
 -1.0871300E+05 -0.000E+00 -0.000E+00  0.000E+00
 -1.0871100E+05 -0.000E+00 -0.000E+00  0.000E+00
 -1.0870900E+05 -0.000E+00 -0.000E+00  0.000E+00
 -1.0870700E+05 -0.000E+00 -0.000E+00  0.000E+00
 -1.0870500E+05 -0.000E+00 -0.000E+00  0.000E+00
 -1.0870300E+05 -0.000E+00 -0.000E+00  0.000E+00
 -1.0870100E+05 -0.000E+00 -0.000E+00  0.000E+00
 -1.0869900E+05 -0.000E+00 -0.000E+00  0.000E+00
 -1.0869700E+05 -0.000E+00 -0.000E+00  0.000E+00
 -1.0869500E+05 -0.000E+00 -0.000E+00  0.000E+00
 -1.0869300E+05 -0.000E+00 -0.000E+00  0.000E+00
 -1.0869100E+05 -0.000E+00 -0.000E+00  0.000E+00
 -1.0868900E+05 -0.000E+00 -0.000E+00  0.000E+00
 -1.0868700E+05 -0.000E+00 -0.000E+00  0.000E+00
 -1.0868500E+05 -0.000E+00 -0.000E+00  0.000E+00
 -1.0868300E+05 -0.000E+00 -0.000E+00  0.000E+00
 -1.0868100E+05 -0.000E+00 -0.000E+00  0.000E+00
 -1.0867900E+05 -0.000E+00 -0.000E+00  0.000E+00
 -1.0867700E+05 -0.000E+00 -0.000E+00  0.000E+00
 -1.0867500E+05 -0.000E+00 -0.000E+00  0.000E+00
 -1.0867300E+05 -0.000E+00 -0.000E+00  0.000E+00
 -1.0867100E+05 -0.000E+00 -0.000E+00  0.000E+00
 -1.0866900E+05 -0.000E+00 -0.000E+00  0.000E+00
 -1.0866700E+05 -0.000E+00 -0.000E+00  0.000E+00
 -1.0866500E+05 -0.000E+00 -0.000E+00  0.000E+00
 -1.0866300E+05 -0.000E+00 -0.000E+00  0.000E+00
 -1.0866100E+05 -0.000E+00 -0.000E+00  0.000E+00
 -1.0865900E+05 -0.000E+00 -0.000E+00  0.000E+00
 -1.0865700E+05 -0.000E+00 -0.000E+00  0.000E+00
 -1.0865500E+05 -0.000E+00 -0.000E+00  0.000E+00
 -1.0865300E+05 -0.000E+00 -0.000E+00  0.000E+00
 -1.0865100E+05 -0.000E+00 -0.000E+00  0.000E+00
 -1.0864900E+05 -0.000E+00 -0.000E+00  0.000E+00
 -1.0864700E+05 -0.000E+00 -0.000E+00  0.000E+00
 -1.0864500E+05 -0.000E+00 -0.000E+00  0.000E+00
 -1.0864300E+05 -0.000E+00 -0.000E+00  0.000E+00
 -1.0864100E+05 -0.000E+00 -0.000E+00  0.000E+00
 -1.0863900E+05 -0.000E+00 -0.000E+00  0.000E+00
 -1.0863700E+05 -0.000E+00 -0.000E+00  0.000E+00
 -1.0863500E+05 -0.000E+00 -0.000E+00  0.000E+00
 -1.0863300E+05 -0.000E+00 -0.000E+00  0.000E+00
 -1.0863100E+05 -0.000E+00 -0.000E+00  0.000E+00
 -1.0862900E+05 -0.000E+00 -0.000E+00  0.000E+00
 -1.0862700E+05 -0.000E+00 -0.000E+00  0.000E+00
 -1.0862500E+05 -0.000E+00 -0.000E+00  0.000E+00
 -1.0862300E+05 -0.000E+00 -0.000E+00  0.000E+00
 -1.0862100E+05 -0.000E+00 -0.000E+00  0.000E+00
 -1.0861900E+05 -0.000E+00 -0.000E+00  0.000E+00
 -1.0861700E+05 -0.000E+00 -0.000E+00  0.000E+00
 -1.0861500E+05 -0.000E+00 -0.000E+00  0.000E+00
 -1.0861300E+05 -0.000E+00 -0.000E+00  0.000E+00
 -1.0861100E+05 -0.000E+00 -0.000E+00  0.000E+00
 -1.0860900E+05 -0.000E+00 -0.000E+00  0.000E+00
 -1.0860700E+05 -0.000E+00 -0.000E+00  0.000E+00
 -1.0860500E+05 -0.000E+00 -0.000E+00  0.000E+00
 -1.0860300E+05 -0.000E+00 -0.000E+00  0.000E+00
 -1.0860100E+05 -0.000E+00 -0.000E+00  0.000E+00
 -1.0859900E+05 -0.000E+00 -0.000E+00  0.000E+00
 -1.0859700E+05 -0.000E+00 -0.000E+00  0.000E+00
 -1.0859500E+05 -0.000E+00 -0.000E+00  0.000E+00
 -1.0859300E+05 -0.000E+00 -0.000E+00  0.000E+00
 -1.0859100E+05 -0.000E+00 -0.000E+00  0.000E+00
 -1.0858900E+05 -0.000E+00 -0.000E+00  0.000E+00
 -1.0858700E+05 -0.000E+00 -0.000E+00  0.000E+00
 -1.0858500E+05 -0.000E+00 -0.000E+00  0.000E+00
 -1.0858300E+05 -0.000E+00 -0.000E+00  0.000E+00
 -1.0858100E+05 -0.000E+00 -0.000E+00  0.000E+00
 -1.0857900E+05 -0.000E+00 -0.000E+00  0.000E+00
 -1.0857700E+05 -0.000E+00 -0.000E+00  0.000E+00
 -1.0857500E+05 -0.000E+00 -0.000E+00  0.000E+00
 -1.0857300E+05 -0.000E+00 -0.000E+00  0.000E+00
 -1.0857100E+05 -0.000E+00 -0.000E+00  0.000E+00
 -1.0856900E+05 -0.000E+00 -0.000E+00  0.000E+00
 -1.0856700E+05 -0.000E+00 -0.000E+00  0.000E+00
 -1.0856500E+05 -0.000E+00 -0.000E+00  0.000E+00
 -1.0856300E+05 -0.000E+00 -0.000E+00  0.000E+00
 -1.0856100E+05 -0.000E+00 -0.000E+00  0.000E+00
 -1.0855900E+05 -0.000E+00 -0.000E+00  0.000E+00
 -1.0855700E+05 -0.000E+00 -0.000E+00  0.000E+00
 -1.0855500E+05 -0.000E+00 -0.000E+00  0.000E+00
 -1.0855300E+05 -0.000E+00 -0.000E+00  0.000E+00
 -1.0855100E+05 -0.000E+00 -0.000E+00  0.000E+00
 -1.0854900E+05 -0.000E+00 -0.000E+00  0.000E+00
 -1.0854700E+05 -0.000E+00 -0.000E+00  0.000E+00
 -1.0854500E+05 -0.000E+00 -0.000E+00  0.000E+00
 -1.0854300E+05 -0.000E+00 -0.000E+00  0.000E+00
 -1.0854100E+05 -0.000E+00 -0.000E+00  0.000E+00
 -1.0853900E+05 -0.000E+00 -0.000E+00  0.000E+00
 -1.0853700E+05  4.706E-08 -1.512E-08  1.042E-07
 -1.0853500E+05 -1.125E-05  1.764E-06 -5.945E-06
 -1.0853300E+05 -1.217E-05  1.718E-06 -4.456E-06
 -1.0853100E+05 -4.269E-05  6.966E-06 -2.508E-05
 -1.0852900E+05 -5.921E-04  9.660E-05 -3.457E-04
 -1.0852700E+05  1.192E-04 -2.388E-05  1.148E-04
 -1.0852500E+05 -4.303E-04  4.076E-05  4.947E-05
 -1.0852300E+05 -3.830E-04  8.856E-05 -4.853E-04
 -1.0852100E+05 -3.222E-04  6.516E-05 -3.113E-04
 -1.0851900E+05 -8.024E-04  1.961E-04 -1.116E-03
 -1.0851700E+05 -1.053E-03  1.784E-04 -6.617E-04
 -1.0851500E+05  4.746E-05  4.703E-06 -9.843E-05
 -1.0851300E+05  1.372E-03 -3.244E-04  1.776E-03
 -1.0851100E+05 -8.743E-03  1.363E-03 -4.256E-03
 -1.0850900E+05 -2.323E-03  8.369E-04 -5.880E-03
 -1.0850700E+05 -1.023E-02  1.933E-03 -8.285E-03
 -1.0850500E+05 -1.155E-02  1.484E-03 -2.329E-03
 -1.0850300E+05 -1.821E-02  3.235E-03 -1.250E-02
 -1.0850100E+05 -9.366E-03  1.922E-03 -8.892E-03
 -1.0849900E+05 -3.281E-02  5.443E-03 -1.861E-02
 -1.0849700E+05 -1.942E-02  3.385E-03 -1.262E-02
 -1.0849500E+05 -3.696E-02  5.822E-03 -1.774E-02
 -1.0849300E+05 -3.141E-02  5.778E-03 -2.322E-02
 -1.0849100E+05 -5.309E-02  1.046E-02 -4.546E-02
 -1.0848900E+05 -5.067E-02  9.136E-03 -3.543E-02
 -1.0848700E+05 -7.809E-02  1.338E-02 -4.674E-02
 -1.0848500E+05 -8.280E-02  1.293E-02 -3.743E-02
 -1.0848300E+05 -1.168E-01  2.136E-02 -8.290E-02
 -1.0848100E+05 -1.001E-01  1.818E-02 -6.935E-02
 -1.0847900E+05 -9.745E-02  1.968E-02 -8.686E-02
 -1.0847700E+05 -1.518E-01  2.647E-02 -9.361E-02
 -1.0847500E+05 -1.441E-01  2.425E-02 -7.985E-02
 -1.0847300E+05 -1.458E-01  2.573E-02 -9.226E-02
 -1.0847100E+05 -1.533E-01  2.746E-02 -1.007E-01
 -1.0846900E+05 -2.434E-01  4.363E-02 -1.593E-01
 -1.0846700E+05 -2.578E-01  4.800E-02 -1.851E-01
 -1.0846500E+05 -3.136E-01  5.418E-02 -1.834E-01
 -1.0846300E+05 -3.095E-01  5.622E-02 -2.064E-01
 -1.0846100E+05 -3.025E-01  5.298E-02 -1.811E-01
 -1.0845900E+05 -3.869E-01  7.166E-02 -2.690E-01
 -1.0845700E+05 -4.570E-01  7.715E-02 -2.452E-01
 -1.0845500E+05 -3.818E-01  6.626E-02 -2.191E-01
 -1.0845300E+05 -3.812E-01  7.314E-02 -2.859E-01
 -1.0845100E+05 -5.435E-01  1.028E-01 -3.918E-01
 -1.0844900E+05 -5.326E-01  9.279E-02 -3.056E-01
 -1.0844700E+05 -5.071E-01  9.369E-02 -3.418E-01
 -1.0844500E+05 -5.730E-01  1.003E-01 -3.301E-01
 -1.0844300E+05 -6.401E-01  1.131E-01 -3.769E-01
 -1.0844100E+05 -6.450E-01  1.154E-01 -3.925E-01
 -1.0843900E+05 -7.155E-01  1.297E-01 -4.484E-01
 -1.0843700E+05 -6.120E-01  1.126E-01 -3.983E-01
 -1.0843500E+05 -7.465E-01  1.385E-01 -4.941E-01
 -1.0843300E+05 -8.459E-01  1.526E-01 -5.177E-01
 -1.0843100E+05 -9.356E-01  1.761E-01 -6.394E-01
 -1.0842900E+05 -9.137E-01  1.667E-01 -5.710E-01
 -1.0842700E+05 -9.339E-01  1.719E-01 -5.945E-01
 -1.0842500E+05 -9.347E-01  1.647E-01 -5.214E-01
 -1.0842300E+05 -9.387E-01  1.739E-01 -5.998E-01
 -1.0842100E+05 -8.861E-01  1.776E-01 -6.993E-01
 -1.0841900E+05 -1.067E+00  1.955E-01 -6.559E-01
 -1.0841700E+05 -9.128E-01  1.679E-01 -5.624E-01
 -1.0841500E+05 -1.032E+00  1.917E-01 -6.559E-01
 -1.0841300E+05 -1.079E+00  1.931E-01 -6.142E-01
 -1.0841100E+05 -1.132E+00  2.123E-01 -7.331E-01
 -1.0840900E+05 -1.054E+00  2.007E-01 -7.065E-01
 -1.0840700E+05 -1.220E+00  2.326E-01 -8.159E-01
 -1.0840500E+05 -1.080E+00  2.116E-01 -7.689E-01
 -1.0840300E+05 -1.121E+00  2.040E-01 -6.537E-01
 -1.0840100E+05 -1.021E+00  1.900E-01 -6.279E-01
 -1.0839900E+05 -1.004E+00  1.915E-01 -6.574E-01
 -1.0839700E+05 -1.137E+00  2.048E-01 -6.330E-01
 -1.0839500E+05 -1.126E+00  2.119E-01 -7.079E-01
 -1.0839300E+05 -1.120E+00  2.112E-01 -6.990E-01
 -1.0839100E+05 -9.550E-01  1.859E-01 -6.481E-01
 -1.0838900E+05 -9.471E-01  1.810E-01 -6.061E-01
 -1.0838700E+05 -1.033E+00  2.017E-01 -7.012E-01
 -1.0838500E+05 -9.115E-01  1.814E-01 -6.484E-01
 -1.0838300E+05 -1.141E+00  2.122E-01 -6.721E-01
 -1.0838100E+05 -8.402E-01  1.704E-01 -6.207E-01
 -1.0837900E+05 -9.207E-01  1.734E-01 -5.559E-01
 -1.0837700E+05 -8.485E-01  1.550E-01 -4.611E-01
 -1.0837500E+05 -8.937E-01  1.719E-01 -5.684E-01
 -1.0837300E+05 -9.287E-01  1.770E-01 -5.700E-01
 -1.0837100E+05 -8.721E-01  1.636E-01 -5.085E-01
 -1.0836900E+05 -6.751E-01  1.289E-01 -4.025E-01
 -1.0836700E+05 -5.904E-01  1.388E-01 -5.906E-01
 -1.0836500E+05 -7.362E-01  1.363E-01 -4.002E-01
 -1.0836300E+05 -7.525E-01  1.305E-01 -3.278E-01
 -1.0836100E+05 -7.354E-01  1.440E-01 -4.687E-01
 -1.0835900E+05 -6.715E-01  1.224E-01 -3.432E-01
 -1.0835700E+05 -5.263E-01  9.982E-02 -2.968E-01
 -1.0835500E+05 -5.478E-01  1.140E-01 -4.055E-01
 -1.0835300E+05 -5.352E-01  1.073E-01 -3.492E-01
 -1.0835100E+05 -4.696E-01  8.953E-02 -2.627E-01
 -1.0834900E+05 -3.721E-01  8.747E-02 -3.493E-01
