  4.3511000E+04 -0.000E+00 -0.000E+00  0.000E+00
  4.3513000E+04 -0.000E+00 -0.000E+00  0.000E+00
  4.3515000E+04 -0.000E+00 -0.000E+00  0.000E+00
  4.3517000E+04 -0.000E+00 -0.000E+00  0.000E+00
  4.3519000E+04 -0.000E+00 -0.000E+00  0.000E+00
  4.3521000E+04 -0.000E+00 -0.000E+00  0.000E+00
  4.3523000E+04 -0.000E+00 -0.000E+00  0.000E+00
  4.3525000E+04 -0.000E+00 -0.000E+00  0.000E+00
  4.3527000E+04 -0.000E+00 -0.000E+00  0.000E+00
  4.3529000E+04 -0.000E+00 -0.000E+00  0.000E+00
  4.3531000E+04 -0.000E+00 -0.000E+00  0.000E+00
  4.3533000E+04 -0.000E+00 -0.000E+00  0.000E+00
  4.3535000E+04 -0.000E+00 -0.000E+00  0.000E+00
  4.3537000E+04 -0.000E+00 -0.000E+00  0.000E+00
  4.3539000E+04 -0.000E+00 -0.000E+00  0.000E+00
  4.3541000E+04 -0.000E+00 -0.000E+00  0.000E+00
  4.3543000E+04 -0.000E+00 -0.000E+00  0.000E+00
  4.3545000E+04 -0.000E+00 -0.000E+00  0.000E+00
  4.3547000E+04 -0.000E+00 -0.000E+00  0.000E+00
  4.3549000E+04 -0.000E+00 -0.000E+00  0.000E+00
  4.3551000E+04 -0.000E+00 -0.000E+00  0.000E+00
  4.3553000E+04 -0.000E+00 -0.000E+00  0.000E+00
  4.3555000E+04 -0.000E+00 -0.000E+00  0.000E+00
  4.3557000E+04 -0.000E+00 -0.000E+00  0.000E+00
  4.3559000E+04 -0.000E+00 -0.000E+00  0.000E+00
  4.3561000E+04 -0.000E+00 -0.000E+00  0.000E+00
  4.3563000E+04 -0.000E+00 -0.000E+00  0.000E+00
  4.3565000E+04 -0.000E+00 -0.000E+00  0.000E+00
  4.3567000E+04 -0.000E+00 -0.000E+00  0.000E+00
  4.3569000E+04 -0.000E+00 -0.000E+00  0.000E+00
  4.3571000E+04 -0.000E+00 -0.000E+00  0.000E+00
  4.3573000E+04 -0.000E+00 -0.000E+00  0.000E+00
  4.3575000E+04 -0.000E+00 -0.000E+00  0.000E+00
  4.3577000E+04 -0.000E+00 -0.000E+00  0.000E+00
  4.3579000E+04 -0.000E+00 -0.000E+00  0.000E+00
  4.3581000E+04 -0.000E+00 -0.000E+00  0.000E+00
  4.3583000E+04 -0.000E+00 -0.000E+00  0.000E+00
  4.3585000E+04 -0.000E+00 -0.000E+00  0.000E+00
  4.3587000E+04 -0.000E+00 -0.000E+00  0.000E+00
  4.3589000E+04 -0.000E+00 -0.000E+00  0.000E+00
  4.3591000E+04 -0.000E+00 -0.000E+00  0.000E+00
  4.3593000E+04 -0.000E+00 -0.000E+00  0.000E+00
  4.3595000E+04 -0.000E+00 -0.000E+00  0.000E+00
  4.3597000E+04 -0.000E+00 -0.000E+00  0.000E+00
  4.3599000E+04 -0.000E+00 -0.000E+00  0.000E+00
  4.3601000E+04 -0.000E+00 -0.000E+00  0.000E+00
  4.3603000E+04 -0.000E+00 -0.000E+00  0.000E+00
  4.3605000E+04 -0.000E+00 -0.000E+00  0.000E+00
  4.3607000E+04 -0.000E+00 -0.000E+00  0.000E+00
  4.3609000E+04 -0.000E+00 -0.000E+00  0.000E+00
  4.3611000E+04 -0.000E+00 -0.000E+00  0.000E+00
  4.3613000E+04 -0.000E+00 -0.000E+00  0.000E+00
  4.3615000E+04 -0.000E+00 -0.000E+00  0.000E+00
  4.3617000E+04 -0.000E+00 -0.000E+00  0.000E+00
  4.3619000E+04 -0.000E+00 -0.000E+00  0.000E+00
  4.3621000E+04 -0.000E+00 -0.000E+00  0.000E+00
  4.3623000E+04 -0.000E+00 -0.000E+00  0.000E+00
  4.3625000E+04 -0.000E+00 -0.000E+00  0.000E+00
  4.3627000E+04 -0.000E+00 -0.000E+00  0.000E+00
  4.3629000E+04 -0.000E+00 -0.000E+00  0.000E+00
  4.3631000E+04 -0.000E+00 -0.000E+00  0.000E+00
  4.3633000E+04 -0.000E+00 -0.000E+00  0.000E+00
  4.3635000E+04 -0.000E+00 -0.000E+00  0.000E+00
  4.3637000E+04 -0.000E+00 -0.000E+00  0.000E+00
  4.3639000E+04 -0.000E+00 -0.000E+00  0.000E+00
  4.3641000E+04 -0.000E+00 -0.000E+00  0.000E+00
  4.3643000E+04 -0.000E+00 -0.000E+00  0.000E+00
  4.3645000E+04 -0.000E+00 -0.000E+00  0.000E+00
  4.3647000E+04 -0.000E+00 -0.000E+00  0.000E+00
  4.3649000E+04 -0.000E+00 -0.000E+00  0.000E+00
  4.3651000E+04 -0.000E+00 -0.000E+00  0.000E+00
  4.3653000E+04 -0.000E+00 -0.000E+00  0.000E+00
  4.3655000E+04 -0.000E+00 -0.000E+00  0.000E+00
  4.3657000E+04 -0.000E+00 -0.000E+00  0.000E+00
  4.3659000E+04 -0.000E+00 -0.000E+00  0.000E+00
  4.3661000E+04 -0.000E+00 -0.000E+00  0.000E+00
  4.3663000E+04 -0.000E+00 -0.000E+00  0.000E+00
  4.3665000E+04 -0.000E+00 -0.000E+00  0.000E+00
  4.3667000E+04 -0.000E+00 -0.000E+00  0.000E+00
  4.3669000E+04 -0.000E+00 -0.000E+00  0.000E+00
  4.3671000E+04 -0.000E+00 -0.000E+00  0.000E+00
  4.3673000E+04 -0.000E+00 -0.000E+00  0.000E+00
  4.3675000E+04 -0.000E+00 -0.000E+00  0.000E+00
  4.3677000E+04  2.933E-08 -7.767E-09  5.904E-08
  4.3679000E+04 -1.423E-05  1.397E-06  1.026E-06
  4.3681000E+04 -5.582E-05  5.814E-06  2.739E-08
  4.3683000E+04 -6.476E-05  4.669E-05 -5.002E-04
  4.3685000E+04 -2.474E-04  1.883E-05  8.758E-05
  4.3687000E+04 -2.656E-04  2.303E-05  6.068E-05
  4.3689000E+04 -6.618E-04  7.459E-05 -6.213E-05
  4.3691000E+04 -1.566E-03  2.086E-04 -5.404E-04
  4.3693000E+04 -6.140E-04  3.180E-04 -3.180E-03
  4.3695000E+04 -1.662E-03  5.126E-04 -4.244E-03
  4.3697000E+04 -5.337E-03  1.169E-03 -7.617E-03
  4.3699000E+04 -9.621E-03  1.658E-03 -8.028E-03
  4.3701000E+04 -2.331E-02  3.648E-03 -1.473E-02
  4.3703000E+04 -2.182E-02  3.814E-03 -1.871E-02
  4.3705000E+04 -2.825E-02  4.694E-03 -2.111E-02
  4.3707000E+04 -3.567E-02  6.444E-03 -3.316E-02
  4.3709000E+04 -6.418E-02  1.032E-02 -4.332E-02
  4.3711000E+04 -7.336E-02  1.332E-02 -6.861E-02
  4.3713000E+04 -1.006E-01  1.683E-02 -7.560E-02
  4.3715000E+04 -1.135E-01  1.990E-02 -9.661E-02
  4.3717000E+04 -1.374E-01  2.297E-02 -1.025E-01
  4.3719000E+04 -1.629E-01  2.788E-02 -1.292E-01
  4.3721000E+04 -2.683E-01  4.665E-02 -2.215E-01
  4.3723000E+04 -3.206E-01  5.329E-02 -2.328E-01
  4.3725000E+04 -3.899E-01  6.449E-02 -2.777E-01
  4.3727000E+04 -4.592E-01  7.628E-02 -3.296E-01
  4.3729000E+04 -4.687E-01  7.723E-02 -3.272E-01
  4.3731000E+04 -5.313E-01  9.240E-02 -4.314E-01
  4.3733000E+04 -6.686E-01  1.092E-01 -4.511E-01
  4.3735000E+04 -7.658E-01  1.261E-01 -5.272E-01
  4.3737000E+04 -8.361E-01  1.360E-01 -5.532E-01
  4.3739000E+04 -8.777E-01  1.502E-01 -6.740E-01
  4.3741000E+04 -1.030E+00  1.711E-01 -7.201E-01
  4.3743000E+04 -1.192E+00  1.949E-01 -7.899E-01
  4.3745000E+04 -1.249E+00  2.040E-01 -8.225E-01
  4.3747000E+04 -1.301E+00  2.151E-01 -8.867E-01
  4.3749000E+04 -1.340E+00  2.273E-01 -9.818E-01
  4.3751000E+04 -1.445E+00  2.358E-01 -9.368E-01
  4.3753000E+04 -1.609E+00  2.663E-01 -1.088E+00
  4.3755000E+04 -1.613E+00  2.661E-01 -1.073E+00
  4.3757000E+04 -1.607E+00  2.677E-01 -1.098E+00
  4.3759000E+04 -1.576E+00  2.672E-01 -1.131E+00
  4.3761000E+04 -1.579E+00  2.671E-01 -1.121E+00
  4.3763000E+04 -1.794E+00  2.915E-01 -1.114E+00
  4.3765000E+04 -1.571E+00  2.619E-01 -1.057E+00
  4.3767000E+04 -1.558E+00  2.616E-01 -1.069E+00
  4.3769000E+04 -1.478E+00  2.548E-01 -1.094E+00
  4.3771000E+04 -1.333E+00  2.283E-01 -9.612E-01
  4.3773000E+04 -1.481E+00  2.385E-01 -8.706E-01
  4.3775000E+04 -1.286E+00  2.153E-01 -8.575E-01
  4.3777000E+04 -1.306E+00  2.149E-01 -8.217E-01
  4.3779000E+04 -1.134E+00  1.871E-01 -7.133E-01
  4.3781000E+04 -1.094E+00  1.823E-01 -7.076E-01
  4.3783000E+04 -1.098E+00  1.851E-01 -7.389E-01
  4.3785000E+04 -9.233E-01  1.518E-01 -5.668E-01
  4.3787000E+04 -7.656E-01  1.299E-01 -5.168E-01
  4.3789000E+04 -7.589E-01  1.279E-01 -4.978E-01
  4.3791000E+04 -7.310E-01  1.201E-01 -4.387E-01
  4.3793000E+04 -5.157E-01  8.635E-02 -3.240E-01
  4.3795000E+04 -5.744E-01  1.032E-01 -4.509E-01
  4.3797000E+04 -5.375E-01  9.422E-02 -3.918E-01
  4.3799000E+04 -3.983E-01  6.333E-02 -2.013E-01
  4.3801000E+04 -3.483E-01  6.047E-02 -2.392E-01
  4.3803000E+04 -2.776E-01  4.379E-02 -1.312E-01
  4.3805000E+04 -1.712E-01  2.755E-02 -8.058E-02
  4.3807000E+04 -2.307E-01  3.825E-02 -1.317E-01
  4.3809000E+04 -1.234E-01  1.465E-02  1.166E-02
  4.3811000E+04 -1.304E-01  2.352E-02 -8.506E-02
  4.3813000E+04  5.242E-03  5.946E-04 -9.772E-04
  4.3815000E+04 -6.458E-02  1.479E-02 -7.525E-02
  4.3817000E+04  3.808E-02 -6.403E-03  3.803E-02
  4.3819000E+04  3.079E-02 -6.772E-03  5.579E-02
  4.3821000E+04  7.183E-02 -1.179E-02  5.541E-02
  4.3823000E+04  5.511E-02 -1.311E-02  9.929E-02
  4.3825000E+04  1.821E-01 -2.729E-02  9.129E-02
  4.3827000E+04  6.805E-02 -1.168E-02  6.128E-02
  4.3829000E+04  1.945E-01 -2.939E-02  9.829E-02
  4.3831000E+04  1.474E-01 -2.149E-02  6.130E-02
  4.3833000E+04  1.833E-01 -2.902E-02  1.072E-01
  4.3835000E+04  1.879E-01 -3.033E-02  1.197E-01
  4.3837000E+04  1.374E-01 -2.324E-02  1.023E-01
  4.3839000E+04  1.554E-01 -3.059E-02  1.696E-01
  4.3841000E+04  1.993E-01 -3.469E-02  1.582E-01
  4.3843000E+04  1.569E-01 -2.595E-02  1.046E-01
  4.3845000E+04  2.267E-01 -3.809E-02  1.566E-01
  4.3847000E+04  1.954E-01 -3.625E-02  1.816E-01
  4.3849000E+04  2.065E-01 -3.678E-02  1.735E-01
  4.3851000E+04  2.454E-01 -4.146E-02  1.738E-01
  4.3853000E+04  2.458E-01 -4.221E-02  1.797E-01
  4.3855000E+04  2.193E-01 -3.762E-02  1.593E-01
  4.3857000E+04  2.023E-01 -3.427E-02  1.454E-01
  4.3859000E+04  2.411E-01 -3.718E-02  1.194E-01
  4.3861000E+04  2.242E-01 -3.838E-02  1.645E-01
  4.3863000E+04  1.989E-01 -3.356E-02  1.418E-01
  4.3865000E+04  1.929E-01 -3.462E-02  1.606E-01
  4.3867000E+04  2.243E-01 -3.857E-02  1.657E-01
  4.3869000E+04  2.333E-01 -3.811E-02  1.442E-01
  4.3871000E+04  2.312E-01 -3.791E-02  1.478E-01
  4.3873000E+04  2.530E-01 -4.119E-02  1.549E-01
  4.3875000E+04  1.698E-01 -3.174E-02  1.589E-01
  4.3877000E+04  1.882E-01 -3.859E-02  2.184E-01
  4.3879000E+04  2.502E-01 -3.839E-02  1.223E-01
  4.3881000E+04  2.234E-01 -3.890E-02  1.708E-01
  4.3883000E+04  2.258E-01 -3.594E-02  1.280E-01
  4.3885000E+04  2.014E-01 -3.449E-02  1.481E-01
  4.3887000E+04  2.220E-01 -3.797E-02  1.580E-01
  4.3889000E+04  2.190E-01 -3.718E-02  1.554E-01
