  1.7030100E+05 -0.000E+00 -0.000E+00  0.000E+00
  1.7030300E+05 -0.000E+00 -0.000E+00  0.000E+00
  1.7030500E+05 -0.000E+00 -0.000E+00  0.000E+00
  1.7030700E+05 -0.000E+00 -0.000E+00  0.000E+00
  1.7030900E+05 -0.000E+00 -0.000E+00  0.000E+00
  1.7031100E+05 -0.000E+00 -0.000E+00  0.000E+00
  1.7031300E+05 -0.000E+00 -0.000E+00  0.000E+00
  1.7031500E+05 -0.000E+00 -0.000E+00  0.000E+00
  1.7031700E+05 -0.000E+00 -0.000E+00  0.000E+00
  1.7031900E+05 -0.000E+00 -0.000E+00  0.000E+00
  1.7032100E+05 -0.000E+00 -0.000E+00  0.000E+00
  1.7032300E+05 -0.000E+00 -0.000E+00  0.000E+00
  1.7032500E+05 -0.000E+00 -0.000E+00  0.000E+00
  1.7032700E+05 -0.000E+00 -0.000E+00  0.000E+00
  1.7032900E+05 -0.000E+00 -0.000E+00  0.000E+00
  1.7033100E+05 -0.000E+00 -0.000E+00  0.000E+00
  1.7033300E+05 -0.000E+00 -0.000E+00  0.000E+00
  1.7033500E+05 -0.000E+00 -0.000E+00  0.000E+00
  1.7033700E+05 -0.000E+00 -0.000E+00  0.000E+00
  1.7033900E+05 -0.000E+00 -0.000E+00  0.000E+00
  1.7034100E+05 -0.000E+00 -0.000E+00  0.000E+00
  1.7034300E+05 -0.000E+00 -0.000E+00  0.000E+00
  1.7034500E+05 -0.000E+00 -0.000E+00  0.000E+00
  1.7034700E+05 -0.000E+00 -0.000E+00  0.000E+00
  1.7034900E+05 -0.000E+00 -0.000E+00  0.000E+00
  1.7035100E+05 -0.000E+00 -0.000E+00  0.000E+00
  1.7035300E+05 -0.000E+00 -0.000E+00  0.000E+00
  1.7035500E+05 -0.000E+00 -0.000E+00  0.000E+00
  1.7035700E+05 -0.000E+00 -0.000E+00  0.000E+00
  1.7035900E+05 -0.000E+00 -0.000E+00  0.000E+00
  1.7036100E+05 -0.000E+00 -0.000E+00  0.000E+00
  1.7036300E+05 -0.000E+00 -0.000E+00  0.000E+00
  1.7036500E+05 -0.000E+00 -0.000E+00  0.000E+00
  1.7036700E+05 -0.000E+00 -0.000E+00  0.000E+00
  1.7036900E+05 -0.000E+00 -0.000E+00  0.000E+00
  1.7037100E+05 -0.000E+00 -0.000E+00  0.000E+00
  1.7037300E+05 -0.000E+00 -0.000E+00  0.000E+00
  1.7037500E+05 -0.000E+00 -0.000E+00  0.000E+00
  1.7037700E+05 -0.000E+00 -0.000E+00  0.000E+00
  1.7037900E+05 -0.000E+00 -0.000E+00  0.000E+00
  1.7038100E+05 -0.000E+00 -0.000E+00  0.000E+00
  1.7038300E+05 -0.000E+00 -0.000E+00  0.000E+00
  1.7038500E+05 -0.000E+00 -0.000E+00  0.000E+00
  1.7038700E+05 -0.000E+00 -0.000E+00  0.000E+00
  1.7038900E+05 -0.000E+00 -0.000E+00  0.000E+00
  1.7039100E+05 -0.000E+00 -0.000E+00  0.000E+00
  1.7039300E+05 -0.000E+00 -0.000E+00  0.000E+00
  1.7039500E+05 -0.000E+00 -0.000E+00  0.000E+00
  1.7039700E+05 -0.000E+00 -0.000E+00  0.000E+00
  1.7039900E+05 -0.000E+00 -0.000E+00  0.000E+00
  1.7040100E+05 -0.000E+00 -0.000E+00  0.000E+00
  1.7040300E+05 -0.000E+00 -0.000E+00  0.000E+00
  1.7040500E+05 -0.000E+00 -0.000E+00  0.000E+00
  1.7040700E+05 -0.000E+00 -0.000E+00  0.000E+00
  1.7040900E+05 -0.000E+00 -0.000E+00  0.000E+00
  1.7041100E+05 -0.000E+00 -0.000E+00  0.000E+00
  1.7041300E+05 -0.000E+00 -0.000E+00  0.000E+00
  1.7041500E+05 -0.000E+00 -0.000E+00  0.000E+00
  1.7041700E+05 -0.000E+00 -0.000E+00  0.000E+00
  1.7041900E+05 -0.000E+00 -0.000E+00  0.000E+00
  1.7042100E+05 -0.000E+00 -0.000E+00  0.000E+00
  1.7042300E+05 -0.000E+00 -0.000E+00  0.000E+00
  1.7042500E+05 -0.000E+00 -0.000E+00  0.000E+00
  1.7042700E+05 -0.000E+00 -0.000E+00  0.000E+00
  1.7042900E+05 -0.000E+00 -0.000E+00  0.000E+00
  1.7043100E+05 -0.000E+00 -0.000E+00  0.000E+00
  1.7043300E+05 -0.000E+00 -0.000E+00  0.000E+00
  1.7043500E+05 -0.000E+00 -0.000E+00  0.000E+00
  1.7043700E+05 -0.000E+00 -0.000E+00  0.000E+00
  1.7043900E+05 -0.000E+00 -0.000E+00  0.000E+00
  1.7044100E+05 -0.000E+00 -0.000E+00  0.000E+00
  1.7044300E+05 -0.000E+00 -0.000E+00  0.000E+00
  1.7044500E+05 -0.000E+00 -0.000E+00  0.000E+00
  1.7044700E+05 -0.000E+00 -0.000E+00  0.000E+00
  1.7044900E+05 -0.000E+00 -0.000E+00  0.000E+00
  1.7045100E+05 -0.000E+00 -0.000E+00  0.000E+00
  1.7045300E+05 -0.000E+00 -0.000E+00  0.000E+00
  1.7045500E+05 -0.000E+00 -0.000E+00  0.000E+00
  1.7045700E+05 -8.587E-07 -2.063E-08  1.453E-06
  1.7045900E+05 -2.430E-05  1.224E-06  1.514E-05
  1.7046100E+05 -3.754E-05  1.041E-05 -1.002E-04
  1.7046300E+05 -2.014E-04  3.658E-05 -2.578E-04
  1.7046500E+05 -2.282E-04 -5.176E-06  3.870E-04
  1.7046700E+05 -6.552E-04  8.124E-05 -2.860E-04
  1.7046900E+05 -6.561E-04  2.074E-04 -2.132E-03
  1.7047100E+05 -4.439E-03  7.028E-04 -4.182E-03
  1.7047300E+05 -9.423E-03  1.321E-03 -6.356E-03
  1.7047500E+05 -1.687E-02  2.249E-03 -9.669E-03
  1.7047700E+05 -2.080E-02  3.134E-03 -1.728E-02
  1.7047900E+05 -3.274E-02  4.685E-03 -2.353E-02
  1.7048100E+05 -6.129E-02  8.145E-03 -3.474E-02
  1.7048300E+05 -9.278E-02  1.224E-02 -5.121E-02
  1.7048500E+05 -9.955E-02  1.551E-02 -9.055E-02
  1.7048700E+05 -1.399E-01  1.943E-02 -9.180E-02
  1.7048900E+05 -2.085E-01  2.933E-02 -1.426E-01
  1.7049100E+05 -2.933E-01  3.921E-02 -1.694E-01
  1.7049300E+05 -3.889E-01  5.716E-02 -3.030E-01
  1.7049500E+05 -4.811E-01  6.571E-02 -2.987E-01
  1.7049700E+05 -5.877E-01  8.178E-02 -3.883E-01
  1.7049900E+05 -7.339E-01  1.020E-01 -4.832E-01
  1.7050100E+05 -8.853E-01  1.224E-01 -5.727E-01
  1.7050300E+05 -1.074E+00  1.522E-01 -7.507E-01
  1.7050500E+05 -1.191E+00  1.642E-01 -7.640E-01
  1.7050700E+05 -1.338E+00  1.864E-01 -8.870E-01
  1.7050900E+05 -1.431E+00  2.034E-01 -1.013E+00
  1.7051100E+05 -1.709E+00  2.393E-01 -1.154E+00
  1.7051300E+05 -1.903E+00  2.631E-01 -1.232E+00
  1.7051500E+05 -1.889E+00  2.653E-01 -1.289E+00
  1.7051700E+05 -1.991E+00  2.788E-01 -1.348E+00
  1.7051900E+05 -2.093E+00  2.899E-01 -1.365E+00
  1.7052100E+05 -2.041E+00  2.845E-01 -1.359E+00
  1.7052300E+05 -1.839E+00  2.673E-01 -1.398E+00
  1.7052500E+05 -2.029E+00  2.869E-01 -1.420E+00
  1.7052700E+05 -1.824E+00  2.562E-01 -1.248E+00
  1.7052900E+05 -1.676E+00  2.375E-01 -1.182E+00
  1.7053100E+05 -1.605E+00  2.291E-01 -1.159E+00
  1.7053300E+05 -1.405E+00  1.976E-01 -9.695E-01
  1.7053500E+05 -1.275E+00  1.711E-01 -7.471E-01
  1.7053700E+05 -1.120E+00  1.581E-01 -7.823E-01
  1.7053900E+05 -9.029E-01  1.316E-01 -6.999E-01
  1.7054100E+05 -8.461E-01  1.134E-01 -4.945E-01
  1.7054300E+05 -6.825E-01  9.971E-02 -5.355E-01
  1.7054500E+05 -6.153E-01  8.654E-02 -4.276E-01
  1.7054700E+05 -4.341E-01  6.540E-02 -3.749E-01
  1.7054900E+05 -3.865E-01  4.978E-02 -1.974E-01
  1.7055100E+05 -3.100E-01  4.191E-02 -1.889E-01
  1.7055300E+05 -1.052E-01  1.668E-02 -1.070E-01
  1.7055500E+05 -1.301E-01  1.916E-02 -1.079E-01
  1.7055700E+05 -3.845E-02  2.144E-03  2.298E-02
  1.7055900E+05 -2.952E-02  4.785E-03 -3.503E-02
  1.7056100E+05  8.256E-02 -1.188E-02  5.752E-02
  1.7056300E+05  6.890E-02 -1.310E-02  9.699E-02
  1.7056500E+05  1.502E-01 -2.242E-02  1.196E-01
  1.7056700E+05  9.116E-02 -1.506E-02  9.331E-02
  1.7056900E+05  1.273E-01 -1.629E-02  5.644E-02
  1.7057100E+05  1.743E-01 -2.753E-02  1.641E-01
  1.7057300E+05  1.489E-01 -2.152E-02  1.087E-01
  1.7057500E+05  2.057E-01 -2.837E-02  1.263E-01
  1.7057700E+05  2.048E-01 -2.787E-02  1.251E-01
  1.7057900E+05  1.830E-01 -2.388E-02  9.155E-02
  1.7058100E+05  1.838E-01 -2.496E-02  1.070E-01
  1.7058300E+05  2.037E-01 -3.046E-02  1.686E-01
  1.7058500E+05  1.954E-01 -3.249E-02  2.116E-01
  1.7058700E+05  1.393E-01 -2.268E-02  1.455E-01
  1.7058900E+05  1.755E-01 -2.301E-02  9.168E-02
  1.7059100E+05  2.486E-01 -3.759E-02  2.073E-01
  1.7059300E+05  1.940E-01 -2.815E-02  1.478E-01
  1.7059500E+05  2.108E-01 -2.938E-02  1.373E-01
  1.7059700E+05  2.207E-01 -3.015E-02  1.360E-01
  1.7059900E+05  2.066E-01 -2.996E-02  1.528E-01
  1.7060100E+05  1.812E-01 -2.741E-02  1.534E-01
  1.7060300E+05  2.156E-01 -3.178E-02  1.737E-01
  1.7060500E+05  1.851E-01 -2.766E-02  1.493E-01
  1.7060700E+05  2.222E-01 -3.215E-02  1.649E-01
  1.7060900E+05  2.394E-01 -3.258E-02  1.452E-01
  1.7061100E+05  1.777E-01 -2.383E-02  1.007E-01
  1.7061300E+05  1.669E-01 -2.432E-02  1.259E-01
  1.7061500E+05  2.129E-01 -3.153E-02  1.699E-01
  1.7061700E+05  2.005E-01 -2.814E-02  1.360E-01
  1.7061900E+05  1.705E-01 -2.373E-02  1.122E-01
  1.7062100E+05  1.779E-01 -2.711E-02  1.548E-01
  1.7062300E+05  2.013E-01 -2.982E-02  1.596E-01
  1.7062500E+05  1.840E-01 -2.576E-02  1.232E-01
  1.7062700E+05  1.815E-01 -2.661E-02  1.413E-01
  1.7062900E+05  1.929E-01 -2.571E-02  1.067E-01
  1.7063100E+05  1.631E-01 -2.531E-02  1.480E-01
  1.7063300E+05  2.063E-01 -2.779E-02  1.204E-01
  1.7063500E+05  1.486E-01 -2.333E-02  1.423E-01
  1.7063700E+05  1.902E-01 -2.503E-02  1.002E-01
  1.7063900E+05  2.001E-01 -2.840E-02  1.430E-01
  1.7064100E+05  1.588E-01 -2.298E-02  1.210E-01
  1.7064300E+05  1.863E-01 -2.621E-02  1.278E-01
  1.7064500E+05  1.934E-01 -2.880E-02  1.578E-01
  1.7064700E+05  1.796E-01 -2.466E-02  1.131E-01
  1.7064900E+05  1.864E-01 -2.425E-02  9.362E-02
  1.7065100E+05  1.723E-01 -2.504E-02  1.292E-01
  1.7065300E+05  1.703E-01 -2.428E-02  1.224E-01
  1.7065500E+05  1.565E-01 -2.372E-02  1.358E-01
  1.7065700E+05  2.011E-01 -2.770E-02  1.278E-01
  1.7065900E+05  1.708E-01 -2.526E-02  1.361E-01
  1.7066100E+05  1.930E-01 -2.647E-02  1.197E-01
  1.7066300E+05  1.917E-01 -2.529E-02  1.039E-01
  1.7066500E+05  1.769E-01 -2.334E-02  9.329E-02
  1.7066700E+05  1.461E-01 -2.120E-02  1.109E-01
  1.7066900E+05  1.499E-01 -2.009E-02  8.552E-02
  1.7067100E+05  1.351E-01 -1.857E-02  8.630E-02
  1.7067300E+05  1.262E-01 -1.828E-02  9.453E-02
  1.7067500E+05  1.553E-01 -2.330E-02  1.293E-01
  1.7067700E+05  1.558E-01 -2.265E-02  1.180E-01
  1.7067900E+05  1.387E-01 -1.999E-02  1.043E-01
