  1.9736900E+05 -0.000E+00 -0.000E+00  0.000E+00
  1.9737100E+05 -0.000E+00 -0.000E+00  0.000E+00
  1.9737300E+05 -0.000E+00 -0.000E+00  0.000E+00
  1.9737500E+05 -0.000E+00 -0.000E+00  0.000E+00
  1.9737700E+05 -0.000E+00 -0.000E+00  0.000E+00
  1.9737900E+05 -0.000E+00 -0.000E+00  0.000E+00
  1.9738100E+05 -0.000E+00 -0.000E+00  0.000E+00
  1.9738300E+05 -0.000E+00 -0.000E+00  0.000E+00
  1.9738500E+05 -0.000E+00 -0.000E+00  0.000E+00
  1.9738700E+05 -0.000E+00 -0.000E+00  0.000E+00
  1.9738900E+05 -0.000E+00 -0.000E+00  0.000E+00
  1.9739100E+05 -0.000E+00 -0.000E+00  0.000E+00
  1.9739300E+05 -0.000E+00 -0.000E+00  0.000E+00
  1.9739500E+05 -0.000E+00 -0.000E+00  0.000E+00
  1.9739700E+05 -0.000E+00 -0.000E+00  0.000E+00
  1.9739900E+05 -0.000E+00 -0.000E+00  0.000E+00
  1.9740100E+05 -0.000E+00 -0.000E+00  0.000E+00
  1.9740300E+05 -0.000E+00 -0.000E+00  0.000E+00
  1.9740500E+05 -0.000E+00 -0.000E+00  0.000E+00
  1.9740700E+05 -0.000E+00 -0.000E+00  0.000E+00
  1.9740900E+05 -0.000E+00 -0.000E+00  0.000E+00
  1.9741100E+05 -0.000E+00 -0.000E+00  0.000E+00
  1.9741300E+05 -0.000E+00 -0.000E+00  0.000E+00
  1.9741500E+05 -0.000E+00 -0.000E+00  0.000E+00
  1.9741700E+05 -0.000E+00 -0.000E+00  0.000E+00
  1.9741900E+05 -0.000E+00 -0.000E+00  0.000E+00
  1.9742100E+05 -0.000E+00 -0.000E+00  0.000E+00
  1.9742300E+05 -0.000E+00 -0.000E+00  0.000E+00
  1.9742500E+05 -0.000E+00 -0.000E+00  0.000E+00
  1.9742700E+05 -0.000E+00 -0.000E+00  0.000E+00
  1.9742900E+05 -0.000E+00 -0.000E+00  0.000E+00
  1.9743100E+05 -0.000E+00 -0.000E+00  0.000E+00
  1.9743300E+05 -0.000E+00 -0.000E+00  0.000E+00
  1.9743500E+05 -0.000E+00 -0.000E+00  0.000E+00
  1.9743700E+05 -0.000E+00 -0.000E+00  0.000E+00
  1.9743900E+05 -0.000E+00 -0.000E+00  0.000E+00
  1.9744100E+05 -0.000E+00 -0.000E+00  0.000E+00
  1.9744300E+05 -0.000E+00 -0.000E+00  0.000E+00
  1.9744500E+05 -0.000E+00 -0.000E+00  0.000E+00
  1.9744700E+05 -0.000E+00 -0.000E+00  0.000E+00
  1.9744900E+05 -0.000E+00 -0.000E+00  0.000E+00
  1.9745100E+05 -0.000E+00 -0.000E+00  0.000E+00
  1.9745300E+05 -0.000E+00 -0.000E+00  0.000E+00
  1.9745500E+05 -0.000E+00 -0.000E+00  0.000E+00
  1.9745700E+05 -0.000E+00 -0.000E+00  0.000E+00
  1.9745900E+05 -0.000E+00 -0.000E+00  0.000E+00
  1.9746100E+05 -0.000E+00 -0.000E+00  0.000E+00
  1.9746300E+05 -0.000E+00 -0.000E+00  0.000E+00
  1.9746500E+05 -0.000E+00 -0.000E+00  0.000E+00
  1.9746700E+05 -0.000E+00 -0.000E+00  0.000E+00
  1.9746900E+05 -0.000E+00 -0.000E+00  0.000E+00
  1.9747100E+05 -0.000E+00 -0.000E+00  0.000E+00
  1.9747300E+05 -0.000E+00 -0.000E+00  0.000E+00
  1.9747500E+05 -0.000E+00 -0.000E+00  0.000E+00
  1.9747700E+05 -0.000E+00 -0.000E+00  0.000E+00
  1.9747900E+05 -0.000E+00 -0.000E+00  0.000E+00
  1.9748100E+05 -0.000E+00 -0.000E+00  0.000E+00
  1.9748300E+05 -0.000E+00 -0.000E+00  0.000E+00
  1.9748500E+05 -0.000E+00 -0.000E+00  0.000E+00
  1.9748700E+05 -0.000E+00 -0.000E+00  0.000E+00
  1.9748900E+05 -0.000E+00 -0.000E+00  0.000E+00
  1.9749100E+05 -0.000E+00 -0.000E+00  0.000E+00
  1.9749300E+05 -0.000E+00 -0.000E+00  0.000E+00
  1.9749500E+05 -0.000E+00 -0.000E+00  0.000E+00
  1.9749700E+05 -0.000E+00 -0.000E+00  0.000E+00
  1.9749900E+05 -0.000E+00 -0.000E+00  0.000E+00
  1.9750100E+05 -0.000E+00 -0.000E+00  0.000E+00
  1.9750300E+05 -0.000E+00 -0.000E+00  0.000E+00
  1.9750500E+05 -0.000E+00 -0.000E+00  0.000E+00
  1.9750700E+05 -0.000E+00 -0.000E+00  0.000E+00
  1.9750900E+05 -0.000E+00 -0.000E+00  0.000E+00
  1.9751100E+05 -0.000E+00 -0.000E+00  0.000E+00
  1.9751300E+05 -0.000E+00 -0.000E+00  0.000E+00
  1.9751500E+05 -0.000E+00 -0.000E+00  0.000E+00
  1.9751700E+05 -0.000E+00 -0.000E+00  0.000E+00
  1.9751900E+05 -0.000E+00 -0.000E+00  0.000E+00
  1.9752100E+05 -0.000E+00 -0.000E+00  0.000E+00
  1.9752300E+05 -0.000E+00 -0.000E+00  0.000E+00
  1.9752500E+05  2.218E-08 -5.604E-09  5.655E-08
  1.9752700E+05 -5.508E-05  2.335E-06  3.110E-05
  1.9752900E+05  2.804E-05  4.300E-06 -9.647E-05
  1.9753100E+05 -3.637E-04  1.807E-05  1.684E-04
  1.9753300E+05 -1.276E-03  1.562E-04 -7.924E-04
  1.9753500E+05 -9.665E-04  1.293E-04 -7.898E-04
  1.9753700E+05 -2.634E-03  4.063E-04 -2.961E-03
  1.9753900E+05 -4.731E-03  5.087E-04 -1.972E-03
  1.9754100E+05 -1.117E-02  1.145E-03 -3.840E-03
  1.9754300E+05 -2.033E-02  2.401E-03 -1.185E-02
  1.9754500E+05 -3.611E-02  4.102E-03 -1.865E-02
  1.9754700E+05 -5.338E-02  6.259E-03 -3.075E-02
  1.9754900E+05 -9.327E-02  1.096E-02 -5.437E-02
  1.9755100E+05 -1.097E-01  1.237E-02 -5.618E-02
  1.9755300E+05 -1.841E-01  2.223E-02 -1.176E-01
  1.9755500E+05 -2.113E-01  2.459E-02 -1.214E-01
  1.9755700E+05 -3.238E-01  3.730E-02 -1.809E-01
  1.9755900E+05 -3.983E-01  4.737E-02 -2.467E-01
  1.9756100E+05 -5.882E-01  6.850E-02 -3.433E-01
  1.9756300E+05 -6.798E-01  8.023E-02 -4.157E-01
  1.9756500E+05 -8.315E-01  9.662E-02 -4.874E-01
  1.9756700E+05 -1.042E+00  1.236E-01 -6.541E-01
  1.9756900E+05 -1.128E+00  1.343E-01 -7.198E-01
  1.9757100E+05 -1.329E+00  1.550E-01 -7.999E-01
  1.9757300E+05 -1.529E+00  1.815E-01 -9.778E-01
  1.9757500E+05 -1.799E+00  2.135E-01 -1.154E+00
  1.9757700E+05 -1.936E+00  2.271E-01 -1.207E+00
  1.9757900E+05 -1.890E+00  2.350E-01 -1.402E+00
  1.9758100E+05 -1.951E+00  2.307E-01 -1.260E+00
  1.9758300E+05 -2.203E+00  2.587E-01 -1.403E+00
  1.9758500E+05 -2.115E+00  2.505E-01 -1.389E+00
  1.9758700E+05 -2.036E+00  2.497E-01 -1.486E+00
  1.9758900E+05 -2.037E+00  2.413E-01 -1.357E+00
  1.9759100E+05 -1.804E+00  2.153E-01 -1.233E+00
  1.9759300E+05 -1.680E+00  1.985E-01 -1.126E+00
  1.9759500E+05 -1.612E+00  1.959E-01 -1.177E+00
  1.9759700E+05 -1.493E+00  1.769E-01 -1.018E+00
  1.9759900E+05 -1.191E+00  1.466E-01 -9.148E-01
  1.9760100E+05 -1.094E+00  1.275E-01 -7.254E-01
  1.9760300E+05 -8.627E-01  1.048E-01 -6.509E-01
  1.9760500E+05 -7.078E-01  8.228E-02 -4.769E-01
  1.9760700E+05 -6.633E-01  7.504E-02 -4.134E-01
  1.9760900E+05 -4.885E-01  6.067E-02 -4.043E-01
  1.9761100E+05 -4.306E-01  5.087E-02 -3.148E-01
  1.9761300E+05 -2.509E-01  2.929E-02 -1.863E-01
  1.9761500E+05 -1.540E-01  2.045E-02 -1.673E-01
  1.9761700E+05 -1.281E-01  1.402E-02 -9.048E-02
  1.9761900E+05 -9.625E-02  9.823E-03 -5.983E-02
  1.9762100E+05  5.652E-03 -7.557E-04 -1.083E-02
  1.9762300E+05  1.222E-02 -2.366E-03  5.485E-03
  1.9762500E+05  1.112E-01 -1.477E-02  8.719E-02
  1.9762700E+05  8.403E-02 -1.366E-02  1.062E-01
  1.9762900E+05  6.302E-02 -1.324E-02  1.249E-01
  1.9763100E+05  1.553E-01 -1.458E-02  2.687E-02
  1.9763300E+05  2.128E-01 -2.344E-02  9.917E-02
  1.9763500E+05  1.787E-01 -2.346E-02  1.455E-01
  1.9763700E+05  1.447E-01 -2.118E-02  1.538E-01
  1.9763900E+05  2.020E-01 -2.385E-02  1.262E-01
  1.9764100E+05  1.302E-01 -1.426E-02  5.828E-02
  1.9764300E+05  1.881E-01 -2.370E-02  1.428E-01
  1.9764500E+05  2.627E-01 -2.921E-02  1.354E-01
  1.9764700E+05  2.088E-01 -2.578E-02  1.521E-01
  1.9764900E+05  1.922E-01 -2.299E-02  1.253E-01
  1.9765100E+05  1.900E-01 -2.560E-02  1.752E-01
  1.9765300E+05  2.058E-01 -2.438E-02  1.328E-01
  1.9765500E+05  1.638E-01 -1.956E-02  1.052E-01
  1.9765700E+05  1.820E-01 -2.552E-02  1.858E-01
  1.9765900E+05  2.268E-01 -2.526E-02  1.183E-01
  1.9766100E+05  2.125E-01 -2.669E-02  1.627E-01
  1.9766300E+05  1.873E-01 -2.305E-02  1.365E-01
  1.9766500E+05  1.925E-01 -2.407E-02  1.448E-01
  1.9766700E+05  2.188E-01 -2.664E-02  1.561E-01
  1.9766900E+05  1.798E-01 -2.269E-02  1.393E-01
  1.9767100E+05  1.867E-01 -2.053E-02  9.386E-02
  1.9767300E+05  2.127E-01 -2.462E-02  1.290E-01
  1.9767500E+05  1.680E-01 -2.221E-02  1.477E-01
  1.9767700E+05  2.079E-01 -2.540E-02  1.473E-01
  1.9767900E+05  1.917E-01 -2.351E-02  1.395E-01
  1.9768100E+05  2.107E-01 -2.480E-02  1.347E-01
  1.9768300E+05  2.006E-01 -2.346E-02  1.253E-01
  1.9768500E+05  1.452E-01 -1.766E-02  1.017E-01
  1.9768700E+05  2.458E-01 -2.849E-02  1.491E-01
  1.9768900E+05  1.966E-01 -2.248E-02  1.127E-01
  1.9769100E+05  1.646E-01 -2.170E-02  1.458E-01
  1.9769300E+05  1.745E-01 -2.128E-02  1.265E-01
  1.9769500E+05  1.767E-01 -2.337E-02  1.571E-01
  1.9769700E+05  1.745E-01 -1.996E-02  1.029E-01
  1.9769900E+05  1.844E-01 -2.227E-02  1.267E-01
  1.9770100E+05  1.853E-01 -2.152E-02  1.127E-01
  1.9770300E+05  1.758E-01 -2.049E-02  1.106E-01
  1.9770500E+05  1.899E-01 -2.301E-02  1.326E-01
  1.9770700E+05  1.570E-01 -1.897E-02  1.084E-01
  1.9770900E+05  1.864E-01 -2.117E-02  1.092E-01
  1.9771100E+05  1.939E-01 -2.222E-02  1.152E-01
  1.9771300E+05  1.678E-01 -1.921E-02  9.787E-02
  1.9771500E+05  1.703E-01 -1.831E-02  7.933E-02
  1.9771700E+05  1.822E-01 -2.277E-02  1.401E-01
  1.9771900E+05  1.721E-01 -1.933E-02  9.389E-02
  1.9772100E+05  1.761E-01 -2.013E-02  1.028E-01
  1.9772300E+05  1.443E-01 -1.910E-02  1.301E-01
  1.9772500E+05  1.504E-01 -1.915E-02  1.204E-01
  1.9772700E+05  1.699E-01 -2.001E-02  1.087E-01
  1.9772900E+05  1.506E-01 -2.067E-02  1.479E-01
  1.9773100E+05  1.349E-01 -1.697E-02  1.029E-01
  1.9773300E+05  1.537E-01 -1.842E-02  1.033E-01
  1.9773500E+05  1.398E-01 -1.816E-02  1.188E-01
  1.9773700E+05  1.767E-01 -2.069E-02  1.125E-01
  1.9773900E+05  1.490E-01 -1.655E-02  8.261E-02
  1.9774100E+05  1.599E-01 -1.860E-02  9.997E-02
  1.9774300E+05  1.601E-01 -1.970E-02  1.187E-01
  1.9774500E+05  1.464E-01 -1.894E-02  1.231E-01
  1.9774700E+05  1.435E-01 -1.635E-02  8.454E-02
