  1.0886100E+05 -0.000E+00 -0.000E+00  0.000E+00
  1.0886300E+05 -0.000E+00 -0.000E+00  0.000E+00
  1.0886500E+05 -0.000E+00 -0.000E+00  0.000E+00
  1.0886700E+05 -0.000E+00 -0.000E+00  0.000E+00
  1.0886900E+05 -0.000E+00 -0.000E+00  0.000E+00
  1.0887100E+05 -0.000E+00 -0.000E+00  0.000E+00
  1.0887300E+05 -0.000E+00 -0.000E+00  0.000E+00
  1.0887500E+05 -0.000E+00 -0.000E+00  0.000E+00
  1.0887700E+05 -0.000E+00 -0.000E+00  0.000E+00
  1.0887900E+05 -0.000E+00 -0.000E+00  0.000E+00
  1.0888100E+05 -0.000E+00 -0.000E+00  0.000E+00
  1.0888300E+05 -0.000E+00 -0.000E+00  0.000E+00
  1.0888500E+05 -0.000E+00 -0.000E+00  0.000E+00
  1.0888700E+05 -0.000E+00 -0.000E+00  0.000E+00
  1.0888900E+05 -0.000E+00 -0.000E+00  0.000E+00
  1.0889100E+05 -0.000E+00 -0.000E+00  0.000E+00
  1.0889300E+05 -0.000E+00 -0.000E+00  0.000E+00
  1.0889500E+05 -0.000E+00 -0.000E+00  0.000E+00
  1.0889700E+05 -0.000E+00 -0.000E+00  0.000E+00
  1.0889900E+05 -0.000E+00 -0.000E+00  0.000E+00
  1.0890100E+05 -0.000E+00 -0.000E+00  0.000E+00
  1.0890300E+05 -0.000E+00 -0.000E+00  0.000E+00
  1.0890500E+05 -0.000E+00 -0.000E+00  0.000E+00
  1.0890700E+05 -0.000E+00 -0.000E+00  0.000E+00
  1.0890900E+05 -0.000E+00 -0.000E+00  0.000E+00
  1.0891100E+05 -0.000E+00 -0.000E+00  0.000E+00
  1.0891300E+05 -0.000E+00 -0.000E+00  0.000E+00
  1.0891500E+05 -0.000E+00 -0.000E+00  0.000E+00
  1.0891700E+05 -0.000E+00 -0.000E+00  0.000E+00
  1.0891900E+05 -0.000E+00 -0.000E+00  0.000E+00
  1.0892100E+05 -0.000E+00 -0.000E+00  0.000E+00
  1.0892300E+05 -0.000E+00 -0.000E+00  0.000E+00
  1.0892500E+05 -0.000E+00 -0.000E+00  0.000E+00
  1.0892700E+05 -0.000E+00 -0.000E+00  0.000E+00
  1.0892900E+05 -0.000E+00 -0.000E+00  0.000E+00
  1.0893100E+05 -0.000E+00 -0.000E+00  0.000E+00
  1.0893300E+05 -0.000E+00 -0.000E+00  0.000E+00
  1.0893500E+05 -0.000E+00 -0.000E+00  0.000E+00
  1.0893700E+05 -0.000E+00 -0.000E+00  0.000E+00
  1.0893900E+05 -0.000E+00 -0.000E+00  0.000E+00
  1.0894100E+05 -0.000E+00 -0.000E+00  0.000E+00
  1.0894300E+05 -0.000E+00 -0.000E+00  0.000E+00
  1.0894500E+05 -0.000E+00 -0.000E+00  0.000E+00
  1.0894700E+05 -0.000E+00 -0.000E+00  0.000E+00
  1.0894900E+05 -0.000E+00 -0.000E+00  0.000E+00
  1.0895100E+05 -0.000E+00 -0.000E+00  0.000E+00
  1.0895300E+05 -0.000E+00 -0.000E+00  0.000E+00
  1.0895500E+05 -0.000E+00 -0.000E+00  0.000E+00
  1.0895700E+05 -0.000E+00 -0.000E+00  0.000E+00
  1.0895900E+05 -0.000E+00 -0.000E+00  0.000E+00
  1.0896100E+05 -0.000E+00 -0.000E+00  0.000E+00
  1.0896300E+05 -0.000E+00 -0.000E+00  0.000E+00
  1.0896500E+05 -0.000E+00 -0.000E+00  0.000E+00
  1.0896700E+05 -0.000E+00 -0.000E+00  0.000E+00
  1.0896900E+05 -0.000E+00 -0.000E+00  0.000E+00
  1.0897100E+05 -0.000E+00 -0.000E+00  0.000E+00
  1.0897300E+05 -0.000E+00 -0.000E+00  0.000E+00
  1.0897500E+05 -0.000E+00 -0.000E+00  0.000E+00
  1.0897700E+05 -0.000E+00 -0.000E+00  0.000E+00
  1.0897900E+05 -0.000E+00 -0.000E+00  0.000E+00
  1.0898100E+05 -0.000E+00 -0.000E+00  0.000E+00
  1.0898300E+05 -0.000E+00 -0.000E+00  0.000E+00
  1.0898500E+05 -0.000E+00 -0.000E+00  0.000E+00
  1.0898700E+05 -0.000E+00 -0.000E+00  0.000E+00
  1.0898900E+05 -0.000E+00 -0.000E+00  0.000E+00
  1.0899100E+05 -0.000E+00 -0.000E+00  0.000E+00
  1.0899300E+05 -0.000E+00 -0.000E+00  0.000E+00
  1.0899500E+05 -0.000E+00 -0.000E+00  0.000E+00
  1.0899700E+05 -0.000E+00 -0.000E+00  0.000E+00
  1.0899900E+05 -0.000E+00 -0.000E+00  0.000E+00
  1.0900100E+05 -0.000E+00 -0.000E+00  0.000E+00
  1.0900300E+05 -0.000E+00 -0.000E+00  0.000E+00
  1.0900500E+05 -0.000E+00 -0.000E+00  0.000E+00
  1.0900700E+05 -0.000E+00 -0.000E+00  0.000E+00
  1.0900900E+05 -0.000E+00 -0.000E+00  0.000E+00
  1.0901100E+05 -0.000E+00 -0.000E+00  0.000E+00
  1.0901300E+05 -0.000E+00 -0.000E+00  0.000E+00
  1.0901500E+05 -0.000E+00 -0.000E+00  0.000E+00
  1.0901700E+05 -0.000E+00 -0.000E+00  0.000E+00
  1.0901900E+05 -0.000E+00 -0.000E+00  0.000E+00
  1.0902100E+05 -0.000E+00 -0.000E+00  0.000E+00
  1.0902300E+05 -2.231E-07  2.583E-07 -3.271E-06
  1.0902500E+05 -1.049E-03  1.002E-04 -3.909E-04
  1.0902700E+05  1.060E-04  6.285E-05 -9.455E-04
  1.0902900E+05 -4.095E-05 -2.884E-05  4.250E-04
  1.0903100E+05 -1.169E-04  2.866E-05 -2.823E-04
  1.0903300E+05 -1.111E-04  1.170E-05 -5.662E-05
  1.0903500E+05 -1.688E-03  2.114E-04 -1.344E-03
  1.0903700E+05 -7.380E-03  7.988E-04 -4.165E-03
  1.0903900E+05 -7.649E-03  8.280E-04 -4.346E-03
  1.0904100E+05 -1.429E-02  1.672E-03 -9.920E-03
  1.0904300E+05 -2.402E-02  2.919E-03 -1.833E-02
  1.0904500E+05 -2.880E-02  3.169E-03 -1.766E-02
  1.0904700E+05 -6.351E-02  6.454E-03 -3.129E-02
  1.0904900E+05 -8.871E-02  1.054E-02 -6.546E-02
  1.0905100E+05 -9.190E-02  1.139E-02 -7.530E-02
  1.0905300E+05 -1.333E-01  1.432E-02 -7.881E-02
  1.0905500E+05 -2.149E-01  2.400E-02 -1.400E-01
  1.0905700E+05 -2.431E-01  2.586E-02 -1.422E-01
  1.0905900E+05 -3.335E-01  3.698E-02 -2.172E-01
  1.0906100E+05 -3.319E-01  3.728E-02 -2.243E-01
  1.0906300E+05 -4.969E-01  5.550E-02 -3.334E-01
  1.0906500E+05 -5.820E-01  6.032E-02 -3.269E-01
  1.0906700E+05 -6.406E-01  6.922E-02 -4.021E-01
  1.0906900E+05 -8.022E-01  8.936E-02 -5.432E-01
  1.0907100E+05 -8.764E-01  9.524E-02 -5.651E-01
  1.0907300E+05 -1.138E+00  1.203E-01 -6.913E-01
  1.0907500E+05 -1.109E+00  1.218E-01 -7.439E-01
  1.0907700E+05 -1.241E+00  1.337E-01 -7.990E-01
  1.0907900E+05 -1.446E+00  1.504E-01 -8.606E-01
  1.0908100E+05 -1.612E+00  1.749E-01 -1.070E+00
  1.0908300E+05 -1.747E+00  1.832E-01 -1.079E+00
  1.0908500E+05 -1.920E+00  1.977E-01 -1.140E+00
  1.0908700E+05 -1.681E+00  1.856E-01 -1.185E+00
  1.0908900E+05 -1.616E+00  1.712E-01 -1.044E+00
  1.0909100E+05 -1.793E+00  1.874E-01 -1.130E+00
  1.0909300E+05 -1.863E+00  1.965E-01 -1.207E+00
  1.0909500E+05 -1.972E+00  2.058E-01 -1.255E+00
  1.0909700E+05 -1.798E+00  1.915E-01 -1.213E+00
  1.0909900E+05 -1.802E+00  1.876E-01 -1.159E+00
  1.0910100E+05 -1.641E+00  1.655E-01 -9.907E-01
  1.0910300E+05 -1.442E+00  1.451E-01 -8.721E-01
  1.0910500E+05 -1.545E+00  1.534E-01 -9.067E-01
  1.0910700E+05 -1.492E+00  1.505E-01 -9.196E-01
  1.0910900E+05 -1.307E+00  1.262E-01 -7.333E-01
  1.0911100E+05 -1.248E+00  1.325E-01 -8.801E-01
  1.0911300E+05 -8.984E-01  9.567E-02 -6.482E-01
  1.0911500E+05 -7.775E-01  8.427E-02 -5.903E-01
  1.0911700E+05 -7.394E-01  8.093E-02 -5.805E-01
  1.0911900E+05 -6.716E-01  6.451E-02 -4.017E-01
  1.0912100E+05 -5.225E-01  5.101E-02 -3.256E-01
  1.0912300E+05 -4.518E-01  3.924E-02 -2.212E-01
  1.0912500E+05 -3.461E-01  3.664E-02 -2.725E-01
  1.0912700E+05 -3.498E-01  3.010E-02 -1.729E-01
  1.0912900E+05 -2.590E-01  2.339E-02 -1.547E-01
  1.0913100E+05 -1.921E-01  2.144E-02 -1.767E-01
  1.0913300E+05 -1.318E-01  8.990E-03 -5.365E-02
  1.0913500E+05 -1.010E-01  1.149E-02 -1.106E-01
  1.0913700E+05 -1.079E-02  1.154E-03 -3.320E-02
  1.0913900E+05  2.211E-02 -6.359E-03  4.808E-02
  1.0914100E+05  1.013E-01 -7.538E-03 -4.246E-04
  1.0914300E+05  3.813E-02 -9.136E-03  7.302E-02
  1.0914500E+05  4.660E-02 -8.419E-03  6.267E-02
  1.0914700E+05  1.471E-01 -1.682E-02  9.477E-02
  1.0914900E+05  1.588E-01 -1.751E-02  9.262E-02
  1.0915100E+05  1.258E-01 -1.284E-02  5.812E-02
  1.0915300E+05  1.593E-01 -1.555E-02  7.515E-02
  1.0915500E+05  2.273E-01 -2.365E-02  1.305E-01
  1.0915700E+05  1.462E-01 -1.718E-02  1.072E-01
  1.0915900E+05  2.180E-01 -1.907E-02  7.838E-02
  1.0916100E+05  2.023E-01 -2.222E-02  1.311E-01
  1.0916300E+05  1.804E-01 -2.132E-02  1.389E-01
  1.0916500E+05  1.861E-01 -2.266E-02  1.622E-01
  1.0916700E+05  1.964E-01 -2.190E-02  1.390E-01
  1.0916900E+05  2.184E-01 -2.429E-02  1.467E-01
  1.0917100E+05  2.296E-01 -2.337E-02  1.315E-01
  1.0917300E+05  2.339E-01 -2.329E-02  1.209E-01
  1.0917500E+05  1.916E-01 -2.182E-02  1.403E-01
  1.0917700E+05  2.325E-01 -2.583E-02  1.644E-01
  1.0917900E+05  2.096E-01 -2.154E-02  1.238E-01
  1.0918100E+05  2.708E-01 -2.609E-02  1.375E-01
  1.0918300E+05  2.524E-01 -2.648E-02  1.624E-01
  1.0918500E+05  2.076E-01 -2.461E-02  1.728E-01
  1.0918700E+05  1.625E-01 -1.813E-02  1.097E-01
  1.0918900E+05  2.133E-01 -2.127E-02  1.206E-01
  1.0919100E+05  2.688E-01 -2.898E-02  1.877E-01
  1.0919300E+05  1.994E-01 -2.237E-02  1.605E-01
  1.0919500E+05  1.263E-01 -1.602E-02  1.142E-01
  1.0919700E+05  2.100E-01 -1.855E-02  8.826E-02
  1.0919900E+05  2.602E-01 -2.423E-02  1.278E-01
  1.0920100E+05  2.087E-01 -2.333E-02  1.542E-01
  1.0920300E+05  2.112E-01 -2.359E-02  1.620E-01
  1.0920500E+05  2.310E-01 -2.541E-02  1.620E-01
  1.0920700E+05  2.055E-01 -1.865E-02  8.660E-02
  1.0920900E+05  1.975E-01 -2.169E-02  1.378E-01
  1.0921100E+05  2.168E-01 -2.125E-02  1.156E-01
  1.0921300E+05  1.994E-01 -2.018E-02  1.174E-01
  1.0921500E+05  1.953E-01 -2.037E-02  1.259E-01
  1.0921700E+05  1.901E-01 -2.249E-02  1.567E-01
  1.0921900E+05  2.348E-01 -2.155E-02  1.017E-01
  1.0922100E+05  1.904E-01 -2.036E-02  1.248E-01
  1.0922300E+05  1.865E-01 -1.852E-02  1.064E-01
  1.0922500E+05  2.105E-01 -2.305E-02  1.472E-01
  1.0922700E+05  1.972E-01 -1.952E-02  1.080E-01
  1.0922900E+05  1.745E-01 -1.883E-02  1.236E-01
  1.0923100E+05  1.945E-01 -2.014E-02  1.217E-01
  1.0923300E+05  2.359E-01 -2.169E-02  1.054E-01
  1.0923500E+05  1.752E-01 -1.847E-02  1.142E-01
  1.0923700E+05  1.591E-01 -2.033E-02  1.546E-01
  1.0923900E+05  1.885E-01 -2.073E-02  1.425E-01
