 -4.3377000E+04 -0.000E+00 -0.000E+00  0.000E+00
 -4.3375000E+04 -0.000E+00 -0.000E+00  0.000E+00
 -4.3373000E+04 -0.000E+00 -0.000E+00  0.000E+00
 -4.3371000E+04 -0.000E+00 -0.000E+00  0.000E+00
 -4.3369000E+04 -0.000E+00 -0.000E+00  0.000E+00
 -4.3367000E+04 -0.000E+00 -0.000E+00  0.000E+00
 -4.3365000E+04 -0.000E+00 -0.000E+00  0.000E+00
 -4.3363000E+04 -0.000E+00 -0.000E+00  0.000E+00
 -4.3361000E+04 -0.000E+00 -0.000E+00  0.000E+00
 -4.3359000E+04 -0.000E+00 -0.000E+00  0.000E+00
 -4.3357000E+04 -0.000E+00 -0.000E+00  0.000E+00
 -4.3355000E+04 -0.000E+00 -0.000E+00  0.000E+00
 -4.3353000E+04 -0.000E+00 -0.000E+00  0.000E+00
 -4.3351000E+04 -0.000E+00 -0.000E+00  0.000E+00
 -4.3349000E+04 -0.000E+00 -0.000E+00  0.000E+00
 -4.3347000E+04 -0.000E+00 -0.000E+00  0.000E+00
 -4.3345000E+04 -0.000E+00 -0.000E+00  0.000E+00
 -4.3343000E+04 -0.000E+00 -0.000E+00  0.000E+00
 -4.3341000E+04 -0.000E+00 -0.000E+00  0.000E+00
 -4.3339000E+04 -0.000E+00 -0.000E+00  0.000E+00
 -4.3337000E+04 -0.000E+00 -0.000E+00  0.000E+00
 -4.3335000E+04 -0.000E+00 -0.000E+00  0.000E+00
 -4.3333000E+04 -0.000E+00 -0.000E+00  0.000E+00
 -4.3331000E+04 -0.000E+00 -0.000E+00  0.000E+00
 -4.3329000E+04 -0.000E+00 -0.000E+00  0.000E+00
 -4.3327000E+04 -0.000E+00 -0.000E+00  0.000E+00
 -4.3325000E+04 -0.000E+00 -0.000E+00  0.000E+00
 -4.3323000E+04 -0.000E+00 -0.000E+00  0.000E+00
 -4.3321000E+04 -0.000E+00 -0.000E+00  0.000E+00
 -4.3319000E+04 -0.000E+00 -0.000E+00  0.000E+00
 -4.3317000E+04 -0.000E+00 -0.000E+00  0.000E+00
 -4.3315000E+04 -0.000E+00 -0.000E+00  0.000E+00
 -4.3313000E+04 -0.000E+00 -0.000E+00  0.000E+00
 -4.3311000E+04 -0.000E+00 -0.000E+00  0.000E+00
 -4.3309000E+04 -0.000E+00 -0.000E+00  0.000E+00
 -4.3307000E+04 -0.000E+00 -0.000E+00  0.000E+00
 -4.3305000E+04 -0.000E+00 -0.000E+00  0.000E+00
 -4.3303000E+04 -0.000E+00 -0.000E+00  0.000E+00
 -4.3301000E+04 -0.000E+00 -0.000E+00  0.000E+00
 -4.3299000E+04 -0.000E+00 -0.000E+00  0.000E+00
 -4.3297000E+04 -0.000E+00 -0.000E+00  0.000E+00
 -4.3295000E+04 -0.000E+00 -0.000E+00  0.000E+00
 -4.3293000E+04 -0.000E+00 -0.000E+00  0.000E+00
 -4.3291000E+04 -0.000E+00 -0.000E+00  0.000E+00
 -4.3289000E+04 -0.000E+00 -0.000E+00  0.000E+00
 -4.3287000E+04 -0.000E+00 -0.000E+00  0.000E+00
 -4.3285000E+04 -0.000E+00 -0.000E+00  0.000E+00
 -4.3283000E+04 -0.000E+00 -0.000E+00  0.000E+00
 -4.3281000E+04 -0.000E+00 -0.000E+00  0.000E+00
 -4.3279000E+04 -0.000E+00 -0.000E+00  0.000E+00
 -4.3277000E+04 -0.000E+00 -0.000E+00  0.000E+00
 -4.3275000E+04 -0.000E+00 -0.000E+00  0.000E+00
 -4.3273000E+04 -0.000E+00 -0.000E+00  0.000E+00
 -4.3271000E+04 -0.000E+00 -0.000E+00  0.000E+00
 -4.3269000E+04 -0.000E+00 -0.000E+00  0.000E+00
 -4.3267000E+04 -0.000E+00 -0.000E+00  0.000E+00
 -4.3265000E+04 -0.000E+00 -0.000E+00  0.000E+00
 -4.3263000E+04 -0.000E+00 -0.000E+00  0.000E+00
 -4.3261000E+04 -0.000E+00 -0.000E+00  0.000E+00
 -4.3259000E+04 -0.000E+00 -0.000E+00  0.000E+00
 -4.3257000E+04 -0.000E+00 -0.000E+00  0.000E+00
 -4.3255000E+04 -0.000E+00 -0.000E+00  0.000E+00
 -4.3253000E+04 -0.000E+00 -0.000E+00  0.000E+00
 -4.3251000E+04 -0.000E+00 -0.000E+00  0.000E+00
 -4.3249000E+04 -0.000E+00 -0.000E+00  0.000E+00
 -4.3247000E+04 -0.000E+00 -0.000E+00  0.000E+00
 -4.3245000E+04 -0.000E+00 -0.000E+00  0.000E+00
 -4.3243000E+04 -0.000E+00 -0.000E+00  0.000E+00
 -4.3241000E+04 -0.000E+00 -0.000E+00  0.000E+00
 -4.3239000E+04 -0.000E+00 -0.000E+00  0.000E+00
 -4.3237000E+04 -0.000E+00 -0.000E+00  0.000E+00
 -4.3235000E+04 -0.000E+00 -0.000E+00  0.000E+00
 -4.3233000E+04 -0.000E+00 -0.000E+00  0.000E+00
 -4.3231000E+04 -0.000E+00 -0.000E+00  0.000E+00
 -4.3229000E+04 -0.000E+00 -0.000E+00  0.000E+00
 -4.3227000E+04 -0.000E+00 -0.000E+00  0.000E+00
 -4.3225000E+04 -0.000E+00 -0.000E+00  0.000E+00
 -4.3223000E+04 -0.000E+00 -0.000E+00  0.000E+00
 -4.3221000E+04 -0.000E+00 -0.000E+00  0.000E+00
 -4.3219000E+04 -0.000E+00 -0.000E+00  0.000E+00
 -4.3217000E+04 -0.000E+00 -0.000E+00  0.000E+00
 -4.3215000E+04 -0.000E+00 -0.000E+00  0.000E+00
 -4.3213000E+04 -0.000E+00 -0.000E+00  0.000E+00
 -4.3211000E+04 -0.000E+00 -0.000E+00  0.000E+00
 -4.3209000E+04 -0.000E+00 -0.000E+00  0.000E+00
 -4.3207000E+04 -0.000E+00 -0.000E+00  0.000E+00
 -4.3205000E+04 -0.000E+00 -0.000E+00  0.000E+00
 -4.3203000E+04 -0.000E+00 -0.000E+00  0.000E+00
 -4.3201000E+04  7.129E-09 -3.297E-09  3.207E-08
 -4.3199000E+04 -2.008E-05 -1.315E-06  2.863E-05
 -4.3197000E+04 -2.091E-04  2.139E-05 -9.471E-05
 -4.3195000E+04 -1.143E-04  1.038E-05 -3.748E-05
 -4.3193000E+04 -9.002E-05  3.776E-05 -3.591E-04
 -4.3191000E+04 -1.473E-03  8.166E-05  1.063E-04
 -4.3189000E+04 -4.507E-04  6.033E-05 -3.712E-04
 -4.3187000E+04  1.135E-04  4.758E-05 -6.149E-04
 -4.3185000E+04 -3.614E-03  5.507E-04 -3.661E-03
 -4.3183000E+04  3.702E-04 -1.358E-04  1.238E-03
 -4.3181000E+04 -1.592E-03  1.861E-04 -1.016E-03
 -4.3179000E+04 -3.013E-03  2.994E-04 -1.341E-03
 -4.3177000E+04 -3.155E-03  6.569E-04 -5.230E-03
 -4.3175000E+04 -5.497E-03  4.185E-04 -1.036E-03
 -4.3173000E+04 -3.585E-03  6.991E-04 -5.441E-03
 -4.3171000E+04 -1.093E-02  1.686E-03 -1.164E-02
 -4.3169000E+04 -1.574E-02  1.888E-03 -1.078E-02
 -4.3167000E+04 -2.016E-02  2.617E-03 -1.608E-02
 -4.3165000E+04 -2.631E-02  3.791E-03 -2.514E-02
 -4.3163000E+04 -4.187E-02  5.166E-03 -3.061E-02
 -4.3161000E+04 -4.474E-02  5.627E-03 -3.397E-02
 -4.3159000E+04 -4.245E-02  5.892E-03 -3.832E-02
 -4.3157000E+04 -6.799E-02  8.564E-03 -5.204E-02
 -4.3155000E+04 -1.024E-01  1.211E-02 -6.985E-02
 -4.3153000E+04 -1.060E-01  1.267E-02 -7.414E-02
 -4.3151000E+04 -1.108E-01  1.320E-02 -7.730E-02
 -4.3149000E+04 -1.306E-01  1.608E-02 -9.722E-02
 -4.3147000E+04 -2.269E-01  2.607E-02 -1.486E-01
 -4.3145000E+04 -2.061E-01  2.667E-02 -1.685E-01
 -4.3143000E+04 -2.280E-01  2.758E-02 -1.653E-01
 -4.3141000E+04 -2.951E-01  3.336E-02 -1.893E-01
 -4.3139000E+04 -3.384E-01  3.997E-02 -2.368E-01
 -4.3137000E+04 -3.631E-01  4.081E-02 -2.323E-01
 -4.3135000E+04 -4.062E-01  5.154E-02 -3.257E-01
 -4.3133000E+04 -5.489E-01  5.719E-02 -3.040E-01
 -4.3131000E+04 -4.908E-01  5.464E-02 -3.112E-01
 -4.3129000E+04 -5.456E-01  6.498E-02 -3.948E-01
 -4.3127000E+04 -6.703E-01  7.381E-02 -4.193E-01
 -4.3125000E+04 -6.954E-01  8.073E-02 -4.824E-01
 -4.3123000E+04 -7.470E-01  8.332E-02 -4.831E-01
 -4.3121000E+04 -8.322E-01  9.077E-02 -5.178E-01
 -4.3119000E+04 -8.796E-01  9.400E-02 -5.282E-01
 -4.3117000E+04 -9.221E-01  1.067E-01 -6.455E-01
 -4.3115000E+04 -9.486E-01  1.027E-01 -5.884E-01
 -4.3113000E+04 -1.051E+00  1.136E-01 -6.524E-01
 -4.3111000E+04 -1.074E+00  1.240E-01 -7.560E-01
 -4.3109000E+04 -1.205E+00  1.303E-01 -7.548E-01
 -4.3107000E+04 -1.358E+00  1.336E-01 -7.087E-01
 -4.3105000E+04 -1.277E+00  1.366E-01 -7.904E-01
 -4.3103000E+04 -1.364E+00  1.394E-01 -7.773E-01
 -4.3101000E+04 -1.317E+00  1.454E-01 -8.725E-01
 -4.3099000E+04 -1.288E+00  1.282E-01 -7.046E-01
 -4.3097000E+04 -1.318E+00  1.359E-01 -7.754E-01
 -4.3095000E+04 -1.422E+00  1.444E-01 -8.134E-01
 -4.3093000E+04 -1.264E+00  1.336E-01 -7.855E-01
 -4.3091000E+04 -1.379E+00  1.531E-01 -9.413E-01
 -4.3089000E+04 -1.452E+00  1.543E-01 -9.170E-01
 -4.3087000E+04 -1.392E+00  1.431E-01 -8.338E-01
 -4.3085000E+04 -1.546E+00  1.426E-01 -7.478E-01
 -4.3083000E+04 -1.403E+00  1.423E-01 -8.264E-01
 -4.3081000E+04 -1.310E+00  1.287E-01 -7.308E-01
 -4.3079000E+04 -1.437E+00  1.409E-01 -7.997E-01
 -4.3077000E+04 -1.388E+00  1.345E-01 -7.618E-01
 -4.3075000E+04 -1.193E+00  1.144E-01 -6.466E-01
 -4.3073000E+04 -1.105E+00  1.145E-01 -6.979E-01
 -4.3071000E+04 -1.085E+00  1.219E-01 -7.884E-01
 -4.3069000E+04 -1.120E+00  1.087E-01 -6.293E-01
 -4.3067000E+04 -1.097E+00  9.942E-02 -5.436E-01
 -4.3065000E+04 -9.537E-01  1.027E-01 -6.517E-01
 -4.3063000E+04 -1.063E+00  9.727E-02 -5.416E-01
 -4.3061000E+04 -9.197E-01  8.719E-02 -5.098E-01
 -4.3059000E+04 -7.948E-01  7.611E-02 -4.541E-01
 -4.3057000E+04 -8.577E-01  7.477E-02 -4.112E-01
 -4.3055000E+04 -7.609E-01  6.019E-02 -3.014E-01
 -4.3053000E+04 -5.787E-01  6.970E-02 -4.938E-01
 -4.3051000E+04 -5.957E-01  6.363E-02 -4.225E-01
 -4.3049000E+04 -6.282E-01  5.458E-02 -3.089E-01
 -4.3047000E+04 -4.455E-01  4.849E-02 -3.349E-01
 -4.3045000E+04 -4.210E-01  3.967E-02 -2.503E-01
 -4.3043000E+04 -4.998E-01  4.696E-02 -2.950E-01
 -4.3041000E+04 -3.918E-01  4.086E-02 -2.821E-01
 -4.3039000E+04 -3.984E-01  2.814E-02 -1.411E-01
 -4.3037000E+04 -2.797E-01  3.070E-02 -2.194E-01
 -4.3035000E+04 -2.199E-01  2.394E-02 -1.828E-01
 -4.3033000E+04 -1.725E-01  2.525E-02 -2.165E-01
 -4.3031000E+04 -1.565E-01  1.317E-02 -9.787E-02
 -4.3029000E+04 -2.541E-01  2.293E-02 -1.532E-01
 -4.3027000E+04 -1.397E-01  3.875E-03 -3.353E-03
 -4.3025000E+04 -1.109E-01  8.062E-03 -6.182E-02
 -4.3023000E+04 -1.003E-01  4.322E-03 -2.613E-02
 -4.3021000E+04 -2.542E-03 -1.204E-02  1.011E-01
 -4.3019000E+04 -6.443E-02  1.808E-03 -1.400E-02
 -4.3017000E+04 -7.277E-04  2.458E-03 -5.375E-02
 -4.3015000E+04  4.156E-02 -5.779E-03  1.668E-02
 -4.3013000E+04  4.634E-02 -5.161E-03  5.437E-03
 -4.3011000E+04  1.068E-01 -1.182E-02  5.267E-02
 -4.3009000E+04  9.174E-02 -9.698E-03  3.351E-02
 -4.3007000E+04  1.373E-01 -1.885E-02  1.133E-01
 -4.3005000E+04  1.116E-01 -1.323E-02  6.755E-02
 -4.3003000E+04  1.847E-01 -1.768E-02  8.301E-02
 -4.3001000E+04  1.025E-01 -1.106E-02  4.758E-02
 -4.2999000E+04  1.174E-01 -1.900E-02  1.253E-01
