 -1.7016700E+05 -0.000E+00 -0.000E+00  0.000E+00
 -1.7016500E+05 -0.000E+00 -0.000E+00  0.000E+00
 -1.7016300E+05 -0.000E+00 -0.000E+00  0.000E+00
 -1.7016100E+05 -0.000E+00 -0.000E+00  0.000E+00
 -1.7015900E+05 -0.000E+00 -0.000E+00  0.000E+00
 -1.7015700E+05 -0.000E+00 -0.000E+00  0.000E+00
 -1.7015500E+05 -0.000E+00 -0.000E+00  0.000E+00
 -1.7015300E+05 -0.000E+00 -0.000E+00  0.000E+00
 -1.7015100E+05 -0.000E+00 -0.000E+00  0.000E+00
 -1.7014900E+05 -0.000E+00 -0.000E+00  0.000E+00
 -1.7014700E+05 -0.000E+00 -0.000E+00  0.000E+00
 -1.7014500E+05 -0.000E+00 -0.000E+00  0.000E+00
 -1.7014300E+05 -0.000E+00 -0.000E+00  0.000E+00
 -1.7014100E+05 -0.000E+00 -0.000E+00  0.000E+00
 -1.7013900E+05 -0.000E+00 -0.000E+00  0.000E+00
 -1.7013700E+05 -0.000E+00 -0.000E+00  0.000E+00
 -1.7013500E+05 -0.000E+00 -0.000E+00  0.000E+00
 -1.7013300E+05 -0.000E+00 -0.000E+00  0.000E+00
 -1.7013100E+05 -0.000E+00 -0.000E+00  0.000E+00
 -1.7012900E+05 -0.000E+00 -0.000E+00  0.000E+00
 -1.7012700E+05 -0.000E+00 -0.000E+00  0.000E+00
 -1.7012500E+05 -0.000E+00 -0.000E+00  0.000E+00
 -1.7012300E+05 -0.000E+00 -0.000E+00  0.000E+00
 -1.7012100E+05 -0.000E+00 -0.000E+00  0.000E+00
 -1.7011900E+05 -0.000E+00 -0.000E+00  0.000E+00
 -1.7011700E+05 -0.000E+00 -0.000E+00  0.000E+00
 -1.7011500E+05 -0.000E+00 -0.000E+00  0.000E+00
 -1.7011300E+05 -0.000E+00 -0.000E+00  0.000E+00
 -1.7011100E+05 -0.000E+00 -0.000E+00  0.000E+00
 -1.7010900E+05 -0.000E+00 -0.000E+00  0.000E+00
 -1.7010700E+05 -0.000E+00 -0.000E+00  0.000E+00
 -1.7010500E+05 -0.000E+00 -0.000E+00  0.000E+00
 -1.7010300E+05 -0.000E+00 -0.000E+00  0.000E+00
 -1.7010100E+05 -0.000E+00 -0.000E+00  0.000E+00
 -1.7009900E+05 -0.000E+00 -0.000E+00  0.000E+00
 -1.7009700E+05 -0.000E+00 -0.000E+00  0.000E+00
 -1.7009500E+05 -0.000E+00 -0.000E+00  0.000E+00
 -1.7009300E+05 -0.000E+00 -0.000E+00  0.000E+00
 -1.7009100E+05 -0.000E+00 -0.000E+00  0.000E+00
 -1.7008900E+05 -0.000E+00 -0.000E+00  0.000E+00
 -1.7008700E+05 -0.000E+00 -0.000E+00  0.000E+00
 -1.7008500E+05 -0.000E+00 -0.000E+00  0.000E+00
 -1.7008300E+05 -0.000E+00 -0.000E+00  0.000E+00
 -1.7008100E+05 -0.000E+00 -0.000E+00  0.000E+00
 -1.7007900E+05 -0.000E+00 -0.000E+00  0.000E+00
 -1.7007700E+05 -0.000E+00 -0.000E+00  0.000E+00
 -1.7007500E+05 -0.000E+00 -0.000E+00  0.000E+00
 -1.7007300E+05 -0.000E+00 -0.000E+00  0.000E+00
 -1.7007100E+05 -0.000E+00 -0.000E+00  0.000E+00
 -1.7006900E+05 -0.000E+00 -0.000E+00  0.000E+00
 -1.7006700E+05 -0.000E+00 -0.000E+00  0.000E+00
 -1.7006500E+05 -0.000E+00 -0.000E+00  0.000E+00
 -1.7006300E+05 -0.000E+00 -0.000E+00  0.000E+00
 -1.7006100E+05 -0.000E+00 -0.000E+00  0.000E+00
 -1.7005900E+05 -0.000E+00 -0.000E+00  0.000E+00
 -1.7005700E+05 -0.000E+00 -0.000E+00  0.000E+00
 -1.7005500E+05 -0.000E+00 -0.000E+00  0.000E+00
 -1.7005300E+05 -0.000E+00 -0.000E+00  0.000E+00
 -1.7005100E+05 -0.000E+00 -0.000E+00  0.000E+00
 -1.7004900E+05 -0.000E+00 -0.000E+00  0.000E+00
 -1.7004700E+05 -0.000E+00 -0.000E+00  0.000E+00
 -1.7004500E+05 -0.000E+00 -0.000E+00  0.000E+00
 -1.7004300E+05 -0.000E+00 -0.000E+00  0.000E+00
 -1.7004100E+05 -0.000E+00 -0.000E+00  0.000E+00
 -1.7003900E+05 -0.000E+00 -0.000E+00  0.000E+00
 -1.7003700E+05 -0.000E+00 -0.000E+00  0.000E+00
 -1.7003500E+05 -0.000E+00 -0.000E+00  0.000E+00
 -1.7003300E+05 -0.000E+00 -0.000E+00  0.000E+00
 -1.7003100E+05 -0.000E+00 -0.000E+00  0.000E+00
 -1.7002900E+05 -0.000E+00 -0.000E+00  0.000E+00
 -1.7002700E+05 -0.000E+00 -0.000E+00  0.000E+00
 -1.7002500E+05 -0.000E+00 -0.000E+00  0.000E+00
 -1.7002300E+05 -0.000E+00 -0.000E+00  0.000E+00
 -1.7002100E+05 -0.000E+00 -0.000E+00  0.000E+00
 -1.7001900E+05 -0.000E+00 -0.000E+00  0.000E+00
 -1.7001700E+05 -0.000E+00 -0.000E+00  0.000E+00
 -1.7001500E+05 -0.000E+00 -0.000E+00  0.000E+00
 -1.7001300E+05 -0.000E+00 -0.000E+00  0.000E+00
 -1.7001100E+05 -0.000E+00 -0.000E+00  0.000E+00
 -1.7000900E+05 -0.000E+00 -0.000E+00  0.000E+00
 -1.7000700E+05 -0.000E+00 -0.000E+00  0.000E+00
 -1.7000500E+05 -0.000E+00 -0.000E+00  0.000E+00
 -1.7000300E+05 -0.000E+00 -0.000E+00  0.000E+00
 -1.7000100E+05 -0.000E+00 -0.000E+00  0.000E+00
 -1.6999900E+05 -0.000E+00 -0.000E+00  0.000E+00
 -1.6999700E+05 -0.000E+00 -0.000E+00  0.000E+00
 -1.6999500E+05 -0.000E+00 -0.000E+00  0.000E+00
 -1.6999300E+05 -0.000E+00 -0.000E+00  0.000E+00
 -1.6999100E+05 -0.000E+00 -0.000E+00  0.000E+00
 -1.6998900E+05 -0.000E+00 -0.000E+00  0.000E+00
 -1.6998700E+05 -0.000E+00 -0.000E+00  0.000E+00
 -1.6998500E+05 -0.000E+00 -0.000E+00  0.000E+00
 -1.6998300E+05 -0.000E+00 -0.000E+00  0.000E+00
 -1.6998100E+05 -0.000E+00 -0.000E+00  0.000E+00
 -1.6997900E+05 -0.000E+00 -0.000E+00  0.000E+00
 -1.6997700E+05 -0.000E+00 -0.000E+00  0.000E+00
 -1.6997500E+05 -0.000E+00 -0.000E+00  0.000E+00
 -1.6997300E+05 -0.000E+00 -0.000E+00  0.000E+00
 -1.6997100E+05 -0.000E+00 -0.000E+00  0.000E+00
 -1.6996900E+05 -0.000E+00 -0.000E+00  0.000E+00
 -1.6996700E+05 -0.000E+00 -0.000E+00  0.000E+00
 -1.6996500E+05  9.995E-10 -5.157E-10  4.171E-09
 -1.6996300E+05  2.982E-08 -1.538E-08  1.244E-07
 -1.6996100E+05 -7.418E-07  8.358E-07 -7.309E-06
 -1.6995900E+05  3.022E-06 -1.939E-06  1.608E-05
 -1.6995700E+05  3.945E-05 -1.125E-05  7.895E-05
 -1.6995500E+05  1.891E-06 -2.218E-06  1.896E-05
 -1.6995300E+05 -2.327E-04  1.664E-05 -4.617E-06
 -1.6995100E+05 -7.954E-05  2.917E-05 -2.191E-04
 -1.6994900E+05  2.843E-05  5.801E-06 -7.197E-05
 -1.6994700E+05  1.953E-05 -1.743E-05  1.468E-04
 -1.6994500E+05 -8.038E-04  1.142E-05  4.172E-04
 -1.6994300E+05 -4.286E-05  3.412E-05 -2.851E-04
 -1.6994100E+05  4.116E-04  4.628E-05 -6.801E-04
 -1.6993900E+05 -6.129E-04  6.443E-05 -2.132E-04
 -1.6993700E+05 -1.052E-03 -4.009E-05  1.020E-03
 -1.6993500E+05 -1.112E-03  2.385E-04 -1.491E-03
 -1.6993300E+05 -4.026E-03  2.054E-04  5.899E-04
 -1.6993100E+05 -2.155E-03  3.202E-04 -1.587E-03
 -1.6992900E+05 -2.871E-03  3.860E-04 -1.754E-03
 -1.6992700E+05 -6.882E-03  6.825E-04 -1.966E-03
 -1.6992500E+05 -1.891E-03  4.177E-04 -2.629E-03
 -1.6992300E+05 -3.913E-03  7.589E-04 -4.484E-03
 -1.6992100E+05 -8.105E-03  1.080E-03 -4.869E-03
 -1.6991900E+05 -1.024E-02  1.550E-03 -7.757E-03
 -1.6991700E+05 -1.621E-02  2.527E-03 -1.290E-02
 -1.6991500E+05 -1.180E-02  1.184E-03 -3.591E-03
 -1.6991300E+05 -1.086E-02  1.940E-03 -1.082E-02
 -1.6991100E+05 -1.235E-02  1.593E-03 -6.894E-03
 -1.6990900E+05 -2.294E-02  2.135E-03 -5.612E-03
 -1.6990700E+05 -2.798E-02  4.768E-03 -2.604E-02
 -1.6990500E+05 -2.795E-02  3.602E-03 -1.565E-02
 -1.6990300E+05 -3.419E-02  3.870E-03 -1.445E-02
 -1.6990100E+05 -3.394E-02  4.604E-03 -2.096E-02
 -1.6989900E+05 -5.288E-02  7.163E-03 -3.276E-02
 -1.6989700E+05 -4.271E-02  6.165E-03 -2.963E-02
 -1.6989500E+05 -5.485E-02  6.943E-03 -2.962E-02
 -1.6989300E+05 -5.221E-02  5.888E-03 -2.207E-02
 -1.6989100E+05 -7.098E-02  1.068E-02 -5.328E-02
 -1.6988900E+05 -7.875E-02  8.819E-03 -3.271E-02
 -1.6988700E+05 -7.617E-02  1.183E-02 -6.025E-02
 -1.6988500E+05 -9.284E-02  1.206E-02 -5.291E-02
 -1.6988300E+05 -9.190E-02  1.222E-02 -5.497E-02
 -1.6988100E+05 -1.165E-01  1.402E-02 -5.681E-02
 -1.6987900E+05 -1.101E-01  1.657E-02 -8.248E-02
 -1.6987700E+05 -1.121E-01  1.954E-02 -1.068E-01
 -1.6987500E+05 -1.642E-01  2.592E-02 -1.332E-01
 -1.6987300E+05 -1.604E-01  2.037E-02 -8.754E-02
 -1.6987100E+05 -2.146E-01  2.358E-02 -8.543E-02
 -1.6986900E+05 -1.811E-01  2.485E-02 -1.148E-01
 -1.6986700E+05 -2.157E-01  2.667E-02 -1.118E-01
 -1.6986500E+05 -2.488E-01  3.433E-02 -1.592E-01
 -1.6986300E+05 -2.212E-01  3.418E-02 -1.727E-01
 -1.6986100E+05 -3.139E-01  3.848E-02 -1.595E-01
 -1.6985900E+05 -3.199E-01  3.788E-02 -1.514E-01
 -1.6985700E+05 -3.161E-01  3.850E-02 -1.592E-01
 -1.6985500E+05 -3.450E-01  4.727E-02 -2.185E-01
 -1.6985300E+05 -3.277E-01  4.493E-02 -2.075E-01
 -1.6985100E+05 -3.646E-01  5.101E-02 -2.400E-01
 -1.6984900E+05 -3.736E-01  4.907E-02 -2.182E-01
 -1.6984700E+05 -4.404E-01  5.219E-02 -2.102E-01
 -1.6984500E+05 -4.680E-01  5.835E-02 -2.476E-01
 -1.6984300E+05 -4.208E-01  5.519E-02 -2.454E-01
 -1.6984100E+05 -4.488E-01  6.380E-02 -3.029E-01
 -1.6983900E+05 -5.078E-01  6.404E-02 -2.756E-01
 -1.6983700E+05 -5.032E-01  6.485E-02 -2.843E-01
 -1.6983500E+05 -5.232E-01  7.305E-02 -3.423E-01
 -1.6983300E+05 -5.779E-01  7.627E-02 -3.413E-01
 -1.6983100E+05 -6.067E-01  7.747E-02 -3.361E-01
 -1.6982900E+05 -5.636E-01  7.471E-02 -3.358E-01
 -1.6982700E+05 -5.776E-01  7.435E-02 -3.262E-01
 -1.6982500E+05 -6.811E-01  8.636E-02 -3.724E-01
 -1.6982300E+05 -6.870E-01  9.293E-02 -4.262E-01
 -1.6982100E+05 -6.763E-01  9.648E-02 -4.605E-01
 -1.6981900E+05 -6.846E-01  8.779E-02 -3.841E-01
 -1.6981700E+05 -7.706E-01  9.454E-02 -3.969E-01
 -1.6981500E+05 -8.028E-01  1.083E-01 -4.945E-01
 -1.6981300E+05 -7.553E-01  1.026E-01 -4.722E-01
 -1.6981100E+05 -7.417E-01  1.019E-01 -4.726E-01
 -1.6980900E+05 -8.319E-01  9.616E-02 -3.829E-01
 -1.6980700E+05 -8.417E-01  1.004E-01 -4.118E-01
 -1.6980500E+05 -9.469E-01  1.206E-01 -5.235E-01
 -1.6980300E+05 -8.686E-01  1.080E-01 -4.610E-01
 -1.6980100E+05 -8.631E-01  1.100E-01 -4.798E-01
 -1.6979900E+05 -8.475E-01  1.133E-01 -5.155E-01
 -1.6979700E+05 -9.022E-01  1.085E-01 -4.492E-01
 -1.6979500E+05 -8.462E-01  1.156E-01 -5.361E-01
 -1.6979300E+05 -9.867E-01  1.232E-01 -5.296E-01
 -1.6979100E+05 -9.425E-01  1.239E-01 -5.560E-01
 -1.6978900E+05 -9.874E-01  1.369E-01 -6.404E-01
