 -1.9723500E+05 -0.000E+00 -0.000E+00  0.000E+00
 -1.9723300E+05 -0.000E+00 -0.000E+00  0.000E+00
 -1.9723100E+05 -0.000E+00 -0.000E+00  0.000E+00
 -1.9722900E+05 -0.000E+00 -0.000E+00  0.000E+00
 -1.9722700E+05 -0.000E+00 -0.000E+00  0.000E+00
 -1.9722500E+05 -0.000E+00 -0.000E+00  0.000E+00
 -1.9722300E+05 -0.000E+00 -0.000E+00  0.000E+00
 -1.9722100E+05 -0.000E+00 -0.000E+00  0.000E+00
 -1.9721900E+05 -0.000E+00 -0.000E+00  0.000E+00
 -1.9721700E+05 -0.000E+00 -0.000E+00  0.000E+00
 -1.9721500E+05 -0.000E+00 -0.000E+00  0.000E+00
 -1.9721300E+05 -0.000E+00 -0.000E+00  0.000E+00
 -1.9721100E+05 -0.000E+00 -0.000E+00  0.000E+00
 -1.9720900E+05 -0.000E+00 -0.000E+00  0.000E+00
 -1.9720700E+05 -0.000E+00 -0.000E+00  0.000E+00
 -1.9720500E+05 -0.000E+00 -0.000E+00  0.000E+00
 -1.9720300E+05 -0.000E+00 -0.000E+00  0.000E+00
 -1.9720100E+05 -0.000E+00 -0.000E+00  0.000E+00
 -1.9719900E+05 -0.000E+00 -0.000E+00  0.000E+00
 -1.9719700E+05 -0.000E+00 -0.000E+00  0.000E+00
 -1.9719500E+05 -0.000E+00 -0.000E+00  0.000E+00
 -1.9719300E+05 -0.000E+00 -0.000E+00  0.000E+00
 -1.9719100E+05 -0.000E+00 -0.000E+00  0.000E+00
 -1.9718900E+05 -0.000E+00 -0.000E+00  0.000E+00
 -1.9718700E+05 -0.000E+00 -0.000E+00  0.000E+00
 -1.9718500E+05 -0.000E+00 -0.000E+00  0.000E+00
 -1.9718300E+05 -0.000E+00 -0.000E+00  0.000E+00
 -1.9718100E+05 -0.000E+00 -0.000E+00  0.000E+00
 -1.9717900E+05 -0.000E+00 -0.000E+00  0.000E+00
 -1.9717700E+05 -0.000E+00 -0.000E+00  0.000E+00
 -1.9717500E+05 -0.000E+00 -0.000E+00  0.000E+00
 -1.9717300E+05 -0.000E+00 -0.000E+00  0.000E+00
 -1.9717100E+05 -0.000E+00 -0.000E+00  0.000E+00
 -1.9716900E+05 -0.000E+00 -0.000E+00  0.000E+00
 -1.9716700E+05 -0.000E+00 -0.000E+00  0.000E+00
 -1.9716500E+05 -0.000E+00 -0.000E+00  0.000E+00
 -1.9716300E+05 -0.000E+00 -0.000E+00  0.000E+00
 -1.9716100E+05 -0.000E+00 -0.000E+00  0.000E+00
 -1.9715900E+05 -0.000E+00 -0.000E+00  0.000E+00
 -1.9715700E+05 -0.000E+00 -0.000E+00  0.000E+00
 -1.9715500E+05 -0.000E+00 -0.000E+00  0.000E+00
 -1.9715300E+05 -0.000E+00 -0.000E+00  0.000E+00
 -1.9715100E+05 -0.000E+00 -0.000E+00  0.000E+00
 -1.9714900E+05 -0.000E+00 -0.000E+00  0.000E+00
 -1.9714700E+05 -0.000E+00 -0.000E+00  0.000E+00
 -1.9714500E+05 -0.000E+00 -0.000E+00  0.000E+00
 -1.9714300E+05 -0.000E+00 -0.000E+00  0.000E+00
 -1.9714100E+05 -0.000E+00 -0.000E+00  0.000E+00
 -1.9713900E+05 -0.000E+00 -0.000E+00  0.000E+00
 -1.9713700E+05 -0.000E+00 -0.000E+00  0.000E+00
 -1.9713500E+05 -0.000E+00 -0.000E+00  0.000E+00
 -1.9713300E+05 -0.000E+00 -0.000E+00  0.000E+00
 -1.9713100E+05 -0.000E+00 -0.000E+00  0.000E+00
 -1.9712900E+05 -0.000E+00 -0.000E+00  0.000E+00
 -1.9712700E+05 -0.000E+00 -0.000E+00  0.000E+00
 -1.9712500E+05 -0.000E+00 -0.000E+00  0.000E+00
 -1.9712300E+05 -0.000E+00 -0.000E+00  0.000E+00
 -1.9712100E+05 -0.000E+00 -0.000E+00  0.000E+00
 -1.9711900E+05 -0.000E+00 -0.000E+00  0.000E+00
 -1.9711700E+05 -0.000E+00 -0.000E+00  0.000E+00
 -1.9711500E+05 -0.000E+00 -0.000E+00  0.000E+00
 -1.9711300E+05 -0.000E+00 -0.000E+00  0.000E+00
 -1.9711100E+05 -0.000E+00 -0.000E+00  0.000E+00
 -1.9710900E+05 -0.000E+00 -0.000E+00  0.000E+00
 -1.9710700E+05 -0.000E+00 -0.000E+00  0.000E+00
 -1.9710500E+05 -0.000E+00 -0.000E+00  0.000E+00
 -1.9710300E+05 -0.000E+00 -0.000E+00  0.000E+00
 -1.9710100E+05 -0.000E+00 -0.000E+00  0.000E+00
 -1.9709900E+05 -0.000E+00 -0.000E+00  0.000E+00
 -1.9709700E+05 -0.000E+00 -0.000E+00  0.000E+00
 -1.9709500E+05 -0.000E+00 -0.000E+00  0.000E+00
 -1.9709300E+05 -0.000E+00 -0.000E+00  0.000E+00
 -1.9709100E+05 -0.000E+00 -0.000E+00  0.000E+00
 -1.9708900E+05 -0.000E+00 -0.000E+00  0.000E+00
 -1.9708700E+05 -0.000E+00 -0.000E+00  0.000E+00
 -1.9708500E+05 -0.000E+00 -0.000E+00  0.000E+00
 -1.9708300E+05 -0.000E+00 -0.000E+00  0.000E+00
 -1.9708100E+05 -0.000E+00 -0.000E+00  0.000E+00
 -1.9707900E+05 -0.000E+00 -0.000E+00  0.000E+00
 -1.9707700E+05 -0.000E+00 -0.000E+00  0.000E+00
 -1.9707500E+05 -0.000E+00 -0.000E+00  0.000E+00
 -1.9707300E+05 -0.000E+00 -0.000E+00  0.000E+00
 -1.9707100E+05 -0.000E+00 -0.000E+00  0.000E+00
 -1.9706900E+05 -0.000E+00 -0.000E+00  0.000E+00
 -1.9706700E+05 -0.000E+00 -0.000E+00  0.000E+00
 -1.9706500E+05 -0.000E+00 -0.000E+00  0.000E+00
 -1.9706300E+05 -0.000E+00 -0.000E+00  0.000E+00
 -1.9706100E+05 -0.000E+00 -0.000E+00  0.000E+00
 -1.9705900E+05 -0.000E+00 -0.000E+00  0.000E+00
 -1.9705700E+05 -0.000E+00 -0.000E+00  0.000E+00
 -1.9705500E+05 -0.000E+00 -0.000E+00  0.000E+00
 -1.9705300E+05 -0.000E+00 -0.000E+00  0.000E+00
 -1.9705100E+05 -0.000E+00 -0.000E+00  0.000E+00
 -1.9704900E+05 -0.000E+00 -0.000E+00  0.000E+00
 -1.9704700E+05 -0.000E+00 -0.000E+00  0.000E+00
 -1.9704500E+05 -0.000E+00 -0.000E+00  0.000E+00
 -1.9704300E+05 -0.000E+00 -0.000E+00  0.000E+00
 -1.9704100E+05 -0.000E+00 -0.000E+00  0.000E+00
 -1.9703900E+05 -0.000E+00 -0.000E+00  0.000E+00
 -1.9703700E+05 -0.000E+00 -0.000E+00  0.000E+00
 -1.9703500E+05 -0.000E+00 -0.000E+00  0.000E+00
 -1.9703300E+05 -0.000E+00 -0.000E+00  0.000E+00
 -1.9703100E+05 -0.000E+00 -0.000E+00  0.000E+00
 -1.9702900E+05 -0.000E+00 -0.000E+00  0.000E+00
 -1.9702700E+05 -0.000E+00 -0.000E+00  0.000E+00
 -1.9702500E+05 -0.000E+00 -0.000E+00  0.000E+00
 -1.9702300E+05  3.811E-08 -1.597E-08  1.119E-07
 -1.9702100E+05 -5.492E-07  3.447E-07 -2.628E-06
 -1.9701900E+05 -1.526E-05  3.075E-06 -1.509E-05
 -1.9701700E+05 -2.762E-06  3.165E-07 -5.722E-07
 -1.9701500E+05  9.711E-06  1.467E-06 -2.069E-05
 -1.9701300E+05  2.048E-05 -3.239E-06  1.238E-05
 -1.9701100E+05 -3.382E-05 -4.540E-06  6.681E-05
 -1.9700900E+05  4.639E-05 -2.650E-06 -1.356E-05
 -1.9700700E+05  1.105E-05 -2.295E-08 -8.611E-06
 -1.9700500E+05 -5.328E-05  1.770E-05 -1.128E-04
 -1.9700300E+05 -5.768E-05  8.970E-06 -3.312E-05
 -1.9700100E+05 -2.254E-04  8.125E-05 -5.307E-04
 -1.9699900E+05 -1.558E-04 -2.981E-05  4.005E-04
 -1.9699700E+05 -1.989E-03  3.910E-04 -1.879E-03
 -1.9699500E+05 -4.334E-06  2.241E-05 -2.061E-04
 -1.9699300E+05 -1.457E-03  2.067E-04 -6.113E-04
 -1.9699100E+05 -1.843E-03 -1.380E-04  2.643E-03
 -1.9698900E+05 -4.346E-03  4.339E-04 -3.146E-04
 -1.9698700E+05 -5.099E-04  2.100E-04 -1.422E-03
 -1.9698500E+05 -3.508E-03  4.864E-04 -1.441E-03
 -1.9698300E+05 -3.241E-03  2.376E-04  4.820E-04
 -1.9698100E+05 -3.729E-03  3.484E-04 -9.157E-05
 -1.9697900E+05 -3.202E-03  6.871E-04 -3.366E-03
 -1.9697700E+05 -9.266E-03  1.113E-03 -2.259E-03
 -1.9697500E+05 -1.250E-02  1.667E-03 -4.494E-03
 -1.9697300E+05 -1.758E-02  2.867E-03 -1.072E-02
 -1.9697100E+05 -2.396E-02  3.984E-03 -1.516E-02
 -1.9696900E+05 -1.354E-02  1.793E-03 -4.738E-03
 -1.9696700E+05 -1.520E-02  2.264E-03 -7.506E-03
 -1.9696500E+05 -1.235E-02  1.399E-03 -2.246E-03
 -1.9696300E+05 -1.951E-02  3.378E-03 -1.336E-02
 -1.9696100E+05 -2.633E-02  2.269E-03  1.142E-03
 -1.9695900E+05 -3.392E-02  7.612E-03 -3.761E-02
 -1.9695700E+05 -1.927E-02  4.167E-03 -1.995E-02
 -1.9695500E+05 -4.534E-02  5.578E-03 -1.177E-02
 -1.9695300E+05 -4.444E-02  7.967E-03 -3.237E-02
 -1.9695100E+05 -5.186E-02  7.545E-03 -2.315E-02
 -1.9694900E+05 -5.879E-02  1.080E-02 -4.483E-02
 -1.9694700E+05 -5.305E-02  8.713E-03 -3.173E-02
 -1.9694500E+05 -5.953E-02  8.154E-03 -2.207E-02
 -1.9694300E+05 -6.979E-02  6.116E-03  2.439E-03
 -1.9694100E+05 -1.131E-01  1.494E-02 -3.731E-02
 -1.9693900E+05 -1.025E-01  1.764E-02 -6.689E-02
 -1.9693700E+05 -8.689E-02  1.682E-02 -7.199E-02
 -1.9693500E+05 -7.584E-02  1.595E-02 -7.341E-02
 -1.9693300E+05 -1.061E-01  1.568E-02 -4.825E-02
 -1.9693100E+05 -1.328E-01  1.722E-02 -4.036E-02
 -1.9692900E+05 -1.339E-01  2.021E-02 -6.327E-02
 -1.9692700E+05 -1.371E-01  2.613E-02 -1.089E-01
 -1.9692500E+05 -1.638E-01  3.139E-02 -1.308E-01
 -1.9692300E+05 -1.834E-01  2.625E-02 -7.477E-02
 -1.9692100E+05 -2.047E-01  3.010E-02 -8.978E-02
 -1.9691900E+05 -2.098E-01  3.085E-02 -9.166E-02
 -1.9691700E+05 -2.034E-01  2.938E-02 -8.386E-02
 -1.9691500E+05 -2.702E-01  4.108E-02 -1.283E-01
 -1.9691300E+05 -2.389E-01  4.288E-02 -1.651E-01
 -1.9691100E+05 -2.652E-01  4.007E-02 -1.225E-01
 -1.9690900E+05 -2.911E-01  4.840E-02 -1.693E-01
 -1.9690700E+05 -2.767E-01  4.258E-02 -1.334E-01
 -1.9690500E+05 -2.911E-01  4.902E-02 -1.732E-01
 -1.9690300E+05 -2.925E-01  4.536E-02 -1.436E-01
 -1.9690100E+05 -3.342E-01  5.428E-02 -1.820E-01
 -1.9689900E+05 -3.924E-01  6.516E-02 -2.253E-01
 -1.9689700E+05 -3.675E-01  6.592E-02 -2.494E-01
 -1.9689500E+05 -3.794E-01  6.500E-02 -2.320E-01
 -1.9689300E+05 -4.580E-01  7.588E-02 -2.588E-01
 -1.9689100E+05 -3.603E-01  6.138E-02 -2.159E-01
 -1.9688900E+05 -4.518E-01  6.847E-02 -2.045E-01
 -1.9688700E+05 -4.431E-01  6.902E-02 -2.152E-01
 -1.9688500E+05 -5.074E-01  7.709E-02 -2.304E-01
 -1.9688300E+05 -5.125E-01  8.792E-02 -3.092E-01
 -1.9688100E+05 -4.173E-01  7.618E-02 -2.861E-01
 -1.9687900E+05 -4.663E-01  7.478E-02 -2.385E-01
 -1.9687700E+05 -5.411E-01  8.499E-02 -2.641E-01
 -1.9687500E+05 -5.362E-01  9.167E-02 -3.170E-01
 -1.9687300E+05 -5.223E-01  9.001E-02 -3.156E-01
 -1.9687100E+05 -5.953E-01  9.714E-02 -3.149E-01
 -1.9686900E+05 -6.853E-01  1.136E-01 -3.752E-01
 -1.9686700E+05 -6.448E-01  1.100E-01 -3.747E-01
 -1.9686500E+05 -6.189E-01  1.020E-01 -3.342E-01
 -1.9686300E+05 -6.764E-01  1.170E-01 -4.044E-01
 -1.9686100E+05 -6.882E-01  1.099E-01 -3.399E-01
 -1.9685900E+05 -6.104E-01  1.135E-01 -4.243E-01
 -1.9685700E+05 -6.458E-01  1.047E-01 -3.302E-01
