  1.4571000E+04 -1.325E+00  1.859E-01 -9.703E-01
  1.4573000E+04  9.930E-01 -1.513E-01  8.432E-01
  1.4575000E+04  4.902E-01 -6.317E-02  2.756E-01
  1.4577000E+04  3.823E-01 -6.327E-02  3.835E-01
  1.4579000E+04  5.209E-01 -6.901E-02  3.363E-01
  1.4581000E+04  3.817E-01 -6.208E-02  3.430E-01
  1.4583000E+04  5.587E-01 -5.910E-02  1.598E-01
  1.4585000E+04  3.771E-01 -5.431E-02  2.909E-01
  1.4587000E+04  3.081E-01 -4.801E-02  2.671E-01
  1.4589000E+04  4.632E-01 -5.105E-02  1.906E-01
  1.4591000E+04  4.015E-01 -5.229E-02  2.674E-01
  1.4593000E+04  4.172E-01 -5.799E-02  3.026E-01
  1.4595000E+04  4.059E-01 -4.532E-02  1.531E-01
  1.4597000E+04  4.189E-01 -4.987E-02  2.007E-01
  1.4599000E+04  3.948E-01 -6.217E-02  3.514E-01
  1.4601000E+04  3.831E-01 -4.292E-02  1.577E-01
  1.4603000E+04  3.230E-01 -5.016E-02  2.915E-01
  1.4605000E+04  3.925E-01 -5.186E-02  2.504E-01
  1.4607000E+04  3.870E-01 -5.212E-02  2.279E-01
  1.4609000E+04  3.177E-01 -4.196E-02  2.034E-01
  1.4611000E+04  3.694E-01 -4.734E-02  2.053E-01
  1.4613000E+04  3.587E-01 -5.467E-02  3.116E-01
  1.4615000E+04  3.746E-01 -5.043E-02  2.485E-01
  1.4617000E+04  4.522E-01 -5.092E-02  1.949E-01
  1.4619000E+04  3.377E-01 -4.512E-02  2.077E-01
  1.4621000E+04  2.897E-01 -4.427E-02  2.496E-01
  1.4623000E+04  3.636E-01 -4.621E-02  2.029E-01
  1.4625000E+04  3.094E-01 -4.279E-02  2.052E-01
  1.4627000E+04  2.958E-01 -4.488E-02  2.417E-01
  1.4629000E+04  3.240E-01 -4.339E-02  2.562E-01
  1.4631000E+04  3.212E-01 -4.328E-02  2.347E-01
  1.4633000E+04  3.422E-01 -4.384E-02  2.007E-01
  1.4635000E+04  3.383E-01 -4.999E-02  2.420E-01
  1.4637000E+04  3.232E-01 -4.671E-02  2.321E-01
  1.4639000E+04  3.000E-01 -3.928E-02  1.910E-01
  1.4641000E+04  3.302E-01 -4.037E-02  1.610E-01
  1.4643000E+04  3.087E-01 -3.937E-02  1.635E-01
  1.4645000E+04  2.430E-01 -3.456E-02  1.707E-01
  1.4647000E+04  2.961E-01 -4.104E-02  2.024E-01
  1.4649000E+04  2.913E-01 -3.926E-02  1.949E-01
  1.4651000E+04  2.958E-01 -3.960E-02  1.898E-01
  1.4653000E+04  3.193E-01 -4.225E-02  2.014E-01
  1.4655000E+04  2.702E-01 -3.310E-02  1.444E-01
  1.4657000E+04  2.792E-01 -3.591E-02  1.727E-01
  1.4659000E+04  2.530E-01 -3.459E-02  1.624E-01
  1.4661000E+04  2.609E-01 -3.733E-02  1.876E-01
  1.4663000E+04  2.479E-01 -3.466E-02  1.738E-01
  1.4665000E+04  2.865E-01 -3.635E-02  1.704E-01
  1.4667000E+04  2.823E-01 -3.600E-02  1.577E-01
  1.4669000E+04  2.919E-01 -3.823E-02  1.730E-01
  1.4671000E+04  2.344E-01 -3.315E-02  1.713E-01
  1.4673000E+04  2.870E-01 -3.678E-02  1.640E-01
  1.4675000E+04  2.781E-01 -3.457E-02  1.541E-01
  1.4677000E+04  2.561E-01 -3.179E-02  1.589E-01
  1.4679000E+04  2.578E-01 -3.686E-02  1.898E-01
  1.4681000E+04  2.391E-01 -3.443E-02  1.830E-01
  1.4683000E+04  2.672E-01 -3.979E-02  2.098E-01
  1.4685000E+04  3.073E-01 -3.610E-02  1.459E-01
  1.4687000E+04  1.949E-01 -2.977E-02  1.631E-01
  1.4689000E+04  2.366E-01 -3.524E-02  1.838E-01
  1.4691000E+04  2.532E-01 -3.151E-02  1.378E-01
  1.4693000E+04  2.508E-01 -2.926E-02  1.158E-01
  1.4695000E+04  2.403E-01 -3.266E-02  1.575E-01
  1.4697000E+04  2.206E-01 -3.102E-02  1.639E-01
  1.4699000E+04  2.452E-01 -3.008E-02  1.404E-01
  1.4701000E+04  1.881E-01 -2.528E-02  1.557E-01
  1.4703000E+04  2.039E-01 -2.899E-02  1.510E-01
  1.4705000E+04  2.416E-01 -3.263E-02  1.612E-01
  1.4707000E+04  2.272E-01 -2.610E-02  9.324E-02
  1.4709000E+04  2.123E-01 -2.646E-02  1.161E-01
  1.4711000E+04  2.044E-01 -2.597E-02  1.159E-01
  1.4713000E+04  2.080E-01 -2.961E-02  1.625E-01
  1.4715000E+04  2.210E-01 -3.213E-02  1.623E-01
  1.4717000E+04  1.895E-01 -2.476E-02  1.135E-01
  1.4719000E+04  1.943E-01 -2.493E-02  1.123E-01
  1.4721000E+04  2.274E-01 -3.103E-02  1.519E-01
  1.4723000E+04  2.176E-01 -2.798E-02  1.347E-01
  1.4725000E+04  2.119E-01 -2.853E-02  1.383E-01
  1.4727000E+04  2.422E-01 -3.035E-02  1.383E-01
  1.4729000E+04  2.192E-01 -2.788E-02  1.291E-01
  1.4731000E+04  2.446E-01 -2.979E-02  1.220E-01
  1.4733000E+04  2.022E-01 -2.752E-02  1.286E-01
  1.4735000E+04  2.020E-01 -2.655E-02  1.008E-01
  1.4737000E+04  2.142E-01 -2.751E-02  1.297E-01
  1.4739000E+04  2.061E-01 -2.514E-02  1.198E-01
  1.4741000E+04  1.869E-01 -2.323E-02  1.030E-01
  1.4743000E+04  1.757E-01 -2.872E-02  1.673E-01
  1.4745000E+04  1.586E-01 -2.286E-02  1.366E-01
  1.4747000E+04  1.956E-01 -2.558E-02  1.147E-01
  1.4749000E+04  2.020E-01 -2.879E-02  1.496E-01
  1.4751000E+04  1.729E-01 -2.693E-02  1.368E-01
  1.4753000E+04  1.974E-01 -2.604E-02  1.056E-01
  1.4755000E+04  1.621E-01 -2.113E-02  1.027E-01
  1.4757000E+04  1.806E-01 -2.470E-02  1.061E-01
  1.4759000E+04  2.102E-01 -2.773E-02  1.416E-01
  1.4761000E+04  2.045E-01 -2.256E-02  1.264E-01
  1.4763000E+04  1.521E-01 -1.873E-02  8.829E-02
  1.4765000E+04  1.810E-01 -2.272E-02  1.117E-01
  1.4767000E+04  1.657E-01 -2.190E-02  1.070E-01
  1.4769000E+04  1.509E-01 -2.043E-02  1.136E-01
  1.4771000E+04  1.978E-01 -2.665E-02  1.192E-01
  1.4773000E+04  1.403E-01 -1.663E-02  1.177E-01
  1.4775000E+04  1.843E-01 -2.523E-02  1.269E-01
  1.4777000E+04  1.792E-01 -2.636E-02  1.218E-01
  1.4779000E+04  1.400E-01 -2.101E-02  1.185E-01
  1.4781000E+04  1.594E-01 -2.134E-02  1.113E-01
  1.4783000E+04  1.777E-01 -2.360E-02  9.445E-02
  1.4785000E+04  1.468E-01 -1.755E-02  1.083E-01
  1.4787000E+04  1.592E-01 -1.615E-02  4.966E-02
  1.4789000E+04  1.670E-01 -2.113E-02  7.706E-02
  1.4791000E+04  1.729E-01 -2.076E-02  8.652E-02
  1.4793000E+04  1.735E-01 -2.599E-02  1.358E-01
  1.4795000E+04  1.502E-01 -1.940E-02  8.471E-02
  1.4797000E+04  1.503E-01 -1.737E-02  8.999E-02
  1.4799000E+04  1.618E-01 -2.436E-02  1.304E-01
  1.4801000E+04  1.604E-01 -2.048E-02  9.070E-02
  1.4803000E+04  1.312E-01 -1.972E-02  1.015E-01
  1.4805000E+04  1.249E-01 -1.658E-02  8.794E-02
  1.4807000E+04  1.580E-01 -1.639E-02  6.443E-02
  1.4809000E+04  1.457E-01 -2.216E-02  1.172E-01
  1.4811000E+04  1.388E-01 -1.749E-02  7.705E-02
  1.4813000E+04  1.597E-01 -1.965E-02  8.796E-02
  1.4815000E+04  1.490E-01 -2.169E-02  1.132E-01
  1.4817000E+04  1.452E-01 -1.927E-02  7.256E-02
  1.4819000E+04  1.416E-01 -1.994E-02  1.040E-01
  1.4821000E+04  1.299E-01 -1.729E-02  8.906E-02
  1.4823000E+04  1.479E-01 -1.922E-02  9.165E-02
  1.4825000E+04  1.501E-01 -2.025E-02  9.424E-02
  1.4827000E+04  1.435E-01 -2.055E-02  1.027E-01
  1.4829000E+04  1.323E-01 -1.730E-02  7.647E-02
  1.4831000E+04  1.362E-01 -1.869E-02  8.869E-02
  1.4833000E+04  1.530E-01 -1.816E-02  8.776E-02
  1.4835000E+04  1.251E-01 -1.827E-02  8.755E-02
  1.4837000E+04  1.251E-01 -1.859E-02  1.004E-01
  1.4839000E+04  1.496E-01 -1.822E-02  7.971E-02
  1.4841000E+04  1.147E-01 -1.399E-02  6.201E-02
  1.4843000E+04  1.212E-01 -1.790E-02  8.103E-02
  1.4845000E+04  1.534E-01 -2.127E-02  9.822E-02
  1.4847000E+04  1.482E-01 -2.214E-02  1.005E-01
  1.4849000E+04  1.308E-01 -1.803E-02  9.572E-02
  1.4851000E+04  1.163E-01 -1.435E-02  6.836E-02
  1.4853000E+04  1.220E-01 -1.566E-02  8.046E-02
  1.4855000E+04  1.152E-01 -1.509E-02  6.144E-02
  1.4857000E+04  1.210E-01 -1.618E-02  7.427E-02
  1.4859000E+04  1.222E-01 -1.998E-02  6.572E-02
  1.4861000E+04  8.553E-02 -1.801E-02  9.038E-02
  1.4863000E+04  1.478E-01 -2.178E-02  1.005E-01
  1.4865000E+04  1.523E-01 -1.620E-02  7.188E-02
  1.4867000E+04  1.151E-01 -1.653E-02  7.090E-02
  1.4869000E+04  1.156E-01 -1.570E-02  6.452E-02
  1.4871000E+04  1.070E-01 -1.397E-02  7.039E-02
  1.4873000E+04  1.389E-01 -1.307E-02  4.887E-02
  1.4875000E+04  1.318E-01 -2.023E-02  9.755E-02
  1.4877000E+04  1.008E-01 -1.239E-02  7.648E-02
  1.4879000E+04  1.091E-01 -1.256E-02  6.595E-02
  1.4881000E+04  1.053E-01 -1.177E-02  5.909E-02
  1.4883000E+04  1.026E-01 -1.627E-02  8.615E-02
  1.4885000E+04  1.280E-01 -1.630E-02  6.777E-02
  1.4887000E+04  1.150E-01 -1.428E-02  6.337E-02
  1.4889000E+04  1.058E-01 -1.288E-02  7.733E-02
  1.4891000E+04  1.265E-01 -1.578E-02  7.370E-02
  1.4893000E+04  1.051E-01 -1.721E-02  1.027E-01
  1.4895000E+04  1.214E-01 -1.472E-02  7.510E-02
  1.4897000E+04  9.127E-02 -1.095E-02  5.988E-02
  1.4899000E+04  1.078E-01 -1.293E-02  6.040E-02
  1.4901000E+04  1.141E-01 -1.482E-02  6.604E-02
  1.4903000E+04  1.005E-01 -1.316E-02  6.519E-02
  1.4905000E+04  8.852E-02 -1.187E-02  7.818E-02
  1.4907000E+04  1.081E-01 -1.993E-02  9.969E-02
  1.4909000E+04  1.160E-01 -1.607E-02  6.849E-02
  1.4911000E+04  9.078E-02 -1.224E-02  5.212E-02
  1.4913000E+04  7.917E-02 -9.634E-03  6.375E-02
  1.4915000E+04  1.255E-01 -1.393E-02  4.521E-02
  1.4917000E+04  1.091E-01 -1.421E-02  6.796E-02
  1.4919000E+04  9.301E-02 -1.287E-02  6.491E-02
  1.4921000E+04  9.169E-02 -7.571E-03  3.803E-02
  1.4923000E+04  1.014E-01 -1.313E-02  7.811E-02
  1.4925000E+04  1.280E-01 -1.911E-02  5.947E-02
  1.4927000E+04  1.188E-01 -1.418E-02  4.092E-02
  1.4929000E+04  7.340E-02 -8.099E-03  7.601E-02
  1.4931000E+04  8.009E-02 -1.049E-02  7.224E-02
  1.4933000E+04  8.850E-02 -1.248E-02  6.660E-02
  1.4935000E+04  1.050E-01 -1.502E-02  7.303E-02
  1.4937000E+04  1.088E-01 -1.368E-02  5.619E-02
  1.4939000E+04  1.121E-01 -1.235E-02  4.782E-02
  1.4941000E+04  9.065E-02 -1.221E-02  6.833E-02
  1.4943000E+04  9.813E-02 -1.209E-02  5.714E-02
  1.4945000E+04  8.034E-02 -1.250E-02  6.895E-02
  1.4947000E+04  9.424E-02 -1.262E-02  6.780E-02
  1.4949000E+04  8.740E-02 -1.205E-02  6.515E-02
