 -1.1597900E+05 -0.000E+00 -0.000E+00  0.000E+00
 -1.1597700E+05 -0.000E+00 -0.000E+00  0.000E+00
 -1.1597500E+05 -0.000E+00 -0.000E+00  0.000E+00
 -1.1597300E+05 -0.000E+00 -0.000E+00  0.000E+00
 -1.1597100E+05 -0.000E+00 -0.000E+00  0.000E+00
 -1.1596900E+05 -0.000E+00 -0.000E+00  0.000E+00
 -1.1596700E+05 -0.000E+00 -0.000E+00  0.000E+00
 -1.1596500E+05 -0.000E+00 -0.000E+00  0.000E+00
 -1.1596300E+05 -0.000E+00 -0.000E+00  0.000E+00
 -1.1596100E+05 -0.000E+00 -0.000E+00  0.000E+00
 -1.1595900E+05 -0.000E+00 -0.000E+00  0.000E+00
 -1.1595700E+05 -0.000E+00 -0.000E+00  0.000E+00
 -1.1595500E+05 -0.000E+00 -0.000E+00  0.000E+00
 -1.1595300E+05 -0.000E+00 -0.000E+00  0.000E+00
 -1.1595100E+05 -0.000E+00 -0.000E+00  0.000E+00
 -1.1594900E+05 -0.000E+00 -0.000E+00  0.000E+00
 -1.1594700E+05 -0.000E+00 -0.000E+00  0.000E+00
 -1.1594500E+05 -0.000E+00 -0.000E+00  0.000E+00
 -1.1594300E+05 -0.000E+00 -0.000E+00  0.000E+00
 -1.1594100E+05 -0.000E+00 -0.000E+00  0.000E+00
 -1.1593900E+05 -0.000E+00 -0.000E+00  0.000E+00
 -1.1593700E+05 -0.000E+00 -0.000E+00  0.000E+00
 -1.1593500E+05 -0.000E+00 -0.000E+00  0.000E+00
 -1.1593300E+05 -0.000E+00 -0.000E+00  0.000E+00
 -1.1593100E+05 -0.000E+00 -0.000E+00  0.000E+00
 -1.1592900E+05 -0.000E+00 -0.000E+00  0.000E+00
 -1.1592700E+05 -0.000E+00 -0.000E+00  0.000E+00
 -1.1592500E+05 -0.000E+00 -0.000E+00  0.000E+00
 -1.1592300E+05 -0.000E+00 -0.000E+00  0.000E+00
 -1.1592100E+05 -0.000E+00 -0.000E+00  0.000E+00
 -1.1591900E+05 -0.000E+00 -0.000E+00  0.000E+00
 -1.1591700E+05 -0.000E+00 -0.000E+00  0.000E+00
 -1.1591500E+05 -0.000E+00 -0.000E+00  0.000E+00
 -1.1591300E+05 -0.000E+00 -0.000E+00  0.000E+00
 -1.1591100E+05 -0.000E+00 -0.000E+00  0.000E+00
 -1.1590900E+05 -0.000E+00 -0.000E+00  0.000E+00
 -1.1590700E+05 -0.000E+00 -0.000E+00  0.000E+00
 -1.1590500E+05 -0.000E+00 -0.000E+00  0.000E+00
 -1.1590300E+05 -0.000E+00 -0.000E+00  0.000E+00
 -1.1590100E+05 -0.000E+00 -0.000E+00  0.000E+00
 -1.1589900E+05 -0.000E+00 -0.000E+00  0.000E+00
 -1.1589700E+05 -0.000E+00 -0.000E+00  0.000E+00
 -1.1589500E+05 -0.000E+00 -0.000E+00  0.000E+00
 -1.1589300E+05 -0.000E+00 -0.000E+00  0.000E+00
 -1.1589100E+05 -0.000E+00 -0.000E+00  0.000E+00
 -1.1588900E+05 -0.000E+00 -0.000E+00  0.000E+00
 -1.1588700E+05 -0.000E+00 -0.000E+00  0.000E+00
 -1.1588500E+05 -0.000E+00 -0.000E+00  0.000E+00
 -1.1588300E+05 -0.000E+00 -0.000E+00  0.000E+00
 -1.1588100E+05 -0.000E+00 -0.000E+00  0.000E+00
 -1.1587900E+05 -0.000E+00 -0.000E+00  0.000E+00
 -1.1587700E+05 -0.000E+00 -0.000E+00  0.000E+00
 -1.1587500E+05 -0.000E+00 -0.000E+00  0.000E+00
 -1.1587300E+05 -0.000E+00 -0.000E+00  0.000E+00
 -1.1587100E+05 -0.000E+00 -0.000E+00  0.000E+00
 -1.1586900E+05 -0.000E+00 -0.000E+00  0.000E+00
 -1.1586700E+05 -0.000E+00 -0.000E+00  0.000E+00
 -1.1586500E+05 -0.000E+00 -0.000E+00  0.000E+00
 -1.1586300E+05 -0.000E+00 -0.000E+00  0.000E+00
 -1.1586100E+05 -0.000E+00 -0.000E+00  0.000E+00
 -1.1585900E+05 -0.000E+00 -0.000E+00  0.000E+00
 -1.1585700E+05 -0.000E+00 -0.000E+00  0.000E+00
 -1.1585500E+05 -0.000E+00 -0.000E+00  0.000E+00
 -1.1585300E+05 -0.000E+00 -0.000E+00  0.000E+00
 -1.1585100E+05 -0.000E+00 -0.000E+00  0.000E+00
 -1.1584900E+05 -0.000E+00 -0.000E+00  0.000E+00
 -1.1584700E+05 -0.000E+00 -0.000E+00  0.000E+00
 -1.1584500E+05 -0.000E+00 -0.000E+00  0.000E+00
 -1.1584300E+05 -0.000E+00 -0.000E+00  0.000E+00
 -1.1584100E+05 -0.000E+00 -0.000E+00  0.000E+00
 -1.1583900E+05 -0.000E+00 -0.000E+00  0.000E+00
 -1.1583700E+05 -0.000E+00 -0.000E+00  0.000E+00
 -1.1583500E+05 -0.000E+00 -0.000E+00  0.000E+00
 -1.1583300E+05 -0.000E+00 -0.000E+00  0.000E+00
 -1.1583100E+05 -0.000E+00 -0.000E+00  0.000E+00
 -1.1582900E+05 -0.000E+00 -0.000E+00  0.000E+00
 -1.1582700E+05 -0.000E+00 -0.000E+00  0.000E+00
 -1.1582500E+05 -0.000E+00 -0.000E+00  0.000E+00
 -1.1582300E+05 -0.000E+00 -0.000E+00  0.000E+00
 -1.1582100E+05 -0.000E+00 -0.000E+00  0.000E+00
 -1.1581900E+05 -0.000E+00 -0.000E+00  0.000E+00
 -1.1581700E+05 -0.000E+00 -0.000E+00  0.000E+00
 -1.1581500E+05 -0.000E+00 -0.000E+00  0.000E+00
 -1.1581300E+05 -0.000E+00 -0.000E+00  0.000E+00
 -1.1581100E+05 -0.000E+00 -0.000E+00  0.000E+00
 -1.1580900E+05 -0.000E+00 -0.000E+00  0.000E+00
 -1.1580700E+05 -0.000E+00 -0.000E+00  0.000E+00
 -1.1580500E+05 -0.000E+00 -0.000E+00  0.000E+00
 -1.1580300E+05 -0.000E+00 -0.000E+00  0.000E+00
 -1.1580100E+05 -0.000E+00 -0.000E+00  0.000E+00
 -1.1579900E+05 -0.000E+00 -0.000E+00  0.000E+00
 -1.1579700E+05 -0.000E+00 -0.000E+00  0.000E+00
 -1.1579500E+05 -0.000E+00 -0.000E+00  0.000E+00
 -1.1579300E+05 -0.000E+00 -0.000E+00  0.000E+00
 -1.1579100E+05 -0.000E+00 -0.000E+00  0.000E+00
 -1.1578900E+05 -0.000E+00 -0.000E+00  0.000E+00
 -1.1578700E+05 -0.000E+00 -0.000E+00  0.000E+00
 -1.1578500E+05 -0.000E+00 -0.000E+00  0.000E+00
 -1.1578300E+05 -0.000E+00 -0.000E+00  0.000E+00
 -1.1578100E+05 -0.000E+00 -0.000E+00  0.000E+00
 -1.1577900E+05 -0.000E+00 -0.000E+00  0.000E+00
 -1.1577700E+05 -0.000E+00 -0.000E+00  0.000E+00
 -1.1577500E+05 -0.000E+00 -0.000E+00  0.000E+00
 -1.1577300E+05 -0.000E+00 -0.000E+00  0.000E+00
 -1.1577100E+05 -0.000E+00 -0.000E+00  0.000E+00
 -1.1576900E+05 -0.000E+00 -0.000E+00  0.000E+00
 -1.1576700E+05 -0.000E+00 -0.000E+00  0.000E+00
 -1.1576500E+05 -0.000E+00 -0.000E+00  0.000E+00
 -1.1576300E+05 -0.000E+00 -0.000E+00  0.000E+00
 -1.1576100E+05  1.886E-08 -6.075E-09  4.119E-08
 -1.1575900E+05  2.986E-08 -9.743E-09  6.648E-08
 -1.1575700E+05 -1.474E-05  2.315E-06 -7.486E-06
 -1.1575500E+05 -7.689E-06  1.057E-06 -2.361E-06
 -1.1575300E+05 -3.602E-05  5.921E-06 -2.077E-05
 -1.1575100E+05 -3.022E-04  5.325E-05 -2.079E-04
 -1.1574900E+05 -3.207E-04  4.795E-05 -1.340E-04
 -1.1574700E+05  2.466E-04 -4.630E-05  1.975E-04
 -1.1574500E+05 -6.591E-04  8.621E-05 -1.518E-04
 -1.1574300E+05 -2.105E-04  5.350E-05 -3.073E-04
 -1.1574100E+05 -5.002E-04  1.084E-04 -5.454E-04
 -1.1573900E+05 -4.173E-04  1.027E-04 -5.656E-04
 -1.1573700E+05 -3.573E-04  9.800E-05 -5.879E-04
 -1.1573500E+05 -1.370E-03  2.051E-04 -5.550E-04
 -1.1573300E+05  1.207E-03 -2.021E-04  6.996E-04
 -1.1573100E+05 -5.095E-04  1.923E-05  3.579E-04
 -1.1572900E+05 -7.819E-03  1.336E-03 -4.808E-03
 -1.1572700E+05 -9.050E-04  2.713E-04 -1.713E-03
 -1.1572500E+05 -5.369E-03  1.223E-03 -6.236E-03
 -1.1572300E+05 -1.405E-02  2.146E-03 -5.902E-03
 -1.1572100E+05 -1.084E-02  1.785E-03 -5.824E-03
 -1.1571900E+05 -1.097E-02  1.822E-03 -6.002E-03
 -1.1571700E+05 -1.122E-02  2.358E-03 -1.104E-02
 -1.1571500E+05 -2.325E-02  4.033E-03 -1.429E-02
 -1.1571300E+05 -2.098E-02  3.726E-03 -1.362E-02
 -1.1571100E+05 -1.902E-02  3.094E-03 -9.600E-03
 -1.1570900E+05 -3.922E-02  6.469E-03 -2.040E-02
 -1.1570700E+05 -2.056E-02  4.490E-03 -2.121E-02
 -1.1570500E+05 -4.854E-02  9.517E-03 -3.990E-02
 -1.1570300E+05 -4.792E-02  7.928E-03 -2.468E-02
 -1.1570100E+05 -6.527E-02  1.194E-02 -4.474E-02
 -1.1569900E+05 -6.704E-02  1.135E-02 -3.713E-02
 -1.1569700E+05 -8.008E-02  1.486E-02 -5.656E-02
 -1.1569500E+05 -9.105E-02  1.597E-02 -5.502E-02
 -1.1569300E+05 -8.988E-02  1.673E-02 -6.330E-02
 -1.1569100E+05 -8.737E-02  1.753E-02 -7.359E-02
 -1.1568900E+05 -1.375E-01  2.398E-02 -8.119E-02
 -1.1568700E+05 -1.320E-01  2.321E-02 -7.917E-02
 -1.1568500E+05 -1.143E-01  2.147E-02 -8.103E-02
 -1.1568300E+05 -1.163E-01  2.002E-02 -6.498E-02
 -1.1568100E+05 -1.641E-01  2.938E-02 -1.019E-01
 -1.1567900E+05 -2.041E-01  4.121E-02 -1.711E-01
 -1.1567700E+05 -1.911E-01  3.444E-02 -1.196E-01
 -1.1567500E+05 -2.803E-01  4.687E-02 -1.394E-01
 -1.1567300E+05 -2.757E-01  5.050E-02 -1.789E-01
 -1.1567100E+05 -2.231E-01  4.051E-02 -1.407E-01
 -1.1566900E+05 -3.096E-01  5.874E-02 -2.187E-01
 -1.1566700E+05 -3.318E-01  6.358E-02 -2.383E-01
 -1.1566500E+05 -3.809E-01  6.341E-02 -1.828E-01
 -1.1566300E+05 -3.073E-01  5.218E-02 -1.571E-01
 -1.1566100E+05 -3.370E-01  6.706E-02 -2.635E-01
 -1.1565900E+05 -3.891E-01  7.923E-02 -3.207E-01
 -1.1565700E+05 -4.889E-01  8.591E-02 -2.721E-01
 -1.1565500E+05 -4.429E-01  8.130E-02 -2.786E-01
 -1.1565300E+05 -4.670E-01  8.276E-02 -2.645E-01
 -1.1565100E+05 -4.825E-01  8.461E-02 -2.636E-01
 -1.1564900E+05 -5.263E-01  9.756E-02 -3.356E-01
 -1.1564700E+05 -5.066E-01  9.220E-02 -3.042E-01
 -1.1564500E+05 -5.907E-01  1.109E-01 -3.866E-01
 -1.1564300E+05 -5.700E-01  1.090E-01 -3.892E-01
 -1.1564100E+05 -5.537E-01  1.024E-01 -3.454E-01
 -1.1563900E+05 -6.959E-01  1.293E-01 -4.389E-01
 -1.1563700E+05 -6.470E-01  1.227E-01 -4.275E-01
 -1.1563500E+05 -8.276E-01  1.546E-01 -5.230E-01
 -1.1563300E+05 -7.158E-01  1.367E-01 -4.786E-01
 -1.1563100E+05 -7.483E-01  1.435E-01 -5.037E-01
 -1.1562900E+05 -7.460E-01  1.356E-01 -4.280E-01
 -1.1562700E+05 -8.240E-01  1.489E-01 -4.643E-01
 -1.1562500E+05 -8.143E-01  1.583E-01 -5.636E-01
 -1.1562300E+05 -8.026E-01  1.567E-01 -5.568E-01
 -1.1562100E+05 -7.708E-01  1.475E-01 -5.035E-01
 -1.1561900E+05 -8.407E-01  1.585E-01 -5.261E-01
 -1.1561700E+05 -7.684E-01  1.490E-01 -5.153E-01
 -1.1561500E+05 -9.430E-01  1.741E-01 -5.505E-01
 -1.1561300E+05 -9.779E-01  1.775E-01 -5.420E-01
 -1.1561100E+05 -8.487E-01  1.650E-01 -5.674E-01
 -1.1560900E+05 -9.323E-01  1.848E-01 -6.531E-01
 -1.1560700E+05 -9.267E-01  1.802E-01 -6.163E-01
 -1.1560500E+05 -9.764E-01  1.931E-01 -6.763E-01
 -1.1560300E+05 -9.028E-01  1.791E-01 -6.253E-01
 -1.1560100E+05 -8.909E-01  1.626E-01 -4.840E-01
