  4.6407000E+04 -0.000E+00 -0.000E+00  0.000E+00
  4.6409000E+04 -0.000E+00 -0.000E+00  0.000E+00
  4.6411000E+04 -0.000E+00 -0.000E+00  0.000E+00
  4.6413000E+04 -0.000E+00 -0.000E+00  0.000E+00
  4.6415000E+04 -0.000E+00 -0.000E+00  0.000E+00
  4.6417000E+04 -0.000E+00 -0.000E+00  0.000E+00
  4.6419000E+04 -0.000E+00 -0.000E+00  0.000E+00
  4.6421000E+04 -0.000E+00 -0.000E+00  0.000E+00
  4.6423000E+04 -0.000E+00 -0.000E+00  0.000E+00
  4.6425000E+04 -0.000E+00 -0.000E+00  0.000E+00
  4.6427000E+04 -0.000E+00 -0.000E+00  0.000E+00
  4.6429000E+04 -0.000E+00 -0.000E+00  0.000E+00
  4.6431000E+04 -0.000E+00 -0.000E+00  0.000E+00
  4.6433000E+04 -0.000E+00 -0.000E+00  0.000E+00
  4.6435000E+04 -0.000E+00 -0.000E+00  0.000E+00
  4.6437000E+04 -0.000E+00 -0.000E+00  0.000E+00
  4.6439000E+04 -0.000E+00 -0.000E+00  0.000E+00
  4.6441000E+04 -0.000E+00 -0.000E+00  0.000E+00
  4.6443000E+04 -0.000E+00 -0.000E+00  0.000E+00
  4.6445000E+04 -0.000E+00 -0.000E+00  0.000E+00
  4.6447000E+04 -0.000E+00 -0.000E+00  0.000E+00
  4.6449000E+04 -0.000E+00 -0.000E+00  0.000E+00
  4.6451000E+04 -0.000E+00 -0.000E+00  0.000E+00
  4.6453000E+04 -0.000E+00 -0.000E+00  0.000E+00
  4.6455000E+04 -0.000E+00 -0.000E+00  0.000E+00
  4.6457000E+04 -0.000E+00 -0.000E+00  0.000E+00
  4.6459000E+04 -0.000E+00 -0.000E+00  0.000E+00
  4.6461000E+04 -0.000E+00 -0.000E+00  0.000E+00
  4.6463000E+04 -0.000E+00 -0.000E+00  0.000E+00
  4.6465000E+04 -0.000E+00 -0.000E+00  0.000E+00
  4.6467000E+04 -0.000E+00 -0.000E+00  0.000E+00
  4.6469000E+04 -0.000E+00 -0.000E+00  0.000E+00
  4.6471000E+04 -0.000E+00 -0.000E+00  0.000E+00
  4.6473000E+04 -0.000E+00 -0.000E+00  0.000E+00
  4.6475000E+04 -0.000E+00 -0.000E+00  0.000E+00
  4.6477000E+04 -0.000E+00 -0.000E+00  0.000E+00
  4.6479000E+04 -0.000E+00 -0.000E+00  0.000E+00
  4.6481000E+04 -0.000E+00 -0.000E+00  0.000E+00
  4.6483000E+04 -0.000E+00 -0.000E+00  0.000E+00
  4.6485000E+04 -0.000E+00 -0.000E+00  0.000E+00
  4.6487000E+04 -0.000E+00 -0.000E+00  0.000E+00
  4.6489000E+04 -0.000E+00 -0.000E+00  0.000E+00
  4.6491000E+04 -0.000E+00 -0.000E+00  0.000E+00
  4.6493000E+04 -0.000E+00 -0.000E+00  0.000E+00
  4.6495000E+04 -0.000E+00 -0.000E+00  0.000E+00
  4.6497000E+04 -0.000E+00 -0.000E+00  0.000E+00
  4.6499000E+04 -0.000E+00 -0.000E+00  0.000E+00
  4.6501000E+04 -0.000E+00 -0.000E+00  0.000E+00
  4.6503000E+04 -0.000E+00 -0.000E+00  0.000E+00
  4.6505000E+04 -0.000E+00 -0.000E+00  0.000E+00
  4.6507000E+04 -0.000E+00 -0.000E+00  0.000E+00
  4.6509000E+04 -0.000E+00 -0.000E+00  0.000E+00
  4.6511000E+04 -0.000E+00 -0.000E+00  0.000E+00
  4.6513000E+04 -0.000E+00 -0.000E+00  0.000E+00
  4.6515000E+04 -0.000E+00 -0.000E+00  0.000E+00
  4.6517000E+04 -0.000E+00 -0.000E+00  0.000E+00
  4.6519000E+04 -0.000E+00 -0.000E+00  0.000E+00
  4.6521000E+04 -0.000E+00 -0.000E+00  0.000E+00
  4.6523000E+04 -0.000E+00 -0.000E+00  0.000E+00
  4.6525000E+04 -0.000E+00 -0.000E+00  0.000E+00
  4.6527000E+04 -0.000E+00 -0.000E+00  0.000E+00
  4.6529000E+04 -0.000E+00 -0.000E+00  0.000E+00
  4.6531000E+04 -0.000E+00 -0.000E+00  0.000E+00
  4.6533000E+04 -0.000E+00 -0.000E+00  0.000E+00
  4.6535000E+04 -0.000E+00 -0.000E+00  0.000E+00
  4.6537000E+04 -0.000E+00 -0.000E+00  0.000E+00
  4.6539000E+04 -0.000E+00 -0.000E+00  0.000E+00
  4.6541000E+04 -0.000E+00 -0.000E+00  0.000E+00
  4.6543000E+04 -0.000E+00 -0.000E+00  0.000E+00
  4.6545000E+04 -0.000E+00 -0.000E+00  0.000E+00
  4.6547000E+04 -0.000E+00 -0.000E+00  0.000E+00
  4.6549000E+04 -0.000E+00 -0.000E+00  0.000E+00
  4.6551000E+04 -0.000E+00 -0.000E+00  0.000E+00
  4.6553000E+04 -0.000E+00 -0.000E+00  0.000E+00
  4.6555000E+04 -0.000E+00 -0.000E+00  0.000E+00
  4.6557000E+04 -0.000E+00 -0.000E+00  0.000E+00
  4.6559000E+04 -0.000E+00 -0.000E+00  0.000E+00
  4.6561000E+04 -0.000E+00 -0.000E+00  0.000E+00
  4.6563000E+04 -0.000E+00 -0.000E+00  0.000E+00
  4.6565000E+04 -0.000E+00 -0.000E+00  0.000E+00
  4.6567000E+04 -0.000E+00 -0.000E+00  0.000E+00
  4.6569000E+04 -0.000E+00 -0.000E+00  0.000E+00
  4.6571000E+04 -0.000E+00 -0.000E+00  0.000E+00
  4.6573000E+04 -0.000E+00 -0.000E+00  0.000E+00
  4.6575000E+04 -0.000E+00 -0.000E+00  0.000E+00
  4.6577000E+04 -0.000E+00 -0.000E+00  0.000E+00
  4.6579000E+04 -0.000E+00 -0.000E+00  0.000E+00
  4.6581000E+04 -0.000E+00 -0.000E+00  0.000E+00
  4.6583000E+04 -0.000E+00 -0.000E+00  0.000E+00
  4.6585000E+04 -0.000E+00 -0.000E+00  0.000E+00
  4.6587000E+04 -0.000E+00 -0.000E+00  0.000E+00
  4.6589000E+04 -0.000E+00 -0.000E+00  0.000E+00
  4.6591000E+04 -0.000E+00 -0.000E+00  0.000E+00
  4.6593000E+04 -0.000E+00 -0.000E+00  0.000E+00
  4.6595000E+04  5.758E-09 -1.513E-09  1.139E-08
  4.6597000E+04 -1.543E-06  1.293E-07  4.121E-07
  4.6599000E+04 -1.874E-05  1.934E-06  4.741E-07
  4.6601000E+04 -6.379E-05  6.931E-06 -2.489E-06
  4.6603000E+04  2.588E-05  3.775E-05 -5.089E-04
  4.6605000E+04 -2.768E-04  2.150E-05  9.762E-05
  4.6607000E+04 -1.459E-04  8.511E-06  8.750E-05
  4.6609000E+04 -5.986E-04  7.052E-05 -8.538E-05
  4.6611000E+04 -8.426E-04  1.066E-04 -2.109E-04
  4.6613000E+04 -1.640E-03  2.535E-04 -9.785E-04
  4.6615000E+04  6.913E-04  2.458E-04 -4.033E-03
  4.6617000E+04 -2.773E-03  5.589E-04 -3.314E-03
  4.6619000E+04 -4.370E-03  9.688E-04 -6.329E-03
  4.6621000E+04 -8.465E-03  1.494E-03 -7.399E-03
  4.6623000E+04 -1.795E-02  2.925E-03 -1.253E-02
  4.6625000E+04 -1.790E-02  2.927E-03 -1.257E-02
  4.6627000E+04 -2.458E-02  4.003E-03 -1.695E-02
  4.6629000E+04 -2.417E-02  4.695E-03 -2.629E-02
  4.6631000E+04 -4.360E-02  6.968E-03 -2.828E-02
  4.6633000E+04 -5.034E-02  8.722E-03 -4.098E-02
  4.6635000E+04 -7.178E-02  1.295E-02 -6.496E-02
  4.6637000E+04 -8.547E-02  1.386E-02 -5.730E-02
  4.6639000E+04 -9.058E-02  1.712E-02 -9.132E-02
  4.6641000E+04 -1.273E-01  2.078E-02 -8.660E-02
  4.6643000E+04 -1.252E-01  2.190E-02 -1.036E-01
  4.6645000E+04 -1.823E-01  3.199E-02 -1.511E-01
  4.6647000E+04 -2.630E-01  4.396E-02 -1.899E-01
  4.6649000E+04 -2.802E-01  4.794E-02 -2.156E-01
  4.6651000E+04 -3.451E-01  5.830E-02 -2.550E-01
  4.6653000E+04 -3.980E-01  6.511E-02 -2.659E-01
  4.6655000E+04 -4.036E-01  6.843E-02 -2.996E-01
  4.6657000E+04 -4.477E-01  7.826E-02 -3.613E-01
  4.6659000E+04 -5.465E-01  8.972E-02 -3.653E-01
  4.6661000E+04 -6.164E-01  1.043E-01 -4.507E-01
  4.6663000E+04 -7.259E-01  1.168E-01 -4.516E-01
  4.6665000E+04 -7.254E-01  1.225E-01 -5.241E-01
  4.6667000E+04 -7.463E-01  1.294E-01 -5.785E-01
  4.6669000E+04 -9.237E-01  1.533E-01 -6.268E-01
  4.6671000E+04 -1.066E+00  1.768E-01 -7.191E-01
  4.6673000E+04 -1.031E+00  1.701E-01 -6.818E-01
  4.6675000E+04 -1.109E+00  1.840E-01 -7.431E-01
  4.6677000E+04 -1.144E+00  1.957E-01 -8.403E-01
  4.6679000E+04 -1.212E+00  2.009E-01 -8.041E-01
  4.6681000E+04 -1.340E+00  2.222E-01 -8.860E-01
  4.6683000E+04 -1.367E+00  2.324E-01 -9.753E-01
  4.6685000E+04 -1.406E+00  2.372E-01 -9.752E-01
  4.6687000E+04 -1.404E+00  2.308E-01 -8.915E-01
  4.6689000E+04 -1.329E+00  2.288E-01 -9.731E-01
  4.6691000E+04 -1.343E+00  2.349E-01 -1.027E+00
  4.6693000E+04 -1.602E+00  2.558E-01 -9.079E-01
  4.6695000E+04 -1.410E+00  2.352E-01 -9.238E-01
  4.6697000E+04 -1.324E+00  2.305E-01 -9.885E-01
  4.6699000E+04 -1.234E+00  2.119E-01 -8.762E-01
  4.6701000E+04 -1.266E+00  2.193E-01 -9.222E-01
  4.6703000E+04 -1.296E+00  2.172E-01 -8.494E-01
  4.6705000E+04 -1.278E+00  2.097E-01 -7.752E-01
  4.6707000E+04 -1.061E+00  1.791E-01 -7.019E-01
  4.6709000E+04 -1.154E+00  1.943E-01 -7.561E-01
  4.6711000E+04 -1.071E+00  1.760E-01 -6.466E-01
  4.6713000E+04 -1.014E+00  1.709E-01 -6.625E-01
  4.6715000E+04 -9.616E-01  1.635E-01 -6.432E-01
  4.6717000E+04 -7.977E-01  1.364E-01 -5.362E-01
  4.6719000E+04 -7.973E-01  1.303E-01 -4.587E-01
  4.6721000E+04 -6.431E-01  1.132E-01 -4.741E-01
  4.6723000E+04 -6.398E-01  1.030E-01 -3.396E-01
  4.6725000E+04 -5.994E-01  1.084E-01 -4.729E-01
  4.6727000E+04 -5.368E-01  9.436E-02 -3.855E-01
  4.6729000E+04 -5.058E-01  8.308E-02 -2.861E-01
  4.6731000E+04 -4.045E-01  7.566E-02 -3.440E-01
  4.6733000E+04 -3.969E-01  5.885E-02 -1.360E-01
  4.6735000E+04 -3.106E-01  4.681E-02 -1.135E-01
  4.6737000E+04 -2.989E-01  5.351E-02 -2.186E-01
  4.6739000E+04 -2.232E-01  3.868E-02 -1.421E-01
  4.6741000E+04 -1.758E-01  2.794E-02 -7.523E-02
  4.6743000E+04 -1.220E-01  2.573E-02 -1.314E-01
  4.6745000E+04 -5.183E-02  1.113E-02 -4.818E-02
  4.6747000E+04 -1.007E-01  1.763E-02 -5.539E-02
  4.6749000E+04 -6.921E-02  1.292E-02 -4.369E-02
  4.6751000E+04 -1.397E-02 -3.344E-04  4.098E-02
  4.6753000E+04  4.613E-02 -4.372E-03 -3.236E-04
  4.6755000E+04 -2.780E-02  4.901E-04  5.300E-02
  4.6757000E+04  8.343E-02 -8.456E-03 -6.248E-03
  4.6759000E+04  9.384E-02 -1.901E-02  1.158E-01
  4.6761000E+04  9.144E-02 -1.781E-02  1.026E-01
  4.6763000E+04  1.186E-01 -1.692E-02  4.726E-02
  4.6765000E+04  1.084E-01 -1.767E-02  7.509E-02
  4.6767000E+04  1.753E-01 -2.603E-02  8.007E-02
  4.6769000E+04  1.624E-01 -2.548E-02  8.870E-02
  4.6771000E+04  1.582E-01 -2.490E-02  8.689E-02
  4.6773000E+04  1.349E-01 -2.574E-02  1.364E-01
  4.6775000E+04  1.328E-01 -3.032E-02  2.017E-01
  4.6777000E+04  1.754E-01 -2.768E-02  9.941E-02
  4.6779000E+04  1.655E-01 -2.704E-02  1.034E-01
  4.6781000E+04  1.891E-01 -3.396E-02  1.582E-01
  4.6783000E+04  2.307E-01 -4.103E-02  1.853E-01
  4.6785000E+04  2.032E-01 -3.454E-02  1.380E-01
