  1.8164900E+05 -0.000E+00 -0.000E+00  0.000E+00
  1.8165100E+05 -0.000E+00 -0.000E+00  0.000E+00
  1.8165300E+05 -0.000E+00 -0.000E+00  0.000E+00
  1.8165500E+05 -0.000E+00 -0.000E+00  0.000E+00
  1.8165700E+05 -0.000E+00 -0.000E+00  0.000E+00
  1.8165900E+05 -0.000E+00 -0.000E+00  0.000E+00
  1.8166100E+05 -0.000E+00 -0.000E+00  0.000E+00
  1.8166300E+05 -0.000E+00 -0.000E+00  0.000E+00
  1.8166500E+05 -0.000E+00 -0.000E+00  0.000E+00
  1.8166700E+05 -0.000E+00 -0.000E+00  0.000E+00
  1.8166900E+05 -0.000E+00 -0.000E+00  0.000E+00
  1.8167100E+05 -0.000E+00 -0.000E+00  0.000E+00
  1.8167300E+05 -0.000E+00 -0.000E+00  0.000E+00
  1.8167500E+05 -0.000E+00 -0.000E+00  0.000E+00
  1.8167700E+05 -0.000E+00 -0.000E+00  0.000E+00
  1.8167900E+05 -0.000E+00 -0.000E+00  0.000E+00
  1.8168100E+05 -0.000E+00 -0.000E+00  0.000E+00
  1.8168300E+05 -0.000E+00 -0.000E+00  0.000E+00
  1.8168500E+05 -0.000E+00 -0.000E+00  0.000E+00
  1.8168700E+05 -0.000E+00 -0.000E+00  0.000E+00
  1.8168900E+05 -0.000E+00 -0.000E+00  0.000E+00
  1.8169100E+05 -0.000E+00 -0.000E+00  0.000E+00
  1.8169300E+05 -0.000E+00 -0.000E+00  0.000E+00
  1.8169500E+05 -0.000E+00 -0.000E+00  0.000E+00
  1.8169700E+05 -0.000E+00 -0.000E+00  0.000E+00
  1.8169900E+05 -0.000E+00 -0.000E+00  0.000E+00
  1.8170100E+05 -0.000E+00 -0.000E+00  0.000E+00
  1.8170300E+05 -0.000E+00 -0.000E+00  0.000E+00
  1.8170500E+05 -0.000E+00 -0.000E+00  0.000E+00
  1.8170700E+05 -0.000E+00 -0.000E+00  0.000E+00
  1.8170900E+05 -0.000E+00 -0.000E+00  0.000E+00
  1.8171100E+05 -0.000E+00 -0.000E+00  0.000E+00
  1.8171300E+05 -0.000E+00 -0.000E+00  0.000E+00
  1.8171500E+05 -0.000E+00 -0.000E+00  0.000E+00
  1.8171700E+05 -0.000E+00 -0.000E+00  0.000E+00
  1.8171900E+05 -0.000E+00 -0.000E+00  0.000E+00
  1.8172100E+05 -0.000E+00 -0.000E+00  0.000E+00
  1.8172300E+05 -0.000E+00 -0.000E+00  0.000E+00
  1.8172500E+05 -0.000E+00 -0.000E+00  0.000E+00
  1.8172700E+05 -0.000E+00 -0.000E+00  0.000E+00
  1.8172900E+05 -0.000E+00 -0.000E+00  0.000E+00
  1.8173100E+05 -0.000E+00 -0.000E+00  0.000E+00
  1.8173300E+05 -0.000E+00 -0.000E+00  0.000E+00
  1.8173500E+05 -0.000E+00 -0.000E+00  0.000E+00
  1.8173700E+05 -0.000E+00 -0.000E+00  0.000E+00
  1.8173900E+05 -0.000E+00 -0.000E+00  0.000E+00
  1.8174100E+05 -0.000E+00 -0.000E+00  0.000E+00
  1.8174300E+05 -0.000E+00 -0.000E+00  0.000E+00
  1.8174500E+05 -0.000E+00 -0.000E+00  0.000E+00
  1.8174700E+05 -0.000E+00 -0.000E+00  0.000E+00
  1.8174900E+05 -0.000E+00 -0.000E+00  0.000E+00
  1.8175100E+05 -0.000E+00 -0.000E+00  0.000E+00
  1.8175300E+05 -0.000E+00 -0.000E+00  0.000E+00
  1.8175500E+05 -0.000E+00 -0.000E+00  0.000E+00
  1.8175700E+05 -0.000E+00 -0.000E+00  0.000E+00
  1.8175900E+05 -0.000E+00 -0.000E+00  0.000E+00
  1.8176100E+05 -0.000E+00 -0.000E+00  0.000E+00
  1.8176300E+05 -0.000E+00 -0.000E+00  0.000E+00
  1.8176500E+05 -0.000E+00 -0.000E+00  0.000E+00
  1.8176700E+05 -0.000E+00 -0.000E+00  0.000E+00
  1.8176900E+05 -0.000E+00 -0.000E+00  0.000E+00
  1.8177100E+05 -0.000E+00 -0.000E+00  0.000E+00
  1.8177300E+05 -0.000E+00 -0.000E+00  0.000E+00
  1.8177500E+05 -0.000E+00 -0.000E+00  0.000E+00
  1.8177700E+05 -0.000E+00 -0.000E+00  0.000E+00
  1.8177900E+05 -0.000E+00 -0.000E+00  0.000E+00
  1.8178100E+05 -0.000E+00 -0.000E+00  0.000E+00
  1.8178300E+05 -0.000E+00 -0.000E+00  0.000E+00
  1.8178500E+05 -0.000E+00 -0.000E+00  0.000E+00
  1.8178700E+05 -0.000E+00 -0.000E+00  0.000E+00
  1.8178900E+05 -0.000E+00 -0.000E+00  0.000E+00
  1.8179100E+05 -0.000E+00 -0.000E+00  0.000E+00
  1.8179300E+05 -0.000E+00 -0.000E+00  0.000E+00
  1.8179500E+05 -0.000E+00 -0.000E+00  0.000E+00
  1.8179700E+05 -0.000E+00 -0.000E+00  0.000E+00
  1.8179900E+05 -0.000E+00 -0.000E+00  0.000E+00
  1.8180100E+05 -0.000E+00 -0.000E+00  0.000E+00
  1.8180300E+05 -0.000E+00 -0.000E+00  0.000E+00
  1.8180500E+05 -0.000E+00 -0.000E+00  0.000E+00
  1.8180700E+05 -0.000E+00 -0.000E+00  0.000E+00
  1.8180900E+05 -0.000E+00 -0.000E+00  0.000E+00
  1.8181100E+05 -0.000E+00 -0.000E+00  0.000E+00
  1.8181300E+05 -0.000E+00 -0.000E+00  0.000E+00
  1.8181500E+05 -0.000E+00 -0.000E+00  0.000E+00
  1.8181700E+05 -0.000E+00 -0.000E+00  0.000E+00
  1.8181900E+05 -0.000E+00 -0.000E+00  0.000E+00
  1.8182100E+05 -0.000E+00 -0.000E+00  0.000E+00
  1.8182300E+05 -0.000E+00 -0.000E+00  0.000E+00
  1.8182500E+05  3.065E-08 -7.699E-09  7.013E-08
  1.8182700E+05 -1.476E-05  7.577E-07  9.192E-06
  1.8182900E+05 -3.562E-05  2.637E-06  1.045E-05
  1.8183100E+05 -8.776E-05  3.065E-05 -3.293E-04
  1.8183300E+05 -1.727E-04  1.093E-05  7.814E-05
  1.8183500E+05 -3.496E-04  1.164E-05  3.158E-04
  1.8183700E+05 -6.905E-04  9.422E-05 -4.266E-04
  1.8183900E+05 -7.347E-04  2.527E-04 -2.716E-03
  1.8184100E+05 -4.274E-03  6.432E-04 -3.546E-03
  1.8184300E+05 -7.367E-03  1.092E-03 -5.848E-03
  1.8184500E+05 -1.416E-02  1.770E-03 -6.344E-03
  1.8184700E+05 -1.778E-02  2.716E-03 -1.535E-02
  1.8184900E+05 -2.419E-02  3.397E-03 -1.645E-02
  1.8185100E+05 -4.052E-02  5.746E-03 -2.841E-02
  1.8185300E+05 -6.527E-02  8.342E-03 -3.191E-02
  1.8185500E+05 -9.058E-02  1.253E-02 -5.870E-02
  1.8185700E+05 -8.517E-02  1.371E-02 -8.443E-02
  1.8185900E+05 -1.329E-01  1.797E-02 -7.976E-02
  1.8186100E+05 -1.845E-01  2.607E-02 -1.280E-01
  1.8186300E+05 -2.551E-01  3.388E-02 -1.439E-01
  1.8186500E+05 -3.248E-01  4.861E-02 -2.671E-01
  1.8186700E+05 -3.989E-01  5.415E-02 -2.428E-01
  1.8186900E+05 -4.771E-01  6.586E-02 -3.071E-01
  1.8187100E+05 -5.816E-01  8.162E-02 -3.952E-01
  1.8187300E+05 -7.015E-01  9.577E-02 -4.351E-01
  1.8187500E+05 -8.441E-01  1.195E-01 -5.905E-01
  1.8187700E+05 -9.597E-01  1.351E-01 -6.597E-01
  1.8187900E+05 -1.070E+00  1.467E-01 -6.739E-01
  1.8188100E+05 -1.168E+00  1.639E-01 -7.936E-01
  1.8188300E+05 -1.244E+00  1.771E-01 -8.869E-01
  1.8188500E+05 -1.503E+00  2.096E-01 -1.003E+00
  1.8188700E+05 -1.602E+00  2.228E-01 -1.058E+00
  1.8188900E+05 -1.667E+00  2.327E-01 -1.116E+00
  1.8189100E+05 -1.724E+00  2.424E-01 -1.183E+00
  1.8189300E+05 -1.784E+00  2.485E-01 -1.184E+00
  1.8189500E+05 -1.885E+00  2.610E-01 -1.228E+00
  1.8189700E+05 -1.659E+00  2.349E-01 -1.165E+00
  1.8189900E+05 -1.718E+00  2.481E-01 -1.286E+00
  1.8190100E+05 -1.773E+00  2.499E-01 -1.229E+00
  1.8190300E+05 -1.596E+00  2.257E-01 -1.118E+00
  1.8190500E+05 -1.446E+00  2.066E-01 -1.049E+00
  1.8190700E+05 -1.509E+00  2.108E-01 -1.017E+00
  1.8190900E+05 -1.258E+00  1.792E-01 -9.073E-01
  1.8191100E+05 -1.206E+00  1.639E-01 -7.383E-01
  1.8191300E+05 -1.023E+00  1.428E-01 -6.900E-01
  1.8191500E+05 -9.242E-01  1.328E-01 -6.865E-01
  1.8191700E+05 -7.517E-01  1.039E-01 -4.903E-01
  1.8191900E+05 -7.738E-01  1.066E-01 -5.010E-01
  1.8192100E+05 -5.724E-01  8.204E-02 -4.258E-01
  1.8192300E+05 -5.052E-01  7.439E-02 -4.070E-01
  1.8192500E+05 -4.173E-01  5.694E-02 -2.639E-01
  1.8192700E+05 -2.841E-01  4.227E-02 -2.371E-01
  1.8192900E+05 -2.655E-01  3.579E-02 -1.604E-01
  1.8193100E+05 -1.370E-01  1.998E-02 -1.113E-01
  1.8193300E+05 -1.215E-01  1.604E-02 -7.052E-02
  1.8193500E+05 -9.503E-02  1.130E-02 -3.266E-02
  1.8193700E+05  9.259E-02 -1.126E-02  2.783E-02
  1.8193900E+05  9.588E-03 -5.986E-03  7.586E-02
  1.8194100E+05  5.041E-02 -8.431E-03  5.228E-02
  1.8194300E+05  1.371E-01 -1.842E-02  7.609E-02
  1.8194500E+05  7.375E-02 -1.380E-02  1.033E-01
  1.8194700E+05  8.750E-02 -1.409E-02  8.453E-02
  1.8194900E+05  1.570E-01 -2.106E-02  8.627E-02
  1.8195100E+05  1.034E-01 -1.649E-02  9.949E-02
  1.8195300E+05  2.142E-01 -2.794E-02  1.097E-01
  1.8195500E+05  2.276E-01 -2.903E-02  1.034E-01
  1.8195700E+05  1.548E-01 -2.397E-02  1.409E-01
  1.8195900E+05  1.964E-01 -2.712E-02  1.219E-01
  1.8196100E+05  1.468E-01 -2.381E-02  1.501E-01
  1.8196300E+05  1.534E-01 -2.391E-02  1.445E-01
  1.8196500E+05  1.474E-01 -2.198E-02  1.192E-01
  1.8196700E+05  1.989E-01 -3.039E-02  1.738E-01
  1.8196900E+05  2.425E-01 -3.517E-02  1.817E-01
  1.8197100E+05  1.986E-01 -2.618E-02  1.050E-01
  1.8197300E+05  1.824E-01 -2.614E-02  1.300E-01
  1.8197500E+05  2.190E-01 -2.846E-02  1.127E-01
  1.8197700E+05  1.586E-01 -2.560E-02  1.615E-01
  1.8197900E+05  2.173E-01 -3.166E-02  1.662E-01
  1.8198100E+05  1.880E-01 -2.993E-02  1.856E-01
  1.8198300E+05  1.817E-01 -2.591E-02  1.277E-01
  1.8198500E+05  2.064E-01 -3.007E-02  1.576E-01
  1.8198700E+05  2.183E-01 -2.946E-02  1.271E-01
  1.8198900E+05  2.021E-01 -2.740E-02  1.201E-01
  1.8199100E+05  1.723E-01 -2.556E-02  1.382E-01
  1.8199300E+05  1.860E-01 -2.653E-02  1.318E-01
  1.8199500E+05  1.788E-01 -2.589E-02  1.342E-01
  1.8199700E+05  1.785E-01 -2.688E-02  1.496E-01
  1.8199900E+05  1.682E-01 -2.369E-02  1.150E-01
  1.8200100E+05  1.872E-01 -2.803E-02  1.540E-01
  1.8200300E+05  1.907E-01 -2.598E-02  1.154E-01
  1.8200500E+05  1.963E-01 -2.586E-02  1.057E-01
  1.8200700E+05  1.673E-01 -2.563E-02  1.475E-01
  1.8200900E+05  1.646E-01 -2.400E-02  1.259E-01
  1.8201100E+05  1.535E-01 -2.248E-02  1.211E-01
  1.8201300E+05  2.084E-01 -2.824E-02  1.252E-01
  1.8201500E+05  1.887E-01 -2.631E-02  1.263E-01
  1.8201700E+05  1.630E-01 -2.362E-02  1.226E-01
  1.8201900E+05  1.934E-01 -2.777E-02  1.422E-01
  1.8202100E+05  1.731E-01 -2.525E-02  1.323E-01
  1.8202300E+05  1.766E-01 -2.506E-02  1.243E-01
  1.8202500E+05  1.703E-01 -2.434E-02  1.200E-01
  1.8202700E+05  1.485E-01 -2.024E-02  9.195E-02
