  2.1052300E+05 -0.000E+00 -0.000E+00  0.000E+00
  2.1052500E+05 -0.000E+00 -0.000E+00  0.000E+00
  2.1052700E+05 -0.000E+00 -0.000E+00  0.000E+00
  2.1052900E+05 -0.000E+00 -0.000E+00  0.000E+00
  2.1053100E+05 -0.000E+00 -0.000E+00  0.000E+00
  2.1053300E+05 -0.000E+00 -0.000E+00  0.000E+00
  2.1053500E+05 -0.000E+00 -0.000E+00  0.000E+00
  2.1053700E+05 -0.000E+00 -0.000E+00  0.000E+00
  2.1053900E+05 -0.000E+00 -0.000E+00  0.000E+00
  2.1054100E+05 -0.000E+00 -0.000E+00  0.000E+00
  2.1054300E+05 -0.000E+00 -0.000E+00  0.000E+00
  2.1054500E+05 -0.000E+00 -0.000E+00  0.000E+00
  2.1054700E+05 -0.000E+00 -0.000E+00  0.000E+00
  2.1054900E+05 -0.000E+00 -0.000E+00  0.000E+00
  2.1055100E+05 -0.000E+00 -0.000E+00  0.000E+00
  2.1055300E+05 -0.000E+00 -0.000E+00  0.000E+00
  2.1055500E+05 -0.000E+00 -0.000E+00  0.000E+00
  2.1055700E+05 -0.000E+00 -0.000E+00  0.000E+00
  2.1055900E+05 -0.000E+00 -0.000E+00  0.000E+00
  2.1056100E+05 -0.000E+00 -0.000E+00  0.000E+00
  2.1056300E+05 -0.000E+00 -0.000E+00  0.000E+00
  2.1056500E+05 -0.000E+00 -0.000E+00  0.000E+00
  2.1056700E+05 -0.000E+00 -0.000E+00  0.000E+00
  2.1056900E+05 -0.000E+00 -0.000E+00  0.000E+00
  2.1057100E+05 -0.000E+00 -0.000E+00  0.000E+00
  2.1057300E+05 -0.000E+00 -0.000E+00  0.000E+00
  2.1057500E+05 -0.000E+00 -0.000E+00  0.000E+00
  2.1057700E+05 -0.000E+00 -0.000E+00  0.000E+00
  2.1057900E+05 -0.000E+00 -0.000E+00  0.000E+00
  2.1058100E+05 -0.000E+00 -0.000E+00  0.000E+00
  2.1058300E+05 -0.000E+00 -0.000E+00  0.000E+00
  2.1058500E+05 -0.000E+00 -0.000E+00  0.000E+00
  2.1058700E+05 -0.000E+00 -0.000E+00  0.000E+00
  2.1058900E+05 -0.000E+00 -0.000E+00  0.000E+00
  2.1059100E+05 -0.000E+00 -0.000E+00  0.000E+00
  2.1059300E+05 -0.000E+00 -0.000E+00  0.000E+00
  2.1059500E+05 -0.000E+00 -0.000E+00  0.000E+00
  2.1059700E+05 -0.000E+00 -0.000E+00  0.000E+00
  2.1059900E+05 -0.000E+00 -0.000E+00  0.000E+00
  2.1060100E+05 -0.000E+00 -0.000E+00  0.000E+00
  2.1060300E+05 -0.000E+00 -0.000E+00  0.000E+00
  2.1060500E+05 -0.000E+00 -0.000E+00  0.000E+00
  2.1060700E+05 -0.000E+00 -0.000E+00  0.000E+00
  2.1060900E+05 -0.000E+00 -0.000E+00  0.000E+00
  2.1061100E+05 -0.000E+00 -0.000E+00  0.000E+00
  2.1061300E+05 -0.000E+00 -0.000E+00  0.000E+00
  2.1061500E+05 -0.000E+00 -0.000E+00  0.000E+00
  2.1061700E+05 -0.000E+00 -0.000E+00  0.000E+00
  2.1061900E+05 -0.000E+00 -0.000E+00  0.000E+00
  2.1062100E+05 -0.000E+00 -0.000E+00  0.000E+00
  2.1062300E+05 -0.000E+00 -0.000E+00  0.000E+00
  2.1062500E+05 -0.000E+00 -0.000E+00  0.000E+00
  2.1062700E+05 -0.000E+00 -0.000E+00  0.000E+00
  2.1062900E+05 -0.000E+00 -0.000E+00  0.000E+00
  2.1063100E+05 -0.000E+00 -0.000E+00  0.000E+00
  2.1063300E+05 -0.000E+00 -0.000E+00  0.000E+00
  2.1063500E+05 -0.000E+00 -0.000E+00  0.000E+00
  2.1063700E+05 -0.000E+00 -0.000E+00  0.000E+00
  2.1063900E+05 -0.000E+00 -0.000E+00  0.000E+00
  2.1064100E+05 -0.000E+00 -0.000E+00  0.000E+00
  2.1064300E+05 -0.000E+00 -0.000E+00  0.000E+00
  2.1064500E+05 -0.000E+00 -0.000E+00  0.000E+00
  2.1064700E+05 -0.000E+00 -0.000E+00  0.000E+00
  2.1064900E+05 -0.000E+00 -0.000E+00  0.000E+00
  2.1065100E+05 -0.000E+00 -0.000E+00  0.000E+00
  2.1065300E+05 -0.000E+00 -0.000E+00  0.000E+00
  2.1065500E+05 -0.000E+00 -0.000E+00  0.000E+00
  2.1065700E+05 -0.000E+00 -0.000E+00  0.000E+00
  2.1065900E+05 -0.000E+00 -0.000E+00  0.000E+00
  2.1066100E+05 -0.000E+00 -0.000E+00  0.000E+00
  2.1066300E+05 -0.000E+00 -0.000E+00  0.000E+00
  2.1066500E+05 -0.000E+00 -0.000E+00  0.000E+00
  2.1066700E+05 -0.000E+00 -0.000E+00  0.000E+00
  2.1066900E+05 -0.000E+00 -0.000E+00  0.000E+00
  2.1067100E+05 -0.000E+00 -0.000E+00  0.000E+00
  2.1067300E+05 -0.000E+00 -0.000E+00  0.000E+00
  2.1067500E+05 -0.000E+00 -0.000E+00  0.000E+00
  2.1067700E+05 -0.000E+00 -0.000E+00  0.000E+00
  2.1067900E+05 -0.000E+00 -0.000E+00  0.000E+00
  2.1068100E+05 -0.000E+00 -0.000E+00  0.000E+00
  2.1068300E+05 -0.000E+00 -0.000E+00  0.000E+00
  2.1068500E+05 -0.000E+00 -0.000E+00  0.000E+00
  2.1068700E+05 -0.000E+00 -0.000E+00  0.000E+00
  2.1068900E+05 -0.000E+00 -0.000E+00  0.000E+00
  2.1069100E+05 -0.000E+00 -0.000E+00  0.000E+00
  2.1069300E+05 -0.000E+00 -0.000E+00  0.000E+00
  2.1069500E+05 -0.000E+00 -0.000E+00  0.000E+00
  2.1069700E+05  1.803E-08 -4.595E-09  4.721E-08
  2.1069900E+05 -1.148E-05 -2.810E-08  1.426E-05
  2.1070100E+05 -6.499E-05  8.953E-06 -5.552E-05
  2.1070300E+05  2.578E-04 -3.462E-05  2.090E-04
  2.1070500E+05 -1.911E-03  1.922E-04 -5.736E-04
  2.1070700E+05  5.527E-04 -1.424E-05 -4.660E-04
  2.1070900E+05 -1.924E-03  2.083E-04 -8.414E-04
  2.1071100E+05 -2.442E-03  3.986E-04 -3.125E-03
  2.1071300E+05 -4.717E-03  4.865E-04 -1.692E-03
  2.1071500E+05 -8.383E-03  8.594E-04 -2.955E-03
  2.1071700E+05 -1.699E-02  1.959E-03 -9.360E-03
  2.1071900E+05 -2.831E-02  3.300E-03 -1.622E-02
  2.1072100E+05 -3.680E-02  4.083E-03 -1.800E-02
  2.1072300E+05 -7.181E-02  8.376E-03 -4.163E-02
  2.1072500E+05 -8.064E-02  9.338E-03 -4.597E-02
  2.1072700E+05 -1.223E-01  1.401E-02 -6.763E-02
  2.1072900E+05 -1.621E-01  1.935E-02 -1.022E-01
  2.1073100E+05 -1.992E-01  2.288E-02 -1.123E-01
  2.1073300E+05 -2.870E-01  3.329E-02 -1.674E-01
  2.1073500E+05 -3.470E-01  4.098E-02 -2.150E-01
  2.1073700E+05 -4.872E-01  5.574E-02 -2.749E-01
  2.1073900E+05 -6.029E-01  7.121E-02 -3.772E-01
  2.1074100E+05 -6.500E-01  7.458E-02 -3.742E-01
  2.1074300E+05 -8.498E-01  1.002E-01 -5.352E-01
  2.1074500E+05 -9.545E-01  1.123E-01 -5.997E-01
  2.1074700E+05 -1.045E+00  1.229E-01 -6.590E-01
  2.1074900E+05 -1.213E+00  1.404E-01 -7.323E-01
  2.1075100E+05 -1.406E+00  1.673E-01 -9.277E-01
  2.1075300E+05 -1.603E+00  1.861E-01 -9.872E-01
  2.1075500E+05 -1.697E+00  1.996E-01 -1.092E+00
  2.1075700E+05 -1.636E+00  2.009E-01 -1.200E+00
  2.1075900E+05 -1.716E+00  2.036E-01 -1.147E+00
  2.1076100E+05 -1.944E+00  2.256E-01 -1.221E+00
  2.1076300E+05 -1.899E+00  2.197E-01 -1.188E+00
  2.1076500E+05 -1.742E+00  2.135E-01 -1.300E+00
  2.1076700E+05 -1.861E+00  2.212E-01 -1.277E+00
  2.1076900E+05 -1.736E+00  2.046E-01 -1.169E+00
  2.1077100E+05 -1.541E+00  1.834E-01 -1.076E+00
  2.1077300E+05 -1.509E+00  1.755E-01 -9.881E-01
  2.1077500E+05 -1.441E+00  1.740E-01 -1.061E+00
  2.1077700E+05 -1.313E+00  1.534E-01 -8.829E-01
  2.1077900E+05 -1.061E+00  1.297E-01 -8.206E-01
  2.1078100E+05 -1.013E+00  1.160E-01 -6.551E-01
  2.1078300E+05 -7.625E-01  9.442E-02 -6.224E-01
  2.1078500E+05 -7.332E-01  8.484E-02 -4.950E-01
  2.1078700E+05 -5.772E-01  6.388E-02 -3.461E-01
  2.1078900E+05 -5.222E-01  6.235E-02 -3.958E-01
  2.1079100E+05 -3.940E-01  4.790E-02 -3.201E-01
  2.1079300E+05 -3.402E-01  3.795E-02 -2.219E-01
  2.1079500E+05 -1.822E-01  2.253E-02 -1.646E-01
  2.1079700E+05 -1.908E-01  2.226E-02 -1.491E-01
  2.1079900E+05 -4.718E-02  6.947E-03 -7.757E-02
  2.1080100E+05 -6.403E-02  7.677E-03 -6.578E-02
  2.1080300E+05 -4.906E-02  8.885E-05  4.619E-02
  2.1080500E+05  7.138E-02 -5.908E-03 -9.510E-03
  2.1080700E+05  1.533E-01 -1.802E-02  8.672E-02
  2.1080900E+05  2.440E-02 -1.112E-02  1.453E-01
  2.1081100E+05  6.622E-02 -9.937E-03  6.635E-02
  2.1081300E+05  1.842E-01 -2.030E-02  8.529E-02
  2.1081500E+05  2.112E-01 -2.274E-02  9.321E-02
  2.1081700E+05  1.165E-01 -1.558E-02  1.010E-01
  2.1081900E+05  1.304E-01 -1.595E-02  8.683E-02
  2.1082100E+05  1.658E-01 -2.070E-02  1.233E-01
  2.1082300E+05  1.507E-01 -1.690E-02  7.796E-02
  2.1082500E+05  2.029E-01 -2.486E-02  1.472E-01
  2.1082700E+05  2.213E-01 -2.659E-02  1.533E-01
  2.1082900E+05  1.769E-01 -2.053E-02  1.052E-01
  2.1083100E+05  1.781E-01 -2.320E-02  1.525E-01
  2.1083300E+05  1.872E-01 -2.323E-02  1.422E-01
  2.1083500E+05  1.606E-01 -1.986E-02  1.205E-01
  2.1083700E+05  2.064E-01 -2.402E-02  1.253E-01
  2.1083900E+05  2.144E-01 -2.589E-02  1.537E-01
  2.1084100E+05  2.158E-01 -2.479E-02  1.307E-01
  2.1084300E+05  1.484E-01 -2.110E-02  1.554E-01
  2.1084500E+05  1.987E-01 -2.437E-02  1.453E-01
  2.1084700E+05  2.023E-01 -2.405E-02  1.367E-01
  2.1084900E+05  1.878E-01 -2.087E-02  1.041E-01
  2.1085100E+05  1.916E-01 -2.321E-02  1.362E-01
  2.1085300E+05  1.822E-01 -2.257E-02  1.375E-01
  2.1085500E+05  2.068E-01 -2.405E-02  1.315E-01
  2.1085700E+05  1.841E-01 -2.211E-02  1.260E-01
  2.1085900E+05  1.973E-01 -2.376E-02  1.386E-01
  2.1086100E+05  1.644E-01 -2.154E-02  1.470E-01
  2.1086300E+05  2.002E-01 -2.311E-02  1.229E-01
  2.1086500E+05  2.061E-01 -2.216E-02  9.639E-02
  2.1086700E+05  2.029E-01 -2.358E-02  1.290E-01
  2.1086900E+05  1.370E-01 -1.894E-02  1.390E-01
  2.1087100E+05  1.804E-01 -2.049E-02  1.048E-01
  2.1087300E+05  1.816E-01 -2.290E-02  1.464E-01
  2.1087500E+05  1.811E-01 -2.271E-02  1.433E-01
  2.1087700E+05  1.721E-01 -2.094E-02  1.239E-01
  2.1087900E+05  1.563E-01 -1.901E-02  1.105E-01
  2.1088100E+05  1.772E-01 -2.091E-02  1.202E-01
  2.1088300E+05  1.799E-01 -1.968E-02  9.517E-02
  2.1088500E+05  1.764E-01 -2.101E-02  1.208E-01
  2.1088700E+05  1.835E-01 -2.114E-02  1.134E-01
  2.1088900E+05  1.779E-01 -2.020E-02  1.061E-01
  2.1089100E+05  1.751E-01 -1.997E-02  1.043E-01
  2.1089300E+05  1.711E-01 -1.901E-02  9.324E-02
  2.1089500E+05  1.764E-01 -2.075E-02  1.144E-01
  2.1089700E+05  1.525E-01 -1.850E-02  1.106E-01
  2.1089900E+05  1.805E-01 -2.035E-02  1.018E-01
  2.1090100E+05  1.588E-01 -1.843E-02  1.035E-01
