  1.1611300E+05 -0.000E+00 -0.000E+00  0.000E+00
  1.1611500E+05 -0.000E+00 -0.000E+00  0.000E+00
  1.1611700E+05 -0.000E+00 -0.000E+00  0.000E+00
  1.1611900E+05 -0.000E+00 -0.000E+00  0.000E+00
  1.1612100E+05 -0.000E+00 -0.000E+00  0.000E+00
  1.1612300E+05 -0.000E+00 -0.000E+00  0.000E+00
  1.1612500E+05 -0.000E+00 -0.000E+00  0.000E+00
  1.1612700E+05 -0.000E+00 -0.000E+00  0.000E+00
  1.1612900E+05 -0.000E+00 -0.000E+00  0.000E+00
  1.1613100E+05 -0.000E+00 -0.000E+00  0.000E+00
  1.1613300E+05 -0.000E+00 -0.000E+00  0.000E+00
  1.1613500E+05 -0.000E+00 -0.000E+00  0.000E+00
  1.1613700E+05 -0.000E+00 -0.000E+00  0.000E+00
  1.1613900E+05 -0.000E+00 -0.000E+00  0.000E+00
  1.1614100E+05 -0.000E+00 -0.000E+00  0.000E+00
  1.1614300E+05 -0.000E+00 -0.000E+00  0.000E+00
  1.1614500E+05 -0.000E+00 -0.000E+00  0.000E+00
  1.1614700E+05 -0.000E+00 -0.000E+00  0.000E+00
  1.1614900E+05 -0.000E+00 -0.000E+00  0.000E+00
  1.1615100E+05 -0.000E+00 -0.000E+00  0.000E+00
  1.1615300E+05 -0.000E+00 -0.000E+00  0.000E+00
  1.1615500E+05 -0.000E+00 -0.000E+00  0.000E+00
  1.1615700E+05 -0.000E+00 -0.000E+00  0.000E+00
  1.1615900E+05 -0.000E+00 -0.000E+00  0.000E+00
  1.1616100E+05 -0.000E+00 -0.000E+00  0.000E+00
  1.1616300E+05 -0.000E+00 -0.000E+00  0.000E+00
  1.1616500E+05 -0.000E+00 -0.000E+00  0.000E+00
  1.1616700E+05 -0.000E+00 -0.000E+00  0.000E+00
  1.1616900E+05 -0.000E+00 -0.000E+00  0.000E+00
  1.1617100E+05 -0.000E+00 -0.000E+00  0.000E+00
  1.1617300E+05 -0.000E+00 -0.000E+00  0.000E+00
  1.1617500E+05 -0.000E+00 -0.000E+00  0.000E+00
  1.1617700E+05 -0.000E+00 -0.000E+00  0.000E+00
  1.1617900E+05 -0.000E+00 -0.000E+00  0.000E+00
  1.1618100E+05 -0.000E+00 -0.000E+00  0.000E+00
  1.1618300E+05 -0.000E+00 -0.000E+00  0.000E+00
  1.1618500E+05 -0.000E+00 -0.000E+00  0.000E+00
  1.1618700E+05 -0.000E+00 -0.000E+00  0.000E+00
  1.1618900E+05 -0.000E+00 -0.000E+00  0.000E+00
  1.1619100E+05 -0.000E+00 -0.000E+00  0.000E+00
  1.1619300E+05 -0.000E+00 -0.000E+00  0.000E+00
  1.1619500E+05 -0.000E+00 -0.000E+00  0.000E+00
  1.1619700E+05 -0.000E+00 -0.000E+00  0.000E+00
  1.1619900E+05 -0.000E+00 -0.000E+00  0.000E+00
  1.1620100E+05 -0.000E+00 -0.000E+00  0.000E+00
  1.1620300E+05 -0.000E+00 -0.000E+00  0.000E+00
  1.1620500E+05 -0.000E+00 -0.000E+00  0.000E+00
  1.1620700E+05 -0.000E+00 -0.000E+00  0.000E+00
  1.1620900E+05 -0.000E+00 -0.000E+00  0.000E+00
  1.1621100E+05 -0.000E+00 -0.000E+00  0.000E+00
  1.1621300E+05 -0.000E+00 -0.000E+00  0.000E+00
  1.1621500E+05 -0.000E+00 -0.000E+00  0.000E+00
  1.1621700E+05 -0.000E+00 -0.000E+00  0.000E+00
  1.1621900E+05 -0.000E+00 -0.000E+00  0.000E+00
  1.1622100E+05 -0.000E+00 -0.000E+00  0.000E+00
  1.1622300E+05 -0.000E+00 -0.000E+00  0.000E+00
  1.1622500E+05 -0.000E+00 -0.000E+00  0.000E+00
  1.1622700E+05 -0.000E+00 -0.000E+00  0.000E+00
  1.1622900E+05 -0.000E+00 -0.000E+00  0.000E+00
  1.1623100E+05 -0.000E+00 -0.000E+00  0.000E+00
  1.1623300E+05 -0.000E+00 -0.000E+00  0.000E+00
  1.1623500E+05 -0.000E+00 -0.000E+00  0.000E+00
  1.1623700E+05 -0.000E+00 -0.000E+00  0.000E+00
  1.1623900E+05 -0.000E+00 -0.000E+00  0.000E+00
  1.1624100E+05 -0.000E+00 -0.000E+00  0.000E+00
  1.1624300E+05 -0.000E+00 -0.000E+00  0.000E+00
  1.1624500E+05 -0.000E+00 -0.000E+00  0.000E+00
  1.1624700E+05 -0.000E+00 -0.000E+00  0.000E+00
  1.1624900E+05 -0.000E+00 -0.000E+00  0.000E+00
  1.1625100E+05 -0.000E+00 -0.000E+00  0.000E+00
  1.1625300E+05 -0.000E+00 -0.000E+00  0.000E+00
  1.1625500E+05 -0.000E+00 -0.000E+00  0.000E+00
  1.1625700E+05 -0.000E+00 -0.000E+00  0.000E+00
  1.1625900E+05 -0.000E+00 -0.000E+00  0.000E+00
  1.1626100E+05 -0.000E+00 -0.000E+00  0.000E+00
  1.1626300E+05 -0.000E+00 -0.000E+00  0.000E+00
  1.1626500E+05 -0.000E+00 -0.000E+00  0.000E+00
  1.1626700E+05 -0.000E+00 -0.000E+00  0.000E+00
  1.1626900E+05 -0.000E+00 -0.000E+00  0.000E+00
  1.1627100E+05 -0.000E+00 -0.000E+00  0.000E+00
  1.1627300E+05 -0.000E+00 -0.000E+00  0.000E+00
  1.1627500E+05 -0.000E+00 -0.000E+00  0.000E+00
  1.1627700E+05 -0.000E+00 -0.000E+00  0.000E+00
  1.1627900E+05 -0.000E+00 -0.000E+00  0.000E+00
  1.1628100E+05 -0.000E+00 -0.000E+00  0.000E+00
  1.1628300E+05 -0.000E+00 -0.000E+00  0.000E+00
  1.1628500E+05 -0.000E+00 -0.000E+00  0.000E+00
  1.1628700E+05 -0.000E+00 -0.000E+00  0.000E+00
  1.1628900E+05 -0.000E+00 -0.000E+00  0.000E+00
  1.1629100E+05 -0.000E+00 -0.000E+00  0.000E+00
  1.1629300E+05 -0.000E+00 -0.000E+00  0.000E+00
  1.1629500E+05  5.285E-10 -1.743E-10  1.886E-09
  1.1629700E+05  1.448E-06 -1.467E-07  6.755E-07
  1.1629900E+05 -1.015E-03  9.719E-05 -3.979E-04
  1.1630100E+05  4.643E-05  6.325E-05 -9.030E-04
  1.1630300E+05  1.387E-04 -5.019E-05  5.581E-04
  1.1630500E+05 -3.432E-04  4.702E-05 -3.320E-04
  1.1630700E+05  1.550E-04 -3.424E-06 -9.482E-05
  1.1630900E+05 -4.267E-04  6.112E-05 -4.489E-04
  1.1631100E+05 -2.953E-03  3.306E-04 -1.861E-03
  1.1631300E+05 -7.202E-03  7.348E-04 -3.590E-03
  1.1631500E+05 -6.730E-03  7.147E-04 -3.753E-03
  1.1631700E+05 -1.104E-02  1.342E-03 -8.594E-03
  1.1631900E+05 -1.662E-02  1.942E-03 -1.197E-02
  1.1632100E+05 -2.511E-02  2.999E-03 -1.906E-02
  1.1632300E+05 -3.667E-02  3.217E-03 -1.158E-02
  1.1632500E+05 -6.436E-02  7.464E-03 -4.623E-02
  1.1632700E+05 -8.685E-02  1.020E-02 -6.484E-02
  1.1632900E+05 -7.533E-02  8.959E-03 -5.806E-02
  1.1633100E+05 -1.332E-01  1.368E-02 -7.255E-02
  1.1633300E+05 -1.768E-01  2.060E-02 -1.312E-01
  1.1633500E+05 -2.062E-01  2.058E-02 -1.058E-01
  1.1633700E+05 -2.681E-01  3.044E-02 -1.901E-01
  1.1633900E+05 -3.010E-01  3.219E-02 -1.869E-01
  1.1634100E+05 -3.500E-01  3.866E-02 -2.365E-01
  1.1634300E+05 -4.809E-01  5.087E-02 -2.941E-01
  1.1634500E+05 -5.510E-01  5.756E-02 -3.285E-01
  1.1634700E+05 -5.653E-01  6.220E-02 -3.839E-01
  1.1634900E+05 -7.333E-01  7.691E-02 -4.475E-01
  1.1635100E+05 -7.471E-01  8.215E-02 -5.132E-01
  1.1635300E+05 -9.870E-01  1.023E-01 -5.933E-01
  1.1635500E+05 -9.750E-01  1.053E-01 -6.495E-01
  1.1635700E+05 -1.045E+00  1.111E-01 -6.761E-01
  1.1635900E+05 -1.178E+00  1.226E-01 -7.276E-01
  1.1636100E+05 -1.387E+00  1.443E-01 -8.624E-01
  1.1636300E+05 -1.415E+00  1.506E-01 -9.343E-01
  1.1636500E+05 -1.569E+00  1.596E-01 -9.376E-01
  1.1636700E+05 -1.631E+00  1.676E-01 -1.006E+00
  1.1636900E+05 -1.493E+00  1.572E-01 -9.835E-01
  1.1637100E+05 -1.431E+00  1.526E-01 -9.760E-01
  1.1637300E+05 -1.506E+00  1.566E-01 -9.758E-01
  1.1637500E+05 -1.681E+00  1.724E-01 -1.060E+00
  1.1637700E+05 -1.636E+00  1.692E-01 -1.061E+00
  1.1637900E+05 -1.639E+00  1.687E-01 -1.059E+00
  1.1638100E+05 -1.564E+00  1.647E-01 -1.072E+00
  1.1638300E+05 -1.597E+00  1.607E-01 -9.889E-01
  1.1638500E+05 -1.428E+00  1.383E-01 -8.159E-01
  1.1638700E+05 -1.288E+00  1.244E-01 -7.369E-01
  1.1638900E+05 -1.328E+00  1.331E-01 -8.344E-01
  1.1639100E+05 -1.267E+00  1.262E-01 -7.947E-01
  1.1639300E+05 -1.210E+00  1.148E-01 -6.769E-01
  1.1639500E+05 -1.061E+00  1.115E-01 -7.670E-01
  1.1639700E+05 -8.912E-01  9.162E-02 -6.246E-01
  1.1639900E+05 -7.046E-01  7.639E-02 -5.526E-01
  1.1640100E+05 -6.999E-01  7.044E-02 -4.755E-01
  1.1640300E+05 -6.554E-01  6.654E-02 -4.529E-01
  1.1640500E+05 -5.649E-01  5.593E-02 -3.810E-01
  1.1640700E+05 -3.927E-01  3.542E-02 -2.242E-01
  1.1640900E+05 -3.959E-01  3.360E-02 -1.914E-01
  1.1641100E+05 -3.414E-01  3.301E-02 -2.333E-01
  1.1641300E+05 -3.241E-01  2.625E-02 -1.459E-01
  1.1641500E+05 -1.940E-01  2.233E-02 -1.934E-01
  1.1641700E+05 -1.464E-01  1.615E-02 -1.483E-01
  1.1641900E+05 -1.558E-01  9.465E-03 -4.012E-02
  1.1642100E+05 -6.312E-02  8.923E-03 -1.111E-01
  1.1642300E+05 -3.835E-02  1.011E-03 -1.355E-02
  1.1642500E+05  7.705E-02 -7.424E-03  2.198E-02
  1.1642700E+05 -4.284E-02 -1.805E-03  3.315E-02
  1.1642900E+05  5.419E-02 -5.511E-03  1.192E-02
  1.1643100E+05  9.655E-02 -1.018E-02  4.509E-02
  1.1643300E+05  8.009E-02 -1.072E-02  7.364E-02
  1.1643500E+05  1.104E-01 -1.125E-02  5.303E-02
  1.1643700E+05  1.128E-01 -1.233E-02  6.300E-02
  1.1643900E+05  1.674E-01 -1.697E-02  8.706E-02
  1.1644100E+05  2.239E-01 -2.390E-02  1.360E-01
  1.1644300E+05  1.725E-01 -1.979E-02  1.251E-01
  1.1644500E+05  1.287E-01 -1.189E-02  5.557E-02
  1.1644700E+05  1.952E-01 -1.689E-02  7.201E-02
  1.1644900E+05  1.671E-01 -2.109E-02  1.621E-01
  1.1645100E+05  1.988E-01 -2.096E-02  1.255E-01
  1.1645300E+05  1.889E-01 -2.095E-02  1.377E-01
  1.1645500E+05  1.897E-01 -2.196E-02  1.490E-01
  1.1645700E+05  1.859E-01 -2.004E-02  1.238E-01
  1.1645900E+05  1.916E-01 -1.935E-02  1.156E-01
  1.1646100E+05  2.655E-01 -2.777E-02  1.694E-01
  1.1646300E+05  2.072E-01 -2.162E-02  1.458E-01
  1.1646500E+05  1.921E-01 -1.821E-02  8.539E-02
  1.1646700E+05  2.261E-01 -2.639E-02  1.693E-01
  1.1646900E+05  2.437E-01 -2.656E-02  1.718E-01
  1.1647100E+05  2.042E-01 -2.000E-02  1.153E-01
  1.1647300E+05  2.029E-01 -1.782E-02  1.002E-01
  1.1647500E+05  1.841E-01 -2.062E-02  1.422E-01
  1.1647700E+05  1.473E-01 -1.579E-02  9.954E-02
  1.1647900E+05  2.215E-01 -2.564E-02  1.801E-01
  1.1648100E+05  2.010E-01 -2.140E-02  1.385E-01
  1.1648300E+05  2.077E-01 -1.898E-02  1.081E-01
  1.1648500E+05  2.511E-01 -2.552E-02  1.510E-01
  1.1648700E+05  1.863E-01 -2.110E-02  1.328E-01
  1.1648900E+05  1.820E-01 -2.013E-02  1.410E-01
  1.1649100E+05  2.140E-01 -2.067E-02  1.153E-01
