 -4.6273000E+04 -0.000E+00 -0.000E+00  0.000E+00
 -4.6271000E+04 -0.000E+00 -0.000E+00  0.000E+00
 -4.6269000E+04 -0.000E+00 -0.000E+00  0.000E+00
 -4.6267000E+04 -0.000E+00 -0.000E+00  0.000E+00
 -4.6265000E+04 -0.000E+00 -0.000E+00  0.000E+00
 -4.6263000E+04 -0.000E+00 -0.000E+00  0.000E+00
 -4.6261000E+04 -0.000E+00 -0.000E+00  0.000E+00
 -4.6259000E+04 -0.000E+00 -0.000E+00  0.000E+00
 -4.6257000E+04 -0.000E+00 -0.000E+00  0.000E+00
 -4.6255000E+04 -0.000E+00 -0.000E+00  0.000E+00
 -4.6253000E+04 -0.000E+00 -0.000E+00  0.000E+00
 -4.6251000E+04 -0.000E+00 -0.000E+00  0.000E+00
 -4.6249000E+04 -0.000E+00 -0.000E+00  0.000E+00
 -4.6247000E+04 -0.000E+00 -0.000E+00  0.000E+00
 -4.6245000E+04 -0.000E+00 -0.000E+00  0.000E+00
 -4.6243000E+04 -0.000E+00 -0.000E+00  0.000E+00
 -4.6241000E+04 -0.000E+00 -0.000E+00  0.000E+00
 -4.6239000E+04 -0.000E+00 -0.000E+00  0.000E+00
 -4.6237000E+04 -0.000E+00 -0.000E+00  0.000E+00
 -4.6235000E+04 -0.000E+00 -0.000E+00  0.000E+00
 -4.6233000E+04 -0.000E+00 -0.000E+00  0.000E+00
 -4.6231000E+04 -0.000E+00 -0.000E+00  0.000E+00
 -4.6229000E+04 -0.000E+00 -0.000E+00  0.000E+00
 -4.6227000E+04 -0.000E+00 -0.000E+00  0.000E+00
 -4.6225000E+04 -0.000E+00 -0.000E+00  0.000E+00
 -4.6223000E+04 -0.000E+00 -0.000E+00  0.000E+00
 -4.6221000E+04 -0.000E+00 -0.000E+00  0.000E+00
 -4.6219000E+04 -0.000E+00 -0.000E+00  0.000E+00
 -4.6217000E+04 -0.000E+00 -0.000E+00  0.000E+00
 -4.6215000E+04 -0.000E+00 -0.000E+00  0.000E+00
 -4.6213000E+04 -0.000E+00 -0.000E+00  0.000E+00
 -4.6211000E+04 -0.000E+00 -0.000E+00  0.000E+00
 -4.6209000E+04 -0.000E+00 -0.000E+00  0.000E+00
 -4.6207000E+04 -0.000E+00 -0.000E+00  0.000E+00
 -4.6205000E+04 -0.000E+00 -0.000E+00  0.000E+00
 -4.6203000E+04 -0.000E+00 -0.000E+00  0.000E+00
 -4.6201000E+04 -0.000E+00 -0.000E+00  0.000E+00
 -4.6199000E+04 -0.000E+00 -0.000E+00  0.000E+00
 -4.6197000E+04 -0.000E+00 -0.000E+00  0.000E+00
 -4.6195000E+04 -0.000E+00 -0.000E+00  0.000E+00
 -4.6193000E+04 -0.000E+00 -0.000E+00  0.000E+00
 -4.6191000E+04 -0.000E+00 -0.000E+00  0.000E+00
 -4.6189000E+04 -0.000E+00 -0.000E+00  0.000E+00
 -4.6187000E+04 -0.000E+00 -0.000E+00  0.000E+00
 -4.6185000E+04 -0.000E+00 -0.000E+00  0.000E+00
 -4.6183000E+04 -0.000E+00 -0.000E+00  0.000E+00
 -4.6181000E+04 -0.000E+00 -0.000E+00  0.000E+00
 -4.6179000E+04 -0.000E+00 -0.000E+00  0.000E+00
 -4.6177000E+04 -0.000E+00 -0.000E+00  0.000E+00
 -4.6175000E+04 -0.000E+00 -0.000E+00  0.000E+00
 -4.6173000E+04 -0.000E+00 -0.000E+00  0.000E+00
 -4.6171000E+04 -0.000E+00 -0.000E+00  0.000E+00
 -4.6169000E+04 -0.000E+00 -0.000E+00  0.000E+00
 -4.6167000E+04 -0.000E+00 -0.000E+00  0.000E+00
 -4.6165000E+04 -0.000E+00 -0.000E+00  0.000E+00
 -4.6163000E+04 -0.000E+00 -0.000E+00  0.000E+00
 -4.6161000E+04 -0.000E+00 -0.000E+00  0.000E+00
 -4.6159000E+04 -0.000E+00 -0.000E+00  0.000E+00
 -4.6157000E+04 -0.000E+00 -0.000E+00  0.000E+00
 -4.6155000E+04 -0.000E+00 -0.000E+00  0.000E+00
 -4.6153000E+04 -0.000E+00 -0.000E+00  0.000E+00
 -4.6151000E+04 -0.000E+00 -0.000E+00  0.000E+00
 -4.6149000E+04 -0.000E+00 -0.000E+00  0.000E+00
 -4.6147000E+04 -0.000E+00 -0.000E+00  0.000E+00
 -4.6145000E+04 -0.000E+00 -0.000E+00  0.000E+00
 -4.6143000E+04 -0.000E+00 -0.000E+00  0.000E+00
 -4.6141000E+04 -0.000E+00 -0.000E+00  0.000E+00
 -4.6139000E+04 -0.000E+00 -0.000E+00  0.000E+00
 -4.6137000E+04 -0.000E+00 -0.000E+00  0.000E+00
 -4.6135000E+04 -0.000E+00 -0.000E+00  0.000E+00
 -4.6133000E+04 -0.000E+00 -0.000E+00  0.000E+00
 -4.6131000E+04 -0.000E+00 -0.000E+00  0.000E+00
 -4.6129000E+04 -0.000E+00 -0.000E+00  0.000E+00
 -4.6127000E+04 -0.000E+00 -0.000E+00  0.000E+00
 -4.6125000E+04 -0.000E+00 -0.000E+00  0.000E+00
 -4.6123000E+04 -0.000E+00 -0.000E+00  0.000E+00
 -4.6121000E+04 -0.000E+00 -0.000E+00  0.000E+00
 -4.6119000E+04 -0.000E+00 -0.000E+00  0.000E+00
 -4.6117000E+04 -0.000E+00 -0.000E+00  0.000E+00
 -4.6115000E+04 -0.000E+00 -0.000E+00  0.000E+00
 -4.6113000E+04 -0.000E+00 -0.000E+00  0.000E+00
 -4.6111000E+04 -0.000E+00 -0.000E+00  0.000E+00
 -4.6109000E+04 -0.000E+00 -0.000E+00  0.000E+00
 -4.6107000E+04 -0.000E+00 -0.000E+00  0.000E+00
 -4.6105000E+04 -0.000E+00 -0.000E+00  0.000E+00
 -4.6103000E+04 -0.000E+00 -0.000E+00  0.000E+00
 -4.6101000E+04 -0.000E+00 -0.000E+00  0.000E+00
 -4.6099000E+04 -0.000E+00 -0.000E+00  0.000E+00
 -4.6097000E+04 -0.000E+00 -0.000E+00  0.000E+00
 -4.6095000E+04 -0.000E+00 -0.000E+00  0.000E+00
 -4.6093000E+04 -0.000E+00 -0.000E+00  0.000E+00
 -4.6091000E+04 -0.000E+00 -0.000E+00  0.000E+00
 -4.6089000E+04 -0.000E+00 -0.000E+00  0.000E+00
 -4.6087000E+04 -0.000E+00 -0.000E+00  0.000E+00
 -4.6085000E+04 -0.000E+00 -0.000E+00  0.000E+00
 -4.6083000E+04 -0.000E+00 -0.000E+00  0.000E+00
 -4.6081000E+04 -0.000E+00 -0.000E+00  0.000E+00
 -4.6079000E+04 -0.000E+00 -0.000E+00  0.000E+00
 -4.6077000E+04 -0.000E+00 -0.000E+00  0.000E+00
 -4.6075000E+04 -0.000E+00 -0.000E+00  0.000E+00
 -4.6073000E+04 -0.000E+00 -0.000E+00  0.000E+00
 -4.6071000E+04  6.980E-09 -3.355E-09  3.283E-08
 -4.6069000E+04  2.273E-06 -2.534E-06  2.668E-05
 -4.6067000E+04 -2.615E-04  2.134E-05 -6.236E-05
 -4.6065000E+04 -1.906E-04  1.313E-05 -1.918E-05
 -4.6063000E+04  2.277E-05  1.872E-05 -2.213E-04
 -4.6061000E+04 -5.807E-04 -1.307E-05  5.410E-04
 -4.6059000E+04 -1.167E-03  1.428E-04 -8.177E-04
 -4.6057000E+04  2.831E-04  3.486E-05 -5.801E-04
 -4.6055000E+04 -1.492E-03  1.700E-04 -8.977E-04
 -4.6053000E+04 -1.435E-03  2.789E-04 -2.147E-03
 -4.6051000E+04  4.032E-04 -9.286E-05  7.490E-04
 -4.6049000E+04 -2.044E-03  1.912E-04 -8.045E-04
 -4.6047000E+04 -1.718E-03  2.244E-04 -1.366E-03
 -4.6045000E+04 -2.779E-03  2.645E-04 -1.157E-03
 -4.6043000E+04 -2.326E-03  5.718E-04 -4.875E-03
 -4.6041000E+04 -4.752E-03  2.883E-04 -1.633E-04
 -4.6039000E+04 -3.876E-03  6.023E-04 -4.241E-03
 -4.6037000E+04 -4.128E-03  1.098E-03 -9.549E-03
 -4.6035000E+04 -1.442E-02  1.639E-03 -9.128E-03
 -4.6033000E+04 -1.657E-02  1.823E-03 -9.872E-03
 -4.6031000E+04 -1.324E-02  2.225E-03 -1.635E-02
 -4.6029000E+04 -2.991E-02  3.588E-03 -2.115E-02
 -4.6027000E+04 -2.925E-02  3.898E-03 -2.508E-02
 -4.6025000E+04 -4.342E-02  5.430E-03 -3.332E-02
 -4.6023000E+04 -3.410E-02  4.541E-03 -2.930E-02
 -4.6021000E+04 -5.324E-02  6.508E-03 -3.940E-02
 -4.6019000E+04 -7.821E-02  9.265E-03 -5.493E-02
 -4.6017000E+04 -7.718E-02  8.860E-03 -5.132E-02
 -4.6015000E+04 -9.237E-02  1.110E-02 -6.699E-02
 -4.6013000E+04 -9.379E-02  1.111E-02 -6.629E-02
 -4.6011000E+04 -1.095E-01  1.272E-02 -7.503E-02
 -4.6009000E+04 -1.839E-01  2.179E-02 -1.311E-01
 -4.6007000E+04 -1.875E-01  2.201E-02 -1.319E-01
 -4.6005000E+04 -1.839E-01  2.333E-02 -1.490E-01
 -4.6003000E+04 -1.940E-01  2.382E-02 -1.489E-01
 -4.6001000E+04 -2.929E-01  3.052E-02 -1.655E-01
 -4.5999000E+04 -2.572E-01  3.184E-02 -2.012E-01
 -4.5997000E+04 -3.286E-01  3.488E-02 -1.947E-01
 -4.5995000E+04 -3.406E-01  4.494E-02 -2.977E-01
 -4.5993000E+04 -4.303E-01  4.289E-02 -2.260E-01
 -4.5991000E+04 -4.865E-01  4.935E-02 -2.662E-01
 -4.5989000E+04 -3.748E-01  4.713E-02 -3.056E-01
 -4.5987000E+04 -5.620E-01  5.985E-02 -3.401E-01
 -4.5985000E+04 -5.276E-01  6.209E-02 -3.850E-01
 -4.5983000E+04 -6.021E-01  6.671E-02 -3.960E-01
 -4.5981000E+04 -6.423E-01  6.953E-02 -4.062E-01
 -4.5979000E+04 -6.786E-01  7.185E-02 -4.137E-01
 -4.5977000E+04 -7.728E-01  8.180E-02 -4.709E-01
 -4.5975000E+04 -7.036E-01  7.981E-02 -4.907E-01
 -4.5973000E+04 -8.798E-01  9.041E-02 -5.105E-01
 -4.5971000E+04 -8.338E-01  9.090E-02 -5.428E-01
 -4.5969000E+04 -8.389E-01  9.640E-02 -6.020E-01
 -4.5967000E+04 -9.298E-01  9.656E-02 -5.580E-01
 -4.5965000E+04 -9.799E-01  1.074E-01 -6.520E-01
 -4.5963000E+04 -1.167E+00  1.111E-01 -5.962E-01
 -4.5961000E+04 -1.115E+00  1.168E-01 -6.880E-01
 -4.5959000E+04 -1.072E+00  1.128E-01 -6.710E-01
 -4.5957000E+04 -1.204E+00  1.233E-01 -7.166E-01
 -4.5955000E+04 -1.071E+00  1.115E-01 -6.616E-01
 -4.5953000E+04 -1.200E+00  1.138E-01 -6.250E-01
 -4.5951000E+04 -1.119E+00  1.147E-01 -6.768E-01
 -4.5949000E+04 -1.161E+00  1.141E-01 -6.521E-01
 -4.5947000E+04 -1.085E+00  1.127E-01 -6.791E-01
 -4.5945000E+04 -1.190E+00  1.275E-01 -7.875E-01
 -4.5943000E+04 -1.239E+00  1.324E-01 -8.202E-01
 -4.5941000E+04 -1.139E+00  1.141E-01 -6.756E-01
 -4.5939000E+04 -1.270E+00  1.251E-01 -7.313E-01
 -4.5937000E+04 -1.270E+00  1.173E-01 -6.510E-01
 -4.5935000E+04 -1.275E+00  1.200E-01 -6.800E-01
 -4.5933000E+04 -1.041E+00  1.080E-01 -6.700E-01
 -4.5931000E+04 -1.157E+00  1.065E-01 -6.032E-01
 -4.5929000E+04 -1.206E+00  1.178E-01 -7.009E-01
 -4.5927000E+04 -1.173E+00  1.129E-01 -6.676E-01
 -4.5925000E+04 -1.006E+00  8.950E-02 -4.975E-01
 -4.5923000E+04 -9.822E-01  1.032E-01 -6.562E-01
 -4.5921000E+04 -1.026E+00  1.014E-01 -6.212E-01
 -4.5919000E+04 -9.177E-01  9.562E-02 -6.131E-01
 -4.5917000E+04 -8.877E-01  8.078E-02 -4.692E-01
 -4.5915000E+04 -9.338E-01  8.077E-02 -4.488E-01
 -4.5913000E+04 -7.725E-01  7.583E-02 -4.765E-01
 -4.5911000E+04 -8.182E-01  7.523E-02 -4.471E-01
 -4.5909000E+04 -7.155E-01  6.942E-02 -4.375E-01
 -4.5907000E+04 -7.423E-01  6.460E-02 -3.741E-01
 -4.5905000E+04 -7.303E-01  6.971E-02 -4.387E-01
 -4.5903000E+04 -6.464E-01  5.962E-02 -3.715E-01
 -4.5901000E+04 -6.392E-01  5.624E-02 -3.315E-01
 -4.5899000E+04 -5.627E-01  5.750E-02 -3.821E-01
 -4.5897000E+04 -4.421E-01  4.422E-02 -3.009E-01
 -4.5895000E+04 -4.675E-01  4.211E-02 -2.662E-01
