 -1.8151500E+05 -0.000E+00 -0.000E+00  0.000E+00
 -1.8151300E+05 -0.000E+00 -0.000E+00  0.000E+00
 -1.8151100E+05 -0.000E+00 -0.000E+00  0.000E+00
 -1.8150900E+05 -0.000E+00 -0.000E+00  0.000E+00
 -1.8150700E+05 -0.000E+00 -0.000E+00  0.000E+00
 -1.8150500E+05 -0.000E+00 -0.000E+00  0.000E+00
 -1.8150300E+05 -0.000E+00 -0.000E+00  0.000E+00
 -1.8150100E+05 -0.000E+00 -0.000E+00  0.000E+00
 -1.8149900E+05 -0.000E+00 -0.000E+00  0.000E+00
 -1.8149700E+05 -0.000E+00 -0.000E+00  0.000E+00
 -1.8149500E+05 -0.000E+00 -0.000E+00  0.000E+00
 -1.8149300E+05 -0.000E+00 -0.000E+00  0.000E+00
 -1.8149100E+05 -0.000E+00 -0.000E+00  0.000E+00
 -1.8148900E+05 -0.000E+00 -0.000E+00  0.000E+00
 -1.8148700E+05 -0.000E+00 -0.000E+00  0.000E+00
 -1.8148500E+05 -0.000E+00 -0.000E+00  0.000E+00
 -1.8148300E+05 -0.000E+00 -0.000E+00  0.000E+00
 -1.8148100E+05 -0.000E+00 -0.000E+00  0.000E+00
 -1.8147900E+05 -0.000E+00 -0.000E+00  0.000E+00
 -1.8147700E+05 -0.000E+00 -0.000E+00  0.000E+00
 -1.8147500E+05 -0.000E+00 -0.000E+00  0.000E+00
 -1.8147300E+05 -0.000E+00 -0.000E+00  0.000E+00
 -1.8147100E+05 -0.000E+00 -0.000E+00  0.000E+00
 -1.8146900E+05 -0.000E+00 -0.000E+00  0.000E+00
 -1.8146700E+05 -0.000E+00 -0.000E+00  0.000E+00
 -1.8146500E+05 -0.000E+00 -0.000E+00  0.000E+00
 -1.8146300E+05 -0.000E+00 -0.000E+00  0.000E+00
 -1.8146100E+05 -0.000E+00 -0.000E+00  0.000E+00
 -1.8145900E+05 -0.000E+00 -0.000E+00  0.000E+00
 -1.8145700E+05 -0.000E+00 -0.000E+00  0.000E+00
 -1.8145500E+05 -0.000E+00 -0.000E+00  0.000E+00
 -1.8145300E+05 -0.000E+00 -0.000E+00  0.000E+00
 -1.8145100E+05 -0.000E+00 -0.000E+00  0.000E+00
 -1.8144900E+05 -0.000E+00 -0.000E+00  0.000E+00
 -1.8144700E+05 -0.000E+00 -0.000E+00  0.000E+00
 -1.8144500E+05 -0.000E+00 -0.000E+00  0.000E+00
 -1.8144300E+05 -0.000E+00 -0.000E+00  0.000E+00
 -1.8144100E+05 -0.000E+00 -0.000E+00  0.000E+00
 -1.8143900E+05 -0.000E+00 -0.000E+00  0.000E+00
 -1.8143700E+05 -0.000E+00 -0.000E+00  0.000E+00
 -1.8143500E+05 -0.000E+00 -0.000E+00  0.000E+00
 -1.8143300E+05 -0.000E+00 -0.000E+00  0.000E+00
 -1.8143100E+05 -0.000E+00 -0.000E+00  0.000E+00
 -1.8142900E+05 -0.000E+00 -0.000E+00  0.000E+00
 -1.8142700E+05 -0.000E+00 -0.000E+00  0.000E+00
 -1.8142500E+05 -0.000E+00 -0.000E+00  0.000E+00
 -1.8142300E+05 -0.000E+00 -0.000E+00  0.000E+00
 -1.8142100E+05 -0.000E+00 -0.000E+00  0.000E+00
 -1.8141900E+05 -0.000E+00 -0.000E+00  0.000E+00
 -1.8141700E+05 -0.000E+00 -0.000E+00  0.000E+00
 -1.8141500E+05 -0.000E+00 -0.000E+00  0.000E+00
 -1.8141300E+05 -0.000E+00 -0.000E+00  0.000E+00
 -1.8141100E+05 -0.000E+00 -0.000E+00  0.000E+00
 -1.8140900E+05 -0.000E+00 -0.000E+00  0.000E+00
 -1.8140700E+05 -0.000E+00 -0.000E+00  0.000E+00
 -1.8140500E+05 -0.000E+00 -0.000E+00  0.000E+00
 -1.8140300E+05 -0.000E+00 -0.000E+00  0.000E+00
 -1.8140100E+05 -0.000E+00 -0.000E+00  0.000E+00
 -1.8139900E+05 -0.000E+00 -0.000E+00  0.000E+00
 -1.8139700E+05 -0.000E+00 -0.000E+00  0.000E+00
 -1.8139500E+05 -0.000E+00 -0.000E+00  0.000E+00
 -1.8139300E+05 -0.000E+00 -0.000E+00  0.000E+00
 -1.8139100E+05 -0.000E+00 -0.000E+00  0.000E+00
 -1.8138900E+05 -0.000E+00 -0.000E+00  0.000E+00
 -1.8138700E+05 -0.000E+00 -0.000E+00  0.000E+00
 -1.8138500E+05 -0.000E+00 -0.000E+00  0.000E+00
 -1.8138300E+05 -0.000E+00 -0.000E+00  0.000E+00
 -1.8138100E+05 -0.000E+00 -0.000E+00  0.000E+00
 -1.8137900E+05 -0.000E+00 -0.000E+00  0.000E+00
 -1.8137700E+05 -0.000E+00 -0.000E+00  0.000E+00
 -1.8137500E+05 -0.000E+00 -0.000E+00  0.000E+00
 -1.8137300E+05 -0.000E+00 -0.000E+00  0.000E+00
 -1.8137100E+05 -0.000E+00 -0.000E+00  0.000E+00
 -1.8136900E+05 -0.000E+00 -0.000E+00  0.000E+00
 -1.8136700E+05 -0.000E+00 -0.000E+00  0.000E+00
 -1.8136500E+05 -0.000E+00 -0.000E+00  0.000E+00
 -1.8136300E+05 -0.000E+00 -0.000E+00  0.000E+00
 -1.8136100E+05 -0.000E+00 -0.000E+00  0.000E+00
 -1.8135900E+05 -0.000E+00 -0.000E+00  0.000E+00
 -1.8135700E+05 -0.000E+00 -0.000E+00  0.000E+00
 -1.8135500E+05 -0.000E+00 -0.000E+00  0.000E+00
 -1.8135300E+05 -0.000E+00 -0.000E+00  0.000E+00
 -1.8135100E+05 -0.000E+00 -0.000E+00  0.000E+00
 -1.8134900E+05 -0.000E+00 -0.000E+00  0.000E+00
 -1.8134700E+05 -0.000E+00 -0.000E+00  0.000E+00
 -1.8134500E+05 -0.000E+00 -0.000E+00  0.000E+00
 -1.8134300E+05 -0.000E+00 -0.000E+00  0.000E+00
 -1.8134100E+05 -0.000E+00 -0.000E+00  0.000E+00
 -1.8133900E+05 -0.000E+00 -0.000E+00  0.000E+00
 -1.8133700E+05 -0.000E+00 -0.000E+00  0.000E+00
 -1.8133500E+05 -0.000E+00 -0.000E+00  0.000E+00
 -1.8133300E+05 -0.000E+00 -0.000E+00  0.000E+00
 -1.8133100E+05 -0.000E+00 -0.000E+00  0.000E+00
 -1.8132900E+05 -0.000E+00 -0.000E+00  0.000E+00
 -1.8132700E+05 -0.000E+00 -0.000E+00  0.000E+00
 -1.8132500E+05 -0.000E+00 -0.000E+00  0.000E+00
 -1.8132300E+05 -0.000E+00 -0.000E+00  0.000E+00
 -1.8132100E+05 -0.000E+00 -0.000E+00  0.000E+00
 -1.8131900E+05 -0.000E+00 -0.000E+00  0.000E+00
 -1.8131700E+05 -0.000E+00 -0.000E+00  0.000E+00
 -1.8131500E+05 -0.000E+00 -0.000E+00  0.000E+00
 -1.8131300E+05 -0.000E+00 -0.000E+00  0.000E+00
 -1.8131100E+05 -0.000E+00 -0.000E+00  0.000E+00
 -1.8130900E+05 -0.000E+00 -0.000E+00  0.000E+00
 -1.8130700E+05 -0.000E+00 -0.000E+00  0.000E+00
 -1.8130500E+05 -0.000E+00 -0.000E+00  0.000E+00
 -1.8130300E+05 -0.000E+00 -0.000E+00  0.000E+00
 -1.8130100E+05 -0.000E+00 -0.000E+00  0.000E+00
 -1.8129900E+05 -0.000E+00 -0.000E+00  0.000E+00
 -1.8129700E+05 -0.000E+00 -0.000E+00  0.000E+00
 -1.8129500E+05 -0.000E+00 -0.000E+00  0.000E+00
 -1.8129300E+05 -0.000E+00 -0.000E+00  0.000E+00
 -1.8129100E+05 -0.000E+00 -0.000E+00  0.000E+00
 -1.8128900E+05 -0.000E+00 -0.000E+00  0.000E+00
 -1.8128700E+05 -0.000E+00 -0.000E+00  0.000E+00
 -1.8128500E+05 -0.000E+00 -0.000E+00  0.000E+00
 -1.8128300E+05 -0.000E+00 -0.000E+00  0.000E+00
 -1.8128100E+05 -0.000E+00 -0.000E+00  0.000E+00
 -1.8127900E+05  6.527E-09 -3.531E-09  2.833E-08
 -1.8127700E+05  2.345E-08 -1.268E-08  1.018E-07
 -1.8127500E+05  1.125E-06  4.264E-07 -4.604E-06
 -1.8127300E+05 -1.016E-05  1.500E-06 -7.385E-06
 -1.8127100E+05  3.335E-05 -1.347E-05  1.021E-04
 -1.8126900E+05  1.235E-05 -3.801E-07 -4.487E-06
 -1.8126700E+05 -4.103E-05 -2.102E-06  4.410E-05
 -1.8126500E+05 -1.865E-04  1.431E-05 -1.506E-05
 -1.8126300E+05 -3.521E-05  2.942E-05 -2.446E-04
 -1.8126100E+05  1.000E-04 -1.679E-05  8.880E-05
 -1.8125900E+05 -5.550E-04 -9.563E-06  4.334E-04
 -1.8125700E+05 -3.739E-04 -5.441E-06  2.806E-04
 -1.8125500E+05  4.551E-05  2.083E-05 -2.150E-04
 -1.8125300E+05  6.069E-06  1.165E-04 -1.056E-03
 -1.8125100E+05  3.141E-04  1.499E-05 -3.206E-04
 -1.8124900E+05 -3.039E-04  8.496E-06  1.076E-04
 -1.8124700E+05 -9.861E-04 -1.512E-05  7.193E-04
 -1.8124500E+05 -6.782E-04 -3.223E-05  6.906E-04
 -1.8124300E+05 -1.677E-03  3.455E-04 -2.092E-03
 -1.8124100E+05 -3.530E-03  2.063E-04  2.225E-04
 -1.8123900E+05 -1.248E-03  1.767E-04 -8.411E-04
 -1.8123700E+05 -2.008E-03  3.552E-04 -1.983E-03
 -1.8123500E+05 -5.859E-03  4.292E-04 -3.542E-04
 -1.8123300E+05 -2.355E-03  3.930E-04 -2.138E-03
 -1.8123100E+05 -2.949E-03  4.756E-04 -2.497E-03
 -1.8122900E+05 -4.001E-03  7.939E-04 -4.690E-03
 -1.8122700E+05 -7.624E-03  1.200E-03 -6.158E-03
 -1.8122500E+05 -5.132E-03  9.186E-04 -5.115E-03
 -1.8122300E+05 -1.590E-02  1.845E-03 -7.144E-03
 -1.8122100E+05 -8.156E-03  9.496E-04 -3.659E-03
 -1.8121900E+05 -1.289E-02  1.962E-03 -9.803E-03
 -1.8121700E+05 -9.120E-03  1.699E-03 -9.662E-03
 -1.8121500E+05 -8.291E-03  1.195E-03 -5.813E-03
 -1.8121300E+05 -1.982E-02  1.730E-03 -3.972E-03
 -1.8121100E+05 -2.441E-02  3.472E-03 -1.657E-02
 -1.8120900E+05 -1.660E-02  2.492E-03 -1.237E-02
 -1.8120700E+05 -2.477E-02  3.136E-03 -1.347E-02
 -1.8120500E+05 -3.256E-02  3.212E-03 -9.785E-03
 -1.8120300E+05 -2.558E-02  4.429E-03 -2.416E-02
 -1.8120100E+05 -4.039E-02  5.771E-03 -2.763E-02
 -1.8119900E+05 -3.861E-02  5.331E-03 -2.474E-02
 -1.8119700E+05 -4.056E-02  5.398E-03 -2.430E-02
 -1.8119500E+05 -4.771E-02  5.329E-03 -1.981E-02
 -1.8119300E+05 -4.307E-02  5.434E-03 -2.334E-02
 -1.8119100E+05 -5.790E-02  8.672E-03 -4.284E-02
 -1.8118900E+05 -6.428E-02  7.266E-03 -2.760E-02
 -1.8118700E+05 -6.913E-02  1.002E-02 -4.854E-02
 -1.8118500E+05 -6.689E-02  9.012E-03 -4.102E-02
 -1.8118300E+05 -6.595E-02  8.449E-03 -3.664E-02
 -1.8118100E+05 -7.646E-02  9.413E-03 -3.927E-02
 -1.8117900E+05 -9.204E-02  1.273E-02 -5.916E-02
 -1.8117700E+05 -9.568E-02  1.346E-02 -6.349E-02
 -1.8117500E+05 -1.045E-01  1.585E-02 -7.884E-02
 -1.8117300E+05 -1.153E-01  1.800E-02 -9.130E-02
 -1.8117100E+05 -1.253E-01  2.110E-02 -1.123E-01
 -1.8116900E+05 -1.425E-01  1.749E-02 -7.318E-02
 -1.8116700E+05 -1.639E-01  1.571E-02 -4.728E-02
 -1.8116500E+05 -1.523E-01  2.114E-02 -9.840E-02
 -1.8116300E+05 -1.809E-01  2.210E-02 -9.191E-02
 -1.8116100E+05 -2.061E-01  2.932E-02 -1.395E-01
 -1.8115900E+05 -1.814E-01  2.376E-02 -1.054E-01
 -1.8115700E+05 -1.859E-01  2.969E-02 -1.524E-01
 -1.8115500E+05 -2.668E-01  3.023E-02 -1.160E-01
 -1.8115300E+05 -2.631E-01  3.332E-02 -1.439E-01
 -1.8115100E+05 -2.291E-01  2.725E-02 -1.109E-01
 -1.8114900E+05 -3.007E-01  3.818E-02 -1.652E-01
 -1.8114700E+05 -2.645E-01  3.647E-02 -1.694E-01
 -1.8114500E+05 -2.767E-01  3.631E-02 -1.624E-01
 -1.8114300E+05 -3.105E-01  4.250E-02 -1.962E-01
 -1.8114100E+05 -3.131E-01  3.935E-02 -1.684E-01
 -1.8113900E+05 -3.293E-01  4.446E-02 -2.034E-01
 -1.8113700E+05 -3.846E-01  4.465E-02 -1.776E-01
