 -2.1038900E+05 -0.000E+00 -0.000E+00  0.000E+00
 -2.1038700E+05 -0.000E+00 -0.000E+00  0.000E+00
 -2.1038500E+05 -0.000E+00 -0.000E+00  0.000E+00
 -2.1038300E+05 -0.000E+00 -0.000E+00  0.000E+00
 -2.1038100E+05 -0.000E+00 -0.000E+00  0.000E+00
 -2.1037900E+05 -0.000E+00 -0.000E+00  0.000E+00
 -2.1037700E+05 -0.000E+00 -0.000E+00  0.000E+00
 -2.1037500E+05 -0.000E+00 -0.000E+00  0.000E+00
 -2.1037300E+05 -0.000E+00 -0.000E+00  0.000E+00
 -2.1037100E+05 -0.000E+00 -0.000E+00  0.000E+00
 -2.1036900E+05 -0.000E+00 -0.000E+00  0.000E+00
 -2.1036700E+05 -0.000E+00 -0.000E+00  0.000E+00
 -2.1036500E+05 -0.000E+00 -0.000E+00  0.000E+00
 -2.1036300E+05 -0.000E+00 -0.000E+00  0.000E+00
 -2.1036100E+05 -0.000E+00 -0.000E+00  0.000E+00
 -2.1035900E+05 -0.000E+00 -0.000E+00  0.000E+00
 -2.1035700E+05 -0.000E+00 -0.000E+00  0.000E+00
 -2.1035500E+05 -0.000E+00 -0.000E+00  0.000E+00
 -2.1035300E+05 -0.000E+00 -0.000E+00  0.000E+00
 -2.1035100E+05 -0.000E+00 -0.000E+00  0.000E+00
 -2.1034900E+05 -0.000E+00 -0.000E+00  0.000E+00
 -2.1034700E+05 -0.000E+00 -0.000E+00  0.000E+00
 -2.1034500E+05 -0.000E+00 -0.000E+00  0.000E+00
 -2.1034300E+05 -0.000E+00 -0.000E+00  0.000E+00
 -2.1034100E+05 -0.000E+00 -0.000E+00  0.000E+00
 -2.1033900E+05 -0.000E+00 -0.000E+00  0.000E+00
 -2.1033700E+05 -0.000E+00 -0.000E+00  0.000E+00
 -2.1033500E+05 -0.000E+00 -0.000E+00  0.000E+00
 -2.1033300E+05 -0.000E+00 -0.000E+00  0.000E+00
 -2.1033100E+05 -0.000E+00 -0.000E+00  0.000E+00
 -2.1032900E+05 -0.000E+00 -0.000E+00  0.000E+00
 -2.1032700E+05 -0.000E+00 -0.000E+00  0.000E+00
 -2.1032500E+05 -0.000E+00 -0.000E+00  0.000E+00
 -2.1032300E+05 -0.000E+00 -0.000E+00  0.000E+00
 -2.1032100E+05 -0.000E+00 -0.000E+00  0.000E+00
 -2.1031900E+05 -0.000E+00 -0.000E+00  0.000E+00
 -2.1031700E+05 -0.000E+00 -0.000E+00  0.000E+00
 -2.1031500E+05 -0.000E+00 -0.000E+00  0.000E+00
 -2.1031300E+05 -0.000E+00 -0.000E+00  0.000E+00
 -2.1031100E+05 -0.000E+00 -0.000E+00  0.000E+00
 -2.1030900E+05 -0.000E+00 -0.000E+00  0.000E+00
 -2.1030700E+05 -0.000E+00 -0.000E+00  0.000E+00
 -2.1030500E+05 -0.000E+00 -0.000E+00  0.000E+00
 -2.1030300E+05 -0.000E+00 -0.000E+00  0.000E+00
 -2.1030100E+05 -0.000E+00 -0.000E+00  0.000E+00
 -2.1029900E+05 -0.000E+00 -0.000E+00  0.000E+00
 -2.1029700E+05 -0.000E+00 -0.000E+00  0.000E+00
 -2.1029500E+05 -0.000E+00 -0.000E+00  0.000E+00
 -2.1029300E+05 -0.000E+00 -0.000E+00  0.000E+00
 -2.1029100E+05 -0.000E+00 -0.000E+00  0.000E+00
 -2.1028900E+05 -0.000E+00 -0.000E+00  0.000E+00
 -2.1028700E+05 -0.000E+00 -0.000E+00  0.000E+00
 -2.1028500E+05 -0.000E+00 -0.000E+00  0.000E+00
 -2.1028300E+05 -0.000E+00 -0.000E+00  0.000E+00
 -2.1028100E+05 -0.000E+00 -0.000E+00  0.000E+00
 -2.1027900E+05 -0.000E+00 -0.000E+00  0.000E+00
 -2.1027700E+05 -0.000E+00 -0.000E+00  0.000E+00
 -2.1027500E+05 -0.000E+00 -0.000E+00  0.000E+00
 -2.1027300E+05 -0.000E+00 -0.000E+00  0.000E+00
 -2.1027100E+05 -0.000E+00 -0.000E+00  0.000E+00
 -2.1026900E+05 -0.000E+00 -0.000E+00  0.000E+00
 -2.1026700E+05 -0.000E+00 -0.000E+00  0.000E+00
 -2.1026500E+05 -0.000E+00 -0.000E+00  0.000E+00
 -2.1026300E+05 -0.000E+00 -0.000E+00  0.000E+00
 -2.1026100E+05 -0.000E+00 -0.000E+00  0.000E+00
 -2.1025900E+05 -0.000E+00 -0.000E+00  0.000E+00
 -2.1025700E+05 -0.000E+00 -0.000E+00  0.000E+00
 -2.1025500E+05 -0.000E+00 -0.000E+00  0.000E+00
 -2.1025300E+05 -0.000E+00 -0.000E+00  0.000E+00
 -2.1025100E+05 -0.000E+00 -0.000E+00  0.000E+00
 -2.1024900E+05 -0.000E+00 -0.000E+00  0.000E+00
 -2.1024700E+05 -0.000E+00 -0.000E+00  0.000E+00
 -2.1024500E+05 -0.000E+00 -0.000E+00  0.000E+00
 -2.1024300E+05 -0.000E+00 -0.000E+00  0.000E+00
 -2.1024100E+05 -0.000E+00 -0.000E+00  0.000E+00
 -2.1023900E+05 -0.000E+00 -0.000E+00  0.000E+00
 -2.1023700E+05 -0.000E+00 -0.000E+00  0.000E+00
 -2.1023500E+05 -0.000E+00 -0.000E+00  0.000E+00
 -2.1023300E+05 -0.000E+00 -0.000E+00  0.000E+00
 -2.1023100E+05 -0.000E+00 -0.000E+00  0.000E+00
 -2.1022900E+05 -0.000E+00 -0.000E+00  0.000E+00
 -2.1022700E+05 -0.000E+00 -0.000E+00  0.000E+00
 -2.1022500E+05 -0.000E+00 -0.000E+00  0.000E+00
 -2.1022300E+05 -0.000E+00 -0.000E+00  0.000E+00
 -2.1022100E+05 -0.000E+00 -0.000E+00  0.000E+00
 -2.1021900E+05 -0.000E+00 -0.000E+00  0.000E+00
 -2.1021700E+05 -0.000E+00 -0.000E+00  0.000E+00
 -2.1021500E+05 -0.000E+00 -0.000E+00  0.000E+00
 -2.1021300E+05 -0.000E+00 -0.000E+00  0.000E+00
 -2.1021100E+05 -0.000E+00 -0.000E+00  0.000E+00
 -2.1020900E+05 -0.000E+00 -0.000E+00  0.000E+00
 -2.1020700E+05 -0.000E+00 -0.000E+00  0.000E+00
 -2.1020500E+05 -0.000E+00 -0.000E+00  0.000E+00
 -2.1020300E+05 -0.000E+00 -0.000E+00  0.000E+00
 -2.1020100E+05 -0.000E+00 -0.000E+00  0.000E+00
 -2.1019900E+05 -0.000E+00 -0.000E+00  0.000E+00
 -2.1019700E+05 -0.000E+00 -0.000E+00  0.000E+00
 -2.1019500E+05 -0.000E+00 -0.000E+00  0.000E+00
 -2.1019300E+05 -0.000E+00 -0.000E+00  0.000E+00
 -2.1019100E+05 -0.000E+00 -0.000E+00  0.000E+00
 -2.1018900E+05 -0.000E+00 -0.000E+00  0.000E+00
 -2.1018700E+05 -0.000E+00 -0.000E+00  0.000E+00
 -2.1018500E+05 -0.000E+00 -0.000E+00  0.000E+00
 -2.1018300E+05 -0.000E+00 -0.000E+00  0.000E+00
 -2.1018100E+05 -0.000E+00 -0.000E+00  0.000E+00
 -2.1017900E+05 -0.000E+00 -0.000E+00  0.000E+00
 -2.1017700E+05 -0.000E+00 -0.000E+00  0.000E+00
 -2.1017500E+05 -0.000E+00 -0.000E+00  0.000E+00
 -2.1017300E+05 -0.000E+00 -0.000E+00  0.000E+00
 -2.1017100E+05 -0.000E+00 -0.000E+00  0.000E+00
 -2.1016900E+05 -0.000E+00 -0.000E+00  0.000E+00
 -2.1016700E+05 -0.000E+00 -0.000E+00  0.000E+00
 -2.1016500E+05 -0.000E+00 -0.000E+00  0.000E+00
 -2.1016300E+05 -0.000E+00 -0.000E+00  0.000E+00
 -2.1016100E+05 -0.000E+00 -0.000E+00  0.000E+00
 -2.1015900E+05 -0.000E+00 -0.000E+00  0.000E+00
 -2.1015700E+05 -0.000E+00 -0.000E+00  0.000E+00
 -2.1015500E+05 -0.000E+00 -0.000E+00  0.000E+00
 -2.1015300E+05 -0.000E+00 -0.000E+00  0.000E+00
 -2.1015100E+05 -0.000E+00 -0.000E+00  0.000E+00
 -2.1014900E+05 -0.000E+00 -0.000E+00  0.000E+00
 -2.1014700E+05 -0.000E+00 -0.000E+00  0.000E+00
 -2.1014500E+05 -0.000E+00 -0.000E+00  0.000E+00
 -2.1014300E+05 -0.000E+00 -0.000E+00  0.000E+00
 -2.1014100E+05  5.977E-10 -2.562E-10  1.765E-09
 -2.1013900E+05  4.171E-08 -1.787E-08  1.231E-07
 -2.1013700E+05  7.949E-11 -5.422E-11  4.036E-10
 -2.1013500E+05 -1.109E-05  2.770E-06 -1.533E-05
 -2.1013300E+05 -7.431E-06  1.001E-06 -2.809E-06
 -2.1013100E+05 -4.594E-07  9.788E-07 -8.089E-06
 -2.1012900E+05  2.929E-05 -3.267E-06  5.334E-06
 -2.1012700E+05 -9.017E-07  2.148E-07 -1.131E-06
 -2.1012500E+05 -1.217E-05 -4.731E-06  5.022E-05
 -2.1012300E+05  7.560E-06 -4.041E-06  2.869E-05
 -2.1012100E+05  3.328E-05  6.375E-07 -3.147E-05
 -2.1011900E+05 -1.570E-05  6.199E-06 -4.084E-05
 -2.1011700E+05 -5.328E-05  1.128E-05 -5.496E-05
 -2.1011500E+05 -7.338E-07 -1.836E-05  1.608E-04
 -2.1011300E+05 -5.146E-04 -3.317E-06  4.308E-04
 -2.1011100E+05 -3.906E-04  3.527E-04 -2.730E-03
 -2.1010900E+05 -7.556E-04  1.142E-04 -3.795E-04
 -2.1010700E+05 -6.057E-04  4.856E-06  4.213E-04
 -2.1010500E+05 -5.744E-04  2.099E-05  2.727E-04
 -2.1010300E+05  6.065E-05  8.320E-05 -7.391E-04
 -2.1010100E+05 -2.393E-03  1.301E-05  1.748E-03
 -2.1009900E+05 -2.175E-03  2.647E-05  1.444E-03
 -2.1009700E+05 -1.657E-03  2.393E-04 -7.307E-04
 -2.1009500E+05 -2.470E-03  5.040E-04 -2.303E-03
 -2.1009300E+05 -2.218E-03  2.311E-04 -2.387E-04
 -2.1009100E+05 -4.292E-03  3.667E-04  2.317E-04
 -2.1008900E+05 -2.857E-03  2.428E-04  1.572E-04
 -2.1008700E+05 -2.017E-03  3.654E-04 -1.509E-03
 -2.1008500E+05 -4.459E-03  8.422E-04 -3.623E-03
 -2.1008300E+05 -9.002E-03  1.034E-03 -1.712E-03
 -2.1008100E+05 -9.895E-03  1.471E-03 -4.785E-03
 -2.1007900E+05 -1.564E-02  2.261E-03 -6.767E-03
 -2.1007700E+05 -2.152E-02  4.262E-03 -1.869E-02
 -2.1007500E+05 -1.161E-02  1.128E-03 -4.774E-04
 -2.1007300E+05 -1.287E-02  2.009E-03 -6.812E-03
 -2.1007100E+05 -9.053E-03  1.607E-03 -6.436E-03
 -2.1006900E+05 -1.104E-02  8.553E-04  1.323E-03
 -2.1006700E+05 -1.354E-02  2.812E-03 -1.269E-02
 -2.1006500E+05 -1.534E-02  9.966E-04  3.414E-03
 -2.1006300E+05 -4.000E-02  6.561E-03 -2.332E-02
 -2.1006100E+05 -1.283E-02  5.068E-03 -3.170E-02
 -2.1005900E+05 -2.320E-02  3.740E-03 -1.297E-02
 -2.1005700E+05 -3.632E-02  5.276E-03 -1.561E-02
 -2.1005500E+05 -4.213E-02  6.955E-03 -2.470E-02
 -2.1005300E+05 -2.479E-02  3.834E-03 -1.212E-02
 -2.1005100E+05 -5.897E-02  8.897E-03 -2.772E-02
 -2.1004900E+05 -4.012E-02  6.698E-03 -2.361E-02
 -2.1004700E+05 -4.577E-02  8.469E-03 -3.409E-02
 -2.1004500E+05 -5.128E-02  7.685E-03 -2.355E-02
 -2.1004300E+05 -5.760E-02  6.585E-03 -9.932E-03
 -2.1004100E+05 -7.100E-02  5.167E-03  1.119E-02
 -2.1003900E+05 -7.780E-02  1.474E-02 -5.975E-02
 -2.1003700E+05 -9.212E-02  1.397E-02 -4.312E-02
 -2.1003500E+05 -6.501E-02  1.444E-02 -6.639E-02
 -2.1003300E+05 -5.922E-02  1.243E-02 -5.473E-02
 -2.1003100E+05 -8.245E-02  1.307E-02 -4.252E-02
 -2.1002900E+05 -1.002E-01  1.311E-02 -2.937E-02
 -2.1002700E+05 -1.102E-01  1.469E-02 -3.488E-02
 -2.1002500E+05 -1.006E-01  1.857E-02 -7.244E-02
 -2.1002300E+05 -1.079E-01  1.896E-02 -6.975E-02
 -2.1002100E+05 -1.348E-01  2.419E-02 -9.033E-02
 -2.1001900E+05 -1.181E-01  2.058E-02 -7.472E-02
 -2.1001700E+05 -1.955E-01  2.896E-02 -8.354E-02
 -2.1001500E+05 -1.677E-01  2.414E-02 -6.577E-02
 -2.1001300E+05 -1.494E-01  2.531E-02 -8.804E-02
 -2.1001100E+05 -1.841E-01  2.616E-02 -6.961E-02
