 -1.2323300E+05 -0.000E+00 -0.000E+00  0.000E+00
 -1.2323100E+05 -0.000E+00 -0.000E+00  0.000E+00
 -1.2322900E+05 -0.000E+00 -0.000E+00  0.000E+00
 -1.2322700E+05 -0.000E+00 -0.000E+00  0.000E+00
 -1.2322500E+05 -0.000E+00 -0.000E+00  0.000E+00
 -1.2322300E+05 -0.000E+00 -0.000E+00  0.000E+00
 -1.2322100E+05 -0.000E+00 -0.000E+00  0.000E+00
 -1.2321900E+05 -0.000E+00 -0.000E+00  0.000E+00
 -1.2321700E+05 -0.000E+00 -0.000E+00  0.000E+00
 -1.2321500E+05 -0.000E+00 -0.000E+00  0.000E+00
 -1.2321300E+05 -0.000E+00 -0.000E+00  0.000E+00
 -1.2321100E+05 -0.000E+00 -0.000E+00  0.000E+00
 -1.2320900E+05 -0.000E+00 -0.000E+00  0.000E+00
 -1.2320700E+05 -0.000E+00 -0.000E+00  0.000E+00
 -1.2320500E+05 -0.000E+00 -0.000E+00  0.000E+00
 -1.2320300E+05 -0.000E+00 -0.000E+00  0.000E+00
 -1.2320100E+05 -0.000E+00 -0.000E+00  0.000E+00
 -1.2319900E+05 -0.000E+00 -0.000E+00  0.000E+00
 -1.2319700E+05 -0.000E+00 -0.000E+00  0.000E+00
 -1.2319500E+05 -0.000E+00 -0.000E+00  0.000E+00
 -1.2319300E+05 -0.000E+00 -0.000E+00  0.000E+00
 -1.2319100E+05 -0.000E+00 -0.000E+00  0.000E+00
 -1.2318900E+05 -0.000E+00 -0.000E+00  0.000E+00
 -1.2318700E+05 -0.000E+00 -0.000E+00  0.000E+00
 -1.2318500E+05 -0.000E+00 -0.000E+00  0.000E+00
 -1.2318300E+05 -0.000E+00 -0.000E+00  0.000E+00
 -1.2318100E+05 -0.000E+00 -0.000E+00  0.000E+00
 -1.2317900E+05 -0.000E+00 -0.000E+00  0.000E+00
 -1.2317700E+05 -0.000E+00 -0.000E+00  0.000E+00
 -1.2317500E+05 -0.000E+00 -0.000E+00  0.000E+00
 -1.2317300E+05 -0.000E+00 -0.000E+00  0.000E+00
 -1.2317100E+05 -0.000E+00 -0.000E+00  0.000E+00
 -1.2316900E+05 -0.000E+00 -0.000E+00  0.000E+00
 -1.2316700E+05 -0.000E+00 -0.000E+00  0.000E+00
 -1.2316500E+05 -0.000E+00 -0.000E+00  0.000E+00
 -1.2316300E+05 -0.000E+00 -0.000E+00  0.000E+00
 -1.2316100E+05 -0.000E+00 -0.000E+00  0.000E+00
 -1.2315900E+05 -0.000E+00 -0.000E+00  0.000E+00
 -1.2315700E+05 -0.000E+00 -0.000E+00  0.000E+00
 -1.2315500E+05 -0.000E+00 -0.000E+00  0.000E+00
 -1.2315300E+05 -0.000E+00 -0.000E+00  0.000E+00
 -1.2315100E+05 -0.000E+00 -0.000E+00  0.000E+00
 -1.2314900E+05 -0.000E+00 -0.000E+00  0.000E+00
 -1.2314700E+05 -0.000E+00 -0.000E+00  0.000E+00
 -1.2314500E+05 -0.000E+00 -0.000E+00  0.000E+00
 -1.2314300E+05 -0.000E+00 -0.000E+00  0.000E+00
 -1.2314100E+05 -0.000E+00 -0.000E+00  0.000E+00
 -1.2313900E+05 -0.000E+00 -0.000E+00  0.000E+00
 -1.2313700E+05 -0.000E+00 -0.000E+00  0.000E+00
 -1.2313500E+05 -0.000E+00 -0.000E+00  0.000E+00
 -1.2313300E+05 -0.000E+00 -0.000E+00  0.000E+00
 -1.2313100E+05 -0.000E+00 -0.000E+00  0.000E+00
 -1.2312900E+05 -0.000E+00 -0.000E+00  0.000E+00
 -1.2312700E+05 -0.000E+00 -0.000E+00  0.000E+00
 -1.2312500E+05 -0.000E+00 -0.000E+00  0.000E+00
 -1.2312300E+05 -0.000E+00 -0.000E+00  0.000E+00
 -1.2312100E+05 -0.000E+00 -0.000E+00  0.000E+00
 -1.2311900E+05 -0.000E+00 -0.000E+00  0.000E+00
 -1.2311700E+05 -0.000E+00 -0.000E+00  0.000E+00
 -1.2311500E+05 -0.000E+00 -0.000E+00  0.000E+00
 -1.2311300E+05 -0.000E+00 -0.000E+00  0.000E+00
 -1.2311100E+05 -0.000E+00 -0.000E+00  0.000E+00
 -1.2310900E+05 -0.000E+00 -0.000E+00  0.000E+00
 -1.2310700E+05 -0.000E+00 -0.000E+00  0.000E+00
 -1.2310500E+05 -0.000E+00 -0.000E+00  0.000E+00
 -1.2310300E+05 -0.000E+00 -0.000E+00  0.000E+00
 -1.2310100E+05 -0.000E+00 -0.000E+00  0.000E+00
 -1.2309900E+05 -0.000E+00 -0.000E+00  0.000E+00
 -1.2309700E+05 -0.000E+00 -0.000E+00  0.000E+00
 -1.2309500E+05 -0.000E+00 -0.000E+00  0.000E+00
 -1.2309300E+05 -0.000E+00 -0.000E+00  0.000E+00
 -1.2309100E+05 -0.000E+00 -0.000E+00  0.000E+00
 -1.2308900E+05 -0.000E+00 -0.000E+00  0.000E+00
 -1.2308700E+05 -0.000E+00 -0.000E+00  0.000E+00
 -1.2308500E+05 -0.000E+00 -0.000E+00  0.000E+00
 -1.2308300E+05 -0.000E+00 -0.000E+00  0.000E+00
 -1.2308100E+05 -0.000E+00 -0.000E+00  0.000E+00
 -1.2307900E+05 -0.000E+00 -0.000E+00  0.000E+00
 -1.2307700E+05 -0.000E+00 -0.000E+00  0.000E+00
 -1.2307500E+05 -0.000E+00 -0.000E+00  0.000E+00
 -1.2307300E+05 -0.000E+00 -0.000E+00  0.000E+00
 -1.2307100E+05 -0.000E+00 -0.000E+00  0.000E+00
 -1.2306900E+05 -0.000E+00 -0.000E+00  0.000E+00
 -1.2306700E+05 -0.000E+00 -0.000E+00  0.000E+00
 -1.2306500E+05 -0.000E+00 -0.000E+00  0.000E+00
 -1.2306300E+05 -0.000E+00 -0.000E+00  0.000E+00
 -1.2306100E+05 -0.000E+00 -0.000E+00  0.000E+00
 -1.2305900E+05 -0.000E+00 -0.000E+00  0.000E+00
 -1.2305700E+05 -0.000E+00 -0.000E+00  0.000E+00
 -1.2305500E+05 -0.000E+00 -0.000E+00  0.000E+00
 -1.2305300E+05 -0.000E+00 -0.000E+00  0.000E+00
 -1.2305100E+05 -0.000E+00 -0.000E+00  0.000E+00
 -1.2304900E+05 -0.000E+00 -0.000E+00  0.000E+00
 -1.2304700E+05 -0.000E+00 -0.000E+00  0.000E+00
 -1.2304500E+05 -0.000E+00 -0.000E+00  0.000E+00
 -1.2304300E+05 -0.000E+00 -0.000E+00  0.000E+00
 -1.2304100E+05 -0.000E+00 -0.000E+00  0.000E+00
 -1.2303900E+05 -0.000E+00 -0.000E+00  0.000E+00
 -1.2303700E+05 -0.000E+00 -0.000E+00  0.000E+00
 -1.2303500E+05 -0.000E+00 -0.000E+00  0.000E+00
 -1.2303300E+05 -0.000E+00 -0.000E+00  0.000E+00
 -1.2303100E+05 -0.000E+00 -0.000E+00  0.000E+00
 -1.2302900E+05 -0.000E+00 -0.000E+00  0.000E+00
 -1.2302700E+05 -0.000E+00 -0.000E+00  0.000E+00
 -1.2302500E+05 -0.000E+00 -0.000E+00  0.000E+00
 -1.2302300E+05 -0.000E+00 -0.000E+00  0.000E+00
 -1.2302100E+05 -0.000E+00 -0.000E+00  0.000E+00
 -1.2301900E+05 -0.000E+00 -0.000E+00  0.000E+00
 -1.2301700E+05 -0.000E+00 -0.000E+00  0.000E+00
 -1.2301500E+05 -0.000E+00 -0.000E+00  0.000E+00
 -1.2301300E+05 -0.000E+00 -0.000E+00  0.000E+00
 -1.2301100E+05 -0.000E+00 -0.000E+00  0.000E+00
 -1.2300900E+05 -0.000E+00 -0.000E+00  0.000E+00
 -1.2300700E+05 -0.000E+00 -0.000E+00  0.000E+00
 -1.2300500E+05 -0.000E+00 -0.000E+00  0.000E+00
 -1.2300300E+05 -0.000E+00 -0.000E+00  0.000E+00
 -1.2300100E+05 -0.000E+00 -0.000E+00  0.000E+00
 -1.2299900E+05 -0.000E+00 -0.000E+00  0.000E+00
 -1.2299700E+05 -0.000E+00 -0.000E+00  0.000E+00
 -1.2299500E+05 -0.000E+00 -0.000E+00  0.000E+00
 -1.2299300E+05 -0.000E+00 -0.000E+00  0.000E+00
 -1.2299100E+05 -0.000E+00 -0.000E+00  0.000E+00
 -1.2298900E+05 -0.000E+00 -0.000E+00  0.000E+00
 -1.2298700E+05 -0.000E+00 -0.000E+00  0.000E+00
 -1.2298500E+05 -0.000E+00 -0.000E+00  0.000E+00
 -1.2298300E+05 -0.000E+00 -0.000E+00  0.000E+00
 -1.2298100E+05  2.692E-08 -8.700E-09  5.801E-08
 -1.2297900E+05  2.396E-08 -7.637E-09  5.057E-08
 -1.2297700E+05 -1.183E-05  1.906E-06 -6.240E-06
 -1.2297500E+05 -1.011E-05  1.432E-06 -3.337E-06
 -1.2297300E+05 -1.654E-05  2.736E-06 -9.314E-06
 -1.2297100E+05 -2.474E-05  4.315E-06 -1.609E-05
 -1.2296900E+05 -3.023E-04  5.601E-05 -2.259E-04
 -1.2296700E+05 -3.126E-04  4.552E-05 -1.109E-04
 -1.2296500E+05  2.169E-04 -3.965E-05  1.567E-04
 -1.2296300E+05 -3.348E-04  2.801E-05  8.542E-05
 -1.2296100E+05 -5.175E-04  1.124E-04 -5.492E-04
 -1.2295900E+05 -3.117E-04  6.796E-05 -3.343E-04
 -1.2295700E+05 -2.106E-04  3.492E-05 -1.133E-04
 -1.2295500E+05 -2.504E-04  5.547E-05 -2.695E-04
 -1.2295300E+05 -5.584E-04  1.721E-04 -1.078E-03
 -1.2295100E+05 -8.265E-04  1.050E-04 -1.323E-04
 -1.2294900E+05  5.267E-04 -2.822E-05 -2.977E-04
 -1.2294700E+05  4.049E-04 -1.480E-04  9.897E-04
 -1.2294500E+05 -6.752E-03  1.055E-03 -2.992E-03
 -1.2294300E+05 -2.809E-03  6.433E-04 -3.249E-03
 -1.2294100E+05  3.537E-04 -1.173E-04  7.674E-04
 -1.2293900E+05 -5.939E-03  1.374E-03 -6.917E-03
 -1.2293700E+05 -1.054E-02  1.688E-03 -4.893E-03
 -1.2293500E+05 -1.396E-02  2.041E-03 -4.692E-03
 -1.2293300E+05 -1.179E-02  2.189E-03 -8.438E-03
 -1.2293100E+05 -3.716E-03  1.235E-03 -7.919E-03
 -1.2292900E+05 -1.071E-02  2.008E-03 -7.783E-03
 -1.2292700E+05 -2.161E-02  3.688E-03 -1.207E-02
 -1.2292500E+05 -2.020E-02  3.473E-03 -1.142E-02
 -1.2292300E+05 -1.858E-02  2.847E-03 -7.153E-03
 -1.2292100E+05 -2.104E-02  3.962E-03 -1.515E-02
 -1.2291900E+05 -2.224E-02  4.276E-03 -1.671E-02
 -1.2291700E+05 -3.799E-02  8.494E-03 -4.000E-02
 -1.2291500E+05 -3.766E-02  5.403E-03 -1.054E-02
 -1.2291300E+05 -3.677E-02  6.848E-03 -2.528E-02
 -1.2291100E+05 -7.249E-02  1.321E-02 -4.705E-02
 -1.2290900E+05 -5.709E-02  1.009E-02 -3.393E-02
 -1.2290700E+05 -4.964E-02  9.905E-03 -4.021E-02
 -1.2290500E+05 -8.620E-02  1.581E-02 -5.624E-02
 -1.2290300E+05 -6.224E-02  1.020E-02 -2.854E-02
 -1.2290100E+05 -1.015E-01  1.887E-02 -6.808E-02
 -1.2289900E+05 -8.000E-02  1.584E-02 -6.262E-02
 -1.2289700E+05 -1.068E-01  2.178E-02 -8.940E-02
 -1.2289500E+05 -1.118E-01  2.044E-02 -7.090E-02
 -1.2289300E+05 -9.993E-02  1.721E-02 -5.277E-02
 -1.2289100E+05 -8.993E-02  1.569E-02 -4.929E-02
 -1.2288900E+05 -1.207E-01  2.124E-02 -6.751E-02
 -1.2288700E+05 -1.753E-01  3.390E-02 -1.269E-01
 -1.2288500E+05 -1.746E-01  3.374E-02 -1.255E-01
 -1.2288300E+05 -1.567E-01  3.047E-02 -1.145E-01
 -1.2288100E+05 -2.132E-01  3.558E-02 -9.925E-02
 -1.2287900E+05 -2.123E-01  4.059E-02 -1.464E-01
 -1.2287700E+05 -2.072E-01  3.965E-02 -1.422E-01
 -1.2287500E+05 -2.694E-01  4.620E-02 -1.360E-01
 -1.2287300E+05 -2.580E-01  5.280E-02 -2.092E-01
 -1.2287100E+05 -2.827E-01  5.196E-02 -1.728E-01
 -1.2286900E+05 -3.405E-01  5.993E-02 -1.833E-01
 -1.2286700E+05 -2.589E-01  4.511E-02 -1.339E-01
 -1.2286500E+05 -2.442E-01  5.071E-02 -2.022E-01
 -1.2286300E+05 -3.587E-01  7.057E-02 -2.597E-01
 -1.2286100E+05 -3.819E-01  7.100E-02 -2.367E-01
 -1.2285900E+05 -4.044E-01  7.367E-02 -2.361E-01
 -1.2285700E+05 -4.136E-01  7.683E-02 -2.545E-01
 -1.2285500E+05 -3.338E-01  6.464E-02 -2.273E-01
