  4.9303000E+04 -0.000E+00 -0.000E+00  0.000E+00
  4.9305000E+04 -0.000E+00 -0.000E+00  0.000E+00
  4.9307000E+04 -0.000E+00 -0.000E+00  0.000E+00
  4.9309000E+04 -0.000E+00 -0.000E+00  0.000E+00
  4.9311000E+04 -0.000E+00 -0.000E+00  0.000E+00
  4.9313000E+04 -0.000E+00 -0.000E+00  0.000E+00
  4.9315000E+04 -0.000E+00 -0.000E+00  0.000E+00
  4.9317000E+04 -0.000E+00 -0.000E+00  0.000E+00
  4.9319000E+04 -0.000E+00 -0.000E+00  0.000E+00
  4.9321000E+04 -0.000E+00 -0.000E+00  0.000E+00
  4.9323000E+04 -0.000E+00 -0.000E+00  0.000E+00
  4.9325000E+04 -0.000E+00 -0.000E+00  0.000E+00
  4.9327000E+04 -0.000E+00 -0.000E+00  0.000E+00
  4.9329000E+04 -0.000E+00 -0.000E+00  0.000E+00
  4.9331000E+04 -0.000E+00 -0.000E+00  0.000E+00
  4.9333000E+04 -0.000E+00 -0.000E+00  0.000E+00
  4.9335000E+04 -0.000E+00 -0.000E+00  0.000E+00
  4.9337000E+04 -0.000E+00 -0.000E+00  0.000E+00
  4.9339000E+04 -0.000E+00 -0.000E+00  0.000E+00
  4.9341000E+04 -0.000E+00 -0.000E+00  0.000E+00
  4.9343000E+04 -0.000E+00 -0.000E+00  0.000E+00
  4.9345000E+04 -0.000E+00 -0.000E+00  0.000E+00
  4.9347000E+04 -0.000E+00 -0.000E+00  0.000E+00
  4.9349000E+04 -0.000E+00 -0.000E+00  0.000E+00
  4.9351000E+04 -0.000E+00 -0.000E+00  0.000E+00
  4.9353000E+04 -0.000E+00 -0.000E+00  0.000E+00
  4.9355000E+04 -0.000E+00 -0.000E+00  0.000E+00
  4.9357000E+04 -0.000E+00 -0.000E+00  0.000E+00
  4.9359000E+04 -0.000E+00 -0.000E+00  0.000E+00
  4.9361000E+04 -0.000E+00 -0.000E+00  0.000E+00
  4.9363000E+04 -0.000E+00 -0.000E+00  0.000E+00
  4.9365000E+04 -0.000E+00 -0.000E+00  0.000E+00
  4.9367000E+04 -0.000E+00 -0.000E+00  0.000E+00
  4.9369000E+04 -0.000E+00 -0.000E+00  0.000E+00
  4.9371000E+04 -0.000E+00 -0.000E+00  0.000E+00
  4.9373000E+04 -0.000E+00 -0.000E+00  0.000E+00
  4.9375000E+04 -0.000E+00 -0.000E+00  0.000E+00
  4.9377000E+04 -0.000E+00 -0.000E+00  0.000E+00
  4.9379000E+04 -0.000E+00 -0.000E+00  0.000E+00
  4.9381000E+04 -0.000E+00 -0.000E+00  0.000E+00
  4.9383000E+04 -0.000E+00 -0.000E+00  0.000E+00
  4.9385000E+04 -0.000E+00 -0.000E+00  0.000E+00
  4.9387000E+04 -0.000E+00 -0.000E+00  0.000E+00
  4.9389000E+04 -0.000E+00 -0.000E+00  0.000E+00
  4.9391000E+04 -0.000E+00 -0.000E+00  0.000E+00
  4.9393000E+04 -0.000E+00 -0.000E+00  0.000E+00
  4.9395000E+04 -0.000E+00 -0.000E+00  0.000E+00
  4.9397000E+04 -0.000E+00 -0.000E+00  0.000E+00
  4.9399000E+04 -0.000E+00 -0.000E+00  0.000E+00
  4.9401000E+04 -0.000E+00 -0.000E+00  0.000E+00
  4.9403000E+04 -0.000E+00 -0.000E+00  0.000E+00
  4.9405000E+04 -0.000E+00 -0.000E+00  0.000E+00
  4.9407000E+04 -0.000E+00 -0.000E+00  0.000E+00
  4.9409000E+04 -0.000E+00 -0.000E+00  0.000E+00
  4.9411000E+04 -0.000E+00 -0.000E+00  0.000E+00
  4.9413000E+04 -0.000E+00 -0.000E+00  0.000E+00
  4.9415000E+04 -0.000E+00 -0.000E+00  0.000E+00
  4.9417000E+04 -0.000E+00 -0.000E+00  0.000E+00
  4.9419000E+04 -0.000E+00 -0.000E+00  0.000E+00
  4.9421000E+04 -0.000E+00 -0.000E+00  0.000E+00
  4.9423000E+04 -0.000E+00 -0.000E+00  0.000E+00
  4.9425000E+04 -0.000E+00 -0.000E+00  0.000E+00
  4.9427000E+04 -0.000E+00 -0.000E+00  0.000E+00
  4.9429000E+04 -0.000E+00 -0.000E+00  0.000E+00
  4.9431000E+04 -0.000E+00 -0.000E+00  0.000E+00
  4.9433000E+04 -0.000E+00 -0.000E+00  0.000E+00
  4.9435000E+04 -0.000E+00 -0.000E+00  0.000E+00
  4.9437000E+04 -0.000E+00 -0.000E+00  0.000E+00
  4.9439000E+04 -0.000E+00 -0.000E+00  0.000E+00
  4.9441000E+04 -0.000E+00 -0.000E+00  0.000E+00
  4.9443000E+04 -0.000E+00 -0.000E+00  0.000E+00
  4.9445000E+04 -0.000E+00 -0.000E+00  0.000E+00
  4.9447000E+04 -0.000E+00 -0.000E+00  0.000E+00
  4.9449000E+04 -0.000E+00 -0.000E+00  0.000E+00
  4.9451000E+04 -0.000E+00 -0.000E+00  0.000E+00
  4.9453000E+04 -0.000E+00 -0.000E+00  0.000E+00
  4.9455000E+04 -0.000E+00 -0.000E+00  0.000E+00
  4.9457000E+04 -0.000E+00 -0.000E+00  0.000E+00
  4.9459000E+04 -0.000E+00 -0.000E+00  0.000E+00
  4.9461000E+04 -0.000E+00 -0.000E+00  0.000E+00
  4.9463000E+04 -0.000E+00 -0.000E+00  0.000E+00
  4.9465000E+04 -0.000E+00 -0.000E+00  0.000E+00
  4.9467000E+04 -0.000E+00 -0.000E+00  0.000E+00
  4.9469000E+04 -0.000E+00 -0.000E+00  0.000E+00
  4.9471000E+04 -0.000E+00 -0.000E+00  0.000E+00
  4.9473000E+04 -0.000E+00 -0.000E+00  0.000E+00
  4.9475000E+04 -0.000E+00 -0.000E+00  0.000E+00
  4.9477000E+04 -0.000E+00 -0.000E+00  0.000E+00
  4.9479000E+04 -0.000E+00 -0.000E+00  0.000E+00
  4.9481000E+04 -0.000E+00 -0.000E+00  0.000E+00
  4.9483000E+04 -0.000E+00 -0.000E+00  0.000E+00
  4.9485000E+04 -0.000E+00 -0.000E+00  0.000E+00
  4.9487000E+04 -0.000E+00 -0.000E+00  0.000E+00
  4.9489000E+04 -0.000E+00 -0.000E+00  0.000E+00
  4.9491000E+04 -0.000E+00 -0.000E+00  0.000E+00
  4.9493000E+04 -0.000E+00 -0.000E+00  0.000E+00
  4.9495000E+04 -0.000E+00 -0.000E+00  0.000E+00
  4.9497000E+04 -0.000E+00 -0.000E+00  0.000E+00
  4.9499000E+04 -0.000E+00 -0.000E+00  0.000E+00
  4.9501000E+04 -0.000E+00 -0.000E+00  0.000E+00
  4.9503000E+04 -0.000E+00 -0.000E+00  0.000E+00
  4.9505000E+04 -0.000E+00 -0.000E+00  0.000E+00
  4.9507000E+04 -0.000E+00 -0.000E+00  0.000E+00
  4.9509000E+04 -0.000E+00 -0.000E+00  0.000E+00
  4.9511000E+04 -0.000E+00 -0.000E+00  0.000E+00
  4.9513000E+04 -0.000E+00 -0.000E+00  0.000E+00
  4.9515000E+04 -0.000E+00 -0.000E+00  0.000E+00
  4.9517000E+04  4.627E-08 -1.207E-08  9.003E-08
  4.9519000E+04 -1.463E-05  1.478E-06  9.801E-07
  4.9521000E+04 -2.193E-05  2.256E-06  1.056E-06
  4.9523000E+04 -1.556E-05  4.627E-06 -3.748E-05
  4.9525000E+04 -1.787E-05  4.673E-05 -5.653E-04
  4.9527000E+04 -2.660E-04  1.257E-05  2.006E-04
  4.9529000E+04 -1.331E-04  8.247E-06  7.641E-05
  4.9531000E+04 -5.402E-04  6.336E-05 -6.507E-05
  4.9533000E+04 -8.279E-04  1.115E-04 -2.788E-04
  4.9535000E+04 -2.376E-04  5.007E-05 -3.094E-04
  4.9537000E+04 -1.398E-03  3.566E-04 -2.583E-03
  4.9539000E+04  1.752E-05  2.965E-04 -3.787E-03
  4.9541000E+04 -3.856E-03  6.634E-04 -3.110E-03
  4.9543000E+04 -3.495E-03  8.194E-04 -5.592E-03
  4.9545000E+04 -9.441E-03  1.630E-03 -7.636E-03
  4.9547000E+04 -1.521E-02  2.594E-03 -1.187E-02
  4.9549000E+04 -1.662E-02  2.612E-03 -1.006E-02
  4.9551000E+04 -1.991E-02  3.198E-03 -1.290E-02
  4.9553000E+04 -1.756E-02  3.392E-03 -1.861E-02
  4.9555000E+04 -3.443E-02  6.091E-03 -2.926E-02
  4.9557000E+04 -4.226E-02  6.846E-03 -2.776E-02
  4.9559000E+04 -4.821E-02  8.495E-03 -4.044E-02
  4.9561000E+04 -7.094E-02  1.245E-02 -5.862E-02
  4.9563000E+04 -7.314E-02  1.223E-02 -5.250E-02
  4.9565000E+04 -7.962E-02  1.554E-02 -8.547E-02
  4.9567000E+04 -1.142E-01  1.887E-02 -7.879E-02
  4.9569000E+04 -1.054E-01  1.804E-02 -8.046E-02
  4.9571000E+04 -1.322E-01  2.390E-02 -1.166E-01
  4.9573000E+04 -2.257E-01  3.797E-02 -1.624E-01
  4.9575000E+04 -2.324E-01  4.009E-02 -1.798E-01
  4.9577000E+04 -2.591E-01  4.337E-02 -1.825E-01
  4.9579000E+04 -3.165E-01  5.551E-02 -2.544E-01
  4.9581000E+04 -3.366E-01  5.492E-02 -2.170E-01
  4.9583000E+04 -3.730E-01  6.327E-02 -2.710E-01
  4.9585000E+04 -3.872E-01  6.782E-02 -3.078E-01
  4.9587000E+04 -4.595E-01  7.860E-02 -3.400E-01
  4.9589000E+04 -5.239E-01  8.697E-02 -3.519E-01
  4.9591000E+04 -6.289E-01  1.040E-01 -4.165E-01
  4.9593000E+04 -6.021E-01  9.965E-02 -3.977E-01
  4.9595000E+04 -6.142E-01  1.074E-01 -4.787E-01
  4.9597000E+04 -7.435E-01  1.256E-01 -5.208E-01
  4.9599000E+04 -8.092E-01  1.395E-01 -6.008E-01
  4.9601000E+04 -9.471E-01  1.560E-01 -6.074E-01
  4.9603000E+04 -8.650E-01  1.447E-01 -5.805E-01
  4.9605000E+04 -9.510E-01  1.606E-01 -6.552E-01
  4.9607000E+04 -1.036E+00  1.750E-01 -7.125E-01
  4.9609000E+04 -9.993E-01  1.705E-01 -7.085E-01
  4.9611000E+04 -1.135E+00  1.903E-01 -7.552E-01
  4.9613000E+04 -1.198E+00  2.043E-01 -8.409E-01
  4.9615000E+04 -1.172E+00  2.026E-01 -8.543E-01
  4.9617000E+04 -1.238E+00  2.054E-01 -7.877E-01
  4.9619000E+04 -1.237E+00  2.086E-01 -8.283E-01
  4.9621000E+04 -1.156E+00  2.037E-01 -8.854E-01
  4.9623000E+04 -1.206E+00  2.079E-01 -8.600E-01
  4.9625000E+04 -1.328E+00  2.185E-01 -8.098E-01
  4.9627000E+04 -1.280E+00  2.132E-01 -8.072E-01
  4.9629000E+04 -1.134E+00  1.948E-01 -7.893E-01
  4.9631000E+04 -1.103E+00  1.903E-01 -7.754E-01
  4.9633000E+04 -1.154E+00  2.049E-01 -8.857E-01
  4.9635000E+04 -1.182E+00  2.040E-01 -8.295E-01
  4.9637000E+04 -1.091E+00  1.835E-01 -6.981E-01
  4.9639000E+04 -1.081E+00  1.787E-01 -6.487E-01
  4.9641000E+04 -9.561E-01  1.600E-01 -5.974E-01
  4.9643000E+04 -1.061E+00  1.806E-01 -7.003E-01
  4.9645000E+04 -9.273E-01  1.599E-01 -6.362E-01
  4.9647000E+04 -9.161E-01  1.506E-01 -5.289E-01
  4.9649000E+04 -8.056E-01  1.410E-01 -5.736E-01
  4.9651000E+04 -7.840E-01  1.377E-01 -5.622E-01
  4.9653000E+04 -7.887E-01  1.260E-01 -4.000E-01
  4.9655000E+04 -5.719E-01  1.028E-01 -4.342E-01
  4.9657000E+04 -5.093E-01  8.842E-02 -3.432E-01
  4.9659000E+04 -6.202E-01  1.021E-01 -3.474E-01
  4.9661000E+04 -5.342E-01  9.524E-02 -3.913E-01
  4.9663000E+04 -5.064E-01  8.926E-02 -3.565E-01
  4.9665000E+04 -4.002E-01  6.252E-02 -1.727E-01
  4.9667000E+04 -3.492E-01  6.489E-02 -2.840E-01
  4.9669000E+04 -3.195E-01  5.819E-02 -2.418E-01
  4.9671000E+04 -3.802E-01  5.617E-02 -1.179E-01
  4.9673000E+04 -2.609E-01  4.350E-02 -1.418E-01
  4.9675000E+04 -2.289E-01  4.101E-02 -1.573E-01
  4.9677000E+04 -1.725E-01  3.089E-02 -1.162E-01
  4.9679000E+04 -7.320E-02  1.508E-02 -6.632E-02
  4.9681000E+04 -6.249E-02  1.629E-02 -9.941E-02
