 -5.7250000E+03  4.723E-01 -7.289E-02  3.958E-01
 -5.7230000E+03  5.157E-01 -7.453E-02  3.814E-01
 -5.7210000E+03  4.826E-01 -7.081E-02  3.671E-01
 -5.7190000E+03  5.142E-01 -6.455E-02  2.656E-01
 -5.7170000E+03  4.960E-01 -6.284E-02  2.655E-01
 -5.7150000E+03  4.085E-01 -5.674E-02  2.758E-01
 -5.7130000E+03  4.220E-01 -5.363E-02  2.283E-01
 -5.7110000E+03  3.620E-01 -4.991E-02  2.385E-01
 -5.7090000E+03  4.571E-01 -5.571E-02  2.174E-01
 -5.7070000E+03  4.009E-01 -5.730E-02  2.893E-01
 -5.7050000E+03  3.961E-01 -4.915E-02  2.040E-01
 -5.7030000E+03  3.598E-01 -5.006E-02  2.469E-01
 -5.7010000E+03  5.052E-01 -5.775E-02  1.948E-01
 -5.6990000E+03  3.581E-01 -5.422E-02  2.923E-01
 -5.6970000E+03  3.334E-01 -4.916E-02  2.649E-01
 -5.6950000E+03  4.205E-01 -5.845E-02  2.841E-01
 -5.6930000E+03  3.609E-01 -4.917E-02  2.370E-01
 -5.6910000E+03  4.077E-01 -5.813E-02  2.983E-01
 -5.6890000E+03  4.095E-01 -5.068E-02  2.125E-01
 -5.6870000E+03  3.749E-01 -4.848E-02  2.130E-01
 -5.6850000E+03  3.744E-01 -4.674E-02  1.917E-01
 -5.6830000E+03  3.425E-01 -4.740E-02  2.333E-01
 -5.6810000E+03  3.714E-01 -5.007E-02  2.371E-01
 -5.6790000E+03  3.770E-01 -4.855E-02  2.154E-01
 -5.6770000E+03  3.017E-01 -4.503E-02  2.495E-01
 -5.6750000E+03  3.452E-01 -4.970E-02  2.548E-01
 -5.6730000E+03  3.554E-01 -4.894E-02  2.422E-01
 -5.6710000E+03  3.553E-01 -5.234E-02  2.785E-01
 -5.6690000E+03  3.872E-01 -4.667E-02  1.834E-01
 -5.6670000E+03  3.292E-01 -4.168E-02  1.772E-01
 -5.6650000E+03  3.409E-01 -5.022E-02  2.603E-01
 -5.6630000E+03  3.048E-01 -4.394E-02  2.349E-01
 -5.6610000E+03  3.642E-01 -4.372E-02  1.685E-01
 -5.6590000E+03  2.875E-01 -4.101E-02  1.997E-01
 -5.6570000E+03  3.346E-01 -4.564E-02  2.171E-01
 -5.6550000E+03  3.136E-01 -4.199E-02  2.065E-01
 -5.6530000E+03  2.335E-01 -3.345E-02  1.731E-01
 -5.6510000E+03  3.146E-01 -4.161E-02  1.915E-01
 -5.6490000E+03  2.764E-01 -3.563E-02  1.595E-01
 -5.6470000E+03  3.208E-01 -3.886E-02  1.531E-01
 -5.6450000E+03  3.291E-01 -4.213E-02  1.875E-01
 -5.6430000E+03  3.111E-01 -3.889E-02  1.616E-01
 -5.6410000E+03  2.436E-01 -3.755E-02  2.091E-01
 -5.6390000E+03  2.825E-01 -4.181E-02  2.238E-01
 -5.6370000E+03  2.419E-01 -3.483E-02  1.791E-01
 -5.6350000E+03  2.988E-01 -3.871E-02  1.695E-01
 -5.6330000E+03  2.947E-01 -3.853E-02  1.707E-01
 -5.6310000E+03  2.656E-01 -3.185E-02  1.280E-01
 -5.6290000E+03  3.166E-01 -4.024E-02  1.891E-01
 -5.6270000E+03  2.637E-01 -3.782E-02  1.893E-01
 -5.6250000E+03  2.852E-01 -3.673E-02  1.681E-01
 -5.6230000E+03  2.588E-01 -3.572E-02  1.820E-01
 -5.6210000E+03  2.892E-01 -4.052E-02  2.061E-01
 -5.6190000E+03  2.484E-01 -3.271E-02  1.501E-01
 -5.6170000E+03  2.942E-01 -3.936E-02  1.785E-01
 -5.6150000E+03  2.667E-01 -3.561E-02  1.689E-01
 -5.6130000E+03  2.574E-01 -3.427E-02  1.692E-01
 -5.6110000E+03  2.427E-01 -3.348E-02  1.556E-01
 -5.6090000E+03  2.241E-01 -3.017E-02  1.417E-01
 -5.6070000E+03  2.540E-01 -3.345E-02  1.521E-01
 -5.6050000E+03  2.529E-01 -3.292E-02  1.576E-01
 -5.6030000E+03  2.209E-01 -2.870E-02  1.331E-01
 -5.6010000E+03  2.194E-01 -2.785E-02  1.250E-01
 -5.5990000E+03  2.555E-01 -3.430E-02  1.611E-01
 -5.5970000E+03  2.567E-01 -3.507E-02  1.712E-01
 -5.5950000E+03  2.066E-01 -3.053E-02  1.640E-01
 -5.5930000E+03  2.276E-01 -3.060E-02  1.444E-01
 -5.5910000E+03  2.442E-01 -2.842E-02  1.123E-01
 -5.5890000E+03  2.132E-01 -2.962E-02  1.506E-01
 -5.5870000E+03  1.956E-01 -2.807E-02  1.428E-01
 -5.5850000E+03  2.046E-01 -2.910E-02  1.517E-01
 -5.5830000E+03  2.112E-01 -2.621E-02  1.117E-01
 -5.5810000E+03  2.520E-01 -3.025E-02  1.219E-01
 -5.5790000E+03  2.174E-01 -3.148E-02  1.626E-01
 -5.5770000E+03  2.256E-01 -3.312E-02  1.705E-01
 -5.5750000E+03  2.404E-01 -2.960E-02  1.221E-01
 -5.5730000E+03  2.351E-01 -2.901E-02  1.255E-01
 -5.5710000E+03  2.108E-01 -2.744E-02  1.282E-01
 -5.5690000E+03  2.426E-01 -2.865E-02  1.139E-01
 -5.5670000E+03  2.596E-01 -3.259E-02  1.402E-01
 -5.5650000E+03  1.980E-01 -2.600E-02  1.165E-01
 -5.5630000E+03  1.787E-01 -2.471E-02  1.258E-01
 -5.5610000E+03  2.388E-01 -3.005E-02  1.300E-01
 -5.5590000E+03  2.089E-01 -2.975E-02  1.484E-01
 -5.5570000E+03  2.068E-01 -2.808E-02  1.295E-01
 -5.5550000E+03  1.688E-01 -2.534E-02  1.283E-01
 -5.5530000E+03  1.772E-01 -2.791E-02  1.676E-01
 -5.5510000E+03  2.049E-01 -2.486E-02  1.104E-01
 -5.5490000E+03  1.944E-01 -2.649E-02  1.234E-01
 -5.5470000E+03  1.992E-01 -2.579E-02  1.158E-01
 -5.5450000E+03  1.741E-01 -2.158E-02  9.851E-02
 -5.5430000E+03  2.002E-01 -2.628E-02  1.258E-01
 -5.5410000E+03  1.915E-01 -2.750E-02  1.361E-01
 -5.5390000E+03  1.938E-01 -2.728E-02  1.284E-01
 -5.5370000E+03  1.759E-01 -2.365E-02  1.197E-01
 -5.5350000E+03  1.725E-01 -2.554E-02  1.418E-01
 -5.5330000E+03  1.815E-01 -2.478E-02  1.171E-01
 -5.5310000E+03  1.758E-01 -2.260E-02  1.116E-01
 -5.5290000E+03  2.022E-01 -2.523E-02  1.041E-01
 -5.5270000E+03  1.657E-01 -2.234E-02  1.120E-01
 -5.5250000E+03  1.696E-01 -2.273E-02  1.051E-01
 -5.5230000E+03  1.841E-01 -2.545E-02  1.162E-01
 -5.5210000E+03  1.497E-01 -2.353E-02  1.370E-01
 -5.5190000E+03  1.717E-01 -2.270E-02  1.004E-01
 -5.5170000E+03  1.810E-01 -2.296E-02  9.978E-02
 -5.5150000E+03  1.784E-01 -2.184E-02  9.691E-02
 -5.5130000E+03  1.933E-01 -2.173E-02  7.886E-02
 -5.5110000E+03  1.557E-01 -1.966E-02  9.969E-02
 -5.5090000E+03  1.616E-01 -2.286E-02  1.198E-01
 -5.5070000E+03  1.405E-01 -1.749E-02  7.195E-02
 -5.5050000E+03  1.905E-01 -2.330E-02  1.057E-01
 -5.5030000E+03  1.739E-01 -2.357E-02  1.046E-01
 -5.5010000E+03  1.527E-01 -2.048E-02  1.023E-01
 -5.4990000E+03  1.492E-01 -2.122E-02  1.127E-01
 -5.4970000E+03  1.605E-01 -2.112E-02  1.024E-01
 -5.4950000E+03  1.499E-01 -2.263E-02  1.211E-01
 -5.4930000E+03  1.428E-01 -1.823E-02  8.755E-02
 -5.4910000E+03  1.535E-01 -2.122E-02  9.620E-02
 -5.4890000E+03  1.757E-01 -1.997E-02  9.138E-02
 -5.4870000E+03  1.578E-01 -2.277E-02  1.099E-01
 -5.4850000E+03  1.341E-01 -1.842E-02  8.857E-02
 -5.4830000E+03  1.424E-01 -1.857E-02  8.624E-02
 -5.4810000E+03  1.554E-01 -1.910E-02  7.322E-02
 -5.4790000E+03  1.416E-01 -1.908E-02  9.696E-02
 -5.4770000E+03  1.263E-01 -1.980E-02  9.317E-02
 -5.4750000E+03  1.282E-01 -1.743E-02  8.814E-02
 -5.4730000E+03  1.588E-01 -2.031E-02  9.066E-02
 -5.4710000E+03  1.422E-01 -1.866E-02  9.014E-02
 -5.4690000E+03  1.301E-01 -1.789E-02  8.594E-02
 -5.4670000E+03  1.838E-01 -2.291E-02  1.001E-01
 -5.4650000E+03  1.481E-01 -2.096E-02  1.063E-01
 -5.4630000E+03  1.205E-01 -1.838E-02  9.828E-02
 -5.4610000E+03  1.536E-01 -2.239E-02  1.160E-01
 -5.4590000E+03  1.423E-01 -2.173E-02  1.064E-01
 -5.4570000E+03  1.213E-01 -1.516E-02  8.014E-02
 -5.4550000E+03  1.178E-01 -1.608E-02  8.764E-02
 -5.4530000E+03  1.417E-01 -1.697E-02  6.110E-02
 -5.4510000E+03  1.138E-01 -1.565E-02  7.935E-02
 -5.4490000E+03  1.344E-01 -1.787E-02  8.507E-02
 -5.4470000E+03  1.474E-01 -1.978E-02  9.108E-02
 -5.4450000E+03  1.262E-01 -1.828E-02  9.232E-02
 -5.4430000E+03  1.100E-01 -1.270E-02  5.513E-02
 -5.4410000E+03  1.274E-01 -1.584E-02  6.808E-02
 -5.4390000E+03  1.191E-01 -1.495E-02  6.143E-02
 -5.4370000E+03  1.272E-01 -1.756E-02  8.564E-02
 -5.4350000E+03  1.125E-01 -1.520E-02  7.446E-02
 -5.4330000E+03  1.409E-01 -1.793E-02  7.284E-02
 -5.4310000E+03  1.252E-01 -1.701E-02  8.496E-02
 -5.4290000E+03  1.154E-01 -1.497E-02  7.010E-02
 -5.4270000E+03  1.279E-01 -1.819E-02  8.131E-02
 -5.4250000E+03  1.372E-01 -1.652E-02  7.471E-02
 -5.4230000E+03  1.499E-01 -1.806E-02  6.365E-02
 -5.4210000E+03  1.208E-01 -1.540E-02  6.514E-02
 -5.4190000E+03  1.138E-01 -1.484E-02  7.662E-02
 -5.4170000E+03  9.219E-02 -1.551E-02  9.314E-02
 -5.4150000E+03  1.108E-01 -1.583E-02  8.794E-02
 -5.4130000E+03  1.360E-01 -1.803E-02  9.528E-02
 -5.4110000E+03  1.024E-01 -1.632E-02  6.565E-02
 -5.4090000E+03  9.727E-02 -1.602E-02  8.072E-02
 -5.4070000E+03  1.306E-01 -1.680E-02  7.209E-02
 -5.4050000E+03  1.113E-01 -1.296E-02  6.014E-02
 -5.4030000E+03  1.190E-01 -1.523E-02  7.147E-02
 -5.4010000E+03  1.039E-01 -1.372E-02  6.423E-02
 -5.3990000E+03  1.053E-01 -1.614E-02  9.130E-02
 -5.3970000E+03  1.039E-01 -1.458E-02  7.318E-02
 -5.3950000E+03  1.131E-01 -1.618E-02  8.407E-02
 -5.3930000E+03  1.069E-01 -1.286E-02  4.784E-02
 -5.3910000E+03  9.951E-02 -1.337E-02  5.895E-02
 -5.3890000E+03  1.179E-01 -1.457E-02  7.841E-02
 -5.3870000E+03  1.091E-01 -1.642E-02  8.862E-02
 -5.3850000E+03  1.119E-01 -8.411E-03  3.527E-02
 -5.3830000E+03  7.519E-02 -1.204E-02  7.266E-02
 -5.3810000E+03  1.221E-01 -1.811E-02  7.789E-02
 -5.3790000E+03  1.191E-01 -1.754E-02  6.571E-02
 -5.3770000E+03  1.059E-01 -1.265E-02  5.077E-02
 -5.3750000E+03  9.252E-02 -1.160E-02  5.334E-02
 -5.3730000E+03  1.116E-01 -1.406E-02  8.400E-02
 -5.3710000E+03  9.068E-02 -1.384E-02  8.026E-02
 -5.3690000E+03  1.195E-01 -1.478E-02  5.661E-02
 -5.3670000E+03  1.058E-01 -1.258E-02  6.498E-02
 -5.3650000E+03  1.060E-01 -1.382E-02  5.959E-02
 -5.3630000E+03  9.225E-02 -1.145E-02  6.063E-02
 -5.3610000E+03  9.814E-02 -1.277E-02  7.941E-02
 -5.3590000E+03  1.078E-01 -2.087E-02  8.128E-02
 -5.3570000E+03  9.945E-02 -1.452E-02  5.771E-02
 -5.3550000E+03  9.241E-02 -1.339E-02  6.421E-02
 -5.3530000E+03  9.563E-02 -1.261E-02  5.207E-02
 -5.3510000E+03  7.006E-02 -1.112E-02  5.443E-02
 -5.3490000E+03  1.119E-01 -1.513E-02  6.988E-02
 -5.3470000E+03  1.056E-01 -1.393E-02  5.984E-02
