  1.9299700E+05 -0.000E+00 -0.000E+00  0.000E+00
  1.9299900E+05 -0.000E+00 -0.000E+00  0.000E+00
  1.9300100E+05 -0.000E+00 -0.000E+00  0.000E+00
  1.9300300E+05 -0.000E+00 -0.000E+00  0.000E+00
  1.9300500E+05 -0.000E+00 -0.000E+00  0.000E+00
  1.9300700E+05 -0.000E+00 -0.000E+00  0.000E+00
  1.9300900E+05 -0.000E+00 -0.000E+00  0.000E+00
  1.9301100E+05 -0.000E+00 -0.000E+00  0.000E+00
  1.9301300E+05 -0.000E+00 -0.000E+00  0.000E+00
  1.9301500E+05 -0.000E+00 -0.000E+00  0.000E+00
  1.9301700E+05 -0.000E+00 -0.000E+00  0.000E+00
  1.9301900E+05 -0.000E+00 -0.000E+00  0.000E+00
  1.9302100E+05 -0.000E+00 -0.000E+00  0.000E+00
  1.9302300E+05 -0.000E+00 -0.000E+00  0.000E+00
  1.9302500E+05 -0.000E+00 -0.000E+00  0.000E+00
  1.9302700E+05 -0.000E+00 -0.000E+00  0.000E+00
  1.9302900E+05 -0.000E+00 -0.000E+00  0.000E+00
  1.9303100E+05 -0.000E+00 -0.000E+00  0.000E+00
  1.9303300E+05 -0.000E+00 -0.000E+00  0.000E+00
  1.9303500E+05 -0.000E+00 -0.000E+00  0.000E+00
  1.9303700E+05 -0.000E+00 -0.000E+00  0.000E+00
  1.9303900E+05 -0.000E+00 -0.000E+00  0.000E+00
  1.9304100E+05 -0.000E+00 -0.000E+00  0.000E+00
  1.9304300E+05 -0.000E+00 -0.000E+00  0.000E+00
  1.9304500E+05 -0.000E+00 -0.000E+00  0.000E+00
  1.9304700E+05 -0.000E+00 -0.000E+00  0.000E+00
  1.9304900E+05 -0.000E+00 -0.000E+00  0.000E+00
  1.9305100E+05 -0.000E+00 -0.000E+00  0.000E+00
  1.9305300E+05 -0.000E+00 -0.000E+00  0.000E+00
  1.9305500E+05 -0.000E+00 -0.000E+00  0.000E+00
  1.9305700E+05 -0.000E+00 -0.000E+00  0.000E+00
  1.9305900E+05 -0.000E+00 -0.000E+00  0.000E+00
  1.9306100E+05 -0.000E+00 -0.000E+00  0.000E+00
  1.9306300E+05 -0.000E+00 -0.000E+00  0.000E+00
  1.9306500E+05 -0.000E+00 -0.000E+00  0.000E+00
  1.9306700E+05 -0.000E+00 -0.000E+00  0.000E+00
  1.9306900E+05 -0.000E+00 -0.000E+00  0.000E+00
  1.9307100E+05 -0.000E+00 -0.000E+00  0.000E+00
  1.9307300E+05 -0.000E+00 -0.000E+00  0.000E+00
  1.9307500E+05 -0.000E+00 -0.000E+00  0.000E+00
  1.9307700E+05 -0.000E+00 -0.000E+00  0.000E+00
  1.9307900E+05 -0.000E+00 -0.000E+00  0.000E+00
  1.9308100E+05 -0.000E+00 -0.000E+00  0.000E+00
  1.9308300E+05 -0.000E+00 -0.000E+00  0.000E+00
  1.9308500E+05 -0.000E+00 -0.000E+00  0.000E+00
  1.9308700E+05 -0.000E+00 -0.000E+00  0.000E+00
  1.9308900E+05 -0.000E+00 -0.000E+00  0.000E+00
  1.9309100E+05 -0.000E+00 -0.000E+00  0.000E+00
  1.9309300E+05 -0.000E+00 -0.000E+00  0.000E+00
  1.9309500E+05 -0.000E+00 -0.000E+00  0.000E+00
  1.9309700E+05 -0.000E+00 -0.000E+00  0.000E+00
  1.9309900E+05 -0.000E+00 -0.000E+00  0.000E+00
  1.9310100E+05 -0.000E+00 -0.000E+00  0.000E+00
  1.9310300E+05 -0.000E+00 -0.000E+00  0.000E+00
  1.9310500E+05 -0.000E+00 -0.000E+00  0.000E+00
  1.9310700E+05 -0.000E+00 -0.000E+00  0.000E+00
  1.9310900E+05 -0.000E+00 -0.000E+00  0.000E+00
  1.9311100E+05 -0.000E+00 -0.000E+00  0.000E+00
  1.9311300E+05 -0.000E+00 -0.000E+00  0.000E+00
  1.9311500E+05 -0.000E+00 -0.000E+00  0.000E+00
  1.9311700E+05 -0.000E+00 -0.000E+00  0.000E+00
  1.9311900E+05 -0.000E+00 -0.000E+00  0.000E+00
  1.9312100E+05 -0.000E+00 -0.000E+00  0.000E+00
  1.9312300E+05 -0.000E+00 -0.000E+00  0.000E+00
  1.9312500E+05 -0.000E+00 -0.000E+00  0.000E+00
  1.9312700E+05 -0.000E+00 -0.000E+00  0.000E+00
  1.9312900E+05 -0.000E+00 -0.000E+00  0.000E+00
  1.9313100E+05 -0.000E+00 -0.000E+00  0.000E+00
  1.9313300E+05 -0.000E+00 -0.000E+00  0.000E+00
  1.9313500E+05 -0.000E+00 -0.000E+00  0.000E+00
  1.9313700E+05 -0.000E+00 -0.000E+00  0.000E+00
  1.9313900E+05 -0.000E+00 -0.000E+00  0.000E+00
  1.9314100E+05 -0.000E+00 -0.000E+00  0.000E+00
  1.9314300E+05 -0.000E+00 -0.000E+00  0.000E+00
  1.9314500E+05 -0.000E+00 -0.000E+00  0.000E+00
  1.9314700E+05 -0.000E+00 -0.000E+00  0.000E+00
  1.9314900E+05 -0.000E+00 -0.000E+00  0.000E+00
  1.9315100E+05 -0.000E+00 -0.000E+00  0.000E+00
  1.9315300E+05 -0.000E+00 -0.000E+00  0.000E+00
  1.9315500E+05 -0.000E+00 -0.000E+00  0.000E+00
  1.9315700E+05 -0.000E+00 -0.000E+00  0.000E+00
  1.9315900E+05 -0.000E+00 -0.000E+00  0.000E+00
  1.9316100E+05 -0.000E+00 -0.000E+00  0.000E+00
  1.9316300E+05 -0.000E+00 -0.000E+00  0.000E+00
  1.9316500E+05 -0.000E+00 -0.000E+00  0.000E+00
  1.9316700E+05 -0.000E+00 -0.000E+00  0.000E+00
  1.9316900E+05 -0.000E+00 -0.000E+00  0.000E+00
  1.9317100E+05 -0.000E+00 -0.000E+00  0.000E+00
  1.9317300E+05 -0.000E+00 -0.000E+00  0.000E+00
  1.9317500E+05 -0.000E+00 -0.000E+00  0.000E+00
  1.9317700E+05 -0.000E+00 -0.000E+00  0.000E+00
  1.9317900E+05 -0.000E+00 -0.000E+00  0.000E+00
  1.9318100E+05 -0.000E+00 -0.000E+00  0.000E+00
  1.9318300E+05 -0.000E+00 -0.000E+00  0.000E+00
  1.9318500E+05 -0.000E+00 -0.000E+00  0.000E+00
  1.9318700E+05 -0.000E+00 -0.000E+00  0.000E+00
  1.9318900E+05 -0.000E+00 -0.000E+00  0.000E+00
  1.9319100E+05 -0.000E+00 -0.000E+00  0.000E+00
  1.9319300E+05  1.097E-08 -2.602E-09  2.305E-08
  1.9319500E+05 -4.106E-06  1.407E-07  3.646E-06
  1.9319700E+05 -2.154E-05  1.188E-06  1.255E-05
  1.9319900E+05 -1.228E-05  2.365E-06 -1.786E-05
  1.9320100E+05 -1.168E-04  3.343E-05 -3.331E-04
  1.9320300E+05 -1.266E-04  4.673E-06  1.084E-04
  1.9320500E+05 -3.342E-04  1.059E-05  3.162E-04
  1.9320700E+05 -5.696E-04  8.093E-05 -3.994E-04
  1.9320900E+05 -4.450E-04  1.467E-04 -1.565E-03
  1.9321100E+05 -2.841E-03  4.863E-04 -3.246E-03
  1.9321300E+05 -4.798E-03  7.534E-04 -4.460E-03
  1.9321500E+05 -9.030E-03  1.129E-03 -4.020E-03
  1.9321700E+05 -1.420E-02  1.945E-03 -8.913E-03
  1.9321900E+05 -1.813E-02  2.740E-03 -1.523E-02
  1.9322100E+05 -1.981E-02  2.790E-03 -1.366E-02
  1.9322300E+05 -4.026E-02  5.615E-03 -2.683E-02
  1.9322500E+05 -5.795E-02  7.389E-03 -2.791E-02
  1.9322700E+05 -7.750E-02  1.063E-02 -4.890E-02
  1.9322900E+05 -7.137E-02  1.155E-02 -7.199E-02
  1.9323100E+05 -1.042E-01  1.448E-02 -6.863E-02
  1.9323300E+05 -1.509E-01  2.109E-02 -1.012E-01
  1.9323500E+05 -1.812E-01  2.474E-02 -1.125E-01
  1.9323700E+05 -2.700E-01  3.769E-02 -1.804E-01
  1.9323900E+05 -2.899E-01  4.249E-02 -2.253E-01
  1.9324100E+05 -3.759E-01  5.044E-02 -2.193E-01
  1.9324300E+05 -4.332E-01  6.051E-02 -2.905E-01
  1.9324500E+05 -5.140E-01  7.251E-02 -3.553E-01
  1.9324700E+05 -6.285E-01  8.540E-02 -3.835E-01
  1.9324900E+05 -7.341E-01  1.036E-01 -5.089E-01
  1.9325100E+05 -8.348E-01  1.175E-01 -5.739E-01
  1.9325300E+05 -9.019E-01  1.255E-01 -5.964E-01
  1.9325500E+05 -1.003E+00  1.388E-01 -6.526E-01
  1.9325700E+05 -1.053E+00  1.511E-01 -7.716E-01
  1.9325900E+05 -1.224E+00  1.699E-01 -8.028E-01
  1.9326100E+05 -1.329E+00  1.872E-01 -9.181E-01
  1.9326300E+05 -1.482E+00  2.043E-01 -9.504E-01
  1.9326500E+05 -1.446E+00  2.026E-01 -9.809E-01
  1.9326700E+05 -1.537E+00  2.196E-01 -1.112E+00
  1.9326900E+05 -1.608E+00  2.196E-01 -9.973E-01
  1.9327100E+05 -1.659E+00  2.310E-01 -1.104E+00
  1.9327300E+05 -1.522E+00  2.155E-01 -1.069E+00
  1.9327500E+05 -1.506E+00  2.165E-01 -1.114E+00
  1.9327700E+05 -1.540E+00  2.180E-01 -1.085E+00
  1.9327900E+05 -1.498E+00  2.153E-01 -1.107E+00
  1.9328100E+05 -1.353E+00  1.897E-01 -9.235E-01
  1.9328300E+05 -1.377E+00  1.950E-01 -9.724E-01
  1.9328500E+05 -1.227E+00  1.701E-01 -8.071E-01
  1.9328700E+05 -1.126E+00  1.621E-01 -8.409E-01
  1.9328900E+05 -1.094E+00  1.472E-01 -6.473E-01
  1.9329100E+05 -8.627E-01  1.212E-01 -5.947E-01
  1.9329300E+05 -8.350E-01  1.183E-01 -5.927E-01
  1.9329500E+05 -7.061E-01  1.006E-01 -5.125E-01
  1.9329700E+05 -7.379E-01  9.762E-02 -4.097E-01
  1.9329900E+05 -5.245E-01  7.736E-02 -4.261E-01
  1.9330100E+05 -4.337E-01  6.412E-02 -3.557E-01
  1.9330300E+05 -4.133E-01  5.738E-02 -2.762E-01
  1.9330500E+05 -3.008E-01  4.682E-02 -2.863E-01
  1.9330700E+05 -2.533E-01  3.394E-02 -1.503E-01
  1.9330900E+05 -1.742E-01  2.220E-02 -8.618E-02
  1.9331100E+05 -1.209E-01  1.864E-02 -1.148E-01
  1.9331300E+05 -1.348E-01  1.408E-02 -1.532E-02
  1.9331500E+05  1.780E-02 -2.576E-03  6.685E-03
  1.9331700E+05  7.856E-02 -1.281E-02  7.723E-02
  1.9331900E+05  1.315E-02 -2.092E-03  7.272E-03
  1.9332100E+05  5.268E-02 -7.739E-03  3.929E-02
  1.9332300E+05  3.872E-02 -8.480E-03  7.101E-02
  1.9332500E+05  1.306E-01 -1.844E-02  8.937E-02
  1.9332700E+05  9.376E-02 -1.593E-02  1.083E-01
  1.9332900E+05  9.574E-02 -1.349E-02  6.234E-02
  1.9333100E+05  1.497E-01 -1.946E-02  7.435E-02
  1.9333300E+05  2.278E-01 -2.610E-02  5.324E-02
  1.9333500E+05  1.875E-01 -3.000E-02  1.859E-01
  1.9333700E+05  1.471E-01 -2.294E-02  1.358E-01
  1.9333900E+05  1.452E-01 -2.187E-02  1.222E-01
  1.9334100E+05  1.339E-01 -2.087E-02  1.252E-01
  1.9334300E+05  1.260E-01 -1.894E-02  1.042E-01
  1.9334500E+05  1.971E-01 -3.040E-02  1.797E-01
  1.9334700E+05  2.432E-01 -3.487E-02  1.755E-01
  1.9334900E+05  1.932E-01 -2.653E-02  1.197E-01
  1.9335100E+05  1.929E-01 -2.463E-02  8.797E-02
  1.9335300E+05  1.773E-01 -2.408E-02  1.062E-01
  1.9335500E+05  1.585E-01 -2.581E-02  1.661E-01
  1.9335700E+05  2.082E-01 -2.917E-02  1.397E-01
  1.9335900E+05  1.816E-01 -2.967E-02  1.943E-01
  1.9336100E+05  1.495E-01 -2.121E-02  1.031E-01
  1.9336300E+05  2.158E-01 -3.211E-02  1.751E-01
  1.9336500E+05  1.938E-01 -2.670E-02  1.245E-01
  1.9336700E+05  2.009E-01 -2.792E-02  1.308E-01
  1.9336900E+05  1.927E-01 -2.684E-02  1.255E-01
  1.9337100E+05  1.626E-01 -2.424E-02  1.335E-01
  1.9337300E+05  1.656E-01 -2.501E-02  1.395E-01
  1.9337500E+05  1.964E-01 -2.694E-02  1.225E-01
