  2.2367700E+05 -0.000E+00 -0.000E+00  0.000E+00
  2.2367900E+05 -0.000E+00 -0.000E+00  0.000E+00
  2.2368100E+05 -0.000E+00 -0.000E+00  0.000E+00
  2.2368300E+05 -0.000E+00 -0.000E+00  0.000E+00
  2.2368500E+05 -0.000E+00 -0.000E+00  0.000E+00
  2.2368700E+05 -0.000E+00 -0.000E+00  0.000E+00
  2.2368900E+05 -0.000E+00 -0.000E+00  0.000E+00
  2.2369100E+05 -0.000E+00 -0.000E+00  0.000E+00
  2.2369300E+05 -0.000E+00 -0.000E+00  0.000E+00
  2.2369500E+05 -0.000E+00 -0.000E+00  0.000E+00
  2.2369700E+05 -0.000E+00 -0.000E+00  0.000E+00
  2.2369900E+05 -0.000E+00 -0.000E+00  0.000E+00
  2.2370100E+05 -0.000E+00 -0.000E+00  0.000E+00
  2.2370300E+05 -0.000E+00 -0.000E+00  0.000E+00
  2.2370500E+05 -0.000E+00 -0.000E+00  0.000E+00
  2.2370700E+05 -0.000E+00 -0.000E+00  0.000E+00
  2.2370900E+05 -0.000E+00 -0.000E+00  0.000E+00
  2.2371100E+05 -0.000E+00 -0.000E+00  0.000E+00
  2.2371300E+05 -0.000E+00 -0.000E+00  0.000E+00
  2.2371500E+05 -0.000E+00 -0.000E+00  0.000E+00
  2.2371700E+05 -0.000E+00 -0.000E+00  0.000E+00
  2.2371900E+05 -0.000E+00 -0.000E+00  0.000E+00
  2.2372100E+05 -0.000E+00 -0.000E+00  0.000E+00
  2.2372300E+05 -0.000E+00 -0.000E+00  0.000E+00
  2.2372500E+05 -0.000E+00 -0.000E+00  0.000E+00
  2.2372700E+05 -0.000E+00 -0.000E+00  0.000E+00
  2.2372900E+05 -0.000E+00 -0.000E+00  0.000E+00
  2.2373100E+05 -0.000E+00 -0.000E+00  0.000E+00
  2.2373300E+05 -0.000E+00 -0.000E+00  0.000E+00
  2.2373500E+05 -0.000E+00 -0.000E+00  0.000E+00
  2.2373700E+05 -0.000E+00 -0.000E+00  0.000E+00
  2.2373900E+05 -0.000E+00 -0.000E+00  0.000E+00
  2.2374100E+05 -0.000E+00 -0.000E+00  0.000E+00
  2.2374300E+05 -0.000E+00 -0.000E+00  0.000E+00
  2.2374500E+05 -0.000E+00 -0.000E+00  0.000E+00
  2.2374700E+05 -0.000E+00 -0.000E+00  0.000E+00
  2.2374900E+05 -0.000E+00 -0.000E+00  0.000E+00
  2.2375100E+05 -0.000E+00 -0.000E+00  0.000E+00
  2.2375300E+05 -0.000E+00 -0.000E+00  0.000E+00
  2.2375500E+05 -0.000E+00 -0.000E+00  0.000E+00
  2.2375700E+05 -0.000E+00 -0.000E+00  0.000E+00
  2.2375900E+05 -0.000E+00 -0.000E+00  0.000E+00
  2.2376100E+05 -0.000E+00 -0.000E+00  0.000E+00
  2.2376300E+05 -0.000E+00 -0.000E+00  0.000E+00
  2.2376500E+05 -0.000E+00 -0.000E+00  0.000E+00
  2.2376700E+05 -0.000E+00 -0.000E+00  0.000E+00
  2.2376900E+05 -0.000E+00 -0.000E+00  0.000E+00
  2.2377100E+05 -0.000E+00 -0.000E+00  0.000E+00
  2.2377300E+05 -0.000E+00 -0.000E+00  0.000E+00
  2.2377500E+05 -0.000E+00 -0.000E+00  0.000E+00
  2.2377700E+05 -0.000E+00 -0.000E+00  0.000E+00
  2.2377900E+05 -0.000E+00 -0.000E+00  0.000E+00
  2.2378100E+05 -0.000E+00 -0.000E+00  0.000E+00
  2.2378300E+05 -0.000E+00 -0.000E+00  0.000E+00
  2.2378500E+05 -0.000E+00 -0.000E+00  0.000E+00
  2.2378700E+05 -0.000E+00 -0.000E+00  0.000E+00
  2.2378900E+05 -0.000E+00 -0.000E+00  0.000E+00
  2.2379100E+05 -0.000E+00 -0.000E+00  0.000E+00
  2.2379300E+05 -0.000E+00 -0.000E+00  0.000E+00
  2.2379500E+05 -0.000E+00 -0.000E+00  0.000E+00
  2.2379700E+05 -0.000E+00 -0.000E+00  0.000E+00
  2.2379900E+05 -0.000E+00 -0.000E+00  0.000E+00
  2.2380100E+05 -0.000E+00 -0.000E+00  0.000E+00
  2.2380300E+05 -0.000E+00 -0.000E+00  0.000E+00
  2.2380500E+05 -0.000E+00 -0.000E+00  0.000E+00
  2.2380700E+05 -0.000E+00 -0.000E+00  0.000E+00
  2.2380900E+05 -0.000E+00 -0.000E+00  0.000E+00
  2.2381100E+05 -0.000E+00 -0.000E+00  0.000E+00
  2.2381300E+05 -0.000E+00 -0.000E+00  0.000E+00
  2.2381500E+05 -0.000E+00 -0.000E+00  0.000E+00
  2.2381700E+05 -0.000E+00 -0.000E+00  0.000E+00
  2.2381900E+05 -0.000E+00 -0.000E+00  0.000E+00
  2.2382100E+05 -0.000E+00 -0.000E+00  0.000E+00
  2.2382300E+05 -0.000E+00 -0.000E+00  0.000E+00
  2.2382500E+05 -0.000E+00 -0.000E+00  0.000E+00
  2.2382700E+05 -0.000E+00 -0.000E+00  0.000E+00
  2.2382900E+05 -0.000E+00 -0.000E+00  0.000E+00
  2.2383100E+05 -0.000E+00 -0.000E+00  0.000E+00
  2.2383300E+05 -0.000E+00 -0.000E+00  0.000E+00
  2.2383500E+05 -0.000E+00 -0.000E+00  0.000E+00
  2.2383700E+05 -0.000E+00 -0.000E+00  0.000E+00
  2.2383900E+05 -0.000E+00 -0.000E+00  0.000E+00
  2.2384100E+05 -0.000E+00 -0.000E+00  0.000E+00
  2.2384300E+05 -0.000E+00 -0.000E+00  0.000E+00
  2.2384500E+05 -0.000E+00 -0.000E+00  0.000E+00
  2.2384700E+05 -0.000E+00 -0.000E+00  0.000E+00
  2.2384900E+05 -0.000E+00 -0.000E+00  0.000E+00
  2.2385100E+05 -0.000E+00 -0.000E+00  0.000E+00
  2.2385300E+05 -0.000E+00 -0.000E+00  0.000E+00
  2.2385500E+05 -0.000E+00 -0.000E+00  0.000E+00
  2.2385700E+05 -0.000E+00 -0.000E+00  0.000E+00
  2.2385900E+05 -0.000E+00 -0.000E+00  0.000E+00
  2.2386100E+05 -0.000E+00 -0.000E+00  0.000E+00
  2.2386300E+05 -0.000E+00 -0.000E+00  0.000E+00
  2.2386500E+05 -0.000E+00 -0.000E+00  0.000E+00
  2.2386700E+05 -0.000E+00 -0.000E+00  0.000E+00
  2.2386900E+05 -0.000E+00 -0.000E+00  0.000E+00
  2.2387100E+05  3.982E-07 -1.436E-07  1.702E-06
  2.2387300E+05 -8.271E-05  7.422E-06 -1.190E-05
  2.2387500E+05  6.232E-05 -2.688E-06 -3.476E-05
  2.2387700E+05 -3.130E-04  1.169E-05  2.069E-04
  2.2387900E+05 -1.044E-03  1.335E-04 -7.583E-04
  2.2388100E+05  4.031E-04 -3.423E-05  2.612E-05
  2.2388300E+05 -1.839E-03  2.109E-04 -1.006E-03
  2.2388500E+05 -1.872E-03  2.904E-04 -2.194E-03
  2.2388700E+05 -2.975E-03  3.687E-04 -2.056E-03
  2.2388900E+05 -6.326E-03  6.479E-04 -2.268E-03
  2.2389100E+05 -1.127E-02  1.110E-03 -3.347E-03
  2.2389300E+05 -1.730E-02  2.217E-03 -1.324E-02
  2.2389500E+05 -2.683E-02  2.857E-03 -1.147E-02
  2.2389700E+05 -3.888E-02  4.511E-03 -2.255E-02
  2.2389900E+05 -6.345E-02  7.331E-03 -3.650E-02
  2.2390100E+05 -7.281E-02  8.243E-03 -3.940E-02
  2.2390300E+05 -1.089E-01  1.226E-02 -5.801E-02
  2.2390500E+05 -1.350E-01  1.639E-02 -9.144E-02
  2.2390700E+05 -1.627E-01  1.838E-02 -8.859E-02
  2.2390900E+05 -2.298E-01  2.653E-02 -1.349E-01
  2.2391100E+05 -2.813E-01  3.269E-02 -1.693E-01
  2.2391300E+05 -3.551E-01  4.108E-02 -2.115E-01
  2.2391500E+05 -5.040E-01  5.796E-02 -2.960E-01
  2.2391700E+05 -5.195E-01  6.049E-02 -3.191E-01
  2.2391900E+05 -6.045E-01  6.982E-02 -3.640E-01
  2.2392100E+05 -7.952E-01  9.271E-02 -4.945E-01
  2.2392300E+05 -8.273E-01  9.678E-02 -5.227E-01
  2.2392500E+05 -9.297E-01  1.084E-01 -5.834E-01
  2.2392700E+05 -1.062E+00  1.225E-01 -6.497E-01
  2.2392900E+05 -1.204E+00  1.413E-01 -7.797E-01
  2.2393100E+05 -1.386E+00  1.619E-01 -8.871E-01
  2.2393300E+05 -1.474E+00  1.698E-01 -9.106E-01
  2.2393500E+05 -1.447E+00  1.720E-01 -9.880E-01
  2.2393700E+05 -1.517E+00  1.855E-01 -1.129E+00
  2.2393900E+05 -1.618E+00  1.854E-01 -9.965E-01
  2.2394100E+05 -1.713E+00  1.990E-01 -1.109E+00
  2.2394300E+05 -1.641E+00  1.891E-01 -1.043E+00
  2.2394500E+05 -1.576E+00  1.916E-01 -1.176E+00
  2.2394700E+05 -1.654E+00  1.942E-01 -1.123E+00
  2.2394900E+05 -1.551E+00  1.823E-01 -1.062E+00
  2.2395100E+05 -1.409E+00  1.682E-01 -1.016E+00
  2.2395300E+05 -1.384E+00  1.576E-01 -8.699E-01
  2.2395500E+05 -1.311E+00  1.550E-01 -9.296E-01
  2.2395700E+05 -1.202E+00  1.413E-01 -8.435E-01
  2.2395900E+05 -1.067E+00  1.265E-01 -7.754E-01
  2.2396100E+05 -9.114E-01  1.064E-01 -6.372E-01
  2.2396300E+05 -8.525E-01  1.010E-01 -6.241E-01
  2.2396500E+05 -6.730E-01  8.233E-02 -5.453E-01
  2.2396700E+05 -5.736E-01  6.518E-02 -3.818E-01
  2.2396900E+05 -5.428E-01  5.896E-02 -3.143E-01
  2.2397100E+05 -4.929E-01  5.664E-02 -3.440E-01
  2.2397300E+05 -3.387E-01  4.205E-02 -2.997E-01
  2.2397500E+05 -3.001E-01  3.367E-02 -2.046E-01
  2.2397700E+05 -1.869E-01  2.202E-02 -1.511E-01
  2.2397900E+05 -1.816E-01  1.923E-02 -1.124E-01
  2.2398100E+05 -2.811E-02  8.532E-03 -1.344E-01
  2.2398300E+05 -9.306E-02  7.391E-03 -1.987E-02
  2.2398500E+05 -1.831E-02  1.873E-03 -2.741E-02
  2.2398700E+05  7.455E-02 -1.057E-02  6.755E-02
  2.2398900E+05  8.339E-02 -1.244E-02  8.838E-02
  2.2399100E+05  7.899E-02 -1.215E-02  8.781E-02
  2.2399300E+05  8.747E-02 -1.243E-02  8.207E-02
  2.2399500E+05  1.193E-01 -1.357E-02  6.364E-02
  2.2399700E+05  1.213E-01 -1.488E-02  8.146E-02
  2.2399900E+05  1.748E-01 -1.854E-02  7.403E-02
  2.2400100E+05  8.599E-02 -1.273E-02  9.414E-02
  2.2400300E+05  1.502E-01 -1.609E-02  6.653E-02
  2.2400500E+05  1.715E-01 -2.015E-02  1.091E-01
  2.2400700E+05  1.703E-01 -2.113E-02  1.299E-01
  2.2400900E+05  2.273E-01 -2.714E-02  1.566E-01
  2.2401100E+05  1.201E-01 -1.674E-02  1.216E-01
  2.2401300E+05  1.564E-01 -1.857E-02  1.046E-01
  2.2401500E+05  1.882E-01 -2.278E-02  1.361E-01
  2.2401700E+05  1.770E-01 -2.142E-02  1.273E-01
  2.2401900E+05  1.946E-01 -2.382E-02  1.438E-01
  2.2402100E+05  2.307E-01 -2.451E-02  1.066E-01
  2.2402300E+05  1.689E-01 -2.289E-02  1.656E-01
  2.2402500E+05  1.943E-01 -2.326E-02  1.368E-01
  2.2402700E+05  1.656E-01 -2.019E-02  1.212E-01
  2.2402900E+05  1.770E-01 -2.084E-02  1.182E-01
  2.2403100E+05  2.140E-01 -2.356E-02  1.157E-01
  2.2403300E+05  1.706E-01 -2.181E-02  1.459E-01
  2.2403500E+05  1.774E-01 -2.136E-02  1.265E-01
  2.2403700E+05  2.056E-01 -2.281E-02  1.136E-01
  2.2403900E+05  1.896E-01 -2.330E-02  1.452E-01
  2.2404100E+05  1.675E-01 -2.185E-02  1.503E-01
  2.2404300E+05  1.823E-01 -2.023E-02  1.018E-01
  2.2404500E+05  2.063E-01 -2.331E-02  1.210E-01
  2.2404700E+05  1.794E-01 -2.118E-02  1.221E-01
  2.2404900E+05  1.563E-01 -1.963E-02  1.268E-01
  2.2405100E+05  1.451E-01 -2.004E-02  1.481E-01
  2.2405300E+05  2.037E-01 -2.253E-02  1.104E-01
  2.2405500E+05  1.833E-01 -2.016E-02  9.719E-02
