  1.2336700E+05 -0.000E+00 -0.000E+00  0.000E+00
  1.2336900E+05 -0.000E+00 -0.000E+00  0.000E+00
  1.2337100E+05 -0.000E+00 -0.000E+00  0.000E+00
  1.2337300E+05 -0.000E+00 -0.000E+00  0.000E+00
  1.2337500E+05 -0.000E+00 -0.000E+00  0.000E+00
  1.2337700E+05 -0.000E+00 -0.000E+00  0.000E+00
  1.2337900E+05 -0.000E+00 -0.000E+00  0.000E+00
  1.2338100E+05 -0.000E+00 -0.000E+00  0.000E+00
  1.2338300E+05 -0.000E+00 -0.000E+00  0.000E+00
  1.2338500E+05 -0.000E+00 -0.000E+00  0.000E+00
  1.2338700E+05 -0.000E+00 -0.000E+00  0.000E+00
  1.2338900E+05 -0.000E+00 -0.000E+00  0.000E+00
  1.2339100E+05 -0.000E+00 -0.000E+00  0.000E+00
  1.2339300E+05 -0.000E+00 -0.000E+00  0.000E+00
  1.2339500E+05 -0.000E+00 -0.000E+00  0.000E+00
  1.2339700E+05 -0.000E+00 -0.000E+00  0.000E+00
  1.2339900E+05 -0.000E+00 -0.000E+00  0.000E+00
  1.2340100E+05 -0.000E+00 -0.000E+00  0.000E+00
  1.2340300E+05 -0.000E+00 -0.000E+00  0.000E+00
  1.2340500E+05 -0.000E+00 -0.000E+00  0.000E+00
  1.2340700E+05 -0.000E+00 -0.000E+00  0.000E+00
  1.2340900E+05 -0.000E+00 -0.000E+00  0.000E+00
  1.2341100E+05 -0.000E+00 -0.000E+00  0.000E+00
  1.2341300E+05 -0.000E+00 -0.000E+00  0.000E+00
  1.2341500E+05 -0.000E+00 -0.000E+00  0.000E+00
  1.2341700E+05 -0.000E+00 -0.000E+00  0.000E+00
  1.2341900E+05 -0.000E+00 -0.000E+00  0.000E+00
  1.2342100E+05 -0.000E+00 -0.000E+00  0.000E+00
  1.2342300E+05 -0.000E+00 -0.000E+00  0.000E+00
  1.2342500E+05 -0.000E+00 -0.000E+00  0.000E+00
  1.2342700E+05 -0.000E+00 -0.000E+00  0.000E+00
  1.2342900E+05 -0.000E+00 -0.000E+00  0.000E+00
  1.2343100E+05 -0.000E+00 -0.000E+00  0.000E+00
  1.2343300E+05 -0.000E+00 -0.000E+00  0.000E+00
  1.2343500E+05 -0.000E+00 -0.000E+00  0.000E+00
  1.2343700E+05 -0.000E+00 -0.000E+00  0.000E+00
  1.2343900E+05 -0.000E+00 -0.000E+00  0.000E+00
  1.2344100E+05 -0.000E+00 -0.000E+00  0.000E+00
  1.2344300E+05 -0.000E+00 -0.000E+00  0.000E+00
  1.2344500E+05 -0.000E+00 -0.000E+00  0.000E+00
  1.2344700E+05 -0.000E+00 -0.000E+00  0.000E+00
  1.2344900E+05 -0.000E+00 -0.000E+00  0.000E+00
  1.2345100E+05 -0.000E+00 -0.000E+00  0.000E+00
  1.2345300E+05 -0.000E+00 -0.000E+00  0.000E+00
  1.2345500E+05 -0.000E+00 -0.000E+00  0.000E+00
  1.2345700E+05 -0.000E+00 -0.000E+00  0.000E+00
  1.2345900E+05 -0.000E+00 -0.000E+00  0.000E+00
  1.2346100E+05 -0.000E+00 -0.000E+00  0.000E+00
  1.2346300E+05 -0.000E+00 -0.000E+00  0.000E+00
  1.2346500E+05 -0.000E+00 -0.000E+00  0.000E+00
  1.2346700E+05 -0.000E+00 -0.000E+00  0.000E+00
  1.2346900E+05 -0.000E+00 -0.000E+00  0.000E+00
  1.2347100E+05 -0.000E+00 -0.000E+00  0.000E+00
  1.2347300E+05 -0.000E+00 -0.000E+00  0.000E+00
  1.2347500E+05 -0.000E+00 -0.000E+00  0.000E+00
  1.2347700E+05 -0.000E+00 -0.000E+00  0.000E+00
  1.2347900E+05 -0.000E+00 -0.000E+00  0.000E+00
  1.2348100E+05 -0.000E+00 -0.000E+00  0.000E+00
  1.2348300E+05 -0.000E+00 -0.000E+00  0.000E+00
  1.2348500E+05 -0.000E+00 -0.000E+00  0.000E+00
  1.2348700E+05 -0.000E+00 -0.000E+00  0.000E+00
  1.2348900E+05 -0.000E+00 -0.000E+00  0.000E+00
  1.2349100E+05 -0.000E+00 -0.000E+00  0.000E+00
  1.2349300E+05 -0.000E+00 -0.000E+00  0.000E+00
  1.2349500E+05 -0.000E+00 -0.000E+00  0.000E+00
  1.2349700E+05 -0.000E+00 -0.000E+00  0.000E+00
  1.2349900E+05 -0.000E+00 -0.000E+00  0.000E+00
  1.2350100E+05 -0.000E+00 -0.000E+00  0.000E+00
  1.2350300E+05 -0.000E+00 -0.000E+00  0.000E+00
  1.2350500E+05 -0.000E+00 -0.000E+00  0.000E+00
  1.2350700E+05 -0.000E+00 -0.000E+00  0.000E+00
  1.2350900E+05 -0.000E+00 -0.000E+00  0.000E+00
  1.2351100E+05 -0.000E+00 -0.000E+00  0.000E+00
  1.2351300E+05 -0.000E+00 -0.000E+00  0.000E+00
  1.2351500E+05 -0.000E+00 -0.000E+00  0.000E+00
  1.2351700E+05 -0.000E+00 -0.000E+00  0.000E+00
  1.2351900E+05 -0.000E+00 -0.000E+00  0.000E+00
  1.2352100E+05 -0.000E+00 -0.000E+00  0.000E+00
  1.2352300E+05 -0.000E+00 -0.000E+00  0.000E+00
  1.2352500E+05 -0.000E+00 -0.000E+00  0.000E+00
  1.2352700E+05 -0.000E+00 -0.000E+00  0.000E+00
  1.2352900E+05 -0.000E+00 -0.000E+00  0.000E+00
  1.2353100E+05 -0.000E+00 -0.000E+00  0.000E+00
  1.2353300E+05 -0.000E+00 -0.000E+00  0.000E+00
  1.2353500E+05 -0.000E+00 -0.000E+00  0.000E+00
  1.2353700E+05 -0.000E+00 -0.000E+00  0.000E+00
  1.2353900E+05 -0.000E+00 -0.000E+00  0.000E+00
  1.2354100E+05 -0.000E+00 -0.000E+00  0.000E+00
  1.2354300E+05 -0.000E+00 -0.000E+00  0.000E+00
  1.2354500E+05 -0.000E+00 -0.000E+00  0.000E+00
  1.2354700E+05 -0.000E+00 -0.000E+00  0.000E+00
  1.2354900E+05 -0.000E+00 -0.000E+00  0.000E+00
  1.2355100E+05 -0.000E+00 -0.000E+00  0.000E+00
  1.2355300E+05 -0.000E+00 -0.000E+00  0.000E+00
  1.2355500E+05 -0.000E+00 -0.000E+00  0.000E+00
  1.2355700E+05 -0.000E+00 -0.000E+00  0.000E+00
  1.2355900E+05 -0.000E+00 -0.000E+00  0.000E+00
  1.2356100E+05 -0.000E+00 -0.000E+00  0.000E+00
  1.2356300E+05 -0.000E+00 -0.000E+00  0.000E+00
  1.2356500E+05 -0.000E+00 -0.000E+00  0.000E+00
  1.2356700E+05 -0.000E+00 -0.000E+00  0.000E+00
  1.2356900E+05 -0.000E+00 -0.000E+00  0.000E+00
  1.2357100E+05  1.710E-08 -5.665E-09  6.209E-08
  1.2357300E+05  1.624E-04 -2.769E-05  2.326E-04
  1.2357500E+05 -1.734E-03  2.204E-04 -1.454E-03
  1.2357700E+05  6.387E-04 -5.457E-05  1.718E-04
  1.2357900E+05  8.437E-05 -3.270E-05  3.744E-04
  1.2358100E+05 -2.756E-04  4.024E-05 -3.080E-04
  1.2358300E+05  1.430E-04  1.031E-05 -2.719E-04
  1.2358500E+05 -5.027E-04  6.471E-05 -4.336E-04
  1.2358700E+05 -1.666E-03  1.938E-04 -1.187E-03
  1.2358900E+05 -6.651E-03  6.017E-04 -2.336E-03
  1.2359100E+05 -4.191E-03  5.001E-04 -3.178E-03
  1.2359300E+05 -7.687E-03  8.619E-04 -5.136E-03
  1.2359500E+05 -8.852E-03  1.148E-03 -8.117E-03
  1.2359700E+05 -1.618E-02  1.724E-03 -9.632E-03
  1.2359900E+05 -2.397E-02  2.884E-03 -1.906E-02
  1.2360100E+05 -2.643E-02  2.310E-03 -8.814E-03
  1.2360300E+05 -5.809E-02  6.534E-03 -4.009E-02
  1.2360500E+05 -7.005E-02  7.671E-03 -4.551E-02
  1.2360700E+05 -7.059E-02  8.631E-03 -5.945E-02
  1.2360900E+05 -9.329E-02  9.299E-03 -4.837E-02
  1.2361100E+05 -1.366E-01  1.570E-02 -1.010E-01
  1.2361300E+05 -1.569E-01  1.642E-02 -9.418E-02
  1.2361500E+05 -1.791E-01  1.846E-02 -1.041E-01
  1.2361700E+05 -2.606E-01  2.882E-02 -1.800E-01
  1.2361900E+05 -2.677E-01  2.842E-02 -1.686E-01
  1.2362100E+05 -2.978E-01  3.226E-02 -1.979E-01
  1.2362300E+05 -4.104E-01  4.360E-02 -2.633E-01
  1.2362500E+05 -4.920E-01  4.911E-02 -2.708E-01
  1.2362700E+05 -4.724E-01  5.175E-02 -3.281E-01
  1.2362900E+05 -5.954E-01  6.283E-02 -3.809E-01
  1.2363100E+05 -6.477E-01  6.708E-02 -3.994E-01
  1.2363300E+05 -6.920E-01  7.421E-02 -4.656E-01
  1.2363500E+05 -9.031E-01  9.376E-02 -5.663E-01
  1.2363700E+05 -8.832E-01  9.324E-02 -5.795E-01
  1.2363900E+05 -9.519E-01  9.879E-02 -6.026E-01
  1.2364100E+05 -9.875E-01  1.020E-01 -6.236E-01
  1.2364300E+05 -1.199E+00  1.221E-01 -7.362E-01
  1.2364500E+05 -1.281E+00  1.353E-01 -8.605E-01
  1.2364700E+05 -1.279E+00  1.287E-01 -7.724E-01
  1.2364900E+05 -1.437E+00  1.415E-01 -8.296E-01
  1.2365100E+05 -1.406E+00  1.445E-01 -9.071E-01
  1.2365300E+05 -1.287E+00  1.375E-01 -9.110E-01
  1.2365500E+05 -1.249E+00  1.290E-01 -8.246E-01
  1.2365700E+05 -1.418E+00  1.433E-01 -8.930E-01
  1.2365900E+05 -1.423E+00  1.492E-01 -9.843E-01
  1.2366100E+05 -1.444E+00  1.414E-01 -8.551E-01
  1.2366300E+05 -1.459E+00  1.469E-01 -9.319E-01
  1.2366500E+05 -1.416E+00  1.464E-01 -9.677E-01
  1.2366700E+05 -1.393E+00  1.376E-01 -8.614E-01
  1.2366900E+05 -1.427E+00  1.364E-01 -8.202E-01
  1.2367100E+05 -1.174E+00  1.141E-01 -7.110E-01
  1.2367300E+05 -1.034E+00  1.017E-01 -6.484E-01
  1.2367500E+05 -1.248E+00  1.193E-01 -7.343E-01
  1.2367700E+05 -1.070E+00  1.043E-01 -6.743E-01
  1.2367900E+05 -9.972E-01  9.620E-02 -6.112E-01
  1.2368100E+05 -9.167E-01  9.656E-02 -6.899E-01
  1.2368300E+05 -8.989E-01  9.128E-02 -6.264E-01
  1.2368500E+05 -6.427E-01  6.253E-02 -4.219E-01
  1.2368700E+05 -5.805E-01  5.997E-02 -4.344E-01
  1.2368900E+05 -6.087E-01  5.696E-02 -3.701E-01
  1.2369100E+05 -4.477E-01  4.770E-02 -3.697E-01
  1.2369300E+05 -4.943E-01  4.043E-02 -2.198E-01
  1.2369500E+05 -3.756E-01  3.671E-02 -2.612E-01
  1.2369700E+05 -3.386E-01  3.011E-02 -1.957E-01
  1.2369900E+05 -2.826E-01  2.390E-02 -1.539E-01
  1.2370100E+05 -2.177E-01  2.169E-02 -1.732E-01
  1.2370300E+05 -9.671E-02  1.171E-02 -1.244E-01
  1.2370500E+05 -1.354E-01  1.239E-02 -1.082E-01
  1.2370700E+05 -1.928E-01  1.399E-02 -8.142E-02
  1.2370900E+05 -5.037E-02  3.796E-03 -4.443E-02
  1.2371100E+05 -2.476E-02  4.980E-04 -1.832E-02
  1.2371300E+05 -2.640E-02  2.248E-03 -3.816E-02
  1.2371500E+05  7.708E-02 -6.014E-03 -6.700E-03
  1.2371700E+05  5.979E-02 -8.281E-03  5.839E-02
  1.2371900E+05  4.113E-02 -6.723E-03  4.382E-02
  1.2372100E+05  9.896E-02 -1.255E-02  9.027E-02
  1.2372300E+05  1.043E-01 -1.108E-02  5.693E-02
  1.2372500E+05  1.037E-01 -1.016E-02  4.405E-02
  1.2372700E+05  1.498E-01 -1.539E-02  7.426E-02
  1.2372900E+05  1.425E-01 -1.697E-02  1.197E-01
  1.2373100E+05  1.670E-01 -1.531E-02  7.147E-02
  1.2373300E+05  1.634E-01 -1.779E-02  1.107E-01
  1.2373500E+05  1.838E-01 -2.015E-02  1.368E-01
  1.2373700E+05  1.371E-01 -1.605E-02  1.050E-01
  1.2373900E+05  1.791E-01 -1.739E-02  1.022E-01
  1.2374100E+05  1.654E-01 -1.622E-02  9.450E-02
  1.2374300E+05  1.869E-01 -1.915E-02  1.191E-01
  1.2374500E+05  1.959E-01 -2.103E-02  1.400E-01
