 -4.9169000E+04 -0.000E+00 -0.000E+00  0.000E+00
 -4.9167000E+04 -0.000E+00 -0.000E+00  0.000E+00
 -4.9165000E+04 -0.000E+00 -0.000E+00  0.000E+00
 -4.9163000E+04 -0.000E+00 -0.000E+00  0.000E+00
 -4.9161000E+04 -0.000E+00 -0.000E+00  0.000E+00
 -4.9159000E+04 -0.000E+00 -0.000E+00  0.000E+00
 -4.9157000E+04 -0.000E+00 -0.000E+00  0.000E+00
 -4.9155000E+04 -0.000E+00 -0.000E+00  0.000E+00
 -4.9153000E+04 -0.000E+00 -0.000E+00  0.000E+00
 -4.9151000E+04 -0.000E+00 -0.000E+00  0.000E+00
 -4.9149000E+04 -0.000E+00 -0.000E+00  0.000E+00
 -4.9147000E+04 -0.000E+00 -0.000E+00  0.000E+00
 -4.9145000E+04 -0.000E+00 -0.000E+00  0.000E+00
 -4.9143000E+04 -0.000E+00 -0.000E+00  0.000E+00
 -4.9141000E+04 -0.000E+00 -0.000E+00  0.000E+00
 -4.9139000E+04 -0.000E+00 -0.000E+00  0.000E+00
 -4.9137000E+04 -0.000E+00 -0.000E+00  0.000E+00
 -4.9135000E+04 -0.000E+00 -0.000E+00  0.000E+00
 -4.9133000E+04 -0.000E+00 -0.000E+00  0.000E+00
 -4.9131000E+04 -0.000E+00 -0.000E+00  0.000E+00
 -4.9129000E+04 -0.000E+00 -0.000E+00  0.000E+00
 -4.9127000E+04 -0.000E+00 -0.000E+00  0.000E+00
 -4.9125000E+04 -0.000E+00 -0.000E+00  0.000E+00
 -4.9123000E+04 -0.000E+00 -0.000E+00  0.000E+00
 -4.9121000E+04 -0.000E+00 -0.000E+00  0.000E+00
 -4.9119000E+04 -0.000E+00 -0.000E+00  0.000E+00
 -4.9117000E+04 -0.000E+00 -0.000E+00  0.000E+00
 -4.9115000E+04 -0.000E+00 -0.000E+00  0.000E+00
 -4.9113000E+04 -0.000E+00 -0.000E+00  0.000E+00
 -4.9111000E+04 -0.000E+00 -0.000E+00  0.000E+00
 -4.9109000E+04 -0.000E+00 -0.000E+00  0.000E+00
 -4.9107000E+04 -0.000E+00 -0.000E+00  0.000E+00
 -4.9105000E+04 -0.000E+00 -0.000E+00  0.000E+00
 -4.9103000E+04 -0.000E+00 -0.000E+00  0.000E+00
 -4.9101000E+04 -0.000E+00 -0.000E+00  0.000E+00
 -4.9099000E+04 -0.000E+00 -0.000E+00  0.000E+00
 -4.9097000E+04 -0.000E+00 -0.000E+00  0.000E+00
 -4.9095000E+04 -0.000E+00 -0.000E+00  0.000E+00
 -4.9093000E+04 -0.000E+00 -0.000E+00  0.000E+00
 -4.9091000E+04 -0.000E+00 -0.000E+00  0.000E+00
 -4.9089000E+04 -0.000E+00 -0.000E+00  0.000E+00
 -4.9087000E+04 -0.000E+00 -0.000E+00  0.000E+00
 -4.9085000E+04 -0.000E+00 -0.000E+00  0.000E+00
 -4.9083000E+04 -0.000E+00 -0.000E+00  0.000E+00
 -4.9081000E+04 -0.000E+00 -0.000E+00  0.000E+00
 -4.9079000E+04 -0.000E+00 -0.000E+00  0.000E+00
 -4.9077000E+04 -0.000E+00 -0.000E+00  0.000E+00
 -4.9075000E+04 -0.000E+00 -0.000E+00  0.000E+00
 -4.9073000E+04 -0.000E+00 -0.000E+00  0.000E+00
 -4.9071000E+04 -0.000E+00 -0.000E+00  0.000E+00
 -4.9069000E+04 -0.000E+00 -0.000E+00  0.000E+00
 -4.9067000E+04 -0.000E+00 -0.000E+00  0.000E+00
 -4.9065000E+04 -0.000E+00 -0.000E+00  0.000E+00
 -4.9063000E+04 -0.000E+00 -0.000E+00  0.000E+00
 -4.9061000E+04 -0.000E+00 -0.000E+00  0.000E+00
 -4.9059000E+04 -0.000E+00 -0.000E+00  0.000E+00
 -4.9057000E+04 -0.000E+00 -0.000E+00  0.000E+00
 -4.9055000E+04 -0.000E+00 -0.000E+00  0.000E+00
 -4.9053000E+04 -0.000E+00 -0.000E+00  0.000E+00
 -4.9051000E+04 -0.000E+00 -0.000E+00  0.000E+00
 -4.9049000E+04 -0.000E+00 -0.000E+00  0.000E+00
 -4.9047000E+04 -0.000E+00 -0.000E+00  0.000E+00
 -4.9045000E+04 -0.000E+00 -0.000E+00  0.000E+00
 -4.9043000E+04 -0.000E+00 -0.000E+00  0.000E+00
 -4.9041000E+04 -0.000E+00 -0.000E+00  0.000E+00
 -4.9039000E+04 -0.000E+00 -0.000E+00  0.000E+00
 -4.9037000E+04 -0.000E+00 -0.000E+00  0.000E+00
 -4.9035000E+04 -0.000E+00 -0.000E+00  0.000E+00
 -4.9033000E+04 -0.000E+00 -0.000E+00  0.000E+00
 -4.9031000E+04 -0.000E+00 -0.000E+00  0.000E+00
 -4.9029000E+04 -0.000E+00 -0.000E+00  0.000E+00
 -4.9027000E+04 -0.000E+00 -0.000E+00  0.000E+00
 -4.9025000E+04 -0.000E+00 -0.000E+00  0.000E+00
 -4.9023000E+04 -0.000E+00 -0.000E+00  0.000E+00
 -4.9021000E+04 -0.000E+00 -0.000E+00  0.000E+00
 -4.9019000E+04 -0.000E+00 -0.000E+00  0.000E+00
 -4.9017000E+04 -0.000E+00 -0.000E+00  0.000E+00
 -4.9015000E+04 -0.000E+00 -0.000E+00  0.000E+00
 -4.9013000E+04 -0.000E+00 -0.000E+00  0.000E+00
 -4.9011000E+04 -0.000E+00 -0.000E+00  0.000E+00
 -4.9009000E+04 -0.000E+00 -0.000E+00  0.000E+00
 -4.9007000E+04 -0.000E+00 -0.000E+00  0.000E+00
 -4.9005000E+04 -0.000E+00 -0.000E+00  0.000E+00
 -4.9003000E+04 -0.000E+00 -0.000E+00  0.000E+00
 -4.9001000E+04 -0.000E+00 -0.000E+00  0.000E+00
 -4.8999000E+04 -0.000E+00 -0.000E+00  0.000E+00
 -4.8997000E+04 -0.000E+00 -0.000E+00  0.000E+00
 -4.8995000E+04 -0.000E+00 -0.000E+00  0.000E+00
 -4.8993000E+04 -0.000E+00 -0.000E+00  0.000E+00
 -4.8991000E+04 -0.000E+00 -0.000E+00  0.000E+00
 -4.8989000E+04 -0.000E+00 -0.000E+00  0.000E+00
 -4.8987000E+04 -0.000E+00 -0.000E+00  0.000E+00
 -4.8985000E+04 -0.000E+00 -0.000E+00  0.000E+00
 -4.8983000E+04 -0.000E+00 -0.000E+00  0.000E+00
 -4.8981000E+04 -0.000E+00 -0.000E+00  0.000E+00
 -4.8979000E+04 -0.000E+00 -0.000E+00  0.000E+00
 -4.8977000E+04 -0.000E+00 -0.000E+00  0.000E+00
 -4.8975000E+04 -0.000E+00 -0.000E+00  0.000E+00
 -4.8973000E+04 -0.000E+00 -0.000E+00  0.000E+00
 -4.8971000E+04 -0.000E+00 -0.000E+00  0.000E+00
 -4.8969000E+04 -0.000E+00 -0.000E+00  0.000E+00
 -4.8967000E+04 -0.000E+00 -0.000E+00  0.000E+00
 -4.8965000E+04 -0.000E+00 -0.000E+00  0.000E+00
 -4.8963000E+04 -0.000E+00 -0.000E+00  0.000E+00
 -4.8961000E+04 -0.000E+00 -0.000E+00  0.000E+00
 -4.8959000E+04 -0.000E+00 -0.000E+00  0.000E+00
 -4.8957000E+04 -0.000E+00 -0.000E+00  0.000E+00
 -4.8955000E+04 -0.000E+00 -0.000E+00  0.000E+00
 -4.8953000E+04 -0.000E+00 -0.000E+00  0.000E+00
 -4.8951000E+04 -0.000E+00 -0.000E+00  0.000E+00
 -4.8949000E+04 -0.000E+00 -0.000E+00  0.000E+00
 -4.8947000E+04 -0.000E+00 -0.000E+00  0.000E+00
 -4.8945000E+04 -0.000E+00 -0.000E+00  0.000E+00
 -4.8943000E+04 -0.000E+00 -0.000E+00  0.000E+00
 -4.8941000E+04 -0.000E+00 -0.000E+00  0.000E+00
 -4.8939000E+04  8.360E-09 -4.187E-09  4.120E-08
 -4.8937000E+04  1.604E-08 -8.132E-09  8.015E-08
 -4.8935000E+04 -2.291E-04  1.322E-05  2.048E-06
 -4.8933000E+04 -3.422E-04  2.091E-05 -1.026E-05
 -4.8931000E+04  6.634E-05  3.056E-06 -7.376E-05
 -4.8929000E+04 -4.226E-04 -5.968E-06  3.460E-04
 -4.8927000E+04 -8.597E-05  1.004E-05 -5.602E-05
 -4.8925000E+04 -1.261E-03  1.830E-04 -1.226E-03
 -4.8923000E+04  2.526E-04  5.970E-06 -2.248E-04
 -4.8921000E+04 -1.003E-03  1.348E-04 -8.456E-04
 -4.8919000E+04 -1.797E-03  2.797E-04 -1.951E-03
 -4.8917000E+04  9.776E-04 -1.508E-04  1.049E-03
 -4.8915000E+04 -1.793E-03  1.845E-04 -9.246E-04
 -4.8913000E+04 -1.419E-03  1.716E-04 -1.010E-03
 -4.8911000E+04 -2.056E-03  2.298E-04 -1.263E-03
 -4.8909000E+04 -1.355E-03  1.216E-04 -5.074E-04
 -4.8907000E+04 -3.088E-03  5.635E-04 -4.337E-03
 -4.8905000E+04 -3.014E-03  1.834E-04 -1.711E-04
 -4.8903000E+04 -4.775E-03  5.221E-04 -2.848E-03
 -4.8901000E+04 -1.195E-03  6.517E-04 -6.465E-03
 -4.8899000E+04 -9.653E-03  1.440E-03 -1.005E-02
 -4.8897000E+04 -1.113E-02  1.224E-03 -6.823E-03
 -4.8895000E+04 -1.502E-02  1.528E-03 -7.821E-03
 -4.8893000E+04 -1.056E-02  2.144E-03 -1.726E-02
 -4.8891000E+04 -2.881E-02  3.111E-03 -1.709E-02
 -4.8889000E+04 -2.500E-02  3.144E-03 -1.977E-02
 -4.8887000E+04 -3.260E-02  4.559E-03 -3.086E-02
 -4.8885000E+04 -3.528E-02  4.055E-03 -2.383E-02
 -4.8883000E+04 -3.529E-02  4.490E-03 -2.877E-02
 -4.8881000E+04 -5.267E-02  6.338E-03 -3.887E-02
 -4.8879000E+04 -7.535E-02  8.394E-03 -4.833E-02
 -4.8877000E+04 -6.669E-02  7.243E-03 -4.105E-02
 -4.8875000E+04 -7.323E-02  9.277E-03 -5.974E-02
 -4.8873000E+04 -8.580E-02  9.118E-03 -5.078E-02
 -4.8871000E+04 -7.661E-02  9.819E-03 -6.394E-02
 -4.8869000E+04 -1.296E-01  1.574E-02 -9.904E-02
 -4.8867000E+04 -1.804E-01  1.887E-02 -1.049E-01
 -4.8865000E+04 -1.404E-01  1.736E-02 -1.113E-01
 -4.8863000E+04 -1.553E-01  2.151E-02 -1.487E-01
 -4.8861000E+04 -1.863E-01  2.063E-02 -1.221E-01
 -4.8859000E+04 -2.551E-01  2.601E-02 -1.429E-01
 -4.8857000E+04 -2.109E-01  2.667E-02 -1.750E-01
 -4.8855000E+04 -2.937E-01  3.006E-02 -1.674E-01
 -4.8853000E+04 -2.617E-01  3.365E-02 -2.244E-01
 -4.8851000E+04 -3.289E-01  3.442E-02 -1.970E-01
 -4.8849000E+04 -3.912E-01  3.897E-02 -2.137E-01
 -4.8847000E+04 -4.063E-01  4.341E-02 -2.551E-01
 -4.8845000E+04 -3.363E-01  3.951E-02 -2.507E-01
 -4.8843000E+04 -4.819E-01  4.958E-02 -2.825E-01
 -4.8841000E+04 -4.586E-01  5.247E-02 -3.280E-01
 -4.8839000E+04 -4.438E-01  5.300E-02 -3.429E-01
 -4.8837000E+04 -5.875E-01  5.866E-02 -3.303E-01
 -4.8835000E+04 -5.390E-01  5.899E-02 -3.603E-01
 -4.8833000E+04 -6.535E-01  6.547E-02 -3.719E-01
 -4.8831000E+04 -6.297E-01  7.095E-02 -4.446E-01
 -4.8829000E+04 -6.509E-01  6.523E-02 -3.739E-01
 -4.8827000E+04 -7.298E-01  7.851E-02 -4.784E-01
 -4.8825000E+04 -7.304E-01  7.476E-02 -4.379E-01
 -4.8823000E+04 -7.097E-01  7.709E-02 -4.773E-01
 -4.8821000E+04 -7.311E-01  7.474E-02 -4.427E-01
 -4.8819000E+04 -7.832E-01  8.552E-02 -5.352E-01
 -4.8817000E+04 -9.238E-01  9.777E-02 -5.982E-01
 -4.8815000E+04 -1.021E+00  9.485E-02 -5.209E-01
 -4.8813000E+04 -9.481E-01  9.741E-02 -5.874E-01
 -4.8811000E+04 -9.360E-01  9.844E-02 -6.058E-01
 -4.8809000E+04 -1.016E+00  9.996E-02 -5.866E-01
 -4.8807000E+04 -9.216E-01  9.243E-02 -5.536E-01
 -4.8805000E+04 -1.049E+00  9.976E-02 -5.715E-01
 -4.8803000E+04 -1.002E+00  9.611E-02 -5.581E-01
 -4.8801000E+04 -9.614E-01  9.422E-02 -5.593E-01
 -4.8799000E+04 -9.944E-01  9.628E-02 -5.679E-01
 -4.8797000E+04 -9.801E-01  1.036E-01 -6.553E-01
 -4.8795000E+04 -9.753E-01  1.032E-01 -6.583E-01
 -4.8793000E+04 -1.064E+00  1.082E-01 -6.706E-01
 -4.8791000E+04 -1.036E+00  9.899E-02 -5.873E-01
