 -1.9286300E+05 -0.000E+00 -0.000E+00  0.000E+00
 -1.9286100E+05 -0.000E+00 -0.000E+00  0.000E+00
 -1.9285900E+05 -0.000E+00 -0.000E+00  0.000E+00
 -1.9285700E+05 -0.000E+00 -0.000E+00  0.000E+00
 -1.9285500E+05 -0.000E+00 -0.000E+00  0.000E+00
 -1.9285300E+05 -0.000E+00 -0.000E+00  0.000E+00
 -1.9285100E+05 -0.000E+00 -0.000E+00  0.000E+00
 -1.9284900E+05 -0.000E+00 -0.000E+00  0.000E+00
 -1.9284700E+05 -0.000E+00 -0.000E+00  0.000E+00
 -1.9284500E+05 -0.000E+00 -0.000E+00  0.000E+00
 -1.9284300E+05 -0.000E+00 -0.000E+00  0.000E+00
 -1.9284100E+05 -0.000E+00 -0.000E+00  0.000E+00
 -1.9283900E+05 -0.000E+00 -0.000E+00  0.000E+00
 -1.9283700E+05 -0.000E+00 -0.000E+00  0.000E+00
 -1.9283500E+05 -0.000E+00 -0.000E+00  0.000E+00
 -1.9283300E+05 -0.000E+00 -0.000E+00  0.000E+00
 -1.9283100E+05 -0.000E+00 -0.000E+00  0.000E+00
 -1.9282900E+05 -0.000E+00 -0.000E+00  0.000E+00
 -1.9282700E+05 -0.000E+00 -0.000E+00  0.000E+00
 -1.9282500E+05 -0.000E+00 -0.000E+00  0.000E+00
 -1.9282300E+05 -0.000E+00 -0.000E+00  0.000E+00
 -1.9282100E+05 -0.000E+00 -0.000E+00  0.000E+00
 -1.9281900E+05 -0.000E+00 -0.000E+00  0.000E+00
 -1.9281700E+05 -0.000E+00 -0.000E+00  0.000E+00
 -1.9281500E+05 -0.000E+00 -0.000E+00  0.000E+00
 -1.9281300E+05 -0.000E+00 -0.000E+00  0.000E+00
 -1.9281100E+05 -0.000E+00 -0.000E+00  0.000E+00
 -1.9280900E+05 -0.000E+00 -0.000E+00  0.000E+00
 -1.9280700E+05 -0.000E+00 -0.000E+00  0.000E+00
 -1.9280500E+05 -0.000E+00 -0.000E+00  0.000E+00
 -1.9280300E+05 -0.000E+00 -0.000E+00  0.000E+00
 -1.9280100E+05 -0.000E+00 -0.000E+00  0.000E+00
 -1.9279900E+05 -0.000E+00 -0.000E+00  0.000E+00
 -1.9279700E+05 -0.000E+00 -0.000E+00  0.000E+00
 -1.9279500E+05 -0.000E+00 -0.000E+00  0.000E+00
 -1.9279300E+05 -0.000E+00 -0.000E+00  0.000E+00
 -1.9279100E+05 -0.000E+00 -0.000E+00  0.000E+00
 -1.9278900E+05 -0.000E+00 -0.000E+00  0.000E+00
 -1.9278700E+05 -0.000E+00 -0.000E+00  0.000E+00
 -1.9278500E+05 -0.000E+00 -0.000E+00  0.000E+00
 -1.9278300E+05 -0.000E+00 -0.000E+00  0.000E+00
 -1.9278100E+05 -0.000E+00 -0.000E+00  0.000E+00
 -1.9277900E+05 -0.000E+00 -0.000E+00  0.000E+00
 -1.9277700E+05 -0.000E+00 -0.000E+00  0.000E+00
 -1.9277500E+05 -0.000E+00 -0.000E+00  0.000E+00
 -1.9277300E+05 -0.000E+00 -0.000E+00  0.000E+00
 -1.9277100E+05 -0.000E+00 -0.000E+00  0.000E+00
 -1.9276900E+05 -0.000E+00 -0.000E+00  0.000E+00
 -1.9276700E+05 -0.000E+00 -0.000E+00  0.000E+00
 -1.9276500E+05 -0.000E+00 -0.000E+00  0.000E+00
 -1.9276300E+05 -0.000E+00 -0.000E+00  0.000E+00
 -1.9276100E+05 -0.000E+00 -0.000E+00  0.000E+00
 -1.9275900E+05 -0.000E+00 -0.000E+00  0.000E+00
 -1.9275700E+05 -0.000E+00 -0.000E+00  0.000E+00
 -1.9275500E+05 -0.000E+00 -0.000E+00  0.000E+00
 -1.9275300E+05 -0.000E+00 -0.000E+00  0.000E+00
 -1.9275100E+05 -0.000E+00 -0.000E+00  0.000E+00
 -1.9274900E+05 -0.000E+00 -0.000E+00  0.000E+00
 -1.9274700E+05 -0.000E+00 -0.000E+00  0.000E+00
 -1.9274500E+05 -0.000E+00 -0.000E+00  0.000E+00
 -1.9274300E+05 -0.000E+00 -0.000E+00  0.000E+00
 -1.9274100E+05 -0.000E+00 -0.000E+00  0.000E+00
 -1.9273900E+05 -0.000E+00 -0.000E+00  0.000E+00
 -1.9273700E+05 -0.000E+00 -0.000E+00  0.000E+00
 -1.9273500E+05 -0.000E+00 -0.000E+00  0.000E+00
 -1.9273300E+05 -0.000E+00 -0.000E+00  0.000E+00
 -1.9273100E+05 -0.000E+00 -0.000E+00  0.000E+00
 -1.9272900E+05 -0.000E+00 -0.000E+00  0.000E+00
 -1.9272700E+05 -0.000E+00 -0.000E+00  0.000E+00
 -1.9272500E+05 -0.000E+00 -0.000E+00  0.000E+00
 -1.9272300E+05 -0.000E+00 -0.000E+00  0.000E+00
 -1.9272100E+05 -0.000E+00 -0.000E+00  0.000E+00
 -1.9271900E+05 -0.000E+00 -0.000E+00  0.000E+00
 -1.9271700E+05 -0.000E+00 -0.000E+00  0.000E+00
 -1.9271500E+05 -0.000E+00 -0.000E+00  0.000E+00
 -1.9271300E+05 -0.000E+00 -0.000E+00  0.000E+00
 -1.9271100E+05 -0.000E+00 -0.000E+00  0.000E+00
 -1.9270900E+05 -0.000E+00 -0.000E+00  0.000E+00
 -1.9270700E+05 -0.000E+00 -0.000E+00  0.000E+00
 -1.9270500E+05 -0.000E+00 -0.000E+00  0.000E+00
 -1.9270300E+05 -0.000E+00 -0.000E+00  0.000E+00
 -1.9270100E+05 -0.000E+00 -0.000E+00  0.000E+00
 -1.9269900E+05 -0.000E+00 -0.000E+00  0.000E+00
 -1.9269700E+05 -0.000E+00 -0.000E+00  0.000E+00
 -1.9269500E+05 -0.000E+00 -0.000E+00  0.000E+00
 -1.9269300E+05 -0.000E+00 -0.000E+00  0.000E+00
 -1.9269100E+05 -0.000E+00 -0.000E+00  0.000E+00
 -1.9268900E+05 -0.000E+00 -0.000E+00  0.000E+00
 -1.9268700E+05 -0.000E+00 -0.000E+00  0.000E+00
 -1.9268500E+05 -0.000E+00 -0.000E+00  0.000E+00
 -1.9268300E+05 -0.000E+00 -0.000E+00  0.000E+00
 -1.9268100E+05 -0.000E+00 -0.000E+00  0.000E+00
 -1.9267900E+05 -0.000E+00 -0.000E+00  0.000E+00
 -1.9267700E+05 -0.000E+00 -0.000E+00  0.000E+00
 -1.9267500E+05 -0.000E+00 -0.000E+00  0.000E+00
 -1.9267300E+05 -0.000E+00 -0.000E+00  0.000E+00
 -1.9267100E+05 -0.000E+00 -0.000E+00  0.000E+00
 -1.9266900E+05 -0.000E+00 -0.000E+00  0.000E+00
 -1.9266700E+05 -0.000E+00 -0.000E+00  0.000E+00
 -1.9266500E+05 -0.000E+00 -0.000E+00  0.000E+00
 -1.9266300E+05 -0.000E+00 -0.000E+00  0.000E+00
 -1.9266100E+05 -0.000E+00 -0.000E+00  0.000E+00
 -1.9265900E+05 -0.000E+00 -0.000E+00  0.000E+00
 -1.9265700E+05 -0.000E+00 -0.000E+00  0.000E+00
 -1.9265500E+05 -0.000E+00 -0.000E+00  0.000E+00
 -1.9265300E+05 -0.000E+00 -0.000E+00  0.000E+00
 -1.9265100E+05 -0.000E+00 -0.000E+00  0.000E+00
 -1.9264900E+05 -0.000E+00 -0.000E+00  0.000E+00
 -1.9264700E+05 -0.000E+00 -0.000E+00  0.000E+00
 -1.9264500E+05 -0.000E+00 -0.000E+00  0.000E+00
 -1.9264300E+05 -0.000E+00 -0.000E+00  0.000E+00
 -1.9264100E+05 -0.000E+00 -0.000E+00  0.000E+00
 -1.9263900E+05 -0.000E+00 -0.000E+00  0.000E+00
 -1.9263700E+05 -0.000E+00 -0.000E+00  0.000E+00
 -1.9263500E+05 -0.000E+00 -0.000E+00  0.000E+00
 -1.9263300E+05 -0.000E+00 -0.000E+00  0.000E+00
 -1.9263100E+05 -0.000E+00 -0.000E+00  0.000E+00
 -1.9262900E+05 -0.000E+00 -0.000E+00  0.000E+00
 -1.9262700E+05 -0.000E+00 -0.000E+00  0.000E+00
 -1.9262500E+05 -0.000E+00 -0.000E+00  0.000E+00
 -1.9262300E+05 -0.000E+00 -0.000E+00  0.000E+00
 -1.9262100E+05 -0.000E+00 -0.000E+00  0.000E+00
 -1.9261900E+05 -0.000E+00 -0.000E+00  0.000E+00
 -1.9261700E+05 -0.000E+00 -0.000E+00  0.000E+00
 -1.9261500E+05 -0.000E+00 -0.000E+00  0.000E+00
 -1.9261300E+05 -0.000E+00 -0.000E+00  0.000E+00
 -1.9261100E+05 -0.000E+00 -0.000E+00  0.000E+00
 -1.9260900E+05 -0.000E+00 -0.000E+00  0.000E+00
 -1.9260700E+05 -0.000E+00 -0.000E+00  0.000E+00
 -1.9260500E+05 -0.000E+00 -0.000E+00  0.000E+00
 -1.9260300E+05 -0.000E+00 -0.000E+00  0.000E+00
 -1.9260100E+05 -0.000E+00 -0.000E+00  0.000E+00
 -1.9259900E+05 -0.000E+00 -0.000E+00  0.000E+00
 -1.9259700E+05 -0.000E+00 -0.000E+00  0.000E+00
 -1.9259500E+05 -0.000E+00 -0.000E+00  0.000E+00
 -1.9259300E+05 -0.000E+00 -0.000E+00  0.000E+00
 -1.9259100E+05 -0.000E+00 -0.000E+00  0.000E+00
 -1.9258900E+05  2.066E-08 -1.175E-08  9.347E-08
 -1.9258700E+05  8.424E-09 -4.793E-09  3.811E-08
 -1.9258500E+05 -3.322E-07  8.232E-07 -7.194E-06
 -1.9258300E+05 -8.554E-06  7.897E-07 -1.960E-06
 -1.9258100E+05  2.373E-05 -1.204E-05  9.358E-05
 -1.9257900E+05  6.697E-06 -1.203E-06  6.502E-06
 -1.9257700E+05 -1.329E-05  7.957E-07  5.087E-07
 -1.9257500E+05 -6.547E-05 -1.957E-07  4.023E-05
 -1.9257300E+05 -1.530E-04  2.129E-05 -9.904E-05
 -1.9257100E+05  9.786E-05 -9.436E-06  2.497E-05
 -1.9256900E+05 -3.343E-04 -7.214E-06  2.657E-04
 -1.9256700E+05 -4.661E-04 -9.618E-06  3.644E-04
 -1.9256500E+05 -7.864E-05  8.457E-06 -2.926E-05
 -1.9256300E+05 -6.041E-05  4.711E-05 -3.850E-04
 -1.9256100E+05  1.383E-04  3.767E-05 -4.139E-04
 -1.9255900E+05  7.990E-05  6.193E-05 -5.892E-04
 -1.9255700E+05 -1.043E-04  2.370E-05 -1.483E-04
 -1.9255500E+05  8.010E-05 -5.222E-06  3.664E-06
 -1.9255300E+05 -6.865E-04 -4.141E-05  7.536E-04
 -1.9255100E+05 -8.884E-04 -6.217E-05  1.043E-03
 -1.9254900E+05 -9.008E-04  1.276E-04 -6.005E-04
 -1.9254700E+05 -5.655E-04  2.852E-04 -2.163E-03
 -1.9254500E+05 -3.922E-03  2.135E-04  3.118E-04
 -1.9254300E+05 -1.034E-03  1.160E-04 -4.237E-04
 -1.9254100E+05 -1.637E-03  3.097E-04 -1.788E-03
 -1.9253900E+05 -4.043E-03  3.856E-04 -1.047E-03
 -1.9253700E+05 -2.896E-03  1.815E-04  3.697E-06
 -1.9253500E+05 -2.075E-03  3.443E-04 -1.813E-03
 -1.9253300E+05 -1.872E-03  2.645E-04 -1.281E-03
 -1.9253100E+05 -6.385E-03  1.381E-03 -8.326E-03
 -1.9252900E+05 -4.659E-03  5.336E-04 -2.081E-03
 -1.9252700E+05 -2.340E-03  6.763E-04 -4.525E-03
 -1.9252500E+05 -7.127E-03  7.138E-04 -2.271E-03
 -1.9252300E+05 -1.554E-02  1.853E-03 -7.455E-03
 -1.9252100E+05 -8.697E-03  1.018E-03 -3.948E-03
 -1.9251900E+05 -9.332E-03  1.923E-03 -1.140E-02
 -1.9251700E+05 -7.431E-03  1.209E-03 -6.371E-03
 -1.9251500E+05 -8.202E-03  8.783E-04 -3.081E-03
 -1.9251300E+05 -1.026E-02  1.497E-03 -7.295E-03
 -1.9251100E+05 -2.050E-02  1.311E-03 -3.009E-04
 -1.9250900E+05 -1.415E-02  2.781E-03 -1.608E-02
 -1.9250700E+05 -1.785E-02  2.312E-03 -1.016E-02
 -1.9250500E+05 -1.986E-02  2.645E-03 -1.197E-02
 -1.9250300E+05 -2.815E-02  2.927E-03 -9.970E-03
 -1.9250100E+05 -2.021E-02  3.685E-03 -2.049E-02
 -1.9249900E+05 -2.588E-02  3.622E-03 -1.705E-02
 -1.9249700E+05 -3.132E-02  4.804E-03 -2.412E-02
 -1.9249500E+05 -3.611E-02  4.218E-03 -1.674E-02
 -1.9249300E+05 -3.672E-02  4.266E-03 -1.671E-02
 -1.9249100E+05 -3.576E-02  5.330E-03 -2.634E-02
 -1.9248900E+05 -3.396E-02  3.225E-03 -9.557E-03
 -1.9248700E+05 -4.066E-02  6.598E-03 -3.431E-02
 -1.9248500E+05 -5.217E-02  6.548E-03 -2.802E-02
