 -2.2354300E+05 -0.000E+00 -0.000E+00  0.000E+00
 -2.2354100E+05 -0.000E+00 -0.000E+00  0.000E+00
 -2.2353900E+05 -0.000E+00 -0.000E+00  0.000E+00
 -2.2353700E+05 -0.000E+00 -0.000E+00  0.000E+00
 -2.2353500E+05 -0.000E+00 -0.000E+00  0.000E+00
 -2.2353300E+05 -0.000E+00 -0.000E+00  0.000E+00
 -2.2353100E+05 -0.000E+00 -0.000E+00  0.000E+00
 -2.2352900E+05 -0.000E+00 -0.000E+00  0.000E+00
 -2.2352700E+05 -0.000E+00 -0.000E+00  0.000E+00
 -2.2352500E+05 -0.000E+00 -0.000E+00  0.000E+00
 -2.2352300E+05 -0.000E+00 -0.000E+00  0.000E+00
 -2.2352100E+05 -0.000E+00 -0.000E+00  0.000E+00
 -2.2351900E+05 -0.000E+00 -0.000E+00  0.000E+00
 -2.2351700E+05 -0.000E+00 -0.000E+00  0.000E+00
 -2.2351500E+05 -0.000E+00 -0.000E+00  0.000E+00
 -2.2351300E+05 -0.000E+00 -0.000E+00  0.000E+00
 -2.2351100E+05 -0.000E+00 -0.000E+00  0.000E+00
 -2.2350900E+05 -0.000E+00 -0.000E+00  0.000E+00
 -2.2350700E+05 -0.000E+00 -0.000E+00  0.000E+00
 -2.2350500E+05 -0.000E+00 -0.000E+00  0.000E+00
 -2.2350300E+05 -0.000E+00 -0.000E+00  0.000E+00
 -2.2350100E+05 -0.000E+00 -0.000E+00  0.000E+00
 -2.2349900E+05 -0.000E+00 -0.000E+00  0.000E+00
 -2.2349700E+05 -0.000E+00 -0.000E+00  0.000E+00
 -2.2349500E+05 -0.000E+00 -0.000E+00  0.000E+00
 -2.2349300E+05 -0.000E+00 -0.000E+00  0.000E+00
 -2.2349100E+05 -0.000E+00 -0.000E+00  0.000E+00
 -2.2348900E+05 -0.000E+00 -0.000E+00  0.000E+00
 -2.2348700E+05 -0.000E+00 -0.000E+00  0.000E+00
 -2.2348500E+05 -0.000E+00 -0.000E+00  0.000E+00
 -2.2348300E+05 -0.000E+00 -0.000E+00  0.000E+00
 -2.2348100E+05 -0.000E+00 -0.000E+00  0.000E+00
 -2.2347900E+05 -0.000E+00 -0.000E+00  0.000E+00
 -2.2347700E+05 -0.000E+00 -0.000E+00  0.000E+00
 -2.2347500E+05 -0.000E+00 -0.000E+00  0.000E+00
 -2.2347300E+05 -0.000E+00 -0.000E+00  0.000E+00
 -2.2347100E+05 -0.000E+00 -0.000E+00  0.000E+00
 -2.2346900E+05 -0.000E+00 -0.000E+00  0.000E+00
 -2.2346700E+05 -0.000E+00 -0.000E+00  0.000E+00
 -2.2346500E+05 -0.000E+00 -0.000E+00  0.000E+00
 -2.2346300E+05 -0.000E+00 -0.000E+00  0.000E+00
 -2.2346100E+05 -0.000E+00 -0.000E+00  0.000E+00
 -2.2345900E+05 -0.000E+00 -0.000E+00  0.000E+00
 -2.2345700E+05 -0.000E+00 -0.000E+00  0.000E+00
 -2.2345500E+05 -0.000E+00 -0.000E+00  0.000E+00
 -2.2345300E+05 -0.000E+00 -0.000E+00  0.000E+00
 -2.2345100E+05 -0.000E+00 -0.000E+00  0.000E+00
 -2.2344900E+05 -0.000E+00 -0.000E+00  0.000E+00
 -2.2344700E+05 -0.000E+00 -0.000E+00  0.000E+00
 -2.2344500E+05 -0.000E+00 -0.000E+00  0.000E+00
 -2.2344300E+05 -0.000E+00 -0.000E+00  0.000E+00
 -2.2344100E+05 -0.000E+00 -0.000E+00  0.000E+00
 -2.2343900E+05 -0.000E+00 -0.000E+00  0.000E+00
 -2.2343700E+05 -0.000E+00 -0.000E+00  0.000E+00
 -2.2343500E+05 -0.000E+00 -0.000E+00  0.000E+00
 -2.2343300E+05 -0.000E+00 -0.000E+00  0.000E+00
 -2.2343100E+05 -0.000E+00 -0.000E+00  0.000E+00
 -2.2342900E+05 -0.000E+00 -0.000E+00  0.000E+00
 -2.2342700E+05 -0.000E+00 -0.000E+00  0.000E+00
 -2.2342500E+05 -0.000E+00 -0.000E+00  0.000E+00
 -2.2342300E+05 -0.000E+00 -0.000E+00  0.000E+00
 -2.2342100E+05 -0.000E+00 -0.000E+00  0.000E+00
 -2.2341900E+05 -0.000E+00 -0.000E+00  0.000E+00
 -2.2341700E+05 -0.000E+00 -0.000E+00  0.000E+00
 -2.2341500E+05 -0.000E+00 -0.000E+00  0.000E+00
 -2.2341300E+05 -0.000E+00 -0.000E+00  0.000E+00
 -2.2341100E+05 -0.000E+00 -0.000E+00  0.000E+00
 -2.2340900E+05 -0.000E+00 -0.000E+00  0.000E+00
 -2.2340700E+05 -0.000E+00 -0.000E+00  0.000E+00
 -2.2340500E+05 -0.000E+00 -0.000E+00  0.000E+00
 -2.2340300E+05 -0.000E+00 -0.000E+00  0.000E+00
 -2.2340100E+05 -0.000E+00 -0.000E+00  0.000E+00
 -2.2339900E+05 -0.000E+00 -0.000E+00  0.000E+00
 -2.2339700E+05 -0.000E+00 -0.000E+00  0.000E+00
 -2.2339500E+05 -0.000E+00 -0.000E+00  0.000E+00
 -2.2339300E+05 -0.000E+00 -0.000E+00  0.000E+00
 -2.2339100E+05 -0.000E+00 -0.000E+00  0.000E+00
 -2.2338900E+05 -0.000E+00 -0.000E+00  0.000E+00
 -2.2338700E+05 -0.000E+00 -0.000E+00  0.000E+00
 -2.2338500E+05 -0.000E+00 -0.000E+00  0.000E+00
 -2.2338300E+05 -0.000E+00 -0.000E+00  0.000E+00
 -2.2338100E+05 -0.000E+00 -0.000E+00  0.000E+00
 -2.2337900E+05 -0.000E+00 -0.000E+00  0.000E+00
 -2.2337700E+05 -0.000E+00 -0.000E+00  0.000E+00
 -2.2337500E+05 -0.000E+00 -0.000E+00  0.000E+00
 -2.2337300E+05 -0.000E+00 -0.000E+00  0.000E+00
 -2.2337100E+05 -0.000E+00 -0.000E+00  0.000E+00
 -2.2336900E+05 -0.000E+00 -0.000E+00  0.000E+00
 -2.2336700E+05 -0.000E+00 -0.000E+00  0.000E+00
 -2.2336500E+05 -0.000E+00 -0.000E+00  0.000E+00
 -2.2336300E+05 -0.000E+00 -0.000E+00  0.000E+00
 -2.2336100E+05 -0.000E+00 -0.000E+00  0.000E+00
 -2.2335900E+05 -0.000E+00 -0.000E+00  0.000E+00
 -2.2335700E+05 -0.000E+00 -0.000E+00  0.000E+00
 -2.2335500E+05 -0.000E+00 -0.000E+00  0.000E+00
 -2.2335300E+05 -0.000E+00 -0.000E+00  0.000E+00
 -2.2335100E+05 -0.000E+00 -0.000E+00  0.000E+00
 -2.2334900E+05 -0.000E+00 -0.000E+00  0.000E+00
 -2.2334700E+05 -0.000E+00 -0.000E+00  0.000E+00
 -2.2334500E+05 -0.000E+00 -0.000E+00  0.000E+00
 -2.2334300E+05 -0.000E+00 -0.000E+00  0.000E+00
 -2.2334100E+05 -0.000E+00 -0.000E+00  0.000E+00
 -2.2333900E+05 -0.000E+00 -0.000E+00  0.000E+00
 -2.2333700E+05 -0.000E+00 -0.000E+00  0.000E+00
 -2.2333500E+05 -0.000E+00 -0.000E+00  0.000E+00
 -2.2333300E+05 -0.000E+00 -0.000E+00  0.000E+00
 -2.2333100E+05 -0.000E+00 -0.000E+00  0.000E+00
 -2.2332900E+05 -0.000E+00 -0.000E+00  0.000E+00
 -2.2332700E+05 -0.000E+00 -0.000E+00  0.000E+00
 -2.2332500E+05 -0.000E+00 -0.000E+00  0.000E+00
 -2.2332300E+05 -0.000E+00 -0.000E+00  0.000E+00
 -2.2332100E+05 -0.000E+00 -0.000E+00  0.000E+00
 -2.2331900E+05 -0.000E+00 -0.000E+00  0.000E+00
 -2.2331700E+05 -0.000E+00 -0.000E+00  0.000E+00
 -2.2331500E+05 -0.000E+00 -0.000E+00  0.000E+00
 -2.2331300E+05 -0.000E+00 -0.000E+00  0.000E+00
 -2.2331100E+05 -0.000E+00 -0.000E+00  0.000E+00
 -2.2330900E+05 -0.000E+00 -0.000E+00  0.000E+00
 -2.2330700E+05 -0.000E+00 -0.000E+00  0.000E+00
 -2.2330500E+05 -0.000E+00 -0.000E+00  0.000E+00
 -2.2330300E+05 -0.000E+00 -0.000E+00  0.000E+00
 -2.2330100E+05 -0.000E+00 -0.000E+00  0.000E+00
 -2.2329900E+05 -0.000E+00 -0.000E+00  0.000E+00
 -2.2329700E+05 -0.000E+00 -0.000E+00  0.000E+00
 -2.2329500E+05 -0.000E+00 -0.000E+00  0.000E+00
 -2.2329300E+05 -0.000E+00 -0.000E+00  0.000E+00
 -2.2329100E+05 -0.000E+00 -0.000E+00  0.000E+00
 -2.2328900E+05 -0.000E+00 -0.000E+00  0.000E+00
 -2.2328700E+05 -0.000E+00 -0.000E+00  0.000E+00
 -2.2328500E+05 -0.000E+00 -0.000E+00  0.000E+00
 -2.2328300E+05 -0.000E+00 -0.000E+00  0.000E+00
 -2.2328100E+05 -0.000E+00 -0.000E+00  0.000E+00
 -2.2327900E+05 -0.000E+00 -0.000E+00  0.000E+00
 -2.2327700E+05 -0.000E+00 -0.000E+00  0.000E+00
 -2.2327500E+05 -0.000E+00 -0.000E+00  0.000E+00
 -2.2327300E+05 -0.000E+00 -0.000E+00  0.000E+00
 -2.2327100E+05 -0.000E+00 -0.000E+00  0.000E+00
 -2.2326900E+05 -0.000E+00 -0.000E+00  0.000E+00
 -2.2326700E+05 -0.000E+00 -0.000E+00  0.000E+00
 -2.2326500E+05 -0.000E+00 -0.000E+00  0.000E+00
 -2.2326300E+05 -0.000E+00 -0.000E+00  0.000E+00
 -2.2326100E+05 -0.000E+00 -0.000E+00  0.000E+00
 -2.2325900E+05 -0.000E+00 -0.000E+00  0.000E+00
 -2.2325700E+05 -0.000E+00 -0.000E+00  0.000E+00
 -2.2325500E+05 -0.000E+00 -0.000E+00  0.000E+00
 -2.2325300E+05  6.593E-09 -2.892E-09  1.957E-08
 -2.2325100E+05  3.589E-08 -1.575E-08  1.065E-07
 -2.2324900E+05 -2.728E-11  1.554E-11 -1.181E-10
 -2.2324700E+05 -5.448E-06  1.665E-06 -9.924E-06
 -2.2324500E+05 -1.300E-05  2.144E-06 -8.101E-06
 -2.2324300E+05  2.632E-08 -2.530E-08  2.129E-07
 -2.2324100E+05  1.701E-05 -1.629E-06  6.644E-07
 -2.2323900E+05  9.758E-06 -9.410E-07  4.693E-07
 -2.2323700E+05 -1.089E-06  3.690E-07 -2.273E-06
 -2.2323500E+05  9.480E-06 -3.223E-06  1.984E-05
 -2.2323300E+05 -2.585E-05 -7.246E-06  8.050E-05
 -2.2323100E+05  3.455E-05  2.492E-06 -4.747E-05
 -2.2322900E+05  1.430E-05 -1.999E-06  5.741E-06
 -2.2322700E+05 -3.062E-05  1.145E-05 -7.224E-05
 -2.2322500E+05 -7.066E-06 -2.729E-05  2.349E-04
 -2.2322300E+05 -2.970E-04 -6.082E-05  7.332E-04
 -2.2322100E+05 -1.764E-04  3.048E-04 -2.417E-03
 -2.2321900E+05 -5.178E-04  6.024E-05 -1.068E-04
 -2.2321700E+05 -3.143E-05  2.256E-05 -1.600E-04
 -2.2321500E+05 -7.646E-04  1.461E-04 -6.288E-04
 -2.2321300E+05 -6.729E-04  2.562E-05  2.979E-04
 -2.2321100E+05 -3.502E-04  3.753E-05 -4.703E-05
 -2.2320900E+05  1.129E-04 -9.845E-05  7.253E-04
 -2.2320700E+05 -6.679E-05 -3.873E-05  3.774E-04
 -2.2320500E+05 -2.605E-03  2.689E-04 -2.117E-04
 -2.2320300E+05 -2.288E-03 -4.045E-05  2.051E-03
 -2.2320100E+05 -8.090E-04  1.506E-04 -6.310E-04
 -2.2319900E+05 -7.952E-04  1.409E-04 -5.416E-04
 -2.2319700E+05 -3.787E-03  5.259E-04 -1.381E-03
 -2.2319500E+05 -4.222E-03  3.424E-04  3.785E-04
 -2.2319300E+05 -1.876E-03  3.781E-04 -1.692E-03
 -2.2319100E+05 -1.055E-03  1.034E-04 -6.488E-05
 -2.2318900E+05 -3.170E-03  4.653E-04 -1.440E-03
 -2.2318700E+05 -4.801E-03  7.496E-04 -2.586E-03
 -2.2318500E+05 -3.847E-03  5.349E-04 -1.326E-03
 -2.2318300E+05 -8.761E-03  1.188E-03 -3.021E-03
 -2.2318100E+05 -6.128E-03  1.251E-03 -5.509E-03
 -2.2317900E+05 -1.626E-02  2.014E-03 -4.057E-03
 -2.2317700E+05 -1.974E-02  3.974E-03 -1.715E-02
 -2.2317500E+05 -6.314E-03  6.736E-04 -6.811E-04
 -2.2317300E+05 -1.612E-02  1.733E-03 -1.973E-03
 -2.2317100E+05 -1.042E-02  1.973E-03 -7.995E-03
 -2.2316900E+05 -3.943E-03  8.162E-04 -3.676E-03
 -2.2316700E+05 -1.131E-02  9.548E-04  7.403E-04
 -2.2316500E+05 -7.303E-03  2.671E-03 -1.579E-02
