 -1.3048500E+05 -0.000E+00 -0.000E+00  0.000E+00
 -1.3048300E+05 -0.000E+00 -0.000E+00  0.000E+00
 -1.3048100E+05 -0.000E+00 -0.000E+00  0.000E+00
 -1.3047900E+05 -0.000E+00 -0.000E+00  0.000E+00
 -1.3047700E+05 -0.000E+00 -0.000E+00  0.000E+00
 -1.3047500E+05 -0.000E+00 -0.000E+00  0.000E+00
 -1.3047300E+05 -0.000E+00 -0.000E+00  0.000E+00
 -1.3047100E+05 -0.000E+00 -0.000E+00  0.000E+00
 -1.3046900E+05 -0.000E+00 -0.000E+00  0.000E+00
 -1.3046700E+05 -0.000E+00 -0.000E+00  0.000E+00
 -1.3046500E+05 -0.000E+00 -0.000E+00  0.000E+00
 -1.3046300E+05 -0.000E+00 -0.000E+00  0.000E+00
 -1.3046100E+05 -0.000E+00 -0.000E+00  0.000E+00
 -1.3045900E+05 -0.000E+00 -0.000E+00  0.000E+00
 -1.3045700E+05 -0.000E+00 -0.000E+00  0.000E+00
 -1.3045500E+05 -0.000E+00 -0.000E+00  0.000E+00
 -1.3045300E+05 -0.000E+00 -0.000E+00  0.000E+00
 -1.3045100E+05 -0.000E+00 -0.000E+00  0.000E+00
 -1.3044900E+05 -0.000E+00 -0.000E+00  0.000E+00
 -1.3044700E+05 -0.000E+00 -0.000E+00  0.000E+00
 -1.3044500E+05 -0.000E+00 -0.000E+00  0.000E+00
 -1.3044300E+05 -0.000E+00 -0.000E+00  0.000E+00
 -1.3044100E+05 -0.000E+00 -0.000E+00  0.000E+00
 -1.3043900E+05 -0.000E+00 -0.000E+00  0.000E+00
 -1.3043700E+05 -0.000E+00 -0.000E+00  0.000E+00
 -1.3043500E+05 -0.000E+00 -0.000E+00  0.000E+00
 -1.3043300E+05 -0.000E+00 -0.000E+00  0.000E+00
 -1.3043100E+05 -0.000E+00 -0.000E+00  0.000E+00
 -1.3042900E+05 -0.000E+00 -0.000E+00  0.000E+00
 -1.3042700E+05 -0.000E+00 -0.000E+00  0.000E+00
 -1.3042500E+05 -0.000E+00 -0.000E+00  0.000E+00
 -1.3042300E+05 -0.000E+00 -0.000E+00  0.000E+00
 -1.3042100E+05 -0.000E+00 -0.000E+00  0.000E+00
 -1.3041900E+05 -0.000E+00 -0.000E+00  0.000E+00
 -1.3041700E+05 -0.000E+00 -0.000E+00  0.000E+00
 -1.3041500E+05 -0.000E+00 -0.000E+00  0.000E+00
 -1.3041300E+05 -0.000E+00 -0.000E+00  0.000E+00
 -1.3041100E+05 -0.000E+00 -0.000E+00  0.000E+00
 -1.3040900E+05 -0.000E+00 -0.000E+00  0.000E+00
 -1.3040700E+05 -0.000E+00 -0.000E+00  0.000E+00
 -1.3040500E+05 -0.000E+00 -0.000E+00  0.000E+00
 -1.3040300E+05 -0.000E+00 -0.000E+00  0.000E+00
 -1.3040100E+05 -0.000E+00 -0.000E+00  0.000E+00
 -1.3039900E+05 -0.000E+00 -0.000E+00  0.000E+00
 -1.3039700E+05 -0.000E+00 -0.000E+00  0.000E+00
 -1.3039500E+05 -0.000E+00 -0.000E+00  0.000E+00
 -1.3039300E+05 -0.000E+00 -0.000E+00  0.000E+00
 -1.3039100E+05 -0.000E+00 -0.000E+00  0.000E+00
 -1.3038900E+05 -0.000E+00 -0.000E+00  0.000E+00
 -1.3038700E+05 -0.000E+00 -0.000E+00  0.000E+00
 -1.3038500E+05 -0.000E+00 -0.000E+00  0.000E+00
 -1.3038300E+05 -0.000E+00 -0.000E+00  0.000E+00
 -1.3038100E+05 -0.000E+00 -0.000E+00  0.000E+00
 -1.3037900E+05 -0.000E+00 -0.000E+00  0.000E+00
 -1.3037700E+05 -0.000E+00 -0.000E+00  0.000E+00
 -1.3037500E+05 -0.000E+00 -0.000E+00  0.000E+00
 -1.3037300E+05 -0.000E+00 -0.000E+00  0.000E+00
 -1.3037100E+05 -0.000E+00 -0.000E+00  0.000E+00
 -1.3036900E+05 -0.000E+00 -0.000E+00  0.000E+00
 -1.3036700E+05 -0.000E+00 -0.000E+00  0.000E+00
 -1.3036500E+05 -0.000E+00 -0.000E+00  0.000E+00
 -1.3036300E+05 -0.000E+00 -0.000E+00  0.000E+00
 -1.3036100E+05 -0.000E+00 -0.000E+00  0.000E+00
 -1.3035900E+05 -0.000E+00 -0.000E+00  0.000E+00
 -1.3035700E+05 -0.000E+00 -0.000E+00  0.000E+00
 -1.3035500E+05 -0.000E+00 -0.000E+00  0.000E+00
 -1.3035300E+05 -0.000E+00 -0.000E+00  0.000E+00
 -1.3035100E+05 -0.000E+00 -0.000E+00  0.000E+00
 -1.3034900E+05 -0.000E+00 -0.000E+00  0.000E+00
 -1.3034700E+05 -0.000E+00 -0.000E+00  0.000E+00
 -1.3034500E+05 -0.000E+00 -0.000E+00  0.000E+00
 -1.3034300E+05 -0.000E+00 -0.000E+00  0.000E+00
 -1.3034100E+05 -0.000E+00 -0.000E+00  0.000E+00
 -1.3033900E+05 -0.000E+00 -0.000E+00  0.000E+00
 -1.3033700E+05 -0.000E+00 -0.000E+00  0.000E+00
 -1.3033500E+05 -0.000E+00 -0.000E+00  0.000E+00
 -1.3033300E+05 -0.000E+00 -0.000E+00  0.000E+00
 -1.3033100E+05 -0.000E+00 -0.000E+00  0.000E+00
 -1.3032900E+05 -0.000E+00 -0.000E+00  0.000E+00
 -1.3032700E+05 -0.000E+00 -0.000E+00  0.000E+00
 -1.3032500E+05 -0.000E+00 -0.000E+00  0.000E+00
 -1.3032300E+05 -0.000E+00 -0.000E+00  0.000E+00
 -1.3032100E+05 -0.000E+00 -0.000E+00  0.000E+00
 -1.3031900E+05 -0.000E+00 -0.000E+00  0.000E+00
 -1.3031700E+05 -0.000E+00 -0.000E+00  0.000E+00
 -1.3031500E+05 -0.000E+00 -0.000E+00  0.000E+00
 -1.3031300E+05 -0.000E+00 -0.000E+00  0.000E+00
 -1.3031100E+05 -0.000E+00 -0.000E+00  0.000E+00
 -1.3030900E+05 -0.000E+00 -0.000E+00  0.000E+00
 -1.3030700E+05 -0.000E+00 -0.000E+00  0.000E+00
 -1.3030500E+05 -0.000E+00 -0.000E+00  0.000E+00
 -1.3030300E+05 -0.000E+00 -0.000E+00  0.000E+00
 -1.3030100E+05 -0.000E+00 -0.000E+00  0.000E+00
 -1.3029900E+05 -0.000E+00 -0.000E+00  0.000E+00
 -1.3029700E+05 -0.000E+00 -0.000E+00  0.000E+00
 -1.3029500E+05 -0.000E+00 -0.000E+00  0.000E+00
 -1.3029300E+05 -0.000E+00 -0.000E+00  0.000E+00
 -1.3029100E+05 -0.000E+00 -0.000E+00  0.000E+00
 -1.3028900E+05 -0.000E+00 -0.000E+00  0.000E+00
 -1.3028700E+05 -0.000E+00 -0.000E+00  0.000E+00
 -1.3028500E+05 -0.000E+00 -0.000E+00  0.000E+00
 -1.3028300E+05 -0.000E+00 -0.000E+00  0.000E+00
 -1.3028100E+05 -0.000E+00 -0.000E+00  0.000E+00
 -1.3027900E+05 -0.000E+00 -0.000E+00  0.000E+00
 -1.3027700E+05 -0.000E+00 -0.000E+00  0.000E+00
 -1.3027500E+05 -0.000E+00 -0.000E+00  0.000E+00
 -1.3027300E+05 -0.000E+00 -0.000E+00  0.000E+00
 -1.3027100E+05 -0.000E+00 -0.000E+00  0.000E+00
 -1.3026900E+05 -0.000E+00 -0.000E+00  0.000E+00
 -1.3026700E+05 -0.000E+00 -0.000E+00  0.000E+00
 -1.3026500E+05 -0.000E+00 -0.000E+00  0.000E+00
 -1.3026300E+05 -0.000E+00 -0.000E+00  0.000E+00
 -1.3026100E+05 -0.000E+00 -0.000E+00  0.000E+00
 -1.3025900E+05 -0.000E+00 -0.000E+00  0.000E+00
 -1.3025700E+05 -0.000E+00 -0.000E+00  0.000E+00
 -1.3025500E+05 -0.000E+00 -0.000E+00  0.000E+00
 -1.3025300E+05 -0.000E+00 -0.000E+00  0.000E+00
 -1.3025100E+05 -0.000E+00 -0.000E+00  0.000E+00
 -1.3024900E+05 -0.000E+00 -0.000E+00  0.000E+00
 -1.3024700E+05 -0.000E+00 -0.000E+00  0.000E+00
 -1.3024500E+05 -0.000E+00 -0.000E+00  0.000E+00
 -1.3024300E+05 -0.000E+00 -0.000E+00  0.000E+00
 -1.3024100E+05 -0.000E+00 -0.000E+00  0.000E+00
 -1.3023900E+05 -0.000E+00 -0.000E+00  0.000E+00
 -1.3023700E+05 -0.000E+00 -0.000E+00  0.000E+00
 -1.3023500E+05 -0.000E+00 -0.000E+00  0.000E+00
 -1.3023300E+05 -0.000E+00 -0.000E+00  0.000E+00
 -1.3023100E+05 -0.000E+00 -0.000E+00  0.000E+00
 -1.3022900E+05 -0.000E+00 -0.000E+00  0.000E+00
 -1.3022700E+05 -0.000E+00 -0.000E+00  0.000E+00
 -1.3022500E+05 -0.000E+00 -0.000E+00  0.000E+00
 -1.3022300E+05 -0.000E+00 -0.000E+00  0.000E+00
 -1.3022100E+05 -0.000E+00 -0.000E+00  0.000E+00
 -1.3021900E+05 -0.000E+00 -0.000E+00  0.000E+00
 -1.3021700E+05 -0.000E+00 -0.000E+00  0.000E+00
 -1.3021500E+05 -0.000E+00 -0.000E+00  0.000E+00
 -1.3021300E+05 -0.000E+00 -0.000E+00  0.000E+00
 -1.3021100E+05 -0.000E+00 -0.000E+00  0.000E+00
 -1.3020900E+05 -0.000E+00 -0.000E+00  0.000E+00
 -1.3020700E+05 -0.000E+00 -0.000E+00  0.000E+00
 -1.3020500E+05 -0.000E+00 -0.000E+00  0.000E+00
 -1.3020300E+05 -0.000E+00 -0.000E+00  0.000E+00
 -1.3020100E+05 -0.000E+00 -0.000E+00  0.000E+00
 -1.3019900E+05  1.999E-08 -6.480E-09  4.248E-08
 -1.3019700E+05  3.086E-08 -1.000E-08  6.558E-08
 -1.3019500E+05 -3.459E-06  6.117E-07 -2.284E-06
 -1.3019300E+05 -1.655E-05  2.507E-06 -6.746E-06
 -1.3019100E+05 -1.307E-06  1.660E-07 -1.994E-07
 -1.3018900E+05 -2.370E-05  3.977E-06 -1.336E-05
 -1.3018700E+05 -4.535E-06  1.431E-06 -9.035E-06
 -1.3018500E+05  7.078E-05 -9.690E-06  1.824E-05
 -1.3018300E+05 -7.368E-04  1.276E-04 -4.436E-04
 -1.3018100E+05  1.240E-04 -2.971E-05  1.555E-04
 -1.3017900E+05  2.798E-04 -5.383E-05  2.206E-04
 -1.3017700E+05 -7.401E-04  1.039E-04 -2.092E-04
 -1.3017500E+05 -4.879E-04  1.205E-04 -6.461E-04
 -1.3017300E+05  2.017E-05 -3.573E-06  1.449E-05
 -1.3017100E+05 -2.918E-04  4.558E-05 -1.250E-04
 -1.3016900E+05 -8.897E-05  9.762E-06  3.605E-06
 -1.3016700E+05 -2.872E-04  7.453E-05 -4.103E-04
 -1.3016500E+05 -7.491E-04  2.169E-04 -1.277E-03
 -1.3016300E+05 -2.979E-04  7.068E-05 -3.713E-04
 -1.3016100E+05  8.445E-04 -1.379E-04  4.131E-04
 -1.3015900E+05 -1.919E-03  2.094E-04  6.302E-05
 -1.3015700E+05 -5.172E-03  8.323E-04 -2.398E-03
 -1.3015500E+05 -2.063E-03  5.035E-04 -2.607E-03
 -1.3015300E+05 -3.448E-04 -4.097E-05  8.189E-04
 -1.3015100E+05  6.621E-05  2.716E-04 -2.771E-03
 -1.3014900E+05 -1.022E-02  2.011E-03 -8.178E-03
 -1.3014700E+05 -1.118E-02  1.685E-03 -3.939E-03
 -1.3014500E+05 -1.169E-02  1.777E-03 -4.179E-03
 -1.3014300E+05 -7.971E-03  1.716E-03 -7.744E-03
 -1.3014100E+05 -4.637E-03  1.106E-03 -5.497E-03
 -1.3013900E+05 -7.851E-03  1.598E-03 -6.670E-03
 -1.3013700E+05 -1.416E-02  2.155E-03 -5.008E-03
 -1.3013500E+05 -2.407E-02  4.495E-03 -1.650E-02
 -1.3013300E+05 -1.116E-02  1.916E-03 -5.995E-03
 -1.3013100E+05 -1.403E-02  2.714E-03 -1.038E-02
 -1.3012900E+05 -1.704E-02  3.157E-03 -1.127E-02
 -1.3012700E+05 -2.251E-02  3.823E-03 -1.157E-02
 -1.3012500E+05 -2.997E-02  6.768E-03 -3.109E-02
 -1.3012300E+05 -3.404E-02  5.459E-03 -1.413E-02
 -1.3012100E+05 -3.218E-02  5.647E-03 -1.779E-02
 -1.3011900E+05 -3.572E-02  6.743E-03 -2.449E-02
 -1.3011700E+05 -6.870E-02  1.356E-02 -5.216E-02
 -1.3011500E+05 -4.741E-02  8.669E-03 -2.955E-02
 -1.3011300E+05 -4.264E-02  7.817E-03 -2.658E-02
 -1.3011100E+05 -7.070E-02  1.251E-02 -3.963E-02
 -1.3010900E+05 -4.571E-02  9.154E-03 -3.525E-02
 -1.3010700E+05 -6.799E-02  1.217E-02 -3.896E-02
