  5.2199000E+04 -0.000E+00 -0.000E+00  0.000E+00
  5.2201000E+04 -0.000E+00 -0.000E+00  0.000E+00
  5.2203000E+04 -0.000E+00 -0.000E+00  0.000E+00
  5.2205000E+04 -0.000E+00 -0.000E+00  0.000E+00
  5.2207000E+04 -0.000E+00 -0.000E+00  0.000E+00
  5.2209000E+04 -0.000E+00 -0.000E+00  0.000E+00
  5.2211000E+04 -0.000E+00 -0.000E+00  0.000E+00
  5.2213000E+04 -0.000E+00 -0.000E+00  0.000E+00
  5.2215000E+04 -0.000E+00 -0.000E+00  0.000E+00
  5.2217000E+04 -0.000E+00 -0.000E+00  0.000E+00
  5.2219000E+04 -0.000E+00 -0.000E+00  0.000E+00
  5.2221000E+04 -0.000E+00 -0.000E+00  0.000E+00
  5.2223000E+04 -0.000E+00 -0.000E+00  0.000E+00
  5.2225000E+04 -0.000E+00 -0.000E+00  0.000E+00
  5.2227000E+04 -0.000E+00 -0.000E+00  0.000E+00
  5.2229000E+04 -0.000E+00 -0.000E+00  0.000E+00
  5.2231000E+04 -0.000E+00 -0.000E+00  0.000E+00
  5.2233000E+04 -0.000E+00 -0.000E+00  0.000E+00
  5.2235000E+04 -0.000E+00 -0.000E+00  0.000E+00
  5.2237000E+04 -0.000E+00 -0.000E+00  0.000E+00
  5.2239000E+04 -0.000E+00 -0.000E+00  0.000E+00
  5.2241000E+04 -0.000E+00 -0.000E+00  0.000E+00
  5.2243000E+04 -0.000E+00 -0.000E+00  0.000E+00
  5.2245000E+04 -0.000E+00 -0.000E+00  0.000E+00
  5.2247000E+04 -0.000E+00 -0.000E+00  0.000E+00
  5.2249000E+04 -0.000E+00 -0.000E+00  0.000E+00
  5.2251000E+04 -0.000E+00 -0.000E+00  0.000E+00
  5.2253000E+04 -0.000E+00 -0.000E+00  0.000E+00
  5.2255000E+04 -0.000E+00 -0.000E+00  0.000E+00
  5.2257000E+04 -0.000E+00 -0.000E+00  0.000E+00
  5.2259000E+04 -0.000E+00 -0.000E+00  0.000E+00
  5.2261000E+04 -0.000E+00 -0.000E+00  0.000E+00
  5.2263000E+04 -0.000E+00 -0.000E+00  0.000E+00
  5.2265000E+04 -0.000E+00 -0.000E+00  0.000E+00
  5.2267000E+04 -0.000E+00 -0.000E+00  0.000E+00
  5.2269000E+04 -0.000E+00 -0.000E+00  0.000E+00
  5.2271000E+04 -0.000E+00 -0.000E+00  0.000E+00
  5.2273000E+04 -0.000E+00 -0.000E+00  0.000E+00
  5.2275000E+04 -0.000E+00 -0.000E+00  0.000E+00
  5.2277000E+04 -0.000E+00 -0.000E+00  0.000E+00
  5.2279000E+04 -0.000E+00 -0.000E+00  0.000E+00
  5.2281000E+04 -0.000E+00 -0.000E+00  0.000E+00
  5.2283000E+04 -0.000E+00 -0.000E+00  0.000E+00
  5.2285000E+04 -0.000E+00 -0.000E+00  0.000E+00
  5.2287000E+04 -0.000E+00 -0.000E+00  0.000E+00
  5.2289000E+04 -0.000E+00 -0.000E+00  0.000E+00
  5.2291000E+04 -0.000E+00 -0.000E+00  0.000E+00
  5.2293000E+04 -0.000E+00 -0.000E+00  0.000E+00
  5.2295000E+04 -0.000E+00 -0.000E+00  0.000E+00
  5.2297000E+04 -0.000E+00 -0.000E+00  0.000E+00
  5.2299000E+04 -0.000E+00 -0.000E+00  0.000E+00
  5.2301000E+04 -0.000E+00 -0.000E+00  0.000E+00
  5.2303000E+04 -0.000E+00 -0.000E+00  0.000E+00
  5.2305000E+04 -0.000E+00 -0.000E+00  0.000E+00
  5.2307000E+04 -0.000E+00 -0.000E+00  0.000E+00
  5.2309000E+04 -0.000E+00 -0.000E+00  0.000E+00
  5.2311000E+04 -0.000E+00 -0.000E+00  0.000E+00
  5.2313000E+04 -0.000E+00 -0.000E+00  0.000E+00
  5.2315000E+04 -0.000E+00 -0.000E+00  0.000E+00
  5.2317000E+04 -0.000E+00 -0.000E+00  0.000E+00
  5.2319000E+04 -0.000E+00 -0.000E+00  0.000E+00
  5.2321000E+04 -0.000E+00 -0.000E+00  0.000E+00
  5.2323000E+04 -0.000E+00 -0.000E+00  0.000E+00
  5.2325000E+04 -0.000E+00 -0.000E+00  0.000E+00
  5.2327000E+04 -0.000E+00 -0.000E+00  0.000E+00
  5.2329000E+04 -0.000E+00 -0.000E+00  0.000E+00
  5.2331000E+04 -0.000E+00 -0.000E+00  0.000E+00
  5.2333000E+04 -0.000E+00 -0.000E+00  0.000E+00
  5.2335000E+04 -0.000E+00 -0.000E+00  0.000E+00
  5.2337000E+04 -0.000E+00 -0.000E+00  0.000E+00
  5.2339000E+04 -0.000E+00 -0.000E+00  0.000E+00
  5.2341000E+04 -0.000E+00 -0.000E+00  0.000E+00
  5.2343000E+04 -0.000E+00 -0.000E+00  0.000E+00
  5.2345000E+04 -0.000E+00 -0.000E+00  0.000E+00
  5.2347000E+04 -0.000E+00 -0.000E+00  0.000E+00
  5.2349000E+04 -0.000E+00 -0.000E+00  0.000E+00
  5.2351000E+04 -0.000E+00 -0.000E+00  0.000E+00
  5.2353000E+04 -0.000E+00 -0.000E+00  0.000E+00
  5.2355000E+04 -0.000E+00 -0.000E+00  0.000E+00
  5.2357000E+04 -0.000E+00 -0.000E+00  0.000E+00
  5.2359000E+04 -0.000E+00 -0.000E+00  0.000E+00
  5.2361000E+04 -0.000E+00 -0.000E+00  0.000E+00
  5.2363000E+04 -0.000E+00 -0.000E+00  0.000E+00
  5.2365000E+04 -0.000E+00 -0.000E+00  0.000E+00
  5.2367000E+04 -0.000E+00 -0.000E+00  0.000E+00
  5.2369000E+04 -0.000E+00 -0.000E+00  0.000E+00
  5.2371000E+04 -0.000E+00 -0.000E+00  0.000E+00
  5.2373000E+04 -0.000E+00 -0.000E+00  0.000E+00
  5.2375000E+04 -0.000E+00 -0.000E+00  0.000E+00
  5.2377000E+04 -0.000E+00 -0.000E+00  0.000E+00
  5.2379000E+04 -0.000E+00 -0.000E+00  0.000E+00
  5.2381000E+04 -0.000E+00 -0.000E+00  0.000E+00
  5.2383000E+04 -0.000E+00 -0.000E+00  0.000E+00
  5.2385000E+04 -0.000E+00 -0.000E+00  0.000E+00
  5.2387000E+04 -0.000E+00 -0.000E+00  0.000E+00
  5.2389000E+04 -0.000E+00 -0.000E+00  0.000E+00
  5.2391000E+04 -0.000E+00 -0.000E+00  0.000E+00
  5.2393000E+04 -0.000E+00 -0.000E+00  0.000E+00
  5.2395000E+04 -0.000E+00 -0.000E+00  0.000E+00
  5.2397000E+04 -0.000E+00 -0.000E+00  0.000E+00
  5.2399000E+04 -0.000E+00 -0.000E+00  0.000E+00
  5.2401000E+04 -0.000E+00 -0.000E+00  0.000E+00
  5.2403000E+04 -0.000E+00 -0.000E+00  0.000E+00
  5.2405000E+04 -0.000E+00 -0.000E+00  0.000E+00
  5.2407000E+04 -0.000E+00 -0.000E+00  0.000E+00
  5.2409000E+04 -0.000E+00 -0.000E+00  0.000E+00
  5.2411000E+04 -0.000E+00 -0.000E+00  0.000E+00
  5.2413000E+04 -0.000E+00 -0.000E+00  0.000E+00
  5.2415000E+04 -0.000E+00 -0.000E+00  0.000E+00
  5.2417000E+04 -0.000E+00 -0.000E+00  0.000E+00
  5.2419000E+04 -0.000E+00 -0.000E+00  0.000E+00
  5.2421000E+04 -0.000E+00 -0.000E+00  0.000E+00
  5.2423000E+04 -0.000E+00 -0.000E+00  0.000E+00
  5.2425000E+04 -0.000E+00 -0.000E+00  0.000E+00
  5.2427000E+04 -0.000E+00 -0.000E+00  0.000E+00
  5.2429000E+04 -0.000E+00 -0.000E+00  0.000E+00
  5.2431000E+04 -0.000E+00 -0.000E+00  0.000E+00
  5.2433000E+04 -0.000E+00 -0.000E+00  0.000E+00
  5.2435000E+04 -0.000E+00 -0.000E+00  0.000E+00
  5.2437000E+04  6.856E-09 -1.776E-09  1.312E-08
  5.2439000E+04  4.220E-08 -1.086E-08  7.984E-08
  5.2441000E+04 -1.485E-05  1.521E-06  9.757E-07
  5.2443000E+04 -1.605E-05  1.676E-06  7.178E-07
  5.2445000E+04 -5.808E-05  7.072E-06 -9.972E-06
  5.2447000E+04  2.016E-04  1.424E-05 -4.568E-04
  5.2449000E+04 -3.415E-04  3.392E-05  3.903E-05
  5.2451000E+04 -1.358E-04  8.525E-06  7.828E-05
  5.2453000E+04 -2.535E-04  2.375E-05  4.907E-05
  5.2455000E+04 -4.473E-04  5.774E-05 -1.134E-04
  5.2457000E+04 -1.016E-03  1.461E-04 -4.442E-04
  5.2459000E+04  1.567E-04 -8.266E-06 -1.117E-04
  5.2461000E+04 -5.968E-04  2.215E-04 -1.982E-03
  5.2463000E+04 -7.641E-04  3.755E-04 -3.696E-03
  5.2465000E+04 -2.844E-03  5.210E-04 -2.666E-03
  5.2467000E+04 -2.442E-03  5.069E-04 -3.039E-03
  5.2469000E+04 -5.247E-03  1.033E-03 -5.818E-03
  5.2471000E+04 -1.020E-02  1.822E-03 -8.873E-03
  5.2473000E+04 -1.504E-02  2.520E-03 -1.092E-02
  5.2475000E+04 -1.386E-02  2.224E-03 -8.747E-03
  5.2477000E+04 -1.705E-02  2.634E-03 -9.428E-03
  5.2479000E+04 -1.509E-02  2.972E-03 -1.652E-02
  5.2481000E+04 -2.994E-02  5.389E-03 -2.615E-02
  5.2483000E+04 -3.564E-02  5.660E-03 -2.147E-02
  5.2485000E+04 -4.254E-02  7.723E-03 -3.791E-02
  5.2487000E+04 -4.996E-02  8.775E-03 -4.065E-02
  5.2489000E+04 -6.999E-02  1.154E-02 -4.726E-02
  5.2491000E+04 -5.497E-02  1.072E-02 -5.816E-02
  5.2493000E+04 -8.619E-02  1.609E-02 -8.179E-02
  5.2495000E+04 -9.549E-02  1.562E-02 -6.222E-02
  5.2497000E+04 -9.110E-02  1.590E-02 -7.191E-02
  5.2499000E+04 -1.198E-01  2.123E-02 -9.852E-02
  5.2501000E+04 -1.952E-01  3.355E-02 -1.466E-01
  5.2503000E+04 -1.989E-01  3.367E-02 -1.422E-01
  5.2505000E+04 -1.987E-01  3.552E-02 -1.659E-01
  5.2507000E+04 -2.543E-01  4.420E-02 -1.952E-01
  5.2509000E+04 -3.101E-01  5.233E-02 -2.176E-01
  5.2511000E+04 -2.959E-01  4.873E-02 -1.912E-01
  5.2513000E+04 -3.257E-01  5.661E-02 -2.484E-01
  5.2515000E+04 -3.571E-01  6.282E-02 -2.811E-01
  5.2517000E+04 -3.997E-01  6.913E-02 -2.985E-01
  5.2519000E+04 -4.665E-01  7.672E-02 -2.963E-01
  5.2521000E+04 -5.174E-01  8.698E-02 -3.519E-01
  5.2523000E+04 -5.255E-01  8.839E-02 -3.561E-01
  5.2525000E+04 -5.715E-01  9.725E-02 -4.016E-01
  5.2527000E+04 -5.875E-01  1.027E-01 -4.460E-01
  5.2529000E+04 -6.449E-01  1.135E-01 -4.977E-01
  5.2531000E+04 -7.802E-01  1.323E-01 -5.363E-01
  5.2533000E+04 -7.868E-01  1.306E-01 -5.017E-01
  5.2535000E+04 -7.880E-01  1.333E-01 -5.341E-01
  5.2537000E+04 -8.336E-01  1.419E-01 -5.744E-01
  5.2539000E+04 -9.129E-01  1.552E-01 -6.234E-01
  5.2541000E+04 -8.847E-01  1.510E-01 -6.105E-01
  5.2543000E+04 -9.542E-01  1.648E-01 -6.821E-01
  5.2545000E+04 -1.051E+00  1.786E-01 -7.106E-01
  5.2547000E+04 -9.854E-01  1.726E-01 -7.289E-01
  5.2549000E+04 -1.079E+00  1.835E-01 -7.251E-01
  5.2551000E+04 -1.130E+00  1.923E-01 -7.602E-01
  5.2553000E+04 -1.081E+00  1.844E-01 -7.306E-01
  5.2555000E+04 -1.027E+00  1.807E-01 -7.623E-01
  5.2557000E+04 -1.030E+00  1.796E-01 -7.410E-01
  5.2559000E+04 -1.156E+00  1.935E-01 -7.237E-01
  5.2561000E+04 -1.097E+00  1.840E-01 -6.873E-01
  5.2563000E+04 -1.063E+00  1.799E-01 -6.859E-01
  5.2565000E+04 -9.976E-01  1.751E-01 -7.227E-01
  5.2567000E+04 -1.035E+00  1.845E-01 -7.850E-01
  5.2569000E+04 -1.024E+00  1.804E-01 -7.478E-01
  5.2571000E+04 -9.905E-01  1.708E-01 -6.690E-01
  5.2573000E+04 -9.765E-01  1.646E-01 -6.091E-01
  5.2575000E+04 -9.430E-01  1.531E-01 -5.094E-01
  5.2577000E+04 -8.665E-01  1.519E-01 -6.138E-01
