  2.0434700E+05 -0.000E+00 -0.000E+00  0.000E+00
  2.0434900E+05 -0.000E+00 -0.000E+00  0.000E+00
  2.0435100E+05 -0.000E+00 -0.000E+00  0.000E+00
  2.0435300E+05 -0.000E+00 -0.000E+00  0.000E+00
  2.0435500E+05 -0.000E+00 -0.000E+00  0.000E+00
  2.0435700E+05 -0.000E+00 -0.000E+00  0.000E+00
  2.0435900E+05 -0.000E+00 -0.000E+00  0.000E+00
  2.0436100E+05 -0.000E+00 -0.000E+00  0.000E+00
  2.0436300E+05 -0.000E+00 -0.000E+00  0.000E+00
  2.0436500E+05 -0.000E+00 -0.000E+00  0.000E+00
  2.0436700E+05 -0.000E+00 -0.000E+00  0.000E+00
  2.0436900E+05 -0.000E+00 -0.000E+00  0.000E+00
  2.0437100E+05 -0.000E+00 -0.000E+00  0.000E+00
  2.0437300E+05 -0.000E+00 -0.000E+00  0.000E+00
  2.0437500E+05 -0.000E+00 -0.000E+00  0.000E+00
  2.0437700E+05 -0.000E+00 -0.000E+00  0.000E+00
  2.0437900E+05 -0.000E+00 -0.000E+00  0.000E+00
  2.0438100E+05 -0.000E+00 -0.000E+00  0.000E+00
  2.0438300E+05 -0.000E+00 -0.000E+00  0.000E+00
  2.0438500E+05 -0.000E+00 -0.000E+00  0.000E+00
  2.0438700E+05 -0.000E+00 -0.000E+00  0.000E+00
  2.0438900E+05 -0.000E+00 -0.000E+00  0.000E+00
  2.0439100E+05 -0.000E+00 -0.000E+00  0.000E+00
  2.0439300E+05 -0.000E+00 -0.000E+00  0.000E+00
  2.0439500E+05 -0.000E+00 -0.000E+00  0.000E+00
  2.0439700E+05 -0.000E+00 -0.000E+00  0.000E+00
  2.0439900E+05 -0.000E+00 -0.000E+00  0.000E+00
  2.0440100E+05 -0.000E+00 -0.000E+00  0.000E+00
  2.0440300E+05 -0.000E+00 -0.000E+00  0.000E+00
  2.0440500E+05 -0.000E+00 -0.000E+00  0.000E+00
  2.0440700E+05 -0.000E+00 -0.000E+00  0.000E+00
  2.0440900E+05 -0.000E+00 -0.000E+00  0.000E+00
  2.0441100E+05 -0.000E+00 -0.000E+00  0.000E+00
  2.0441300E+05 -0.000E+00 -0.000E+00  0.000E+00
  2.0441500E+05 -0.000E+00 -0.000E+00  0.000E+00
  2.0441700E+05 -0.000E+00 -0.000E+00  0.000E+00
  2.0441900E+05 -0.000E+00 -0.000E+00  0.000E+00
  2.0442100E+05 -0.000E+00 -0.000E+00  0.000E+00
  2.0442300E+05 -0.000E+00 -0.000E+00  0.000E+00
  2.0442500E+05 -0.000E+00 -0.000E+00  0.000E+00
  2.0442700E+05 -0.000E+00 -0.000E+00  0.000E+00
  2.0442900E+05 -0.000E+00 -0.000E+00  0.000E+00
  2.0443100E+05 -0.000E+00 -0.000E+00  0.000E+00
  2.0443300E+05 -0.000E+00 -0.000E+00  0.000E+00
  2.0443500E+05 -0.000E+00 -0.000E+00  0.000E+00
  2.0443700E+05 -0.000E+00 -0.000E+00  0.000E+00
  2.0443900E+05 -0.000E+00 -0.000E+00  0.000E+00
  2.0444100E+05 -0.000E+00 -0.000E+00  0.000E+00
  2.0444300E+05 -0.000E+00 -0.000E+00  0.000E+00
  2.0444500E+05 -0.000E+00 -0.000E+00  0.000E+00
  2.0444700E+05 -0.000E+00 -0.000E+00  0.000E+00
  2.0444900E+05 -0.000E+00 -0.000E+00  0.000E+00
  2.0445100E+05 -0.000E+00 -0.000E+00  0.000E+00
  2.0445300E+05 -0.000E+00 -0.000E+00  0.000E+00
  2.0445500E+05 -0.000E+00 -0.000E+00  0.000E+00
  2.0445700E+05 -0.000E+00 -0.000E+00  0.000E+00
  2.0445900E+05 -0.000E+00 -0.000E+00  0.000E+00
  2.0446100E+05 -0.000E+00 -0.000E+00  0.000E+00
  2.0446300E+05 -0.000E+00 -0.000E+00  0.000E+00
  2.0446500E+05 -0.000E+00 -0.000E+00  0.000E+00
  2.0446700E+05 -0.000E+00 -0.000E+00  0.000E+00
  2.0446900E+05 -0.000E+00 -0.000E+00  0.000E+00
  2.0447100E+05 -0.000E+00 -0.000E+00  0.000E+00
  2.0447300E+05 -0.000E+00 -0.000E+00  0.000E+00
  2.0447500E+05 -0.000E+00 -0.000E+00  0.000E+00
  2.0447700E+05 -0.000E+00 -0.000E+00  0.000E+00
  2.0447900E+05 -0.000E+00 -0.000E+00  0.000E+00
  2.0448100E+05 -0.000E+00 -0.000E+00  0.000E+00
  2.0448300E+05 -0.000E+00 -0.000E+00  0.000E+00
  2.0448500E+05 -0.000E+00 -0.000E+00  0.000E+00
  2.0448700E+05 -0.000E+00 -0.000E+00  0.000E+00
  2.0448900E+05 -0.000E+00 -0.000E+00  0.000E+00
  2.0449100E+05 -0.000E+00 -0.000E+00  0.000E+00
  2.0449300E+05 -0.000E+00 -0.000E+00  0.000E+00
  2.0449500E+05 -0.000E+00 -0.000E+00  0.000E+00
  2.0449700E+05 -0.000E+00 -0.000E+00  0.000E+00
  2.0449900E+05 -0.000E+00 -0.000E+00  0.000E+00
  2.0450100E+05 -0.000E+00 -0.000E+00  0.000E+00
  2.0450300E+05 -0.000E+00 -0.000E+00  0.000E+00
  2.0450500E+05 -0.000E+00 -0.000E+00  0.000E+00
  2.0450700E+05 -0.000E+00 -0.000E+00  0.000E+00
  2.0450900E+05 -0.000E+00 -0.000E+00  0.000E+00
  2.0451100E+05 -0.000E+00 -0.000E+00  0.000E+00
  2.0451300E+05 -0.000E+00 -0.000E+00  0.000E+00
  2.0451500E+05 -0.000E+00 -0.000E+00  0.000E+00
  2.0451700E+05 -0.000E+00 -0.000E+00  0.000E+00
  2.0451900E+05 -0.000E+00 -0.000E+00  0.000E+00
  2.0452100E+05 -0.000E+00 -0.000E+00  0.000E+00
  2.0452300E+05 -0.000E+00 -0.000E+00  0.000E+00
  2.0452500E+05 -0.000E+00 -0.000E+00  0.000E+00
  2.0452700E+05 -0.000E+00 -0.000E+00  0.000E+00
  2.0452900E+05 -0.000E+00 -0.000E+00  0.000E+00
  2.0453100E+05 -0.000E+00 -0.000E+00  0.000E+00
  2.0453300E+05 -0.000E+00 -0.000E+00  0.000E+00
  2.0453500E+05 -0.000E+00 -0.000E+00  0.000E+00
  2.0453700E+05 -0.000E+00 -0.000E+00  0.000E+00
  2.0453900E+05 -0.000E+00 -0.000E+00  0.000E+00
  2.0454100E+05 -0.000E+00 -0.000E+00  0.000E+00
  2.0454300E+05 -0.000E+00 -0.000E+00  0.000E+00
  2.0454500E+05 -0.000E+00 -0.000E+00  0.000E+00
  2.0454700E+05 -0.000E+00 -0.000E+00  0.000E+00
  2.0454900E+05 -0.000E+00 -0.000E+00  0.000E+00
  2.0455100E+05 -0.000E+00 -0.000E+00  0.000E+00
  2.0455300E+05 -0.000E+00 -0.000E+00  0.000E+00
  2.0455500E+05 -0.000E+00 -0.000E+00  0.000E+00
  2.0455700E+05 -0.000E+00 -0.000E+00  0.000E+00
  2.0455900E+05 -0.000E+00 -0.000E+00  0.000E+00
  2.0456100E+05 -0.000E+00 -0.000E+00  0.000E+00
  2.0456300E+05  1.510E-08 -3.538E-09  3.133E-08
  2.0456500E+05 -3.977E-06  1.402E-07  3.543E-06
  2.0456700E+05 -1.794E-05  1.090E-06  9.199E-06
  2.0456900E+05 -1.875E-05  1.289E-06  7.416E-06
  2.0457100E+05 -4.787E-05  2.246E-05 -2.695E-04
  2.0457300E+05 -1.388E-04  1.559E-05 -3.640E-05
  2.0457500E+05 -1.255E-04 -3.024E-06  2.262E-04
  2.0457700E+05 -5.860E-04  5.531E-05  1.095E-05
  2.0457900E+05 -4.338E-04  6.406E-05 -3.404E-04
  2.0458100E+05 -5.952E-04  2.273E-04 -2.589E-03
  2.0458300E+05 -3.169E-03  4.866E-04 -2.794E-03
  2.0458500E+05 -3.858E-03  6.256E-04 -3.906E-03
  2.0458700E+05 -8.761E-03  1.056E-03 -3.292E-03
  2.0458900E+05 -1.350E-02  1.811E-03 -7.849E-03
  2.0459100E+05 -1.358E-02  2.195E-03 -1.367E-02
  2.0459300E+05 -1.803E-02  2.364E-03 -9.714E-03
  2.0459500E+05 -2.840E-02  4.268E-03 -2.370E-02
  2.0459700E+05 -4.411E-02  5.663E-03 -2.178E-02
  2.0459900E+05 -6.371E-02  8.173E-03 -3.135E-02
  2.0460100E+05 -6.580E-02  9.804E-03 -5.357E-02
  2.0460300E+05 -6.886E-02  1.114E-02 -6.994E-02
  2.0460500E+05 -1.027E-01  1.370E-02 -5.853E-02
  2.0460700E+05 -1.398E-01  1.976E-02 -9.737E-02
  2.0460900E+05 -1.668E-01  2.261E-02 -1.009E-01
  2.0461100E+05 -2.402E-01  3.360E-02 -1.617E-01
  2.0461300E+05 -2.414E-01  3.594E-02 -1.968E-01
  2.0461500E+05 -3.303E-01  4.419E-02 -1.905E-01
  2.0461700E+05 -3.662E-01  5.091E-02 -2.417E-01
  2.0461900E+05 -4.354E-01  6.074E-02 -2.905E-01
  2.0462100E+05 -5.124E-01  7.149E-02 -3.424E-01
  2.0462300E+05 -6.079E-01  8.397E-02 -3.923E-01
  2.0462500E+05 -7.014E-01  9.835E-02 -4.765E-01
  2.0462700E+05 -7.444E-01  1.056E-01 -5.248E-01
  2.0462900E+05 -8.267E-01  1.146E-01 -5.415E-01
  2.0463100E+05 -9.038E-01  1.253E-01 -5.913E-01
  2.0463300E+05 -9.501E-01  1.378E-01 -7.194E-01
  2.0463500E+05 -1.066E+00  1.467E-01 -6.797E-01
  2.0463700E+05 -1.203E+00  1.695E-01 -8.325E-01
  2.0463900E+05 -1.284E+00  1.770E-01 -8.240E-01
  2.0464100E+05 -1.286E+00  1.810E-01 -8.867E-01
  2.0464300E+05 -1.384E+00  1.947E-01 -9.525E-01
  2.0464500E+05 -1.397E+00  1.946E-01 -9.321E-01
  2.0464700E+05 -1.475E+00  2.032E-01 -9.448E-01
  2.0464900E+05 -1.436E+00  2.034E-01 -1.012E+00
  2.0465100E+05 -1.334E+00  1.886E-01 -9.364E-01
  2.0465300E+05 -1.382E+00  1.973E-01 -1.002E+00
  2.0465500E+05 -1.335E+00  1.923E-01 -9.953E-01
  2.0465700E+05 -1.369E+00  1.945E-01 -9.773E-01
  2.0465900E+05 -1.233E+00  1.738E-01 -8.583E-01
  2.0466100E+05 -1.225E+00  1.722E-01 -8.447E-01
  2.0466300E+05 -1.145E+00  1.582E-01 -7.439E-01
  2.0466500E+05 -1.009E+00  1.447E-01 -7.488E-01
  2.0466700E+05 -1.011E+00  1.379E-01 -6.281E-01
  2.0466900E+05 -8.340E-01  1.166E-01 -5.652E-01
  2.0467100E+05 -7.558E-01  1.067E-01 -5.313E-01
  2.0467300E+05 -7.574E-01  1.071E-01 -5.375E-01
  2.0467500E+05 -6.369E-01  8.782E-02 -4.131E-01
  2.0467700E+05 -5.568E-01  7.647E-02 -3.558E-01
  2.0467900E+05 -4.684E-01  6.927E-02 -3.858E-01
  2.0468100E+05 -3.778E-01  5.655E-02 -3.222E-01
  2.0468300E+05 -3.437E-01  4.832E-02 -2.399E-01
  2.0468500E+05 -3.070E-01  4.417E-02 -2.348E-01
  2.0468700E+05 -1.629E-01  2.126E-02 -8.994E-02
  2.0468900E+05 -1.718E-01  2.566E-02 -1.472E-01
  2.0469100E+05 -1.992E-01  2.156E-02 -3.279E-02
  2.0469300E+05 -2.465E-02  1.251E-03  1.512E-02
  2.0469500E+05  1.769E-02 -3.806E-04 -3.025E-02
  2.0469700E+05 -5.104E-04 -1.376E-03  1.992E-02
  2.0469900E+05  5.371E-02 -5.454E-03 -4.987E-03
  2.0470100E+05 -1.653E-02 -1.689E-03  5.514E-02
  2.0470300E+05  6.919E-02 -1.138E-02  7.290E-02
  2.0470500E+05  1.302E-01 -1.655E-02  5.620E-02
  2.0470700E+05  4.964E-02 -1.029E-02  9.019E-02
  2.0470900E+05  9.846E-02 -1.318E-02  5.634E-02
  2.0471100E+05  1.632E-01 -2.127E-02  7.508E-02
  2.0471300E+05  1.900E-01 -2.528E-02  1.026E-01
  2.0471500E+05  1.279E-01 -1.962E-02  1.116E-01
  2.0471700E+05  1.670E-01 -2.449E-02  1.315E-01
  2.0471900E+05  1.340E-01 -2.136E-02  1.338E-01
  2.0472100E+05  1.331E-01 -2.069E-02  1.242E-01
  2.0472300E+05  1.515E-01 -2.383E-02  1.451E-01
  2.0472500E+05  1.838E-01 -2.501E-02  1.101E-01
