  2.3682900E+05 -0.000E+00 -0.000E+00  0.000E+00
  2.3683100E+05 -0.000E+00 -0.000E+00  0.000E+00
  2.3683300E+05 -0.000E+00 -0.000E+00  0.000E+00
  2.3683500E+05 -0.000E+00 -0.000E+00  0.000E+00
  2.3683700E+05 -0.000E+00 -0.000E+00  0.000E+00
  2.3683900E+05 -0.000E+00 -0.000E+00  0.000E+00
  2.3684100E+05 -0.000E+00 -0.000E+00  0.000E+00
  2.3684300E+05 -0.000E+00 -0.000E+00  0.000E+00
  2.3684500E+05 -0.000E+00 -0.000E+00  0.000E+00
  2.3684700E+05 -0.000E+00 -0.000E+00  0.000E+00
  2.3684900E+05 -0.000E+00 -0.000E+00  0.000E+00
  2.3685100E+05 -0.000E+00 -0.000E+00  0.000E+00
  2.3685300E+05 -0.000E+00 -0.000E+00  0.000E+00
  2.3685500E+05 -0.000E+00 -0.000E+00  0.000E+00
  2.3685700E+05 -0.000E+00 -0.000E+00  0.000E+00
  2.3685900E+05 -0.000E+00 -0.000E+00  0.000E+00
  2.3686100E+05 -0.000E+00 -0.000E+00  0.000E+00
  2.3686300E+05 -0.000E+00 -0.000E+00  0.000E+00
  2.3686500E+05 -0.000E+00 -0.000E+00  0.000E+00
  2.3686700E+05 -0.000E+00 -0.000E+00  0.000E+00
  2.3686900E+05 -0.000E+00 -0.000E+00  0.000E+00
  2.3687100E+05 -0.000E+00 -0.000E+00  0.000E+00
  2.3687300E+05 -0.000E+00 -0.000E+00  0.000E+00
  2.3687500E+05 -0.000E+00 -0.000E+00  0.000E+00
  2.3687700E+05 -0.000E+00 -0.000E+00  0.000E+00
  2.3687900E+05 -0.000E+00 -0.000E+00  0.000E+00
  2.3688100E+05 -0.000E+00 -0.000E+00  0.000E+00
  2.3688300E+05 -0.000E+00 -0.000E+00  0.000E+00
  2.3688500E+05 -0.000E+00 -0.000E+00  0.000E+00
  2.3688700E+05 -0.000E+00 -0.000E+00  0.000E+00
  2.3688900E+05 -0.000E+00 -0.000E+00  0.000E+00
  2.3689100E+05 -0.000E+00 -0.000E+00  0.000E+00
  2.3689300E+05 -0.000E+00 -0.000E+00  0.000E+00
  2.3689500E+05 -0.000E+00 -0.000E+00  0.000E+00
  2.3689700E+05 -0.000E+00 -0.000E+00  0.000E+00
  2.3689900E+05 -0.000E+00 -0.000E+00  0.000E+00
  2.3690100E+05 -0.000E+00 -0.000E+00  0.000E+00
  2.3690300E+05 -0.000E+00 -0.000E+00  0.000E+00
  2.3690500E+05 -0.000E+00 -0.000E+00  0.000E+00
  2.3690700E+05 -0.000E+00 -0.000E+00  0.000E+00
  2.3690900E+05 -0.000E+00 -0.000E+00  0.000E+00
  2.3691100E+05 -0.000E+00 -0.000E+00  0.000E+00
  2.3691300E+05 -0.000E+00 -0.000E+00  0.000E+00
  2.3691500E+05 -0.000E+00 -0.000E+00  0.000E+00
  2.3691700E+05 -0.000E+00 -0.000E+00  0.000E+00
  2.3691900E+05 -0.000E+00 -0.000E+00  0.000E+00
  2.3692100E+05 -0.000E+00 -0.000E+00  0.000E+00
  2.3692300E+05 -0.000E+00 -0.000E+00  0.000E+00
  2.3692500E+05 -0.000E+00 -0.000E+00  0.000E+00
  2.3692700E+05 -0.000E+00 -0.000E+00  0.000E+00
  2.3692900E+05 -0.000E+00 -0.000E+00  0.000E+00
  2.3693100E+05 -0.000E+00 -0.000E+00  0.000E+00
  2.3693300E+05 -0.000E+00 -0.000E+00  0.000E+00
  2.3693500E+05 -0.000E+00 -0.000E+00  0.000E+00
  2.3693700E+05 -0.000E+00 -0.000E+00  0.000E+00
  2.3693900E+05 -0.000E+00 -0.000E+00  0.000E+00
  2.3694100E+05 -0.000E+00 -0.000E+00  0.000E+00
  2.3694300E+05 -0.000E+00 -0.000E+00  0.000E+00
  2.3694500E+05 -0.000E+00 -0.000E+00  0.000E+00
  2.3694700E+05 -0.000E+00 -0.000E+00  0.000E+00
  2.3694900E+05 -0.000E+00 -0.000E+00  0.000E+00
  2.3695100E+05 -0.000E+00 -0.000E+00  0.000E+00
  2.3695300E+05 -0.000E+00 -0.000E+00  0.000E+00
  2.3695500E+05 -0.000E+00 -0.000E+00  0.000E+00
  2.3695700E+05 -0.000E+00 -0.000E+00  0.000E+00
  2.3695900E+05 -0.000E+00 -0.000E+00  0.000E+00
  2.3696100E+05 -0.000E+00 -0.000E+00  0.000E+00
  2.3696300E+05 -0.000E+00 -0.000E+00  0.000E+00
  2.3696500E+05 -0.000E+00 -0.000E+00  0.000E+00
  2.3696700E+05 -0.000E+00 -0.000E+00  0.000E+00
  2.3696900E+05 -0.000E+00 -0.000E+00  0.000E+00
  2.3697100E+05 -0.000E+00 -0.000E+00  0.000E+00
  2.3697300E+05 -0.000E+00 -0.000E+00  0.000E+00
  2.3697500E+05 -0.000E+00 -0.000E+00  0.000E+00
  2.3697700E+05 -0.000E+00 -0.000E+00  0.000E+00
  2.3697900E+05 -0.000E+00 -0.000E+00  0.000E+00
  2.3698100E+05 -0.000E+00 -0.000E+00  0.000E+00
  2.3698300E+05 -0.000E+00 -0.000E+00  0.000E+00
  2.3698500E+05 -0.000E+00 -0.000E+00  0.000E+00
  2.3698700E+05 -0.000E+00 -0.000E+00  0.000E+00
  2.3698900E+05 -0.000E+00 -0.000E+00  0.000E+00
  2.3699100E+05 -0.000E+00 -0.000E+00  0.000E+00
  2.3699300E+05 -0.000E+00 -0.000E+00  0.000E+00
  2.3699500E+05 -0.000E+00 -0.000E+00  0.000E+00
  2.3699700E+05 -0.000E+00 -0.000E+00  0.000E+00
  2.3699900E+05 -0.000E+00 -0.000E+00  0.000E+00
  2.3700100E+05 -0.000E+00 -0.000E+00  0.000E+00
  2.3700300E+05 -0.000E+00 -0.000E+00  0.000E+00
  2.3700500E+05 -0.000E+00 -0.000E+00  0.000E+00
  2.3700700E+05 -0.000E+00 -0.000E+00  0.000E+00
  2.3700900E+05 -0.000E+00 -0.000E+00  0.000E+00
  2.3701100E+05 -0.000E+00 -0.000E+00  0.000E+00
  2.3701300E+05 -0.000E+00 -0.000E+00  0.000E+00
  2.3701500E+05 -0.000E+00 -0.000E+00  0.000E+00
  2.3701700E+05 -0.000E+00 -0.000E+00  0.000E+00
  2.3701900E+05 -0.000E+00 -0.000E+00  0.000E+00
  2.3702100E+05 -0.000E+00 -0.000E+00  0.000E+00
  2.3702300E+05 -0.000E+00 -0.000E+00  0.000E+00
  2.3702500E+05 -0.000E+00 -0.000E+00  0.000E+00
  2.3702700E+05 -0.000E+00 -0.000E+00  0.000E+00
  2.3702900E+05 -0.000E+00 -0.000E+00  0.000E+00
  2.3703100E+05 -0.000E+00 -0.000E+00  0.000E+00
  2.3703300E+05 -0.000E+00 -0.000E+00  0.000E+00
  2.3703500E+05 -0.000E+00 -0.000E+00  0.000E+00
  2.3703700E+05 -0.000E+00 -0.000E+00  0.000E+00
  2.3703900E+05 -0.000E+00 -0.000E+00  0.000E+00
  2.3704100E+05 -0.000E+00 -0.000E+00  0.000E+00
  2.3704300E+05  2.583E-09 -6.432E-10  6.725E-09
  2.3704500E+05  4.237E-07 -1.516E-07  1.818E-06
  2.3704700E+05 -8.718E-05  8.199E-06 -1.875E-05
  2.3704900E+05  6.299E-05 -3.391E-06 -2.510E-05
  2.3705100E+05 -7.372E-05 -9.439E-06  2.385E-04
  2.3705300E+05 -1.394E-03  1.546E-04 -6.614E-04
  2.3705500E+05  6.718E-04 -3.651E-05 -2.727E-04
  2.3705700E+05 -6.740E-04  5.388E-05 -8.411E-06
  2.3705900E+05 -1.861E-03  2.363E-04 -1.397E-03
  2.3706100E+05 -2.176E-03  3.472E-04 -2.750E-03
  2.3706300E+05 -3.644E-03  3.617E-04 -1.149E-03
  2.3706500E+05 -5.125E-03  5.398E-04 -2.117E-03
  2.3706700E+05 -1.092E-02  1.084E-03 -3.467E-03
  2.3706900E+05 -1.534E-02  1.947E-03 -1.167E-02
  2.3707100E+05 -2.243E-02  2.397E-03 -9.912E-03
  2.3707300E+05 -3.137E-02  3.620E-03 -1.827E-02
  2.3707500E+05 -5.334E-02  6.062E-03 -2.967E-02
  2.3707700E+05 -6.141E-02  7.101E-03 -3.622E-02
  2.3707900E+05 -7.948E-02  8.363E-03 -3.376E-02
  2.3708100E+05 -1.141E-01  1.401E-02 -8.125E-02
  2.3708300E+05 -1.247E-01  1.426E-02 -7.199E-02
  2.3708500E+05 -1.624E-01  1.819E-02 -8.803E-02
  2.3708700E+05 -2.175E-01  2.527E-02 -1.332E-01
  2.3708900E+05 -2.575E-01  2.995E-02 -1.586E-01
  2.3709100E+05 -3.251E-01  3.690E-02 -1.864E-01
  2.3709300E+05 -4.497E-01  5.151E-02 -2.666E-01
  2.3709500E+05 -4.629E-01  5.377E-02 -2.884E-01
  2.3709700E+05 -5.148E-01  5.900E-02 -3.085E-01
  2.3709900E+05 -6.811E-01  7.881E-02 -4.228E-01
  2.3710100E+05 -7.165E-01  8.338E-02 -4.549E-01
  2.3710300E+05 -8.016E-01  9.254E-02 -4.985E-01
  2.3710500E+05 -8.957E-01  1.022E-01 -5.387E-01
  2.3710700E+05 -9.840E-01  1.161E-01 -6.601E-01
  2.3710900E+05 -1.170E+00  1.345E-01 -7.279E-01
  2.3711100E+05 -1.209E+00  1.394E-01 -7.642E-01
  2.3711300E+05 -1.341E+00  1.554E-01 -8.632E-01
  2.3711500E+05 -1.318E+00  1.548E-01 -8.890E-01
  2.3711700E+05 -1.345E+00  1.643E-01 -1.019E+00
  2.3711900E+05 -1.470E+00  1.660E-01 -8.861E-01
  2.3712100E+05 -1.492E+00  1.729E-01 -9.808E-01
  2.3712300E+05 -1.512E+00  1.712E-01 -9.282E-01
  2.3712500E+05 -1.399E+00  1.711E-01 -1.086E+00
  2.3712700E+05 -1.480E+00  1.709E-01 -9.769E-01
  2.3712900E+05 -1.451E+00  1.696E-01 -9.983E-01
  2.3713100E+05 -1.356E+00  1.604E-01 -9.731E-01
  2.3713300E+05 -1.263E+00  1.460E-01 -8.512E-01
  2.3713500E+05 -1.216E+00  1.372E-01 -7.635E-01
  2.3713700E+05 -1.103E+00  1.335E-01 -8.589E-01
  2.3713900E+05 -1.084E+00  1.224E-01 -6.928E-01
  2.3714100E+05 -9.648E-01  1.141E-01 -7.130E-01
  2.3714300E+05 -8.754E-01  1.015E-01 -6.134E-01
  2.3714500E+05 -7.210E-01  8.645E-02 -5.610E-01
  2.3714700E+05 -5.816E-01  7.175E-02 -4.966E-01
  2.3714900E+05 -5.622E-01  6.146E-02 -3.381E-01
  2.3715100E+05 -5.093E-01  5.646E-02 -3.233E-01
  2.3715300E+05 -4.921E-01  5.257E-02 -2.785E-01
  2.3715500E+05 -3.603E-01  4.418E-02 -3.130E-01
  2.3715700E+05 -2.407E-01  2.927E-02 -2.140E-01
  2.3715900E+05 -2.267E-01  2.446E-02 -1.446E-01
  2.3716100E+05 -1.773E-01  1.979E-02 -1.280E-01
  2.3716300E+05 -1.132E-01  1.412E-02 -1.154E-01
  2.3716500E+05 -1.429E-02  5.806E-03 -1.059E-01
  2.3716700E+05 -1.452E-02 -1.685E-03  3.131E-02
  2.3716900E+05 -4.094E-02  1.805E-03  5.463E-03
  2.3717100E+05  9.500E-02 -1.283E-02  8.267E-02
  2.3717300E+05  9.197E-02 -1.363E-02  1.008E-01
  2.3717500E+05  9.110E-02 -9.515E-03  2.557E-02
  2.3717700E+05  4.764E-02 -8.261E-03  6.837E-02
  2.3717900E+05  7.957E-02 -1.052E-02  6.643E-02
  2.3718100E+05  1.324E-01 -1.638E-02  9.673E-02
  2.3718300E+05  1.484E-01 -1.330E-02  1.930E-02
  2.3718500E+05  1.113E-01 -1.383E-02  8.061E-02
  2.3718700E+05  1.617E-01 -1.854E-02  9.844E-02
  2.3718900E+05  1.716E-01 -2.152E-02  1.359E-01
  2.3719100E+05  1.412E-01 -1.886E-02  1.323E-01
  2.3719300E+05  1.539E-01 -1.777E-02  9.595E-02
  2.3719500E+05  1.241E-01 -1.694E-02  1.230E-01
  2.3719700E+05  1.722E-01 -2.211E-02  1.470E-01
  2.3719900E+05  2.309E-01 -2.503E-02  1.193E-01
  2.3720100E+05  1.537E-01 -1.931E-02  1.246E-01
  2.3720300E+05  1.621E-01 -1.860E-02  1.002E-01
  2.3720500E+05  1.946E-01 -2.213E-02  1.210E-01
  2.3720700E+05  2.152E-01 -2.566E-02  1.535E-01
