 -2.2629000E+04  5.446E-01 -8.111E-02  4.058E-01
 -2.2627000E+04  4.904E-01 -5.758E-02  1.940E-01
 -2.2625000E+04  4.097E-01 -6.434E-02  3.395E-01
 -2.2623000E+04  4.683E-01 -6.598E-02  3.043E-01
 -2.2621000E+04  5.099E-01 -6.308E-02  2.365E-01
 -2.2619000E+04  3.949E-01 -5.688E-02  2.716E-01
 -2.2617000E+04  4.506E-01 -5.735E-02  2.337E-01
 -2.2615000E+04  4.448E-01 -5.725E-02  2.291E-01
 -2.2613000E+04  3.924E-01 -5.879E-02  2.961E-01
 -2.2611000E+04  4.656E-01 -5.670E-02  2.055E-01
 -2.2609000E+04  3.927E-01 -5.195E-02  2.246E-01
 -2.2607000E+04  4.800E-01 -5.487E-02  1.712E-01
 -2.2605000E+04  3.716E-01 -6.045E-02  3.385E-01
 -2.2603000E+04  3.616E-01 -5.552E-02  2.913E-01
 -2.2601000E+04  3.561E-01 -4.774E-02  2.079E-01
 -2.2599000E+04  4.213E-01 -5.765E-02  2.572E-01
 -2.2597000E+04  4.045E-01 -5.466E-02  2.416E-01
 -2.2595000E+04  4.008E-01 -5.769E-02  2.783E-01
 -2.2593000E+04  3.937E-01 -5.490E-02  2.543E-01
 -2.2591000E+04  3.903E-01 -5.504E-02  2.593E-01
 -2.2589000E+04  3.311E-01 -4.864E-02  2.389E-01
 -2.2587000E+04  3.572E-01 -5.080E-02  2.432E-01
 -2.2585000E+04  4.179E-01 -5.650E-02  2.475E-01
 -2.2583000E+04  3.784E-01 -5.131E-02  2.306E-01
 -2.2581000E+04  4.087E-01 -5.459E-02  2.378E-01
 -2.2579000E+04  3.138E-01 -4.621E-02  2.328E-01
 -2.2577000E+04  3.241E-01 -4.400E-02  2.002E-01
 -2.2575000E+04  3.613E-01 -5.282E-02  2.578E-01
 -2.2573000E+04  3.487E-01 -4.953E-02  2.387E-01
 -2.2571000E+04  3.770E-01 -5.010E-02  2.160E-01
 -2.2569000E+04  3.261E-01 -4.423E-02  2.011E-01
 -2.2567000E+04  3.085E-01 -3.973E-02  1.619E-01
 -2.2565000E+04  2.604E-01 -4.432E-02  2.560E-01
 -2.2563000E+04  3.989E-01 -4.592E-02  1.453E-01
 -2.2561000E+04  3.851E-01 -4.765E-02  1.864E-01
 -2.2559000E+04  3.087E-01 -4.506E-02  2.236E-01
 -2.2557000E+04  2.734E-01 -4.430E-02  2.413E-01
 -2.2555000E+04  2.905E-01 -3.921E-02  1.748E-01
 -2.2553000E+04  2.518E-01 -3.649E-02  1.800E-01
 -2.2551000E+04  3.382E-01 -4.630E-02  1.995E-01
 -2.2549000E+04  3.113E-01 -4.189E-02  1.815E-01
 -2.2547000E+04  2.579E-01 -2.968E-02  1.126E-01
 -2.2545000E+04  3.305E-01 -4.131E-02  1.828E-01
 -2.2543000E+04  3.512E-01 -4.392E-02  1.860E-01
 -2.2541000E+04  2.840E-01 -4.708E-02  2.513E-01
 -2.2539000E+04  2.867E-01 -4.879E-02  2.776E-01
 -2.2537000E+04  2.784E-01 -3.417E-02  1.361E-01
 -2.2535000E+04  2.632E-01 -3.661E-02  1.737E-01
 -2.2533000E+04  3.259E-01 -4.361E-02  1.844E-01
 -2.2531000E+04  2.282E-01 -2.948E-02  1.378E-01
 -2.2529000E+04  2.420E-01 -3.405E-02  1.655E-01
 -2.2527000E+04  2.569E-01 -3.684E-02  1.785E-01
 -2.2525000E+04  2.850E-01 -3.629E-02  1.482E-01
 -2.2523000E+04  2.918E-01 -4.079E-02  1.762E-01
 -2.2521000E+04  2.965E-01 -4.181E-02  1.943E-01
 -2.2519000E+04  2.681E-01 -4.086E-02  2.129E-01
 -2.2517000E+04  2.820E-01 -3.826E-02  1.691E-01
 -2.2515000E+04  2.490E-01 -3.210E-02  1.354E-01
 -2.2513000E+04  2.438E-01 -3.117E-02  1.209E-01
 -2.2511000E+04  2.595E-01 -3.603E-02  1.742E-01
 -2.2509000E+04  2.182E-01 -2.736E-02  1.061E-01
 -2.2507000E+04  2.521E-01 -3.156E-02  1.212E-01
 -2.2505000E+04  2.446E-01 -3.390E-02  1.631E-01
 -2.2503000E+04  2.333E-01 -3.645E-02  1.989E-01
 -2.2501000E+04  2.383E-01 -3.421E-02  1.631E-01
 -2.2499000E+04  2.271E-01 -3.266E-02  1.548E-01
 -2.2497000E+04  2.317E-01 -3.160E-02  1.480E-01
 -2.2495000E+04  2.607E-01 -3.526E-02  1.554E-01
 -2.2493000E+04  2.081E-01 -2.775E-02  1.222E-01
 -2.2491000E+04  2.680E-01 -3.732E-02  1.725E-01
 -2.2489000E+04  2.330E-01 -2.863E-02  1.128E-01
 -2.2487000E+04  2.367E-01 -3.597E-02  1.890E-01
 -2.2485000E+04  1.982E-01 -2.973E-02  1.531E-01
 -2.2483000E+04  2.113E-01 -2.724E-02  1.107E-01
 -2.2481000E+04  2.507E-01 -3.129E-02  1.241E-01
 -2.2479000E+04  2.672E-01 -3.275E-02  1.295E-01
 -2.2477000E+04  2.512E-01 -3.561E-02  1.703E-01
 -2.2475000E+04  1.969E-01 -2.725E-02  1.304E-01
 -2.2473000E+04  2.313E-01 -3.142E-02  1.382E-01
 -2.2471000E+04  2.005E-01 -2.779E-02  1.236E-01
 -2.2469000E+04  2.419E-01 -3.082E-02  1.266E-01
 -2.2467000E+04  2.008E-01 -2.533E-02  1.132E-01
 -2.2465000E+04  2.099E-01 -2.865E-02  1.301E-01
 -2.2463000E+04  2.209E-01 -2.885E-02  1.219E-01
 -2.2461000E+04  1.948E-01 -2.767E-02  1.379E-01
 -2.2459000E+04  1.954E-01 -2.543E-02  1.089E-01
 -2.2457000E+04  2.019E-01 -3.281E-02  1.662E-01
 -2.2455000E+04  1.857E-01 -2.930E-02  1.513E-01
 -2.2453000E+04  2.333E-01 -3.021E-02  1.360E-01
 -2.2451000E+04  1.920E-01 -2.701E-02  1.273E-01
 -2.2449000E+04  1.748E-01 -2.423E-02  1.162E-01
 -2.2447000E+04  2.140E-01 -2.879E-02  1.264E-01
 -2.2445000E+04  2.009E-01 -2.835E-02  1.308E-01
 -2.2443000E+04  1.504E-01 -2.108E-02  1.042E-01
 -2.2441000E+04  1.994E-01 -2.917E-02  1.553E-01
 -2.2439000E+04  1.928E-01 -2.715E-02  1.257E-01
 -2.2437000E+04  2.294E-01 -2.882E-02  1.280E-01
 -2.2435000E+04  1.672E-01 -2.245E-02  9.570E-02
 -2.2433000E+04  1.513E-01 -2.007E-02  7.490E-02
 -2.2431000E+04  1.742E-01 -2.505E-02  1.203E-01
 -2.2429000E+04  1.816E-01 -2.268E-02  8.921E-02
 -2.2427000E+04  2.026E-01 -2.648E-02  1.205E-01
 -2.2425000E+04  1.950E-01 -2.696E-02  1.269E-01
 -2.2423000E+04  1.859E-01 -2.554E-02  1.161E-01
 -2.2421000E+04  1.548E-01 -2.179E-02  1.085E-01
 -2.2419000E+04  1.838E-01 -2.460E-02  1.137E-01
 -2.2417000E+04  1.554E-01 -2.252E-02  1.109E-01
 -2.2415000E+04  1.491E-01 -2.293E-02  1.191E-01
 -2.2413000E+04  1.631E-01 -2.289E-02  1.071E-01
 -2.2411000E+04  1.840E-01 -2.298E-02  8.104E-02
 -2.2409000E+04  1.680E-01 -2.555E-02  1.167E-01
 -2.2407000E+04  1.563E-01 -2.199E-02  1.172E-01
 -2.2405000E+04  1.538E-01 -2.110E-02  9.564E-02
 -2.2403000E+04  1.504E-01 -2.053E-02  1.033E-01
 -2.2401000E+04  1.506E-01 -2.040E-02  9.706E-02
 -2.2399000E+04  1.691E-01 -2.143E-02  9.048E-02
 -2.2397000E+04  1.782E-01 -2.335E-02  8.776E-02
 -2.2395000E+04  1.319E-01 -1.966E-02  1.027E-01
 -2.2393000E+04  1.776E-01 -2.299E-02  9.485E-02
 -2.2391000E+04  1.485E-01 -2.151E-02  1.047E-01
 -2.2389000E+04  1.533E-01 -2.078E-02  9.441E-02
 -2.2387000E+04  1.601E-01 -2.342E-02  1.133E-01
 -2.2385000E+04  1.701E-01 -2.370E-02  1.103E-01
 -2.2383000E+04  1.383E-01 -1.935E-02  8.824E-02
 -2.2381000E+04  1.783E-01 -2.317E-02  9.839E-02
 -2.2379000E+04  1.458E-01 -2.098E-02  1.072E-01
 -2.2377000E+04  1.264E-01 -1.830E-02  9.361E-02
 -2.2375000E+04  1.367E-01 -1.832E-02  7.612E-02
 -2.2373000E+04  1.743E-01 -2.361E-02  1.037E-01
 -2.2371000E+04  1.272E-01 -1.815E-02  8.770E-02
 -2.2369000E+04  1.457E-01 -1.924E-02  8.261E-02
 -2.2367000E+04  1.289E-01 -1.852E-02  8.717E-02
 -2.2365000E+04  1.175E-01 -1.786E-02  1.017E-01
 -2.2363000E+04  1.553E-01 -1.972E-02  8.095E-02
 -2.2361000E+04  1.514E-01 -2.115E-02  9.970E-02
 -2.2359000E+04  1.195E-01 -1.703E-02  8.898E-02
 -2.2357000E+04  1.357E-01 -1.951E-02  9.167E-02
 -2.2355000E+04  1.324E-01 -1.879E-02  8.723E-02
 -2.2353000E+04  1.440E-01 -1.849E-02  8.721E-02
 -2.2351000E+04  1.097E-01 -1.569E-02  7.685E-02
 -2.2349000E+04  1.433E-01 -1.720E-02  5.371E-02
 -2.2347000E+04  1.310E-01 -1.539E-02  5.615E-02
 -2.2345000E+04  1.146E-01 -1.864E-02  1.054E-01
 -2.2343000E+04  1.497E-01 -1.910E-02  8.093E-02
 -2.2341000E+04  1.403E-01 -1.575E-02  5.913E-02
 -2.2339000E+04  1.145E-01 -1.728E-02  9.174E-02
 -2.2337000E+04  1.176E-01 -1.671E-02  7.679E-02
 -2.2335000E+04  1.356E-01 -1.872E-02  9.025E-02
 -2.2333000E+04  1.523E-01 -1.959E-02  7.776E-02
 -2.2331000E+04  1.395E-01 -1.896E-02  8.134E-02
 -2.2329000E+04  1.319E-01 -1.760E-02  7.377E-02
 -2.2327000E+04  1.218E-01 -1.782E-02  8.619E-02
 -2.2325000E+04  1.141E-01 -1.401E-02  7.041E-02
 -2.2323000E+04  1.329E-01 -1.535E-02  5.683E-02
 -2.2321000E+04  1.038E-01 -1.542E-02  7.403E-02
 -2.2319000E+04  1.189E-01 -1.674E-02  8.350E-02
 -2.2317000E+04  1.232E-01 -1.783E-02  7.264E-02
 -2.2315000E+04  1.176E-01 -1.677E-02  8.152E-02
 -2.2313000E+04  1.030E-01 -1.567E-02  8.575E-02
 -2.2311000E+04  1.422E-01 -1.941E-02  8.391E-02
 -2.2309000E+04  1.157E-01 -1.757E-02  9.109E-02
 -2.2307000E+04  9.465E-02 -1.213E-02  5.042E-02
 -2.2305000E+04  1.024E-01 -1.281E-02  6.016E-02
 -2.2303000E+04  1.074E-01 -1.781E-02  1.041E-01
 -2.2301000E+04  1.203E-01 -1.470E-02  5.547E-02
 -2.2299000E+04  1.305E-01 -1.670E-02  6.627E-02
 -2.2297000E+04  1.074E-01 -1.397E-02  6.680E-02
 -2.2295000E+04  1.026E-01 -1.426E-02  6.728E-02
 -2.2293000E+04  1.036E-01 -1.647E-02  9.279E-02
 -2.2291000E+04  1.173E-01 -1.715E-02  8.409E-02
 -2.2289000E+04  1.126E-01 -1.501E-02  7.064E-02
 -2.2287000E+04  1.078E-01 -1.526E-02  7.054E-02
 -2.2285000E+04  8.455E-02 -1.366E-02  6.621E-02
 -2.2283000E+04  1.096E-01 -1.410E-02  7.693E-02
 -2.2281000E+04  1.277E-01 -1.599E-02  6.599E-02
 -2.2279000E+04  1.134E-01 -1.610E-02  7.647E-02
 -2.2277000E+04  1.070E-01 -1.576E-02  9.044E-02
 -2.2275000E+04  9.149E-02 -1.334E-02  6.339E-02
 -2.2273000E+04  9.981E-02 -1.139E-02  3.505E-02
 -2.2271000E+04  9.215E-02 -1.330E-02  6.545E-02
 -2.2269000E+04  9.063E-02 -1.303E-02  6.873E-02
 -2.2267000E+04  1.128E-01 -1.372E-02  4.833E-02
 -2.2265000E+04  1.127E-01 -1.497E-02  6.826E-02
 -2.2263000E+04  1.005E-01 -1.294E-02  4.884E-02
 -2.2261000E+04  9.266E-02 -1.538E-02  8.017E-02
 -2.2259000E+04  8.707E-02 -1.520E-02  7.157E-02
 -2.2257000E+04  8.799E-02 -1.005E-02  3.734E-02
 -2.2255000E+04  1.007E-01 -1.331E-02  5.281E-02
 -2.2253000E+04  1.100E-01 -1.419E-02  6.819E-02
 -2.2251000E+04  9.702E-02 -1.285E-02  6.117E-02
