  1.3061900E+05 -0.000E+00 -0.000E+00  0.000E+00
  1.3062100E+05 -0.000E+00 -0.000E+00  0.000E+00
  1.3062300E+05 -0.000E+00 -0.000E+00  0.000E+00
  1.3062500E+05 -0.000E+00 -0.000E+00  0.000E+00
  1.3062700E+05 -0.000E+00 -0.000E+00  0.000E+00
  1.3062900E+05 -0.000E+00 -0.000E+00  0.000E+00
  1.3063100E+05 -0.000E+00 -0.000E+00  0.000E+00
  1.3063300E+05 -0.000E+00 -0.000E+00  0.000E+00
  1.3063500E+05 -0.000E+00 -0.000E+00  0.000E+00
  1.3063700E+05 -0.000E+00 -0.000E+00  0.000E+00
  1.3063900E+05 -0.000E+00 -0.000E+00  0.000E+00
  1.3064100E+05 -0.000E+00 -0.000E+00  0.000E+00
  1.3064300E+05 -0.000E+00 -0.000E+00  0.000E+00
  1.3064500E+05 -0.000E+00 -0.000E+00  0.000E+00
  1.3064700E+05 -0.000E+00 -0.000E+00  0.000E+00
  1.3064900E+05 -0.000E+00 -0.000E+00  0.000E+00
  1.3065100E+05 -0.000E+00 -0.000E+00  0.000E+00
  1.3065300E+05 -0.000E+00 -0.000E+00  0.000E+00
  1.3065500E+05 -0.000E+00 -0.000E+00  0.000E+00
  1.3065700E+05 -0.000E+00 -0.000E+00  0.000E+00
  1.3065900E+05 -0.000E+00 -0.000E+00  0.000E+00
  1.3066100E+05 -0.000E+00 -0.000E+00  0.000E+00
  1.3066300E+05 -0.000E+00 -0.000E+00  0.000E+00
  1.3066500E+05 -0.000E+00 -0.000E+00  0.000E+00
  1.3066700E+05 -0.000E+00 -0.000E+00  0.000E+00
  1.3066900E+05 -0.000E+00 -0.000E+00  0.000E+00
  1.3067100E+05 -0.000E+00 -0.000E+00  0.000E+00
  1.3067300E+05 -0.000E+00 -0.000E+00  0.000E+00
  1.3067500E+05 -0.000E+00 -0.000E+00  0.000E+00
  1.3067700E+05 -0.000E+00 -0.000E+00  0.000E+00
  1.3067900E+05 -0.000E+00 -0.000E+00  0.000E+00
  1.3068100E+05 -0.000E+00 -0.000E+00  0.000E+00
  1.3068300E+05 -0.000E+00 -0.000E+00  0.000E+00
  1.3068500E+05 -0.000E+00 -0.000E+00  0.000E+00
  1.3068700E+05 -0.000E+00 -0.000E+00  0.000E+00
  1.3068900E+05 -0.000E+00 -0.000E+00  0.000E+00
  1.3069100E+05 -0.000E+00 -0.000E+00  0.000E+00
  1.3069300E+05 -0.000E+00 -0.000E+00  0.000E+00
  1.3069500E+05 -0.000E+00 -0.000E+00  0.000E+00
  1.3069700E+05 -0.000E+00 -0.000E+00  0.000E+00
  1.3069900E+05 -0.000E+00 -0.000E+00  0.000E+00
  1.3070100E+05 -0.000E+00 -0.000E+00  0.000E+00
  1.3070300E+05 -0.000E+00 -0.000E+00  0.000E+00
  1.3070500E+05 -0.000E+00 -0.000E+00  0.000E+00
  1.3070700E+05 -0.000E+00 -0.000E+00  0.000E+00
  1.3070900E+05 -0.000E+00 -0.000E+00  0.000E+00
  1.3071100E+05 -0.000E+00 -0.000E+00  0.000E+00
  1.3071300E+05 -0.000E+00 -0.000E+00  0.000E+00
  1.3071500E+05 -0.000E+00 -0.000E+00  0.000E+00
  1.3071700E+05 -0.000E+00 -0.000E+00  0.000E+00
  1.3071900E+05 -0.000E+00 -0.000E+00  0.000E+00
  1.3072100E+05 -0.000E+00 -0.000E+00  0.000E+00
  1.3072300E+05 -0.000E+00 -0.000E+00  0.000E+00
  1.3072500E+05 -0.000E+00 -0.000E+00  0.000E+00
  1.3072700E+05 -0.000E+00 -0.000E+00  0.000E+00
  1.3072900E+05 -0.000E+00 -0.000E+00  0.000E+00
  1.3073100E+05 -0.000E+00 -0.000E+00  0.000E+00
  1.3073300E+05 -0.000E+00 -0.000E+00  0.000E+00
  1.3073500E+05 -0.000E+00 -0.000E+00  0.000E+00
  1.3073700E+05 -0.000E+00 -0.000E+00  0.000E+00
  1.3073900E+05 -0.000E+00 -0.000E+00  0.000E+00
  1.3074100E+05 -0.000E+00 -0.000E+00  0.000E+00
  1.3074300E+05 -0.000E+00 -0.000E+00  0.000E+00
  1.3074500E+05 -0.000E+00 -0.000E+00  0.000E+00
  1.3074700E+05 -0.000E+00 -0.000E+00  0.000E+00
  1.3074900E+05 -0.000E+00 -0.000E+00  0.000E+00
  1.3075100E+05 -0.000E+00 -0.000E+00  0.000E+00
  1.3075300E+05 -0.000E+00 -0.000E+00  0.000E+00
  1.3075500E+05 -0.000E+00 -0.000E+00  0.000E+00
  1.3075700E+05 -0.000E+00 -0.000E+00  0.000E+00
  1.3075900E+05 -0.000E+00 -0.000E+00  0.000E+00
  1.3076100E+05 -0.000E+00 -0.000E+00  0.000E+00
  1.3076300E+05 -0.000E+00 -0.000E+00  0.000E+00
  1.3076500E+05 -0.000E+00 -0.000E+00  0.000E+00
  1.3076700E+05 -0.000E+00 -0.000E+00  0.000E+00
  1.3076900E+05 -0.000E+00 -0.000E+00  0.000E+00
  1.3077100E+05 -0.000E+00 -0.000E+00  0.000E+00
  1.3077300E+05 -0.000E+00 -0.000E+00  0.000E+00
  1.3077500E+05 -0.000E+00 -0.000E+00  0.000E+00
  1.3077700E+05 -0.000E+00 -0.000E+00  0.000E+00
  1.3077900E+05 -0.000E+00 -0.000E+00  0.000E+00
  1.3078100E+05 -0.000E+00 -0.000E+00  0.000E+00
  1.3078300E+05 -0.000E+00 -0.000E+00  0.000E+00
  1.3078500E+05 -0.000E+00 -0.000E+00  0.000E+00
  1.3078700E+05 -0.000E+00 -0.000E+00  0.000E+00
  1.3078900E+05 -0.000E+00 -0.000E+00  0.000E+00
  1.3079100E+05 -0.000E+00 -0.000E+00  0.000E+00
  1.3079300E+05 -0.000E+00 -0.000E+00  0.000E+00
  1.3079500E+05 -0.000E+00 -0.000E+00  0.000E+00
  1.3079700E+05 -0.000E+00 -0.000E+00  0.000E+00
  1.3079900E+05 -0.000E+00 -0.000E+00  0.000E+00
  1.3080100E+05 -0.000E+00 -0.000E+00  0.000E+00
  1.3080300E+05 -0.000E+00 -0.000E+00  0.000E+00
  1.3080500E+05 -0.000E+00 -0.000E+00  0.000E+00
  1.3080700E+05 -0.000E+00 -0.000E+00  0.000E+00
  1.3080900E+05 -0.000E+00 -0.000E+00  0.000E+00
  1.3081100E+05 -0.000E+00 -0.000E+00  0.000E+00
  1.3081300E+05 -0.000E+00 -0.000E+00  0.000E+00
  1.3081500E+05 -0.000E+00 -0.000E+00  0.000E+00
  1.3081700E+05 -0.000E+00 -0.000E+00  0.000E+00
  1.3081900E+05 -0.000E+00 -0.000E+00  0.000E+00
  1.3082100E+05 -0.000E+00 -0.000E+00  0.000E+00
  1.3082300E+05 -0.000E+00 -0.000E+00  0.000E+00
  1.3082500E+05 -0.000E+00 -0.000E+00  0.000E+00
  1.3082700E+05 -0.000E+00 -0.000E+00  0.000E+00
  1.3082900E+05 -0.000E+00 -0.000E+00  0.000E+00
  1.3083100E+05 -0.000E+00 -0.000E+00  0.000E+00
  1.3083300E+05 -0.000E+00 -0.000E+00  0.000E+00
  1.3083500E+05 -0.000E+00 -0.000E+00  0.000E+00
  1.3083700E+05 -0.000E+00 -0.000E+00  0.000E+00
  1.3083900E+05 -0.000E+00 -0.000E+00  0.000E+00
  1.3084100E+05 -0.000E+00 -0.000E+00  0.000E+00
  1.3084300E+05 -0.000E+00 -0.000E+00  0.000E+00
  1.3084500E+05 -0.000E+00 -0.000E+00  0.000E+00
  1.3084700E+05  1.821E-08 -6.065E-09  6.731E-08
  1.3084900E+05  8.392E-05 -1.002E-05  6.305E-05
  1.3085100E+05 -1.440E-03  1.618E-04 -9.439E-04
  1.3085300E+05  3.919E-04 -7.998E-06 -2.409E-04
  1.3085500E+05  1.051E-04 -3.950E-05  4.546E-04
  1.3085700E+05  2.222E-05 -1.311E-06 -1.655E-06
  1.3085900E+05 -3.310E-04  7.358E-05 -7.299E-04
  1.3086100E+05 -1.372E-04  6.048E-06  4.937E-05
  1.3086300E+05 -2.532E-04  3.479E-05 -2.593E-04
  1.3086500E+05 -3.723E-03  3.349E-04 -1.323E-03
  1.3086700E+05 -4.752E-03  5.088E-04 -2.878E-03
  1.3086900E+05 -2.363E-03  2.901E-04 -1.969E-03
  1.3087100E+05 -7.155E-03  7.682E-04 -4.437E-03
  1.3087300E+05 -7.580E-03  9.920E-04 -7.236E-03
  1.3087500E+05 -1.244E-02  1.230E-03 -6.267E-03
  1.3087700E+05 -1.516E-02  1.868E-03 -1.295E-02
  1.3087900E+05 -2.053E-02  2.308E-03 -1.448E-02
  1.3088100E+05 -3.880E-02  3.513E-03 -1.537E-02
  1.3088300E+05 -4.469E-02  5.466E-03 -3.796E-02
  1.3088500E+05 -6.384E-02  6.931E-03 -4.221E-02
  1.3088700E+05 -7.295E-02  7.998E-03 -4.975E-02
  1.3088900E+05 -8.038E-02  7.849E-03 -4.093E-02
  1.3089100E+05 -1.176E-01  1.366E-02 -9.198E-02
  1.3089300E+05 -1.231E-01  1.308E-02 -7.888E-02
  1.3089500E+05 -1.549E-01  1.576E-02 -9.001E-02
  1.3089700E+05 -1.952E-01  2.063E-02 -1.252E-01
  1.3089900E+05 -2.558E-01  2.674E-02 -1.605E-01
  1.3090100E+05 -2.406E-01  2.548E-02 -1.567E-01
  1.3090300E+05 -2.857E-01  3.026E-02 -1.871E-01
  1.3090500E+05 -3.893E-01  4.096E-02 -2.523E-01
  1.3090700E+05 -4.282E-01  4.267E-02 -2.444E-01
  1.3090900E+05 -4.333E-01  4.653E-02 -2.976E-01
  1.3091100E+05 -5.097E-01  5.210E-02 -3.135E-01
  1.3091300E+05 -5.885E-01  6.090E-02 -3.744E-01
  1.3091500E+05 -5.831E-01  6.297E-02 -4.119E-01
  1.3091700E+05 -7.582E-01  7.742E-02 -4.729E-01
  1.3091900E+05 -8.149E-01  8.324E-02 -5.108E-01
  1.3092100E+05 -8.277E-01  8.429E-02 -5.187E-01
  1.3092300E+05 -8.213E-01  8.379E-02 -5.211E-01
  1.3092500E+05 -9.040E-01  9.183E-02 -5.707E-01
  1.3092700E+05 -1.144E+00  1.143E-01 -6.982E-01
  1.3092900E+05 -1.095E+00  1.153E-01 -7.580E-01
  1.3093100E+05 -1.104E+00  1.102E-01 -6.829E-01
  1.3093300E+05 -1.304E+00  1.244E-01 -7.223E-01
  1.3093500E+05 -1.270E+00  1.295E-01 -8.336E-01
  1.3093700E+05 -1.151E+00  1.185E-01 -7.767E-01
  1.3093900E+05 -1.149E+00  1.189E-01 -7.890E-01
  1.3094100E+05 -1.194E+00  1.219E-01 -7.974E-01
  1.3094300E+05 -1.230E+00  1.226E-01 -7.858E-01
  1.3094500E+05 -1.273E+00  1.244E-01 -7.802E-01
  1.3094700E+05 -1.333E+00  1.313E-01 -8.364E-01
  1.3094900E+05 -1.216E+00  1.238E-01 -8.295E-01
  1.3095100E+05 -1.365E+00  1.334E-01 -8.526E-01
  1.3095300E+05 -1.239E+00  1.194E-01 -7.544E-01
  1.3095500E+05 -1.254E+00  1.217E-01 -7.813E-01
  1.3095700E+05 -1.002E+00  9.449E-02 -5.925E-01
  1.3095900E+05 -9.821E-01  9.577E-02 -6.299E-01
  1.3096100E+05 -1.015E+00  9.614E-02 -6.111E-01
  1.3096300E+05 -1.069E+00  9.933E-02 -6.201E-01
  1.3096500E+05 -9.193E-01  8.947E-02 -5.988E-01
  1.3096700E+05 -8.375E-01  8.359E-02 -5.835E-01
  1.3096900E+05 -8.708E-01  8.567E-02 -5.888E-01
  1.3097100E+05 -7.259E-01  6.869E-02 -4.571E-01
  1.3097300E+05 -5.347E-01  5.349E-02 -3.885E-01
  1.3097500E+05 -5.245E-01  5.231E-02 -3.806E-01
  1.3097700E+05 -5.188E-01  4.772E-02 -3.192E-01
  1.3097900E+05 -4.176E-01  4.482E-02 -3.584E-01
  1.3098100E+05 -4.658E-01  3.922E-02 -2.352E-01
  1.3098300E+05 -3.144E-01  3.106E-02 -2.416E-01
  1.3098500E+05 -2.961E-01  2.257E-02 -1.233E-01
  1.3098700E+05 -2.742E-01  2.401E-02 -1.659E-01
  1.3098900E+05 -2.036E-01  2.164E-02 -1.895E-01
  1.3099100E+05 -1.297E-01  1.053E-02 -8.339E-02
  1.3099300E+05 -1.374E-01  1.381E-02 -1.219E-01
  1.3099500E+05 -1.482E-01  1.315E-02 -1.051E-01
  1.3099700E+05 -8.287E-02  5.317E-03 -3.839E-02
