 -5.2065000E+04 -0.000E+00 -0.000E+00  0.000E+00
 -5.2063000E+04 -0.000E+00 -0.000E+00  0.000E+00
 -5.2061000E+04 -0.000E+00 -0.000E+00  0.000E+00
 -5.2059000E+04 -0.000E+00 -0.000E+00  0.000E+00
 -5.2057000E+04 -0.000E+00 -0.000E+00  0.000E+00
 -5.2055000E+04 -0.000E+00 -0.000E+00  0.000E+00
 -5.2053000E+04 -0.000E+00 -0.000E+00  0.000E+00
 -5.2051000E+04 -0.000E+00 -0.000E+00  0.000E+00
 -5.2049000E+04 -0.000E+00 -0.000E+00  0.000E+00
 -5.2047000E+04 -0.000E+00 -0.000E+00  0.000E+00
 -5.2045000E+04 -0.000E+00 -0.000E+00  0.000E+00
 -5.2043000E+04 -0.000E+00 -0.000E+00  0.000E+00
 -5.2041000E+04 -0.000E+00 -0.000E+00  0.000E+00
 -5.2039000E+04 -0.000E+00 -0.000E+00  0.000E+00
 -5.2037000E+04 -0.000E+00 -0.000E+00  0.000E+00
 -5.2035000E+04 -0.000E+00 -0.000E+00  0.000E+00
 -5.2033000E+04 -0.000E+00 -0.000E+00  0.000E+00
 -5.2031000E+04 -0.000E+00 -0.000E+00  0.000E+00
 -5.2029000E+04 -0.000E+00 -0.000E+00  0.000E+00
 -5.2027000E+04 -0.000E+00 -0.000E+00  0.000E+00
 -5.2025000E+04 -0.000E+00 -0.000E+00  0.000E+00
 -5.2023000E+04 -0.000E+00 -0.000E+00  0.000E+00
 -5.2021000E+04 -0.000E+00 -0.000E+00  0.000E+00
 -5.2019000E+04 -0.000E+00 -0.000E+00  0.000E+00
 -5.2017000E+04 -0.000E+00 -0.000E+00  0.000E+00
 -5.2015000E+04 -0.000E+00 -0.000E+00  0.000E+00
 -5.2013000E+04 -0.000E+00 -0.000E+00  0.000E+00
 -5.2011000E+04 -0.000E+00 -0.000E+00  0.000E+00
 -5.2009000E+04 -0.000E+00 -0.000E+00  0.000E+00
 -5.2007000E+04 -0.000E+00 -0.000E+00  0.000E+00
 -5.2005000E+04 -0.000E+00 -0.000E+00  0.000E+00
 -5.2003000E+04 -0.000E+00 -0.000E+00  0.000E+00
 -5.2001000E+04 -0.000E+00 -0.000E+00  0.000E+00
 -5.1999000E+04 -0.000E+00 -0.000E+00  0.000E+00
 -5.1997000E+04 -0.000E+00 -0.000E+00  0.000E+00
 -5.1995000E+04 -0.000E+00 -0.000E+00  0.000E+00
 -5.1993000E+04 -0.000E+00 -0.000E+00  0.000E+00
 -5.1991000E+04 -0.000E+00 -0.000E+00  0.000E+00
 -5.1989000E+04 -0.000E+00 -0.000E+00  0.000E+00
 -5.1987000E+04 -0.000E+00 -0.000E+00  0.000E+00
 -5.1985000E+04 -0.000E+00 -0.000E+00  0.000E+00
 -5.1983000E+04 -0.000E+00 -0.000E+00  0.000E+00
 -5.1981000E+04 -0.000E+00 -0.000E+00  0.000E+00
 -5.1979000E+04 -0.000E+00 -0.000E+00  0.000E+00
 -5.1977000E+04 -0.000E+00 -0.000E+00  0.000E+00
 -5.1975000E+04 -0.000E+00 -0.000E+00  0.000E+00
 -5.1973000E+04 -0.000E+00 -0.000E+00  0.000E+00
 -5.1971000E+04 -0.000E+00 -0.000E+00  0.000E+00
 -5.1969000E+04 -0.000E+00 -0.000E+00  0.000E+00
 -5.1967000E+04 -0.000E+00 -0.000E+00  0.000E+00
 -5.1965000E+04 -0.000E+00 -0.000E+00  0.000E+00
 -5.1963000E+04 -0.000E+00 -0.000E+00  0.000E+00
 -5.1961000E+04 -0.000E+00 -0.000E+00  0.000E+00
 -5.1959000E+04 -0.000E+00 -0.000E+00  0.000E+00
 -5.1957000E+04 -0.000E+00 -0.000E+00  0.000E+00
 -5.1955000E+04 -0.000E+00 -0.000E+00  0.000E+00
 -5.1953000E+04 -0.000E+00 -0.000E+00  0.000E+00
 -5.1951000E+04 -0.000E+00 -0.000E+00  0.000E+00
 -5.1949000E+04 -0.000E+00 -0.000E+00  0.000E+00
 -5.1947000E+04 -0.000E+00 -0.000E+00  0.000E+00
 -5.1945000E+04 -0.000E+00 -0.000E+00  0.000E+00
 -5.1943000E+04 -0.000E+00 -0.000E+00  0.000E+00
 -5.1941000E+04 -0.000E+00 -0.000E+00  0.000E+00
 -5.1939000E+04 -0.000E+00 -0.000E+00  0.000E+00
 -5.1937000E+04 -0.000E+00 -0.000E+00  0.000E+00
 -5.1935000E+04 -0.000E+00 -0.000E+00  0.000E+00
 -5.1933000E+04 -0.000E+00 -0.000E+00  0.000E+00
 -5.1931000E+04 -0.000E+00 -0.000E+00  0.000E+00
 -5.1929000E+04 -0.000E+00 -0.000E+00  0.000E+00
 -5.1927000E+04 -0.000E+00 -0.000E+00  0.000E+00
 -5.1925000E+04 -0.000E+00 -0.000E+00  0.000E+00
 -5.1923000E+04 -0.000E+00 -0.000E+00  0.000E+00
 -5.1921000E+04 -0.000E+00 -0.000E+00  0.000E+00
 -5.1919000E+04 -0.000E+00 -0.000E+00  0.000E+00
 -5.1917000E+04 -0.000E+00 -0.000E+00  0.000E+00
 -5.1915000E+04 -0.000E+00 -0.000E+00  0.000E+00
 -5.1913000E+04 -0.000E+00 -0.000E+00  0.000E+00
 -5.1911000E+04 -0.000E+00 -0.000E+00  0.000E+00
 -5.1909000E+04 -0.000E+00 -0.000E+00  0.000E+00
 -5.1907000E+04 -0.000E+00 -0.000E+00  0.000E+00
 -5.1905000E+04 -0.000E+00 -0.000E+00  0.000E+00
 -5.1903000E+04 -0.000E+00 -0.000E+00  0.000E+00
 -5.1901000E+04 -0.000E+00 -0.000E+00  0.000E+00
 -5.1899000E+04 -0.000E+00 -0.000E+00  0.000E+00
 -5.1897000E+04 -0.000E+00 -0.000E+00  0.000E+00
 -5.1895000E+04 -0.000E+00 -0.000E+00  0.000E+00
 -5.1893000E+04 -0.000E+00 -0.000E+00  0.000E+00
 -5.1891000E+04 -0.000E+00 -0.000E+00  0.000E+00
 -5.1889000E+04 -0.000E+00 -0.000E+00  0.000E+00
 -5.1887000E+04 -0.000E+00 -0.000E+00  0.000E+00
 -5.1885000E+04 -0.000E+00 -0.000E+00  0.000E+00
 -5.1883000E+04 -0.000E+00 -0.000E+00  0.000E+00
 -5.1881000E+04 -0.000E+00 -0.000E+00  0.000E+00
 -5.1879000E+04 -0.000E+00 -0.000E+00  0.000E+00
 -5.1877000E+04 -0.000E+00 -0.000E+00  0.000E+00
 -5.1875000E+04 -0.000E+00 -0.000E+00  0.000E+00
 -5.1873000E+04 -0.000E+00 -0.000E+00  0.000E+00
 -5.1871000E+04 -0.000E+00 -0.000E+00  0.000E+00
 -5.1869000E+04 -0.000E+00 -0.000E+00  0.000E+00
 -5.1867000E+04 -0.000E+00 -0.000E+00  0.000E+00
 -5.1865000E+04 -0.000E+00 -0.000E+00  0.000E+00
 -5.1863000E+04 -0.000E+00 -0.000E+00  0.000E+00
 -5.1861000E+04 -0.000E+00 -0.000E+00  0.000E+00
 -5.1859000E+04 -0.000E+00 -0.000E+00  0.000E+00
 -5.1857000E+04 -0.000E+00 -0.000E+00  0.000E+00
 -5.1855000E+04 -0.000E+00 -0.000E+00  0.000E+00
 -5.1853000E+04 -0.000E+00 -0.000E+00  0.000E+00
 -5.1851000E+04 -0.000E+00 -0.000E+00  0.000E+00
 -5.1849000E+04 -0.000E+00 -0.000E+00  0.000E+00
 -5.1847000E+04 -0.000E+00 -0.000E+00  0.000E+00
 -5.1845000E+04 -0.000E+00 -0.000E+00  0.000E+00
 -5.1843000E+04 -0.000E+00 -0.000E+00  0.000E+00
 -5.1841000E+04 -0.000E+00 -0.000E+00  0.000E+00
 -5.1839000E+04 -0.000E+00 -0.000E+00  0.000E+00
 -5.1837000E+04 -0.000E+00 -0.000E+00  0.000E+00
 -5.1835000E+04 -0.000E+00 -0.000E+00  0.000E+00
 -5.1833000E+04 -0.000E+00 -0.000E+00  0.000E+00
 -5.1831000E+04 -0.000E+00 -0.000E+00  0.000E+00
 -5.1829000E+04 -0.000E+00 -0.000E+00  0.000E+00
 -5.1827000E+04 -0.000E+00 -0.000E+00  0.000E+00
 -5.1825000E+04 -0.000E+00 -0.000E+00  0.000E+00
 -5.1823000E+04 -0.000E+00 -0.000E+00  0.000E+00
 -5.1821000E+04 -0.000E+00 -0.000E+00  0.000E+00
 -5.1819000E+04 -0.000E+00 -0.000E+00  0.000E+00
 -5.1817000E+04 -0.000E+00 -0.000E+00  0.000E+00
 -5.1815000E+04 -0.000E+00 -0.000E+00  0.000E+00
 -5.1813000E+04 -0.000E+00 -0.000E+00  0.000E+00
 -5.1811000E+04 -0.000E+00 -0.000E+00  0.000E+00
 -5.1809000E+04 -0.000E+00 -0.000E+00  0.000E+00
 -5.1807000E+04 -0.000E+00 -0.000E+00  0.000E+00
 -5.1805000E+04  1.082E-08 -5.660E-09  5.599E-08
 -5.1803000E+04  1.313E-08 -6.685E-09  6.590E-08
 -5.1801000E+04 -1.677E-04  5.947E-06  3.990E-05
 -5.1799000E+04 -3.085E-04  2.231E-05 -5.326E-05
 -5.1797000E+04 -3.804E-04  1.336E-05  9.494E-05
 -5.1795000E+04  1.427E-05 -1.942E-05  2.111E-04
 -5.1793000E+04 -7.515E-05  1.042E-05 -6.951E-05
 -5.1791000E+04 -2.772E-04  5.325E-05 -4.146E-04
 -5.1789000E+04 -1.009E-03  1.324E-04 -8.416E-04
 -5.1787000E+04  1.072E-04  5.674E-06 -1.302E-04
 -5.1785000E+04 -7.793E-04  1.485E-04 -1.143E-03
 -5.1783000E+04 -1.341E-03  2.255E-04 -1.646E-03
 -5.1781000E+04  2.196E-05 -8.594E-05  9.161E-04
 -5.1779000E+04  2.170E-04 -1.198E-05 -2.401E-06
 -5.1777000E+04 -2.441E-03  2.411E-04 -1.192E-03
 -5.1775000E+04 -4.868E-04  1.133E-04 -9.561E-04
 -5.1773000E+04 -2.861E-03  2.531E-04 -1.072E-03
 -5.1771000E+04 -4.841E-04  4.788E-05 -2.407E-04
 -5.1769000E+04 -2.760E-03  5.013E-04 -3.885E-03
 -5.1767000E+04 -2.650E-03  1.723E-04 -3.246E-04
 -5.1765000E+04 -4.049E-03  3.991E-04 -2.007E-03
 -5.1763000E+04 -9.474E-04  4.513E-04 -4.411E-03
 -5.1761000E+04 -3.699E-03  8.797E-04 -7.504E-03
 -5.1759000E+04 -9.692E-03  1.180E-03 -7.336E-03
 -5.1757000E+04 -1.123E-02  9.795E-04 -4.257E-03
 -5.1755000E+04 -1.087E-02  1.393E-03 -9.052E-03
 -5.1753000E+04 -1.166E-02  2.099E-03 -1.623E-02
 -5.1751000E+04 -2.318E-02  2.352E-03 -1.255E-02
 -5.1749000E+04 -2.275E-02  2.654E-03 -1.609E-02
 -5.1747000E+04 -2.007E-02  3.142E-03 -2.302E-02
 -5.1745000E+04 -3.702E-02  4.017E-03 -2.288E-02
 -5.1743000E+04 -3.161E-02  3.896E-03 -2.471E-02
 -5.1741000E+04 -3.378E-02  4.487E-03 -3.028E-02
 -5.1739000E+04 -4.372E-02  4.978E-03 -3.007E-02
 -5.1737000E+04 -6.969E-02  7.554E-03 -4.383E-02
 -5.1735000E+04 -5.601E-02  6.035E-03 -3.491E-02
 -5.1733000E+04 -5.819E-02  7.141E-03 -4.591E-02
 -5.1731000E+04 -7.208E-02  7.739E-03 -4.502E-02
 -5.1729000E+04 -6.999E-02  7.855E-03 -4.765E-02
 -5.1727000E+04 -7.444E-02  9.469E-03 -6.271E-02
 -5.1725000E+04 -1.337E-01  1.545E-02 -9.611E-02
 -5.1723000E+04 -1.460E-01  1.517E-02 -8.688E-02
 -5.1721000E+04 -1.184E-01  1.440E-02 -9.357E-02
 -5.1719000E+04 -1.390E-01  1.980E-02 -1.412E-01
 -5.1717000E+04 -1.646E-01  1.786E-02 -1.071E-01
 -5.1715000E+04 -1.980E-01  2.060E-02 -1.195E-01
 -5.1713000E+04 -2.050E-01  2.266E-02 -1.384E-01
 -5.1711000E+04 -2.164E-01  2.475E-02 -1.559E-01
 -5.1709000E+04 -2.343E-01  2.357E-02 -1.342E-01
 -5.1707000E+04 -2.324E-01  2.930E-02 -1.975E-01
 -5.1705000E+04 -3.009E-01  2.906E-02 -1.605E-01
 -5.1703000E+04 -3.266E-01  3.509E-02 -2.127E-01
 -5.1701000E+04 -3.581E-01  3.613E-02 -2.089E-01
 -5.1699000E+04 -3.180E-01  3.360E-02 -2.025E-01
 -5.1697000E+04 -3.539E-01  3.927E-02 -2.464E-01
 -5.1695000E+04 -4.094E-01  4.262E-02 -2.554E-01
 -5.1693000E+04 -3.940E-01  4.404E-02 -2.789E-01
 -5.1691000E+04 -4.077E-01  4.661E-02 -3.010E-01
 -5.1689000E+04 -4.951E-01  5.319E-02 -3.301E-01
 -5.1687000E+04 -5.035E-01  4.871E-02 -2.780E-01
