 -2.0421300E+05 -0.000E+00 -0.000E+00  0.000E+00
 -2.0421100E+05 -0.000E+00 -0.000E+00  0.000E+00
 -2.0420900E+05 -0.000E+00 -0.000E+00  0.000E+00
 -2.0420700E+05 -0.000E+00 -0.000E+00  0.000E+00
 -2.0420500E+05 -0.000E+00 -0.000E+00  0.000E+00
 -2.0420300E+05 -0.000E+00 -0.000E+00  0.000E+00
 -2.0420100E+05 -0.000E+00 -0.000E+00  0.000E+00
 -2.0419900E+05 -0.000E+00 -0.000E+00  0.000E+00
 -2.0419700E+05 -0.000E+00 -0.000E+00  0.000E+00
 -2.0419500E+05 -0.000E+00 -0.000E+00  0.000E+00
 -2.0419300E+05 -0.000E+00 -0.000E+00  0.000E+00
 -2.0419100E+05 -0.000E+00 -0.000E+00  0.000E+00
 -2.0418900E+05 -0.000E+00 -0.000E+00  0.000E+00
 -2.0418700E+05 -0.000E+00 -0.000E+00  0.000E+00
 -2.0418500E+05 -0.000E+00 -0.000E+00  0.000E+00
 -2.0418300E+05 -0.000E+00 -0.000E+00  0.000E+00
 -2.0418100E+05 -0.000E+00 -0.000E+00  0.000E+00
 -2.0417900E+05 -0.000E+00 -0.000E+00  0.000E+00
 -2.0417700E+05 -0.000E+00 -0.000E+00  0.000E+00
 -2.0417500E+05 -0.000E+00 -0.000E+00  0.000E+00
 -2.0417300E+05 -0.000E+00 -0.000E+00  0.000E+00
 -2.0417100E+05 -0.000E+00 -0.000E+00  0.000E+00
 -2.0416900E+05 -0.000E+00 -0.000E+00  0.000E+00
 -2.0416700E+05 -0.000E+00 -0.000E+00  0.000E+00
 -2.0416500E+05 -0.000E+00 -0.000E+00  0.000E+00
 -2.0416300E+05 -0.000E+00 -0.000E+00  0.000E+00
 -2.0416100E+05 -0.000E+00 -0.000E+00  0.000E+00
 -2.0415900E+05 -0.000E+00 -0.000E+00  0.000E+00
 -2.0415700E+05 -0.000E+00 -0.000E+00  0.000E+00
 -2.0415500E+05 -0.000E+00 -0.000E+00  0.000E+00
 -2.0415300E+05 -0.000E+00 -0.000E+00  0.000E+00
 -2.0415100E+05 -0.000E+00 -0.000E+00  0.000E+00
 -2.0414900E+05 -0.000E+00 -0.000E+00  0.000E+00
 -2.0414700E+05 -0.000E+00 -0.000E+00  0.000E+00
 -2.0414500E+05 -0.000E+00 -0.000E+00  0.000E+00
 -2.0414300E+05 -0.000E+00 -0.000E+00  0.000E+00
 -2.0414100E+05 -0.000E+00 -0.000E+00  0.000E+00
 -2.0413900E+05 -0.000E+00 -0.000E+00  0.000E+00
 -2.0413700E+05 -0.000E+00 -0.000E+00  0.000E+00
 -2.0413500E+05 -0.000E+00 -0.000E+00  0.000E+00
 -2.0413300E+05 -0.000E+00 -0.000E+00  0.000E+00
 -2.0413100E+05 -0.000E+00 -0.000E+00  0.000E+00
 -2.0412900E+05 -0.000E+00 -0.000E+00  0.000E+00
 -2.0412700E+05 -0.000E+00 -0.000E+00  0.000E+00
 -2.0412500E+05 -0.000E+00 -0.000E+00  0.000E+00
 -2.0412300E+05 -0.000E+00 -0.000E+00  0.000E+00
 -2.0412100E+05 -0.000E+00 -0.000E+00  0.000E+00
 -2.0411900E+05 -0.000E+00 -0.000E+00  0.000E+00
 -2.0411700E+05 -0.000E+00 -0.000E+00  0.000E+00
 -2.0411500E+05 -0.000E+00 -0.000E+00  0.000E+00
 -2.0411300E+05 -0.000E+00 -0.000E+00  0.000E+00
 -2.0411100E+05 -0.000E+00 -0.000E+00  0.000E+00
 -2.0410900E+05 -0.000E+00 -0.000E+00  0.000E+00
 -2.0410700E+05 -0.000E+00 -0.000E+00  0.000E+00
 -2.0410500E+05 -0.000E+00 -0.000E+00  0.000E+00
 -2.0410300E+05 -0.000E+00 -0.000E+00  0.000E+00
 -2.0410100E+05 -0.000E+00 -0.000E+00  0.000E+00
 -2.0409900E+05 -0.000E+00 -0.000E+00  0.000E+00
 -2.0409700E+05 -0.000E+00 -0.000E+00  0.000E+00
 -2.0409500E+05 -0.000E+00 -0.000E+00  0.000E+00
 -2.0409300E+05 -0.000E+00 -0.000E+00  0.000E+00
 -2.0409100E+05 -0.000E+00 -0.000E+00  0.000E+00
 -2.0408900E+05 -0.000E+00 -0.000E+00  0.000E+00
 -2.0408700E+05 -0.000E+00 -0.000E+00  0.000E+00
 -2.0408500E+05 -0.000E+00 -0.000E+00  0.000E+00
 -2.0408300E+05 -0.000E+00 -0.000E+00  0.000E+00
 -2.0408100E+05 -0.000E+00 -0.000E+00  0.000E+00
 -2.0407900E+05 -0.000E+00 -0.000E+00  0.000E+00
 -2.0407700E+05 -0.000E+00 -0.000E+00  0.000E+00
 -2.0407500E+05 -0.000E+00 -0.000E+00  0.000E+00
 -2.0407300E+05 -0.000E+00 -0.000E+00  0.000E+00
 -2.0407100E+05 -0.000E+00 -0.000E+00  0.000E+00
 -2.0406900E+05 -0.000E+00 -0.000E+00  0.000E+00
 -2.0406700E+05 -0.000E+00 -0.000E+00  0.000E+00
 -2.0406500E+05 -0.000E+00 -0.000E+00  0.000E+00
 -2.0406300E+05 -0.000E+00 -0.000E+00  0.000E+00
 -2.0406100E+05 -0.000E+00 -0.000E+00  0.000E+00
 -2.0405900E+05 -0.000E+00 -0.000E+00  0.000E+00
 -2.0405700E+05 -0.000E+00 -0.000E+00  0.000E+00
 -2.0405500E+05 -0.000E+00 -0.000E+00  0.000E+00
 -2.0405300E+05 -0.000E+00 -0.000E+00  0.000E+00
 -2.0405100E+05 -0.000E+00 -0.000E+00  0.000E+00
 -2.0404900E+05 -0.000E+00 -0.000E+00  0.000E+00
 -2.0404700E+05 -0.000E+00 -0.000E+00  0.000E+00
 -2.0404500E+05 -0.000E+00 -0.000E+00  0.000E+00
 -2.0404300E+05 -0.000E+00 -0.000E+00  0.000E+00
 -2.0404100E+05 -0.000E+00 -0.000E+00  0.000E+00
 -2.0403900E+05 -0.000E+00 -0.000E+00  0.000E+00
 -2.0403700E+05 -0.000E+00 -0.000E+00  0.000E+00
 -2.0403500E+05 -0.000E+00 -0.000E+00  0.000E+00
 -2.0403300E+05 -0.000E+00 -0.000E+00  0.000E+00
 -2.0403100E+05 -0.000E+00 -0.000E+00  0.000E+00
 -2.0402900E+05 -0.000E+00 -0.000E+00  0.000E+00
 -2.0402700E+05 -0.000E+00 -0.000E+00  0.000E+00
 -2.0402500E+05 -0.000E+00 -0.000E+00  0.000E+00
 -2.0402300E+05 -0.000E+00 -0.000E+00  0.000E+00
 -2.0402100E+05 -0.000E+00 -0.000E+00  0.000E+00
 -2.0401900E+05 -0.000E+00 -0.000E+00  0.000E+00
 -2.0401700E+05 -0.000E+00 -0.000E+00  0.000E+00
 -2.0401500E+05 -0.000E+00 -0.000E+00  0.000E+00
 -2.0401300E+05 -0.000E+00 -0.000E+00  0.000E+00
 -2.0401100E+05 -0.000E+00 -0.000E+00  0.000E+00
 -2.0400900E+05 -0.000E+00 -0.000E+00  0.000E+00
 -2.0400700E+05 -0.000E+00 -0.000E+00  0.000E+00
 -2.0400500E+05 -0.000E+00 -0.000E+00  0.000E+00
 -2.0400300E+05 -0.000E+00 -0.000E+00  0.000E+00
 -2.0400100E+05 -0.000E+00 -0.000E+00  0.000E+00
 -2.0399900E+05 -0.000E+00 -0.000E+00  0.000E+00
 -2.0399700E+05 -0.000E+00 -0.000E+00  0.000E+00
 -2.0399500E+05 -0.000E+00 -0.000E+00  0.000E+00
 -2.0399300E+05 -0.000E+00 -0.000E+00  0.000E+00
 -2.0399100E+05 -0.000E+00 -0.000E+00  0.000E+00
 -2.0398900E+05 -0.000E+00 -0.000E+00  0.000E+00
 -2.0398700E+05 -0.000E+00 -0.000E+00  0.000E+00
 -2.0398500E+05 -0.000E+00 -0.000E+00  0.000E+00
 -2.0398300E+05 -0.000E+00 -0.000E+00  0.000E+00
 -2.0398100E+05 -0.000E+00 -0.000E+00  0.000E+00
 -2.0397900E+05 -0.000E+00 -0.000E+00  0.000E+00
 -2.0397700E+05 -0.000E+00 -0.000E+00  0.000E+00
 -2.0397500E+05 -0.000E+00 -0.000E+00  0.000E+00
 -2.0397300E+05 -0.000E+00 -0.000E+00  0.000E+00
 -2.0397100E+05 -0.000E+00 -0.000E+00  0.000E+00
 -2.0396900E+05 -0.000E+00 -0.000E+00  0.000E+00
 -2.0396700E+05 -0.000E+00 -0.000E+00  0.000E+00
 -2.0396500E+05 -0.000E+00 -0.000E+00  0.000E+00
 -2.0396300E+05 -0.000E+00 -0.000E+00  0.000E+00
 -2.0396100E+05 -0.000E+00 -0.000E+00  0.000E+00
 -2.0395900E+05 -0.000E+00 -0.000E+00  0.000E+00
 -2.0395700E+05 -0.000E+00 -0.000E+00  0.000E+00
 -2.0395500E+05 -0.000E+00 -0.000E+00  0.000E+00
 -2.0395300E+05 -0.000E+00 -0.000E+00  0.000E+00
 -2.0395100E+05 -0.000E+00 -0.000E+00  0.000E+00
 -2.0394900E+05 -0.000E+00 -0.000E+00  0.000E+00
 -2.0394700E+05 -0.000E+00 -0.000E+00  0.000E+00
 -2.0394500E+05 -0.000E+00 -0.000E+00  0.000E+00
 -2.0394300E+05 -0.000E+00 -0.000E+00  0.000E+00
 -2.0394100E+05 -0.000E+00 -0.000E+00  0.000E+00
 -2.0393900E+05 -0.000E+00 -0.000E+00  0.000E+00
 -2.0393700E+05 -0.000E+00 -0.000E+00  0.000E+00
 -2.0393500E+05 -0.000E+00 -0.000E+00  0.000E+00
 -2.0393300E+05 -0.000E+00 -0.000E+00  0.000E+00
 -2.0393100E+05 -0.000E+00 -0.000E+00  0.000E+00
 -2.0392900E+05 -0.000E+00 -0.000E+00  0.000E+00
 -2.0392700E+05 -0.000E+00 -0.000E+00  0.000E+00
 -2.0392500E+05 -0.000E+00 -0.000E+00  0.000E+00
 -2.0392300E+05 -0.000E+00 -0.000E+00  0.000E+00
 -2.0392100E+05 -0.000E+00 -0.000E+00  0.000E+00
 -2.0391900E+05 -0.000E+00 -0.000E+00  0.000E+00
 -2.0391700E+05 -0.000E+00 -0.000E+00  0.000E+00
 -2.0391500E+05 -0.000E+00 -0.000E+00  0.000E+00
 -2.0391300E+05 -0.000E+00 -0.000E+00  0.000E+00
 -2.0391100E+05 -0.000E+00 -0.000E+00  0.000E+00
 -2.0390900E+05 -0.000E+00 -0.000E+00  0.000E+00
 -2.0390700E+05 -0.000E+00 -0.000E+00  0.000E+00
 -2.0390500E+05 -0.000E+00 -0.000E+00  0.000E+00
 -2.0390300E+05 -0.000E+00 -0.000E+00  0.000E+00
 -2.0390100E+05 -0.000E+00 -0.000E+00  0.000E+00
 -2.0389900E+05 -0.000E+00 -0.000E+00  0.000E+00
 -2.0389700E+05  1.163E-08 -6.980E-09  5.499E-08
 -2.0389500E+05  1.652E-08 -9.911E-09  7.809E-08
 -2.0389300E+05 -1.097E-09 -1.190E-10  1.693E-09
 -2.0389100E+05 -4.100E-06  1.767E-06 -1.320E-05
 -2.0388900E+05 -1.985E-06 -2.236E-06  2.080E-05
 -2.0388700E+05  1.310E-05 -9.326E-06  7.433E-05
 -2.0388500E+05  4.887E-06 -9.637E-07  5.420E-06
 -2.0388300E+05 -7.882E-06  1.417E-06 -8.150E-06
 -2.0388100E+05 -3.504E-05  8.568E-08  1.896E-05
 -2.0387900E+05 -6.933E-05  7.879E-06 -2.974E-05
 -2.0387700E+05 -1.302E-05 -5.982E-06  5.849E-05
 -2.0387500E+05 -2.111E-04 -3.268E-06  1.503E-04
 -2.0387300E+05 -5.340E-04 -2.572E-05  5.308E-04
 -2.0387100E+05 -3.399E-05  1.957E-06  2.092E-06
 -2.0386900E+05 -3.103E-05  4.724E-05 -3.926E-04
 -2.0386700E+05  8.045E-06  3.222E-05 -2.867E-04
 -2.0386500E+05 -8.469E-05  1.858E-05 -1.140E-04
 -2.0386300E+05  7.466E-05  2.183E-05 -2.307E-04
 -2.0386100E+05  2.124E-04  4.756E-05 -5.243E-04
 -2.0385900E+05 -2.057E-04  1.484E-05 -1.295E-05
 -2.0385700E+05 -1.016E-04  7.726E-06 -1.203E-05
 -2.0385500E+05 -3.682E-04 -5.845E-05  7.046E-04
 -2.0385300E+05 -1.358E-04 -1.398E-05  1.898E-04
 -2.0385100E+05 -1.518E-03 -1.374E-05  9.383E-04
 -2.0384900E+05 -2.189E-04  1.280E-04 -9.683E-04
 -2.0384700E+05 -1.421E-04  1.328E-04 -1.050E-03
 -2.0384500E+05 -2.985E-03  3.203E-04 -1.154E-03
 -2.0384300E+05 -2.732E-03  1.608E-04  7.222E-05
 -2.0384100E+05 -8.256E-04  1.637E-04 -9.520E-04
 -2.0383900E+05 -2.290E-03  3.151E-04 -1.419E-03
 -2.0383700E+05 -2.124E-03  1.667E-04 -2.731E-04
 -2.0383500E+05 -2.377E-03  1.456E-04 -2.009E-06
