 -2.3669500E+05 -0.000E+00 -0.000E+00  0.000E+00
 -2.3669300E+05 -0.000E+00 -0.000E+00  0.000E+00
 -2.3669100E+05 -0.000E+00 -0.000E+00  0.000E+00
 -2.3668900E+05 -0.000E+00 -0.000E+00  0.000E+00
 -2.3668700E+05 -0.000E+00 -0.000E+00  0.000E+00
 -2.3668500E+05 -0.000E+00 -0.000E+00  0.000E+00
 -2.3668300E+05 -0.000E+00 -0.000E+00  0.000E+00
 -2.3668100E+05 -0.000E+00 -0.000E+00  0.000E+00
 -2.3667900E+05 -0.000E+00 -0.000E+00  0.000E+00
 -2.3667700E+05 -0.000E+00 -0.000E+00  0.000E+00
 -2.3667500E+05 -0.000E+00 -0.000E+00  0.000E+00
 -2.3667300E+05 -0.000E+00 -0.000E+00  0.000E+00
 -2.3667100E+05 -0.000E+00 -0.000E+00  0.000E+00
 -2.3666900E+05 -0.000E+00 -0.000E+00  0.000E+00
 -2.3666700E+05 -0.000E+00 -0.000E+00  0.000E+00
 -2.3666500E+05 -0.000E+00 -0.000E+00  0.000E+00
 -2.3666300E+05 -0.000E+00 -0.000E+00  0.000E+00
 -2.3666100E+05 -0.000E+00 -0.000E+00  0.000E+00
 -2.3665900E+05 -0.000E+00 -0.000E+00  0.000E+00
 -2.3665700E+05 -0.000E+00 -0.000E+00  0.000E+00
 -2.3665500E+05 -0.000E+00 -0.000E+00  0.000E+00
 -2.3665300E+05 -0.000E+00 -0.000E+00  0.000E+00
 -2.3665100E+05 -0.000E+00 -0.000E+00  0.000E+00
 -2.3664900E+05 -0.000E+00 -0.000E+00  0.000E+00
 -2.3664700E+05 -0.000E+00 -0.000E+00  0.000E+00
 -2.3664500E+05 -0.000E+00 -0.000E+00  0.000E+00
 -2.3664300E+05 -0.000E+00 -0.000E+00  0.000E+00
 -2.3664100E+05 -0.000E+00 -0.000E+00  0.000E+00
 -2.3663900E+05 -0.000E+00 -0.000E+00  0.000E+00
 -2.3663700E+05 -0.000E+00 -0.000E+00  0.000E+00
 -2.3663500E+05 -0.000E+00 -0.000E+00  0.000E+00
 -2.3663300E+05 -0.000E+00 -0.000E+00  0.000E+00
 -2.3663100E+05 -0.000E+00 -0.000E+00  0.000E+00
 -2.3662900E+05 -0.000E+00 -0.000E+00  0.000E+00
 -2.3662700E+05 -0.000E+00 -0.000E+00  0.000E+00
 -2.3662500E+05 -0.000E+00 -0.000E+00  0.000E+00
 -2.3662300E+05 -0.000E+00 -0.000E+00  0.000E+00
 -2.3662100E+05 -0.000E+00 -0.000E+00  0.000E+00
 -2.3661900E+05 -0.000E+00 -0.000E+00  0.000E+00
 -2.3661700E+05 -0.000E+00 -0.000E+00  0.000E+00
 -2.3661500E+05 -0.000E+00 -0.000E+00  0.000E+00
 -2.3661300E+05 -0.000E+00 -0.000E+00  0.000E+00
 -2.3661100E+05 -0.000E+00 -0.000E+00  0.000E+00
 -2.3660900E+05 -0.000E+00 -0.000E+00  0.000E+00
 -2.3660700E+05 -0.000E+00 -0.000E+00  0.000E+00
 -2.3660500E+05 -0.000E+00 -0.000E+00  0.000E+00
 -2.3660300E+05 -0.000E+00 -0.000E+00  0.000E+00
 -2.3660100E+05 -0.000E+00 -0.000E+00  0.000E+00
 -2.3659900E+05 -0.000E+00 -0.000E+00  0.000E+00
 -2.3659700E+05 -0.000E+00 -0.000E+00  0.000E+00
 -2.3659500E+05 -0.000E+00 -0.000E+00  0.000E+00
 -2.3659300E+05 -0.000E+00 -0.000E+00  0.000E+00
 -2.3659100E+05 -0.000E+00 -0.000E+00  0.000E+00
 -2.3658900E+05 -0.000E+00 -0.000E+00  0.000E+00
 -2.3658700E+05 -0.000E+00 -0.000E+00  0.000E+00
 -2.3658500E+05 -0.000E+00 -0.000E+00  0.000E+00
 -2.3658300E+05 -0.000E+00 -0.000E+00  0.000E+00
 -2.3658100E+05 -0.000E+00 -0.000E+00  0.000E+00
 -2.3657900E+05 -0.000E+00 -0.000E+00  0.000E+00
 -2.3657700E+05 -0.000E+00 -0.000E+00  0.000E+00
 -2.3657500E+05 -0.000E+00 -0.000E+00  0.000E+00
 -2.3657300E+05 -0.000E+00 -0.000E+00  0.000E+00
 -2.3657100E+05 -0.000E+00 -0.000E+00  0.000E+00
 -2.3656900E+05 -0.000E+00 -0.000E+00  0.000E+00
 -2.3656700E+05 -0.000E+00 -0.000E+00  0.000E+00
 -2.3656500E+05 -0.000E+00 -0.000E+00  0.000E+00
 -2.3656300E+05 -0.000E+00 -0.000E+00  0.000E+00
 -2.3656100E+05 -0.000E+00 -0.000E+00  0.000E+00
 -2.3655900E+05 -0.000E+00 -0.000E+00  0.000E+00
 -2.3655700E+05 -0.000E+00 -0.000E+00  0.000E+00
 -2.3655500E+05 -0.000E+00 -0.000E+00  0.000E+00
 -2.3655300E+05 -0.000E+00 -0.000E+00  0.000E+00
 -2.3655100E+05 -0.000E+00 -0.000E+00  0.000E+00
 -2.3654900E+05 -0.000E+00 -0.000E+00  0.000E+00
 -2.3654700E+05 -0.000E+00 -0.000E+00  0.000E+00
 -2.3654500E+05 -0.000E+00 -0.000E+00  0.000E+00
 -2.3654300E+05 -0.000E+00 -0.000E+00  0.000E+00
 -2.3654100E+05 -0.000E+00 -0.000E+00  0.000E+00
 -2.3653900E+05 -0.000E+00 -0.000E+00  0.000E+00
 -2.3653700E+05 -0.000E+00 -0.000E+00  0.000E+00
 -2.3653500E+05 -0.000E+00 -0.000E+00  0.000E+00
 -2.3653300E+05 -0.000E+00 -0.000E+00  0.000E+00
 -2.3653100E+05 -0.000E+00 -0.000E+00  0.000E+00
 -2.3652900E+05 -0.000E+00 -0.000E+00  0.000E+00
 -2.3652700E+05 -0.000E+00 -0.000E+00  0.000E+00
 -2.3652500E+05 -0.000E+00 -0.000E+00  0.000E+00
 -2.3652300E+05 -0.000E+00 -0.000E+00  0.000E+00
 -2.3652100E+05 -0.000E+00 -0.000E+00  0.000E+00
 -2.3651900E+05 -0.000E+00 -0.000E+00  0.000E+00
 -2.3651700E+05 -0.000E+00 -0.000E+00  0.000E+00
 -2.3651500E+05 -0.000E+00 -0.000E+00  0.000E+00
 -2.3651300E+05 -0.000E+00 -0.000E+00  0.000E+00
 -2.3651100E+05 -0.000E+00 -0.000E+00  0.000E+00
 -2.3650900E+05 -0.000E+00 -0.000E+00  0.000E+00
 -2.3650700E+05 -0.000E+00 -0.000E+00  0.000E+00
 -2.3650500E+05 -0.000E+00 -0.000E+00  0.000E+00
 -2.3650300E+05 -0.000E+00 -0.000E+00  0.000E+00
 -2.3650100E+05 -0.000E+00 -0.000E+00  0.000E+00
 -2.3649900E+05 -0.000E+00 -0.000E+00  0.000E+00
 -2.3649700E+05 -0.000E+00 -0.000E+00  0.000E+00
 -2.3649500E+05 -0.000E+00 -0.000E+00  0.000E+00
 -2.3649300E+05 -0.000E+00 -0.000E+00  0.000E+00
 -2.3649100E+05 -0.000E+00 -0.000E+00  0.000E+00
 -2.3648900E+05 -0.000E+00 -0.000E+00  0.000E+00
 -2.3648700E+05 -0.000E+00 -0.000E+00  0.000E+00
 -2.3648500E+05 -0.000E+00 -0.000E+00  0.000E+00
 -2.3648300E+05 -0.000E+00 -0.000E+00  0.000E+00
 -2.3648100E+05 -0.000E+00 -0.000E+00  0.000E+00
 -2.3647900E+05 -0.000E+00 -0.000E+00  0.000E+00
 -2.3647700E+05 -0.000E+00 -0.000E+00  0.000E+00
 -2.3647500E+05 -0.000E+00 -0.000E+00  0.000E+00
 -2.3647300E+05 -0.000E+00 -0.000E+00  0.000E+00
 -2.3647100E+05 -0.000E+00 -0.000E+00  0.000E+00
 -2.3646900E+05 -0.000E+00 -0.000E+00  0.000E+00
 -2.3646700E+05 -0.000E+00 -0.000E+00  0.000E+00
 -2.3646500E+05 -0.000E+00 -0.000E+00  0.000E+00
 -2.3646300E+05 -0.000E+00 -0.000E+00  0.000E+00
 -2.3646100E+05 -0.000E+00 -0.000E+00  0.000E+00
 -2.3645900E+05 -0.000E+00 -0.000E+00  0.000E+00
 -2.3645700E+05 -0.000E+00 -0.000E+00  0.000E+00
 -2.3645500E+05 -0.000E+00 -0.000E+00  0.000E+00
 -2.3645300E+05 -0.000E+00 -0.000E+00  0.000E+00
 -2.3645100E+05 -0.000E+00 -0.000E+00  0.000E+00
 -2.3644900E+05 -0.000E+00 -0.000E+00  0.000E+00
 -2.3644700E+05 -0.000E+00 -0.000E+00  0.000E+00
 -2.3644500E+05 -0.000E+00 -0.000E+00  0.000E+00
 -2.3644300E+05 -0.000E+00 -0.000E+00  0.000E+00
 -2.3644100E+05 -0.000E+00 -0.000E+00  0.000E+00
 -2.3643900E+05 -0.000E+00 -0.000E+00  0.000E+00
 -2.3643700E+05 -0.000E+00 -0.000E+00  0.000E+00
 -2.3643500E+05 -0.000E+00 -0.000E+00  0.000E+00
 -2.3643300E+05 -0.000E+00 -0.000E+00  0.000E+00
 -2.3643100E+05 -0.000E+00 -0.000E+00  0.000E+00
 -2.3642900E+05 -0.000E+00 -0.000E+00  0.000E+00
 -2.3642700E+05 -0.000E+00 -0.000E+00  0.000E+00
 -2.3642500E+05 -0.000E+00 -0.000E+00  0.000E+00
 -2.3642300E+05 -0.000E+00 -0.000E+00  0.000E+00
 -2.3642100E+05 -0.000E+00 -0.000E+00  0.000E+00
 -2.3641900E+05 -0.000E+00 -0.000E+00  0.000E+00
 -2.3641700E+05 -0.000E+00 -0.000E+00  0.000E+00
 -2.3641500E+05 -0.000E+00 -0.000E+00  0.000E+00
 -2.3641300E+05 -0.000E+00 -0.000E+00  0.000E+00
 -2.3641100E+05 -0.000E+00 -0.000E+00  0.000E+00
 -2.3640900E+05 -0.000E+00 -0.000E+00  0.000E+00
 -2.3640700E+05 -0.000E+00 -0.000E+00  0.000E+00
 -2.3640500E+05 -0.000E+00 -0.000E+00  0.000E+00
 -2.3640300E+05 -0.000E+00 -0.000E+00  0.000E+00
 -2.3640100E+05 -0.000E+00 -0.000E+00  0.000E+00
 -2.3639900E+05 -0.000E+00 -0.000E+00  0.000E+00
 -2.3639700E+05 -0.000E+00 -0.000E+00  0.000E+00
 -2.3639500E+05 -0.000E+00 -0.000E+00  0.000E+00
 -2.3639300E+05 -0.000E+00 -0.000E+00  0.000E+00
 -2.3639100E+05 -0.000E+00 -0.000E+00  0.000E+00
 -2.3638900E+05 -0.000E+00 -0.000E+00  0.000E+00
 -2.3638700E+05 -0.000E+00 -0.000E+00  0.000E+00
 -2.3638500E+05 -0.000E+00 -0.000E+00  0.000E+00
 -2.3638300E+05 -0.000E+00 -0.000E+00  0.000E+00
 -2.3638100E+05 -0.000E+00 -0.000E+00  0.000E+00
 -2.3637900E+05 -0.000E+00 -0.000E+00  0.000E+00
 -2.3637700E+05 -0.000E+00 -0.000E+00  0.000E+00
 -2.3637500E+05 -0.000E+00 -0.000E+00  0.000E+00
 -2.3637300E+05 -0.000E+00 -0.000E+00  0.000E+00
 -2.3637100E+05 -0.000E+00 -0.000E+00  0.000E+00
 -2.3636900E+05 -0.000E+00 -0.000E+00  0.000E+00
 -2.3636700E+05 -0.000E+00 -0.000E+00  0.000E+00
 -2.3636500E+05 -0.000E+00 -0.000E+00  0.000E+00
 -2.3636300E+05 -0.000E+00 -0.000E+00  0.000E+00
 -2.3636100E+05  8.264E-09 -3.713E-09  2.466E-08
 -2.3635900E+05  3.440E-08 -1.546E-08  1.026E-07
 -2.3635700E+05 -1.396E-13  1.854E-14 -4.742E-14
 -2.3635500E+05 -7.573E-07  5.034E-07 -3.604E-06
 -2.3635300E+05 -1.377E-05  2.806E-06 -1.276E-05
 -2.3635100E+05 -3.801E-06  4.891E-07 -1.139E-06
 -2.3634900E+05  2.134E-07  4.642E-08 -5.292E-07
 -2.3634700E+05  2.756E-05 -4.033E-06  1.240E-05
 -2.3634500E+05 -2.141E-06  9.887E-07 -6.509E-06
 -2.3634300E+05 -3.199E-06  1.057E-06 -6.269E-06
 -2.3634100E+05  1.074E-05 -2.280E-06  1.064E-05
 -2.3633900E+05 -3.545E-06 -4.528E-06  3.976E-05
 -2.3633700E+05 -8.193E-06 -5.099E-06  4.768E-05
 -2.3633500E+05  2.312E-05  2.649E-06 -3.910E-05
 -2.3633300E+05  7.010E-06  1.626E-07 -6.660E-06
 -2.3633100E+05 -4.025E-05  1.077E-05 -5.780E-05
 -2.3632900E+05  5.584E-05 -5.480E-05  4.044E-04
 -2.3632700E+05 -3.904E-04 -1.241E-05  3.879E-04
 -2.3632500E+05  2.474E-05  2.613E-04 -2.140E-03
 -2.3632300E+05 -4.689E-04  2.564E-05  1.412E-04
 -2.3632100E+05 -1.736E-04  2.578E-05 -8.158E-05
 -2.3631900E+05 -2.573E-05  5.227E-05 -3.999E-04
 -2.3631700E+05 -4.515E-04  5.847E-05 -1.325E-04
