 -1.3773900E+05 -0.000E+00 -0.000E+00  0.000E+00
 -1.3773700E+05 -0.000E+00 -0.000E+00  0.000E+00
 -1.3773500E+05 -0.000E+00 -0.000E+00  0.000E+00
 -1.3773300E+05 -0.000E+00 -0.000E+00  0.000E+00
 -1.3773100E+05 -0.000E+00 -0.000E+00  0.000E+00
 -1.3772900E+05 -0.000E+00 -0.000E+00  0.000E+00
 -1.3772700E+05 -0.000E+00 -0.000E+00  0.000E+00
 -1.3772500E+05 -0.000E+00 -0.000E+00  0.000E+00
 -1.3772300E+05 -0.000E+00 -0.000E+00  0.000E+00
 -1.3772100E+05 -0.000E+00 -0.000E+00  0.000E+00
 -1.3771900E+05 -0.000E+00 -0.000E+00  0.000E+00
 -1.3771700E+05 -0.000E+00 -0.000E+00  0.000E+00
 -1.3771500E+05 -0.000E+00 -0.000E+00  0.000E+00
 -1.3771300E+05 -0.000E+00 -0.000E+00  0.000E+00
 -1.3771100E+05 -0.000E+00 -0.000E+00  0.000E+00
 -1.3770900E+05 -0.000E+00 -0.000E+00  0.000E+00
 -1.3770700E+05 -0.000E+00 -0.000E+00  0.000E+00
 -1.3770500E+05 -0.000E+00 -0.000E+00  0.000E+00
 -1.3770300E+05 -0.000E+00 -0.000E+00  0.000E+00
 -1.3770100E+05 -0.000E+00 -0.000E+00  0.000E+00
 -1.3769900E+05 -0.000E+00 -0.000E+00  0.000E+00
 -1.3769700E+05 -0.000E+00 -0.000E+00  0.000E+00
 -1.3769500E+05 -0.000E+00 -0.000E+00  0.000E+00
 -1.3769300E+05 -0.000E+00 -0.000E+00  0.000E+00
 -1.3769100E+05 -0.000E+00 -0.000E+00  0.000E+00
 -1.3768900E+05 -0.000E+00 -0.000E+00  0.000E+00
 -1.3768700E+05 -0.000E+00 -0.000E+00  0.000E+00
 -1.3768500E+05 -0.000E+00 -0.000E+00  0.000E+00
 -1.3768300E+05 -0.000E+00 -0.000E+00  0.000E+00
 -1.3768100E+05 -0.000E+00 -0.000E+00  0.000E+00
 -1.3767900E+05 -0.000E+00 -0.000E+00  0.000E+00
 -1.3767700E+05 -0.000E+00 -0.000E+00  0.000E+00
 -1.3767500E+05 -0.000E+00 -0.000E+00  0.000E+00
 -1.3767300E+05 -0.000E+00 -0.000E+00  0.000E+00
 -1.3767100E+05 -0.000E+00 -0.000E+00  0.000E+00
 -1.3766900E+05 -0.000E+00 -0.000E+00  0.000E+00
 -1.3766700E+05 -0.000E+00 -0.000E+00  0.000E+00
 -1.3766500E+05 -0.000E+00 -0.000E+00  0.000E+00
 -1.3766300E+05 -0.000E+00 -0.000E+00  0.000E+00
 -1.3766100E+05 -0.000E+00 -0.000E+00  0.000E+00
 -1.3765900E+05 -0.000E+00 -0.000E+00  0.000E+00
 -1.3765700E+05 -0.000E+00 -0.000E+00  0.000E+00
 -1.3765500E+05 -0.000E+00 -0.000E+00  0.000E+00
 -1.3765300E+05 -0.000E+00 -0.000E+00  0.000E+00
 -1.3765100E+05 -0.000E+00 -0.000E+00  0.000E+00
 -1.3764900E+05 -0.000E+00 -0.000E+00  0.000E+00
 -1.3764700E+05 -0.000E+00 -0.000E+00  0.000E+00
 -1.3764500E+05 -0.000E+00 -0.000E+00  0.000E+00
 -1.3764300E+05 -0.000E+00 -0.000E+00  0.000E+00
 -1.3764100E+05 -0.000E+00 -0.000E+00  0.000E+00
 -1.3763900E+05 -0.000E+00 -0.000E+00  0.000E+00
 -1.3763700E+05 -0.000E+00 -0.000E+00  0.000E+00
 -1.3763500E+05 -0.000E+00 -0.000E+00  0.000E+00
 -1.3763300E+05 -0.000E+00 -0.000E+00  0.000E+00
 -1.3763100E+05 -0.000E+00 -0.000E+00  0.000E+00
 -1.3762900E+05 -0.000E+00 -0.000E+00  0.000E+00
 -1.3762700E+05 -0.000E+00 -0.000E+00  0.000E+00
 -1.3762500E+05 -0.000E+00 -0.000E+00  0.000E+00
 -1.3762300E+05 -0.000E+00 -0.000E+00  0.000E+00
 -1.3762100E+05 -0.000E+00 -0.000E+00  0.000E+00
 -1.3761900E+05 -0.000E+00 -0.000E+00  0.000E+00
 -1.3761700E+05 -0.000E+00 -0.000E+00  0.000E+00
 -1.3761500E+05 -0.000E+00 -0.000E+00  0.000E+00
 -1.3761300E+05 -0.000E+00 -0.000E+00  0.000E+00
 -1.3761100E+05 -0.000E+00 -0.000E+00  0.000E+00
 -1.3760900E+05 -0.000E+00 -0.000E+00  0.000E+00
 -1.3760700E+05 -0.000E+00 -0.000E+00  0.000E+00
 -1.3760500E+05 -0.000E+00 -0.000E+00  0.000E+00
 -1.3760300E+05 -0.000E+00 -0.000E+00  0.000E+00
 -1.3760100E+05 -0.000E+00 -0.000E+00  0.000E+00
 -1.3759900E+05 -0.000E+00 -0.000E+00  0.000E+00
 -1.3759700E+05 -0.000E+00 -0.000E+00  0.000E+00
 -1.3759500E+05 -0.000E+00 -0.000E+00  0.000E+00
 -1.3759300E+05 -0.000E+00 -0.000E+00  0.000E+00
 -1.3759100E+05 -0.000E+00 -0.000E+00  0.000E+00
 -1.3758900E+05 -0.000E+00 -0.000E+00  0.000E+00
 -1.3758700E+05 -0.000E+00 -0.000E+00  0.000E+00
 -1.3758500E+05 -0.000E+00 -0.000E+00  0.000E+00
 -1.3758300E+05 -0.000E+00 -0.000E+00  0.000E+00
 -1.3758100E+05 -0.000E+00 -0.000E+00  0.000E+00
 -1.3757900E+05 -0.000E+00 -0.000E+00  0.000E+00
 -1.3757700E+05 -0.000E+00 -0.000E+00  0.000E+00
 -1.3757500E+05 -0.000E+00 -0.000E+00  0.000E+00
 -1.3757300E+05 -0.000E+00 -0.000E+00  0.000E+00
 -1.3757100E+05 -0.000E+00 -0.000E+00  0.000E+00
 -1.3756900E+05 -0.000E+00 -0.000E+00  0.000E+00
 -1.3756700E+05 -0.000E+00 -0.000E+00  0.000E+00
 -1.3756500E+05 -0.000E+00 -0.000E+00  0.000E+00
 -1.3756300E+05 -0.000E+00 -0.000E+00  0.000E+00
 -1.3756100E+05 -0.000E+00 -0.000E+00  0.000E+00
 -1.3755900E+05 -0.000E+00 -0.000E+00  0.000E+00
 -1.3755700E+05 -0.000E+00 -0.000E+00  0.000E+00
 -1.3755500E+05 -0.000E+00 -0.000E+00  0.000E+00
 -1.3755300E+05 -0.000E+00 -0.000E+00  0.000E+00
 -1.3755100E+05 -0.000E+00 -0.000E+00  0.000E+00
 -1.3754900E+05 -0.000E+00 -0.000E+00  0.000E+00
 -1.3754700E+05 -0.000E+00 -0.000E+00  0.000E+00
 -1.3754500E+05 -0.000E+00 -0.000E+00  0.000E+00
 -1.3754300E+05 -0.000E+00 -0.000E+00  0.000E+00
 -1.3754100E+05 -0.000E+00 -0.000E+00  0.000E+00
 -1.3753900E+05 -0.000E+00 -0.000E+00  0.000E+00
 -1.3753700E+05 -0.000E+00 -0.000E+00  0.000E+00
 -1.3753500E+05 -0.000E+00 -0.000E+00  0.000E+00
 -1.3753300E+05 -0.000E+00 -0.000E+00  0.000E+00
 -1.3753100E+05 -0.000E+00 -0.000E+00  0.000E+00
 -1.3752900E+05 -0.000E+00 -0.000E+00  0.000E+00
 -1.3752700E+05 -0.000E+00 -0.000E+00  0.000E+00
 -1.3752500E+05 -0.000E+00 -0.000E+00  0.000E+00
 -1.3752300E+05 -0.000E+00 -0.000E+00  0.000E+00
 -1.3752100E+05 -0.000E+00 -0.000E+00  0.000E+00
 -1.3751900E+05 -0.000E+00 -0.000E+00  0.000E+00
 -1.3751700E+05 -0.000E+00 -0.000E+00  0.000E+00
 -1.3751500E+05 -0.000E+00 -0.000E+00  0.000E+00
 -1.3751300E+05 -0.000E+00 -0.000E+00  0.000E+00
 -1.3751100E+05 -0.000E+00 -0.000E+00  0.000E+00
 -1.3750900E+05 -0.000E+00 -0.000E+00  0.000E+00
 -1.3750700E+05 -0.000E+00 -0.000E+00  0.000E+00
 -1.3750500E+05 -0.000E+00 -0.000E+00  0.000E+00
 -1.3750300E+05 -0.000E+00 -0.000E+00  0.000E+00
 -1.3750100E+05 -0.000E+00 -0.000E+00  0.000E+00
 -1.3749900E+05 -0.000E+00 -0.000E+00  0.000E+00
 -1.3749700E+05 -0.000E+00 -0.000E+00  0.000E+00
 -1.3749500E+05 -0.000E+00 -0.000E+00  0.000E+00
 -1.3749300E+05 -0.000E+00 -0.000E+00  0.000E+00
 -1.3749100E+05 -0.000E+00 -0.000E+00  0.000E+00
 -1.3748900E+05 -0.000E+00 -0.000E+00  0.000E+00
 -1.3748700E+05 -0.000E+00 -0.000E+00  0.000E+00
 -1.3748500E+05 -0.000E+00 -0.000E+00  0.000E+00
 -1.3748300E+05 -0.000E+00 -0.000E+00  0.000E+00
 -1.3748100E+05 -0.000E+00 -0.000E+00  0.000E+00
 -1.3747900E+05 -0.000E+00 -0.000E+00  0.000E+00
 -1.3747700E+05 -0.000E+00 -0.000E+00  0.000E+00
 -1.3747500E+05 -0.000E+00 -0.000E+00  0.000E+00
 -1.3747300E+05 -0.000E+00 -0.000E+00  0.000E+00
 -1.3747100E+05 -0.000E+00 -0.000E+00  0.000E+00
 -1.3746900E+05 -0.000E+00 -0.000E+00  0.000E+00
 -1.3746700E+05 -0.000E+00 -0.000E+00  0.000E+00
 -1.3746500E+05 -0.000E+00 -0.000E+00  0.000E+00
 -1.3746300E+05 -0.000E+00 -0.000E+00  0.000E+00
 -1.3746100E+05 -0.000E+00 -0.000E+00  0.000E+00
 -1.3745900E+05 -0.000E+00 -0.000E+00  0.000E+00
 -1.3745700E+05 -0.000E+00 -0.000E+00  0.000E+00
 -1.3745500E+05 -0.000E+00 -0.000E+00  0.000E+00
 -1.3745300E+05 -0.000E+00 -0.000E+00  0.000E+00
 -1.3745100E+05 -0.000E+00 -0.000E+00  0.000E+00
 -1.3744900E+05 -0.000E+00 -0.000E+00  0.000E+00
 -1.3744700E+05 -0.000E+00 -0.000E+00  0.000E+00
 -1.3744500E+05 -0.000E+00 -0.000E+00  0.000E+00
 -1.3744300E+05 -0.000E+00 -0.000E+00  0.000E+00
 -1.3744100E+05 -0.000E+00 -0.000E+00  0.000E+00
 -1.3743900E+05 -0.000E+00 -0.000E+00  0.000E+00
 -1.3743700E+05 -0.000E+00 -0.000E+00  0.000E+00
 -1.3743500E+05 -0.000E+00 -0.000E+00  0.000E+00
 -1.3743300E+05 -0.000E+00 -0.000E+00  0.000E+00
 -1.3743100E+05 -0.000E+00 -0.000E+00  0.000E+00
 -1.3742900E+05 -0.000E+00 -0.000E+00  0.000E+00
 -1.3742700E+05 -0.000E+00 -0.000E+00  0.000E+00
 -1.3742500E+05 -0.000E+00 -0.000E+00  0.000E+00
 -1.3742300E+05 -0.000E+00 -0.000E+00  0.000E+00
 -1.3742100E+05 -0.000E+00 -0.000E+00  0.000E+00
 -1.3741900E+05 -0.000E+00 -0.000E+00  0.000E+00
 -1.3741700E+05 -0.000E+00 -0.000E+00  0.000E+00
 -1.3741500E+05 -0.000E+00 -0.000E+00  0.000E+00
 -1.3741300E+05  4.669E-08 -1.519E-08  9.789E-08
 -1.3741100E+05  4.809E-09 -1.565E-09  1.008E-08
 -1.3740900E+05 -5.777E-06  1.019E-06 -3.648E-06
 -1.3740700E+05 -1.532E-05  2.278E-06 -5.497E-06
 -1.3740500E+05  2.269E-07 -3.823E-08  1.419E-07
 -1.3740300E+05 -1.772E-05  3.009E-06 -9.910E-06
 -1.3740100E+05 -9.724E-06  2.185E-06 -1.054E-05
 -1.3739900E+05  3.154E-05 -4.357E-06  8.027E-06
 -1.3739700E+05  4.845E-05 -6.914E-06  1.402E-05
 -1.3739500E+05 -5.861E-04  1.043E-04 -3.631E-04
 -1.3739300E+05 -7.414E-05  4.430E-06  3.947E-05
 -1.3739100E+05  2.558E-04 -4.710E-05  1.737E-04
 -1.3738900E+05 -4.153E-04  4.209E-05  4.798E-05
 -1.3738700E+05 -6.892E-04  1.640E-04 -8.289E-04
 -1.3738500E+05  5.048E-06 -1.051E-05  9.697E-05
 -1.3738300E+05 -2.102E-04  3.734E-05 -1.290E-04
 -1.3738100E+05 -1.328E-04  3.019E-05 -1.426E-04
 -1.3737900E+05 -2.898E-04  3.255E-05  6.622E-07
 -1.3737700E+05 -8.500E-05  3.391E-05 -2.313E-04
 -1.3737500E+05 -4.172E-04  1.503E-04 -9.983E-04
 -1.3737300E+05 -3.500E-04  7.965E-05 -3.710E-04
 -1.3737100E+05 -2.615E-04  6.115E-05 -2.845E-04
 -1.3736900E+05  7.890E-04 -1.889E-04  9.307E-04
 -1.3736700E+05 -4.505E-03  7.588E-04 -2.283E-03
 -1.3736500E+05 -2.668E-03  3.731E-04 -5.888E-04
 -1.3736300E+05 -2.340E-03  7.144E-04 -4.351E-03
 -1.3736100E+05  7.120E-04 -2.027E-04  1.167E-03
