  5.5095000E+04 -0.000E+00 -0.000E+00  0.000E+00
  5.5097000E+04 -0.000E+00 -0.000E+00  0.000E+00
  5.5099000E+04 -0.000E+00 -0.000E+00  0.000E+00
  5.5101000E+04 -0.000E+00 -0.000E+00  0.000E+00
  5.5103000E+04 -0.000E+00 -0.000E+00  0.000E+00
  5.5105000E+04 -0.000E+00 -0.000E+00  0.000E+00
  5.5107000E+04 -0.000E+00 -0.000E+00  0.000E+00
  5.5109000E+04 -0.000E+00 -0.000E+00  0.000E+00
  5.5111000E+04 -0.000E+00 -0.000E+00  0.000E+00
  5.5113000E+04 -0.000E+00 -0.000E+00  0.000E+00
  5.5115000E+04 -0.000E+00 -0.000E+00  0.000E+00
  5.5117000E+04 -0.000E+00 -0.000E+00  0.000E+00
  5.5119000E+04 -0.000E+00 -0.000E+00  0.000E+00
  5.5121000E+04 -0.000E+00 -0.000E+00  0.000E+00
  5.5123000E+04 -0.000E+00 -0.000E+00  0.000E+00
  5.5125000E+04 -0.000E+00 -0.000E+00  0.000E+00
  5.5127000E+04 -0.000E+00 -0.000E+00  0.000E+00
  5.5129000E+04 -0.000E+00 -0.000E+00  0.000E+00
  5.5131000E+04 -0.000E+00 -0.000E+00  0.000E+00
  5.5133000E+04 -0.000E+00 -0.000E+00  0.000E+00
  5.5135000E+04 -0.000E+00 -0.000E+00  0.000E+00
  5.5137000E+04 -0.000E+00 -0.000E+00  0.000E+00
  5.5139000E+04 -0.000E+00 -0.000E+00  0.000E+00
  5.5141000E+04 -0.000E+00 -0.000E+00  0.000E+00
  5.5143000E+04 -0.000E+00 -0.000E+00  0.000E+00
  5.5145000E+04 -0.000E+00 -0.000E+00  0.000E+00
  5.5147000E+04 -0.000E+00 -0.000E+00  0.000E+00
  5.5149000E+04 -0.000E+00 -0.000E+00  0.000E+00
  5.5151000E+04 -0.000E+00 -0.000E+00  0.000E+00
  5.5153000E+04 -0.000E+00 -0.000E+00  0.000E+00
  5.5155000E+04 -0.000E+00 -0.000E+00  0.000E+00
  5.5157000E+04 -0.000E+00 -0.000E+00  0.000E+00
  5.5159000E+04 -0.000E+00 -0.000E+00  0.000E+00
  5.5161000E+04 -0.000E+00 -0.000E+00  0.000E+00
  5.5163000E+04 -0.000E+00 -0.000E+00  0.000E+00
  5.5165000E+04 -0.000E+00 -0.000E+00  0.000E+00
  5.5167000E+04 -0.000E+00 -0.000E+00  0.000E+00
  5.5169000E+04 -0.000E+00 -0.000E+00  0.000E+00
  5.5171000E+04 -0.000E+00 -0.000E+00  0.000E+00
  5.5173000E+04 -0.000E+00 -0.000E+00  0.000E+00
  5.5175000E+04 -0.000E+00 -0.000E+00  0.000E+00
  5.5177000E+04 -0.000E+00 -0.000E+00  0.000E+00
  5.5179000E+04 -0.000E+00 -0.000E+00  0.000E+00
  5.5181000E+04 -0.000E+00 -0.000E+00  0.000E+00
  5.5183000E+04 -0.000E+00 -0.000E+00  0.000E+00
  5.5185000E+04 -0.000E+00 -0.000E+00  0.000E+00
  5.5187000E+04 -0.000E+00 -0.000E+00  0.000E+00
  5.5189000E+04 -0.000E+00 -0.000E+00  0.000E+00
  5.5191000E+04 -0.000E+00 -0.000E+00  0.000E+00
  5.5193000E+04 -0.000E+00 -0.000E+00  0.000E+00
  5.5195000E+04 -0.000E+00 -0.000E+00  0.000E+00
  5.5197000E+04 -0.000E+00 -0.000E+00  0.000E+00
  5.5199000E+04 -0.000E+00 -0.000E+00  0.000E+00
  5.5201000E+04 -0.000E+00 -0.000E+00  0.000E+00
  5.5203000E+04 -0.000E+00 -0.000E+00  0.000E+00
  5.5205000E+04 -0.000E+00 -0.000E+00  0.000E+00
  5.5207000E+04 -0.000E+00 -0.000E+00  0.000E+00
  5.5209000E+04 -0.000E+00 -0.000E+00  0.000E+00
  5.5211000E+04 -0.000E+00 -0.000E+00  0.000E+00
  5.5213000E+04 -0.000E+00 -0.000E+00  0.000E+00
  5.5215000E+04 -0.000E+00 -0.000E+00  0.000E+00
  5.5217000E+04 -0.000E+00 -0.000E+00  0.000E+00
  5.5219000E+04 -0.000E+00 -0.000E+00  0.000E+00
  5.5221000E+04 -0.000E+00 -0.000E+00  0.000E+00
  5.5223000E+04 -0.000E+00 -0.000E+00  0.000E+00
  5.5225000E+04 -0.000E+00 -0.000E+00  0.000E+00
  5.5227000E+04 -0.000E+00 -0.000E+00  0.000E+00
  5.5229000E+04 -0.000E+00 -0.000E+00  0.000E+00
  5.5231000E+04 -0.000E+00 -0.000E+00  0.000E+00
  5.5233000E+04 -0.000E+00 -0.000E+00  0.000E+00
  5.5235000E+04 -0.000E+00 -0.000E+00  0.000E+00
  5.5237000E+04 -0.000E+00 -0.000E+00  0.000E+00
  5.5239000E+04 -0.000E+00 -0.000E+00  0.000E+00
  5.5241000E+04 -0.000E+00 -0.000E+00  0.000E+00
  5.5243000E+04 -0.000E+00 -0.000E+00  0.000E+00
  5.5245000E+04 -0.000E+00 -0.000E+00  0.000E+00
  5.5247000E+04 -0.000E+00 -0.000E+00  0.000E+00
  5.5249000E+04 -0.000E+00 -0.000E+00  0.000E+00
  5.5251000E+04 -0.000E+00 -0.000E+00  0.000E+00
  5.5253000E+04 -0.000E+00 -0.000E+00  0.000E+00
  5.5255000E+04 -0.000E+00 -0.000E+00  0.000E+00
  5.5257000E+04 -0.000E+00 -0.000E+00  0.000E+00
  5.5259000E+04 -0.000E+00 -0.000E+00  0.000E+00
  5.5261000E+04 -0.000E+00 -0.000E+00  0.000E+00
  5.5263000E+04 -0.000E+00 -0.000E+00  0.000E+00
  5.5265000E+04 -0.000E+00 -0.000E+00  0.000E+00
  5.5267000E+04 -0.000E+00 -0.000E+00  0.000E+00
  5.5269000E+04 -0.000E+00 -0.000E+00  0.000E+00
  5.5271000E+04 -0.000E+00 -0.000E+00  0.000E+00
  5.5273000E+04 -0.000E+00 -0.000E+00  0.000E+00
  5.5275000E+04 -0.000E+00 -0.000E+00  0.000E+00
  5.5277000E+04 -0.000E+00 -0.000E+00  0.000E+00
  5.5279000E+04 -0.000E+00 -0.000E+00  0.000E+00
  5.5281000E+04 -0.000E+00 -0.000E+00  0.000E+00
  5.5283000E+04 -0.000E+00 -0.000E+00  0.000E+00
  5.5285000E+04 -0.000E+00 -0.000E+00  0.000E+00
  5.5287000E+04 -0.000E+00 -0.000E+00  0.000E+00
  5.5289000E+04 -0.000E+00 -0.000E+00  0.000E+00
  5.5291000E+04 -0.000E+00 -0.000E+00  0.000E+00
  5.5293000E+04 -0.000E+00 -0.000E+00  0.000E+00
  5.5295000E+04 -0.000E+00 -0.000E+00  0.000E+00
  5.5297000E+04 -0.000E+00 -0.000E+00  0.000E+00
  5.5299000E+04 -0.000E+00 -0.000E+00  0.000E+00
  5.5301000E+04 -0.000E+00 -0.000E+00  0.000E+00
  5.5303000E+04 -0.000E+00 -0.000E+00  0.000E+00
  5.5305000E+04 -0.000E+00 -0.000E+00  0.000E+00
  5.5307000E+04 -0.000E+00 -0.000E+00  0.000E+00
  5.5309000E+04 -0.000E+00 -0.000E+00  0.000E+00
  5.5311000E+04 -0.000E+00 -0.000E+00  0.000E+00
  5.5313000E+04 -0.000E+00 -0.000E+00  0.000E+00
  5.5315000E+04 -0.000E+00 -0.000E+00  0.000E+00
  5.5317000E+04 -0.000E+00 -0.000E+00  0.000E+00
  5.5319000E+04 -0.000E+00 -0.000E+00  0.000E+00
  5.5321000E+04 -0.000E+00 -0.000E+00  0.000E+00
  5.5323000E+04 -0.000E+00 -0.000E+00  0.000E+00
  5.5325000E+04 -0.000E+00 -0.000E+00  0.000E+00
  5.5327000E+04 -0.000E+00 -0.000E+00  0.000E+00
  5.5329000E+04 -0.000E+00 -0.000E+00  0.000E+00
  5.5331000E+04 -0.000E+00 -0.000E+00  0.000E+00
  5.5333000E+04 -0.000E+00 -0.000E+00  0.000E+00
  5.5335000E+04 -0.000E+00 -0.000E+00  0.000E+00
  5.5337000E+04 -0.000E+00 -0.000E+00  0.000E+00
  5.5339000E+04 -0.000E+00 -0.000E+00  0.000E+00
  5.5341000E+04 -0.000E+00 -0.000E+00  0.000E+00
  5.5343000E+04 -0.000E+00 -0.000E+00  0.000E+00
  5.5345000E+04 -0.000E+00 -0.000E+00  0.000E+00
  5.5347000E+04 -0.000E+00 -0.000E+00  0.000E+00
  5.5349000E+04 -0.000E+00 -0.000E+00  0.000E+00
  5.5351000E+04 -0.000E+00 -0.000E+00  0.000E+00
  5.5353000E+04 -0.000E+00 -0.000E+00  0.000E+00
  5.5355000E+04 -0.000E+00 -0.000E+00  0.000E+00
  5.5357000E+04 -0.000E+00 -0.000E+00  0.000E+00
  5.5359000E+04 -0.000E+00 -0.000E+00  0.000E+00
  5.5361000E+04  3.295E-08 -8.479E-09  6.203E-08
  5.5363000E+04 -2.851E-06  2.616E-07  6.157E-07
  5.5365000E+04 -1.619E-05  1.771E-06 -9.888E-08
  5.5367000E+04 -1.802E-05  1.827E-06  1.785E-06
  5.5369000E+04 -4.778E-05  6.203E-06 -1.233E-05
  5.5371000E+04  2.694E-04 -1.870E-06 -3.515E-04
  5.5373000E+04 -3.552E-04  4.880E-05 -1.252E-04
  5.5375000E+04 -1.607E-04  8.011E-06  1.221E-04
  5.5377000E+04 -1.356E-04  1.144E-05  4.438E-05
  5.5379000E+04 -4.054E-04  4.169E-05  3.869E-05
  5.5381000E+04 -7.416E-04  1.136E-04 -4.022E-04
  5.5383000E+04 -5.023E-04  7.642E-05 -2.672E-04
  5.5385000E+04 -2.233E-04  5.350E-05 -3.614E-04
  5.5387000E+04  7.513E-04  7.645E-05 -2.041E-03
  5.5389000E+04 -1.419E-03  4.142E-04 -3.268E-03
  5.5391000E+04 -3.032E-03  5.290E-04 -2.453E-03
  5.5393000E+04 -2.097E-03  3.820E-04 -1.903E-03
  5.5395000E+04 -3.351E-03  7.948E-04 -5.405E-03
  5.5397000E+04 -8.052E-03  1.374E-03 -6.063E-03
  5.5399000E+04 -1.195E-02  2.162E-03 -1.058E-02
  5.5401000E+04 -1.281E-02  2.087E-03 -8.321E-03
  5.5403000E+04 -1.188E-02  1.834E-03 -6.356E-03
  5.5405000E+04 -1.691E-02  2.655E-03 -9.628E-03
  5.5407000E+04 -1.191E-02  2.704E-03 -1.747E-02
  5.5409000E+04 -2.878E-02  4.943E-03 -2.167E-02
  5.5411000E+04 -3.378E-02  5.414E-03 -2.046E-02
  5.5413000E+04 -3.790E-02  7.094E-03 -3.596E-02
  5.5415000E+04 -3.923E-02  6.875E-03 -3.110E-02
  5.5417000E+04 -6.540E-02  1.082E-02 -4.354E-02
  5.5419000E+04 -4.716E-02  8.499E-03 -4.037E-02
  5.5421000E+04 -5.224E-02  1.136E-02 -6.949E-02
  5.5423000E+04 -9.231E-02  1.577E-02 -6.714E-02
  5.5425000E+04 -7.863E-02  1.313E-02 -5.342E-02
  5.5427000E+04 -8.805E-02  1.524E-02 -6.644E-02
  5.5429000E+04 -1.217E-01  2.157E-02 -9.834E-02
  5.5431000E+04 -1.671E-01  2.932E-02 -1.303E-01
  5.5433000E+04 -1.657E-01  2.797E-02 -1.146E-01
  5.5435000E+04 -1.757E-01  3.192E-02 -1.506E-01
  5.5437000E+04 -2.183E-01  3.851E-02 -1.717E-01
  5.5439000E+04 -2.564E-01  4.471E-02 -1.942E-01
  5.5441000E+04 -2.665E-01  4.355E-02 -1.638E-01
  5.5443000E+04 -2.931E-01  4.935E-02 -1.980E-01
  5.5445000E+04 -2.687E-01  4.841E-02 -2.226E-01
  5.5447000E+04 -3.407E-01  5.932E-02 -2.540E-01
  5.5449000E+04 -3.607E-01  6.220E-02 -2.606E-01
  5.5451000E+04 -4.188E-01  6.956E-02 -2.673E-01
  5.5453000E+04 -4.491E-01  7.632E-02 -3.080E-01
  5.5455000E+04 -4.783E-01  8.209E-02 -3.378E-01
  5.5457000E+04 -5.007E-01  8.571E-02 -3.497E-01
  5.5459000E+04 -4.721E-01  8.342E-02 -3.611E-01
  5.5461000E+04 -5.756E-01  1.021E-01 -4.454E-01
  5.5463000E+04 -6.106E-01  1.060E-01 -4.410E-01
  5.5465000E+04 -7.319E-01  1.229E-01 -4.733E-01
  5.5467000E+04 -6.823E-01  1.138E-01 -4.287E-01
  5.5469000E+04 -6.954E-01  1.211E-01 -5.031E-01
  5.5471000E+04 -7.576E-01  1.300E-01 -5.207E-01
  5.5473000E+04 -7.917E-01  1.355E-01 -5.376E-01
