  2.1569500E+05 -0.000E+00 -0.000E+00  0.000E+00
  2.1569700E+05 -0.000E+00 -0.000E+00  0.000E+00
  2.1569900E+05 -0.000E+00 -0.000E+00  0.000E+00
  2.1570100E+05 -0.000E+00 -0.000E+00  0.000E+00
  2.1570300E+05 -0.000E+00 -0.000E+00  0.000E+00
  2.1570500E+05 -0.000E+00 -0.000E+00  0.000E+00
  2.1570700E+05 -0.000E+00 -0.000E+00  0.000E+00
  2.1570900E+05 -0.000E+00 -0.000E+00  0.000E+00
  2.1571100E+05 -0.000E+00 -0.000E+00  0.000E+00
  2.1571300E+05 -0.000E+00 -0.000E+00  0.000E+00
  2.1571500E+05 -0.000E+00 -0.000E+00  0.000E+00
  2.1571700E+05 -0.000E+00 -0.000E+00  0.000E+00
  2.1571900E+05 -0.000E+00 -0.000E+00  0.000E+00
  2.1572100E+05 -0.000E+00 -0.000E+00  0.000E+00
  2.1572300E+05 -0.000E+00 -0.000E+00  0.000E+00
  2.1572500E+05 -0.000E+00 -0.000E+00  0.000E+00
  2.1572700E+05 -0.000E+00 -0.000E+00  0.000E+00
  2.1572900E+05 -0.000E+00 -0.000E+00  0.000E+00
  2.1573100E+05 -0.000E+00 -0.000E+00  0.000E+00
  2.1573300E+05 -0.000E+00 -0.000E+00  0.000E+00
  2.1573500E+05 -0.000E+00 -0.000E+00  0.000E+00
  2.1573700E+05 -0.000E+00 -0.000E+00  0.000E+00
  2.1573900E+05 -0.000E+00 -0.000E+00  0.000E+00
  2.1574100E+05 -0.000E+00 -0.000E+00  0.000E+00
  2.1574300E+05 -0.000E+00 -0.000E+00  0.000E+00
  2.1574500E+05 -0.000E+00 -0.000E+00  0.000E+00
  2.1574700E+05 -0.000E+00 -0.000E+00  0.000E+00
  2.1574900E+05 -0.000E+00 -0.000E+00  0.000E+00
  2.1575100E+05 -0.000E+00 -0.000E+00  0.000E+00
  2.1575300E+05 -0.000E+00 -0.000E+00  0.000E+00
  2.1575500E+05 -0.000E+00 -0.000E+00  0.000E+00
  2.1575700E+05 -0.000E+00 -0.000E+00  0.000E+00
  2.1575900E+05 -0.000E+00 -0.000E+00  0.000E+00
  2.1576100E+05 -0.000E+00 -0.000E+00  0.000E+00
  2.1576300E+05 -0.000E+00 -0.000E+00  0.000E+00
  2.1576500E+05 -0.000E+00 -0.000E+00  0.000E+00
  2.1576700E+05 -0.000E+00 -0.000E+00  0.000E+00
  2.1576900E+05 -0.000E+00 -0.000E+00  0.000E+00
  2.1577100E+05 -0.000E+00 -0.000E+00  0.000E+00
  2.1577300E+05 -0.000E+00 -0.000E+00  0.000E+00
  2.1577500E+05 -0.000E+00 -0.000E+00  0.000E+00
  2.1577700E+05 -0.000E+00 -0.000E+00  0.000E+00
  2.1577900E+05 -0.000E+00 -0.000E+00  0.000E+00
  2.1578100E+05 -0.000E+00 -0.000E+00  0.000E+00
  2.1578300E+05 -0.000E+00 -0.000E+00  0.000E+00
  2.1578500E+05 -0.000E+00 -0.000E+00  0.000E+00
  2.1578700E+05 -0.000E+00 -0.000E+00  0.000E+00
  2.1578900E+05 -0.000E+00 -0.000E+00  0.000E+00
  2.1579100E+05 -0.000E+00 -0.000E+00  0.000E+00
  2.1579300E+05 -0.000E+00 -0.000E+00  0.000E+00
  2.1579500E+05 -0.000E+00 -0.000E+00  0.000E+00
  2.1579700E+05 -0.000E+00 -0.000E+00  0.000E+00
  2.1579900E+05 -0.000E+00 -0.000E+00  0.000E+00
  2.1580100E+05 -0.000E+00 -0.000E+00  0.000E+00
  2.1580300E+05 -0.000E+00 -0.000E+00  0.000E+00
  2.1580500E+05 -0.000E+00 -0.000E+00  0.000E+00
  2.1580700E+05 -0.000E+00 -0.000E+00  0.000E+00
  2.1580900E+05 -0.000E+00 -0.000E+00  0.000E+00
  2.1581100E+05 -0.000E+00 -0.000E+00  0.000E+00
  2.1581300E+05 -0.000E+00 -0.000E+00  0.000E+00
  2.1581500E+05 -0.000E+00 -0.000E+00  0.000E+00
  2.1581700E+05 -0.000E+00 -0.000E+00  0.000E+00
  2.1581900E+05 -0.000E+00 -0.000E+00  0.000E+00
  2.1582100E+05 -0.000E+00 -0.000E+00  0.000E+00
  2.1582300E+05 -0.000E+00 -0.000E+00  0.000E+00
  2.1582500E+05 -0.000E+00 -0.000E+00  0.000E+00
  2.1582700E+05 -0.000E+00 -0.000E+00  0.000E+00
  2.1582900E+05 -0.000E+00 -0.000E+00  0.000E+00
  2.1583100E+05 -0.000E+00 -0.000E+00  0.000E+00
  2.1583300E+05 -0.000E+00 -0.000E+00  0.000E+00
  2.1583500E+05 -0.000E+00 -0.000E+00  0.000E+00
  2.1583700E+05 -0.000E+00 -0.000E+00  0.000E+00
  2.1583900E+05 -0.000E+00 -0.000E+00  0.000E+00
  2.1584100E+05 -0.000E+00 -0.000E+00  0.000E+00
  2.1584300E+05 -0.000E+00 -0.000E+00  0.000E+00
  2.1584500E+05 -0.000E+00 -0.000E+00  0.000E+00
  2.1584700E+05 -0.000E+00 -0.000E+00  0.000E+00
  2.1584900E+05 -0.000E+00 -0.000E+00  0.000E+00
  2.1585100E+05 -0.000E+00 -0.000E+00  0.000E+00
  2.1585300E+05 -0.000E+00 -0.000E+00  0.000E+00
  2.1585500E+05 -0.000E+00 -0.000E+00  0.000E+00
  2.1585700E+05 -0.000E+00 -0.000E+00  0.000E+00
  2.1585900E+05 -0.000E+00 -0.000E+00  0.000E+00
  2.1586100E+05 -0.000E+00 -0.000E+00  0.000E+00
  2.1586300E+05 -0.000E+00 -0.000E+00  0.000E+00
  2.1586500E+05 -0.000E+00 -0.000E+00  0.000E+00
  2.1586700E+05 -0.000E+00 -0.000E+00  0.000E+00
  2.1586900E+05 -0.000E+00 -0.000E+00  0.000E+00
  2.1587100E+05 -0.000E+00 -0.000E+00  0.000E+00
  2.1587300E+05 -0.000E+00 -0.000E+00  0.000E+00
  2.1587500E+05 -0.000E+00 -0.000E+00  0.000E+00
  2.1587700E+05 -0.000E+00 -0.000E+00  0.000E+00
  2.1587900E+05 -0.000E+00 -0.000E+00  0.000E+00
  2.1588100E+05 -0.000E+00 -0.000E+00  0.000E+00
  2.1588300E+05 -0.000E+00 -0.000E+00  0.000E+00
  2.1588500E+05 -0.000E+00 -0.000E+00  0.000E+00
  2.1588700E+05 -0.000E+00 -0.000E+00  0.000E+00
  2.1588900E+05 -0.000E+00 -0.000E+00  0.000E+00
  2.1589100E+05 -0.000E+00 -0.000E+00  0.000E+00
  2.1589300E+05 -0.000E+00 -0.000E+00  0.000E+00
  2.1589500E+05 -0.000E+00 -0.000E+00  0.000E+00
  2.1589700E+05 -0.000E+00 -0.000E+00  0.000E+00
  2.1589900E+05 -0.000E+00 -0.000E+00  0.000E+00
  2.1590100E+05 -0.000E+00 -0.000E+00  0.000E+00
  2.1590300E+05 -0.000E+00 -0.000E+00  0.000E+00
  2.1590500E+05 -0.000E+00 -0.000E+00  0.000E+00
  2.1590700E+05 -0.000E+00 -0.000E+00  0.000E+00
  2.1590900E+05 -0.000E+00 -0.000E+00  0.000E+00
  2.1591100E+05 -0.000E+00 -0.000E+00  0.000E+00
  2.1591300E+05 -0.000E+00 -0.000E+00  0.000E+00
  2.1591500E+05 -0.000E+00 -0.000E+00  0.000E+00
  2.1591700E+05 -0.000E+00 -0.000E+00  0.000E+00
  2.1591900E+05 -0.000E+00 -0.000E+00  0.000E+00
  2.1592100E+05 -0.000E+00 -0.000E+00  0.000E+00
  2.1592300E+05 -0.000E+00 -0.000E+00  0.000E+00
  2.1592500E+05 -0.000E+00 -0.000E+00  0.000E+00
  2.1592700E+05 -0.000E+00 -0.000E+00  0.000E+00
  2.1592900E+05 -0.000E+00 -0.000E+00  0.000E+00
  2.1593100E+05 -0.000E+00 -0.000E+00  0.000E+00
  2.1593300E+05  2.319E-09 -5.371E-10  4.754E-09
  2.1593500E+05 -1.550E-07 -1.082E-08  3.861E-07
  2.1593700E+05 -1.289E-05  7.646E-07  7.028E-06
  2.1593900E+05 -2.300E-05  1.004E-06  1.811E-05
  2.1594100E+05  2.050E-05  1.200E-06 -4.791E-05
  2.1594300E+05 -1.245E-04  3.112E-05 -2.929E-04
  2.1594500E+05 -7.062E-05  2.919E-06  5.779E-05
  2.1594700E+05 -1.995E-04  1.707E-06  2.665E-04
  2.1594900E+05 -5.534E-04  6.102E-05 -1.193E-04
  2.1595100E+05 -3.104E-04  4.797E-05 -2.768E-04
  2.1595300E+05 -4.989E-04  1.819E-04 -2.059E-03
  2.1595500E+05 -2.477E-03  4.195E-04 -2.795E-03
  2.1595700E+05 -3.219E-03  5.131E-04 -3.140E-03
  2.1595900E+05 -5.948E-03  7.399E-04 -2.579E-03
  2.1596100E+05 -1.064E-02  1.331E-03 -4.681E-03
  2.1596300E+05 -1.203E-02  1.853E-03 -1.072E-02
  2.1596500E+05 -1.301E-02  1.926E-03 -1.041E-02
  2.1596700E+05 -1.597E-02  2.229E-03 -1.069E-02
  2.1596900E+05 -3.436E-02  4.847E-03 -2.378E-02
  2.1597100E+05 -3.855E-02  4.952E-03 -1.902E-02
  2.1597300E+05 -5.770E-02  7.441E-03 -2.891E-02
  2.1597500E+05 -5.744E-02  8.592E-03 -4.740E-02
  2.1597700E+05 -6.451E-02  1.035E-02 -6.448E-02
  2.1597900E+05 -8.317E-02  1.136E-02 -5.170E-02
  2.1598100E+05 -1.192E-01  1.659E-02 -7.904E-02
  2.1598300E+05 -1.392E-01  1.900E-02 -8.618E-02
  2.1598500E+05 -1.891E-01  2.621E-02 -1.236E-01
  2.1598700E+05 -2.108E-01  3.096E-02 -1.656E-01
  2.1598900E+05 -2.461E-01  3.456E-02 -1.681E-01
  2.1599100E+05 -3.115E-01  4.134E-02 -1.740E-01
  2.1599300E+05 -3.461E-01  4.938E-02 -2.489E-01
  2.1599500E+05 -4.044E-01  5.649E-02 -2.713E-01
  2.1599700E+05 -4.688E-01  6.439E-02 -2.969E-01
  2.1599900E+05 -5.522E-01  7.730E-02 -3.731E-01
  2.1600100E+05 -6.287E-01  8.740E-02 -4.151E-01
  2.1600300E+05 -6.592E-01  9.386E-02 -4.718E-01
  2.1600500E+05 -7.203E-01  1.006E-01 -4.836E-01
  2.1600700E+05 -8.033E-01  1.103E-01 -5.087E-01
  2.1600900E+05 -8.203E-01  1.191E-01 -6.245E-01
  2.1601100E+05 -9.070E-01  1.274E-01 -6.207E-01
  2.1601300E+05 -1.033E+00  1.425E-01 -6.649E-01
  2.1601500E+05 -1.106E+00  1.554E-01 -7.590E-01
  2.1601700E+05 -1.162E+00  1.607E-01 -7.543E-01
  2.1601900E+05 -1.180E+00  1.657E-01 -8.084E-01
  2.1602100E+05 -1.264E+00  1.783E-01 -8.792E-01
  2.1602300E+05 -1.252E+00  1.740E-01 -8.288E-01
  2.1602500E+05 -1.327E+00  1.854E-01 -8.925E-01
  2.1602700E+05 -1.312E+00  1.837E-01 -8.907E-01
  2.1602900E+05 -1.186E+00  1.674E-01 -8.285E-01
  2.1603100E+05 -1.249E+00  1.795E-01 -9.287E-01
  2.1603300E+05 -1.224E+00  1.751E-01 -8.965E-01
  2.1603500E+05 -1.218E+00  1.752E-01 -9.074E-01
  2.1603700E+05 -1.181E+00  1.639E-01 -7.784E-01
  2.1603900E+05 -1.112E+00  1.596E-01 -8.248E-01
  2.1604100E+05 -1.080E+00  1.476E-01 -6.738E-01
  2.1604300E+05 -9.795E-01  1.366E-01 -6.597E-01
  2.1604500E+05 -9.225E-01  1.313E-01 -6.673E-01
  2.1604700E+05 -8.762E-01  1.222E-01 -5.896E-01
  2.1604900E+05 -7.257E-01  1.014E-01 -4.917E-01
  2.1605100E+05 -7.066E-01  9.900E-02 -4.847E-01
  2.1605300E+05 -7.030E-01  9.874E-02 -4.880E-01
  2.1605500E+05 -5.492E-01  7.742E-02 -3.851E-01
  2.1605700E+05 -5.350E-01  7.259E-02 -3.265E-01
  2.1605900E+05 -4.200E-01  6.273E-02 -3.576E-01
  2.1606100E+05 -3.467E-01  5.232E-02 -3.059E-01
  2.1606300E+05 -3.292E-01  4.376E-02 -1.870E-01
  2.1606500E+05 -2.901E-01  4.124E-02 -2.143E-01
  2.1606700E+05 -1.928E-01  2.729E-02 -1.421E-01
  2.1606900E+05 -1.698E-01  2.412E-02 -1.277E-01
  2.1607100E+05 -1.483E-01  1.607E-02 -2.191E-02
  2.1607300E+05 -7.436E-02  9.145E-03 -3.423E-02
