  2.4998300E+05 -0.000E+00 -0.000E+00  0.000E+00
  2.4998500E+05 -0.000E+00 -0.000E+00  0.000E+00
  2.4998700E+05 -0.000E+00 -0.000E+00  0.000E+00
  2.4998900E+05 -0.000E+00 -0.000E+00  0.000E+00
  2.4999100E+05 -0.000E+00 -0.000E+00  0.000E+00
  2.4999300E+05 -0.000E+00 -0.000E+00  0.000E+00
  2.4999500E+05 -0.000E+00 -0.000E+00  0.000E+00
  2.4999700E+05 -0.000E+00 -0.000E+00  0.000E+00
  2.4999900E+05 -0.000E+00 -0.000E+00  0.000E+00
  2.5000100E+05 -0.000E+00 -0.000E+00  0.000E+00
  2.5000300E+05 -0.000E+00 -0.000E+00  0.000E+00
  2.5000500E+05 -0.000E+00 -0.000E+00  0.000E+00
  2.5000700E+05 -0.000E+00 -0.000E+00  0.000E+00
  2.5000900E+05 -0.000E+00 -0.000E+00  0.000E+00
  2.5001100E+05 -0.000E+00 -0.000E+00  0.000E+00
  2.5001300E+05 -0.000E+00 -0.000E+00  0.000E+00
  2.5001500E+05 -0.000E+00 -0.000E+00  0.000E+00
  2.5001700E+05 -0.000E+00 -0.000E+00  0.000E+00
  2.5001900E+05 -0.000E+00 -0.000E+00  0.000E+00
  2.5002100E+05 -0.000E+00 -0.000E+00  0.000E+00
  2.5002300E+05 -0.000E+00 -0.000E+00  0.000E+00
  2.5002500E+05 -0.000E+00 -0.000E+00  0.000E+00
  2.5002700E+05 -0.000E+00 -0.000E+00  0.000E+00
  2.5002900E+05 -0.000E+00 -0.000E+00  0.000E+00
  2.5003100E+05 -0.000E+00 -0.000E+00  0.000E+00
  2.5003300E+05 -0.000E+00 -0.000E+00  0.000E+00
  2.5003500E+05 -0.000E+00 -0.000E+00  0.000E+00
  2.5003700E+05 -0.000E+00 -0.000E+00  0.000E+00
  2.5003900E+05 -0.000E+00 -0.000E+00  0.000E+00
  2.5004100E+05 -0.000E+00 -0.000E+00  0.000E+00
  2.5004300E+05 -0.000E+00 -0.000E+00  0.000E+00
  2.5004500E+05 -0.000E+00 -0.000E+00  0.000E+00
  2.5004700E+05 -0.000E+00 -0.000E+00  0.000E+00
  2.5004900E+05 -0.000E+00 -0.000E+00  0.000E+00
  2.5005100E+05 -0.000E+00 -0.000E+00  0.000E+00
  2.5005300E+05 -0.000E+00 -0.000E+00  0.000E+00
  2.5005500E+05 -0.000E+00 -0.000E+00  0.000E+00
  2.5005700E+05 -0.000E+00 -0.000E+00  0.000E+00
  2.5005900E+05 -0.000E+00 -0.000E+00  0.000E+00
  2.5006100E+05 -0.000E+00 -0.000E+00  0.000E+00
  2.5006300E+05 -0.000E+00 -0.000E+00  0.000E+00
  2.5006500E+05 -0.000E+00 -0.000E+00  0.000E+00
  2.5006700E+05 -0.000E+00 -0.000E+00  0.000E+00
  2.5006900E+05 -0.000E+00 -0.000E+00  0.000E+00
  2.5007100E+05 -0.000E+00 -0.000E+00  0.000E+00
  2.5007300E+05 -0.000E+00 -0.000E+00  0.000E+00
  2.5007500E+05 -0.000E+00 -0.000E+00  0.000E+00
  2.5007700E+05 -0.000E+00 -0.000E+00  0.000E+00
  2.5007900E+05 -0.000E+00 -0.000E+00  0.000E+00
  2.5008100E+05 -0.000E+00 -0.000E+00  0.000E+00
  2.5008300E+05 -0.000E+00 -0.000E+00  0.000E+00
  2.5008500E+05 -0.000E+00 -0.000E+00  0.000E+00
  2.5008700E+05 -0.000E+00 -0.000E+00  0.000E+00
  2.5008900E+05 -0.000E+00 -0.000E+00  0.000E+00
  2.5009100E+05 -0.000E+00 -0.000E+00  0.000E+00
  2.5009300E+05 -0.000E+00 -0.000E+00  0.000E+00
  2.5009500E+05 -0.000E+00 -0.000E+00  0.000E+00
  2.5009700E+05 -0.000E+00 -0.000E+00  0.000E+00
  2.5009900E+05 -0.000E+00 -0.000E+00  0.000E+00
  2.5010100E+05 -0.000E+00 -0.000E+00  0.000E+00
  2.5010300E+05 -0.000E+00 -0.000E+00  0.000E+00
  2.5010500E+05 -0.000E+00 -0.000E+00  0.000E+00
  2.5010700E+05 -0.000E+00 -0.000E+00  0.000E+00
  2.5010900E+05 -0.000E+00 -0.000E+00  0.000E+00
  2.5011100E+05 -0.000E+00 -0.000E+00  0.000E+00
  2.5011300E+05 -0.000E+00 -0.000E+00  0.000E+00
  2.5011500E+05 -0.000E+00 -0.000E+00  0.000E+00
  2.5011700E+05 -0.000E+00 -0.000E+00  0.000E+00
  2.5011900E+05 -0.000E+00 -0.000E+00  0.000E+00
  2.5012100E+05 -0.000E+00 -0.000E+00  0.000E+00
  2.5012300E+05 -0.000E+00 -0.000E+00  0.000E+00
  2.5012500E+05 -0.000E+00 -0.000E+00  0.000E+00
  2.5012700E+05 -0.000E+00 -0.000E+00  0.000E+00
  2.5012900E+05 -0.000E+00 -0.000E+00  0.000E+00
  2.5013100E+05 -0.000E+00 -0.000E+00  0.000E+00
  2.5013300E+05 -0.000E+00 -0.000E+00  0.000E+00
  2.5013500E+05 -0.000E+00 -0.000E+00  0.000E+00
  2.5013700E+05 -0.000E+00 -0.000E+00  0.000E+00
  2.5013900E+05 -0.000E+00 -0.000E+00  0.000E+00
  2.5014100E+05 -0.000E+00 -0.000E+00  0.000E+00
  2.5014300E+05 -0.000E+00 -0.000E+00  0.000E+00
  2.5014500E+05 -0.000E+00 -0.000E+00  0.000E+00
  2.5014700E+05 -0.000E+00 -0.000E+00  0.000E+00
  2.5014900E+05 -0.000E+00 -0.000E+00  0.000E+00
  2.5015100E+05 -0.000E+00 -0.000E+00  0.000E+00
  2.5015300E+05 -0.000E+00 -0.000E+00  0.000E+00
  2.5015500E+05 -0.000E+00 -0.000E+00  0.000E+00
  2.5015700E+05 -0.000E+00 -0.000E+00  0.000E+00
  2.5015900E+05 -0.000E+00 -0.000E+00  0.000E+00
  2.5016100E+05 -0.000E+00 -0.000E+00  0.000E+00
  2.5016300E+05 -0.000E+00 -0.000E+00  0.000E+00
  2.5016500E+05 -0.000E+00 -0.000E+00  0.000E+00
  2.5016700E+05 -0.000E+00 -0.000E+00  0.000E+00
  2.5016900E+05 -0.000E+00 -0.000E+00  0.000E+00
  2.5017100E+05 -0.000E+00 -0.000E+00  0.000E+00
  2.5017300E+05 -0.000E+00 -0.000E+00  0.000E+00
  2.5017500E+05 -0.000E+00 -0.000E+00  0.000E+00
  2.5017700E+05 -0.000E+00 -0.000E+00  0.000E+00
  2.5017900E+05 -0.000E+00 -0.000E+00  0.000E+00
  2.5018100E+05 -0.000E+00 -0.000E+00  0.000E+00
  2.5018300E+05 -0.000E+00 -0.000E+00  0.000E+00
  2.5018500E+05 -0.000E+00 -0.000E+00  0.000E+00
  2.5018700E+05 -0.000E+00 -0.000E+00  0.000E+00
  2.5018900E+05 -0.000E+00 -0.000E+00  0.000E+00
  2.5019100E+05 -0.000E+00 -0.000E+00  0.000E+00
  2.5019300E+05 -0.000E+00 -0.000E+00  0.000E+00
  2.5019500E+05 -0.000E+00 -0.000E+00  0.000E+00
  2.5019700E+05 -0.000E+00 -0.000E+00  0.000E+00
  2.5019900E+05 -0.000E+00 -0.000E+00  0.000E+00
  2.5020100E+05 -0.000E+00 -0.000E+00  0.000E+00
  2.5020300E+05 -0.000E+00 -0.000E+00  0.000E+00
  2.5020500E+05 -0.000E+00 -0.000E+00  0.000E+00
  2.5020700E+05 -0.000E+00 -0.000E+00  0.000E+00
  2.5020900E+05 -0.000E+00 -0.000E+00  0.000E+00
  2.5021100E+05 -0.000E+00 -0.000E+00  0.000E+00
  2.5021300E+05 -0.000E+00 -0.000E+00  0.000E+00
  2.5021500E+05 -0.000E+00 -0.000E+00  0.000E+00
  2.5021700E+05 -0.000E+00 -0.000E+00  0.000E+00
  2.5021900E+05  2.913E-08 -7.175E-09  7.565E-08
  2.5022100E+05 -3.074E-05  4.432E-06 -3.083E-05
  2.5022300E+05 -4.798E-05  2.723E-06  1.751E-05
  2.5022500E+05  7.077E-05 -2.408E-06 -5.069E-05
  2.5022700E+05 -1.091E-03  7.494E-05  1.964E-04
  2.5022900E+05  2.731E-04  3.425E-05 -8.831E-04
  2.5023100E+05 -1.988E-05 -1.389E-05  2.417E-04
  2.5023300E+05 -7.572E-04  8.420E-05 -3.850E-04
  2.5023500E+05 -1.620E-03  2.041E-04 -1.216E-03
  2.5023700E+05 -2.268E-03  3.401E-04 -2.566E-03
  2.5023900E+05 -2.755E-03  2.786E-04 -9.680E-04
  2.5024100E+05 -4.343E-03  4.709E-04 -2.047E-03
  2.5024300E+05 -8.263E-03  7.678E-04 -1.832E-03
  2.5024500E+05 -1.185E-02  1.475E-03 -8.710E-03
  2.5024700E+05 -1.713E-02  2.013E-03 -1.070E-02
  2.5024900E+05 -2.342E-02  2.368E-03 -8.427E-03
  2.5025100E+05 -3.781E-02  4.384E-03 -2.284E-02
  2.5025300E+05 -4.856E-02  5.536E-03 -2.787E-02
  2.5025500E+05 -5.938E-02  6.645E-03 -3.213E-02
  2.5025700E+05 -7.844E-02  8.511E-03 -3.832E-02
  2.5025900E+05 -9.992E-02  1.231E-02 -7.326E-02
  2.5026100E+05 -1.141E-01  1.249E-02 -5.801E-02
  2.5026300E+05 -1.428E-01  1.630E-02 -8.413E-02
  2.5026500E+05 -1.862E-01  2.149E-02 -1.138E-01
  2.5026700E+05 -2.278E-01  2.624E-02 -1.388E-01
  2.5026900E+05 -2.686E-01  3.074E-02 -1.615E-01
  2.5027100E+05 -3.627E-01  4.093E-02 -2.091E-01
  2.5027300E+05 -4.270E-01  4.847E-02 -2.521E-01
  2.5027500E+05 -4.168E-01  4.849E-02 -2.669E-01
  2.5027700E+05 -5.390E-01  6.095E-02 -3.170E-01
  2.5027900E+05 -6.184E-01  7.244E-02 -4.080E-01
  2.5028100E+05 -6.626E-01  7.489E-02 -3.928E-01
  2.5028300E+05 -7.285E-01  8.522E-02 -4.827E-01
  2.5028500E+05 -8.264E-01  9.261E-02 -4.798E-01
  2.5028700E+05 -9.066E-01  1.071E-01 -6.240E-01
  2.5028900E+05 -1.027E+00  1.159E-01 -6.162E-01
  2.5029100E+05 -1.074E+00  1.249E-01 -7.117E-01
  2.5029300E+05 -1.205E+00  1.369E-01 -7.456E-01
  2.5029500E+05 -1.197E+00  1.388E-01 -7.931E-01
  2.5029700E+05 -1.181E+00  1.438E-01 -9.058E-01
  2.5029900E+05 -1.300E+00  1.489E-01 -8.365E-01
  2.5030100E+05 -1.342E+00  1.521E-01 -8.411E-01
  2.5030300E+05 -1.347E+00  1.536E-01 -8.649E-01
  2.5030500E+05 -1.338E+00  1.551E-01 -9.077E-01
  2.5030700E+05 -1.280E+00  1.524E-01 -9.434E-01
  2.5030900E+05 -1.361E+00  1.556E-01 -8.918E-01
  2.5031100E+05 -1.261E+00  1.486E-01 -9.109E-01
  2.5031300E+05 -1.271E+00  1.478E-01 -8.856E-01
  2.5031500E+05 -1.135E+00  1.308E-01 -7.759E-01
  2.5031700E+05 -1.059E+00  1.189E-01 -6.726E-01
  2.5031900E+05 -1.035E+00  1.215E-01 -7.575E-01
  2.5032100E+05 -9.842E-01  1.113E-01 -6.475E-01
  2.5032300E+05 -9.429E-01  1.105E-01 -6.929E-01
  2.5032500E+05 -7.949E-01  9.352E-02 -5.948E-01
  2.5032700E+05 -7.213E-01  8.218E-02 -4.963E-01
  2.5032900E+05 -5.394E-01  6.761E-02 -4.876E-01
  2.5033100E+05 -5.432E-01  6.098E-02 -3.653E-01
  2.5033300E+05 -4.971E-01  5.601E-02 -3.383E-01
  2.5033500E+05 -4.967E-01  5.080E-02 -2.452E-01
  2.5033700E+05 -3.864E-01  4.350E-02 -2.697E-01
  2.5033900E+05 -3.138E-01  3.669E-02 -2.496E-01
  2.5034100E+05 -1.724E-01  2.264E-02 -1.899E-01
  2.5034300E+05 -2.369E-01  2.574E-02 -1.556E-01
  2.5034500E+05 -1.489E-01  1.599E-02 -1.026E-01
  2.5034700E+05 -1.678E-02  5.663E-03 -1.007E-01
  2.5034900E+05 -6.458E-02  7.992E-03 -7.451E-02
  2.5035100E+05 -3.301E-02  3.021E-04  2.442E-02
  2.5035300E+05  1.555E-03 -3.248E-03  3.703E-02
  2.5035500E+05  1.089E-01 -1.292E-02  6.592E-02
  2.5035700E+05  3.186E-02 -6.722E-03  6.377E-02
  2.5035900E+05  6.613E-02 -7.131E-03  2.041E-02
  2.5036100E+05  5.455E-02 -6.559E-03  3.002E-02
