  1.3787300E+05 -0.000E+00 -0.000E+00  0.000E+00
  1.3787500E+05 -0.000E+00 -0.000E+00  0.000E+00
  1.3787700E+05 -0.000E+00 -0.000E+00  0.000E+00
  1.3787900E+05 -0.000E+00 -0.000E+00  0.000E+00
  1.3788100E+05 -0.000E+00 -0.000E+00  0.000E+00
  1.3788300E+05 -0.000E+00 -0.000E+00  0.000E+00
  1.3788500E+05 -0.000E+00 -0.000E+00  0.000E+00
  1.3788700E+05 -0.000E+00 -0.000E+00  0.000E+00
  1.3788900E+05 -0.000E+00 -0.000E+00  0.000E+00
  1.3789100E+05 -0.000E+00 -0.000E+00  0.000E+00
  1.3789300E+05 -0.000E+00 -0.000E+00  0.000E+00
  1.3789500E+05 -0.000E+00 -0.000E+00  0.000E+00
  1.3789700E+05 -0.000E+00 -0.000E+00  0.000E+00
  1.3789900E+05 -0.000E+00 -0.000E+00  0.000E+00
  1.3790100E+05 -0.000E+00 -0.000E+00  0.000E+00
  1.3790300E+05 -0.000E+00 -0.000E+00  0.000E+00
  1.3790500E+05 -0.000E+00 -0.000E+00  0.000E+00
  1.3790700E+05 -0.000E+00 -0.000E+00  0.000E+00
  1.3790900E+05 -0.000E+00 -0.000E+00  0.000E+00
  1.3791100E+05 -0.000E+00 -0.000E+00  0.000E+00
  1.3791300E+05 -0.000E+00 -0.000E+00  0.000E+00
  1.3791500E+05 -0.000E+00 -0.000E+00  0.000E+00
  1.3791700E+05 -0.000E+00 -0.000E+00  0.000E+00
  1.3791900E+05 -0.000E+00 -0.000E+00  0.000E+00
  1.3792100E+05 -0.000E+00 -0.000E+00  0.000E+00
  1.3792300E+05 -0.000E+00 -0.000E+00  0.000E+00
  1.3792500E+05 -0.000E+00 -0.000E+00  0.000E+00
  1.3792700E+05 -0.000E+00 -0.000E+00  0.000E+00
  1.3792900E+05 -0.000E+00 -0.000E+00  0.000E+00
  1.3793100E+05 -0.000E+00 -0.000E+00  0.000E+00
  1.3793300E+05 -0.000E+00 -0.000E+00  0.000E+00
  1.3793500E+05 -0.000E+00 -0.000E+00  0.000E+00
  1.3793700E+05 -0.000E+00 -0.000E+00  0.000E+00
  1.3793900E+05 -0.000E+00 -0.000E+00  0.000E+00
  1.3794100E+05 -0.000E+00 -0.000E+00  0.000E+00
  1.3794300E+05 -0.000E+00 -0.000E+00  0.000E+00
  1.3794500E+05 -0.000E+00 -0.000E+00  0.000E+00
  1.3794700E+05 -0.000E+00 -0.000E+00  0.000E+00
  1.3794900E+05 -0.000E+00 -0.000E+00  0.000E+00
  1.3795100E+05 -0.000E+00 -0.000E+00  0.000E+00
  1.3795300E+05 -0.000E+00 -0.000E+00  0.000E+00
  1.3795500E+05 -0.000E+00 -0.000E+00  0.000E+00
  1.3795700E+05 -0.000E+00 -0.000E+00  0.000E+00
  1.3795900E+05 -0.000E+00 -0.000E+00  0.000E+00
  1.3796100E+05 -0.000E+00 -0.000E+00  0.000E+00
  1.3796300E+05 -0.000E+00 -0.000E+00  0.000E+00
  1.3796500E+05 -0.000E+00 -0.000E+00  0.000E+00
  1.3796700E+05 -0.000E+00 -0.000E+00  0.000E+00
  1.3796900E+05 -0.000E+00 -0.000E+00  0.000E+00
  1.3797100E+05 -0.000E+00 -0.000E+00  0.000E+00
  1.3797300E+05 -0.000E+00 -0.000E+00  0.000E+00
  1.3797500E+05 -0.000E+00 -0.000E+00  0.000E+00
  1.3797700E+05 -0.000E+00 -0.000E+00  0.000E+00
  1.3797900E+05 -0.000E+00 -0.000E+00  0.000E+00
  1.3798100E+05 -0.000E+00 -0.000E+00  0.000E+00
  1.3798300E+05 -0.000E+00 -0.000E+00  0.000E+00
  1.3798500E+05 -0.000E+00 -0.000E+00  0.000E+00
  1.3798700E+05 -0.000E+00 -0.000E+00  0.000E+00
  1.3798900E+05 -0.000E+00 -0.000E+00  0.000E+00
  1.3799100E+05 -0.000E+00 -0.000E+00  0.000E+00
  1.3799300E+05 -0.000E+00 -0.000E+00  0.000E+00
  1.3799500E+05 -0.000E+00 -0.000E+00  0.000E+00
  1.3799700E+05 -0.000E+00 -0.000E+00  0.000E+00
  1.3799900E+05 -0.000E+00 -0.000E+00  0.000E+00
  1.3800100E+05 -0.000E+00 -0.000E+00  0.000E+00
  1.3800300E+05 -0.000E+00 -0.000E+00  0.000E+00
  1.3800500E+05 -0.000E+00 -0.000E+00  0.000E+00
  1.3800700E+05 -0.000E+00 -0.000E+00  0.000E+00
  1.3800900E+05 -0.000E+00 -0.000E+00  0.000E+00
  1.3801100E+05 -0.000E+00 -0.000E+00  0.000E+00
  1.3801300E+05 -0.000E+00 -0.000E+00  0.000E+00
  1.3801500E+05 -0.000E+00 -0.000E+00  0.000E+00
  1.3801700E+05 -0.000E+00 -0.000E+00  0.000E+00
  1.3801900E+05 -0.000E+00 -0.000E+00  0.000E+00
  1.3802100E+05 -0.000E+00 -0.000E+00  0.000E+00
  1.3802300E+05 -0.000E+00 -0.000E+00  0.000E+00
  1.3802500E+05 -0.000E+00 -0.000E+00  0.000E+00
  1.3802700E+05 -0.000E+00 -0.000E+00  0.000E+00
  1.3802900E+05 -0.000E+00 -0.000E+00  0.000E+00
  1.3803100E+05 -0.000E+00 -0.000E+00  0.000E+00
  1.3803300E+05 -0.000E+00 -0.000E+00  0.000E+00
  1.3803500E+05 -0.000E+00 -0.000E+00  0.000E+00
  1.3803700E+05 -0.000E+00 -0.000E+00  0.000E+00
  1.3803900E+05 -0.000E+00 -0.000E+00  0.000E+00
  1.3804100E+05 -0.000E+00 -0.000E+00  0.000E+00
  1.3804300E+05 -0.000E+00 -0.000E+00  0.000E+00
  1.3804500E+05 -0.000E+00 -0.000E+00  0.000E+00
  1.3804700E+05 -0.000E+00 -0.000E+00  0.000E+00
  1.3804900E+05 -0.000E+00 -0.000E+00  0.000E+00
  1.3805100E+05 -0.000E+00 -0.000E+00  0.000E+00
  1.3805300E+05 -0.000E+00 -0.000E+00  0.000E+00
  1.3805500E+05 -0.000E+00 -0.000E+00  0.000E+00
  1.3805700E+05 -0.000E+00 -0.000E+00  0.000E+00
  1.3805900E+05 -0.000E+00 -0.000E+00  0.000E+00
  1.3806100E+05 -0.000E+00 -0.000E+00  0.000E+00
  1.3806300E+05 -0.000E+00 -0.000E+00  0.000E+00
  1.3806500E+05 -0.000E+00 -0.000E+00  0.000E+00
  1.3806700E+05 -0.000E+00 -0.000E+00  0.000E+00
  1.3806900E+05 -0.000E+00 -0.000E+00  0.000E+00
  1.3807100E+05 -0.000E+00 -0.000E+00  0.000E+00
  1.3807300E+05 -0.000E+00 -0.000E+00  0.000E+00
  1.3807500E+05 -0.000E+00 -0.000E+00  0.000E+00
  1.3807700E+05 -0.000E+00 -0.000E+00  0.000E+00
  1.3807900E+05 -0.000E+00 -0.000E+00  0.000E+00
  1.3808100E+05 -0.000E+00 -0.000E+00  0.000E+00
  1.3808300E+05 -0.000E+00 -0.000E+00  0.000E+00
  1.3808500E+05 -0.000E+00 -0.000E+00  0.000E+00
  1.3808700E+05 -0.000E+00 -0.000E+00  0.000E+00
  1.3808900E+05 -0.000E+00 -0.000E+00  0.000E+00
  1.3809100E+05 -0.000E+00 -0.000E+00  0.000E+00
  1.3809300E+05 -0.000E+00 -0.000E+00  0.000E+00
  1.3809500E+05 -0.000E+00 -0.000E+00  0.000E+00
  1.3809700E+05 -0.000E+00 -0.000E+00  0.000E+00
  1.3809900E+05 -0.000E+00 -0.000E+00  0.000E+00
  1.3810100E+05 -0.000E+00 -0.000E+00  0.000E+00
  1.3810300E+05 -0.000E+00 -0.000E+00  0.000E+00
  1.3810500E+05 -0.000E+00 -0.000E+00  0.000E+00
  1.3810700E+05 -0.000E+00 -0.000E+00  0.000E+00
  1.3810900E+05 -0.000E+00 -0.000E+00  0.000E+00
  1.3811100E+05 -0.000E+00 -0.000E+00  0.000E+00
  1.3811300E+05 -0.000E+00 -0.000E+00  0.000E+00
  1.3811500E+05 -0.000E+00 -0.000E+00  0.000E+00
  1.3811700E+05 -0.000E+00 -0.000E+00  0.000E+00
  1.3811900E+05 -0.000E+00 -0.000E+00  0.000E+00
  1.3812100E+05 -0.000E+00 -0.000E+00  0.000E+00
  1.3812300E+05  5.117E-09 -1.713E-09  1.925E-08
  1.3812500E+05  1.078E-07 -1.697E-08  1.396E-07
  1.3812700E+05 -2.791E-04  1.614E-05  2.388E-05
  1.3812900E+05 -1.040E-03  1.566E-04 -1.255E-03
  1.3813100E+05  3.673E-04 -4.526E-05  3.048E-04
  1.3813300E+05  1.115E-04 -2.474E-05  2.471E-04
  1.3813500E+05  4.870E-05  6.880E-06 -1.412E-04
  1.3813700E+05 -5.196E-04  6.979E-05 -5.122E-04
  1.3813900E+05 -2.317E-04  1.551E-05 -2.159E-06
  1.3814100E+05 -2.581E-04  1.381E-05  4.744E-05
  1.3814300E+05 -2.008E-03  1.721E-04 -6.327E-04
  1.3814500E+05 -3.452E-03  4.253E-04 -2.941E-03
  1.3814700E+05 -4.381E-03  4.160E-04 -1.993E-03
  1.3814900E+05 -1.377E-03  2.195E-04 -1.911E-03
  1.3815100E+05 -7.835E-03  7.979E-04 -4.390E-03
  1.3815300E+05 -6.596E-03  8.490E-04 -6.253E-03
  1.3815500E+05 -1.245E-02  1.253E-03 -6.830E-03
  1.3815700E+05 -1.173E-02  1.427E-03 -9.997E-03
  1.3815900E+05 -1.928E-02  2.303E-03 -1.594E-02
  1.3816100E+05 -3.239E-02  2.685E-03 -9.756E-03
  1.3816300E+05 -4.247E-02  5.055E-03 -3.501E-02
  1.3816500E+05 -4.579E-02  4.620E-03 -2.610E-02
  1.3816700E+05 -5.533E-02  6.752E-03 -4.872E-02
  1.3816900E+05 -6.436E-02  6.165E-03 -3.236E-02
  1.3817100E+05 -8.506E-02  9.012E-03 -5.543E-02
  1.3817300E+05 -1.130E-01  1.293E-02 -8.765E-02
  1.3817500E+05 -1.145E-01  1.145E-02 -6.611E-02
  1.3817700E+05 -1.379E-01  1.364E-02 -7.711E-02
  1.3817900E+05 -1.803E-01  1.869E-02 -1.142E-01
  1.3818100E+05 -2.307E-01  2.368E-02 -1.430E-01
  1.3818300E+05 -2.150E-01  2.268E-02 -1.431E-01
  1.3818500E+05 -2.359E-01  2.478E-02 -1.563E-01
  1.3818700E+05 -3.081E-01  3.209E-02 -2.015E-01
  1.3818900E+05 -3.764E-01  3.752E-02 -2.233E-01
  1.3819100E+05 -3.991E-01  4.079E-02 -2.519E-01
  1.3819300E+05 -4.082E-01  4.312E-02 -2.793E-01
  1.3819500E+05 -4.920E-01  4.992E-02 -3.082E-01
  1.3819700E+05 -5.060E-01  5.172E-02 -3.244E-01
  1.3819900E+05 -5.399E-01  5.801E-02 -3.904E-01
  1.3820100E+05 -7.082E-01  7.016E-02 -4.255E-01
  1.3820300E+05 -7.297E-01  7.147E-02 -4.293E-01
  1.3820500E+05 -7.281E-01  7.356E-02 -4.658E-01
  1.3820700E+05 -7.457E-01  7.408E-02 -4.597E-01
  1.3820900E+05 -7.475E-01  7.795E-02 -5.186E-01
  1.3821100E+05 -9.769E-01  9.454E-02 -5.726E-01
  1.3821300E+05 -9.870E-01  1.020E-01 -6.787E-01
  1.3821500E+05 -9.453E-01  9.382E-02 -5.960E-01
  1.3821700E+05 -1.101E+00  1.060E-01 -6.481E-01
  1.3821900E+05 -1.145E+00  1.106E-01 -6.835E-01
  1.3822100E+05 -1.093E+00  1.100E-01 -7.247E-01
  1.3822300E+05 -1.098E+00  1.120E-01 -7.513E-01
  1.3822500E+05 -1.009E+00  1.022E-01 -6.876E-01
  1.3822700E+05 -1.046E+00  1.045E-01 -6.932E-01
  1.3822900E+05 -1.112E+00  1.072E-01 -6.816E-01
  1.3823100E+05 -1.149E+00  1.112E-01 -7.153E-01
  1.3823300E+05 -1.122E+00  1.107E-01 -7.349E-01
  1.3823500E+05 -1.204E+00  1.162E-01 -7.531E-01
  1.3823700E+05 -1.164E+00  1.104E-01 -7.034E-01
  1.3823900E+05 -1.116E+00  1.118E-01 -7.706E-01
  1.3824100E+05 -1.166E+00  1.112E-01 -7.243E-01
  1.3824300E+05 -1.009E+00  9.281E-02 -5.822E-01
  1.3824500E+05 -9.486E-01  9.029E-02 -5.957E-01
  1.3824700E+05 -8.615E-01  8.200E-02 -5.462E-01
  1.3824900E+05 -9.224E-01  8.577E-02 -5.537E-01
  1.3825100E+05 -9.720E-01  8.835E-02 -5.587E-01
