 -5.4961000E+04 -0.000E+00 -0.000E+00  0.000E+00
 -5.4959000E+04 -0.000E+00 -0.000E+00  0.000E+00
 -5.4957000E+04 -0.000E+00 -0.000E+00  0.000E+00
 -5.4955000E+04 -0.000E+00 -0.000E+00  0.000E+00
 -5.4953000E+04 -0.000E+00 -0.000E+00  0.000E+00
 -5.4951000E+04 -0.000E+00 -0.000E+00  0.000E+00
 -5.4949000E+04 -0.000E+00 -0.000E+00  0.000E+00
 -5.4947000E+04 -0.000E+00 -0.000E+00  0.000E+00
 -5.4945000E+04 -0.000E+00 -0.000E+00  0.000E+00
 -5.4943000E+04 -0.000E+00 -0.000E+00  0.000E+00
 -5.4941000E+04 -0.000E+00 -0.000E+00  0.000E+00
 -5.4939000E+04 -0.000E+00 -0.000E+00  0.000E+00
 -5.4937000E+04 -0.000E+00 -0.000E+00  0.000E+00
 -5.4935000E+04 -0.000E+00 -0.000E+00  0.000E+00
 -5.4933000E+04 -0.000E+00 -0.000E+00  0.000E+00
 -5.4931000E+04 -0.000E+00 -0.000E+00  0.000E+00
 -5.4929000E+04 -0.000E+00 -0.000E+00  0.000E+00
 -5.4927000E+04 -0.000E+00 -0.000E+00  0.000E+00
 -5.4925000E+04 -0.000E+00 -0.000E+00  0.000E+00
 -5.4923000E+04 -0.000E+00 -0.000E+00  0.000E+00
 -5.4921000E+04 -0.000E+00 -0.000E+00  0.000E+00
 -5.4919000E+04 -0.000E+00 -0.000E+00  0.000E+00
 -5.4917000E+04 -0.000E+00 -0.000E+00  0.000E+00
 -5.4915000E+04 -0.000E+00 -0.000E+00  0.000E+00
 -5.4913000E+04 -0.000E+00 -0.000E+00  0.000E+00
 -5.4911000E+04 -0.000E+00 -0.000E+00  0.000E+00
 -5.4909000E+04 -0.000E+00 -0.000E+00  0.000E+00
 -5.4907000E+04 -0.000E+00 -0.000E+00  0.000E+00
 -5.4905000E+04 -0.000E+00 -0.000E+00  0.000E+00
 -5.4903000E+04 -0.000E+00 -0.000E+00  0.000E+00
 -5.4901000E+04 -0.000E+00 -0.000E+00  0.000E+00
 -5.4899000E+04 -0.000E+00 -0.000E+00  0.000E+00
 -5.4897000E+04 -0.000E+00 -0.000E+00  0.000E+00
 -5.4895000E+04 -0.000E+00 -0.000E+00  0.000E+00
 -5.4893000E+04 -0.000E+00 -0.000E+00  0.000E+00
 -5.4891000E+04 -0.000E+00 -0.000E+00  0.000E+00
 -5.4889000E+04 -0.000E+00 -0.000E+00  0.000E+00
 -5.4887000E+04 -0.000E+00 -0.000E+00  0.000E+00
 -5.4885000E+04 -0.000E+00 -0.000E+00  0.000E+00
 -5.4883000E+04 -0.000E+00 -0.000E+00  0.000E+00
 -5.4881000E+04 -0.000E+00 -0.000E+00  0.000E+00
 -5.4879000E+04 -0.000E+00 -0.000E+00  0.000E+00
 -5.4877000E+04 -0.000E+00 -0.000E+00  0.000E+00
 -5.4875000E+04 -0.000E+00 -0.000E+00  0.000E+00
 -5.4873000E+04 -0.000E+00 -0.000E+00  0.000E+00
 -5.4871000E+04 -0.000E+00 -0.000E+00  0.000E+00
 -5.4869000E+04 -0.000E+00 -0.000E+00  0.000E+00
 -5.4867000E+04 -0.000E+00 -0.000E+00  0.000E+00
 -5.4865000E+04 -0.000E+00 -0.000E+00  0.000E+00
 -5.4863000E+04 -0.000E+00 -0.000E+00  0.000E+00
 -5.4861000E+04 -0.000E+00 -0.000E+00  0.000E+00
 -5.4859000E+04 -0.000E+00 -0.000E+00  0.000E+00
 -5.4857000E+04 -0.000E+00 -0.000E+00  0.000E+00
 -5.4855000E+04 -0.000E+00 -0.000E+00  0.000E+00
 -5.4853000E+04 -0.000E+00 -0.000E+00  0.000E+00
 -5.4851000E+04 -0.000E+00 -0.000E+00  0.000E+00
 -5.4849000E+04 -0.000E+00 -0.000E+00  0.000E+00
 -5.4847000E+04 -0.000E+00 -0.000E+00  0.000E+00
 -5.4845000E+04 -0.000E+00 -0.000E+00  0.000E+00
 -5.4843000E+04 -0.000E+00 -0.000E+00  0.000E+00
 -5.4841000E+04 -0.000E+00 -0.000E+00  0.000E+00
 -5.4839000E+04 -0.000E+00 -0.000E+00  0.000E+00
 -5.4837000E+04 -0.000E+00 -0.000E+00  0.000E+00
 -5.4835000E+04 -0.000E+00 -0.000E+00  0.000E+00
 -5.4833000E+04 -0.000E+00 -0.000E+00  0.000E+00
 -5.4831000E+04 -0.000E+00 -0.000E+00  0.000E+00
 -5.4829000E+04 -0.000E+00 -0.000E+00  0.000E+00
 -5.4827000E+04 -0.000E+00 -0.000E+00  0.000E+00
 -5.4825000E+04 -0.000E+00 -0.000E+00  0.000E+00
 -5.4823000E+04 -0.000E+00 -0.000E+00  0.000E+00
 -5.4821000E+04 -0.000E+00 -0.000E+00  0.000E+00
 -5.4819000E+04 -0.000E+00 -0.000E+00  0.000E+00
 -5.4817000E+04 -0.000E+00 -0.000E+00  0.000E+00
 -5.4815000E+04 -0.000E+00 -0.000E+00  0.000E+00
 -5.4813000E+04 -0.000E+00 -0.000E+00  0.000E+00
 -5.4811000E+04 -0.000E+00 -0.000E+00  0.000E+00
 -5.4809000E+04 -0.000E+00 -0.000E+00  0.000E+00
 -5.4807000E+04 -0.000E+00 -0.000E+00  0.000E+00
 -5.4805000E+04 -0.000E+00 -0.000E+00  0.000E+00
 -5.4803000E+04 -0.000E+00 -0.000E+00  0.000E+00
 -5.4801000E+04 -0.000E+00 -0.000E+00  0.000E+00
 -5.4799000E+04 -0.000E+00 -0.000E+00  0.000E+00
 -5.4797000E+04 -0.000E+00 -0.000E+00  0.000E+00
 -5.4795000E+04 -0.000E+00 -0.000E+00  0.000E+00
 -5.4793000E+04 -0.000E+00 -0.000E+00  0.000E+00
 -5.4791000E+04 -0.000E+00 -0.000E+00  0.000E+00
 -5.4789000E+04 -0.000E+00 -0.000E+00  0.000E+00
 -5.4787000E+04 -0.000E+00 -0.000E+00  0.000E+00
 -5.4785000E+04 -0.000E+00 -0.000E+00  0.000E+00
 -5.4783000E+04 -0.000E+00 -0.000E+00  0.000E+00
 -5.4781000E+04 -0.000E+00 -0.000E+00  0.000E+00
 -5.4779000E+04 -0.000E+00 -0.000E+00  0.000E+00
 -5.4777000E+04 -0.000E+00 -0.000E+00  0.000E+00
 -5.4775000E+04 -0.000E+00 -0.000E+00  0.000E+00
 -5.4773000E+04 -0.000E+00 -0.000E+00  0.000E+00
 -5.4771000E+04 -0.000E+00 -0.000E+00  0.000E+00
 -5.4769000E+04 -0.000E+00 -0.000E+00  0.000E+00
 -5.4767000E+04 -0.000E+00 -0.000E+00  0.000E+00
 -5.4765000E+04 -0.000E+00 -0.000E+00  0.000E+00
 -5.4763000E+04 -0.000E+00 -0.000E+00  0.000E+00
 -5.4761000E+04 -0.000E+00 -0.000E+00  0.000E+00
 -5.4759000E+04 -0.000E+00 -0.000E+00  0.000E+00
 -5.4757000E+04 -0.000E+00 -0.000E+00  0.000E+00
 -5.4755000E+04 -0.000E+00 -0.000E+00  0.000E+00
 -5.4753000E+04 -0.000E+00 -0.000E+00  0.000E+00
 -5.4751000E+04 -0.000E+00 -0.000E+00  0.000E+00
 -5.4749000E+04 -0.000E+00 -0.000E+00  0.000E+00
 -5.4747000E+04 -0.000E+00 -0.000E+00  0.000E+00
 -5.4745000E+04 -0.000E+00 -0.000E+00  0.000E+00
 -5.4743000E+04 -0.000E+00 -0.000E+00  0.000E+00
 -5.4741000E+04 -0.000E+00 -0.000E+00  0.000E+00
 -5.4739000E+04 -0.000E+00 -0.000E+00  0.000E+00
 -5.4737000E+04 -0.000E+00 -0.000E+00  0.000E+00
 -5.4735000E+04 -0.000E+00 -0.000E+00  0.000E+00
 -5.4733000E+04 -0.000E+00 -0.000E+00  0.000E+00
 -5.4731000E+04 -0.000E+00 -0.000E+00  0.000E+00
 -5.4729000E+04 -0.000E+00 -0.000E+00  0.000E+00
 -5.4727000E+04 -0.000E+00 -0.000E+00  0.000E+00
 -5.4725000E+04 -0.000E+00 -0.000E+00  0.000E+00
 -5.4723000E+04 -0.000E+00 -0.000E+00  0.000E+00
 -5.4721000E+04 -0.000E+00 -0.000E+00  0.000E+00
 -5.4719000E+04 -0.000E+00 -0.000E+00  0.000E+00
 -5.4717000E+04 -0.000E+00 -0.000E+00  0.000E+00
 -5.4715000E+04 -0.000E+00 -0.000E+00  0.000E+00
 -5.4713000E+04 -0.000E+00 -0.000E+00  0.000E+00
 -5.4711000E+04 -0.000E+00 -0.000E+00  0.000E+00
 -5.4709000E+04 -0.000E+00 -0.000E+00  0.000E+00
 -5.4707000E+04 -0.000E+00 -0.000E+00  0.000E+00
 -5.4705000E+04 -0.000E+00 -0.000E+00  0.000E+00
 -5.4703000E+04 -0.000E+00 -0.000E+00  0.000E+00
 -5.4701000E+04 -0.000E+00 -0.000E+00  0.000E+00
 -5.4699000E+04 -0.000E+00 -0.000E+00  0.000E+00
 -5.4697000E+04 -0.000E+00 -0.000E+00  0.000E+00
 -5.4695000E+04 -0.000E+00 -0.000E+00  0.000E+00
 -5.4693000E+04 -0.000E+00 -0.000E+00  0.000E+00
 -5.4691000E+04 -0.000E+00 -0.000E+00  0.000E+00
 -5.4689000E+04 -0.000E+00 -0.000E+00  0.000E+00
 -5.4687000E+04 -0.000E+00 -0.000E+00  0.000E+00
 -5.4685000E+04 -0.000E+00 -0.000E+00  0.000E+00
 -5.4683000E+04 -0.000E+00 -0.000E+00  0.000E+00
 -5.4681000E+04 -0.000E+00 -0.000E+00  0.000E+00
 -5.4679000E+04 -0.000E+00 -0.000E+00  0.000E+00
 -5.4677000E+04 -0.000E+00 -0.000E+00  0.000E+00
 -5.4675000E+04 -0.000E+00 -0.000E+00  0.000E+00
 -5.4673000E+04 -0.000E+00 -0.000E+00  0.000E+00
 -5.4671000E+04 -0.000E+00 -0.000E+00  0.000E+00
 -5.4669000E+04  1.394E-08 -7.644E-09  7.600E-08
 -5.4667000E+04  8.568E-09 -4.691E-09  4.663E-08
 -5.4665000E+04 -1.396E-04  4.880E-06  3.158E-05
 -5.4663000E+04 -2.502E-04  2.315E-05 -1.033E-04
 -5.4661000E+04 -7.025E-04  6.866E-06  3.539E-04
 -5.4659000E+04  2.063E-04 -1.594E-05  5.552E-05
 -5.4657000E+04  8.094E-05 -1.523E-06 -3.348E-05
 -5.4655000E+04 -3.496E-04  6.885E-05 -5.451E-04
 -5.4653000E+04 -5.672E-06 -3.347E-07  5.297E-06
 -5.4651000E+04 -7.550E-04  8.328E-05 -4.705E-04
 -5.4649000E+04 -3.502E-04  7.467E-05 -6.098E-04
 -5.4647000E+04 -8.246E-04  1.824E-04 -1.487E-03
 -5.4645000E+04 -7.636E-05  4.904E-06 -9.210E-06
 -5.4643000E+04 -1.382E-03  1.676E-04 -1.028E-03
 -5.4641000E+04  9.395E-04 -1.590E-04  1.182E-03
 -5.4639000E+04 -9.909E-04  9.579E-05 -4.792E-04
 -5.4637000E+04 -1.643E-03  1.860E-04 -1.088E-03
 -5.4635000E+04 -6.870E-04  1.405E-04 -1.145E-03
 -5.4633000E+04 -2.928E-03  2.224E-04 -7.559E-04
 -5.4631000E+04 -2.096E-04  3.137E-05 -2.235E-04
 -5.4629000E+04 -2.103E-03  3.903E-04 -3.078E-03
 -5.4627000E+04 -2.872E-03  1.992E-04 -5.537E-04
 -5.4625000E+04 -2.212E-03  3.078E-04 -2.119E-03
 -5.4623000E+04 -2.765E-03  3.324E-04 -2.072E-03
 -5.4621000E+04 -5.707E-04  4.537E-04 -4.654E-03
 -5.4619000E+04 -4.890E-03  9.601E-04 -7.774E-03
 -5.4617000E+04 -7.956E-03  8.518E-04 -4.867E-03
 -5.4615000E+04 -1.029E-02  8.294E-04 -3.351E-03
 -5.4613000E+04 -1.026E-02  1.369E-03 -9.288E-03
 -5.4611000E+04 -1.140E-02  1.806E-03 -1.338E-02
 -5.4609000E+04 -1.426E-02  1.674E-03 -1.044E-02
 -5.4607000E+04 -2.427E-02  2.329E-03 -1.205E-02
 -5.4605000E+04 -2.012E-02  2.239E-03 -1.335E-02
 -5.4603000E+04 -2.083E-02  3.568E-03 -2.753E-02
 -5.4601000E+04 -2.881E-02  3.086E-03 -1.806E-02
 -5.4599000E+04 -2.764E-02  3.675E-03 -2.518E-02
 -5.4597000E+04 -3.075E-02  3.713E-03 -2.394E-02
 -5.4595000E+04 -3.933E-02  4.233E-03 -2.496E-02
 -5.4593000E+04 -5.865E-02  6.142E-03 -3.577E-02
 -5.4591000E+04 -5.036E-02  5.738E-03 -3.573E-02
 -5.4589000E+04 -4.335E-02  4.621E-03 -2.752E-02
 -5.4587000E+04 -5.594E-02  6.435E-03 -4.063E-02
 -5.4585000E+04 -7.047E-02  7.009E-03 -3.931E-02
 -5.4583000E+04 -6.016E-02  7.320E-03 -4.813E-02
