 -2.6239000E+04  5.913E-01 -7.629E-02  2.859E-01
 -2.6237000E+04  6.422E-01 -8.580E-02  3.398E-01
 -2.6235000E+04  3.110E-01 -5.956E-02  3.720E-01
 -2.6233000E+04  4.497E-01 -5.506E-02  1.859E-01
 -2.6231000E+04  3.917E-01 -6.165E-02  3.106E-01
 -2.6229000E+04  4.618E-01 -6.103E-02  2.469E-01
 -2.6227000E+04  5.963E-01 -7.902E-02  3.141E-01
 -2.6225000E+04  3.757E-01 -4.516E-02  1.413E-01
 -2.6223000E+04  4.336E-01 -5.893E-02  2.337E-01
 -2.6221000E+04  4.320E-01 -5.648E-02  2.177E-01
 -2.6219000E+04  4.910E-01 -7.807E-02  4.051E-01
 -2.6217000E+04  3.557E-01 -5.131E-02  2.310E-01
 -2.6215000E+04  3.685E-01 -5.579E-02  2.727E-01
 -2.6213000E+04  3.799E-01 -4.640E-02  1.581E-01
 -2.6211000E+04  3.874E-01 -5.295E-02  2.171E-01
 -2.6209000E+04  3.752E-01 -5.777E-02  2.874E-01
 -2.6207000E+04  3.624E-01 -5.652E-02  2.796E-01
 -2.6205000E+04  3.908E-01 -5.950E-02  2.901E-01
 -2.6203000E+04  4.604E-01 -6.184E-02  2.594E-01
 -2.6201000E+04  3.850E-01 -5.757E-02  2.745E-01
 -2.6199000E+04  4.366E-01 -5.919E-02  2.418E-01
 -2.6197000E+04  3.892E-01 -5.543E-02  2.526E-01
 -2.6195000E+04  3.120E-01 -5.202E-02  2.786E-01
 -2.6193000E+04  3.955E-01 -5.787E-02  2.729E-01
 -2.6191000E+04  3.849E-01 -5.164E-02  2.066E-01
 -2.6189000E+04  3.356E-01 -4.286E-02  1.631E-01
 -2.6187000E+04  3.736E-01 -5.959E-02  3.080E-01
 -2.6185000E+04  3.133E-01 -4.158E-02  1.716E-01
 -2.6183000E+04  2.824E-01 -4.285E-02  2.081E-01
 -2.6181000E+04  3.684E-01 -4.971E-02  2.069E-01
 -2.6179000E+04  3.973E-01 -5.635E-02  2.518E-01
 -2.6177000E+04  3.734E-01 -4.932E-02  1.895E-01
 -2.6175000E+04  2.991E-01 -4.356E-02  2.009E-01
 -2.6173000E+04  3.284E-01 -4.353E-02  1.686E-01
 -2.6171000E+04  3.097E-01 -4.376E-02  1.950E-01
 -2.6169000E+04  3.555E-01 -5.140E-02  2.313E-01
 -2.6167000E+04  3.288E-01 -4.576E-02  1.966E-01
 -2.6165000E+04  2.983E-01 -4.290E-02  1.958E-01
 -2.6163000E+04  2.823E-01 -4.315E-02  2.218E-01
 -2.6161000E+04  3.441E-01 -4.759E-02  2.024E-01
 -2.6159000E+04  2.987E-01 -4.354E-02  2.005E-01
 -2.6157000E+04  3.525E-01 -4.481E-02  1.620E-01
 -2.6155000E+04  2.567E-01 -3.976E-02  2.109E-01
 -2.6153000E+04  2.606E-01 -3.990E-02  1.933E-01
 -2.6151000E+04  2.822E-01 -3.774E-02  1.478E-01
 -2.6149000E+04  3.268E-01 -4.453E-02  1.856E-01
 -2.6147000E+04  2.965E-01 -4.459E-02  2.108E-01
 -2.6145000E+04  3.092E-01 -4.428E-02  1.958E-01
 -2.6143000E+04  2.895E-01 -4.227E-02  1.964E-01
 -2.6141000E+04  2.707E-01 -3.527E-02  1.422E-01
 -2.6139000E+04  2.643E-01 -4.020E-02  1.979E-01
 -2.6137000E+04  2.470E-01 -3.884E-02  1.967E-01
 -2.6135000E+04  2.239E-01 -3.666E-02  1.960E-01
 -2.6133000E+04  2.704E-01 -3.671E-02  1.591E-01
 -2.6131000E+04  2.917E-01 -4.201E-02  1.751E-01
 -2.6129000E+04  2.407E-01 -3.229E-02  1.302E-01
 -2.6127000E+04  2.694E-01 -3.791E-02  1.625E-01
 -2.6125000E+04  2.541E-01 -3.492E-02  1.504E-01
 -2.6123000E+04  3.041E-01 -4.020E-02  1.748E-01
 -2.6121000E+04  2.413E-01 -3.444E-02  1.594E-01
 -2.6119000E+04  2.548E-01 -3.470E-02  1.434E-01
 -2.6117000E+04  3.147E-01 -4.039E-02  1.496E-01
 -2.6115000E+04  1.809E-01 -3.155E-02  1.746E-01
 -2.6113000E+04  2.583E-01 -3.688E-02  1.472E-01
 -2.6111000E+04  2.047E-01 -3.193E-02  1.709E-01
 -2.6109000E+04  2.479E-01 -2.928E-02  1.144E-01
 -2.6107000E+04  2.497E-01 -3.255E-02  1.320E-01
 -2.6105000E+04  2.269E-01 -3.432E-02  1.707E-01
 -2.6103000E+04  2.203E-01 -3.398E-02  1.675E-01
 -2.6101000E+04  2.761E-01 -3.618E-02  1.471E-01
 -2.6099000E+04  2.405E-01 -3.158E-02  1.336E-01
 -2.6097000E+04  1.964E-01 -2.948E-02  1.485E-01
 -2.6095000E+04  2.283E-01 -3.348E-02  1.517E-01
 -2.6093000E+04  2.259E-01 -2.968E-02  1.100E-01
 -2.6091000E+04  2.422E-01 -3.284E-02  1.335E-01
 -2.6089000E+04  2.472E-01 -3.495E-02  1.574E-01
 -2.6087000E+04  2.633E-01 -3.335E-02  1.237E-01
 -2.6085000E+04  2.041E-01 -3.036E-02  1.516E-01
 -2.6083000E+04  2.460E-01 -3.448E-02  1.518E-01
 -2.6081000E+04  2.076E-01 -3.179E-02  1.596E-01
 -2.6079000E+04  2.049E-01 -2.953E-02  1.350E-01
 -2.6077000E+04  1.623E-01 -2.284E-02  9.980E-02
 -2.6075000E+04  1.764E-01 -3.019E-02  1.684E-01
 -2.6073000E+04  2.751E-01 -3.742E-02  1.514E-01
 -2.6071000E+04  2.326E-01 -3.222E-02  1.421E-01
 -2.6069000E+04  1.840E-01 -2.808E-02  1.353E-01
 -2.6067000E+04  2.037E-01 -2.649E-02  1.029E-01
 -2.6065000E+04  1.837E-01 -2.369E-02  8.879E-02
 -2.6063000E+04  2.158E-01 -3.120E-02  1.447E-01
 -2.6061000E+04  2.032E-01 -2.960E-02  1.328E-01
 -2.6059000E+04  2.253E-01 -2.953E-02  1.089E-01
 -2.6057000E+04  1.963E-01 -2.914E-02  1.406E-01
 -2.6055000E+04  1.895E-01 -2.966E-02  1.519E-01
 -2.6053000E+04  1.964E-01 -2.901E-02  1.394E-01
 -2.6051000E+04  1.880E-01 -2.747E-02  1.131E-01
 -2.6049000E+04  1.897E-01 -3.103E-02  1.485E-01
 -2.6047000E+04  1.802E-01 -2.527E-02  8.318E-02
 -2.6045000E+04  1.877E-01 -2.368E-02  8.366E-02
 -2.6043000E+04  1.828E-01 -2.497E-02  1.026E-01
 -2.6041000E+04  1.868E-01 -2.623E-02  1.326E-01
 -2.6039000E+04  1.469E-01 -2.305E-02  1.141E-01
 -2.6037000E+04  1.806E-01 -2.149E-02  8.777E-02
 -2.6035000E+04  1.785E-01 -2.402E-02  1.050E-01
 -2.6033000E+04  1.738E-01 -2.848E-02  1.379E-01
 -2.6031000E+04  1.769E-01 -2.339E-02  9.373E-02
 -2.6029000E+04  1.804E-01 -2.686E-02  1.297E-01
 -2.6027000E+04  1.540E-01 -2.013E-02  9.984E-02
 -2.6025000E+04  1.912E-01 -2.154E-02  9.223E-02
 -2.6023000E+04  1.656E-01 -2.352E-02  1.321E-01
 -2.6021000E+04  1.536E-01 -2.780E-02  1.391E-01
 -2.6019000E+04  1.476E-01 -1.977E-02  8.913E-02
 -2.6017000E+04  1.888E-01 -2.697E-02  1.212E-01
 -2.6015000E+04  1.872E-01 -2.712E-02  1.124E-01
 -2.6013000E+04  1.226E-01 -1.868E-02  8.179E-02
 -2.6011000E+04  1.818E-01 -2.373E-02  1.037E-01
 -2.6009000E+04  1.945E-01 -2.513E-02  9.468E-02
 -2.6007000E+04  1.180E-01 -1.966E-02  8.236E-02
 -2.6005000E+04  1.554E-01 -2.216E-02  9.686E-02
 -2.6003000E+04  1.681E-01 -2.325E-02  9.972E-02
 -2.6001000E+04  1.677E-01 -2.192E-02  9.888E-02
 -2.5999000E+04  1.449E-01 -2.041E-02  9.549E-02
 -2.5997000E+04  1.721E-01 -2.384E-02  9.398E-02
 -2.5995000E+04  1.533E-01 -2.406E-02  1.171E-01
 -2.5993000E+04  1.614E-01 -1.895E-02  8.457E-02
 -2.5991000E+04  1.346E-01 -1.929E-02  9.175E-02
 -2.5989000E+04  1.511E-01 -2.616E-02  1.314E-01
 -2.5987000E+04  1.562E-01 -2.460E-02  1.036E-01
 -2.5985000E+04  1.512E-01 -2.159E-02  8.846E-02
 -2.5983000E+04  1.437E-01 -1.824E-02  7.914E-02
 -2.5981000E+04  1.404E-01 -1.778E-02  7.115E-02
 -2.5979000E+04  1.397E-01 -1.938E-02  9.469E-02
 -2.5977000E+04  1.413E-01 -1.958E-02  8.872E-02
 -2.5975000E+04  1.246E-01 -1.751E-02  8.935E-02
 -2.5973000E+04  1.379E-01 -1.712E-02  6.788E-02
 -2.5971000E+04  1.296E-01 -1.725E-02  8.434E-02
 -2.5969000E+04  1.650E-01 -2.043E-02  9.547E-02
 -2.5967000E+04  1.121E-01 -1.824E-02  8.315E-02
 -2.5965000E+04  1.240E-01 -2.113E-02  1.041E-01
 -2.5963000E+04  1.139E-01 -2.037E-02  1.090E-01
 -2.5961000E+04  1.268E-01 -1.654E-02  6.011E-02
 -2.5959000E+04  1.585E-01 -2.163E-02  8.558E-02
 -2.5957000E+04  1.465E-01 -2.092E-02  9.328E-02
 -2.5955000E+04  1.415E-01 -1.819E-02  8.896E-02
 -2.5953000E+04  1.259E-01 -1.643E-02  8.217E-02
 -2.5951000E+04  1.452E-01 -1.677E-02  6.775E-02
 -2.5949000E+04  1.509E-01 -2.176E-02  9.858E-02
 -2.5947000E+04  1.329E-01 -1.954E-02  9.402E-02
 -2.5945000E+04  1.226E-01 -1.649E-02  6.635E-02
 -2.5943000E+04  1.233E-01 -1.678E-02  8.195E-02
 -2.5941000E+04  1.277E-01 -1.673E-02  7.661E-02
 -2.5939000E+04  1.393E-01 -1.743E-02  5.638E-02
 -2.5937000E+04  1.092E-01 -1.769E-02  8.905E-02
 -2.5935000E+04  1.291E-01 -1.851E-02  9.188E-02
 -2.5933000E+04  1.357E-01 -2.002E-02  7.738E-02
 -2.5931000E+04  1.249E-01 -1.844E-02  8.455E-02
 -2.5929000E+04  1.357E-01  2.753E-03  6.767E-04
 -2.5927000E+04  1.366E-01 -5.881E-03  4.944E-02
 -2.5925000E+04  1.005E-01 -2.641E-02  8.968E-02
 -2.5923000E+04  1.168E-01 -1.665E-02  7.157E-02
 -2.5921000E+04  8.527E-02 -3.434E-02  1.149E-01
 -2.5919000E+04  1.347E-01 -1.682E-02  7.284E-02
 -2.5917000E+04  1.162E-01 -1.630E-02  8.825E-02
 -2.5915000E+04  1.097E-01 -1.933E-02  7.148E-02
 -2.5913000E+04  1.063E-01 -1.798E-02  7.276E-02
 -2.5911000E+04  1.010E-01 -2.166E-02  8.534E-02
 -2.5909000E+04  1.092E-01 -9.396E-03  4.361E-02
 -2.5907000E+04  1.519E-01 -1.285E-02  8.414E-02
 -2.5905000E+04  1.115E-01 -1.571E-02  7.888E-02
 -2.5903000E+04  1.161E-01 -2.209E-02  1.100E-01
 -2.5901000E+04  1.144E-01 -9.782E-03  6.653E-02
 -2.5899000E+04  1.040E-01 -1.072E-02  5.784E-02
 -2.5897000E+04  7.639E-02 -1.850E-02  7.932E-02
 -2.5895000E+04  1.130E-01 -1.726E-02  7.679E-02
 -2.5893000E+04  8.668E-02 -1.696E-02  7.297E-02
 -2.5891000E+04  1.209E-01 -1.268E-02  6.820E-02
 -2.5889000E+04  1.078E-01 -9.998E-03  5.105E-02
 -2.5887000E+04  1.132E-01 -1.641E-02  8.545E-02
 -2.5885000E+04  9.470E-02 -1.977E-02  8.576E-02
 -2.5883000E+04  8.846E-02 -1.554E-02  5.881E-02
 -2.5881000E+04  1.381E-01 -1.395E-02  7.445E-02
 -2.5879000E+04  7.842E-02 -1.751E-02  7.207E-02
 -2.5877000E+04  9.971E-02 -1.451E-02  6.627E-02
 -2.5875000E+04  1.277E-01 -6.396E-03  3.076E-02
 -2.5873000E+04  1.068E-01 -1.528E-02  5.327E-02
 -2.5871000E+04  9.020E-02 -1.354E-02  6.448E-02
 -2.5869000E+04  9.207E-02 -1.089E-02  7.186E-02
 -2.5867000E+04  8.954E-02 -1.116E-02  3.121E-02
 -2.5865000E+04  7.504E-02 -1.411E-02  7.585E-02
 -2.5863000E+04  1.025E-01 -1.494E-02  5.987E-02
 -2.5861000E+04  1.012E-01 -1.139E-02  5.106E-02
