 -2.1556100E+05 -0.000E+00 -0.000E+00  0.000E+00
 -2.1555900E+05 -0.000E+00 -0.000E+00  0.000E+00
 -2.1555700E+05 -0.000E+00 -0.000E+00  0.000E+00
 -2.1555500E+05 -0.000E+00 -0.000E+00  0.000E+00
 -2.1555300E+05 -0.000E+00 -0.000E+00  0.000E+00
 -2.1555100E+05 -0.000E+00 -0.000E+00  0.000E+00
 -2.1554900E+05 -0.000E+00 -0.000E+00  0.000E+00
 -2.1554700E+05 -0.000E+00 -0.000E+00  0.000E+00
 -2.1554500E+05 -0.000E+00 -0.000E+00  0.000E+00
 -2.1554300E+05 -0.000E+00 -0.000E+00  0.000E+00
 -2.1554100E+05 -0.000E+00 -0.000E+00  0.000E+00
 -2.1553900E+05 -0.000E+00 -0.000E+00  0.000E+00
 -2.1553700E+05 -0.000E+00 -0.000E+00  0.000E+00
 -2.1553500E+05 -0.000E+00 -0.000E+00  0.000E+00
 -2.1553300E+05 -0.000E+00 -0.000E+00  0.000E+00
 -2.1553100E+05 -0.000E+00 -0.000E+00  0.000E+00
 -2.1552900E+05 -0.000E+00 -0.000E+00  0.000E+00
 -2.1552700E+05 -0.000E+00 -0.000E+00  0.000E+00
 -2.1552500E+05 -0.000E+00 -0.000E+00  0.000E+00
 -2.1552300E+05 -0.000E+00 -0.000E+00  0.000E+00
 -2.1552100E+05 -0.000E+00 -0.000E+00  0.000E+00
 -2.1551900E+05 -0.000E+00 -0.000E+00  0.000E+00
 -2.1551700E+05 -0.000E+00 -0.000E+00  0.000E+00
 -2.1551500E+05 -0.000E+00 -0.000E+00  0.000E+00
 -2.1551300E+05 -0.000E+00 -0.000E+00  0.000E+00
 -2.1551100E+05 -0.000E+00 -0.000E+00  0.000E+00
 -2.1550900E+05 -0.000E+00 -0.000E+00  0.000E+00
 -2.1550700E+05 -0.000E+00 -0.000E+00  0.000E+00
 -2.1550500E+05 -0.000E+00 -0.000E+00  0.000E+00
 -2.1550300E+05 -0.000E+00 -0.000E+00  0.000E+00
 -2.1550100E+05 -0.000E+00 -0.000E+00  0.000E+00
 -2.1549900E+05 -0.000E+00 -0.000E+00  0.000E+00
 -2.1549700E+05 -0.000E+00 -0.000E+00  0.000E+00
 -2.1549500E+05 -0.000E+00 -0.000E+00  0.000E+00
 -2.1549300E+05 -0.000E+00 -0.000E+00  0.000E+00
 -2.1549100E+05 -0.000E+00 -0.000E+00  0.000E+00
 -2.1548900E+05 -0.000E+00 -0.000E+00  0.000E+00
 -2.1548700E+05 -0.000E+00 -0.000E+00  0.000E+00
 -2.1548500E+05 -0.000E+00 -0.000E+00  0.000E+00
 -2.1548300E+05 -0.000E+00 -0.000E+00  0.000E+00
 -2.1548100E+05 -0.000E+00 -0.000E+00  0.000E+00
 -2.1547900E+05 -0.000E+00 -0.000E+00  0.000E+00
 -2.1547700E+05 -0.000E+00 -0.000E+00  0.000E+00
 -2.1547500E+05 -0.000E+00 -0.000E+00  0.000E+00
 -2.1547300E+05 -0.000E+00 -0.000E+00  0.000E+00
 -2.1547100E+05 -0.000E+00 -0.000E+00  0.000E+00
 -2.1546900E+05 -0.000E+00 -0.000E+00  0.000E+00
 -2.1546700E+05 -0.000E+00 -0.000E+00  0.000E+00
 -2.1546500E+05 -0.000E+00 -0.000E+00  0.000E+00
 -2.1546300E+05 -0.000E+00 -0.000E+00  0.000E+00
 -2.1546100E+05 -0.000E+00 -0.000E+00  0.000E+00
 -2.1545900E+05 -0.000E+00 -0.000E+00  0.000E+00
 -2.1545700E+05 -0.000E+00 -0.000E+00  0.000E+00
 -2.1545500E+05 -0.000E+00 -0.000E+00  0.000E+00
 -2.1545300E+05 -0.000E+00 -0.000E+00  0.000E+00
 -2.1545100E+05 -0.000E+00 -0.000E+00  0.000E+00
 -2.1544900E+05 -0.000E+00 -0.000E+00  0.000E+00
 -2.1544700E+05 -0.000E+00 -0.000E+00  0.000E+00
 -2.1544500E+05 -0.000E+00 -0.000E+00  0.000E+00
 -2.1544300E+05 -0.000E+00 -0.000E+00  0.000E+00
 -2.1544100E+05 -0.000E+00 -0.000E+00  0.000E+00
 -2.1543900E+05 -0.000E+00 -0.000E+00  0.000E+00
 -2.1543700E+05 -0.000E+00 -0.000E+00  0.000E+00
 -2.1543500E+05 -0.000E+00 -0.000E+00  0.000E+00
 -2.1543300E+05 -0.000E+00 -0.000E+00  0.000E+00
 -2.1543100E+05 -0.000E+00 -0.000E+00  0.000E+00
 -2.1542900E+05 -0.000E+00 -0.000E+00  0.000E+00
 -2.1542700E+05 -0.000E+00 -0.000E+00  0.000E+00
 -2.1542500E+05 -0.000E+00 -0.000E+00  0.000E+00
 -2.1542300E+05 -0.000E+00 -0.000E+00  0.000E+00
 -2.1542100E+05 -0.000E+00 -0.000E+00  0.000E+00
 -2.1541900E+05 -0.000E+00 -0.000E+00  0.000E+00
 -2.1541700E+05 -0.000E+00 -0.000E+00  0.000E+00
 -2.1541500E+05 -0.000E+00 -0.000E+00  0.000E+00
 -2.1541300E+05 -0.000E+00 -0.000E+00  0.000E+00
 -2.1541100E+05 -0.000E+00 -0.000E+00  0.000E+00
 -2.1540900E+05 -0.000E+00 -0.000E+00  0.000E+00
 -2.1540700E+05 -0.000E+00 -0.000E+00  0.000E+00
 -2.1540500E+05 -0.000E+00 -0.000E+00  0.000E+00
 -2.1540300E+05 -0.000E+00 -0.000E+00  0.000E+00
 -2.1540100E+05 -0.000E+00 -0.000E+00  0.000E+00
 -2.1539900E+05 -0.000E+00 -0.000E+00  0.000E+00
 -2.1539700E+05 -0.000E+00 -0.000E+00  0.000E+00
 -2.1539500E+05 -0.000E+00 -0.000E+00  0.000E+00
 -2.1539300E+05 -0.000E+00 -0.000E+00  0.000E+00
 -2.1539100E+05 -0.000E+00 -0.000E+00  0.000E+00
 -2.1538900E+05 -0.000E+00 -0.000E+00  0.000E+00
 -2.1538700E+05 -0.000E+00 -0.000E+00  0.000E+00
 -2.1538500E+05 -0.000E+00 -0.000E+00  0.000E+00
 -2.1538300E+05 -0.000E+00 -0.000E+00  0.000E+00
 -2.1538100E+05 -0.000E+00 -0.000E+00  0.000E+00
 -2.1537900E+05 -0.000E+00 -0.000E+00  0.000E+00
 -2.1537700E+05 -0.000E+00 -0.000E+00  0.000E+00
 -2.1537500E+05 -0.000E+00 -0.000E+00  0.000E+00
 -2.1537300E+05 -0.000E+00 -0.000E+00  0.000E+00
 -2.1537100E+05 -0.000E+00 -0.000E+00  0.000E+00
 -2.1536900E+05 -0.000E+00 -0.000E+00  0.000E+00
 -2.1536700E+05 -0.000E+00 -0.000E+00  0.000E+00
 -2.1536500E+05 -0.000E+00 -0.000E+00  0.000E+00
 -2.1536300E+05 -0.000E+00 -0.000E+00  0.000E+00
 -2.1536100E+05 -0.000E+00 -0.000E+00  0.000E+00
 -2.1535900E+05 -0.000E+00 -0.000E+00  0.000E+00
 -2.1535700E+05 -0.000E+00 -0.000E+00  0.000E+00
 -2.1535500E+05 -0.000E+00 -0.000E+00  0.000E+00
 -2.1535300E+05 -0.000E+00 -0.000E+00  0.000E+00
 -2.1535100E+05 -0.000E+00 -0.000E+00  0.000E+00
 -2.1534900E+05 -0.000E+00 -0.000E+00  0.000E+00
 -2.1534700E+05 -0.000E+00 -0.000E+00  0.000E+00
 -2.1534500E+05 -0.000E+00 -0.000E+00  0.000E+00
 -2.1534300E+05 -0.000E+00 -0.000E+00  0.000E+00
 -2.1534100E+05 -0.000E+00 -0.000E+00  0.000E+00
 -2.1533900E+05 -0.000E+00 -0.000E+00  0.000E+00
 -2.1533700E+05 -0.000E+00 -0.000E+00  0.000E+00
 -2.1533500E+05 -0.000E+00 -0.000E+00  0.000E+00
 -2.1533300E+05 -0.000E+00 -0.000E+00  0.000E+00
 -2.1533100E+05 -0.000E+00 -0.000E+00  0.000E+00
 -2.1532900E+05 -0.000E+00 -0.000E+00  0.000E+00
 -2.1532700E+05 -0.000E+00 -0.000E+00  0.000E+00
 -2.1532500E+05 -0.000E+00 -0.000E+00  0.000E+00
 -2.1532300E+05 -0.000E+00 -0.000E+00  0.000E+00
 -2.1532100E+05 -0.000E+00 -0.000E+00  0.000E+00
 -2.1531900E+05 -0.000E+00 -0.000E+00  0.000E+00
 -2.1531700E+05 -0.000E+00 -0.000E+00  0.000E+00
 -2.1531500E+05 -0.000E+00 -0.000E+00  0.000E+00
 -2.1531300E+05 -0.000E+00 -0.000E+00  0.000E+00
 -2.1531100E+05 -0.000E+00 -0.000E+00  0.000E+00
 -2.1530900E+05 -0.000E+00 -0.000E+00  0.000E+00
 -2.1530700E+05 -0.000E+00 -0.000E+00  0.000E+00
 -2.1530500E+05 -0.000E+00 -0.000E+00  0.000E+00
 -2.1530300E+05 -0.000E+00 -0.000E+00  0.000E+00
 -2.1530100E+05 -0.000E+00 -0.000E+00  0.000E+00
 -2.1529900E+05 -0.000E+00 -0.000E+00  0.000E+00
 -2.1529700E+05 -0.000E+00 -0.000E+00  0.000E+00
 -2.1529500E+05 -0.000E+00 -0.000E+00  0.000E+00
 -2.1529300E+05 -0.000E+00 -0.000E+00  0.000E+00
 -2.1529100E+05 -0.000E+00 -0.000E+00  0.000E+00
 -2.1528900E+05 -0.000E+00 -0.000E+00  0.000E+00
 -2.1528700E+05 -0.000E+00 -0.000E+00  0.000E+00
 -2.1528500E+05 -0.000E+00 -0.000E+00  0.000E+00
 -2.1528300E+05 -0.000E+00 -0.000E+00  0.000E+00
 -2.1528100E+05 -0.000E+00 -0.000E+00  0.000E+00
 -2.1527900E+05 -0.000E+00 -0.000E+00  0.000E+00
 -2.1527700E+05 -0.000E+00 -0.000E+00  0.000E+00
 -2.1527500E+05 -0.000E+00 -0.000E+00  0.000E+00
 -2.1527300E+05 -0.000E+00 -0.000E+00  0.000E+00
 -2.1527100E+05 -0.000E+00 -0.000E+00  0.000E+00
 -2.1526900E+05 -0.000E+00 -0.000E+00  0.000E+00
 -2.1526700E+05 -0.000E+00 -0.000E+00  0.000E+00
 -2.1526500E+05 -0.000E+00 -0.000E+00  0.000E+00
 -2.1526300E+05 -0.000E+00 -0.000E+00  0.000E+00
 -2.1526100E+05 -0.000E+00 -0.000E+00  0.000E+00
 -2.1525900E+05 -0.000E+00 -0.000E+00  0.000E+00
 -2.1525700E+05 -0.000E+00 -0.000E+00  0.000E+00
 -2.1525500E+05 -0.000E+00 -0.000E+00  0.000E+00
 -2.1525300E+05 -0.000E+00 -0.000E+00  0.000E+00
 -2.1525100E+05 -0.000E+00 -0.000E+00  0.000E+00
 -2.1524900E+05 -0.000E+00 -0.000E+00  0.000E+00
 -2.1524700E+05 -0.000E+00 -0.000E+00  0.000E+00
 -2.1524500E+05 -0.000E+00 -0.000E+00  0.000E+00
 -2.1524300E+05 -0.000E+00 -0.000E+00  0.000E+00
 -2.1524100E+05 -0.000E+00 -0.000E+00  0.000E+00
 -2.1523900E+05 -0.000E+00 -0.000E+00  0.000E+00
 -2.1523700E+05 -0.000E+00 -0.000E+00  0.000E+00
 -2.1523500E+05 -0.000E+00 -0.000E+00  0.000E+00
 -2.1523300E+05 -0.000E+00 -0.000E+00  0.000E+00
 -2.1523100E+05 -0.000E+00 -0.000E+00  0.000E+00
 -2.1522900E+05 -0.000E+00 -0.000E+00  0.000E+00
 -2.1522700E+05 -0.000E+00 -0.000E+00  0.000E+00
 -2.1522500E+05 -0.000E+00 -0.000E+00  0.000E+00
 -2.1522300E+05 -0.000E+00 -0.000E+00  0.000E+00
 -2.1522100E+05 -0.000E+00 -0.000E+00  0.000E+00
 -2.1521900E+05 -0.000E+00 -0.000E+00  0.000E+00
 -2.1521700E+05 -0.000E+00 -0.000E+00  0.000E+00
 -2.1521500E+05 -0.000E+00 -0.000E+00  0.000E+00
 -2.1521300E+05 -0.000E+00 -0.000E+00  0.000E+00
 -2.1521100E+05 -0.000E+00 -0.000E+00  0.000E+00
 -2.1520900E+05 -0.000E+00 -0.000E+00  0.000E+00
 -2.1520700E+05 -0.000E+00 -0.000E+00  0.000E+00
 -2.1520500E+05 -0.000E+00 -0.000E+00  0.000E+00
 -2.1520300E+05 -0.000E+00 -0.000E+00  0.000E+00
 -2.1520100E+05  6.074E-09 -3.857E-09  3.009E-08
 -2.1519900E+05  2.109E-08 -1.340E-08  1.045E-07
 -2.1519700E+05  2.845E-14  7.579E-15 -8.143E-14
 -2.1519500E+05  1.580E-06  1.841E-07 -2.467E-06
 -2.1519300E+05 -1.214E-05  2.577E-06 -1.554E-05
 -2.1519100E+05  6.072E-06 -5.539E-06  4.440E-05
 -2.1518900E+05  4.661E-06 -6.407E-06  5.252E-05
 -2.1518700E+05  2.464E-06 -9.543E-07  6.654E-06
 -2.1518500E+05 -3.359E-06  1.849E-06 -1.427E-05
 -2.1518300E+05 -1.888E-05  6.360E-07  4.673E-06
