 -2.4984900E+05 -0.000E+00 -0.000E+00  0.000E+00
 -2.4984700E+05 -0.000E+00 -0.000E+00  0.000E+00
 -2.4984500E+05 -0.000E+00 -0.000E+00  0.000E+00
 -2.4984300E+05 -0.000E+00 -0.000E+00  0.000E+00
 -2.4984100E+05 -0.000E+00 -0.000E+00  0.000E+00
 -2.4983900E+05 -0.000E+00 -0.000E+00  0.000E+00
 -2.4983700E+05 -0.000E+00 -0.000E+00  0.000E+00
 -2.4983500E+05 -0.000E+00 -0.000E+00  0.000E+00
 -2.4983300E+05 -0.000E+00 -0.000E+00  0.000E+00
 -2.4983100E+05 -0.000E+00 -0.000E+00  0.000E+00
 -2.4982900E+05 -0.000E+00 -0.000E+00  0.000E+00
 -2.4982700E+05 -0.000E+00 -0.000E+00  0.000E+00
 -2.4982500E+05 -0.000E+00 -0.000E+00  0.000E+00
 -2.4982300E+05 -0.000E+00 -0.000E+00  0.000E+00
 -2.4982100E+05 -0.000E+00 -0.000E+00  0.000E+00
 -2.4981900E+05 -0.000E+00 -0.000E+00  0.000E+00
 -2.4981700E+05 -0.000E+00 -0.000E+00  0.000E+00
 -2.4981500E+05 -0.000E+00 -0.000E+00  0.000E+00
 -2.4981300E+05 -0.000E+00 -0.000E+00  0.000E+00
 -2.4981100E+05 -0.000E+00 -0.000E+00  0.000E+00
 -2.4980900E+05 -0.000E+00 -0.000E+00  0.000E+00
 -2.4980700E+05 -0.000E+00 -0.000E+00  0.000E+00
 -2.4980500E+05 -0.000E+00 -0.000E+00  0.000E+00
 -2.4980300E+05 -0.000E+00 -0.000E+00  0.000E+00
 -2.4980100E+05 -0.000E+00 -0.000E+00  0.000E+00
 -2.4979900E+05 -0.000E+00 -0.000E+00  0.000E+00
 -2.4979700E+05 -0.000E+00 -0.000E+00  0.000E+00
 -2.4979500E+05 -0.000E+00 -0.000E+00  0.000E+00
 -2.4979300E+05 -0.000E+00 -0.000E+00  0.000E+00
 -2.4979100E+05 -0.000E+00 -0.000E+00  0.000E+00
 -2.4978900E+05 -0.000E+00 -0.000E+00  0.000E+00
 -2.4978700E+05 -0.000E+00 -0.000E+00  0.000E+00
 -2.4978500E+05 -0.000E+00 -0.000E+00  0.000E+00
 -2.4978300E+05 -0.000E+00 -0.000E+00  0.000E+00
 -2.4978100E+05 -0.000E+00 -0.000E+00  0.000E+00
 -2.4977900E+05 -0.000E+00 -0.000E+00  0.000E+00
 -2.4977700E+05 -0.000E+00 -0.000E+00  0.000E+00
 -2.4977500E+05 -0.000E+00 -0.000E+00  0.000E+00
 -2.4977300E+05 -0.000E+00 -0.000E+00  0.000E+00
 -2.4977100E+05 -0.000E+00 -0.000E+00  0.000E+00
 -2.4976900E+05 -0.000E+00 -0.000E+00  0.000E+00
 -2.4976700E+05 -0.000E+00 -0.000E+00  0.000E+00
 -2.4976500E+05 -0.000E+00 -0.000E+00  0.000E+00
 -2.4976300E+05 -0.000E+00 -0.000E+00  0.000E+00
 -2.4976100E+05 -0.000E+00 -0.000E+00  0.000E+00
 -2.4975900E+05 -0.000E+00 -0.000E+00  0.000E+00
 -2.4975700E+05 -0.000E+00 -0.000E+00  0.000E+00
 -2.4975500E+05 -0.000E+00 -0.000E+00  0.000E+00
 -2.4975300E+05 -0.000E+00 -0.000E+00  0.000E+00
 -2.4975100E+05 -0.000E+00 -0.000E+00  0.000E+00
 -2.4974900E+05 -0.000E+00 -0.000E+00  0.000E+00
 -2.4974700E+05 -0.000E+00 -0.000E+00  0.000E+00
 -2.4974500E+05 -0.000E+00 -0.000E+00  0.000E+00
 -2.4974300E+05 -0.000E+00 -0.000E+00  0.000E+00
 -2.4974100E+05 -0.000E+00 -0.000E+00  0.000E+00
 -2.4973900E+05 -0.000E+00 -0.000E+00  0.000E+00
 -2.4973700E+05 -0.000E+00 -0.000E+00  0.000E+00
 -2.4973500E+05 -0.000E+00 -0.000E+00  0.000E+00
 -2.4973300E+05 -0.000E+00 -0.000E+00  0.000E+00
 -2.4973100E+05 -0.000E+00 -0.000E+00  0.000E+00
 -2.4972900E+05 -0.000E+00 -0.000E+00  0.000E+00
 -2.4972700E+05 -0.000E+00 -0.000E+00  0.000E+00
 -2.4972500E+05 -0.000E+00 -0.000E+00  0.000E+00
 -2.4972300E+05 -0.000E+00 -0.000E+00  0.000E+00
 -2.4972100E+05 -0.000E+00 -0.000E+00  0.000E+00
 -2.4971900E+05 -0.000E+00 -0.000E+00  0.000E+00
 -2.4971700E+05 -0.000E+00 -0.000E+00  0.000E+00
 -2.4971500E+05 -0.000E+00 -0.000E+00  0.000E+00
 -2.4971300E+05 -0.000E+00 -0.000E+00  0.000E+00
 -2.4971100E+05 -0.000E+00 -0.000E+00  0.000E+00
 -2.4970900E+05 -0.000E+00 -0.000E+00  0.000E+00
 -2.4970700E+05 -0.000E+00 -0.000E+00  0.000E+00
 -2.4970500E+05 -0.000E+00 -0.000E+00  0.000E+00
 -2.4970300E+05 -0.000E+00 -0.000E+00  0.000E+00
 -2.4970100E+05 -0.000E+00 -0.000E+00  0.000E+00
 -2.4969900E+05 -0.000E+00 -0.000E+00  0.000E+00
 -2.4969700E+05 -0.000E+00 -0.000E+00  0.000E+00
 -2.4969500E+05 -0.000E+00 -0.000E+00  0.000E+00
 -2.4969300E+05 -0.000E+00 -0.000E+00  0.000E+00
 -2.4969100E+05 -0.000E+00 -0.000E+00  0.000E+00
 -2.4968900E+05 -0.000E+00 -0.000E+00  0.000E+00
 -2.4968700E+05 -0.000E+00 -0.000E+00  0.000E+00
 -2.4968500E+05 -0.000E+00 -0.000E+00  0.000E+00
 -2.4968300E+05 -0.000E+00 -0.000E+00  0.000E+00
 -2.4968100E+05 -0.000E+00 -0.000E+00  0.000E+00
 -2.4967900E+05 -0.000E+00 -0.000E+00  0.000E+00
 -2.4967700E+05 -0.000E+00 -0.000E+00  0.000E+00
 -2.4967500E+05 -0.000E+00 -0.000E+00  0.000E+00
 -2.4967300E+05 -0.000E+00 -0.000E+00  0.000E+00
 -2.4967100E+05 -0.000E+00 -0.000E+00  0.000E+00
 -2.4966900E+05 -0.000E+00 -0.000E+00  0.000E+00
 -2.4966700E+05 -0.000E+00 -0.000E+00  0.000E+00
 -2.4966500E+05 -0.000E+00 -0.000E+00  0.000E+00
 -2.4966300E+05 -0.000E+00 -0.000E+00  0.000E+00
 -2.4966100E+05 -0.000E+00 -0.000E+00  0.000E+00
 -2.4965900E+05 -0.000E+00 -0.000E+00  0.000E+00
 -2.4965700E+05 -0.000E+00 -0.000E+00  0.000E+00
 -2.4965500E+05 -0.000E+00 -0.000E+00  0.000E+00
 -2.4965300E+05 -0.000E+00 -0.000E+00  0.000E+00
 -2.4965100E+05 -0.000E+00 -0.000E+00  0.000E+00
 -2.4964900E+05 -0.000E+00 -0.000E+00  0.000E+00
 -2.4964700E+05 -0.000E+00 -0.000E+00  0.000E+00
 -2.4964500E+05 -0.000E+00 -0.000E+00  0.000E+00
 -2.4964300E+05 -0.000E+00 -0.000E+00  0.000E+00
 -2.4964100E+05 -0.000E+00 -0.000E+00  0.000E+00
 -2.4963900E+05 -0.000E+00 -0.000E+00  0.000E+00
 -2.4963700E+05 -0.000E+00 -0.000E+00  0.000E+00
 -2.4963500E+05 -0.000E+00 -0.000E+00  0.000E+00
 -2.4963300E+05 -0.000E+00 -0.000E+00  0.000E+00
 -2.4963100E+05 -0.000E+00 -0.000E+00  0.000E+00
 -2.4962900E+05 -0.000E+00 -0.000E+00  0.000E+00
 -2.4962700E+05 -0.000E+00 -0.000E+00  0.000E+00
 -2.4962500E+05 -0.000E+00 -0.000E+00  0.000E+00
 -2.4962300E+05 -0.000E+00 -0.000E+00  0.000E+00
 -2.4962100E+05 -0.000E+00 -0.000E+00  0.000E+00
 -2.4961900E+05 -0.000E+00 -0.000E+00  0.000E+00
 -2.4961700E+05 -0.000E+00 -0.000E+00  0.000E+00
 -2.4961500E+05 -0.000E+00 -0.000E+00  0.000E+00
 -2.4961300E+05 -0.000E+00 -0.000E+00  0.000E+00
 -2.4961100E+05 -0.000E+00 -0.000E+00  0.000E+00
 -2.4960900E+05 -0.000E+00 -0.000E+00  0.000E+00
 -2.4960700E+05 -0.000E+00 -0.000E+00  0.000E+00
 -2.4960500E+05 -0.000E+00 -0.000E+00  0.000E+00
 -2.4960300E+05 -0.000E+00 -0.000E+00  0.000E+00
 -2.4960100E+05 -0.000E+00 -0.000E+00  0.000E+00
 -2.4959900E+05 -0.000E+00 -0.000E+00  0.000E+00
 -2.4959700E+05 -0.000E+00 -0.000E+00  0.000E+00
 -2.4959500E+05 -0.000E+00 -0.000E+00  0.000E+00
 -2.4959300E+05 -0.000E+00 -0.000E+00  0.000E+00
 -2.4959100E+05 -0.000E+00 -0.000E+00  0.000E+00
 -2.4958900E+05 -0.000E+00 -0.000E+00  0.000E+00
 -2.4958700E+05 -0.000E+00 -0.000E+00  0.000E+00
 -2.4958500E+05 -0.000E+00 -0.000E+00  0.000E+00
 -2.4958300E+05 -0.000E+00 -0.000E+00  0.000E+00
 -2.4958100E+05 -0.000E+00 -0.000E+00  0.000E+00
 -2.4957900E+05 -0.000E+00 -0.000E+00  0.000E+00
 -2.4957700E+05 -0.000E+00 -0.000E+00  0.000E+00
 -2.4957500E+05 -0.000E+00 -0.000E+00  0.000E+00
 -2.4957300E+05 -0.000E+00 -0.000E+00  0.000E+00
 -2.4957100E+05 -0.000E+00 -0.000E+00  0.000E+00
 -2.4956900E+05 -0.000E+00 -0.000E+00  0.000E+00
 -2.4956700E+05 -0.000E+00 -0.000E+00  0.000E+00
 -2.4956500E+05 -0.000E+00 -0.000E+00  0.000E+00
 -2.4956300E+05 -0.000E+00 -0.000E+00  0.000E+00
 -2.4956100E+05 -0.000E+00 -0.000E+00  0.000E+00
 -2.4955900E+05 -0.000E+00 -0.000E+00  0.000E+00
 -2.4955700E+05 -0.000E+00 -0.000E+00  0.000E+00
 -2.4955500E+05 -0.000E+00 -0.000E+00  0.000E+00
 -2.4955300E+05 -0.000E+00 -0.000E+00  0.000E+00
 -2.4955100E+05 -0.000E+00 -0.000E+00  0.000E+00
 -2.4954900E+05 -0.000E+00 -0.000E+00  0.000E+00
 -2.4954700E+05 -0.000E+00 -0.000E+00  0.000E+00
 -2.4954500E+05 -0.000E+00 -0.000E+00  0.000E+00
 -2.4954300E+05 -0.000E+00 -0.000E+00  0.000E+00
 -2.4954100E+05 -0.000E+00 -0.000E+00  0.000E+00
 -2.4953900E+05 -0.000E+00 -0.000E+00  0.000E+00
 -2.4953700E+05 -0.000E+00 -0.000E+00  0.000E+00
 -2.4953500E+05 -0.000E+00 -0.000E+00  0.000E+00
 -2.4953300E+05 -0.000E+00 -0.000E+00  0.000E+00
 -2.4953100E+05 -0.000E+00 -0.000E+00  0.000E+00
 -2.4952900E+05 -0.000E+00 -0.000E+00  0.000E+00
 -2.4952700E+05 -0.000E+00 -0.000E+00  0.000E+00
 -2.4952500E+05 -0.000E+00 -0.000E+00  0.000E+00
 -2.4952300E+05 -0.000E+00 -0.000E+00  0.000E+00
 -2.4952100E+05 -0.000E+00 -0.000E+00  0.000E+00
 -2.4951900E+05 -0.000E+00 -0.000E+00  0.000E+00
 -2.4951700E+05 -0.000E+00 -0.000E+00  0.000E+00
 -2.4951500E+05 -0.000E+00 -0.000E+00  0.000E+00
 -2.4951300E+05 -0.000E+00 -0.000E+00  0.000E+00
 -2.4951100E+05 -0.000E+00 -0.000E+00  0.000E+00
 -2.4950900E+05 -0.000E+00 -0.000E+00  0.000E+00
 -2.4950700E+05 -0.000E+00 -0.000E+00  0.000E+00
 -2.4950500E+05 -0.000E+00 -0.000E+00  0.000E+00
 -2.4950300E+05 -0.000E+00 -0.000E+00  0.000E+00
 -2.4950100E+05 -0.000E+00 -0.000E+00  0.000E+00
 -2.4949900E+05 -0.000E+00 -0.000E+00  0.000E+00
 -2.4949700E+05 -0.000E+00 -0.000E+00  0.000E+00
 -2.4949500E+05 -0.000E+00 -0.000E+00  0.000E+00
 -2.4949300E+05 -0.000E+00 -0.000E+00  0.000E+00
 -2.4949100E+05 -0.000E+00 -0.000E+00  0.000E+00
 -2.4948900E+05 -0.000E+00 -0.000E+00  0.000E+00
 -2.4948700E+05 -0.000E+00 -0.000E+00  0.000E+00
 -2.4948500E+05 -0.000E+00 -0.000E+00  0.000E+00
 -2.4948300E+05 -0.000E+00 -0.000E+00  0.000E+00
 -2.4948100E+05 -0.000E+00 -0.000E+00  0.000E+00
 -2.4947900E+05 -0.000E+00 -0.000E+00  0.000E+00
 -2.4947700E+05 -0.000E+00 -0.000E+00  0.000E+00
 -2.4947500E+05 -0.000E+00 -0.000E+00  0.000E+00
 -2.4947300E+05 -0.000E+00 -0.000E+00  0.000E+00
 -2.4947100E+05 -0.000E+00 -0.000E+00  0.000E+00
