 -1.4499100E+05 -0.000E+00 -0.000E+00  0.000E+00
 -1.4498900E+05 -0.000E+00 -0.000E+00  0.000E+00
 -1.4498700E+05 -0.000E+00 -0.000E+00  0.000E+00
 -1.4498500E+05 -0.000E+00 -0.000E+00  0.000E+00
 -1.4498300E+05 -0.000E+00 -0.000E+00  0.000E+00
 -1.4498100E+05 -0.000E+00 -0.000E+00  0.000E+00
 -1.4497900E+05 -0.000E+00 -0.000E+00  0.000E+00
 -1.4497700E+05 -0.000E+00 -0.000E+00  0.000E+00
 -1.4497500E+05 -0.000E+00 -0.000E+00  0.000E+00
 -1.4497300E+05 -0.000E+00 -0.000E+00  0.000E+00
 -1.4497100E+05 -0.000E+00 -0.000E+00  0.000E+00
 -1.4496900E+05 -0.000E+00 -0.000E+00  0.000E+00
 -1.4496700E+05 -0.000E+00 -0.000E+00  0.000E+00
 -1.4496500E+05 -0.000E+00 -0.000E+00  0.000E+00
 -1.4496300E+05 -0.000E+00 -0.000E+00  0.000E+00
 -1.4496100E+05 -0.000E+00 -0.000E+00  0.000E+00
 -1.4495900E+05 -0.000E+00 -0.000E+00  0.000E+00
 -1.4495700E+05 -0.000E+00 -0.000E+00  0.000E+00
 -1.4495500E+05 -0.000E+00 -0.000E+00  0.000E+00
 -1.4495300E+05 -0.000E+00 -0.000E+00  0.000E+00
 -1.4495100E+05 -0.000E+00 -0.000E+00  0.000E+00
 -1.4494900E+05 -0.000E+00 -0.000E+00  0.000E+00
 -1.4494700E+05 -0.000E+00 -0.000E+00  0.000E+00
 -1.4494500E+05 -0.000E+00 -0.000E+00  0.000E+00
 -1.4494300E+05 -0.000E+00 -0.000E+00  0.000E+00
 -1.4494100E+05 -0.000E+00 -0.000E+00  0.000E+00
 -1.4493900E+05 -0.000E+00 -0.000E+00  0.000E+00
 -1.4493700E+05 -0.000E+00 -0.000E+00  0.000E+00
 -1.4493500E+05 -0.000E+00 -0.000E+00  0.000E+00
 -1.4493300E+05 -0.000E+00 -0.000E+00  0.000E+00
 -1.4493100E+05 -0.000E+00 -0.000E+00  0.000E+00
 -1.4492900E+05 -0.000E+00 -0.000E+00  0.000E+00
 -1.4492700E+05 -0.000E+00 -0.000E+00  0.000E+00
 -1.4492500E+05 -0.000E+00 -0.000E+00  0.000E+00
 -1.4492300E+05 -0.000E+00 -0.000E+00  0.000E+00
 -1.4492100E+05 -0.000E+00 -0.000E+00  0.000E+00
 -1.4491900E+05 -0.000E+00 -0.000E+00  0.000E+00
 -1.4491700E+05 -0.000E+00 -0.000E+00  0.000E+00
 -1.4491500E+05 -0.000E+00 -0.000E+00  0.000E+00
 -1.4491300E+05 -0.000E+00 -0.000E+00  0.000E+00
 -1.4491100E+05 -0.000E+00 -0.000E+00  0.000E+00
 -1.4490900E+05 -0.000E+00 -0.000E+00  0.000E+00
 -1.4490700E+05 -0.000E+00 -0.000E+00  0.000E+00
 -1.4490500E+05 -0.000E+00 -0.000E+00  0.000E+00
 -1.4490300E+05 -0.000E+00 -0.000E+00  0.000E+00
 -1.4490100E+05 -0.000E+00 -0.000E+00  0.000E+00
 -1.4489900E+05 -0.000E+00 -0.000E+00  0.000E+00
 -1.4489700E+05 -0.000E+00 -0.000E+00  0.000E+00
 -1.4489500E+05 -0.000E+00 -0.000E+00  0.000E+00
 -1.4489300E+05 -0.000E+00 -0.000E+00  0.000E+00
 -1.4489100E+05 -0.000E+00 -0.000E+00  0.000E+00
 -1.4488900E+05 -0.000E+00 -0.000E+00  0.000E+00
 -1.4488700E+05 -0.000E+00 -0.000E+00  0.000E+00
 -1.4488500E+05 -0.000E+00 -0.000E+00  0.000E+00
 -1.4488300E+05 -0.000E+00 -0.000E+00  0.000E+00
 -1.4488100E+05 -0.000E+00 -0.000E+00  0.000E+00
 -1.4487900E+05 -0.000E+00 -0.000E+00  0.000E+00
 -1.4487700E+05 -0.000E+00 -0.000E+00  0.000E+00
 -1.4487500E+05 -0.000E+00 -0.000E+00  0.000E+00
 -1.4487300E+05 -0.000E+00 -0.000E+00  0.000E+00
 -1.4487100E+05 -0.000E+00 -0.000E+00  0.000E+00
 -1.4486900E+05 -0.000E+00 -0.000E+00  0.000E+00
 -1.4486700E+05 -0.000E+00 -0.000E+00  0.000E+00
 -1.4486500E+05 -0.000E+00 -0.000E+00  0.000E+00
 -1.4486300E+05 -0.000E+00 -0.000E+00  0.000E+00
 -1.4486100E+05 -0.000E+00 -0.000E+00  0.000E+00
 -1.4485900E+05 -0.000E+00 -0.000E+00  0.000E+00
 -1.4485700E+05 -0.000E+00 -0.000E+00  0.000E+00
 -1.4485500E+05 -0.000E+00 -0.000E+00  0.000E+00
 -1.4485300E+05 -0.000E+00 -0.000E+00  0.000E+00
 -1.4485100E+05 -0.000E+00 -0.000E+00  0.000E+00
 -1.4484900E+05 -0.000E+00 -0.000E+00  0.000E+00
 -1.4484700E+05 -0.000E+00 -0.000E+00  0.000E+00
 -1.4484500E+05 -0.000E+00 -0.000E+00  0.000E+00
 -1.4484300E+05 -0.000E+00 -0.000E+00  0.000E+00
 -1.4484100E+05 -0.000E+00 -0.000E+00  0.000E+00
 -1.4483900E+05 -0.000E+00 -0.000E+00  0.000E+00
 -1.4483700E+05 -0.000E+00 -0.000E+00  0.000E+00
 -1.4483500E+05 -0.000E+00 -0.000E+00  0.000E+00
 -1.4483300E+05 -0.000E+00 -0.000E+00  0.000E+00
 -1.4483100E+05 -0.000E+00 -0.000E+00  0.000E+00
 -1.4482900E+05 -0.000E+00 -0.000E+00  0.000E+00
 -1.4482700E+05 -0.000E+00 -0.000E+00  0.000E+00
 -1.4482500E+05 -0.000E+00 -0.000E+00  0.000E+00
 -1.4482300E+05 -0.000E+00 -0.000E+00  0.000E+00
 -1.4482100E+05 -0.000E+00 -0.000E+00  0.000E+00
 -1.4481900E+05 -0.000E+00 -0.000E+00  0.000E+00
 -1.4481700E+05 -0.000E+00 -0.000E+00  0.000E+00
 -1.4481500E+05 -0.000E+00 -0.000E+00  0.000E+00
 -1.4481300E+05 -0.000E+00 -0.000E+00  0.000E+00
 -1.4481100E+05 -0.000E+00 -0.000E+00  0.000E+00
 -1.4480900E+05 -0.000E+00 -0.000E+00  0.000E+00
 -1.4480700E+05 -0.000E+00 -0.000E+00  0.000E+00
 -1.4480500E+05 -0.000E+00 -0.000E+00  0.000E+00
 -1.4480300E+05 -0.000E+00 -0.000E+00  0.000E+00
 -1.4480100E+05 -0.000E+00 -0.000E+00  0.000E+00
 -1.4479900E+05 -0.000E+00 -0.000E+00  0.000E+00
 -1.4479700E+05 -0.000E+00 -0.000E+00  0.000E+00
 -1.4479500E+05 -0.000E+00 -0.000E+00  0.000E+00
 -1.4479300E+05 -0.000E+00 -0.000E+00  0.000E+00
 -1.4479100E+05 -0.000E+00 -0.000E+00  0.000E+00
 -1.4478900E+05 -0.000E+00 -0.000E+00  0.000E+00
 -1.4478700E+05 -0.000E+00 -0.000E+00  0.000E+00
 -1.4478500E+05 -0.000E+00 -0.000E+00  0.000E+00
 -1.4478300E+05 -0.000E+00 -0.000E+00  0.000E+00
 -1.4478100E+05 -0.000E+00 -0.000E+00  0.000E+00
 -1.4477900E+05 -0.000E+00 -0.000E+00  0.000E+00
 -1.4477700E+05 -0.000E+00 -0.000E+00  0.000E+00
 -1.4477500E+05 -0.000E+00 -0.000E+00  0.000E+00
 -1.4477300E+05 -0.000E+00 -0.000E+00  0.000E+00
 -1.4477100E+05 -0.000E+00 -0.000E+00  0.000E+00
 -1.4476900E+05 -0.000E+00 -0.000E+00  0.000E+00
 -1.4476700E+05 -0.000E+00 -0.000E+00  0.000E+00
 -1.4476500E+05 -0.000E+00 -0.000E+00  0.000E+00
 -1.4476300E+05 -0.000E+00 -0.000E+00  0.000E+00
 -1.4476100E+05 -0.000E+00 -0.000E+00  0.000E+00
 -1.4475900E+05 -0.000E+00 -0.000E+00  0.000E+00
 -1.4475700E+05 -0.000E+00 -0.000E+00  0.000E+00
 -1.4475500E+05 -0.000E+00 -0.000E+00  0.000E+00
 -1.4475300E+05 -0.000E+00 -0.000E+00  0.000E+00
 -1.4475100E+05 -0.000E+00 -0.000E+00  0.000E+00
 -1.4474900E+05 -0.000E+00 -0.000E+00  0.000E+00
 -1.4474700E+05 -0.000E+00 -0.000E+00  0.000E+00
 -1.4474500E+05 -0.000E+00 -0.000E+00  0.000E+00
 -1.4474300E+05 -0.000E+00 -0.000E+00  0.000E+00
 -1.4474100E+05 -0.000E+00 -0.000E+00  0.000E+00
 -1.4473900E+05 -0.000E+00 -0.000E+00  0.000E+00
 -1.4473700E+05 -0.000E+00 -0.000E+00  0.000E+00
 -1.4473500E+05 -0.000E+00 -0.000E+00  0.000E+00
 -1.4473300E+05 -0.000E+00 -0.000E+00  0.000E+00
 -1.4473100E+05 -0.000E+00 -0.000E+00  0.000E+00
 -1.4472900E+05 -0.000E+00 -0.000E+00  0.000E+00
 -1.4472700E+05 -0.000E+00 -0.000E+00  0.000E+00
 -1.4472500E+05 -0.000E+00 -0.000E+00  0.000E+00
 -1.4472300E+05 -0.000E+00 -0.000E+00  0.000E+00
 -1.4472100E+05 -0.000E+00 -0.000E+00  0.000E+00
 -1.4471900E+05 -0.000E+00 -0.000E+00  0.000E+00
 -1.4471700E+05 -0.000E+00 -0.000E+00  0.000E+00
 -1.4471500E+05 -0.000E+00 -0.000E+00  0.000E+00
 -1.4471300E+05 -0.000E+00 -0.000E+00  0.000E+00
 -1.4471100E+05 -0.000E+00 -0.000E+00  0.000E+00
 -1.4470900E+05 -0.000E+00 -0.000E+00  0.000E+00
 -1.4470700E+05 -0.000E+00 -0.000E+00  0.000E+00
 -1.4470500E+05 -0.000E+00 -0.000E+00  0.000E+00
 -1.4470300E+05 -0.000E+00 -0.000E+00  0.000E+00
 -1.4470100E+05 -0.000E+00 -0.000E+00  0.000E+00
 -1.4469900E+05 -0.000E+00 -0.000E+00  0.000E+00
 -1.4469700E+05 -0.000E+00 -0.000E+00  0.000E+00
 -1.4469500E+05 -0.000E+00 -0.000E+00  0.000E+00
 -1.4469300E+05 -0.000E+00 -0.000E+00  0.000E+00
 -1.4469100E+05 -0.000E+00 -0.000E+00  0.000E+00
 -1.4468900E+05 -0.000E+00 -0.000E+00  0.000E+00
 -1.4468700E+05 -0.000E+00 -0.000E+00  0.000E+00
 -1.4468500E+05 -0.000E+00 -0.000E+00  0.000E+00
 -1.4468300E+05 -0.000E+00 -0.000E+00  0.000E+00
 -1.4468100E+05 -0.000E+00 -0.000E+00  0.000E+00
 -1.4467900E+05 -0.000E+00 -0.000E+00  0.000E+00
 -1.4467700E+05 -0.000E+00 -0.000E+00  0.000E+00
 -1.4467500E+05 -0.000E+00 -0.000E+00  0.000E+00
 -1.4467300E+05 -0.000E+00 -0.000E+00  0.000E+00
 -1.4467100E+05 -0.000E+00 -0.000E+00  0.000E+00
 -1.4466900E+05 -0.000E+00 -0.000E+00  0.000E+00
 -1.4466700E+05 -0.000E+00 -0.000E+00  0.000E+00
 -1.4466500E+05 -0.000E+00 -0.000E+00  0.000E+00
 -1.4466300E+05 -0.000E+00 -0.000E+00  0.000E+00
 -1.4466100E+05 -0.000E+00 -0.000E+00  0.000E+00
 -1.4465900E+05 -0.000E+00 -0.000E+00  0.000E+00
 -1.4465700E+05 -0.000E+00 -0.000E+00  0.000E+00
 -1.4465500E+05 -0.000E+00 -0.000E+00  0.000E+00
 -1.4465300E+05 -0.000E+00 -0.000E+00  0.000E+00
 -1.4465100E+05 -0.000E+00 -0.000E+00  0.000E+00
 -1.4464900E+05 -0.000E+00 -0.000E+00  0.000E+00
 -1.4464700E+05 -0.000E+00 -0.000E+00  0.000E+00
 -1.4464500E+05 -0.000E+00 -0.000E+00  0.000E+00
 -1.4464300E+05 -0.000E+00 -0.000E+00  0.000E+00
 -1.4464100E+05 -0.000E+00 -0.000E+00  0.000E+00
 -1.4463900E+05 -0.000E+00 -0.000E+00  0.000E+00
 -1.4463700E+05 -0.000E+00 -0.000E+00  0.000E+00
 -1.4463500E+05 -0.000E+00 -0.000E+00  0.000E+00
 -1.4463300E+05 -0.000E+00 -0.000E+00  0.000E+00
 -1.4463100E+05 -0.000E+00 -0.000E+00  0.000E+00
 -1.4462900E+05 -0.000E+00 -0.000E+00  0.000E+00
 -1.4462700E+05  1.658E-09 -5.416E-10  3.429E-09
 -1.4462500E+05  5.050E-08 -1.650E-08  1.044E-07
 -1.4462300E+05 -4.993E-14 -1.010E-14  1.525E-13
 -1.4462100E+05 -3.407E-06  6.179E-07 -2.231E-06
 -1.4461900E+05 -1.484E-05  2.321E-06 -6.116E-06
 -1.4461700E+05 -2.158E-06  2.878E-07 -3.943E-07
 -1.4461500E+05 -5.066E-07  1.044E-07 -4.345E-07
 -1.4461300E+05 -2.720E-05  4.784E-06 -1.615E-05
