  5.7991000E+04 -0.000E+00 -0.000E+00  0.000E+00
  5.7993000E+04 -0.000E+00 -0.000E+00  0.000E+00
  5.7995000E+04 -0.000E+00 -0.000E+00  0.000E+00
  5.7997000E+04 -0.000E+00 -0.000E+00  0.000E+00
  5.7999000E+04 -0.000E+00 -0.000E+00  0.000E+00
  5.8001000E+04 -0.000E+00 -0.000E+00  0.000E+00
  5.8003000E+04 -0.000E+00 -0.000E+00  0.000E+00
  5.8005000E+04 -0.000E+00 -0.000E+00  0.000E+00
  5.8007000E+04 -0.000E+00 -0.000E+00  0.000E+00
  5.8009000E+04 -0.000E+00 -0.000E+00  0.000E+00
  5.8011000E+04 -0.000E+00 -0.000E+00  0.000E+00
  5.8013000E+04 -0.000E+00 -0.000E+00  0.000E+00
  5.8015000E+04 -0.000E+00 -0.000E+00  0.000E+00
  5.8017000E+04 -0.000E+00 -0.000E+00  0.000E+00
  5.8019000E+04 -0.000E+00 -0.000E+00  0.000E+00
  5.8021000E+04 -0.000E+00 -0.000E+00  0.000E+00
  5.8023000E+04 -0.000E+00 -0.000E+00  0.000E+00
  5.8025000E+04 -0.000E+00 -0.000E+00  0.000E+00
  5.8027000E+04 -0.000E+00 -0.000E+00  0.000E+00
  5.8029000E+04 -0.000E+00 -0.000E+00  0.000E+00
  5.8031000E+04 -0.000E+00 -0.000E+00  0.000E+00
  5.8033000E+04 -0.000E+00 -0.000E+00  0.000E+00
  5.8035000E+04 -0.000E+00 -0.000E+00  0.000E+00
  5.8037000E+04 -0.000E+00 -0.000E+00  0.000E+00
  5.8039000E+04 -0.000E+00 -0.000E+00  0.000E+00
  5.8041000E+04 -0.000E+00 -0.000E+00  0.000E+00
  5.8043000E+04 -0.000E+00 -0.000E+00  0.000E+00
  5.8045000E+04 -0.000E+00 -0.000E+00  0.000E+00
  5.8047000E+04 -0.000E+00 -0.000E+00  0.000E+00
  5.8049000E+04 -0.000E+00 -0.000E+00  0.000E+00
  5.8051000E+04 -0.000E+00 -0.000E+00  0.000E+00
  5.8053000E+04 -0.000E+00 -0.000E+00  0.000E+00
  5.8055000E+04 -0.000E+00 -0.000E+00  0.000E+00
  5.8057000E+04 -0.000E+00 -0.000E+00  0.000E+00
  5.8059000E+04 -0.000E+00 -0.000E+00  0.000E+00
  5.8061000E+04 -0.000E+00 -0.000E+00  0.000E+00
  5.8063000E+04 -0.000E+00 -0.000E+00  0.000E+00
  5.8065000E+04 -0.000E+00 -0.000E+00  0.000E+00
  5.8067000E+04 -0.000E+00 -0.000E+00  0.000E+00
  5.8069000E+04 -0.000E+00 -0.000E+00  0.000E+00
  5.8071000E+04 -0.000E+00 -0.000E+00  0.000E+00
  5.8073000E+04 -0.000E+00 -0.000E+00  0.000E+00
  5.8075000E+04 -0.000E+00 -0.000E+00  0.000E+00
  5.8077000E+04 -0.000E+00 -0.000E+00  0.000E+00
  5.8079000E+04 -0.000E+00 -0.000E+00  0.000E+00
  5.8081000E+04 -0.000E+00 -0.000E+00  0.000E+00
  5.8083000E+04 -0.000E+00 -0.000E+00  0.000E+00
  5.8085000E+04 -0.000E+00 -0.000E+00  0.000E+00
  5.8087000E+04 -0.000E+00 -0.000E+00  0.000E+00
  5.8089000E+04 -0.000E+00 -0.000E+00  0.000E+00
  5.8091000E+04 -0.000E+00 -0.000E+00  0.000E+00
  5.8093000E+04 -0.000E+00 -0.000E+00  0.000E+00
  5.8095000E+04 -0.000E+00 -0.000E+00  0.000E+00
  5.8097000E+04 -0.000E+00 -0.000E+00  0.000E+00
  5.8099000E+04 -0.000E+00 -0.000E+00  0.000E+00
  5.8101000E+04 -0.000E+00 -0.000E+00  0.000E+00
  5.8103000E+04 -0.000E+00 -0.000E+00  0.000E+00
  5.8105000E+04 -0.000E+00 -0.000E+00  0.000E+00
  5.8107000E+04 -0.000E+00 -0.000E+00  0.000E+00
  5.8109000E+04 -0.000E+00 -0.000E+00  0.000E+00
  5.8111000E+04 -0.000E+00 -0.000E+00  0.000E+00
  5.8113000E+04 -0.000E+00 -0.000E+00  0.000E+00
  5.8115000E+04 -0.000E+00 -0.000E+00  0.000E+00
  5.8117000E+04 -0.000E+00 -0.000E+00  0.000E+00
  5.8119000E+04 -0.000E+00 -0.000E+00  0.000E+00
  5.8121000E+04 -0.000E+00 -0.000E+00  0.000E+00
  5.8123000E+04 -0.000E+00 -0.000E+00  0.000E+00
  5.8125000E+04 -0.000E+00 -0.000E+00  0.000E+00
  5.8127000E+04 -0.000E+00 -0.000E+00  0.000E+00
  5.8129000E+04 -0.000E+00 -0.000E+00  0.000E+00
  5.8131000E+04 -0.000E+00 -0.000E+00  0.000E+00
  5.8133000E+04 -0.000E+00 -0.000E+00  0.000E+00
  5.8135000E+04 -0.000E+00 -0.000E+00  0.000E+00
  5.8137000E+04 -0.000E+00 -0.000E+00  0.000E+00
  5.8139000E+04 -0.000E+00 -0.000E+00  0.000E+00
  5.8141000E+04 -0.000E+00 -0.000E+00  0.000E+00
  5.8143000E+04 -0.000E+00 -0.000E+00  0.000E+00
  5.8145000E+04 -0.000E+00 -0.000E+00  0.000E+00
  5.8147000E+04 -0.000E+00 -0.000E+00  0.000E+00
  5.8149000E+04 -0.000E+00 -0.000E+00  0.000E+00
  5.8151000E+04 -0.000E+00 -0.000E+00  0.000E+00
  5.8153000E+04 -0.000E+00 -0.000E+00  0.000E+00
  5.8155000E+04 -0.000E+00 -0.000E+00  0.000E+00
  5.8157000E+04 -0.000E+00 -0.000E+00  0.000E+00
  5.8159000E+04 -0.000E+00 -0.000E+00  0.000E+00
  5.8161000E+04 -0.000E+00 -0.000E+00  0.000E+00
  5.8163000E+04 -0.000E+00 -0.000E+00  0.000E+00
  5.8165000E+04 -0.000E+00 -0.000E+00  0.000E+00
  5.8167000E+04 -0.000E+00 -0.000E+00  0.000E+00
  5.8169000E+04 -0.000E+00 -0.000E+00  0.000E+00
  5.8171000E+04 -0.000E+00 -0.000E+00  0.000E+00
  5.8173000E+04 -0.000E+00 -0.000E+00  0.000E+00
  5.8175000E+04 -0.000E+00 -0.000E+00  0.000E+00
  5.8177000E+04 -0.000E+00 -0.000E+00  0.000E+00
  5.8179000E+04 -0.000E+00 -0.000E+00  0.000E+00
  5.8181000E+04 -0.000E+00 -0.000E+00  0.000E+00
  5.8183000E+04 -0.000E+00 -0.000E+00  0.000E+00
  5.8185000E+04 -0.000E+00 -0.000E+00  0.000E+00
  5.8187000E+04 -0.000E+00 -0.000E+00  0.000E+00
  5.8189000E+04 -0.000E+00 -0.000E+00  0.000E+00
  5.8191000E+04 -0.000E+00 -0.000E+00  0.000E+00
  5.8193000E+04 -0.000E+00 -0.000E+00  0.000E+00
  5.8195000E+04 -0.000E+00 -0.000E+00  0.000E+00
  5.8197000E+04 -0.000E+00 -0.000E+00  0.000E+00
  5.8199000E+04 -0.000E+00 -0.000E+00  0.000E+00
  5.8201000E+04 -0.000E+00 -0.000E+00  0.000E+00
  5.8203000E+04 -0.000E+00 -0.000E+00  0.000E+00
  5.8205000E+04 -0.000E+00 -0.000E+00  0.000E+00
  5.8207000E+04 -0.000E+00 -0.000E+00  0.000E+00
  5.8209000E+04 -0.000E+00 -0.000E+00  0.000E+00
  5.8211000E+04 -0.000E+00 -0.000E+00  0.000E+00
  5.8213000E+04 -0.000E+00 -0.000E+00  0.000E+00
  5.8215000E+04 -0.000E+00 -0.000E+00  0.000E+00
  5.8217000E+04 -0.000E+00 -0.000E+00  0.000E+00
  5.8219000E+04 -0.000E+00 -0.000E+00  0.000E+00
  5.8221000E+04 -0.000E+00 -0.000E+00  0.000E+00
  5.8223000E+04 -0.000E+00 -0.000E+00  0.000E+00
  5.8225000E+04 -0.000E+00 -0.000E+00  0.000E+00
  5.8227000E+04 -0.000E+00 -0.000E+00  0.000E+00
  5.8229000E+04 -0.000E+00 -0.000E+00  0.000E+00
  5.8231000E+04 -0.000E+00 -0.000E+00  0.000E+00
  5.8233000E+04 -0.000E+00 -0.000E+00  0.000E+00
  5.8235000E+04 -0.000E+00 -0.000E+00  0.000E+00
  5.8237000E+04 -0.000E+00 -0.000E+00  0.000E+00
  5.8239000E+04 -0.000E+00 -0.000E+00  0.000E+00
  5.8241000E+04 -0.000E+00 -0.000E+00  0.000E+00
  5.8243000E+04 -0.000E+00 -0.000E+00  0.000E+00
  5.8245000E+04 -0.000E+00 -0.000E+00  0.000E+00
  5.8247000E+04 -0.000E+00 -0.000E+00  0.000E+00
  5.8249000E+04 -0.000E+00 -0.000E+00  0.000E+00
  5.8251000E+04 -0.000E+00 -0.000E+00  0.000E+00
  5.8253000E+04 -0.000E+00 -0.000E+00  0.000E+00
  5.8255000E+04 -0.000E+00 -0.000E+00  0.000E+00
  5.8257000E+04 -0.000E+00 -0.000E+00  0.000E+00
  5.8259000E+04 -0.000E+00 -0.000E+00  0.000E+00
  5.8261000E+04 -0.000E+00 -0.000E+00  0.000E+00
  5.8263000E+04 -0.000E+00 -0.000E+00  0.000E+00
  5.8265000E+04 -0.000E+00 -0.000E+00  0.000E+00
  5.8267000E+04 -0.000E+00 -0.000E+00  0.000E+00
  5.8269000E+04 -0.000E+00 -0.000E+00  0.000E+00
  5.8271000E+04 -0.000E+00 -0.000E+00  0.000E+00
  5.8273000E+04 -0.000E+00 -0.000E+00  0.000E+00
  5.8275000E+04 -0.000E+00 -0.000E+00  0.000E+00
  5.8277000E+04 -0.000E+00 -0.000E+00  0.000E+00
  5.8279000E+04 -0.000E+00 -0.000E+00  0.000E+00
  5.8281000E+04 -0.000E+00 -0.000E+00  0.000E+00
  5.8283000E+04 -0.000E+00 -0.000E+00  0.000E+00
  5.8285000E+04  2.765E-08 -7.072E-09  5.125E-08
  5.8287000E+04 -3.896E-07  3.286E-08  1.269E-07
  5.8289000E+04 -1.516E-05  1.605E-06  8.165E-07
  5.8291000E+04 -6.489E-06  7.284E-07 -1.494E-07
  5.8293000E+04 -3.493E-05  3.588E-06  3.455E-06
  5.8295000E+04  4.840E-06  2.033E-06 -3.252E-05
  5.8297000E+04  2.707E-04  4.032E-06 -4.345E-04
  5.8299000E+04 -3.729E-04  4.043E-05  1.181E-05
  5.8301000E+04 -1.784E-04  1.276E-05  8.972E-05
  5.8303000E+04 -1.345E-04  1.158E-05  4.334E-05
  5.8305000E+04 -3.782E-04  3.957E-05  3.311E-05
  5.8307000E+04 -5.496E-04  8.613E-05 -3.162E-04
  5.8309000E+04 -6.460E-04  9.952E-05 -3.459E-04
  5.8311000E+04  4.078E-04 -4.451E-05 -1.299E-05
  5.8313000E+04 -1.057E-03  2.368E-04 -1.515E-03
  5.8315000E+04  1.681E-03 -3.647E-05 -1.955E-03
  5.8317000E+04 -2.549E-03  4.784E-04 -2.450E-03
  5.8319000E+04 -3.149E-03  5.537E-04 -2.547E-03
  5.8321000E+04 -1.513E-03  2.736E-04 -1.332E-03
  5.8323000E+04 -2.949E-03  7.481E-04 -5.344E-03
  5.8325000E+04 -7.945E-03  1.351E-03 -5.822E-03
  5.8327000E+04 -9.814E-03  1.778E-03 -8.578E-03
  5.8329000E+04 -1.055E-02  1.836E-03 -8.196E-03
  5.8331000E+04 -9.141E-03  1.497E-03 -5.876E-03
  5.8333000E+04 -1.634E-02  2.374E-03 -6.594E-03
  5.8335000E+04 -1.442E-02  2.487E-03 -1.086E-02
  5.8337000E+04 -8.460E-03  2.450E-03 -1.911E-02
  5.8339000E+04 -3.639E-02  5.586E-03 -1.831E-02
  5.8341000E+04 -2.659E-02  4.745E-03 -2.190E-02
  5.8343000E+04 -3.447E-02  6.430E-03 -3.187E-02
  5.8345000E+04 -3.962E-02  6.817E-03 -2.921E-02
  5.8347000E+04 -5.613E-02  9.439E-03 -3.848E-02
  5.8349000E+04 -4.009E-02  6.833E-03 -2.856E-02
  5.8351000E+04 -3.946E-02  9.455E-03 -6.328E-02
  5.8353000E+04 -7.067E-02  1.298E-02 -6.208E-02
  5.8355000E+04 -8.589E-02  1.379E-02 -4.974E-02
  5.8357000E+04 -7.263E-02  1.297E-02 -5.895E-02
  5.8359000E+04 -9.608E-02  1.542E-02 -5.533E-02
  5.8361000E+04 -1.075E-01  2.093E-02 -1.090E-01
  5.8363000E+04 -1.548E-01  2.658E-02 -1.108E-01
  5.8365000E+04 -1.430E-01  2.474E-02 -1.042E-01
  5.8367000E+04 -1.542E-01  2.896E-02 -1.421E-01
  5.8369000E+04 -2.005E-01  3.505E-02 -1.502E-01
