  2.2704500E+05 -0.000E+00 -0.000E+00  0.000E+00
  2.2704700E+05 -0.000E+00 -0.000E+00  0.000E+00
  2.2704900E+05 -0.000E+00 -0.000E+00  0.000E+00
  2.2705100E+05 -0.000E+00 -0.000E+00  0.000E+00
  2.2705300E+05 -0.000E+00 -0.000E+00  0.000E+00
  2.2705500E+05 -0.000E+00 -0.000E+00  0.000E+00
  2.2705700E+05 -0.000E+00 -0.000E+00  0.000E+00
  2.2705900E+05 -0.000E+00 -0.000E+00  0.000E+00
  2.2706100E+05 -0.000E+00 -0.000E+00  0.000E+00
  2.2706300E+05 -0.000E+00 -0.000E+00  0.000E+00
  2.2706500E+05 -0.000E+00 -0.000E+00  0.000E+00
  2.2706700E+05 -0.000E+00 -0.000E+00  0.000E+00
  2.2706900E+05 -0.000E+00 -0.000E+00  0.000E+00
  2.2707100E+05 -0.000E+00 -0.000E+00  0.000E+00
  2.2707300E+05 -0.000E+00 -0.000E+00  0.000E+00
  2.2707500E+05 -0.000E+00 -0.000E+00  0.000E+00
  2.2707700E+05 -0.000E+00 -0.000E+00  0.000E+00
  2.2707900E+05 -0.000E+00 -0.000E+00  0.000E+00
  2.2708100E+05 -0.000E+00 -0.000E+00  0.000E+00
  2.2708300E+05 -0.000E+00 -0.000E+00  0.000E+00
  2.2708500E+05 -0.000E+00 -0.000E+00  0.000E+00
  2.2708700E+05 -0.000E+00 -0.000E+00  0.000E+00
  2.2708900E+05 -0.000E+00 -0.000E+00  0.000E+00
  2.2709100E+05 -0.000E+00 -0.000E+00  0.000E+00
  2.2709300E+05 -0.000E+00 -0.000E+00  0.000E+00
  2.2709500E+05 -0.000E+00 -0.000E+00  0.000E+00
  2.2709700E+05 -0.000E+00 -0.000E+00  0.000E+00
  2.2709900E+05 -0.000E+00 -0.000E+00  0.000E+00
  2.2710100E+05 -0.000E+00 -0.000E+00  0.000E+00
  2.2710300E+05 -0.000E+00 -0.000E+00  0.000E+00
  2.2710500E+05 -0.000E+00 -0.000E+00  0.000E+00
  2.2710700E+05 -0.000E+00 -0.000E+00  0.000E+00
  2.2710900E+05 -0.000E+00 -0.000E+00  0.000E+00
  2.2711100E+05 -0.000E+00 -0.000E+00  0.000E+00
  2.2711300E+05 -0.000E+00 -0.000E+00  0.000E+00
  2.2711500E+05 -0.000E+00 -0.000E+00  0.000E+00
  2.2711700E+05 -0.000E+00 -0.000E+00  0.000E+00
  2.2711900E+05 -0.000E+00 -0.000E+00  0.000E+00
  2.2712100E+05 -0.000E+00 -0.000E+00  0.000E+00
  2.2712300E+05 -0.000E+00 -0.000E+00  0.000E+00
  2.2712500E+05 -0.000E+00 -0.000E+00  0.000E+00
  2.2712700E+05 -0.000E+00 -0.000E+00  0.000E+00
  2.2712900E+05 -0.000E+00 -0.000E+00  0.000E+00
  2.2713100E+05 -0.000E+00 -0.000E+00  0.000E+00
  2.2713300E+05 -0.000E+00 -0.000E+00  0.000E+00
  2.2713500E+05 -0.000E+00 -0.000E+00  0.000E+00
  2.2713700E+05 -0.000E+00 -0.000E+00  0.000E+00
  2.2713900E+05 -0.000E+00 -0.000E+00  0.000E+00
  2.2714100E+05 -0.000E+00 -0.000E+00  0.000E+00
  2.2714300E+05 -0.000E+00 -0.000E+00  0.000E+00
  2.2714500E+05 -0.000E+00 -0.000E+00  0.000E+00
  2.2714700E+05 -0.000E+00 -0.000E+00  0.000E+00
  2.2714900E+05 -0.000E+00 -0.000E+00  0.000E+00
  2.2715100E+05 -0.000E+00 -0.000E+00  0.000E+00
  2.2715300E+05 -0.000E+00 -0.000E+00  0.000E+00
  2.2715500E+05 -0.000E+00 -0.000E+00  0.000E+00
  2.2715700E+05 -0.000E+00 -0.000E+00  0.000E+00
  2.2715900E+05 -0.000E+00 -0.000E+00  0.000E+00
  2.2716100E+05 -0.000E+00 -0.000E+00  0.000E+00
  2.2716300E+05 -0.000E+00 -0.000E+00  0.000E+00
  2.2716500E+05 -0.000E+00 -0.000E+00  0.000E+00
  2.2716700E+05 -0.000E+00 -0.000E+00  0.000E+00
  2.2716900E+05 -0.000E+00 -0.000E+00  0.000E+00
  2.2717100E+05 -0.000E+00 -0.000E+00  0.000E+00
  2.2717300E+05 -0.000E+00 -0.000E+00  0.000E+00
  2.2717500E+05 -0.000E+00 -0.000E+00  0.000E+00
  2.2717700E+05 -0.000E+00 -0.000E+00  0.000E+00
  2.2717900E+05 -0.000E+00 -0.000E+00  0.000E+00
  2.2718100E+05 -0.000E+00 -0.000E+00  0.000E+00
  2.2718300E+05 -0.000E+00 -0.000E+00  0.000E+00
  2.2718500E+05 -0.000E+00 -0.000E+00  0.000E+00
  2.2718700E+05 -0.000E+00 -0.000E+00  0.000E+00
  2.2718900E+05 -0.000E+00 -0.000E+00  0.000E+00
  2.2719100E+05 -0.000E+00 -0.000E+00  0.000E+00
  2.2719300E+05 -0.000E+00 -0.000E+00  0.000E+00
  2.2719500E+05 -0.000E+00 -0.000E+00  0.000E+00
  2.2719700E+05 -0.000E+00 -0.000E+00  0.000E+00
  2.2719900E+05 -0.000E+00 -0.000E+00  0.000E+00
  2.2720100E+05 -0.000E+00 -0.000E+00  0.000E+00
  2.2720300E+05 -0.000E+00 -0.000E+00  0.000E+00
  2.2720500E+05 -0.000E+00 -0.000E+00  0.000E+00
  2.2720700E+05 -0.000E+00 -0.000E+00  0.000E+00
  2.2720900E+05 -0.000E+00 -0.000E+00  0.000E+00
  2.2721100E+05 -0.000E+00 -0.000E+00  0.000E+00
  2.2721300E+05 -0.000E+00 -0.000E+00  0.000E+00
  2.2721500E+05 -0.000E+00 -0.000E+00  0.000E+00
  2.2721700E+05 -0.000E+00 -0.000E+00  0.000E+00
  2.2721900E+05 -0.000E+00 -0.000E+00  0.000E+00
  2.2722100E+05 -0.000E+00 -0.000E+00  0.000E+00
  2.2722300E+05 -0.000E+00 -0.000E+00  0.000E+00
  2.2722500E+05 -0.000E+00 -0.000E+00  0.000E+00
  2.2722700E+05 -0.000E+00 -0.000E+00  0.000E+00
  2.2722900E+05 -0.000E+00 -0.000E+00  0.000E+00
  2.2723100E+05 -0.000E+00 -0.000E+00  0.000E+00
  2.2723300E+05 -0.000E+00 -0.000E+00  0.000E+00
  2.2723500E+05 -0.000E+00 -0.000E+00  0.000E+00
  2.2723700E+05 -0.000E+00 -0.000E+00  0.000E+00
  2.2723900E+05 -0.000E+00 -0.000E+00  0.000E+00
  2.2724100E+05 -0.000E+00 -0.000E+00  0.000E+00
  2.2724300E+05 -0.000E+00 -0.000E+00  0.000E+00
  2.2724500E+05 -0.000E+00 -0.000E+00  0.000E+00
  2.2724700E+05 -0.000E+00 -0.000E+00  0.000E+00
  2.2724900E+05 -0.000E+00 -0.000E+00  0.000E+00
  2.2725100E+05 -0.000E+00 -0.000E+00  0.000E+00
  2.2725300E+05 -0.000E+00 -0.000E+00  0.000E+00
  2.2725500E+05 -0.000E+00 -0.000E+00  0.000E+00
  2.2725700E+05 -0.000E+00 -0.000E+00  0.000E+00
  2.2725900E+05 -0.000E+00 -0.000E+00  0.000E+00
  2.2726100E+05 -0.000E+00 -0.000E+00  0.000E+00
  2.2726300E+05 -0.000E+00 -0.000E+00  0.000E+00
  2.2726500E+05 -0.000E+00 -0.000E+00  0.000E+00
  2.2726700E+05 -0.000E+00 -0.000E+00  0.000E+00
  2.2726900E+05 -0.000E+00 -0.000E+00  0.000E+00
  2.2727100E+05 -0.000E+00 -0.000E+00  0.000E+00
  2.2727300E+05 -0.000E+00 -0.000E+00  0.000E+00
  2.2727500E+05 -0.000E+00 -0.000E+00  0.000E+00
  2.2727700E+05 -0.000E+00 -0.000E+00  0.000E+00
  2.2727900E+05 -0.000E+00 -0.000E+00  0.000E+00
  2.2728100E+05 -0.000E+00 -0.000E+00  0.000E+00
  2.2728300E+05 -0.000E+00 -0.000E+00  0.000E+00
  2.2728500E+05 -0.000E+00 -0.000E+00  0.000E+00
  2.2728700E+05 -0.000E+00 -0.000E+00  0.000E+00
  2.2728900E+05 -0.000E+00 -0.000E+00  0.000E+00
  2.2729100E+05 -0.000E+00 -0.000E+00  0.000E+00
  2.2729300E+05 -0.000E+00 -0.000E+00  0.000E+00
  2.2729500E+05 -0.000E+00 -0.000E+00  0.000E+00
  2.2729700E+05 -0.000E+00 -0.000E+00  0.000E+00
  2.2729900E+05 -0.000E+00 -0.000E+00  0.000E+00
  2.2730100E+05 -0.000E+00 -0.000E+00  0.000E+00
  2.2730300E+05 -0.000E+00 -0.000E+00  0.000E+00
  2.2730500E+05  1.604E-08 -3.672E-09  3.249E-08
  2.2730700E+05 -1.314E-06 -1.258E-08  2.113E-06
  2.2730900E+05 -1.355E-05  9.920E-07  4.709E-06
  2.2731100E+05 -2.322E-05  9.093E-07  2.024E-05
  2.2731300E+05  2.905E-05  4.785E-07 -5.012E-05
  2.2731500E+05 -1.114E-04  2.727E-05 -2.554E-04
  2.2731700E+05 -5.328E-05  4.542E-06  8.232E-06
  2.2731900E+05 -1.551E-04  6.514E-06  1.302E-04
  2.2732100E+05 -4.986E-04  3.686E-05  1.757E-04
  2.2732300E+05 -1.624E-04  3.747E-05 -3.374E-04
  2.2732500E+05 -4.807E-04  9.439E-05 -7.429E-04
  2.2732700E+05 -1.290E-03  3.181E-04 -3.017E-03
  2.2732900E+05 -2.349E-03  3.377E-04 -1.726E-03
  2.2733100E+05 -2.922E-03  4.835E-04 -3.160E-03
  2.2733300E+05 -8.021E-03  9.051E-04 -1.966E-03
  2.2733500E+05 -7.715E-03  1.118E-03 -5.786E-03
  2.2733700E+05 -1.270E-02  1.817E-03 -9.163E-03
  2.2733900E+05 -9.822E-03  1.577E-03 -9.845E-03
  2.2734100E+05 -1.520E-02  1.994E-03 -8.153E-03
  2.2734300E+05 -2.823E-02  4.143E-03 -2.213E-02
  2.2734500E+05 -3.344E-02  4.293E-03 -1.641E-02
  2.2734700E+05 -4.573E-02  5.865E-03 -2.231E-02
  2.2734900E+05 -5.464E-02  7.617E-03 -3.633E-02
  2.2735100E+05 -5.345E-02  8.424E-03 -5.115E-02
  2.2735300E+05 -6.259E-02  9.831E-03 -5.948E-02
  2.2735500E+05 -8.754E-02  1.127E-02 -4.336E-02
  2.2735700E+05 -1.190E-01  1.683E-02 -8.317E-02
  2.2735900E+05 -1.293E-01  1.764E-02 -7.998E-02
  2.2736100E+05 -1.778E-01  2.466E-02 -1.165E-01
  2.2736300E+05 -1.862E-01  2.781E-02 -1.542E-01
  2.2736500E+05 -2.248E-01  3.132E-02 -1.495E-01
  2.2736700E+05 -2.768E-01  3.676E-02 -1.547E-01
  2.2736900E+05 -3.088E-01  4.415E-02 -2.241E-01
  2.2737100E+05 -3.625E-01  4.982E-02 -2.299E-01
  2.2737300E+05 -3.960E-01  5.569E-02 -2.723E-01
  2.2737500E+05 -4.847E-01  6.635E-02 -3.030E-01
  2.2737700E+05 -5.256E-01  7.443E-02 -3.694E-01
  2.2737900E+05 -6.064E-01  8.471E-02 -4.074E-01
  2.2738100E+05 -5.899E-01  8.456E-02 -4.327E-01
  2.2738300E+05 -6.871E-01  9.329E-02 -4.171E-01
  2.2738500E+05 -7.195E-01  1.026E-01 -5.185E-01
  2.2738700E+05 -7.536E-01  1.084E-01 -5.596E-01
  2.2738900E+05 -8.477E-01  1.181E-01 -5.645E-01
  2.2739100E+05 -9.483E-01  1.303E-01 -6.015E-01
  2.2739300E+05 -9.807E-01  1.377E-01 -6.736E-01
  2.2739500E+05 -1.056E+00  1.463E-01 -6.908E-01
  2.2739700E+05 -1.070E+00  1.510E-01 -7.462E-01
  2.2739900E+05 -1.134E+00  1.586E-01 -7.673E-01
  2.2740100E+05 -1.121E+00  1.591E-01 -7.982E-01
  2.2740300E+05 -1.200E+00  1.656E-01 -7.718E-01
  2.2740500E+05 -1.191E+00  1.671E-01 -8.161E-01
  2.2740700E+05 -1.142E+00  1.595E-01 -7.712E-01
  2.2740900E+05 -1.088E+00  1.557E-01 -7.987E-01
  2.2741100E+05 -1.144E+00  1.643E-01 -8.497E-01
  2.2741300E+05 -1.060E+00  1.529E-01 -7.992E-01
  2.2741500E+05 -1.141E+00  1.609E-01 -7.982E-01
  2.2741700E+05 -1.061E+00  1.493E-01 -7.361E-01
  2.2741900E+05 -1.029E+00  1.456E-01 -7.274E-01
  2.2742100E+05 -9.534E-01  1.296E-01 -5.842E-01
  2.2742300E+05 -8.781E-01  1.234E-01 -6.096E-01
