  2.6313700E+05 -0.000E+00 -0.000E+00  0.000E+00
  2.6313900E+05 -0.000E+00 -0.000E+00  0.000E+00
  2.6314100E+05 -0.000E+00 -0.000E+00  0.000E+00
  2.6314300E+05 -0.000E+00 -0.000E+00  0.000E+00
  2.6314500E+05 -0.000E+00 -0.000E+00  0.000E+00
  2.6314700E+05 -0.000E+00 -0.000E+00  0.000E+00
  2.6314900E+05 -0.000E+00 -0.000E+00  0.000E+00
  2.6315100E+05 -0.000E+00 -0.000E+00  0.000E+00
  2.6315300E+05 -0.000E+00 -0.000E+00  0.000E+00
  2.6315500E+05 -0.000E+00 -0.000E+00  0.000E+00
  2.6315700E+05 -0.000E+00 -0.000E+00  0.000E+00
  2.6315900E+05 -0.000E+00 -0.000E+00  0.000E+00
  2.6316100E+05 -0.000E+00 -0.000E+00  0.000E+00
  2.6316300E+05 -0.000E+00 -0.000E+00  0.000E+00
  2.6316500E+05 -0.000E+00 -0.000E+00  0.000E+00
  2.6316700E+05 -0.000E+00 -0.000E+00  0.000E+00
  2.6316900E+05 -0.000E+00 -0.000E+00  0.000E+00
  2.6317100E+05 -0.000E+00 -0.000E+00  0.000E+00
  2.6317300E+05 -0.000E+00 -0.000E+00  0.000E+00
  2.6317500E+05 -0.000E+00 -0.000E+00  0.000E+00
  2.6317700E+05 -0.000E+00 -0.000E+00  0.000E+00
  2.6317900E+05 -0.000E+00 -0.000E+00  0.000E+00
  2.6318100E+05 -0.000E+00 -0.000E+00  0.000E+00
  2.6318300E+05 -0.000E+00 -0.000E+00  0.000E+00
  2.6318500E+05 -0.000E+00 -0.000E+00  0.000E+00
  2.6318700E+05 -0.000E+00 -0.000E+00  0.000E+00
  2.6318900E+05 -0.000E+00 -0.000E+00  0.000E+00
  2.6319100E+05 -0.000E+00 -0.000E+00  0.000E+00
  2.6319300E+05 -0.000E+00 -0.000E+00  0.000E+00
  2.6319500E+05 -0.000E+00 -0.000E+00  0.000E+00
  2.6319700E+05 -0.000E+00 -0.000E+00  0.000E+00
  2.6319900E+05 -0.000E+00 -0.000E+00  0.000E+00
  2.6320100E+05 -0.000E+00 -0.000E+00  0.000E+00
  2.6320300E+05 -0.000E+00 -0.000E+00  0.000E+00
  2.6320500E+05 -0.000E+00 -0.000E+00  0.000E+00
  2.6320700E+05 -0.000E+00 -0.000E+00  0.000E+00
  2.6320900E+05 -0.000E+00 -0.000E+00  0.000E+00
  2.6321100E+05 -0.000E+00 -0.000E+00  0.000E+00
  2.6321300E+05 -0.000E+00 -0.000E+00  0.000E+00
  2.6321500E+05 -0.000E+00 -0.000E+00  0.000E+00
  2.6321700E+05 -0.000E+00 -0.000E+00  0.000E+00
  2.6321900E+05 -0.000E+00 -0.000E+00  0.000E+00
  2.6322100E+05 -0.000E+00 -0.000E+00  0.000E+00
  2.6322300E+05 -0.000E+00 -0.000E+00  0.000E+00
  2.6322500E+05 -0.000E+00 -0.000E+00  0.000E+00
  2.6322700E+05 -0.000E+00 -0.000E+00  0.000E+00
  2.6322900E+05 -0.000E+00 -0.000E+00  0.000E+00
  2.6323100E+05 -0.000E+00 -0.000E+00  0.000E+00
  2.6323300E+05 -0.000E+00 -0.000E+00  0.000E+00
  2.6323500E+05 -0.000E+00 -0.000E+00  0.000E+00
  2.6323700E+05 -0.000E+00 -0.000E+00  0.000E+00
  2.6323900E+05 -0.000E+00 -0.000E+00  0.000E+00
  2.6324100E+05 -0.000E+00 -0.000E+00  0.000E+00
  2.6324300E+05 -0.000E+00 -0.000E+00  0.000E+00
  2.6324500E+05 -0.000E+00 -0.000E+00  0.000E+00
  2.6324700E+05 -0.000E+00 -0.000E+00  0.000E+00
  2.6324900E+05 -0.000E+00 -0.000E+00  0.000E+00
  2.6325100E+05 -0.000E+00 -0.000E+00  0.000E+00
  2.6325300E+05 -0.000E+00 -0.000E+00  0.000E+00
  2.6325500E+05 -0.000E+00 -0.000E+00  0.000E+00
  2.6325700E+05 -0.000E+00 -0.000E+00  0.000E+00
  2.6325900E+05 -0.000E+00 -0.000E+00  0.000E+00
  2.6326100E+05 -0.000E+00 -0.000E+00  0.000E+00
  2.6326300E+05 -0.000E+00 -0.000E+00  0.000E+00
  2.6326500E+05 -0.000E+00 -0.000E+00  0.000E+00
  2.6326700E+05 -0.000E+00 -0.000E+00  0.000E+00
  2.6326900E+05 -0.000E+00 -0.000E+00  0.000E+00
  2.6327100E+05 -0.000E+00 -0.000E+00  0.000E+00
  2.6327300E+05 -0.000E+00 -0.000E+00  0.000E+00
  2.6327500E+05 -0.000E+00 -0.000E+00  0.000E+00
  2.6327700E+05 -0.000E+00 -0.000E+00  0.000E+00
  2.6327900E+05 -0.000E+00 -0.000E+00  0.000E+00
  2.6328100E+05 -0.000E+00 -0.000E+00  0.000E+00
  2.6328300E+05 -0.000E+00 -0.000E+00  0.000E+00
  2.6328500E+05 -0.000E+00 -0.000E+00  0.000E+00
  2.6328700E+05 -0.000E+00 -0.000E+00  0.000E+00
  2.6328900E+05 -0.000E+00 -0.000E+00  0.000E+00
  2.6329100E+05 -0.000E+00 -0.000E+00  0.000E+00
  2.6329300E+05 -0.000E+00 -0.000E+00  0.000E+00
  2.6329500E+05 -0.000E+00 -0.000E+00  0.000E+00
  2.6329700E+05 -0.000E+00 -0.000E+00  0.000E+00
  2.6329900E+05 -0.000E+00 -0.000E+00  0.000E+00
  2.6330100E+05 -0.000E+00 -0.000E+00  0.000E+00
  2.6330300E+05 -0.000E+00 -0.000E+00  0.000E+00
  2.6330500E+05 -0.000E+00 -0.000E+00  0.000E+00
  2.6330700E+05 -0.000E+00 -0.000E+00  0.000E+00
  2.6330900E+05 -0.000E+00 -0.000E+00  0.000E+00
  2.6331100E+05 -0.000E+00 -0.000E+00  0.000E+00
  2.6331300E+05 -0.000E+00 -0.000E+00  0.000E+00
  2.6331500E+05 -0.000E+00 -0.000E+00  0.000E+00
  2.6331700E+05 -0.000E+00 -0.000E+00  0.000E+00
  2.6331900E+05 -0.000E+00 -0.000E+00  0.000E+00
  2.6332100E+05 -0.000E+00 -0.000E+00  0.000E+00
  2.6332300E+05 -0.000E+00 -0.000E+00  0.000E+00
  2.6332500E+05 -0.000E+00 -0.000E+00  0.000E+00
  2.6332700E+05 -0.000E+00 -0.000E+00  0.000E+00
  2.6332900E+05 -0.000E+00 -0.000E+00  0.000E+00
  2.6333100E+05 -0.000E+00 -0.000E+00  0.000E+00
  2.6333300E+05 -0.000E+00 -0.000E+00  0.000E+00
  2.6333500E+05 -0.000E+00 -0.000E+00  0.000E+00
  2.6333700E+05 -0.000E+00 -0.000E+00  0.000E+00
  2.6333900E+05 -0.000E+00 -0.000E+00  0.000E+00
  2.6334100E+05 -0.000E+00 -0.000E+00  0.000E+00
  2.6334300E+05 -0.000E+00 -0.000E+00  0.000E+00
  2.6334500E+05 -0.000E+00 -0.000E+00  0.000E+00
  2.6334700E+05 -0.000E+00 -0.000E+00  0.000E+00
  2.6334900E+05 -0.000E+00 -0.000E+00  0.000E+00
  2.6335100E+05 -0.000E+00 -0.000E+00  0.000E+00
  2.6335300E+05 -0.000E+00 -0.000E+00  0.000E+00
  2.6335500E+05 -0.000E+00 -0.000E+00  0.000E+00
  2.6335700E+05 -0.000E+00 -0.000E+00  0.000E+00
  2.6335900E+05 -0.000E+00 -0.000E+00  0.000E+00
  2.6336100E+05 -0.000E+00 -0.000E+00  0.000E+00
  2.6336300E+05 -0.000E+00 -0.000E+00  0.000E+00
  2.6336500E+05 -0.000E+00 -0.000E+00  0.000E+00
  2.6336700E+05 -0.000E+00 -0.000E+00  0.000E+00
  2.6336900E+05 -0.000E+00 -0.000E+00  0.000E+00
  2.6337100E+05 -0.000E+00 -0.000E+00  0.000E+00
  2.6337300E+05 -0.000E+00 -0.000E+00  0.000E+00
  2.6337500E+05 -0.000E+00 -0.000E+00  0.000E+00
  2.6337700E+05 -0.000E+00 -0.000E+00  0.000E+00
  2.6337900E+05 -0.000E+00 -0.000E+00  0.000E+00
  2.6338100E+05 -0.000E+00 -0.000E+00  0.000E+00
  2.6338300E+05 -0.000E+00 -0.000E+00  0.000E+00
  2.6338500E+05 -0.000E+00 -0.000E+00  0.000E+00
  2.6338700E+05 -0.000E+00 -0.000E+00  0.000E+00
  2.6338900E+05 -0.000E+00 -0.000E+00  0.000E+00
  2.6339100E+05 -0.000E+00 -0.000E+00  0.000E+00
  2.6339300E+05  7.436E-09 -1.812E-09  1.926E-08
  2.6339500E+05  3.402E-07 -1.195E-07  1.463E-06
  2.6339700E+05 -6.294E-05  7.419E-06 -3.797E-05
  2.6339900E+05  6.005E-06 -1.315E-06  1.344E-05
  2.6340100E+05  6.234E-05  9.087E-07 -9.356E-05
  2.6340300E+05 -1.320E-03  8.825E-05  2.754E-04
  2.6340500E+05  6.188E-04  1.059E-05 -9.576E-04
  2.6340700E+05 -1.257E-04 -1.041E-05  3.251E-04
  2.6340900E+05 -4.272E-04  5.031E-05 -2.664E-04
  2.6341100E+05 -1.377E-03  1.481E-04 -6.398E-04
  2.6341300E+05 -1.586E-03  2.590E-04 -2.169E-03
  2.6341500E+05 -2.441E-03  3.064E-04 -1.837E-03
  2.6341700E+05 -3.457E-03  3.333E-04 -9.875E-04
  2.6341900E+05 -4.812E-03  5.325E-04 -2.487E-03
  2.6342100E+05 -8.783E-03  7.831E-04 -1.472E-03
  2.6342300E+05 -1.117E-02  1.457E-03 -9.466E-03
  2.6342500E+05 -1.693E-02  1.935E-03 -9.894E-03
  2.6342700E+05 -2.107E-02  2.160E-03 -8.257E-03
  2.6342900E+05 -3.610E-02  4.129E-03 -2.129E-02
  2.6343100E+05 -4.491E-02  4.973E-03 -2.383E-02
  2.6343300E+05 -5.072E-02  5.851E-03 -3.094E-02
  2.6343500E+05 -6.997E-02  7.257E-03 -2.927E-02
  2.6343700E+05 -8.242E-02  1.017E-02 -6.186E-02
  2.6343900E+05 -9.812E-02  1.116E-02 -5.781E-02
  2.6344100E+05 -1.185E-01  1.286E-02 -5.994E-02
  2.6344300E+05 -1.449E-01  1.715E-02 -9.746E-02
  2.6344500E+05 -1.985E-01  2.210E-02 -1.105E-01
  2.6344700E+05 -2.060E-01  2.400E-02 -1.330E-01
  2.6344900E+05 -2.654E-01  2.996E-02 -1.563E-01
  2.6345100E+05 -3.602E-01  3.999E-02 -2.011E-01
  2.6345300E+05 -3.779E-01  4.342E-02 -2.370E-01
  2.6345500E+05 -3.875E-01  4.449E-02 -2.431E-01
  2.6345700E+05 -4.948E-01  5.541E-02 -2.882E-01
  2.6345900E+05 -5.422E-01  6.359E-02 -3.671E-01
  2.6346100E+05 -5.998E-01  6.694E-02 -3.483E-01
  2.6346300E+05 -6.607E-01  7.718E-02 -4.446E-01
  2.6346500E+05 -7.326E-01  8.198E-02 -4.325E-01
  2.6346700E+05 -7.949E-01  9.142E-02 -5.142E-01
  2.6346900E+05 -8.615E-01  9.897E-02 -5.587E-01
  2.6347100E+05 -9.795E-01  1.119E-01 -6.254E-01
  2.6347300E+05 -1.019E+00  1.137E-01 -6.073E-01
  2.6347500E+05 -1.117E+00  1.299E-01 -7.603E-01
  2.6347700E+05 -1.054E+00  1.233E-01 -7.350E-01
  2.6347900E+05 -1.094E+00  1.325E-01 -8.458E-01
  2.6348100E+05 -1.230E+00  1.339E-01 -6.875E-01
  2.6348300E+05 -1.210E+00  1.381E-01 -7.931E-01
  2.6348500E+05 -1.182E+00  1.358E-01 -7.940E-01
  2.6348700E+05 -1.249E+00  1.435E-01 -8.435E-01
  2.6348900E+05 -1.201E+00  1.392E-01 -8.354E-01
  2.6349100E+05 -1.195E+00  1.378E-01 -8.228E-01
  2.6349300E+05 -1.142E+00  1.358E-01 -8.656E-01
  2.6349500E+05 -1.208E+00  1.362E-01 -7.851E-01
  2.6349700E+05 -1.030E+00  1.205E-01 -7.535E-01
  2.6349900E+05 -1.003E+00  1.102E-01 -6.067E-01
  2.6350100E+05 -9.796E-01  1.133E-01 -7.004E-01
  2.6350300E+05 -8.862E-01  1.010E-01 -6.096E-01
  2.6350500E+05 -8.985E-01  1.030E-01 -6.308E-01
  2.6350700E+05 -8.575E-01  9.913E-02 -6.206E-01
  2.6350900E+05 -6.964E-01  7.956E-02 -4.924E-01
  2.6351100E+05 -5.432E-01  6.439E-02 -4.348E-01
  2.6351300E+05 -5.271E-01  6.439E-02 -4.550E-01
  2.6351500E+05 -5.119E-01  5.761E-02 -3.545E-01
