  1.4512500E+05 -0.000E+00 -0.000E+00  0.000E+00
  1.4512700E+05 -0.000E+00 -0.000E+00  0.000E+00
  1.4512900E+05 -0.000E+00 -0.000E+00  0.000E+00
  1.4513100E+05 -0.000E+00 -0.000E+00  0.000E+00
  1.4513300E+05 -0.000E+00 -0.000E+00  0.000E+00
  1.4513500E+05 -0.000E+00 -0.000E+00  0.000E+00
  1.4513700E+05 -0.000E+00 -0.000E+00  0.000E+00
  1.4513900E+05 -0.000E+00 -0.000E+00  0.000E+00
  1.4514100E+05 -0.000E+00 -0.000E+00  0.000E+00
  1.4514300E+05 -0.000E+00 -0.000E+00  0.000E+00
  1.4514500E+05 -0.000E+00 -0.000E+00  0.000E+00
  1.4514700E+05 -0.000E+00 -0.000E+00  0.000E+00
  1.4514900E+05 -0.000E+00 -0.000E+00  0.000E+00
  1.4515100E+05 -0.000E+00 -0.000E+00  0.000E+00
  1.4515300E+05 -0.000E+00 -0.000E+00  0.000E+00
  1.4515500E+05 -0.000E+00 -0.000E+00  0.000E+00
  1.4515700E+05 -0.000E+00 -0.000E+00  0.000E+00
  1.4515900E+05 -0.000E+00 -0.000E+00  0.000E+00
  1.4516100E+05 -0.000E+00 -0.000E+00  0.000E+00
  1.4516300E+05 -0.000E+00 -0.000E+00  0.000E+00
  1.4516500E+05 -0.000E+00 -0.000E+00  0.000E+00
  1.4516700E+05 -0.000E+00 -0.000E+00  0.000E+00
  1.4516900E+05 -0.000E+00 -0.000E+00  0.000E+00
  1.4517100E+05 -0.000E+00 -0.000E+00  0.000E+00
  1.4517300E+05 -0.000E+00 -0.000E+00  0.000E+00
  1.4517500E+05 -0.000E+00 -0.000E+00  0.000E+00
  1.4517700E+05 -0.000E+00 -0.000E+00  0.000E+00
  1.4517900E+05 -0.000E+00 -0.000E+00  0.000E+00
  1.4518100E+05 -0.000E+00 -0.000E+00  0.000E+00
  1.4518300E+05 -0.000E+00 -0.000E+00  0.000E+00
  1.4518500E+05 -0.000E+00 -0.000E+00  0.000E+00
  1.4518700E+05 -0.000E+00 -0.000E+00  0.000E+00
  1.4518900E+05 -0.000E+00 -0.000E+00  0.000E+00
  1.4519100E+05 -0.000E+00 -0.000E+00  0.000E+00
  1.4519300E+05 -0.000E+00 -0.000E+00  0.000E+00
  1.4519500E+05 -0.000E+00 -0.000E+00  0.000E+00
  1.4519700E+05 -0.000E+00 -0.000E+00  0.000E+00
  1.4519900E+05 -0.000E+00 -0.000E+00  0.000E+00
  1.4520100E+05 -0.000E+00 -0.000E+00  0.000E+00
  1.4520300E+05 -0.000E+00 -0.000E+00  0.000E+00
  1.4520500E+05 -0.000E+00 -0.000E+00  0.000E+00
  1.4520700E+05 -0.000E+00 -0.000E+00  0.000E+00
  1.4520900E+05 -0.000E+00 -0.000E+00  0.000E+00
  1.4521100E+05 -0.000E+00 -0.000E+00  0.000E+00
  1.4521300E+05 -0.000E+00 -0.000E+00  0.000E+00
  1.4521500E+05 -0.000E+00 -0.000E+00  0.000E+00
  1.4521700E+05 -0.000E+00 -0.000E+00  0.000E+00
  1.4521900E+05 -0.000E+00 -0.000E+00  0.000E+00
  1.4522100E+05 -0.000E+00 -0.000E+00  0.000E+00
  1.4522300E+05 -0.000E+00 -0.000E+00  0.000E+00
  1.4522500E+05 -0.000E+00 -0.000E+00  0.000E+00
  1.4522700E+05 -0.000E+00 -0.000E+00  0.000E+00
  1.4522900E+05 -0.000E+00 -0.000E+00  0.000E+00
  1.4523100E+05 -0.000E+00 -0.000E+00  0.000E+00
  1.4523300E+05 -0.000E+00 -0.000E+00  0.000E+00
  1.4523500E+05 -0.000E+00 -0.000E+00  0.000E+00
  1.4523700E+05 -0.000E+00 -0.000E+00  0.000E+00
  1.4523900E+05 -0.000E+00 -0.000E+00  0.000E+00
  1.4524100E+05 -0.000E+00 -0.000E+00  0.000E+00
  1.4524300E+05 -0.000E+00 -0.000E+00  0.000E+00
  1.4524500E+05 -0.000E+00 -0.000E+00  0.000E+00
  1.4524700E+05 -0.000E+00 -0.000E+00  0.000E+00
  1.4524900E+05 -0.000E+00 -0.000E+00  0.000E+00
  1.4525100E+05 -0.000E+00 -0.000E+00  0.000E+00
  1.4525300E+05 -0.000E+00 -0.000E+00  0.000E+00
  1.4525500E+05 -0.000E+00 -0.000E+00  0.000E+00
  1.4525700E+05 -0.000E+00 -0.000E+00  0.000E+00
  1.4525900E+05 -0.000E+00 -0.000E+00  0.000E+00
  1.4526100E+05 -0.000E+00 -0.000E+00  0.000E+00
  1.4526300E+05 -0.000E+00 -0.000E+00  0.000E+00
  1.4526500E+05 -0.000E+00 -0.000E+00  0.000E+00
  1.4526700E+05 -0.000E+00 -0.000E+00  0.000E+00
  1.4526900E+05 -0.000E+00 -0.000E+00  0.000E+00
  1.4527100E+05 -0.000E+00 -0.000E+00  0.000E+00
  1.4527300E+05 -0.000E+00 -0.000E+00  0.000E+00
  1.4527500E+05 -0.000E+00 -0.000E+00  0.000E+00
  1.4527700E+05 -0.000E+00 -0.000E+00  0.000E+00
  1.4527900E+05 -0.000E+00 -0.000E+00  0.000E+00
  1.4528100E+05 -0.000E+00 -0.000E+00  0.000E+00
  1.4528300E+05 -0.000E+00 -0.000E+00  0.000E+00
  1.4528500E+05 -0.000E+00 -0.000E+00  0.000E+00
  1.4528700E+05 -0.000E+00 -0.000E+00  0.000E+00
  1.4528900E+05 -0.000E+00 -0.000E+00  0.000E+00
  1.4529100E+05 -0.000E+00 -0.000E+00  0.000E+00
  1.4529300E+05 -0.000E+00 -0.000E+00  0.000E+00
  1.4529500E+05 -0.000E+00 -0.000E+00  0.000E+00
  1.4529700E+05 -0.000E+00 -0.000E+00  0.000E+00
  1.4529900E+05 -0.000E+00 -0.000E+00  0.000E+00
  1.4530100E+05 -0.000E+00 -0.000E+00  0.000E+00
  1.4530300E+05 -0.000E+00 -0.000E+00  0.000E+00
  1.4530500E+05 -0.000E+00 -0.000E+00  0.000E+00
  1.4530700E+05 -0.000E+00 -0.000E+00  0.000E+00
  1.4530900E+05 -0.000E+00 -0.000E+00  0.000E+00
  1.4531100E+05 -0.000E+00 -0.000E+00  0.000E+00
  1.4531300E+05 -0.000E+00 -0.000E+00  0.000E+00
  1.4531500E+05 -0.000E+00 -0.000E+00  0.000E+00
  1.4531700E+05 -0.000E+00 -0.000E+00  0.000E+00
  1.4531900E+05 -0.000E+00 -0.000E+00  0.000E+00
  1.4532100E+05 -0.000E+00 -0.000E+00  0.000E+00
  1.4532300E+05 -0.000E+00 -0.000E+00  0.000E+00
  1.4532500E+05 -0.000E+00 -0.000E+00  0.000E+00
  1.4532700E+05 -0.000E+00 -0.000E+00  0.000E+00
  1.4532900E+05 -0.000E+00 -0.000E+00  0.000E+00
  1.4533100E+05 -0.000E+00 -0.000E+00  0.000E+00
  1.4533300E+05 -0.000E+00 -0.000E+00  0.000E+00
  1.4533500E+05 -0.000E+00 -0.000E+00  0.000E+00
  1.4533700E+05 -0.000E+00 -0.000E+00  0.000E+00
  1.4533900E+05 -0.000E+00 -0.000E+00  0.000E+00
  1.4534100E+05 -0.000E+00 -0.000E+00  0.000E+00
  1.4534300E+05 -0.000E+00 -0.000E+00  0.000E+00
  1.4534500E+05 -0.000E+00 -0.000E+00  0.000E+00
  1.4534700E+05 -0.000E+00 -0.000E+00  0.000E+00
  1.4534900E+05 -0.000E+00 -0.000E+00  0.000E+00
  1.4535100E+05 -0.000E+00 -0.000E+00  0.000E+00
  1.4535300E+05 -0.000E+00 -0.000E+00  0.000E+00
  1.4535500E+05 -0.000E+00 -0.000E+00  0.000E+00
  1.4535700E+05 -0.000E+00 -0.000E+00  0.000E+00
  1.4535900E+05 -0.000E+00 -0.000E+00  0.000E+00
  1.4536100E+05 -0.000E+00 -0.000E+00  0.000E+00
  1.4536300E+05 -0.000E+00 -0.000E+00  0.000E+00
  1.4536500E+05 -0.000E+00 -0.000E+00  0.000E+00
  1.4536700E+05 -0.000E+00 -0.000E+00  0.000E+00
  1.4536900E+05 -0.000E+00 -0.000E+00  0.000E+00
  1.4537100E+05 -0.000E+00 -0.000E+00  0.000E+00
  1.4537300E+05 -0.000E+00 -0.000E+00  0.000E+00
  1.4537500E+05 -0.000E+00 -0.000E+00  0.000E+00
  1.4537700E+05 -0.000E+00 -0.000E+00  0.000E+00
  1.4537900E+05 -0.000E+00 -0.000E+00  0.000E+00
  1.4538100E+05 -0.000E+00 -0.000E+00  0.000E+00
  1.4538300E+05 -0.000E+00 -0.000E+00  0.000E+00
  1.4538500E+05 -0.000E+00 -0.000E+00  0.000E+00
  1.4538700E+05 -0.000E+00 -0.000E+00  0.000E+00
  1.4538900E+05 -0.000E+00 -0.000E+00  0.000E+00
  1.4539100E+05 -0.000E+00 -0.000E+00  0.000E+00
  1.4539300E+05 -0.000E+00 -0.000E+00  0.000E+00
  1.4539500E+05 -0.000E+00 -0.000E+00  0.000E+00
  1.4539700E+05 -0.000E+00 -0.000E+00  0.000E+00
  1.4539900E+05 -0.000E+00 -0.000E+00  0.000E+00
  1.4540100E+05  6.617E-09 -2.228E-09  2.534E-08
  1.4540300E+05  2.207E-08 -7.190E-09  8.114E-08
  1.4540500E+05  2.577E-04 -2.357E-05  1.022E-04
  1.4540700E+05 -1.910E-03  2.037E-04 -1.168E-03
  1.4540900E+05  6.382E-04 -4.227E-05  2.916E-05
  1.4541100E+05  2.060E-04 -3.886E-05  3.647E-04
  1.4541300E+05 -4.580E-05  1.957E-05 -2.352E-04
  1.4541500E+05 -1.948E-04  1.720E-05 -6.624E-05
  1.4541700E+05 -7.651E-04  7.327E-05 -3.460E-04
  1.4541900E+05  3.510E-05 -7.740E-06  8.246E-05
  1.4542100E+05 -2.199E-04 -1.890E-05  4.716E-04
  1.4542300E+05 -2.174E-03  2.685E-04 -1.904E-03
  1.4542500E+05 -3.264E-03  3.687E-04 -2.374E-03
  1.4542700E+05 -3.285E-03  3.047E-04 -1.443E-03
  1.4542900E+05 -1.280E-03  1.830E-04 -1.511E-03
  1.4543100E+05 -6.328E-03  6.264E-04 -3.407E-03
  1.4543300E+05 -6.058E-03  7.884E-04 -5.983E-03
  1.4543500E+05 -7.285E-03  6.785E-04 -3.363E-03
  1.4543700E+05 -1.286E-02  1.435E-03 -9.268E-03
  1.4543900E+05 -1.269E-02  1.608E-03 -1.210E-02
  1.4544100E+05 -2.036E-02  2.034E-03 -1.148E-02
  1.4544300E+05 -3.456E-02  3.207E-03 -1.599E-02
  1.4544500E+05 -3.881E-02  4.356E-03 -2.917E-02
  1.4544700E+05 -3.618E-02  3.749E-03 -2.278E-02
  1.4544900E+05 -4.716E-02  5.616E-03 -4.057E-02
  1.4545100E+05 -6.248E-02  6.083E-03 -3.415E-02
  1.4545300E+05 -6.663E-02  7.227E-03 -4.690E-02
  1.4545500E+05 -1.094E-01  1.187E-02 -7.780E-02
  1.4545700E+05 -8.660E-02  8.381E-03 -4.738E-02
  1.4545900E+05 -1.200E-01  1.208E-02 -7.271E-02
  1.4546100E+05 -1.314E-01  1.331E-02 -8.122E-02
  1.4546300E+05 -2.041E-01  2.058E-02 -1.255E-01
  1.4546500E+05 -1.916E-01  1.972E-02 -1.245E-01
  1.4546700E+05 -2.016E-01  2.127E-02 -1.385E-01
  1.4546900E+05 -2.189E-01  2.198E-02 -1.354E-01
  1.4547100E+05 -2.797E-01  2.830E-02 -1.767E-01
  1.4547300E+05 -3.415E-01  3.434E-02 -2.136E-01
  1.4547500E+05 -3.681E-01  3.695E-02 -2.301E-01
  1.4547700E+05 -3.774E-01  3.954E-02 -2.615E-01
  1.4547900E+05 -4.024E-01  4.026E-02 -2.524E-01
  1.4548100E+05 -4.646E-01  4.636E-02 -2.915E-01
  1.4548300E+05 -4.479E-01  4.739E-02 -3.224E-01
  1.4548500E+05 -5.936E-01  5.916E-02 -3.747E-01
  1.4548700E+05 -6.178E-01  6.049E-02 -3.771E-01
  1.4548900E+05 -6.826E-01  6.661E-02 -4.141E-01
  1.4549100E+05 -6.669E-01  6.505E-02 -4.070E-01
  1.4549300E+05 -6.679E-01  6.585E-02 -4.205E-01
  1.4549500E+05 -7.085E-01  7.128E-02 -4.693E-01
  1.4549700E+05 -8.337E-01  8.159E-02 -5.214E-01
  1.4549900E+05 -8.737E-01  8.873E-02 -5.983E-01
  1.4550100E+05 -9.012E-01  8.679E-02 -5.490E-01
  1.4550300E+05 -9.091E-01  8.867E-02 -5.740E-01
