 -5.7857000E+04 -0.000E+00 -0.000E+00  0.000E+00
 -5.7855000E+04 -0.000E+00 -0.000E+00  0.000E+00
 -5.7853000E+04 -0.000E+00 -0.000E+00  0.000E+00
 -5.7851000E+04 -0.000E+00 -0.000E+00  0.000E+00
 -5.7849000E+04 -0.000E+00 -0.000E+00  0.000E+00
 -5.7847000E+04 -0.000E+00 -0.000E+00  0.000E+00
 -5.7845000E+04 -0.000E+00 -0.000E+00  0.000E+00
 -5.7843000E+04 -0.000E+00 -0.000E+00  0.000E+00
 -5.7841000E+04 -0.000E+00 -0.000E+00  0.000E+00
 -5.7839000E+04 -0.000E+00 -0.000E+00  0.000E+00
 -5.7837000E+04 -0.000E+00 -0.000E+00  0.000E+00
 -5.7835000E+04 -0.000E+00 -0.000E+00  0.000E+00
 -5.7833000E+04 -0.000E+00 -0.000E+00  0.000E+00
 -5.7831000E+04 -0.000E+00 -0.000E+00  0.000E+00
 -5.7829000E+04 -0.000E+00 -0.000E+00  0.000E+00
 -5.7827000E+04 -0.000E+00 -0.000E+00  0.000E+00
 -5.7825000E+04 -0.000E+00 -0.000E+00  0.000E+00
 -5.7823000E+04 -0.000E+00 -0.000E+00  0.000E+00
 -5.7821000E+04 -0.000E+00 -0.000E+00  0.000E+00
 -5.7819000E+04 -0.000E+00 -0.000E+00  0.000E+00
 -5.7817000E+04 -0.000E+00 -0.000E+00  0.000E+00
 -5.7815000E+04 -0.000E+00 -0.000E+00  0.000E+00
 -5.7813000E+04 -0.000E+00 -0.000E+00  0.000E+00
 -5.7811000E+04 -0.000E+00 -0.000E+00  0.000E+00
 -5.7809000E+04 -0.000E+00 -0.000E+00  0.000E+00
 -5.7807000E+04 -0.000E+00 -0.000E+00  0.000E+00
 -5.7805000E+04 -0.000E+00 -0.000E+00  0.000E+00
 -5.7803000E+04 -0.000E+00 -0.000E+00  0.000E+00
 -5.7801000E+04 -0.000E+00 -0.000E+00  0.000E+00
 -5.7799000E+04 -0.000E+00 -0.000E+00  0.000E+00
 -5.7797000E+04 -0.000E+00 -0.000E+00  0.000E+00
 -5.7795000E+04 -0.000E+00 -0.000E+00  0.000E+00
 -5.7793000E+04 -0.000E+00 -0.000E+00  0.000E+00
 -5.7791000E+04 -0.000E+00 -0.000E+00  0.000E+00
 -5.7789000E+04 -0.000E+00 -0.000E+00  0.000E+00
 -5.7787000E+04 -0.000E+00 -0.000E+00  0.000E+00
 -5.7785000E+04 -0.000E+00 -0.000E+00  0.000E+00
 -5.7783000E+04 -0.000E+00 -0.000E+00  0.000E+00
 -5.7781000E+04 -0.000E+00 -0.000E+00  0.000E+00
 -5.7779000E+04 -0.000E+00 -0.000E+00  0.000E+00
 -5.7777000E+04 -0.000E+00 -0.000E+00  0.000E+00
 -5.7775000E+04 -0.000E+00 -0.000E+00  0.000E+00
 -5.7773000E+04 -0.000E+00 -0.000E+00  0.000E+00
 -5.7771000E+04 -0.000E+00 -0.000E+00  0.000E+00
 -5.7769000E+04 -0.000E+00 -0.000E+00  0.000E+00
 -5.7767000E+04 -0.000E+00 -0.000E+00  0.000E+00
 -5.7765000E+04 -0.000E+00 -0.000E+00  0.000E+00
 -5.7763000E+04 -0.000E+00 -0.000E+00  0.000E+00
 -5.7761000E+04 -0.000E+00 -0.000E+00  0.000E+00
 -5.7759000E+04 -0.000E+00 -0.000E+00  0.000E+00
 -5.7757000E+04 -0.000E+00 -0.000E+00  0.000E+00
 -5.7755000E+04 -0.000E+00 -0.000E+00  0.000E+00
 -5.7753000E+04 -0.000E+00 -0.000E+00  0.000E+00
 -5.7751000E+04 -0.000E+00 -0.000E+00  0.000E+00
 -5.7749000E+04 -0.000E+00 -0.000E+00  0.000E+00
 -5.7747000E+04 -0.000E+00 -0.000E+00  0.000E+00
 -5.7745000E+04 -0.000E+00 -0.000E+00  0.000E+00
 -5.7743000E+04 -0.000E+00 -0.000E+00  0.000E+00
 -5.7741000E+04 -0.000E+00 -0.000E+00  0.000E+00
 -5.7739000E+04 -0.000E+00 -0.000E+00  0.000E+00
 -5.7737000E+04 -0.000E+00 -0.000E+00  0.000E+00
 -5.7735000E+04 -0.000E+00 -0.000E+00  0.000E+00
 -5.7733000E+04 -0.000E+00 -0.000E+00  0.000E+00
 -5.7731000E+04 -0.000E+00 -0.000E+00  0.000E+00
 -5.7729000E+04 -0.000E+00 -0.000E+00  0.000E+00
 -5.7727000E+04 -0.000E+00 -0.000E+00  0.000E+00
 -5.7725000E+04 -0.000E+00 -0.000E+00  0.000E+00
 -5.7723000E+04 -0.000E+00 -0.000E+00  0.000E+00
 -5.7721000E+04 -0.000E+00 -0.000E+00  0.000E+00
 -5.7719000E+04 -0.000E+00 -0.000E+00  0.000E+00
 -5.7717000E+04 -0.000E+00 -0.000E+00  0.000E+00
 -5.7715000E+04 -0.000E+00 -0.000E+00  0.000E+00
 -5.7713000E+04 -0.000E+00 -0.000E+00  0.000E+00
 -5.7711000E+04 -0.000E+00 -0.000E+00  0.000E+00
 -5.7709000E+04 -0.000E+00 -0.000E+00  0.000E+00
 -5.7707000E+04 -0.000E+00 -0.000E+00  0.000E+00
 -5.7705000E+04 -0.000E+00 -0.000E+00  0.000E+00
 -5.7703000E+04 -0.000E+00 -0.000E+00  0.000E+00
 -5.7701000E+04 -0.000E+00 -0.000E+00  0.000E+00
 -5.7699000E+04 -0.000E+00 -0.000E+00  0.000E+00
 -5.7697000E+04 -0.000E+00 -0.000E+00  0.000E+00
 -5.7695000E+04 -0.000E+00 -0.000E+00  0.000E+00
 -5.7693000E+04 -0.000E+00 -0.000E+00  0.000E+00
 -5.7691000E+04 -0.000E+00 -0.000E+00  0.000E+00
 -5.7689000E+04 -0.000E+00 -0.000E+00  0.000E+00
 -5.7687000E+04 -0.000E+00 -0.000E+00  0.000E+00
 -5.7685000E+04 -0.000E+00 -0.000E+00  0.000E+00
 -5.7683000E+04 -0.000E+00 -0.000E+00  0.000E+00
 -5.7681000E+04 -0.000E+00 -0.000E+00  0.000E+00
 -5.7679000E+04 -0.000E+00 -0.000E+00  0.000E+00
 -5.7677000E+04 -0.000E+00 -0.000E+00  0.000E+00
 -5.7675000E+04 -0.000E+00 -0.000E+00  0.000E+00
 -5.7673000E+04 -0.000E+00 -0.000E+00  0.000E+00
 -5.7671000E+04 -0.000E+00 -0.000E+00  0.000E+00
 -5.7669000E+04 -0.000E+00 -0.000E+00  0.000E+00
 -5.7667000E+04 -0.000E+00 -0.000E+00  0.000E+00
 -5.7665000E+04 -0.000E+00 -0.000E+00  0.000E+00
 -5.7663000E+04 -0.000E+00 -0.000E+00  0.000E+00
 -5.7661000E+04 -0.000E+00 -0.000E+00  0.000E+00
 -5.7659000E+04 -0.000E+00 -0.000E+00  0.000E+00
 -5.7657000E+04 -0.000E+00 -0.000E+00  0.000E+00
 -5.7655000E+04 -0.000E+00 -0.000E+00  0.000E+00
 -5.7653000E+04 -0.000E+00 -0.000E+00  0.000E+00
 -5.7651000E+04 -0.000E+00 -0.000E+00  0.000E+00
 -5.7649000E+04 -0.000E+00 -0.000E+00  0.000E+00
 -5.7647000E+04 -0.000E+00 -0.000E+00  0.000E+00
 -5.7645000E+04 -0.000E+00 -0.000E+00  0.000E+00
 -5.7643000E+04 -0.000E+00 -0.000E+00  0.000E+00
 -5.7641000E+04 -0.000E+00 -0.000E+00  0.000E+00
 -5.7639000E+04 -0.000E+00 -0.000E+00  0.000E+00
 -5.7637000E+04 -0.000E+00 -0.000E+00  0.000E+00
 -5.7635000E+04 -0.000E+00 -0.000E+00  0.000E+00
 -5.7633000E+04 -0.000E+00 -0.000E+00  0.000E+00
 -5.7631000E+04 -0.000E+00 -0.000E+00  0.000E+00
 -5.7629000E+04 -0.000E+00 -0.000E+00  0.000E+00
 -5.7627000E+04 -0.000E+00 -0.000E+00  0.000E+00
 -5.7625000E+04 -0.000E+00 -0.000E+00  0.000E+00
 -5.7623000E+04 -0.000E+00 -0.000E+00  0.000E+00
 -5.7621000E+04 -0.000E+00 -0.000E+00  0.000E+00
 -5.7619000E+04 -0.000E+00 -0.000E+00  0.000E+00
 -5.7617000E+04 -0.000E+00 -0.000E+00  0.000E+00
 -5.7615000E+04 -0.000E+00 -0.000E+00  0.000E+00
 -5.7613000E+04 -0.000E+00 -0.000E+00  0.000E+00
 -5.7611000E+04 -0.000E+00 -0.000E+00  0.000E+00
 -5.7609000E+04 -0.000E+00 -0.000E+00  0.000E+00
 -5.7607000E+04 -0.000E+00 -0.000E+00  0.000E+00
 -5.7605000E+04 -0.000E+00 -0.000E+00  0.000E+00
 -5.7603000E+04 -0.000E+00 -0.000E+00  0.000E+00
 -5.7601000E+04 -0.000E+00 -0.000E+00  0.000E+00
 -5.7599000E+04 -0.000E+00 -0.000E+00  0.000E+00
 -5.7597000E+04 -0.000E+00 -0.000E+00  0.000E+00
 -5.7595000E+04 -0.000E+00 -0.000E+00  0.000E+00
 -5.7593000E+04 -0.000E+00 -0.000E+00  0.000E+00
 -5.7591000E+04 -0.000E+00 -0.000E+00  0.000E+00
 -5.7589000E+04 -0.000E+00 -0.000E+00  0.000E+00
 -5.7587000E+04 -0.000E+00 -0.000E+00  0.000E+00
 -5.7585000E+04 -0.000E+00 -0.000E+00  0.000E+00
 -5.7583000E+04 -0.000E+00 -0.000E+00  0.000E+00
 -5.7581000E+04 -0.000E+00 -0.000E+00  0.000E+00
 -5.7579000E+04 -0.000E+00 -0.000E+00  0.000E+00
 -5.7577000E+04 -0.000E+00 -0.000E+00  0.000E+00
 -5.7575000E+04 -0.000E+00 -0.000E+00  0.000E+00
 -5.7573000E+04 -0.000E+00 -0.000E+00  0.000E+00
 -5.7571000E+04 -0.000E+00 -0.000E+00  0.000E+00
 -5.7569000E+04 -0.000E+00 -0.000E+00  0.000E+00
 -5.7567000E+04 -0.000E+00 -0.000E+00  0.000E+00
 -5.7565000E+04 -0.000E+00 -0.000E+00  0.000E+00
 -5.7563000E+04 -0.000E+00 -0.000E+00  0.000E+00
 -5.7561000E+04 -0.000E+00 -0.000E+00  0.000E+00
 -5.7559000E+04 -0.000E+00 -0.000E+00  0.000E+00
 -5.7557000E+04 -0.000E+00 -0.000E+00  0.000E+00
 -5.7555000E+04 -0.000E+00 -0.000E+00  0.000E+00
 -5.7553000E+04 -0.000E+00 -0.000E+00  0.000E+00
 -5.7551000E+04 -0.000E+00 -0.000E+00  0.000E+00
 -5.7549000E+04 -0.000E+00 -0.000E+00  0.000E+00
 -5.7547000E+04 -0.000E+00 -0.000E+00  0.000E+00
 -5.7545000E+04 -0.000E+00 -0.000E+00  0.000E+00
 -5.7543000E+04 -0.000E+00 -0.000E+00  0.000E+00
 -5.7541000E+04 -0.000E+00 -0.000E+00  0.000E+00
 -5.7539000E+04 -0.000E+00 -0.000E+00  0.000E+00
 -5.7537000E+04 -0.000E+00 -0.000E+00  0.000E+00
 -5.7535000E+04 -0.000E+00 -0.000E+00  0.000E+00
 -5.7533000E+04 -0.000E+00 -0.000E+00  0.000E+00
 -5.7531000E+04  1.734E-08 -1.000E-08  9.992E-08
 -5.7529000E+04  4.068E-09 -2.338E-09  2.335E-08
 -5.7527000E+04 -1.218E-04  2.756E-06  4.181E-05
 -5.7525000E+04 -2.231E-04  2.093E-05 -9.828E-05
 -5.7523000E+04 -6.407E-04  1.283E-06  3.638E-04
 -5.7521000E+04 -1.937E-04 -1.142E-06  1.303E-04
 -5.7519000E+04  3.438E-04 -6.361E-06 -1.316E-04
 -5.7517000E+04 -2.013E-04  5.422E-05 -4.759E-04
 -5.7515000E+04 -2.280E-05  6.047E-06 -5.501E-05
 -5.7513000E+04 -6.757E-05  5.731E-07  3.178E-05
 -5.7511000E+04 -1.761E-04  2.924E-05 -2.142E-04
 -5.7509000E+04 -1.474E-03  1.943E-04 -1.281E-03
 -5.7507000E+04 -9.714E-05  1.083E-04 -1.112E-03
 -5.7505000E+04 -3.115E-04 -1.335E-05  3.241E-04
 -5.7503000E+04 -2.094E-04  6.634E-05 -6.107E-04
 -5.7501000E+04 -6.294E-04  5.391E-05 -2.380E-04
 -5.7499000E+04  4.490E-04 -7.983E-05  6.183E-04
 -5.7497000E+04 -1.445E-03  1.137E-04 -4.431E-04
 -5.7495000E+04 -1.030E-03  1.260E-04 -7.953E-04
 -5.7493000E+04 -5.632E-04  1.459E-04 -1.284E-03
 -5.7491000E+04 -2.843E-03  2.480E-04 -1.144E-03
 -5.7489000E+04 -9.139E-04  1.825E-05  3.067E-04
 -5.7487000E+04 -5.539E-04  1.849E-04 -1.719E-03
 -5.7485000E+04 -2.836E-03  3.454E-04 -2.220E-03
 -5.7483000E+04 -1.103E-03  1.345E-04 -8.767E-04
 -5.7481000E+04 -4.144E-03  2.972E-04 -9.850E-04
 -5.7479000E+04  3.531E-04  3.254E-04 -3.736E-03
