 -2.2691100E+05 -0.000E+00 -0.000E+00  0.000E+00
 -2.2690900E+05 -0.000E+00 -0.000E+00  0.000E+00
 -2.2690700E+05 -0.000E+00 -0.000E+00  0.000E+00
 -2.2690500E+05 -0.000E+00 -0.000E+00  0.000E+00
 -2.2690300E+05 -0.000E+00 -0.000E+00  0.000E+00
 -2.2690100E+05 -0.000E+00 -0.000E+00  0.000E+00
 -2.2689900E+05 -0.000E+00 -0.000E+00  0.000E+00
 -2.2689700E+05 -0.000E+00 -0.000E+00  0.000E+00
 -2.2689500E+05 -0.000E+00 -0.000E+00  0.000E+00
 -2.2689300E+05 -0.000E+00 -0.000E+00  0.000E+00
 -2.2689100E+05 -0.000E+00 -0.000E+00  0.000E+00
 -2.2688900E+05 -0.000E+00 -0.000E+00  0.000E+00
 -2.2688700E+05 -0.000E+00 -0.000E+00  0.000E+00
 -2.2688500E+05 -0.000E+00 -0.000E+00  0.000E+00
 -2.2688300E+05 -0.000E+00 -0.000E+00  0.000E+00
 -2.2688100E+05 -0.000E+00 -0.000E+00  0.000E+00
 -2.2687900E+05 -0.000E+00 -0.000E+00  0.000E+00
 -2.2687700E+05 -0.000E+00 -0.000E+00  0.000E+00
 -2.2687500E+05 -0.000E+00 -0.000E+00  0.000E+00
 -2.2687300E+05 -0.000E+00 -0.000E+00  0.000E+00
 -2.2687100E+05 -0.000E+00 -0.000E+00  0.000E+00
 -2.2686900E+05 -0.000E+00 -0.000E+00  0.000E+00
 -2.2686700E+05 -0.000E+00 -0.000E+00  0.000E+00
 -2.2686500E+05 -0.000E+00 -0.000E+00  0.000E+00
 -2.2686300E+05 -0.000E+00 -0.000E+00  0.000E+00
 -2.2686100E+05 -0.000E+00 -0.000E+00  0.000E+00
 -2.2685900E+05 -0.000E+00 -0.000E+00  0.000E+00
 -2.2685700E+05 -0.000E+00 -0.000E+00  0.000E+00
 -2.2685500E+05 -0.000E+00 -0.000E+00  0.000E+00
 -2.2685300E+05 -0.000E+00 -0.000E+00  0.000E+00
 -2.2685100E+05 -0.000E+00 -0.000E+00  0.000E+00
 -2.2684900E+05 -0.000E+00 -0.000E+00  0.000E+00
 -2.2684700E+05 -0.000E+00 -0.000E+00  0.000E+00
 -2.2684500E+05 -0.000E+00 -0.000E+00  0.000E+00
 -2.2684300E+05 -0.000E+00 -0.000E+00  0.000E+00
 -2.2684100E+05 -0.000E+00 -0.000E+00  0.000E+00
 -2.2683900E+05 -0.000E+00 -0.000E+00  0.000E+00
 -2.2683700E+05 -0.000E+00 -0.000E+00  0.000E+00
 -2.2683500E+05 -0.000E+00 -0.000E+00  0.000E+00
 -2.2683300E+05 -0.000E+00 -0.000E+00  0.000E+00
 -2.2683100E+05 -0.000E+00 -0.000E+00  0.000E+00
 -2.2682900E+05 -0.000E+00 -0.000E+00  0.000E+00
 -2.2682700E+05 -0.000E+00 -0.000E+00  0.000E+00
 -2.2682500E+05 -0.000E+00 -0.000E+00  0.000E+00
 -2.2682300E+05 -0.000E+00 -0.000E+00  0.000E+00
 -2.2682100E+05 -0.000E+00 -0.000E+00  0.000E+00
 -2.2681900E+05 -0.000E+00 -0.000E+00  0.000E+00
 -2.2681700E+05 -0.000E+00 -0.000E+00  0.000E+00
 -2.2681500E+05 -0.000E+00 -0.000E+00  0.000E+00
 -2.2681300E+05 -0.000E+00 -0.000E+00  0.000E+00
 -2.2681100E+05 -0.000E+00 -0.000E+00  0.000E+00
 -2.2680900E+05 -0.000E+00 -0.000E+00  0.000E+00
 -2.2680700E+05 -0.000E+00 -0.000E+00  0.000E+00
 -2.2680500E+05 -0.000E+00 -0.000E+00  0.000E+00
 -2.2680300E+05 -0.000E+00 -0.000E+00  0.000E+00
 -2.2680100E+05 -0.000E+00 -0.000E+00  0.000E+00
 -2.2679900E+05 -0.000E+00 -0.000E+00  0.000E+00
 -2.2679700E+05 -0.000E+00 -0.000E+00  0.000E+00
 -2.2679500E+05 -0.000E+00 -0.000E+00  0.000E+00
 -2.2679300E+05 -0.000E+00 -0.000E+00  0.000E+00
 -2.2679100E+05 -0.000E+00 -0.000E+00  0.000E+00
 -2.2678900E+05 -0.000E+00 -0.000E+00  0.000E+00
 -2.2678700E+05 -0.000E+00 -0.000E+00  0.000E+00
 -2.2678500E+05 -0.000E+00 -0.000E+00  0.000E+00
 -2.2678300E+05 -0.000E+00 -0.000E+00  0.000E+00
 -2.2678100E+05 -0.000E+00 -0.000E+00  0.000E+00
 -2.2677900E+05 -0.000E+00 -0.000E+00  0.000E+00
 -2.2677700E+05 -0.000E+00 -0.000E+00  0.000E+00
 -2.2677500E+05 -0.000E+00 -0.000E+00  0.000E+00
 -2.2677300E+05 -0.000E+00 -0.000E+00  0.000E+00
 -2.2677100E+05 -0.000E+00 -0.000E+00  0.000E+00
 -2.2676900E+05 -0.000E+00 -0.000E+00  0.000E+00
 -2.2676700E+05 -0.000E+00 -0.000E+00  0.000E+00
 -2.2676500E+05 -0.000E+00 -0.000E+00  0.000E+00
 -2.2676300E+05 -0.000E+00 -0.000E+00  0.000E+00
 -2.2676100E+05 -0.000E+00 -0.000E+00  0.000E+00
 -2.2675900E+05 -0.000E+00 -0.000E+00  0.000E+00
 -2.2675700E+05 -0.000E+00 -0.000E+00  0.000E+00
 -2.2675500E+05 -0.000E+00 -0.000E+00  0.000E+00
 -2.2675300E+05 -0.000E+00 -0.000E+00  0.000E+00
 -2.2675100E+05 -0.000E+00 -0.000E+00  0.000E+00
 -2.2674900E+05 -0.000E+00 -0.000E+00  0.000E+00
 -2.2674700E+05 -0.000E+00 -0.000E+00  0.000E+00
 -2.2674500E+05 -0.000E+00 -0.000E+00  0.000E+00
 -2.2674300E+05 -0.000E+00 -0.000E+00  0.000E+00
 -2.2674100E+05 -0.000E+00 -0.000E+00  0.000E+00
 -2.2673900E+05 -0.000E+00 -0.000E+00  0.000E+00
 -2.2673700E+05 -0.000E+00 -0.000E+00  0.000E+00
 -2.2673500E+05 -0.000E+00 -0.000E+00  0.000E+00
 -2.2673300E+05 -0.000E+00 -0.000E+00  0.000E+00
 -2.2673100E+05 -0.000E+00 -0.000E+00  0.000E+00
 -2.2672900E+05 -0.000E+00 -0.000E+00  0.000E+00
 -2.2672700E+05 -0.000E+00 -0.000E+00  0.000E+00
 -2.2672500E+05 -0.000E+00 -0.000E+00  0.000E+00
 -2.2672300E+05 -0.000E+00 -0.000E+00  0.000E+00
 -2.2672100E+05 -0.000E+00 -0.000E+00  0.000E+00
 -2.2671900E+05 -0.000E+00 -0.000E+00  0.000E+00
 -2.2671700E+05 -0.000E+00 -0.000E+00  0.000E+00
 -2.2671500E+05 -0.000E+00 -0.000E+00  0.000E+00
 -2.2671300E+05 -0.000E+00 -0.000E+00  0.000E+00
 -2.2671100E+05 -0.000E+00 -0.000E+00  0.000E+00
 -2.2670900E+05 -0.000E+00 -0.000E+00  0.000E+00
 -2.2670700E+05 -0.000E+00 -0.000E+00  0.000E+00
 -2.2670500E+05 -0.000E+00 -0.000E+00  0.000E+00
 -2.2670300E+05 -0.000E+00 -0.000E+00  0.000E+00
 -2.2670100E+05 -0.000E+00 -0.000E+00  0.000E+00
 -2.2669900E+05 -0.000E+00 -0.000E+00  0.000E+00
 -2.2669700E+05 -0.000E+00 -0.000E+00  0.000E+00
 -2.2669500E+05 -0.000E+00 -0.000E+00  0.000E+00
 -2.2669300E+05 -0.000E+00 -0.000E+00  0.000E+00
 -2.2669100E+05 -0.000E+00 -0.000E+00  0.000E+00
 -2.2668900E+05 -0.000E+00 -0.000E+00  0.000E+00
 -2.2668700E+05 -0.000E+00 -0.000E+00  0.000E+00
 -2.2668500E+05 -0.000E+00 -0.000E+00  0.000E+00
 -2.2668300E+05 -0.000E+00 -0.000E+00  0.000E+00
 -2.2668100E+05 -0.000E+00 -0.000E+00  0.000E+00
 -2.2667900E+05 -0.000E+00 -0.000E+00  0.000E+00
 -2.2667700E+05 -0.000E+00 -0.000E+00  0.000E+00
 -2.2667500E+05 -0.000E+00 -0.000E+00  0.000E+00
 -2.2667300E+05 -0.000E+00 -0.000E+00  0.000E+00
 -2.2667100E+05 -0.000E+00 -0.000E+00  0.000E+00
 -2.2666900E+05 -0.000E+00 -0.000E+00  0.000E+00
 -2.2666700E+05 -0.000E+00 -0.000E+00  0.000E+00
 -2.2666500E+05 -0.000E+00 -0.000E+00  0.000E+00
 -2.2666300E+05 -0.000E+00 -0.000E+00  0.000E+00
 -2.2666100E+05 -0.000E+00 -0.000E+00  0.000E+00
 -2.2665900E+05 -0.000E+00 -0.000E+00  0.000E+00
 -2.2665700E+05 -0.000E+00 -0.000E+00  0.000E+00
 -2.2665500E+05 -0.000E+00 -0.000E+00  0.000E+00
 -2.2665300E+05 -0.000E+00 -0.000E+00  0.000E+00
 -2.2665100E+05 -0.000E+00 -0.000E+00  0.000E+00
 -2.2664900E+05 -0.000E+00 -0.000E+00  0.000E+00
 -2.2664700E+05 -0.000E+00 -0.000E+00  0.000E+00
 -2.2664500E+05 -0.000E+00 -0.000E+00  0.000E+00
 -2.2664300E+05 -0.000E+00 -0.000E+00  0.000E+00
 -2.2664100E+05 -0.000E+00 -0.000E+00  0.000E+00
 -2.2663900E+05 -0.000E+00 -0.000E+00  0.000E+00
 -2.2663700E+05 -0.000E+00 -0.000E+00  0.000E+00
 -2.2663500E+05 -0.000E+00 -0.000E+00  0.000E+00
 -2.2663300E+05 -0.000E+00 -0.000E+00  0.000E+00
 -2.2663100E+05 -0.000E+00 -0.000E+00  0.000E+00
 -2.2662900E+05 -0.000E+00 -0.000E+00  0.000E+00
 -2.2662700E+05 -0.000E+00 -0.000E+00  0.000E+00
 -2.2662500E+05 -0.000E+00 -0.000E+00  0.000E+00
 -2.2662300E+05 -0.000E+00 -0.000E+00  0.000E+00
 -2.2662100E+05 -0.000E+00 -0.000E+00  0.000E+00
 -2.2661900E+05 -0.000E+00 -0.000E+00  0.000E+00
 -2.2661700E+05 -0.000E+00 -0.000E+00  0.000E+00
 -2.2661500E+05 -0.000E+00 -0.000E+00  0.000E+00
 -2.2661300E+05 -0.000E+00 -0.000E+00  0.000E+00
 -2.2661100E+05 -0.000E+00 -0.000E+00  0.000E+00
 -2.2660900E+05 -0.000E+00 -0.000E+00  0.000E+00
 -2.2660700E+05 -0.000E+00 -0.000E+00  0.000E+00
 -2.2660500E+05 -0.000E+00 -0.000E+00  0.000E+00
 -2.2660300E+05 -0.000E+00 -0.000E+00  0.000E+00
 -2.2660100E+05 -0.000E+00 -0.000E+00  0.000E+00
 -2.2659900E+05 -0.000E+00 -0.000E+00  0.000E+00
 -2.2659700E+05 -0.000E+00 -0.000E+00  0.000E+00
 -2.2659500E+05 -0.000E+00 -0.000E+00  0.000E+00
 -2.2659300E+05 -0.000E+00 -0.000E+00  0.000E+00
 -2.2659100E+05 -0.000E+00 -0.000E+00  0.000E+00
 -2.2658900E+05 -0.000E+00 -0.000E+00  0.000E+00
 -2.2658700E+05 -0.000E+00 -0.000E+00  0.000E+00
 -2.2658500E+05 -0.000E+00 -0.000E+00  0.000E+00
 -2.2658300E+05 -0.000E+00 -0.000E+00  0.000E+00
 -2.2658100E+05 -0.000E+00 -0.000E+00  0.000E+00
 -2.2657900E+05 -0.000E+00 -0.000E+00  0.000E+00
 -2.2657700E+05 -0.000E+00 -0.000E+00  0.000E+00
 -2.2657500E+05 -0.000E+00 -0.000E+00  0.000E+00
 -2.2657300E+05 -0.000E+00 -0.000E+00  0.000E+00
 -2.2657100E+05 -0.000E+00 -0.000E+00  0.000E+00
 -2.2656900E+05 -0.000E+00 -0.000E+00  0.000E+00
 -2.2656700E+05 -0.000E+00 -0.000E+00  0.000E+00
 -2.2656500E+05 -0.000E+00 -0.000E+00  0.000E+00
 -2.2656300E+05 -0.000E+00 -0.000E+00  0.000E+00
 -2.2656100E+05 -0.000E+00 -0.000E+00  0.000E+00
 -2.2655900E+05 -0.000E+00 -0.000E+00  0.000E+00
 -2.2655700E+05 -0.000E+00 -0.000E+00  0.000E+00
 -2.2655500E+05 -0.000E+00 -0.000E+00  0.000E+00
 -2.2655300E+05 -0.000E+00 -0.000E+00  0.000E+00
 -2.2655100E+05 -0.000E+00 -0.000E+00  0.000E+00
 -2.2654900E+05 -0.000E+00 -0.000E+00  0.000E+00
 -2.2654700E+05 -0.000E+00 -0.000E+00  0.000E+00
 -2.2654500E+05 -0.000E+00 -0.000E+00  0.000E+00
 -2.2654300E+05 -0.000E+00 -0.000E+00  0.000E+00
 -2.2654100E+05 -0.000E+00 -0.000E+00  0.000E+00
 -2.2653900E+05 -0.000E+00 -0.000E+00  0.000E+00
 -2.2653700E+05 -0.000E+00 -0.000E+00  0.000E+00
 -2.2653500E+05 -0.000E+00 -0.000E+00  0.000E+00
 -2.2653300E+05 -0.000E+00 -0.000E+00  0.000E+00
