 -2.6300300E+05 -0.000E+00 -0.000E+00  0.000E+00
 -2.6300100E+05 -0.000E+00 -0.000E+00  0.000E+00
 -2.6299900E+05 -0.000E+00 -0.000E+00  0.000E+00
 -2.6299700E+05 -0.000E+00 -0.000E+00  0.000E+00
 -2.6299500E+05 -0.000E+00 -0.000E+00  0.000E+00
 -2.6299300E+05 -0.000E+00 -0.000E+00  0.000E+00
 -2.6299100E+05 -0.000E+00 -0.000E+00  0.000E+00
 -2.6298900E+05 -0.000E+00 -0.000E+00  0.000E+00
 -2.6298700E+05 -0.000E+00 -0.000E+00  0.000E+00
 -2.6298500E+05 -0.000E+00 -0.000E+00  0.000E+00
 -2.6298300E+05 -0.000E+00 -0.000E+00  0.000E+00
 -2.6298100E+05 -0.000E+00 -0.000E+00  0.000E+00
 -2.6297900E+05 -0.000E+00 -0.000E+00  0.000E+00
 -2.6297700E+05 -0.000E+00 -0.000E+00  0.000E+00
 -2.6297500E+05 -0.000E+00 -0.000E+00  0.000E+00
 -2.6297300E+05 -0.000E+00 -0.000E+00  0.000E+00
 -2.6297100E+05 -0.000E+00 -0.000E+00  0.000E+00
 -2.6296900E+05 -0.000E+00 -0.000E+00  0.000E+00
 -2.6296700E+05 -0.000E+00 -0.000E+00  0.000E+00
 -2.6296500E+05 -0.000E+00 -0.000E+00  0.000E+00
 -2.6296300E+05 -0.000E+00 -0.000E+00  0.000E+00
 -2.6296100E+05 -0.000E+00 -0.000E+00  0.000E+00
 -2.6295900E+05 -0.000E+00 -0.000E+00  0.000E+00
 -2.6295700E+05 -0.000E+00 -0.000E+00  0.000E+00
 -2.6295500E+05 -0.000E+00 -0.000E+00  0.000E+00
 -2.6295300E+05 -0.000E+00 -0.000E+00  0.000E+00
 -2.6295100E+05 -0.000E+00 -0.000E+00  0.000E+00
 -2.6294900E+05 -0.000E+00 -0.000E+00  0.000E+00
 -2.6294700E+05 -0.000E+00 -0.000E+00  0.000E+00
 -2.6294500E+05 -0.000E+00 -0.000E+00  0.000E+00
 -2.6294300E+05 -0.000E+00 -0.000E+00  0.000E+00
 -2.6294100E+05 -0.000E+00 -0.000E+00  0.000E+00
 -2.6293900E+05 -0.000E+00 -0.000E+00  0.000E+00
 -2.6293700E+05 -0.000E+00 -0.000E+00  0.000E+00
 -2.6293500E+05 -0.000E+00 -0.000E+00  0.000E+00
 -2.6293300E+05 -0.000E+00 -0.000E+00  0.000E+00
 -2.6293100E+05 -0.000E+00 -0.000E+00  0.000E+00
 -2.6292900E+05 -0.000E+00 -0.000E+00  0.000E+00
 -2.6292700E+05 -0.000E+00 -0.000E+00  0.000E+00
 -2.6292500E+05 -0.000E+00 -0.000E+00  0.000E+00
 -2.6292300E+05 -0.000E+00 -0.000E+00  0.000E+00
 -2.6292100E+05 -0.000E+00 -0.000E+00  0.000E+00
 -2.6291900E+05 -0.000E+00 -0.000E+00  0.000E+00
 -2.6291700E+05 -0.000E+00 -0.000E+00  0.000E+00
 -2.6291500E+05 -0.000E+00 -0.000E+00  0.000E+00
 -2.6291300E+05 -0.000E+00 -0.000E+00  0.000E+00
 -2.6291100E+05 -0.000E+00 -0.000E+00  0.000E+00
 -2.6290900E+05 -0.000E+00 -0.000E+00  0.000E+00
 -2.6290700E+05 -0.000E+00 -0.000E+00  0.000E+00
 -2.6290500E+05 -0.000E+00 -0.000E+00  0.000E+00
 -2.6290300E+05 -0.000E+00 -0.000E+00  0.000E+00
 -2.6290100E+05 -0.000E+00 -0.000E+00  0.000E+00
 -2.6289900E+05 -0.000E+00 -0.000E+00  0.000E+00
 -2.6289700E+05 -0.000E+00 -0.000E+00  0.000E+00
 -2.6289500E+05 -0.000E+00 -0.000E+00  0.000E+00
 -2.6289300E+05 -0.000E+00 -0.000E+00  0.000E+00
 -2.6289100E+05 -0.000E+00 -0.000E+00  0.000E+00
 -2.6288900E+05 -0.000E+00 -0.000E+00  0.000E+00
 -2.6288700E+05 -0.000E+00 -0.000E+00  0.000E+00
 -2.6288500E+05 -0.000E+00 -0.000E+00  0.000E+00
 -2.6288300E+05 -0.000E+00 -0.000E+00  0.000E+00
 -2.6288100E+05 -0.000E+00 -0.000E+00  0.000E+00
 -2.6287900E+05 -0.000E+00 -0.000E+00  0.000E+00
 -2.6287700E+05 -0.000E+00 -0.000E+00  0.000E+00
 -2.6287500E+05 -0.000E+00 -0.000E+00  0.000E+00
 -2.6287300E+05 -0.000E+00 -0.000E+00  0.000E+00
 -2.6287100E+05 -0.000E+00 -0.000E+00  0.000E+00
 -2.6286900E+05 -0.000E+00 -0.000E+00  0.000E+00
 -2.6286700E+05 -0.000E+00 -0.000E+00  0.000E+00
 -2.6286500E+05 -0.000E+00 -0.000E+00  0.000E+00
 -2.6286300E+05 -0.000E+00 -0.000E+00  0.000E+00
 -2.6286100E+05 -0.000E+00 -0.000E+00  0.000E+00
 -2.6285900E+05 -0.000E+00 -0.000E+00  0.000E+00
 -2.6285700E+05 -0.000E+00 -0.000E+00  0.000E+00
 -2.6285500E+05 -0.000E+00 -0.000E+00  0.000E+00
 -2.6285300E+05 -0.000E+00 -0.000E+00  0.000E+00
 -2.6285100E+05 -0.000E+00 -0.000E+00  0.000E+00
 -2.6284900E+05 -0.000E+00 -0.000E+00  0.000E+00
 -2.6284700E+05 -0.000E+00 -0.000E+00  0.000E+00
 -2.6284500E+05 -0.000E+00 -0.000E+00  0.000E+00
 -2.6284300E+05 -0.000E+00 -0.000E+00  0.000E+00
 -2.6284100E+05 -0.000E+00 -0.000E+00  0.000E+00
 -2.6283900E+05 -0.000E+00 -0.000E+00  0.000E+00
 -2.6283700E+05 -0.000E+00 -0.000E+00  0.000E+00
 -2.6283500E+05 -0.000E+00 -0.000E+00  0.000E+00
 -2.6283300E+05 -0.000E+00 -0.000E+00  0.000E+00
 -2.6283100E+05 -0.000E+00 -0.000E+00  0.000E+00
 -2.6282900E+05 -0.000E+00 -0.000E+00  0.000E+00
 -2.6282700E+05 -0.000E+00 -0.000E+00  0.000E+00
 -2.6282500E+05 -0.000E+00 -0.000E+00  0.000E+00
 -2.6282300E+05 -0.000E+00 -0.000E+00  0.000E+00
 -2.6282100E+05 -0.000E+00 -0.000E+00  0.000E+00
 -2.6281900E+05 -0.000E+00 -0.000E+00  0.000E+00
 -2.6281700E+05 -0.000E+00 -0.000E+00  0.000E+00
 -2.6281500E+05 -0.000E+00 -0.000E+00  0.000E+00
 -2.6281300E+05 -0.000E+00 -0.000E+00  0.000E+00
 -2.6281100E+05 -0.000E+00 -0.000E+00  0.000E+00
 -2.6280900E+05 -0.000E+00 -0.000E+00  0.000E+00
 -2.6280700E+05 -0.000E+00 -0.000E+00  0.000E+00
 -2.6280500E+05 -0.000E+00 -0.000E+00  0.000E+00
 -2.6280300E+05 -0.000E+00 -0.000E+00  0.000E+00
 -2.6280100E+05 -0.000E+00 -0.000E+00  0.000E+00
 -2.6279900E+05 -0.000E+00 -0.000E+00  0.000E+00
 -2.6279700E+05 -0.000E+00 -0.000E+00  0.000E+00
 -2.6279500E+05 -0.000E+00 -0.000E+00  0.000E+00
 -2.6279300E+05 -0.000E+00 -0.000E+00  0.000E+00
 -2.6279100E+05 -0.000E+00 -0.000E+00  0.000E+00
 -2.6278900E+05 -0.000E+00 -0.000E+00  0.000E+00
 -2.6278700E+05 -0.000E+00 -0.000E+00  0.000E+00
 -2.6278500E+05 -0.000E+00 -0.000E+00  0.000E+00
 -2.6278300E+05 -0.000E+00 -0.000E+00  0.000E+00
 -2.6278100E+05 -0.000E+00 -0.000E+00  0.000E+00
 -2.6277900E+05 -0.000E+00 -0.000E+00  0.000E+00
 -2.6277700E+05 -0.000E+00 -0.000E+00  0.000E+00
 -2.6277500E+05 -0.000E+00 -0.000E+00  0.000E+00
 -2.6277300E+05 -0.000E+00 -0.000E+00  0.000E+00
 -2.6277100E+05 -0.000E+00 -0.000E+00  0.000E+00
 -2.6276900E+05 -0.000E+00 -0.000E+00  0.000E+00
 -2.6276700E+05 -0.000E+00 -0.000E+00  0.000E+00
 -2.6276500E+05 -0.000E+00 -0.000E+00  0.000E+00
 -2.6276300E+05 -0.000E+00 -0.000E+00  0.000E+00
 -2.6276100E+05 -0.000E+00 -0.000E+00  0.000E+00
 -2.6275900E+05 -0.000E+00 -0.000E+00  0.000E+00
 -2.6275700E+05 -0.000E+00 -0.000E+00  0.000E+00
 -2.6275500E+05 -0.000E+00 -0.000E+00  0.000E+00
 -2.6275300E+05 -0.000E+00 -0.000E+00  0.000E+00
 -2.6275100E+05 -0.000E+00 -0.000E+00  0.000E+00
 -2.6274900E+05 -0.000E+00 -0.000E+00  0.000E+00
 -2.6274700E+05 -0.000E+00 -0.000E+00  0.000E+00
 -2.6274500E+05 -0.000E+00 -0.000E+00  0.000E+00
 -2.6274300E+05 -0.000E+00 -0.000E+00  0.000E+00
 -2.6274100E+05 -0.000E+00 -0.000E+00  0.000E+00
 -2.6273900E+05 -0.000E+00 -0.000E+00  0.000E+00
 -2.6273700E+05 -0.000E+00 -0.000E+00  0.000E+00
 -2.6273500E+05 -0.000E+00 -0.000E+00  0.000E+00
 -2.6273300E+05 -0.000E+00 -0.000E+00  0.000E+00
 -2.6273100E+05 -0.000E+00 -0.000E+00  0.000E+00
 -2.6272900E+05 -0.000E+00 -0.000E+00  0.000E+00
 -2.6272700E+05 -0.000E+00 -0.000E+00  0.000E+00
 -2.6272500E+05 -0.000E+00 -0.000E+00  0.000E+00
 -2.6272300E+05 -0.000E+00 -0.000E+00  0.000E+00
 -2.6272100E+05 -0.000E+00 -0.000E+00  0.000E+00
 -2.6271900E+05 -0.000E+00 -0.000E+00  0.000E+00
 -2.6271700E+05 -0.000E+00 -0.000E+00  0.000E+00
 -2.6271500E+05 -0.000E+00 -0.000E+00  0.000E+00
 -2.6271300E+05 -0.000E+00 -0.000E+00  0.000E+00
 -2.6271100E+05 -0.000E+00 -0.000E+00  0.000E+00
 -2.6270900E+05 -0.000E+00 -0.000E+00  0.000E+00
 -2.6270700E+05 -0.000E+00 -0.000E+00  0.000E+00
 -2.6270500E+05 -0.000E+00 -0.000E+00  0.000E+00
 -2.6270300E+05 -0.000E+00 -0.000E+00  0.000E+00
 -2.6270100E+05 -0.000E+00 -0.000E+00  0.000E+00
 -2.6269900E+05 -0.000E+00 -0.000E+00  0.000E+00
 -2.6269700E+05 -0.000E+00 -0.000E+00  0.000E+00
 -2.6269500E+05 -0.000E+00 -0.000E+00  0.000E+00
 -2.6269300E+05 -0.000E+00 -0.000E+00  0.000E+00
 -2.6269100E+05 -0.000E+00 -0.000E+00  0.000E+00
 -2.6268900E+05 -0.000E+00 -0.000E+00  0.000E+00
 -2.6268700E+05 -0.000E+00 -0.000E+00  0.000E+00
 -2.6268500E+05 -0.000E+00 -0.000E+00  0.000E+00
 -2.6268300E+05 -0.000E+00 -0.000E+00  0.000E+00
 -2.6268100E+05 -0.000E+00 -0.000E+00  0.000E+00
 -2.6267900E+05 -0.000E+00 -0.000E+00  0.000E+00
 -2.6267700E+05 -0.000E+00 -0.000E+00  0.000E+00
 -2.6267500E+05 -0.000E+00 -0.000E+00  0.000E+00
 -2.6267300E+05 -0.000E+00 -0.000E+00  0.000E+00
 -2.6267100E+05 -0.000E+00 -0.000E+00  0.000E+00
 -2.6266900E+05 -0.000E+00 -0.000E+00  0.000E+00
 -2.6266700E+05 -0.000E+00 -0.000E+00  0.000E+00
 -2.6266500E+05 -0.000E+00 -0.000E+00  0.000E+00
 -2.6266300E+05 -0.000E+00 -0.000E+00  0.000E+00
 -2.6266100E+05 -0.000E+00 -0.000E+00  0.000E+00
 -2.6265900E+05 -0.000E+00 -0.000E+00  0.000E+00
 -2.6265700E+05 -0.000E+00 -0.000E+00  0.000E+00
 -2.6265500E+05 -0.000E+00 -0.000E+00  0.000E+00
 -2.6265300E+05 -0.000E+00 -0.000E+00  0.000E+00
 -2.6265100E+05 -0.000E+00 -0.000E+00  0.000E+00
 -2.6264900E+05 -0.000E+00 -0.000E+00  0.000E+00
 -2.6264700E+05 -0.000E+00 -0.000E+00  0.000E+00
 -2.6264500E+05 -0.000E+00 -0.000E+00  0.000E+00
 -2.6264300E+05 -0.000E+00 -0.000E+00  0.000E+00
 -2.6264100E+05 -0.000E+00 -0.000E+00  0.000E+00
 -2.6263900E+05 -0.000E+00 -0.000E+00  0.000E+00
 -2.6263700E+05 -0.000E+00 -0.000E+00  0.000E+00
 -2.6263500E+05 -0.000E+00 -0.000E+00  0.000E+00
 -2.6263300E+05 -0.000E+00 -0.000E+00  0.000E+00
 -2.6263100E+05 -0.000E+00 -0.000E+00  0.000E+00
 -2.6262900E+05 -0.000E+00 -0.000E+00  0.000E+00
 -2.6262700E+05 -0.000E+00 -0.000E+00  0.000E+00
 -2.6262500E+05 -0.000E+00 -0.000E+00  0.000E+00
