 -2.1691000E+04  7.667E-01 -1.272E-01  6.852E-01
 -2.1689000E+04  5.100E-01 -7.743E-02  3.653E-01
 -2.1687000E+04  4.102E-01 -5.813E-02  2.393E-01
 -2.1685000E+04  3.483E-01 -5.459E-02  2.692E-01
 -2.1683000E+04  4.704E-01 -7.171E-02  3.316E-01
 -2.1681000E+04  4.769E-01 -5.454E-02  1.210E-01
 -2.1679000E+04  4.543E-01 -7.292E-02  3.574E-01
 -2.1677000E+04  3.228E-01 -5.582E-02  3.014E-01
 -2.1675000E+04  2.936E-01 -4.193E-02  1.958E-01
 -2.1673000E+04  5.257E-01 -7.202E-02  2.963E-01
 -2.1671000E+04  4.271E-01 -6.307E-02  2.383E-01
 -2.1669000E+04  5.062E-01 -6.192E-02  1.628E-01
 -2.1667000E+04  4.526E-01 -6.294E-02  2.712E-01
 -2.1665000E+04  4.386E-01 -7.137E-02  3.583E-01
 -2.1663000E+04  3.948E-01 -5.016E-02  1.627E-01
 -2.1661000E+04  3.977E-01 -5.629E-02  2.255E-01
 -2.1659000E+04  2.654E-01 -4.514E-02  2.454E-01
 -2.1657000E+04  4.265E-01 -6.730E-02  3.240E-01
 -2.1655000E+04  3.303E-01 -5.513E-02  2.572E-01
 -2.1653000E+04  3.862E-01 -5.454E-02  2.264E-01
 -2.1651000E+04  4.042E-01 -5.884E-02  2.529E-01
 -2.1649000E+04  3.724E-01 -5.979E-02  2.894E-01
 -2.1647000E+04  3.805E-01 -5.414E-02  2.318E-01
 -2.1645000E+04  4.149E-01 -6.353E-02  2.894E-01
 -2.1643000E+04  4.079E-01 -6.092E-02  2.757E-01
 -2.1641000E+04  4.263E-01 -5.856E-02  2.210E-01
 -2.1639000E+04  3.324E-01 -5.474E-02  2.778E-01
 -2.1637000E+04  2.989E-01 -5.068E-02  2.651E-01
 -2.1635000E+04  3.160E-01 -4.665E-02  2.063E-01
 -2.1633000E+04  3.468E-01 -4.861E-02  1.831E-01
 -2.1631000E+04  3.854E-01 -5.638E-02  2.496E-01
 -2.1629000E+04  3.237E-01 -4.799E-02  2.343E-01
 -2.1627000E+04  3.451E-01 -5.236E-02  2.141E-01
 -2.1625000E+04  3.901E-01 -4.873E-02  1.803E-01
 -2.1623000E+04  3.008E-01 -4.665E-02  2.101E-01
 -2.1621000E+04  2.711E-01 -4.101E-02  1.891E-01
 -2.1619000E+04  3.809E-01 -5.426E-02  2.283E-01
 -2.1617000E+04  2.812E-01 -4.536E-02  2.296E-01
 -2.1615000E+04  3.482E-01 -4.881E-02  2.031E-01
 -2.1613000E+04  3.173E-01 -4.639E-02  1.942E-01
 -2.1611000E+04  2.564E-01 -3.873E-02  1.727E-01
 -2.1609000E+04  3.839E-01 -5.062E-02  1.818E-01
 -2.1607000E+04  2.809E-01 -3.751E-02  1.301E-01
 -2.1605000E+04  2.937E-01 -4.433E-02  1.851E-01
 -2.1603000E+04  2.642E-01 -4.427E-02  2.318E-01
 -2.1601000E+04  2.903E-01 -4.585E-02  2.453E-01
 -2.1599000E+04  3.079E-01 -4.201E-02  1.594E-01
 -2.1597000E+04  2.974E-01 -4.761E-02  2.316E-01
 -2.1595000E+04  3.231E-01 -4.365E-02  1.662E-01
 -2.1593000E+04  2.393E-01 -3.656E-02  1.646E-01
 -2.1591000E+04  2.641E-01 -3.927E-02  1.728E-01
 -2.1589000E+04  2.869E-01 -4.173E-02  1.806E-01
 -2.1587000E+04  2.462E-01 -3.767E-02  1.689E-01
 -2.1585000E+04  2.655E-01 -4.219E-02  2.015E-01
 -2.1583000E+04  2.819E-01 -4.204E-02  1.867E-01
 -2.1581000E+04  2.803E-01 -4.554E-02  2.032E-01
 -2.1579000E+04  3.029E-01 -4.074E-02  1.701E-01
 -2.1577000E+04  3.027E-01 -4.345E-02  1.934E-01
 -2.1575000E+04  3.195E-01 -4.654E-02  1.893E-01
 -2.1573000E+04  2.465E-01 -3.680E-02  1.546E-01
 -2.1571000E+04  2.224E-01 -3.212E-02  1.430E-01
 -2.1569000E+04  1.997E-01 -3.109E-02  1.472E-01
 -2.1567000E+04  2.497E-01 -3.761E-02  1.696E-01
 -2.1565000E+04  2.576E-01 -3.806E-02  1.666E-01
 -2.1563000E+04  2.044E-01 -3.146E-02  1.472E-01
 -2.1561000E+04  2.721E-01 -3.919E-02  1.525E-01
 -2.1559000E+04  2.399E-01 -3.201E-02  1.121E-01
 -2.1557000E+04  2.648E-01 -3.700E-02  1.544E-01
 -2.1555000E+04  2.528E-01 -3.950E-02  1.724E-01
 -2.1553000E+04  2.469E-01 -3.509E-02  1.397E-01
 -2.1551000E+04  2.155E-01 -3.103E-02  1.470E-01
 -2.1549000E+04  2.196E-01 -3.411E-02  1.648E-01
 -2.1547000E+04  2.361E-01 -3.351E-02  1.418E-01
 -2.1545000E+04  2.513E-01 -3.475E-02  1.424E-01
 -2.1543000E+04  2.349E-01 -3.119E-02  1.120E-01
 -2.1541000E+04  2.093E-01 -3.387E-02  1.690E-01
 -2.1539000E+04  2.567E-01 -3.717E-02  1.592E-01
 -2.1537000E+04  2.081E-01 -3.295E-02  1.606E-01
 -2.1535000E+04  2.542E-01 -2.599E-02  9.419E-02
 -2.1533000E+04  2.207E-01 -3.779E-02  1.378E-01
 -2.1531000E+04  2.221E-01 -3.055E-02  1.322E-01
 -2.1529000E+04  2.280E-01 -3.485E-02  1.577E-01
 -2.1527000E+04  2.191E-01 -2.859E-02  1.166E-01
 -2.1525000E+04  2.120E-01 -3.329E-02  1.812E-01
 -2.1523000E+04  1.906E-01 -2.895E-02  1.492E-01
 -2.1521000E+04  1.905E-01 -2.788E-02  1.154E-01
 -2.1519000E+04  1.986E-01 -2.969E-02  1.404E-01
 -2.1517000E+04  2.053E-01 -3.129E-02  1.318E-01
 -2.1515000E+04  2.042E-01 -3.503E-02  1.455E-01
 -2.1513000E+04  1.842E-01 -2.753E-02  9.260E-02
 -2.1511000E+04  2.121E-01 -2.865E-02  1.086E-01
 -2.1509000E+04  2.268E-01 -3.440E-02  1.549E-01
 -2.1507000E+04  2.060E-01 -3.203E-02  1.523E-01
 -2.1505000E+04  1.618E-01 -2.337E-02  1.037E-01
 -2.1503000E+04  1.938E-01 -2.753E-02  1.166E-01
 -2.1501000E+04  2.031E-01 -3.049E-02  1.402E-01
 -2.1499000E+04  2.001E-01 -2.892E-02  1.218E-01
 -2.1497000E+04  1.803E-01 -2.844E-02  1.351E-01
 -2.1495000E+04  2.080E-01 -2.787E-02  9.711E-02
 -2.1493000E+04  2.061E-01 -2.732E-02  9.697E-02
 -2.1491000E+04  1.626E-01 -2.479E-02  1.171E-01
 -2.1489000E+04  1.764E-01 -2.453E-02  9.488E-02
 -2.1487000E+04  1.725E-01 -2.593E-02  1.132E-01
 -2.1485000E+04  1.935E-01 -2.856E-02  1.222E-01
 -2.1483000E+04  1.788E-01 -2.923E-02  1.422E-01
 -2.1481000E+04  1.819E-01 -2.547E-02  1.055E-01
 -2.1479000E+04  1.254E-01 -1.841E-02  8.123E-02
 -2.1477000E+04  1.847E-01 -2.774E-02  1.215E-01
 -2.1475000E+04  1.900E-01 -2.507E-02  9.258E-02
 -2.1473000E+04  1.696E-01 -2.429E-02  9.696E-02
 -2.1471000E+04  2.121E-01 -2.726E-02  9.354E-02
 -2.1469000E+04  1.632E-01 -2.463E-02  1.128E-01
 -2.1467000E+04  1.644E-01 -2.690E-02  1.368E-01
 -2.1465000E+04  1.573E-01 -2.644E-02  1.319E-01
 -2.1463000E+04  1.303E-01 -2.142E-02  1.093E-01
 -2.1461000E+04  1.728E-01 -2.544E-02  1.172E-01
 -2.1459000E+04  1.680E-01 -2.551E-02  1.014E-01
 -2.1457000E+04  1.800E-01 -2.642E-02  1.154E-01
 -2.1455000E+04  1.597E-01 -2.389E-02  1.246E-01
 -2.1453000E+04  1.597E-01 -2.526E-02  1.214E-01
 -2.1451000E+04  1.508E-01 -2.312E-02  1.011E-01
 -2.1449000E+04  1.377E-01 -1.919E-02  9.302E-02
 -2.1447000E+04  1.391E-01 -1.936E-02  9.258E-02
 -2.1445000E+04  1.677E-01 -2.515E-02  1.071E-01
 -2.1443000E+04  1.522E-01 -2.419E-02  8.966E-02
 -2.1441000E+04  1.468E-01 -1.994E-02  7.135E-02
 -2.1439000E+04  1.366E-01 -2.075E-02  1.011E-01
 -2.1437000E+04  1.619E-01 -2.244E-02  8.405E-02
 -2.1435000E+04  1.433E-01 -2.147E-02  1.123E-01
 -2.1433000E+04  1.680E-01 -2.389E-02  1.069E-01
 -2.1431000E+04  1.530E-01 -2.342E-02  9.063E-02
 -2.1429000E+04  1.374E-01 -1.891E-02  7.456E-02
 -2.1427000E+04  1.372E-01 -1.927E-02  7.732E-02
 -2.1425000E+04  1.430E-01 -2.215E-02  1.058E-01
 -2.1423000E+04  1.418E-01 -1.913E-02  8.058E-02
 -2.1421000E+04  1.271E-01 -1.611E-02  7.030E-02
 -2.1419000E+04  1.371E-01 -1.944E-02  8.259E-02
 -2.1417000E+04  1.457E-01 -1.932E-02  6.969E-02
 -2.1415000E+04  1.358E-01 -2.176E-02  1.143E-01
 -2.1413000E+04  1.467E-01 -2.108E-02  8.915E-02
 -2.1411000E+04  1.422E-01 -2.157E-02  9.486E-02
 -2.1409000E+04  1.351E-01 -2.119E-02  1.047E-01
 -2.1407000E+04  1.186E-01 -1.884E-02  9.184E-02
 -2.1405000E+04  1.350E-01 -1.763E-02  6.090E-02
 -2.1403000E+04  1.390E-01 -1.955E-02  7.815E-02
 -2.1401000E+04  1.191E-01 -1.900E-02  1.066E-01
 -2.1399000E+04  1.071E-01 -1.758E-02  8.935E-02
 -2.1397000E+04  1.013E-01 -1.740E-02  9.865E-02
 -2.1395000E+04  1.396E-01 -1.902E-02  6.649E-02
 -2.1393000E+04  1.458E-01 -1.763E-02  5.877E-02
 -2.1391000E+04  1.436E-01 -2.097E-02  9.085E-02
 -2.1389000E+04  1.542E-01 -2.344E-02  1.057E-01
 -2.1387000E+04  1.206E-01 -1.754E-02  7.760E-02
 -2.1385000E+04  1.244E-01 -1.465E-02  4.971E-02
 -2.1383000E+04  9.165E-02 -1.448E-02  6.263E-02
 -2.1381000E+04  1.406E-01 -1.866E-02  6.102E-02
 -2.1379000E+04  1.516E-01 -2.072E-02  8.324E-02
 -2.1377000E+04  1.365E-01 -1.789E-02  7.250E-02
 -2.1375000E+04  1.211E-01 -1.983E-02  1.034E-01
 -2.1373000E+04  1.058E-01 -1.554E-02  6.654E-02
 -2.1371000E+04  1.123E-01 -1.669E-02  7.621E-02
 -2.1369000E+04  1.247E-01 -1.823E-02  7.347E-02
 -2.1367000E+04  1.308E-01 -1.699E-02  6.305E-02
 -2.1365000E+04  9.986E-02 -1.648E-02  9.169E-02
 -2.1363000E+04  1.039E-01 -1.512E-02  7.705E-02
 -2.1361000E+04  1.187E-01 -1.834E-02  9.387E-02
 -2.1359000E+04  1.029E-01 -1.536E-02  7.150E-02
 -2.1357000E+04  1.198E-01 -1.737E-02  7.470E-02
 -2.1355000E+04  1.220E-01 -1.809E-02  8.006E-02
 -2.1353000E+04  1.003E-01 -1.575E-02  7.359E-02
 -2.1351000E+04  1.174E-01 -1.633E-02  7.192E-02
 -2.1349000E+04  1.126E-01 -1.538E-02  5.740E-02
 -2.1347000E+04  9.259E-02 -1.277E-02  5.862E-02
 -2.1345000E+04  1.253E-01 -1.826E-02  7.797E-02
 -2.1343000E+04  1.008E-01 -1.561E-02  6.042E-02
 -2.1341000E+04  1.082E-01 -1.536E-02  5.683E-02
 -2.1339000E+04  9.793E-02 -1.525E-02  6.040E-02
 -2.1337000E+04  1.014E-01 -1.821E-02  9.171E-02
 -2.1335000E+04  9.548E-02 -1.257E-02  4.040E-02
 -2.1333000E+04  1.325E-01 -1.922E-02  7.892E-02
 -2.1331000E+04  9.990E-02 -1.165E-02  4.582E-02
 -2.1329000E+04  1.002E-01 -1.317E-02  5.254E-02
 -2.1327000E+04  8.980E-02 -1.544E-02  8.131E-02
 -2.1325000E+04  9.098E-02 -1.354E-02  6.862E-02
 -2.1323000E+04  1.043E-01 -1.556E-02  7.502E-02
 -2.1321000E+04  9.828E-02 -1.430E-02  6.419E-02
 -2.1319000E+04  9.019E-02 -1.408E-02  6.393E-02
 -2.1317000E+04  1.127E-01 -1.562E-02  6.568E-02
 -2.1315000E+04  9.595E-02 -1.514E-02  7.280E-02
 -2.1313000E+04  9.899E-02 -1.589E-02  8.074E-02
