  6.3387000E+04 -1.655E-05 -2.047E-07  1.115E-04
  6.3389000E+04 -9.275E-05  1.684E-05 -2.180E-04
  6.3391000E+04 -9.678E-04  1.776E-04 -1.348E-03
  6.3393000E+04 -1.122E-04 -3.608E-05  6.623E-04
  6.3395000E+04  1.582E-03 -1.474E-04  1.658E-04
  6.3397000E+04 -2.260E-03  2.687E-04 -1.803E-03
  6.3399000E+04 -2.729E-03  1.134E-04  3.688E-03
  6.3401000E+04 -8.411E-04  1.864E-04 -2.996E-03
  6.3403000E+04 -3.729E-03  3.226E-04  4.714E-04
  6.3405000E+04 -1.452E-02  2.333E-03 -1.650E-02
  6.3407000E+04 -2.615E-01  3.209E-02 -1.422E-01
  6.3409000E+04 -7.100E+00  8.807E-01 -3.998E+00
  6.3411000E+04 -2.981E+01  3.829E+00 -1.886E+01
  6.3413000E+04 -1.323E+01  1.789E+00 -9.786E+00
  6.3415000E+04 -1.415E+00  1.843E-01 -1.001E+00
  6.3417000E+04 -1.644E-01  2.844E-02 -2.312E-01
  6.3419000E+04 -1.324E-01  1.219E-02 -4.392E-02
  6.3421000E+04  2.906E-01 -4.111E-02  2.142E-01
  6.3423000E+04  2.038E-01 -3.329E-02  2.092E-01
  6.3425000E+04  3.563E-01 -4.687E-02  2.286E-01
  6.3427000E+04  2.776E-01 -3.946E-02  2.151E-01
  6.3429000E+04  2.352E-01 -3.214E-02  1.636E-01
  6.3431000E+04  2.750E-01 -3.554E-02  1.677E-01
  6.3433000E+04  2.853E-01 -4.261E-02  2.545E-01
  6.3435000E+04  3.682E-01 -4.530E-02  2.007E-01
  6.3437000E+04  3.005E-01 -4.556E-02  2.745E-01
  6.3439000E+04  2.902E-01 -2.793E-02  4.491E-02
  6.3441000E+04  2.884E-01 -3.823E-02  1.885E-01
  6.3443000E+04  3.726E-01 -4.732E-02  2.279E-01
  6.3445000E+04  3.086E-01 -4.430E-02  2.601E-01
  6.3447000E+04  3.440E-01 -5.236E-02  3.291E-01
  6.3449000E+04  3.053E-01 -3.619E-02  1.443E-01
  6.3451000E+04  3.187E-01 -3.717E-02  1.465E-01
  6.3453000E+04  2.590E-01 -4.102E-02  2.671E-01
  6.3455000E+04  3.269E-01 -4.038E-02  1.797E-01
  6.3457000E+04  4.065E-01 -4.915E-02  2.088E-01
  6.3459000E+04  3.271E-01 -4.603E-02  2.613E-01
  6.3461000E+04  3.550E-01 -4.316E-02  1.904E-01
  6.3463000E+04  3.075E-01 -3.924E-02  1.885E-01
  6.3465000E+04  3.106E-01 -4.342E-02  2.373E-01
  6.3467000E+04  2.629E-01 -3.759E-02  2.163E-01
  6.3469000E+04  3.188E-01 -4.130E-02  2.048E-01
  6.3471000E+04  3.029E-01 -4.222E-02  2.337E-01
  6.3473000E+04  2.877E-01 -3.724E-02  1.828E-01
  6.3475000E+04  2.831E-01 -3.703E-02  1.887E-01
  6.3477000E+04  2.875E-01 -3.658E-02  1.793E-01
  6.3479000E+04  2.900E-01 -3.751E-02  1.840E-01
  6.3481000E+04  2.773E-01 -3.972E-02  2.296E-01
  6.3483000E+04  2.326E-01 -3.244E-02  1.819E-01
  6.3485000E+04  2.926E-01 -3.891E-02  2.000E-01
  6.3487000E+04  2.794E-01 -3.339E-02  1.426E-01
  6.3489000E+04  2.504E-01 -3.436E-02  1.860E-01
  6.3491000E+04  2.906E-01 -3.371E-02  1.346E-01
  6.3493000E+04  2.763E-01 -3.409E-02  1.505E-01
  6.3495000E+04  2.444E-01 -3.469E-02  1.977E-01
  6.3497000E+04  2.184E-01 -2.913E-02  1.505E-01
  6.3499000E+04  2.812E-01 -3.464E-02  1.570E-01
  6.3501000E+04  2.629E-01 -3.412E-02  1.622E-01
  6.3503000E+04  2.143E-01 -2.937E-02  1.504E-01
  6.3505000E+04  2.465E-01 -3.710E-02  2.241E-01
  6.3507000E+04  2.568E-01 -3.307E-02  1.719E-01
  6.3509000E+04  2.638E-01 -3.386E-02  1.643E-01
  6.3511000E+04  2.723E-01 -3.179E-02  1.266E-01
  6.3513000E+04  2.154E-01 -2.855E-02  1.472E-01
  6.3515000E+04  2.745E-01 -3.251E-02  1.391E-01
  6.3517000E+04  2.643E-01 -3.367E-02  1.689E-01
  6.3519000E+04  2.110E-01 -2.940E-02  1.677E-01
  6.3521000E+04  2.789E-01 -3.424E-02  1.629E-01
  6.3523000E+04  1.848E-01 -2.408E-02  1.153E-01
  6.3525000E+04  2.229E-01 -2.960E-02  1.581E-01
  6.3527000E+04  2.174E-01 -3.048E-02  1.704E-01
  6.3529000E+04  2.150E-01 -2.760E-02  1.365E-01
  6.3531000E+04  2.152E-01 -2.923E-02  1.621E-01
  6.3533000E+04  2.366E-01 -3.224E-02  1.783E-01
  6.3535000E+04  2.206E-01 -2.962E-02  1.586E-01
  6.3537000E+04  2.050E-01 -2.621E-02  1.406E-01
  6.3539000E+04  2.177E-01 -2.787E-02  1.356E-01
  6.3541000E+04  2.379E-01 -2.982E-02  1.366E-01
  6.3543000E+04  2.028E-01 -2.767E-02  1.518E-01
  6.3545000E+04  1.862E-01 -2.517E-02  1.421E-01
  6.3547000E+04  2.237E-01 -2.684E-02  1.098E-01
  6.3549000E+04  1.926E-01 -2.577E-02  1.361E-01
  6.3551000E+04  1.960E-01 -2.524E-02  1.216E-01
  6.3553000E+04  2.008E-01 -2.611E-02  1.354E-01
  6.3555000E+04  1.824E-01 -2.320E-02  1.138E-01
  6.3557000E+04  1.702E-01 -2.171E-02  1.063E-01
  6.3559000E+04  2.139E-01 -2.586E-02  1.130E-01
  6.3561000E+04  2.294E-01 -2.991E-02  1.532E-01
  6.3563000E+04  1.698E-01 -2.280E-02  1.185E-01
  6.3565000E+04  2.152E-01 -2.913E-02  1.578E-01
  6.3567000E+04  1.995E-01 -2.301E-02  8.941E-02
  6.3569000E+04  1.853E-01 -2.484E-02  1.158E-01
  6.3571000E+04  1.941E-01 -2.452E-02  1.188E-01
  6.3573000E+04  1.678E-01 -2.314E-02  1.389E-01
  6.3575000E+04  1.954E-01 -2.342E-02  9.532E-02
  6.3577000E+04  2.146E-01 -2.471E-02  1.003E-01
  6.3579000E+04  1.981E-01 -2.707E-02  1.475E-01
  6.3581000E+04  1.724E-01 -2.286E-02  1.083E-01
  6.3583000E+04  1.738E-01 -2.284E-02  1.176E-01
  6.3585000E+04  1.610E-01 -2.130E-02  1.205E-01
  6.3587000E+04  1.814E-01 -2.347E-02  1.252E-01
  6.3589000E+04  1.814E-01 -2.394E-02  1.171E-01
  6.3591000E+04  1.599E-01 -2.133E-02  1.124E-01
  6.3593000E+04  1.550E-01 -2.055E-02  1.094E-01
  6.3595000E+04  1.905E-01 -2.406E-02  1.189E-01
  6.3597000E+04  1.645E-01 -2.196E-02  1.167E-01
  6.3599000E+04  1.372E-01 -1.783E-02  9.054E-02
  6.3601000E+04  1.706E-01 -2.147E-02  1.056E-01
  6.3603000E+04  1.715E-01 -1.917E-02  7.229E-02
  6.3605000E+04  1.597E-01 -2.241E-02  1.276E-01
  6.3607000E+04  1.794E-01 -2.175E-02  9.956E-02
  6.3609000E+04  1.662E-01 -2.099E-02  1.008E-01
  6.3611000E+04  1.762E-01 -2.258E-02  1.091E-01
  6.3613000E+04  1.362E-01 -1.672E-02  7.655E-02
  6.3615000E+04  1.664E-01 -2.140E-02  1.122E-01
  6.3617000E+04  1.570E-01 -2.138E-02  1.198E-01
  6.3619000E+04  1.514E-01 -1.835E-02  8.415E-02
  6.3621000E+04  1.259E-01 -1.745E-02  9.411E-02
  6.3623000E+04  1.459E-01 -1.924E-02  1.036E-01
  6.3625000E+04  1.392E-01 -1.965E-02  1.068E-01
  6.3627000E+04  1.709E-01 -2.151E-02  1.048E-01
  6.3629000E+04  1.482E-01 -1.890E-02  9.299E-02
  6.3631000E+04  1.397E-01 -2.072E-02  1.282E-01
  6.3633000E+04  1.581E-01 -2.059E-02  1.025E-01
  6.3635000E+04  1.448E-01 -1.759E-02  7.785E-02
  6.3637000E+04  1.575E-01 -1.932E-02  9.476E-02
  6.3639000E+04  1.501E-01 -1.811E-02  7.093E-02
  6.3641000E+04  1.525E-01 -1.985E-02  1.023E-01
  6.3643000E+04  1.142E-01 -1.668E-02  1.028E-01
  6.3645000E+04  1.334E-01 -1.589E-02  7.463E-02
  6.3647000E+04  1.651E-01 -2.180E-02  1.119E-01
  6.3649000E+04  1.262E-01 -1.660E-02  8.661E-02
  6.3651000E+04  1.383E-01 -1.844E-02  9.922E-02
  6.3653000E+04  1.464E-01 -1.803E-02  7.861E-02
  6.3655000E+04  1.272E-01 -1.800E-02  1.006E-01
  6.3657000E+04  1.272E-01 -1.831E-02  9.829E-02
  6.3659000E+04  1.121E-01 -1.360E-02  7.083E-02
  6.3661000E+04  1.228E-01 -1.587E-02  8.365E-02
  6.3663000E+04  1.407E-01 -1.819E-02  8.446E-02
  6.3665000E+04  1.188E-01 -1.606E-02  7.847E-02
  6.3667000E+04  1.469E-01 -1.758E-02  7.998E-02
  6.3669000E+04  1.226E-01 -1.671E-02  9.236E-02
  6.3671000E+04  1.293E-01 -1.509E-02  6.668E-02
  6.3673000E+04  1.347E-01 -1.630E-02  7.383E-02
  6.3675000E+04  1.395E-01 -1.680E-02  7.032E-02
  6.3677000E+04  1.236E-01 -1.542E-02  6.524E-02
  6.3679000E+04  1.290E-01 -1.598E-02  7.631E-02
  6.3681000E+04  1.083E-01 -1.490E-02  8.564E-02
  6.3683000E+04  1.213E-01 -1.518E-02  7.419E-02
  6.3685000E+04  1.063E-01 -1.509E-02  8.678E-02
  6.3687000E+04  1.197E-01 -1.534E-02  7.699E-02
  6.3689000E+04  1.109E-01 -1.328E-02  5.857E-02
  6.3691000E+04  1.114E-01 -1.363E-02  6.101E-02
  6.3693000E+04  1.157E-01 -1.643E-02  9.274E-02
  6.3695000E+04  1.166E-01 -1.646E-02  8.844E-02
  6.3697000E+04  1.145E-01 -1.517E-02  7.765E-02
  6.3699000E+04  1.122E-01 -1.529E-02  8.381E-02
  6.3701000E+04  1.223E-01 -1.562E-02  7.829E-02
  6.3703000E+04  1.152E-01 -1.377E-02  7.105E-02
  6.3705000E+04  1.181E-01 -1.374E-02  6.031E-02
  6.3707000E+04  1.338E-01 -1.704E-02  8.142E-02
  6.3709000E+04  1.146E-01 -1.483E-02  7.532E-02
  6.3711000E+04  9.499E-02 -1.266E-02  6.869E-02
  6.3713000E+04  9.633E-02 -1.435E-02  8.709E-02
  6.3715000E+04  1.179E-01 -1.608E-02  8.162E-02
  6.3717000E+04  1.036E-01 -1.348E-02  7.669E-02
  6.3719000E+04  9.937E-02 -1.095E-02  4.430E-02
  6.3721000E+04  9.719E-02 -1.050E-02  3.809E-02
  6.3723000E+04  1.208E-01 -1.345E-02  4.901E-02
  6.3725000E+04  9.484E-02 -1.299E-02  6.846E-02
  6.3727000E+04  9.171E-02 -1.224E-02  6.519E-02
  6.3729000E+04  1.066E-01 -1.311E-02  6.351E-02
  6.3731000E+04  1.006E-01 -1.368E-02  7.517E-02
  6.3733000E+04  1.048E-01 -1.359E-02  6.843E-02
  6.3735000E+04  1.123E-01 -1.388E-02  6.634E-02
  6.3737000E+04  1.093E-01 -1.461E-02  8.703E-02
  6.3739000E+04  9.539E-02 -1.242E-02  6.033E-02
  6.3741000E+04  8.121E-02 -1.175E-02  7.119E-02
  6.3743000E+04  1.076E-01 -1.461E-02  7.845E-02
  6.3745000E+04  9.153E-02 -1.229E-02  6.382E-02
  6.3747000E+04  9.012E-02 -1.178E-02  5.812E-02
  6.3749000E+04  1.038E-01 -1.156E-02  3.827E-02
  6.3751000E+04  1.184E-01 -1.534E-02  8.110E-02
  6.3753000E+04  7.609E-02 -1.159E-02  6.772E-02
  6.3755000E+04  9.945E-02 -1.262E-02  6.075E-02
  6.3757000E+04  9.563E-02 -1.263E-02  6.836E-02
  6.3759000E+04  8.866E-02 -1.048E-02  5.052E-02
  6.3761000E+04  9.210E-02 -1.152E-02  4.071E-02
  6.3763000E+04  9.163E-02 -1.258E-02  7.393E-02
  6.3765000E+04  1.063E-01 -1.277E-02  4.964E-02
