  6.5755000E+04 -0.000E+00 -0.000E+00  0.000E+00
  6.5757000E+04 -0.000E+00 -0.000E+00  0.000E+00
  6.5759000E+04 -0.000E+00 -0.000E+00  0.000E+00
  6.5761000E+04 -0.000E+00 -0.000E+00  0.000E+00
  6.5763000E+04 -0.000E+00 -0.000E+00  0.000E+00
  6.5765000E+04 -0.000E+00 -0.000E+00  0.000E+00
  6.5767000E+04 -0.000E+00 -0.000E+00  0.000E+00
  6.5769000E+04 -0.000E+00 -0.000E+00  0.000E+00
  6.5771000E+04 -0.000E+00 -0.000E+00  0.000E+00
  6.5773000E+04 -0.000E+00 -0.000E+00  0.000E+00
  6.5775000E+04 -0.000E+00 -0.000E+00  0.000E+00
  6.5777000E+04 -0.000E+00 -0.000E+00  0.000E+00
  6.5779000E+04 -0.000E+00 -0.000E+00  0.000E+00
  6.5781000E+04 -0.000E+00 -0.000E+00  0.000E+00
  6.5783000E+04 -0.000E+00 -0.000E+00  0.000E+00
  6.5785000E+04 -0.000E+00 -0.000E+00  0.000E+00
  6.5787000E+04 -0.000E+00 -0.000E+00  0.000E+00
  6.5789000E+04 -0.000E+00 -0.000E+00  0.000E+00
  6.5791000E+04 -0.000E+00 -0.000E+00  0.000E+00
  6.5793000E+04 -0.000E+00 -0.000E+00  0.000E+00
  6.5795000E+04 -0.000E+00 -0.000E+00  0.000E+00
  6.5797000E+04 -0.000E+00 -0.000E+00  0.000E+00
  6.5799000E+04 -0.000E+00 -0.000E+00  0.000E+00
  6.5801000E+04 -0.000E+00 -0.000E+00  0.000E+00
  6.5803000E+04 -0.000E+00 -0.000E+00  0.000E+00
  6.5805000E+04 -0.000E+00 -0.000E+00  0.000E+00
  6.5807000E+04 -0.000E+00 -0.000E+00  0.000E+00
  6.5809000E+04 -0.000E+00 -0.000E+00  0.000E+00
  6.5811000E+04 -0.000E+00 -0.000E+00  0.000E+00
  6.5813000E+04 -0.000E+00 -0.000E+00  0.000E+00
  6.5815000E+04 -0.000E+00 -0.000E+00  0.000E+00
  6.5817000E+04 -0.000E+00 -0.000E+00  0.000E+00
  6.5819000E+04 -0.000E+00 -0.000E+00  0.000E+00
  6.5821000E+04 -0.000E+00 -0.000E+00  0.000E+00
  6.5823000E+04 -0.000E+00 -0.000E+00  0.000E+00
  6.5825000E+04 -0.000E+00 -0.000E+00  0.000E+00
  6.5827000E+04 -0.000E+00 -0.000E+00  0.000E+00
  6.5829000E+04 -0.000E+00 -0.000E+00  0.000E+00
  6.5831000E+04 -0.000E+00 -0.000E+00  0.000E+00
  6.5833000E+04 -0.000E+00 -0.000E+00  0.000E+00
  6.5835000E+04 -0.000E+00 -0.000E+00  0.000E+00
  6.5837000E+04 -0.000E+00 -0.000E+00  0.000E+00
  6.5839000E+04 -0.000E+00 -0.000E+00  0.000E+00
  6.5841000E+04 -0.000E+00 -0.000E+00  0.000E+00
  6.5843000E+04 -0.000E+00 -0.000E+00  0.000E+00
  6.5845000E+04 -0.000E+00 -0.000E+00  0.000E+00
  6.5847000E+04 -0.000E+00 -0.000E+00  0.000E+00
  6.5849000E+04 -0.000E+00 -0.000E+00  0.000E+00
  6.5851000E+04 -0.000E+00 -0.000E+00  0.000E+00
  6.5853000E+04 -0.000E+00 -0.000E+00  0.000E+00
  6.5855000E+04 -0.000E+00 -0.000E+00  0.000E+00
  6.5857000E+04 -0.000E+00 -0.000E+00  0.000E+00
  6.5859000E+04 -0.000E+00 -0.000E+00  0.000E+00
  6.5861000E+04 -0.000E+00 -0.000E+00  0.000E+00
  6.5863000E+04 -0.000E+00 -0.000E+00  0.000E+00
  6.5865000E+04 -0.000E+00 -0.000E+00  0.000E+00
  6.5867000E+04 -0.000E+00 -0.000E+00  0.000E+00
  6.5869000E+04 -0.000E+00 -0.000E+00  0.000E+00
  6.5871000E+04 -0.000E+00 -0.000E+00  0.000E+00
  6.5873000E+04 -0.000E+00 -0.000E+00  0.000E+00
  6.5875000E+04 -0.000E+00 -0.000E+00  0.000E+00
  6.5877000E+04 -0.000E+00 -0.000E+00  0.000E+00
  6.5879000E+04 -0.000E+00 -0.000E+00  0.000E+00
  6.5881000E+04 -0.000E+00 -0.000E+00  0.000E+00
  6.5883000E+04 -0.000E+00 -0.000E+00  0.000E+00
  6.5885000E+04 -0.000E+00 -0.000E+00  0.000E+00
  6.5887000E+04 -0.000E+00 -0.000E+00  0.000E+00
  6.5889000E+04 -0.000E+00 -0.000E+00  0.000E+00
  6.5891000E+04 -0.000E+00 -0.000E+00  0.000E+00
  6.5893000E+04 -0.000E+00 -0.000E+00  0.000E+00
  6.5895000E+04 -0.000E+00 -0.000E+00  0.000E+00
  6.5897000E+04 -0.000E+00 -0.000E+00  0.000E+00
  6.5899000E+04 -3.328E-06  2.401E-07  1.243E-06
  6.5901000E+04 -3.677E-05  3.339E-06  5.021E-06
  6.5903000E+04 -1.710E-04  5.679E-05 -5.077E-04
  6.5905000E+04 -1.921E-04  7.600E-06  1.535E-04
  6.5907000E+04 -4.977E-04  5.108E-05 -2.576E-06
  6.5909000E+04 -9.223E-04  1.050E-04 -1.349E-04
  6.5911000E+04 -2.143E-03  4.230E-04 -2.625E-03
  6.5913000E+04 -9.277E-04  5.154E-04 -5.434E-03
  6.5915000E+04 -7.329E-03  1.394E-03 -8.294E-03
  6.5917000E+04 -1.710E-02  2.853E-03 -1.411E-02
  6.5919000E+04 -2.942E-02  4.381E-03 -1.729E-02
  6.5921000E+04 -2.446E-02  4.372E-03 -2.388E-02
  6.5923000E+04 -5.217E-02  8.767E-03 -4.352E-02
  6.5925000E+04 -7.685E-02  1.222E-02 -5.482E-02
  6.5927000E+04 -1.008E-01  1.718E-02 -8.663E-02
  6.5929000E+04 -1.252E-01  2.195E-02 -1.156E-01
  6.5931000E+04 -1.723E-01  2.666E-02 -1.120E-01
  6.5933000E+04 -2.162E-01  3.596E-02 -1.728E-01
  6.5935000E+04 -3.321E-01  5.410E-02 -2.498E-01
  6.5937000E+04 -4.185E-01  7.016E-02 -3.402E-01
  6.5939000E+04 -5.580E-01  8.746E-02 -3.720E-01
  6.5941000E+04 -5.855E-01  9.434E-02 -4.229E-01
  6.5943000E+04 -7.150E-01  1.153E-01 -5.159E-01
  6.5945000E+04 -8.465E-01  1.357E-01 -5.976E-01
  6.5947000E+04 -1.019E+00  1.628E-01 -7.098E-01
  6.5949000E+04 -1.071E+00  1.734E-01 -7.727E-01
  6.5951000E+04 -1.292E+00  2.079E-01 -9.113E-01
  6.5953000E+04 -1.477E+00  2.324E-01 -9.703E-01
  6.5955000E+04 -1.574E+00  2.482E-01 -1.036E+00
  6.5957000E+04 -1.668E+00  2.690E-01 -1.176E+00
  6.5959000E+04 -1.817E+00  2.921E-01 -1.261E+00
  6.5961000E+04 -1.976E+00  3.183E-01 -1.375E+00
  6.5963000E+04 -2.070E+00  3.200E-01 -1.256E+00
  6.5965000E+04 -1.934E+00  3.127E-01 -1.351E+00
  6.5967000E+04 -2.039E+00  3.272E-01 -1.385E+00
  6.5969000E+04 -2.021E+00  3.237E-01 -1.360E+00
  6.5971000E+04 -1.941E+00  3.180E-01 -1.395E+00
  6.5973000E+04 -1.861E+00  3.044E-01 -1.328E+00
  6.5975000E+04 -1.781E+00  2.877E-01 -1.216E+00
  6.5977000E+04 -1.714E+00  2.710E-01 -1.088E+00
  6.5979000E+04 -1.564E+00  2.498E-01 -1.019E+00
  6.5981000E+04 -1.372E+00  2.184E-01 -8.836E-01
  6.5983000E+04 -1.376E+00  2.199E-01 -8.917E-01
  6.5985000E+04 -1.183E+00  1.919E-01 -8.013E-01
  6.5987000E+04 -1.051E+00  1.681E-01 -6.769E-01
  6.5989000E+04 -1.005E+00  1.662E-01 -7.175E-01
  6.5991000E+04 -9.325E-01  1.357E-01 -4.142E-01
  6.5993000E+04 -6.738E-01  1.134E-01 -5.035E-01
  6.5995000E+04 -6.101E-01  1.009E-01 -4.261E-01
  6.5997000E+04 -6.276E-01  9.748E-02 -3.532E-01
  6.5999000E+04 -4.089E-01  7.225E-02 -3.439E-01
  6.6001000E+04 -2.681E-01  4.630E-02 -2.084E-01
  6.6003000E+04 -3.130E-01  5.151E-02 -2.094E-01
  6.6005000E+04 -2.338E-01  3.734E-02 -1.385E-01
  6.6007000E+04 -1.704E-01  2.350E-02 -4.648E-02
  6.6009000E+04 -7.797E-02  1.276E-02 -4.058E-02
  6.6011000E+04 -6.857E-02  1.206E-02 -4.632E-02
  6.6013000E+04 -1.980E-02 -1.841E-04  4.200E-02
  6.6015000E+04  1.358E-01 -2.280E-02  1.154E-01
  6.6017000E+04  6.220E-02 -1.313E-02  9.256E-02
  6.6019000E+04  8.691E-02 -1.690E-02  1.081E-01
  6.6021000E+04  9.570E-02 -1.463E-02  5.994E-02
  6.6023000E+04  1.751E-01 -2.699E-02  1.022E-01
  6.6025000E+04  1.246E-01 -2.225E-02  1.204E-01
  6.6027000E+04  1.893E-01 -3.045E-02  1.314E-01
  6.6029000E+04  2.043E-01 -2.783E-02  7.592E-02
  6.6031000E+04  1.676E-01 -2.940E-02  1.511E-01
  6.6033000E+04  1.790E-01 -3.068E-02  1.484E-01
  6.6035000E+04  2.662E-01 -4.189E-02  1.703E-01
  6.6037000E+04  1.995E-01 -3.016E-02  1.137E-01
  6.6039000E+04  2.512E-01 -3.823E-02  1.384E-01
  6.6041000E+04  1.872E-01 -3.247E-02  1.598E-01
  6.6043000E+04  2.264E-01 -3.972E-02  1.957E-01
  6.6045000E+04  1.977E-01 -3.205E-02  1.379E-01
  6.6047000E+04  2.204E-01 -3.829E-02  1.866E-01
  6.6049000E+04  2.392E-01 -3.917E-02  1.722E-01
  6.6051000E+04  2.160E-01 -3.862E-02  1.973E-01
  6.6053000E+04  2.057E-01 -3.409E-02  1.554E-01
  6.6055000E+04  2.372E-01 -3.663E-02  1.400E-01
  6.6057000E+04  2.256E-01 -3.644E-02  1.549E-01
  6.6059000E+04  2.116E-01 -3.272E-02  1.227E-01
  6.6061000E+04  2.289E-01 -3.778E-02  1.651E-01
  6.6063000E+04  2.642E-01 -4.374E-02  1.942E-01
  6.6065000E+04  2.173E-01 -3.358E-02  1.277E-01
  6.6067000E+04  2.528E-01 -4.184E-02  1.871E-01
  6.6069000E+04  2.082E-01 -3.384E-02  1.444E-01
  6.6071000E+04  2.184E-01 -3.813E-02  1.891E-01
  6.6073000E+04  2.197E-01 -3.951E-02  2.084E-01
  6.6075000E+04  1.735E-01 -3.224E-02  1.787E-01
  6.6077000E+04  2.308E-01 -3.656E-02  1.452E-01
  6.6079000E+04  2.354E-01 -3.579E-02  1.259E-01
  6.6081000E+04  1.978E-01 -3.459E-02  1.705E-01
  6.6083000E+04  2.121E-01 -3.510E-02  1.561E-01
  6.6085000E+04  2.611E-01 -4.164E-02  1.724E-01
  6.6087000E+04  2.150E-01 -3.358E-02  1.292E-01
  6.6089000E+04  2.216E-01 -3.572E-02  1.499E-01
  6.6091000E+04  2.081E-01 -3.185E-02  1.179E-01
  6.6093000E+04  2.236E-01 -3.572E-02  1.453E-01
  6.6095000E+04  1.788E-01 -2.846E-02  1.180E-01
  6.6097000E+04  2.184E-01 -3.479E-02  1.431E-01
  6.6099000E+04  2.079E-01 -3.523E-02  1.654E-01
  6.6101000E+04  2.038E-01 -3.259E-02  1.365E-01
  6.6103000E+04  1.965E-01 -3.039E-02  1.148E-01
  6.6105000E+04  1.697E-01 -2.864E-02  1.333E-01
  6.6107000E+04  1.573E-01 -2.824E-02  1.466E-01
  6.6109000E+04  2.055E-01 -3.421E-02  1.522E-01
  6.6111000E+04  2.074E-01 -3.040E-02  1.003E-01
  6.6113000E+04  1.717E-01 -2.652E-02  1.005E-01
  6.6115000E+04  2.329E-01 -3.510E-02  1.237E-01
  6.6117000E+04  2.072E-01 -3.198E-02  1.211E-01
  6.6119000E+04  2.008E-01 -3.333E-02  1.483E-01
  6.6121000E+04  1.691E-01 -2.779E-02  1.220E-01
  6.6123000E+04  1.991E-01 -3.136E-02  1.274E-01
  6.6125000E+04  1.997E-01 -3.036E-02  1.104E-01
  6.6127000E+04  1.897E-01 -3.192E-02  1.454E-01
  6.6129000E+04  1.927E-01 -3.005E-02  1.173E-01
  6.6131000E+04  1.922E-01 -3.249E-02  1.496E-01
  6.6133000E+04  1.541E-01 -2.659E-02  1.270E-01
