  9.2513000E+04 -0.000E+00 -0.000E+00  0.000E+00
  9.2515000E+04 -0.000E+00 -0.000E+00  0.000E+00
  9.2517000E+04 -0.000E+00 -0.000E+00  0.000E+00
  9.2519000E+04 -0.000E+00 -0.000E+00  0.000E+00
  9.2521000E+04 -0.000E+00 -0.000E+00  0.000E+00
  9.2523000E+04 -0.000E+00 -0.000E+00  0.000E+00
  9.2525000E+04 -0.000E+00 -0.000E+00  0.000E+00
  9.2527000E+04 -0.000E+00 -0.000E+00  0.000E+00
  9.2529000E+04 -0.000E+00 -0.000E+00  0.000E+00
  9.2531000E+04 -0.000E+00 -0.000E+00  0.000E+00
  9.2533000E+04 -0.000E+00 -0.000E+00  0.000E+00
  9.2535000E+04 -0.000E+00 -0.000E+00  0.000E+00
  9.2537000E+04 -0.000E+00 -0.000E+00  0.000E+00
  9.2539000E+04 -0.000E+00 -0.000E+00  0.000E+00
  9.2541000E+04 -0.000E+00 -0.000E+00  0.000E+00
  9.2543000E+04 -0.000E+00 -0.000E+00  0.000E+00
  9.2545000E+04 -0.000E+00 -0.000E+00  0.000E+00
  9.2547000E+04 -0.000E+00 -0.000E+00  0.000E+00
  9.2549000E+04 -0.000E+00 -0.000E+00  0.000E+00
  9.2551000E+04 -0.000E+00 -0.000E+00  0.000E+00
  9.2553000E+04 -0.000E+00 -0.000E+00  0.000E+00
  9.2555000E+04 -0.000E+00 -0.000E+00  0.000E+00
  9.2557000E+04 -0.000E+00 -0.000E+00  0.000E+00
  9.2559000E+04 -0.000E+00 -0.000E+00  0.000E+00
  9.2561000E+04 -0.000E+00 -0.000E+00  0.000E+00
  9.2563000E+04 -0.000E+00 -0.000E+00  0.000E+00
  9.2565000E+04 -0.000E+00 -0.000E+00  0.000E+00
  9.2567000E+04 -0.000E+00 -0.000E+00  0.000E+00
  9.2569000E+04 -0.000E+00 -0.000E+00  0.000E+00
  9.2571000E+04 -0.000E+00 -0.000E+00  0.000E+00
  9.2573000E+04 -0.000E+00 -0.000E+00  0.000E+00
  9.2575000E+04 -0.000E+00 -0.000E+00  0.000E+00
  9.2577000E+04 -0.000E+00 -0.000E+00  0.000E+00
  9.2579000E+04 -0.000E+00 -0.000E+00  0.000E+00
  9.2581000E+04 -0.000E+00 -0.000E+00  0.000E+00
  9.2583000E+04 -0.000E+00 -0.000E+00  0.000E+00
  9.2585000E+04 -0.000E+00 -0.000E+00  0.000E+00
  9.2587000E+04 -0.000E+00 -0.000E+00  0.000E+00
  9.2589000E+04 -0.000E+00 -0.000E+00  0.000E+00
  9.2591000E+04 -0.000E+00 -0.000E+00  0.000E+00
  9.2593000E+04 -0.000E+00 -0.000E+00  0.000E+00
  9.2595000E+04 -0.000E+00 -0.000E+00  0.000E+00
  9.2597000E+04 -0.000E+00 -0.000E+00  0.000E+00
  9.2599000E+04 -0.000E+00 -0.000E+00  0.000E+00
  9.2601000E+04 -0.000E+00 -0.000E+00  0.000E+00
  9.2603000E+04 -0.000E+00 -0.000E+00  0.000E+00
  9.2605000E+04 -0.000E+00 -0.000E+00  0.000E+00
  9.2607000E+04 -0.000E+00 -0.000E+00  0.000E+00
  9.2609000E+04 -0.000E+00 -0.000E+00  0.000E+00
  9.2611000E+04 -0.000E+00 -0.000E+00  0.000E+00
  9.2613000E+04 -0.000E+00 -0.000E+00  0.000E+00
  9.2615000E+04 -0.000E+00 -0.000E+00  0.000E+00
  9.2617000E+04 -0.000E+00 -0.000E+00  0.000E+00
  9.2619000E+04 -0.000E+00 -0.000E+00  0.000E+00
  9.2621000E+04 -0.000E+00 -0.000E+00  0.000E+00
  9.2623000E+04 -0.000E+00 -0.000E+00  0.000E+00
  9.2625000E+04 -0.000E+00 -0.000E+00  0.000E+00
  9.2627000E+04  1.444E-06 -1.297E-07  3.704E-07
  9.2629000E+04  7.109E-06  2.133E-06 -3.591E-05
  9.2631000E+04 -1.237E-03  1.227E-04 -4.681E-04
  9.2633000E+04  1.221E-04  9.170E-05 -1.333E-03
  9.2635000E+04  1.084E-04 -3.131E-05  3.053E-04
  9.2637000E+04 -1.889E-03  1.969E-04 -8.655E-04
  9.2639000E+04 -9.033E-03  9.763E-04 -4.704E-03
  9.2641000E+04 -1.816E-02  2.280E-03 -1.382E-02
  9.2643000E+04 -4.406E-02  5.154E-03 -2.863E-02
  9.2645000E+04 -6.666E-02  7.753E-03 -4.319E-02
  9.2647000E+04 -1.275E-01  1.457E-02 -7.974E-02
  9.2649000E+04 -1.504E-01  1.838E-02 -1.108E-01
  9.2651000E+04 -3.067E-01  3.446E-02 -1.865E-01
  9.2653000E+04 -3.719E-01  4.297E-02 -2.443E-01
  9.2655000E+04 -5.227E-01  5.910E-02 -3.281E-01
  9.2657000E+04 -6.673E-01  7.689E-02 -4.418E-01
  9.2659000E+04 -8.604E-01  9.570E-02 -5.263E-01
  9.2661000E+04 -1.083E+00  1.211E-01 -6.767E-01
  9.2663000E+04 -1.367E+00  1.569E-01 -9.177E-01
  9.2665000E+04 -1.643E+00  1.852E-01 -1.063E+00
  9.2667000E+04 -1.833E+00  1.997E-01 -1.101E+00
  9.2669000E+04 -2.211E+00  2.459E-01 -1.407E+00
  9.2671000E+04 -2.454E+00  2.708E-01 -1.551E+00
  9.2673000E+04 -2.752E+00  2.966E-01 -1.648E+00
  9.2675000E+04 -2.418E+00  2.770E-01 -1.691E+00
  9.2677000E+04 -2.533E+00  2.784E-01 -1.623E+00
  9.2679000E+04 -2.685E+00  2.968E-01 -1.761E+00
  9.2681000E+04 -2.849E+00  3.127E-01 -1.847E+00
  9.2683000E+04 -2.584E+00  2.831E-01 -1.684E+00
  9.2685000E+04 -2.223E+00  2.321E-01 -1.303E+00
  9.2687000E+04 -2.158E+00  2.270E-01 -1.303E+00
  9.2689000E+04 -2.080E+00  2.215E-01 -1.306E+00
  9.2691000E+04 -1.875E+00  1.981E-01 -1.167E+00
  9.2693000E+04 -1.432E+00  1.532E-01 -9.311E-01
  9.2695000E+04 -1.167E+00  1.293E-01 -8.328E-01
  9.2697000E+04 -1.123E+00  1.216E-01 -7.651E-01
  9.2699000E+04 -7.751E-01  8.356E-02 -5.352E-01
  9.2701000E+04 -6.833E-01  6.968E-02 -4.183E-01
  9.2703000E+04 -4.883E-01  5.616E-02 -4.089E-01
  9.2705000E+04 -3.761E-01  3.869E-02 -2.524E-01
  9.2707000E+04 -2.656E-01  2.769E-02 -1.968E-01
  9.2709000E+04 -2.204E-01  1.398E-02 -4.274E-02
  9.2711000E+04 -6.545E-02  5.895E-03 -5.846E-02
  9.2713000E+04 -9.721E-02  8.134E-03 -5.956E-02
  9.2715000E+04 -4.100E-02 -2.816E-04  1.309E-02
  9.2717000E+04  8.808E-02 -9.353E-03  2.023E-02
  9.2719000E+04  9.923E-02 -1.402E-02  8.320E-02
  9.2721000E+04  7.762E-02 -1.258E-02  8.495E-02
  9.2723000E+04  1.447E-01 -1.780E-02  1.030E-01
  9.2725000E+04  2.167E-01 -2.161E-02  1.014E-01
  9.2727000E+04  2.020E-01 -2.015E-02  9.033E-02
  9.2729000E+04  2.215E-01 -2.685E-02  1.698E-01
  9.2731000E+04  2.486E-01 -2.418E-02  1.043E-01
  9.2733000E+04  2.804E-01 -2.533E-02  9.373E-02
  9.2735000E+04  2.172E-01 -2.803E-02  1.892E-01
  9.2737000E+04  1.895E-01 -2.567E-02  1.861E-01
  9.2739000E+04  2.621E-01 -2.507E-02  1.106E-01
  9.2741000E+04  2.003E-01 -2.485E-02  1.583E-01
  9.2743000E+04  2.266E-01 -2.599E-02  1.596E-01
  9.2745000E+04  2.491E-01 -2.710E-02  1.545E-01
  9.2747000E+04  2.768E-01 -3.154E-02  1.912E-01
  9.2749000E+04  2.499E-01 -2.864E-02  1.741E-01
  9.2751000E+04  2.009E-01 -1.994E-02  8.935E-02
  9.2753000E+04  2.490E-01 -2.751E-02  1.628E-01
  9.2755000E+04  2.273E-01 -3.344E-02  2.219E-01
  9.2757000E+04  3.188E-01 -3.210E-02  1.864E-01
  9.2759000E+04  2.241E-01 -2.198E-02  9.193E-02
  9.2761000E+04  1.904E-01 -2.308E-02  1.401E-01
  9.2763000E+04  2.378E-01 -2.782E-02  1.732E-01
  9.2765000E+04  2.204E-01 -2.374E-02  1.175E-01
  9.2767000E+04  2.098E-01 -2.323E-02  1.331E-01
  9.2769000E+04  2.429E-01 -2.955E-02  2.013E-01
  9.2771000E+04  2.623E-01 -2.907E-02  1.557E-01
  9.2773000E+04  2.117E-01 -2.402E-02  1.368E-01
  9.2775000E+04  2.698E-01 -2.772E-02  1.333E-01
  9.2777000E+04  2.097E-01 -2.745E-02  1.918E-01
  9.2779000E+04  2.457E-01 -2.679E-02  1.586E-01
  9.2781000E+04  2.136E-01 -2.000E-02  1.064E-01
  9.2783000E+04  2.343E-01 -2.161E-02  1.160E-01
  9.2785000E+04  2.177E-01 -2.923E-02  1.718E-01
  9.2787000E+04  2.326E-01 -2.061E-02  1.179E-01
  9.2789000E+04  2.168E-01 -2.436E-02  1.576E-01
  9.2791000E+04  2.514E-01 -2.541E-02  1.459E-01
  9.2793000E+04  2.381E-01 -2.492E-02  1.404E-01
  9.2795000E+04  1.824E-01 -1.914E-02  1.044E-01
  9.2797000E+04  1.910E-01 -2.460E-02  1.658E-01
  9.2799000E+04  2.413E-01 -2.270E-02  1.238E-01
  9.2801000E+04  2.366E-01 -2.922E-02  1.753E-01
  9.2803000E+04  2.155E-01 -2.095E-02  1.191E-01
  9.2805000E+04  1.693E-01 -1.747E-02  1.122E-01
  9.2807000E+04  2.246E-01 -2.324E-02  1.171E-01
  9.2809000E+04  2.158E-01 -2.072E-02  1.030E-01
  9.2811000E+04  2.138E-01 -2.525E-02  1.363E-01
  9.2813000E+04  1.583E-01 -2.032E-02  1.229E-01
  9.2815000E+04  2.159E-01 -2.084E-02  1.211E-01
  9.2817000E+04  2.143E-01 -2.187E-02  1.405E-01
  9.2819000E+04  2.004E-01 -2.246E-02  1.445E-01
  9.2821000E+04  1.862E-01 -2.231E-02  1.424E-01
  9.2823000E+04  2.076E-01 -2.041E-02  1.011E-01
  9.2825000E+04  1.672E-01 -1.837E-02  1.000E-01
  9.2827000E+04  1.584E-01 -1.818E-02  1.207E-01
  9.2829000E+04  1.907E-01 -2.028E-02  1.250E-01
  9.2831000E+04  1.954E-01 -2.161E-02  1.334E-01
  9.2833000E+04  1.609E-01 -1.956E-02  1.236E-01
  9.2835000E+04  1.573E-01 -2.044E-02  1.351E-01
  9.2837000E+04  2.009E-01 -2.299E-02  1.466E-01
  9.2839000E+04  1.511E-01 -1.357E-02  7.873E-02
  9.2841000E+04  1.712E-01 -1.850E-02  1.117E-01
  9.2843000E+04  1.846E-01 -2.067E-02  1.276E-01
  9.2845000E+04  1.639E-01 -1.922E-02  1.161E-01
  9.2847000E+04  1.844E-01 -2.044E-02  1.234E-01
  9.2849000E+04  2.160E-01 -2.240E-02  1.180E-01
  9.2851000E+04  1.758E-01 -1.822E-02  9.576E-02
  9.2853000E+04  1.616E-01 -2.003E-02  1.254E-01
  9.2855000E+04  1.559E-01 -1.832E-02  1.116E-01
  9.2857000E+04  1.747E-01 -1.840E-02  9.534E-02
  9.2859000E+04  1.599E-01 -1.872E-02  1.216E-01
  9.2861000E+04  1.112E-01 -1.324E-02  8.930E-02
  9.2863000E+04  1.518E-01 -1.600E-02  9.409E-02
  9.2865000E+04  1.869E-01 -1.898E-02  1.061E-01
  9.2867000E+04  1.792E-01 -1.979E-02  1.152E-01
  9.2869000E+04  1.422E-01 -1.647E-02  9.596E-02
  9.2871000E+04  1.320E-01 -1.517E-02  1.014E-01
  9.2873000E+04  1.773E-01 -1.819E-02  1.034E-01
  9.2875000E+04  1.596E-01 -1.684E-02  9.896E-02
  9.2877000E+04  1.784E-01 -1.872E-02  9.815E-02
  9.2879000E+04  1.502E-01 -1.561E-02  8.620E-02
  9.2881000E+04  1.622E-01 -1.821E-02  1.040E-01
  9.2883000E+04  1.565E-01 -1.664E-02  8.418E-02
  9.2885000E+04  1.445E-01 -1.435E-02  9.099E-02
  9.2887000E+04  1.466E-01 -1.574E-02  8.684E-02
  9.2889000E+04  1.466E-01 -1.578E-02  8.782E-02
  9.2891000E+04  1.388E-01 -1.604E-02  9.657E-02
