 -1.8615300E+05 -0.000E+00 -0.000E+00  0.000E+00
 -1.8615100E+05 -0.000E+00 -0.000E+00  0.000E+00
 -1.8614900E+05 -0.000E+00 -0.000E+00  0.000E+00
 -1.8614700E+05 -0.000E+00 -0.000E+00  0.000E+00
 -1.8614500E+05 -0.000E+00 -0.000E+00  0.000E+00
 -1.8614300E+05 -0.000E+00 -0.000E+00  0.000E+00
 -1.8614100E+05 -0.000E+00 -0.000E+00  0.000E+00
 -1.8613900E+05 -0.000E+00 -0.000E+00  0.000E+00
 -1.8613700E+05 -0.000E+00 -0.000E+00  0.000E+00
 -1.8613500E+05 -0.000E+00 -0.000E+00  0.000E+00
 -1.8613300E+05 -0.000E+00 -0.000E+00  0.000E+00
 -1.8613100E+05 -0.000E+00 -0.000E+00  0.000E+00
 -1.8612900E+05 -0.000E+00 -0.000E+00  0.000E+00
 -1.8612700E+05 -0.000E+00 -0.000E+00  0.000E+00
 -1.8612500E+05 -0.000E+00 -0.000E+00  0.000E+00
 -1.8612300E+05 -0.000E+00 -0.000E+00  0.000E+00
 -1.8612100E+05 -0.000E+00 -0.000E+00  0.000E+00
 -1.8611900E+05 -0.000E+00 -0.000E+00  0.000E+00
 -1.8611700E+05 -0.000E+00 -0.000E+00  0.000E+00
 -1.8611500E+05 -0.000E+00 -0.000E+00  0.000E+00
 -1.8611300E+05 -0.000E+00 -0.000E+00  0.000E+00
 -1.8611100E+05 -0.000E+00 -0.000E+00  0.000E+00
 -1.8610900E+05 -0.000E+00 -0.000E+00  0.000E+00
 -1.8610700E+05 -0.000E+00 -0.000E+00  0.000E+00
 -1.8610500E+05 -0.000E+00 -0.000E+00  0.000E+00
 -1.8610300E+05 -0.000E+00 -0.000E+00  0.000E+00
 -1.8610100E+05 -0.000E+00 -0.000E+00  0.000E+00
 -1.8609900E+05 -0.000E+00 -0.000E+00  0.000E+00
 -1.8609700E+05 -0.000E+00 -0.000E+00  0.000E+00
 -1.8609500E+05 -0.000E+00 -0.000E+00  0.000E+00
 -1.8609300E+05 -0.000E+00 -0.000E+00  0.000E+00
 -1.8609100E+05 -0.000E+00 -0.000E+00  0.000E+00
 -1.8608900E+05 -0.000E+00 -0.000E+00  0.000E+00
 -1.8608700E+05 -0.000E+00 -0.000E+00  0.000E+00
 -1.8608500E+05 -0.000E+00 -0.000E+00  0.000E+00
 -1.8608300E+05 -0.000E+00 -0.000E+00  0.000E+00
 -1.8608100E+05 -0.000E+00 -0.000E+00  0.000E+00
 -1.8607900E+05 -0.000E+00 -0.000E+00  0.000E+00
 -1.8607700E+05 -0.000E+00 -0.000E+00  0.000E+00
 -1.8607500E+05 -0.000E+00 -0.000E+00  0.000E+00
 -1.8607300E+05 -0.000E+00 -0.000E+00  0.000E+00
 -1.8607100E+05 -0.000E+00 -0.000E+00  0.000E+00
 -1.8606900E+05 -0.000E+00 -0.000E+00  0.000E+00
 -1.8606700E+05 -0.000E+00 -0.000E+00  0.000E+00
 -1.8606500E+05 -0.000E+00 -0.000E+00  0.000E+00
 -1.8606300E+05 -0.000E+00 -0.000E+00  0.000E+00
 -1.8606100E+05 -0.000E+00 -0.000E+00  0.000E+00
 -1.8605900E+05 -0.000E+00 -0.000E+00  0.000E+00
 -1.8605700E+05 -0.000E+00 -0.000E+00  0.000E+00
 -1.8605500E+05 -0.000E+00 -0.000E+00  0.000E+00
 -1.8605300E+05 -0.000E+00 -0.000E+00  0.000E+00
 -1.8605100E+05 -0.000E+00 -0.000E+00  0.000E+00
 -1.8604900E+05 -0.000E+00 -0.000E+00  0.000E+00
 -1.8604700E+05 -0.000E+00 -0.000E+00  0.000E+00
 -1.8604500E+05 -0.000E+00 -0.000E+00  0.000E+00
 -1.8604300E+05 -0.000E+00 -0.000E+00  0.000E+00
 -1.8604100E+05 -0.000E+00 -0.000E+00  0.000E+00
 -1.8603900E+05 -0.000E+00 -0.000E+00  0.000E+00
 -1.8603700E+05 -0.000E+00 -0.000E+00  0.000E+00
 -1.8603500E+05 -0.000E+00 -0.000E+00  0.000E+00
 -1.8603300E+05 -0.000E+00 -0.000E+00  0.000E+00
 -1.8603100E+05 -0.000E+00 -0.000E+00  0.000E+00
 -1.8602900E+05 -0.000E+00 -0.000E+00  0.000E+00
 -1.8602700E+05 -0.000E+00 -0.000E+00  0.000E+00
 -1.8602500E+05 -0.000E+00 -0.000E+00  0.000E+00
 -1.8602300E+05 -0.000E+00 -0.000E+00  0.000E+00
 -1.8602100E+05 -0.000E+00 -0.000E+00  0.000E+00
 -1.8601900E+05 -0.000E+00 -0.000E+00  0.000E+00
 -1.8601700E+05 -0.000E+00 -0.000E+00  0.000E+00
 -1.8601500E+05 -0.000E+00 -0.000E+00  0.000E+00
 -1.8601300E+05 -0.000E+00 -0.000E+00  0.000E+00
 -1.8601100E+05 -0.000E+00 -0.000E+00  0.000E+00
 -1.8600900E+05 -0.000E+00 -0.000E+00  0.000E+00
 -1.8600700E+05 -0.000E+00 -0.000E+00  0.000E+00
 -1.8600500E+05 -0.000E+00 -0.000E+00  0.000E+00
 -1.8600300E+05 -0.000E+00 -0.000E+00  0.000E+00
 -1.8600100E+05 -0.000E+00 -0.000E+00  0.000E+00
 -1.8599900E+05 -0.000E+00 -0.000E+00  0.000E+00
 -1.8599700E+05 -0.000E+00 -0.000E+00  0.000E+00
 -1.8599500E+05 -0.000E+00 -0.000E+00  0.000E+00
 -1.8599300E+05 -0.000E+00 -0.000E+00  0.000E+00
 -1.8599100E+05 -0.000E+00 -0.000E+00  0.000E+00
 -1.8598900E+05 -0.000E+00 -0.000E+00  0.000E+00
 -1.8598700E+05 -0.000E+00 -0.000E+00  0.000E+00
 -1.8598500E+05 -0.000E+00 -0.000E+00  0.000E+00
 -1.8598300E+05 -0.000E+00 -0.000E+00  0.000E+00
 -1.8598100E+05 -0.000E+00 -0.000E+00  0.000E+00
 -1.8597900E+05 -0.000E+00 -0.000E+00  0.000E+00
 -1.8597700E+05 -0.000E+00 -0.000E+00  0.000E+00
 -1.8597500E+05  6.723E-09 -3.084E-09  2.319E-08
 -1.8597300E+05  2.998E-08 -1.375E-08  1.034E-07
 -1.8597100E+05 -6.504E-06  2.069E-06 -1.405E-05
 -1.8596900E+05 -8.931E-06  1.398E-06 -6.194E-06
 -1.8596700E+05  4.913E-05 -5.594E-06  1.521E-05
 -1.8596500E+05  9.252E-06 -1.990E-06  1.126E-05
 -1.8596300E+05 -5.057E-06 -3.102E-06  3.137E-05
 -1.8596100E+05 -8.035E-05  4.119E-06  2.098E-05
 -1.8595900E+05 -1.128E-05  1.137E-05 -9.369E-05
 -1.8595700E+05 -2.693E-04  3.494E-05 -1.186E-04
 -1.8595500E+05 -4.551E-05  8.876E-05 -7.589E-04
 -1.8595300E+05  3.355E-04  2.223E-04 -2.199E-03
 -1.8595100E+05 -2.661E-03  9.781E-05  1.003E-03
 -1.8594900E+05 -1.326E-03 -9.227E-05  1.744E-03
 -1.8594700E+05 -2.281E-03  1.119E-04  5.979E-04
 -1.8594500E+05 -3.699E-03  3.621E-04 -5.930E-04
 -1.8594300E+05 -3.820E-03  4.110E-04 -9.565E-04
 -1.8594100E+05 -3.716E-03  3.887E-04 -8.382E-04
 -1.8593900E+05 -2.688E-03  5.197E-04 -2.735E-03
 -1.8593700E+05 -4.502E-03  4.626E-04 -9.423E-04
 -1.8593500E+05 -8.993E-03  1.490E-03 -6.804E-03
 -1.8593300E+05 -1.373E-02  2.139E-03 -9.173E-03
 -1.8593100E+05 -2.126E-02  2.614E-03 -8.159E-03
 -1.8592900E+05 -1.964E-02  2.256E-03 -6.123E-03
 -1.8592700E+05 -1.256E-02  2.864E-03 -1.635E-02
 -1.8592500E+05 -1.229E-02  1.443E-03 -4.091E-03
 -1.8592300E+05 -3.368E-02  2.647E-03 -7.392E-05
 -1.8592100E+05 -4.093E-02  7.708E-03 -3.861E-02
 -1.8591900E+05 -2.806E-02  4.565E-03 -2.025E-02
 -1.8591700E+05 -3.492E-02  4.473E-03 -1.472E-02
 -1.8591500E+05 -5.144E-02  7.972E-03 -3.350E-02
 -1.8591300E+05 -7.038E-02  1.003E-02 -3.845E-02
 -1.8591100E+05 -5.799E-02  9.037E-03 -3.822E-02
 -1.8590900E+05 -6.387E-02  7.419E-03 -2.052E-02
 -1.8590700E+05 -8.454E-02  9.265E-03 -2.220E-02
 -1.8590500E+05 -9.801E-02  1.282E-02 -4.360E-02
 -1.8590300E+05 -9.367E-02  1.570E-02 -7.048E-02
 -1.8590100E+05 -9.592E-02  1.483E-02 -6.178E-02
 -1.8589900E+05 -1.209E-01  1.699E-02 -6.341E-02
 -1.8589700E+05 -1.563E-01  2.065E-02 -7.083E-02
 -1.8589500E+05 -1.531E-01  2.425E-02 -1.027E-01
 -1.8589300E+05 -1.405E-01  2.642E-02 -1.285E-01
 -1.8589100E+05 -1.963E-01  3.041E-02 -1.257E-01
 -1.8588900E+05 -2.159E-01  2.635E-02 -7.988E-02
 -1.8588700E+05 -2.182E-01  2.812E-02 -9.187E-02
 -1.8588500E+05 -2.714E-01  3.436E-02 -1.093E-01
 -1.8588300E+05 -2.604E-01  4.435E-02 -1.983E-01
 -1.8588100E+05 -3.107E-01  4.722E-02 -1.899E-01
 -1.8587900E+05 -3.304E-01  4.311E-02 -1.434E-01
 -1.8587700E+05 -3.886E-01  5.227E-02 -1.812E-01
 -1.8587500E+05 -3.548E-01  5.415E-02 -2.179E-01
 -1.8587300E+05 -3.788E-01  5.785E-02 -2.320E-01
 -1.8587100E+05 -4.304E-01  5.701E-02 -1.926E-01
 -1.8586900E+05 -4.409E-01  7.109E-02 -3.002E-01
 -1.8586700E+05 -4.614E-01  6.829E-02 -2.640E-01
 -1.8586500E+05 -4.232E-01  5.686E-02 -1.943E-01
 -1.8586300E+05 -4.459E-01  6.595E-02 -2.535E-01
 -1.8586100E+05 -5.456E-01  8.148E-02 -3.166E-01
 -1.8585900E+05 -5.574E-01  7.817E-02 -2.822E-01
 -1.8585700E+05 -5.687E-01  8.465E-02 -3.263E-01
 -1.8585500E+05 -5.998E-01  9.041E-02 -3.539E-01
 -1.8585300E+05 -6.333E-01  8.962E-02 -3.250E-01
 -1.8585100E+05 -6.317E-01  9.584E-02 -3.754E-01
 -1.8584900E+05 -6.430E-01  9.570E-02 -3.680E-01
 -1.8584700E+05 -7.064E-01  1.121E-01 -4.576E-01
 -1.8584500E+05 -7.430E-01  1.117E-01 -4.322E-01
 -1.8584300E+05 -7.269E-01  1.059E-01 -3.947E-01
 -1.8584100E+05 -8.333E-01  1.147E-01 -4.002E-01
 -1.8583900E+05 -7.775E-01  1.300E-01 -5.528E-01
 -1.8583700E+05 -8.327E-01  1.205E-01 -4.455E-01
 -1.8583500E+05 -8.539E-01  1.232E-01 -4.510E-01
 -1.8583300E+05 -9.135E-01  1.212E-01 -3.998E-01
 -1.8583100E+05 -9.489E-01  1.363E-01 -4.961E-01
 -1.8582900E+05 -9.207E-01  1.363E-01 -5.139E-01
 -1.8582700E+05 -8.988E-01  1.318E-01 -4.894E-01
 -1.8582500E+05 -9.963E-01  1.497E-01 -5.706E-01
 -1.8582300E+05 -9.355E-01  1.414E-01 -5.432E-01
 -1.8582100E+05 -9.714E-01  1.484E-01 -5.738E-01
 -1.8581900E+05 -1.019E+00  1.510E-01 -5.666E-01
 -1.8581700E+05 -1.089E+00  1.645E-01 -6.269E-01
 -1.8581500E+05 -9.628E-01  1.533E-01 -6.117E-01
 -1.8581300E+05 -1.016E+00  1.512E-01 -5.651E-01
 -1.8581100E+05 -1.012E+00  1.493E-01 -5.512E-01
 -1.8580900E+05 -9.293E-01  1.358E-01 -4.978E-01
 -1.8580700E+05 -1.026E+00  1.549E-01 -5.861E-01
 -1.8580500E+05 -9.529E-01  1.650E-01 -7.048E-01
 -1.8580300E+05 -1.005E+00  1.514E-01 -5.693E-01
 -1.8580100E+05 -1.018E+00  1.342E-01 -4.307E-01
 -1.8579900E+05 -9.971E-01  1.681E-01 -6.957E-01
 -1.8579700E+05 -9.759E-01  1.372E-01 -4.753E-01
 -1.8579500E+05 -9.265E-01  1.316E-01 -4.610E-01
 -1.8579300E+05 -1.027E+00  1.568E-01 -5.943E-01
 -1.8579100E+05 -1.059E+00  1.654E-01 -6.390E-01
 -1.8578900E+05 -1.031E+00  1.533E-01 -5.621E-01
 -1.8578700E+05 -9.711E-01  1.391E-01 -4.888E-01
 -1.8578500E+05 -9.520E-01  1.446E-01 -5.396E-01
 -1.8578300E+05 -8.749E-01  1.424E-01 -5.675E-01
 -1.8578100E+05 -8.881E-01  1.365E-01 -5.158E-01
 -1.8577900E+05 -1.095E+00  1.464E-01 -4.712E-01
 -1.8577700E+05 -9.483E-01  1.374E-01 -4.862E-01
 -1.8577500E+05 -8.602E-01  1.456E-01 -5.958E-01
