 -1.0523700E+05 -0.000E+00 -0.000E+00  0.000E+00
 -1.0523500E+05 -0.000E+00 -0.000E+00  0.000E+00
 -1.0523300E+05 -0.000E+00 -0.000E+00  0.000E+00
 -1.0523100E+05 -0.000E+00 -0.000E+00  0.000E+00
 -1.0522900E+05 -0.000E+00 -0.000E+00  0.000E+00
 -1.0522700E+05 -0.000E+00 -0.000E+00  0.000E+00
 -1.0522500E+05 -0.000E+00 -0.000E+00  0.000E+00
 -1.0522300E+05 -0.000E+00 -0.000E+00  0.000E+00
 -1.0522100E+05 -0.000E+00 -0.000E+00  0.000E+00
 -1.0521900E+05 -0.000E+00 -0.000E+00  0.000E+00
 -1.0521700E+05 -0.000E+00 -0.000E+00  0.000E+00
 -1.0521500E+05 -0.000E+00 -0.000E+00  0.000E+00
 -1.0521300E+05 -0.000E+00 -0.000E+00  0.000E+00
 -1.0521100E+05 -0.000E+00 -0.000E+00  0.000E+00
 -1.0520900E+05 -0.000E+00 -0.000E+00  0.000E+00
 -1.0520700E+05 -0.000E+00 -0.000E+00  0.000E+00
 -1.0520500E+05 -0.000E+00 -0.000E+00  0.000E+00
 -1.0520300E+05 -0.000E+00 -0.000E+00  0.000E+00
 -1.0520100E+05 -0.000E+00 -0.000E+00  0.000E+00
 -1.0519900E+05 -0.000E+00 -0.000E+00  0.000E+00
 -1.0519700E+05 -0.000E+00 -0.000E+00  0.000E+00
 -1.0519500E+05 -0.000E+00 -0.000E+00  0.000E+00
 -1.0519300E+05 -0.000E+00 -0.000E+00  0.000E+00
 -1.0519100E+05 -0.000E+00 -0.000E+00  0.000E+00
 -1.0518900E+05 -0.000E+00 -0.000E+00  0.000E+00
 -1.0518700E+05 -0.000E+00 -0.000E+00  0.000E+00
 -1.0518500E+05 -0.000E+00 -0.000E+00  0.000E+00
 -1.0518300E+05 -0.000E+00 -0.000E+00  0.000E+00
 -1.0518100E+05 -0.000E+00 -0.000E+00  0.000E+00
 -1.0517900E+05 -0.000E+00 -0.000E+00  0.000E+00
 -1.0517700E+05 -0.000E+00 -0.000E+00  0.000E+00
 -1.0517500E+05 -0.000E+00 -0.000E+00  0.000E+00
 -1.0517300E+05 -0.000E+00 -0.000E+00  0.000E+00
 -1.0517100E+05 -0.000E+00 -0.000E+00  0.000E+00
 -1.0516900E+05 -0.000E+00 -0.000E+00  0.000E+00
 -1.0516700E+05 -0.000E+00 -0.000E+00  0.000E+00
 -1.0516500E+05  9.648E-07  3.684E-07 -4.524E-06
 -1.0516300E+05  5.219E-05 -2.219E-06 -1.683E-05
 -1.0516100E+05 -1.892E-04  2.561E-05 -1.186E-04
 -1.0515900E+05 -8.224E-05  8.220E-05 -7.754E-04
 -1.0515700E+05 -1.909E-03  1.653E-04 -2.654E-04
 -1.0515500E+05 -8.427E-03  9.307E-04 -3.212E-03
 -1.0515300E+05 -1.133E-02  1.598E-03 -7.835E-03
 -1.0515100E+05 -2.627E-02  4.188E-03 -2.306E-02
 -1.0514900E+05 -4.684E-02  6.488E-03 -3.117E-02
 -1.0514700E+05 -8.207E-02  1.164E-02 -5.750E-02
 -1.0514500E+05 -1.354E-01  1.807E-02 -8.351E-02
 -1.0514300E+05 -2.097E-01  2.700E-02 -1.198E-01
 -1.0514100E+05 -2.577E-01  3.479E-02 -1.632E-01
 -1.0513900E+05 -3.825E-01  5.026E-02 -2.292E-01
 -1.0513700E+05 -4.953E-01  7.315E-02 -3.768E-01
 -1.0513500E+05 -7.335E-01  9.664E-02 -4.426E-01
 -1.0513300E+05 -8.620E-01  1.196E-01 -5.793E-01
 -1.0513100E+05 -1.143E+00  1.508E-01 -6.931E-01
 -1.0512900E+05 -1.346E+00  1.708E-01 -7.511E-01
 -1.0512700E+05 -1.560E+00  2.062E-01 -9.520E-01
 -1.0512500E+05 -1.814E+00  2.463E-01 -1.170E+00
 -1.0512300E+05 -2.002E+00  2.750E-01 -1.323E+00
 -1.0512100E+05 -2.221E+00  2.928E-01 -1.352E+00
 -1.0511900E+05 -2.600E+00  3.332E-01 -1.492E+00
 -1.0511700E+05 -2.734E+00  3.451E-01 -1.519E+00
 -1.0511500E+05 -2.915E+00  3.850E-01 -1.785E+00
 -1.0511300E+05 -2.864E+00  3.880E-01 -1.849E+00
 -1.0511100E+05 -3.071E+00  3.953E-01 -1.787E+00
 -1.0510900E+05 -3.106E+00  4.065E-01 -1.874E+00
 -1.0510700E+05 -3.238E+00  4.104E-01 -1.829E+00
 -1.0510500E+05 -3.137E+00  3.969E-01 -1.767E+00
 -1.0510300E+05 -3.164E+00  3.975E-01 -1.759E+00
 -1.0510100E+05 -2.830E+00  3.515E-01 -1.540E+00
 -1.0509900E+05 -2.572E+00  3.374E-01 -1.570E+00
 -1.0509700E+05 -2.395E+00  3.119E-01 -1.441E+00
 -1.0509500E+05 -2.444E+00  3.065E-01 -1.362E+00
 -1.0509300E+05 -2.157E+00  2.694E-01 -1.198E+00
 -1.0509100E+05 -1.881E+00  2.375E-01 -1.069E+00
 -1.0508900E+05 -1.716E+00  2.292E-01 -1.091E+00
 -1.0508700E+05 -1.503E+00  1.946E-01 -9.065E-01
 -1.0508500E+05 -1.393E+00  1.861E-01 -8.913E-01
 -1.0508300E+05 -1.207E+00  1.574E-01 -7.390E-01
 -1.0508100E+05 -1.010E+00  1.257E-01 -5.681E-01
 -1.0507900E+05 -9.435E-01  9.696E-02 -3.432E-01
 -1.0507700E+05 -6.140E-01  1.006E-01 -5.702E-01
 -1.0507500E+05 -6.679E-01  9.153E-02 -4.565E-01
 -1.0507300E+05 -4.924E-01  7.480E-02 -4.046E-01
 -1.0507100E+05 -2.759E-01  3.226E-02 -1.513E-01
 -1.0506900E+05 -2.952E-01  5.488E-02 -3.379E-01
 -1.0506700E+05 -2.397E-01  1.788E-02 -3.631E-02
 -1.0506500E+05 -1.173E-01  2.008E-02 -1.284E-01
 -1.0506300E+05 -1.299E-01  1.029E-03  5.885E-02
 -1.0506100E+05  3.858E-02 -1.848E-03 -1.583E-02
 -1.0505900E+05  1.134E-02 -6.436E-03  4.330E-02
 -1.0505700E+05  1.370E-01 -8.825E-03 -8.092E-03
 -1.0505500E+05  1.148E-01 -1.170E-02  2.642E-02
 -1.0505300E+05  1.399E-01 -2.759E-02  1.597E-01
 -1.0505100E+05  1.854E-01 -1.917E-02  5.944E-02
 -1.0504900E+05  2.572E-01 -3.025E-02  1.154E-01
 -1.0504700E+05  2.732E-01 -3.351E-02  1.372E-01
 -1.0504500E+05  1.544E-01 -1.638E-02  5.073E-02
 -1.0504300E+05  2.349E-01 -2.617E-02  9.748E-02
 -1.0504100E+05  3.170E-01 -3.908E-02  1.597E-01
 -1.0503900E+05  2.830E-01 -4.509E-02  2.362E-01
 -1.0503700E+05  3.084E-01 -3.584E-02  1.415E-01
 -1.0503500E+05  3.546E-01 -3.952E-02  1.459E-01
 -1.0503300E+05  2.595E-01 -3.235E-02  1.331E-01
 -1.0503100E+05  3.200E-01 -4.448E-02  2.096E-01
 -1.0502900E+05  3.985E-01 -4.915E-02  2.091E-01
 -1.0502700E+05  2.580E-01 -4.037E-02  2.061E-01
 -1.0502500E+05  3.316E-01 -4.149E-02  1.792E-01
 -1.0502300E+05  3.944E-01 -4.212E-02  1.474E-01
 -1.0502100E+05  3.623E-01 -4.125E-02  1.573E-01
 -1.0501900E+05  2.321E-01 -4.318E-02  2.548E-01
 -1.0501700E+05  3.488E-01 -4.443E-02  1.946E-01
 -1.0501500E+05  2.981E-01 -3.756E-02  1.649E-01
 -1.0501300E+05  3.561E-01 -5.667E-02  3.010E-01
 -1.0501100E+05  3.726E-01 -4.095E-02  1.563E-01
 -1.0500900E+05  3.739E-01 -4.880E-02  2.228E-01
 -1.0500700E+05  3.496E-01 -3.764E-02  1.346E-01
 -1.0500500E+05  3.324E-01 -4.013E-02  1.694E-01
 -1.0500300E+05  2.878E-01 -4.506E-02  2.371E-01
 -1.0500100E+05  4.069E-01 -5.397E-02  2.502E-01
 -1.0499900E+05  3.242E-01 -3.716E-02  1.462E-01
 -1.0499700E+05  3.047E-01 -4.560E-02  2.296E-01
 -1.0499500E+05  3.556E-01 -4.322E-02  1.826E-01
 -1.0499300E+05  3.000E-01 -3.785E-02  1.690E-01
 -1.0499100E+05  3.316E-01 -4.505E-02  2.145E-01
 -1.0498900E+05  3.487E-01 -4.611E-02  2.142E-01
 -1.0498700E+05  3.039E-01 -4.259E-02  2.058E-01
 -1.0498500E+05  3.040E-01 -3.988E-02  1.798E-01
 -1.0498300E+05  3.017E-01 -3.821E-02  1.672E-01
 -1.0498100E+05  3.546E-01 -4.535E-02  2.047E-01
 -1.0497900E+05  3.360E-01 -4.189E-02  1.817E-01
 -1.0497700E+05  3.202E-01 -4.112E-02  1.832E-01
 -1.0497500E+05  3.186E-01 -3.964E-02  1.731E-01
 -1.0497300E+05  2.869E-01 -3.740E-02  1.717E-01
 -1.0497100E+05  3.358E-01 -4.604E-02  2.187E-01
 -1.0496900E+05  3.242E-01 -3.830E-02  1.564E-01
 -1.0496700E+05  3.104E-01 -4.384E-02  2.196E-01
 -1.0496500E+05  3.106E-01 -4.016E-02  1.829E-01
 -1.0496300E+05  3.638E-01 -4.322E-02  1.771E-01
 -1.0496100E+05  3.048E-01 -4.039E-02  1.906E-01
 -1.0495900E+05  2.908E-01 -3.539E-02  1.490E-01
 -1.0495700E+05  2.653E-01 -3.399E-02  1.539E-01
 -1.0495500E+05  2.735E-01 -3.685E-02  1.718E-01
 -1.0495300E+05  3.097E-01 -3.382E-02  1.255E-01
 -1.0495100E+05  3.034E-01 -3.565E-02  1.450E-01
 -1.0494900E+05  2.521E-01 -3.672E-02  1.866E-01
 -1.0494700E+05  2.727E-01 -3.221E-02  1.317E-01
 -1.0494500E+05  2.892E-01 -3.602E-02  1.528E-01
 -1.0494300E+05  2.906E-01 -3.939E-02  1.907E-01
 -1.0494100E+05  2.809E-01 -3.771E-02  1.762E-01
 -1.0493900E+05  2.465E-01 -3.116E-02  1.332E-01
 -1.0493700E+05  3.027E-01 -3.495E-02  1.401E-01
 -1.0493500E+05  2.776E-01 -3.756E-02  1.774E-01
 -1.0493300E+05  2.194E-01 -2.864E-02  1.345E-01
 -1.0493100E+05  2.774E-01 -3.504E-02  1.550E-01
 -1.0492900E+05  2.559E-01 -3.413E-02  1.640E-01
 -1.0492700E+05  2.177E-01 -3.710E-02  2.069E-01
 -1.0492500E+05  2.547E-01 -3.463E-02  1.618E-01
 -1.0492300E+05  2.842E-01 -3.294E-02  1.342E-01
 -1.0492100E+05  2.577E-01 -2.921E-02  1.099E-01
 -1.0491900E+05  2.495E-01 -2.941E-02  1.157E-01
 -1.0491700E+05  2.595E-01 -3.443E-02  1.633E-01
 -1.0491500E+05  2.621E-01 -3.140E-02  1.383E-01
 -1.0491300E+05  2.329E-01 -2.939E-02  1.307E-01
 -1.0491100E+05  2.100E-01 -3.180E-02  1.685E-01
 -1.0490900E+05  2.282E-01 -3.274E-02  1.577E-01
 -1.0490700E+05  2.422E-01 -3.197E-02  1.509E-01
 -1.0490500E+05  2.723E-01 -3.173E-02  1.325E-01
 -1.0490300E+05  2.313E-01 -3.193E-02  1.568E-01
 -1.0490100E+05  2.292E-01 -2.946E-02  1.369E-01
 -1.0489900E+05  2.643E-01 -3.385E-02  1.482E-01
 -1.0489700E+05  2.254E-01 -2.583E-02  1.029E-01
 -1.0489500E+05  2.357E-01 -3.102E-02  1.418E-01
 -1.0489300E+05  2.249E-01 -3.274E-02  1.584E-01
 -1.0489100E+05  2.439E-01 -3.053E-02  1.347E-01
 -1.0488900E+05  2.077E-01 -2.317E-02  9.801E-02
 -1.0488700E+05  2.114E-01 -2.976E-02  1.445E-01
 -1.0488500E+05  2.115E-01 -2.744E-02  1.269E-01
 -1.0488300E+05  2.083E-01 -2.525E-02  1.166E-01
 -1.0488100E+05  2.666E-01 -3.252E-02  1.358E-01
 -1.0487900E+05  1.879E-01 -2.338E-02  9.961E-02
 -1.0487700E+05  1.843E-01 -2.374E-02  1.090E-01
 -1.0487500E+05  2.364E-01 -3.289E-02  1.594E-01
 -1.0487300E+05  2.012E-01 -2.907E-02  1.477E-01
 -1.0487100E+05  1.702E-01 -2.642E-02  1.360E-01
 -1.0486900E+05  2.010E-01 -2.788E-02  1.320E-01
 -1.0486700E+05  2.498E-01 -2.888E-02  1.208E-01
 -1.0486500E+05  2.055E-01 -2.658E-02  1.188E-01
 -1.0486300E+05  1.837E-01 -2.537E-02  1.247E-01
 -1.0486100E+05  1.644E-01 -2.403E-02  1.233E-01
 -1.0485900E+05  2.125E-01 -2.823E-02  1.309E-01
