 -1.7051500E+05 -0.000E+00 -0.000E+00  0.000E+00
 -1.7051300E+05 -0.000E+00 -0.000E+00  0.000E+00
 -1.7051100E+05 -0.000E+00 -0.000E+00  0.000E+00
 -1.7050900E+05 -0.000E+00 -0.000E+00  0.000E+00
 -1.7050700E+05 -0.000E+00 -0.000E+00  0.000E+00
 -1.7050500E+05 -0.000E+00 -0.000E+00  0.000E+00
 -1.7050300E+05 -0.000E+00 -0.000E+00  0.000E+00
 -1.7050100E+05 -0.000E+00 -0.000E+00  0.000E+00
 -1.7049900E+05 -0.000E+00 -0.000E+00  0.000E+00
 -1.7049700E+05 -0.000E+00 -0.000E+00  0.000E+00
 -1.7049500E+05 -0.000E+00 -0.000E+00  0.000E+00
 -1.7049300E+05 -0.000E+00 -0.000E+00  0.000E+00
 -1.7049100E+05 -0.000E+00 -0.000E+00  0.000E+00
 -1.7048900E+05 -0.000E+00 -0.000E+00  0.000E+00
 -1.7048700E+05 -0.000E+00 -0.000E+00  0.000E+00
 -1.7048500E+05 -0.000E+00 -0.000E+00  0.000E+00
 -1.7048300E+05 -0.000E+00 -0.000E+00  0.000E+00
 -1.7048100E+05 -0.000E+00 -0.000E+00  0.000E+00
 -1.7047900E+05 -0.000E+00 -0.000E+00  0.000E+00
 -1.7047700E+05 -0.000E+00 -0.000E+00  0.000E+00
 -1.7047500E+05 -0.000E+00 -0.000E+00  0.000E+00
 -1.7047300E+05 -0.000E+00 -0.000E+00  0.000E+00
 -1.7047100E+05 -0.000E+00 -0.000E+00  0.000E+00
 -1.7046900E+05 -0.000E+00 -0.000E+00  0.000E+00
 -1.7046700E+05 -0.000E+00 -0.000E+00  0.000E+00
 -1.7046500E+05 -0.000E+00 -0.000E+00  0.000E+00
 -1.7046300E+05 -0.000E+00 -0.000E+00  0.000E+00
 -1.7046100E+05 -0.000E+00 -0.000E+00  0.000E+00
 -1.7045900E+05 -0.000E+00 -0.000E+00  0.000E+00
 -1.7045700E+05 -0.000E+00 -0.000E+00  0.000E+00
 -1.7045500E+05 -0.000E+00 -0.000E+00  0.000E+00
 -1.7045300E+05 -0.000E+00 -0.000E+00  0.000E+00
 -1.7045100E+05 -0.000E+00 -0.000E+00  0.000E+00
 -1.7044900E+05 -0.000E+00 -0.000E+00  0.000E+00
 -1.7044700E+05 -0.000E+00 -0.000E+00  0.000E+00
 -1.7044500E+05 -0.000E+00 -0.000E+00  0.000E+00
 -1.7044300E+05 -0.000E+00 -0.000E+00  0.000E+00
 -1.7044100E+05 -0.000E+00 -0.000E+00  0.000E+00
 -1.7043900E+05 -0.000E+00 -0.000E+00  0.000E+00
 -1.7043700E+05 -0.000E+00 -0.000E+00  0.000E+00
 -1.7043500E+05 -0.000E+00 -0.000E+00  0.000E+00
 -1.7043300E+05 -0.000E+00 -0.000E+00  0.000E+00
 -1.7043100E+05 -0.000E+00 -0.000E+00  0.000E+00
 -1.7042900E+05 -0.000E+00 -0.000E+00  0.000E+00
 -1.7042700E+05 -0.000E+00 -0.000E+00  0.000E+00
 -1.7042500E+05 -0.000E+00 -0.000E+00  0.000E+00
 -1.7042300E+05 -0.000E+00 -0.000E+00  0.000E+00
 -1.7042100E+05 -0.000E+00 -0.000E+00  0.000E+00
 -1.7041900E+05 -0.000E+00 -0.000E+00  0.000E+00
 -1.7041700E+05 -0.000E+00 -0.000E+00  0.000E+00
 -1.7041500E+05 -0.000E+00 -0.000E+00  0.000E+00
 -1.7041300E+05 -0.000E+00 -0.000E+00  0.000E+00
 -1.7041100E+05 -0.000E+00 -0.000E+00  0.000E+00
 -1.7040900E+05 -0.000E+00 -0.000E+00  0.000E+00
 -1.7040700E+05 -0.000E+00 -0.000E+00  0.000E+00
 -1.7040500E+05 -0.000E+00 -0.000E+00  0.000E+00
 -1.7040300E+05 -0.000E+00 -0.000E+00  0.000E+00
 -1.7040100E+05 -0.000E+00 -0.000E+00  0.000E+00
 -1.7039900E+05 -0.000E+00 -0.000E+00  0.000E+00
 -1.7039700E+05 -0.000E+00 -0.000E+00  0.000E+00
 -1.7039500E+05 -0.000E+00 -0.000E+00  0.000E+00
 -1.7039300E+05 -0.000E+00 -0.000E+00  0.000E+00
 -1.7039100E+05 -0.000E+00 -0.000E+00  0.000E+00
 -1.7038900E+05 -0.000E+00 -0.000E+00  0.000E+00
 -1.7038700E+05 -0.000E+00 -0.000E+00  0.000E+00
 -1.7038500E+05 -0.000E+00 -0.000E+00  0.000E+00
 -1.7038300E+05 -0.000E+00 -0.000E+00  0.000E+00
 -1.7038100E+05 -0.000E+00 -0.000E+00  0.000E+00
 -1.7037900E+05 -0.000E+00 -0.000E+00  0.000E+00
 -1.7037700E+05 -0.000E+00 -0.000E+00  0.000E+00
 -1.7037500E+05 -0.000E+00 -0.000E+00  0.000E+00
 -1.7037300E+05 -0.000E+00 -0.000E+00  0.000E+00
 -1.7037100E+05 -0.000E+00 -0.000E+00  0.000E+00
 -1.7036900E+05 -0.000E+00 -0.000E+00  0.000E+00
 -1.7036700E+05 -0.000E+00 -0.000E+00  0.000E+00
 -1.7036500E+05 -0.000E+00 -0.000E+00  0.000E+00
 -1.7036300E+05 -0.000E+00 -0.000E+00  0.000E+00
 -1.7036100E+05 -0.000E+00 -0.000E+00  0.000E+00
 -1.7035900E+05 -0.000E+00 -0.000E+00  0.000E+00
 -1.7035700E+05 -0.000E+00 -0.000E+00  0.000E+00
 -1.7035500E+05 -0.000E+00 -0.000E+00  0.000E+00
 -1.7035300E+05 -0.000E+00 -0.000E+00  0.000E+00
 -1.7035100E+05 -0.000E+00 -0.000E+00  0.000E+00
 -1.7034900E+05 -0.000E+00 -0.000E+00  0.000E+00
 -1.7034700E+05 -0.000E+00 -0.000E+00  0.000E+00
 -1.7034500E+05 -0.000E+00 -0.000E+00  0.000E+00
 -1.7034300E+05 -0.000E+00 -0.000E+00  0.000E+00
 -1.7034100E+05 -0.000E+00 -0.000E+00  0.000E+00
 -1.7033900E+05 -0.000E+00 -0.000E+00  0.000E+00
 -1.7033700E+05 -0.000E+00 -0.000E+00  0.000E+00
 -1.7033500E+05 -0.000E+00 -0.000E+00  0.000E+00
 -1.7033300E+05 -0.000E+00 -0.000E+00  0.000E+00
 -1.7033100E+05 -0.000E+00 -0.000E+00  0.000E+00
 -1.7032900E+05 -0.000E+00 -0.000E+00  0.000E+00
 -1.7032700E+05 -0.000E+00 -0.000E+00  0.000E+00
 -1.7032500E+05 -0.000E+00 -0.000E+00  0.000E+00
 -1.7032300E+05 -0.000E+00 -0.000E+00  0.000E+00
 -1.7032100E+05 -0.000E+00 -0.000E+00  0.000E+00
 -1.7031900E+05 -0.000E+00 -0.000E+00  0.000E+00
 -1.7031700E+05 -0.000E+00 -0.000E+00  0.000E+00
 -1.7031500E+05 -0.000E+00 -0.000E+00  0.000E+00
 -1.7031300E+05 -0.000E+00 -0.000E+00  0.000E+00
 -1.7031100E+05 -0.000E+00 -0.000E+00  0.000E+00
 -1.7030900E+05 -0.000E+00 -0.000E+00  0.000E+00
 -1.7030700E+05 -0.000E+00 -0.000E+00  0.000E+00
 -1.7030500E+05 -0.000E+00 -0.000E+00  0.000E+00
 -1.7030300E+05 -0.000E+00 -0.000E+00  0.000E+00
 -1.7030100E+05 -0.000E+00 -0.000E+00  0.000E+00
 -1.7029900E+05 -0.000E+00 -0.000E+00  0.000E+00
 -1.7029700E+05 -0.000E+00 -0.000E+00  0.000E+00
 -1.7029500E+05 -0.000E+00 -0.000E+00  0.000E+00
 -1.7029300E+05 -0.000E+00 -0.000E+00  0.000E+00
 -1.7029100E+05 -0.000E+00 -0.000E+00  0.000E+00
 -1.7028900E+05 -0.000E+00 -0.000E+00  0.000E+00
 -1.7028700E+05 -0.000E+00 -0.000E+00  0.000E+00
 -1.7028500E+05 -0.000E+00 -0.000E+00  0.000E+00
 -1.7028300E+05 -0.000E+00 -0.000E+00  0.000E+00
 -1.7028100E+05 -0.000E+00 -0.000E+00  0.000E+00
 -1.7027900E+05 -0.000E+00 -0.000E+00  0.000E+00
 -1.7027700E+05 -0.000E+00 -0.000E+00  0.000E+00
 -1.7027500E+05 -0.000E+00 -0.000E+00  0.000E+00
 -1.7027300E+05 -0.000E+00 -0.000E+00  0.000E+00
 -1.7027100E+05 -0.000E+00 -0.000E+00  0.000E+00
 -1.7026900E+05 -0.000E+00 -0.000E+00  0.000E+00
 -1.7026700E+05 -0.000E+00 -0.000E+00  0.000E+00
 -1.7026500E+05 -0.000E+00 -0.000E+00  0.000E+00
 -1.7026300E+05 -0.000E+00 -0.000E+00  0.000E+00
 -1.7026100E+05 -0.000E+00 -0.000E+00  0.000E+00
 -1.7025900E+05 -0.000E+00 -0.000E+00  0.000E+00
 -1.7025700E+05 -0.000E+00 -0.000E+00  0.000E+00
 -1.7025500E+05 -0.000E+00 -0.000E+00  0.000E+00
 -1.7025300E+05 -0.000E+00 -0.000E+00  0.000E+00
 -1.7025100E+05 -0.000E+00 -0.000E+00  0.000E+00
 -1.7024900E+05 -0.000E+00 -0.000E+00  0.000E+00
 -1.7024700E+05 -0.000E+00 -0.000E+00  0.000E+00
 -1.7024500E+05 -0.000E+00 -0.000E+00  0.000E+00
 -1.7024300E+05 -0.000E+00 -0.000E+00  0.000E+00
 -1.7024100E+05 -0.000E+00 -0.000E+00  0.000E+00
 -1.7023900E+05 -0.000E+00 -0.000E+00  0.000E+00
 -1.7023700E+05 -0.000E+00 -0.000E+00  0.000E+00
 -1.7023500E+05 -0.000E+00 -0.000E+00  0.000E+00
 -1.7023300E+05 -0.000E+00 -0.000E+00  0.000E+00
 -1.7023100E+05 -0.000E+00 -0.000E+00  0.000E+00
 -1.7022900E+05 -0.000E+00 -0.000E+00  0.000E+00
 -1.7022700E+05 -0.000E+00 -0.000E+00  0.000E+00
 -1.7022500E+05 -0.000E+00 -0.000E+00  0.000E+00
 -1.7022300E+05 -0.000E+00 -0.000E+00  0.000E+00
 -1.7022100E+05 -0.000E+00 -0.000E+00  0.000E+00
 -1.7021900E+05 -0.000E+00 -0.000E+00  0.000E+00
 -1.7021700E+05 -0.000E+00 -0.000E+00  0.000E+00
 -1.7021500E+05 -0.000E+00 -0.000E+00  0.000E+00
 -1.7021300E+05 -0.000E+00 -0.000E+00  0.000E+00
 -1.7021100E+05 -0.000E+00 -0.000E+00  0.000E+00
 -1.7020900E+05 -0.000E+00 -0.000E+00  0.000E+00
 -1.7020700E+05 -0.000E+00 -0.000E+00  0.000E+00
 -1.7020500E+05 -0.000E+00 -0.000E+00  0.000E+00
 -1.7020300E+05 -0.000E+00 -0.000E+00  0.000E+00
 -1.7020100E+05 -0.000E+00 -0.000E+00  0.000E+00
 -1.7019900E+05 -0.000E+00 -0.000E+00  0.000E+00
 -1.7019700E+05 -0.000E+00 -0.000E+00  0.000E+00
 -1.7019500E+05 -0.000E+00 -0.000E+00  0.000E+00
 -1.7019300E+05 -0.000E+00 -0.000E+00  0.000E+00
 -1.7019100E+05 -0.000E+00 -0.000E+00  0.000E+00
 -1.7018900E+05 -0.000E+00 -0.000E+00  0.000E+00
 -1.7018700E+05 -0.000E+00 -0.000E+00  0.000E+00
 -1.7018500E+05 -0.000E+00 -0.000E+00  0.000E+00
 -1.7018300E+05 -0.000E+00 -0.000E+00  0.000E+00
 -1.7018100E+05 -0.000E+00 -0.000E+00  0.000E+00
 -1.7017900E+05 -0.000E+00 -0.000E+00  0.000E+00
 -1.7017700E+05 -0.000E+00 -0.000E+00  0.000E+00
 -1.7017500E+05 -0.000E+00 -0.000E+00  0.000E+00
 -1.7017300E+05 -0.000E+00 -0.000E+00  0.000E+00
 -1.7017100E+05 -0.000E+00 -0.000E+00  0.000E+00
 -1.7016900E+05 -0.000E+00 -0.000E+00  0.000E+00
 -1.7016700E+05 -0.000E+00 -0.000E+00  0.000E+00
 -1.7016500E+05 -0.000E+00 -0.000E+00  0.000E+00
 -1.7016300E+05  2.170E-08 -1.441E-08  1.230E-07
 -1.7016100E+05  1.585E-09 -1.053E-09  8.990E-09
 -1.7015900E+05  2.360E-06  8.451E-08 -2.054E-06
 -1.7015700E+05 -1.407E-05 -4.283E-07  1.150E-05
 -1.7015500E+05 -2.627E-05 -1.099E-05  1.160E-04
 -1.7015300E+05 -3.934E-05  8.836E-07  1.226E-05
 -1.7015100E+05 -4.830E-05 -1.201E-05  1.361E-04
 -1.7014900E+05 -4.270E-04  3.022E-05 -5.232E-05
 -1.7014700E+05 -3.048E-04 -4.025E-05  5.337E-04
 -1.7014500E+05 -1.595E-05 -1.721E-06  2.414E-05
 -1.7014300E+05  8.650E-05  3.970E-05 -4.131E-04
 -1.7014100E+05  3.582E-05  1.823E-05 -1.881E-04
 -1.7013900E+05  4.129E-05  2.033E-06 -3.992E-05
 -1.7013700E+05  1.442E-05  2.487E-06 -2.983E-05
