  2.3528900E+05 -0.000E+00 -0.000E+00  0.000E+00
  2.3529100E+05 -0.000E+00 -0.000E+00  0.000E+00
  2.3529300E+05 -0.000E+00 -0.000E+00  0.000E+00
  2.3529500E+05 -0.000E+00 -0.000E+00  0.000E+00
  2.3529700E+05 -0.000E+00 -0.000E+00  0.000E+00
  2.3529900E+05 -0.000E+00 -0.000E+00  0.000E+00
  2.3530100E+05 -0.000E+00 -0.000E+00  0.000E+00
  2.3530300E+05 -0.000E+00 -0.000E+00  0.000E+00
  2.3530500E+05 -0.000E+00 -0.000E+00  0.000E+00
  2.3530700E+05 -0.000E+00 -0.000E+00  0.000E+00
  2.3530900E+05 -0.000E+00 -0.000E+00  0.000E+00
  2.3531100E+05 -0.000E+00 -0.000E+00  0.000E+00
  2.3531300E+05 -0.000E+00 -0.000E+00  0.000E+00
  2.3531500E+05 -0.000E+00 -0.000E+00  0.000E+00
  2.3531700E+05 -0.000E+00 -0.000E+00  0.000E+00
  2.3531900E+05 -0.000E+00 -0.000E+00  0.000E+00
  2.3532100E+05 -0.000E+00 -0.000E+00  0.000E+00
  2.3532300E+05 -0.000E+00 -0.000E+00  0.000E+00
  2.3532500E+05 -0.000E+00 -0.000E+00  0.000E+00
  2.3532700E+05 -0.000E+00 -0.000E+00  0.000E+00
  2.3532900E+05 -0.000E+00 -0.000E+00  0.000E+00
  2.3533100E+05 -0.000E+00 -0.000E+00  0.000E+00
  2.3533300E+05 -0.000E+00 -0.000E+00  0.000E+00
  2.3533500E+05 -0.000E+00 -0.000E+00  0.000E+00
  2.3533700E+05 -0.000E+00 -0.000E+00  0.000E+00
  2.3533900E+05 -0.000E+00 -0.000E+00  0.000E+00
  2.3534100E+05 -0.000E+00 -0.000E+00  0.000E+00
  2.3534300E+05 -0.000E+00 -0.000E+00  0.000E+00
  2.3534500E+05 -0.000E+00 -0.000E+00  0.000E+00
  2.3534700E+05 -0.000E+00 -0.000E+00  0.000E+00
  2.3534900E+05 -0.000E+00 -0.000E+00  0.000E+00
  2.3535100E+05 -0.000E+00 -0.000E+00  0.000E+00
  2.3535300E+05 -0.000E+00 -0.000E+00  0.000E+00
  2.3535500E+05 -0.000E+00 -0.000E+00  0.000E+00
  2.3535700E+05 -0.000E+00 -0.000E+00  0.000E+00
  2.3535900E+05 -0.000E+00 -0.000E+00  0.000E+00
  2.3536100E+05 -0.000E+00 -0.000E+00  0.000E+00
  2.3536300E+05 -0.000E+00 -0.000E+00  0.000E+00
  2.3536500E+05 -0.000E+00 -0.000E+00  0.000E+00
  2.3536700E+05 -0.000E+00 -0.000E+00  0.000E+00
  2.3536900E+05 -0.000E+00 -0.000E+00  0.000E+00
  2.3537100E+05 -0.000E+00 -0.000E+00  0.000E+00
  2.3537300E+05 -0.000E+00 -0.000E+00  0.000E+00
  2.3537500E+05 -0.000E+00 -0.000E+00  0.000E+00
  2.3537700E+05 -0.000E+00 -0.000E+00  0.000E+00
  2.3537900E+05 -0.000E+00 -0.000E+00  0.000E+00
  2.3538100E+05 -0.000E+00 -0.000E+00  0.000E+00
  2.3538300E+05 -0.000E+00 -0.000E+00  0.000E+00
  2.3538500E+05 -0.000E+00 -0.000E+00  0.000E+00
  2.3538700E+05 -0.000E+00 -0.000E+00  0.000E+00
  2.3538900E+05 -0.000E+00 -0.000E+00  0.000E+00
  2.3539100E+05 -0.000E+00 -0.000E+00  0.000E+00
  2.3539300E+05 -0.000E+00 -0.000E+00  0.000E+00
  2.3539500E+05 -0.000E+00 -0.000E+00  0.000E+00
  2.3539700E+05 -0.000E+00 -0.000E+00  0.000E+00
  2.3539900E+05 -0.000E+00 -0.000E+00  0.000E+00
  2.3540100E+05 -0.000E+00 -0.000E+00  0.000E+00
  2.3540300E+05 -0.000E+00 -0.000E+00  0.000E+00
  2.3540500E+05 -0.000E+00 -0.000E+00  0.000E+00
  2.3540700E+05 -0.000E+00 -0.000E+00  0.000E+00
  2.3540900E+05 -0.000E+00 -0.000E+00  0.000E+00
  2.3541100E+05 -0.000E+00 -0.000E+00  0.000E+00
  2.3541300E+05 -0.000E+00 -0.000E+00  0.000E+00
  2.3541500E+05 -0.000E+00 -0.000E+00  0.000E+00
  2.3541700E+05 -0.000E+00 -0.000E+00  0.000E+00
  2.3541900E+05 -0.000E+00 -0.000E+00  0.000E+00
  2.3542100E+05 -0.000E+00 -0.000E+00  0.000E+00
  2.3542300E+05 -0.000E+00 -0.000E+00  0.000E+00
  2.3542500E+05 -0.000E+00 -0.000E+00  0.000E+00
  2.3542700E+05 -0.000E+00 -0.000E+00  0.000E+00
  2.3542900E+05 -0.000E+00 -0.000E+00  0.000E+00
  2.3543100E+05 -0.000E+00 -0.000E+00  0.000E+00
  2.3543300E+05 -0.000E+00 -0.000E+00  0.000E+00
  2.3543500E+05 -0.000E+00 -0.000E+00  0.000E+00
  2.3543700E+05 -0.000E+00 -0.000E+00  0.000E+00
  2.3543900E+05 -0.000E+00 -0.000E+00  0.000E+00
  2.3544100E+05 -0.000E+00 -0.000E+00  0.000E+00
  2.3544300E+05 -0.000E+00 -0.000E+00  0.000E+00
  2.3544500E+05 -0.000E+00 -0.000E+00  0.000E+00
  2.3544700E+05 -0.000E+00 -0.000E+00  0.000E+00
  2.3544900E+05 -0.000E+00 -0.000E+00  0.000E+00
  2.3545100E+05 -0.000E+00 -0.000E+00  0.000E+00
  2.3545300E+05 -0.000E+00 -0.000E+00  0.000E+00
  2.3545500E+05 -0.000E+00 -0.000E+00  0.000E+00
  2.3545700E+05 -0.000E+00 -0.000E+00  0.000E+00
  2.3545900E+05 -0.000E+00 -0.000E+00  0.000E+00
  2.3546100E+05 -0.000E+00 -0.000E+00  0.000E+00
  2.3546300E+05 -0.000E+00 -0.000E+00  0.000E+00
  2.3546500E+05 -0.000E+00 -0.000E+00  0.000E+00
  2.3546700E+05 -0.000E+00 -0.000E+00  0.000E+00
  2.3546900E+05 -0.000E+00 -0.000E+00  0.000E+00
  2.3547100E+05 -0.000E+00 -0.000E+00  0.000E+00
  2.3547300E+05 -0.000E+00 -0.000E+00  0.000E+00
  2.3547500E+05 -0.000E+00 -0.000E+00  0.000E+00
  2.3547700E+05 -0.000E+00 -0.000E+00  0.000E+00
  2.3547900E+05 -0.000E+00 -0.000E+00  0.000E+00
  2.3548100E+05 -0.000E+00 -0.000E+00  0.000E+00
  2.3548300E+05 -0.000E+00 -0.000E+00  0.000E+00
  2.3548500E+05 -0.000E+00 -0.000E+00  0.000E+00
  2.3548700E+05 -0.000E+00 -0.000E+00  0.000E+00
  2.3548900E+05 -0.000E+00 -0.000E+00  0.000E+00
  2.3549100E+05 -0.000E+00 -0.000E+00  0.000E+00
  2.3549300E+05 -0.000E+00 -0.000E+00  0.000E+00
  2.3549500E+05 -0.000E+00 -0.000E+00  0.000E+00
  2.3549700E+05 -0.000E+00 -0.000E+00  0.000E+00
  2.3549900E+05 -0.000E+00 -0.000E+00  0.000E+00
  2.3550100E+05 -0.000E+00 -0.000E+00  0.000E+00
  2.3550300E+05 -0.000E+00 -0.000E+00  0.000E+00
  2.3550500E+05 -0.000E+00 -0.000E+00  0.000E+00
  2.3550700E+05 -0.000E+00 -0.000E+00  0.000E+00
  2.3550900E+05 -0.000E+00 -0.000E+00  0.000E+00
  2.3551100E+05 -0.000E+00 -0.000E+00  0.000E+00
  2.3551300E+05 -0.000E+00 -0.000E+00  0.000E+00
  2.3551500E+05 -0.000E+00 -0.000E+00  0.000E+00
  2.3551700E+05 -0.000E+00 -0.000E+00  0.000E+00
  2.3551900E+05 -0.000E+00 -0.000E+00  0.000E+00
  2.3552100E+05 -0.000E+00 -0.000E+00  0.000E+00
  2.3552300E+05 -0.000E+00 -0.000E+00  0.000E+00
  2.3552500E+05 -0.000E+00 -0.000E+00  0.000E+00
  2.3552700E+05 -0.000E+00 -0.000E+00  0.000E+00
  2.3552900E+05  1.799E-08 -4.143E-09  3.801E-08
  2.3553100E+05 -3.362E-06  7.557E-08  3.630E-06
  2.3553300E+05 -1.409E-05  8.096E-07  7.669E-06
  2.3553500E+05 -1.353E-05  9.769E-08  1.794E-05
  2.3553700E+05 -4.654E-05  8.511E-06 -6.467E-05
  2.3553900E+05 -4.700E-05  2.060E-05 -2.532E-04
  2.3554100E+05 -1.490E-04  1.089E-05  4.661E-05
  2.3554300E+05 -3.605E-04  1.487E-05  2.916E-04
  2.3554500E+05 -3.507E-04  4.716E-05 -2.254E-04
  2.3554700E+05 -6.388E-04  1.096E-04 -7.845E-04
  2.3554900E+05 -1.115E-03  2.984E-04 -3.058E-03
  2.3555100E+05 -4.450E-03  5.524E-04 -2.154E-03
  2.3555300E+05 -5.254E-03  7.697E-04 -4.392E-03
  2.3555500E+05 -6.277E-03  7.233E-04 -2.161E-03
  2.3555700E+05 -1.201E-02  1.506E-03 -6.089E-03
  2.3555900E+05 -1.257E-02  1.946E-03 -1.226E-02
  2.3556100E+05 -1.386E-02  1.793E-03 -7.883E-03
  2.3556300E+05 -2.860E-02  3.921E-03 -1.985E-02
  2.3556500E+05 -3.857E-02  4.807E-03 -1.905E-02
  2.3556700E+05 -4.847E-02  5.933E-03 -2.220E-02
  2.3556900E+05 -6.610E-02  8.860E-03 -4.268E-02
  2.3557100E+05 -6.285E-02  9.607E-03 -5.976E-02
  2.3557300E+05 -7.593E-02  1.050E-02 -5.442E-02
  2.3557500E+05 -1.163E-01  1.489E-02 -6.401E-02
  2.3557700E+05 -1.296E-01  1.773E-02 -8.996E-02
  2.3557900E+05 -1.732E-01  2.276E-02 -1.050E-01
  2.3558100E+05 -2.095E-01  2.938E-02 -1.573E-01
  2.3558300E+05 -2.590E-01  3.437E-02 -1.630E-01
  2.3558500E+05 -2.923E-01  3.829E-02 -1.755E-01
  2.3558700E+05 -3.572E-01  4.862E-02 -2.447E-01
  2.3558900E+05 -4.174E-01  5.605E-02 -2.734E-01
  2.3559100E+05 -4.583E-01  6.012E-02 -2.769E-01
  2.3559300E+05 -5.623E-01  7.418E-02 -3.474E-01
  2.3559500E+05 -6.200E-01  8.393E-02 -4.192E-01
  2.3559700E+05 -6.546E-01  9.016E-02 -4.690E-01
  2.3559900E+05 -7.278E-01  9.683E-02 -4.640E-01
  2.3560100E+05 -8.173E-01  1.100E-01 -5.429E-01
  2.3560300E+05 -8.320E-01  1.145E-01 -5.960E-01
  2.3560500E+05 -9.360E-01  1.273E-01 -6.458E-01
  2.3560700E+05 -1.027E+00  1.367E-01 -6.593E-01
  2.3560900E+05 -1.159E+00  1.571E-01 -7.939E-01
  2.3561100E+05 -1.190E+00  1.602E-01 -7.957E-01
  2.3561300E+05 -1.167E+00  1.562E-01 -7.652E-01
  2.3561500E+05 -1.295E+00  1.750E-01 -8.795E-01
  2.3561700E+05 -1.299E+00  1.724E-01 -8.294E-01
  2.3561900E+05 -1.286E+00  1.780E-01 -9.478E-01
  2.3562100E+05 -1.298E+00  1.740E-01 -8.615E-01
  2.3562300E+05 -1.177E+00  1.613E-01 -8.435E-01
  2.3562500E+05 -1.275E+00  1.778E-01 -9.687E-01
  2.3562700E+05 -1.218E+00  1.645E-01 -8.319E-01
  2.3562900E+05 -1.257E+00  1.709E-01 -8.815E-01
  2.3563100E+05 -1.180E+00  1.594E-01 -8.076E-01
  2.3563300E+05 -9.845E-01  1.372E-01 -7.505E-01
  2.3563500E+05 -1.093E+00  1.412E-01 -6.392E-01
  2.3563700E+05 -9.787E-01  1.346E-01 -7.171E-01
  2.3563900E+05 -9.273E-01  1.258E-01 -6.498E-01
  2.3564100E+05 -7.818E-01  1.072E-01 -5.699E-01
  2.3564300E+05 -6.979E-01  9.548E-02 -5.037E-01
  2.3564500E+05 -6.917E-01  9.555E-02 -5.162E-01
  2.3564700E+05 -5.829E-01  7.867E-02 -4.064E-01
  2.3564900E+05 -5.276E-01  7.017E-02 -3.496E-01
  2.3565100E+05 -4.618E-01  6.050E-02 -2.932E-01
  2.3565300E+05 -4.307E-01  5.935E-02 -3.243E-01
  2.3565500E+05 -3.388E-01  4.354E-02 -2.013E-01
  2.3565700E+05 -2.376E-01  3.610E-02 -2.443E-01
  2.3565900E+05 -2.154E-01  3.152E-02 -2.002E-01
  2.3566100E+05 -1.369E-01  1.780E-02 -8.888E-02
  2.3566300E+05 -1.484E-01  1.580E-02 -3.233E-02
  2.3566500E+05 -1.054E-01  1.181E-02 -3.725E-02
  2.3566700E+05 -1.612E-02  4.319E-03 -5.914E-02
