 -5.9231000E+04 -0.000E+00 -0.000E+00  0.000E+00
 -5.9229000E+04 -0.000E+00 -0.000E+00  0.000E+00
 -5.9227000E+04 -1.330E-06  3.481E-08  7.327E-07
 -5.9225000E+04  9.034E-06 -8.948E-07  1.742E-06
 -5.9223000E+04  2.817E-05 -7.365E-06  5.492E-05
 -5.9221000E+04  6.818E-04 -5.140E-05 -6.967E-05
 -5.9219000E+04 -1.694E-03  5.572E-04 -4.869E-03
 -5.9217000E+04 -1.266E-02  1.734E-03 -7.760E-03
 -5.9215000E+04 -3.290E-01  4.520E-02 -2.112E-01
 -5.9213000E+04 -3.314E+00  4.577E-01 -2.156E+00
 -5.9211000E+04 -1.215E+01  1.653E+00 -7.639E+00
 -5.9209000E+04 -1.880E+01  2.539E+00 -1.165E+01
 -5.9207000E+04 -1.596E+01  2.136E+00 -9.704E+00
 -5.9205000E+04 -8.930E+00  1.168E+00 -5.165E+00
 -5.9203000E+04 -4.101E+00  5.669E-01 -2.701E+00
 -5.9201000E+04 -1.648E+00  2.075E-01 -8.827E-01
 -5.9199000E+04 -7.100E-01  8.490E-02 -3.387E-01
 -5.9197000E+04 -2.505E-01  2.861E-02 -1.134E-01
 -5.9195000E+04  1.514E-01 -2.373E-02  1.147E-01
 -5.9193000E+04  2.775E-01 -2.495E-02  3.224E-02
 -5.9191000E+04  3.637E-01 -4.551E-02  1.773E-01
 -5.9189000E+04  3.475E-01 -4.256E-02  1.608E-01
 -5.9187000E+04  2.317E-01 -3.620E-02  1.839E-01
 -5.9185000E+04  5.305E-01 -6.327E-02  2.345E-01
 -5.9183000E+04  3.828E-01 -5.880E-02  3.006E-01
 -5.9181000E+04  3.475E-01 -3.972E-02  1.317E-01
 -5.9179000E+04  3.064E-01 -3.787E-02  1.492E-01
 -5.9177000E+04  3.359E-01 -4.079E-02  1.572E-01
 -5.9175000E+04  4.243E-01 -5.088E-02  1.953E-01
 -5.9173000E+04  4.717E-01 -6.232E-02  2.707E-01
 -5.9171000E+04  3.448E-01 -4.910E-02  2.347E-01
 -5.9169000E+04  3.894E-01 -5.468E-02  2.539E-01
 -5.9167000E+04  3.328E-01 -5.209E-02  2.728E-01
 -5.9165000E+04  4.522E-01 -5.484E-02  2.156E-01
 -5.9163000E+04  4.291E-01 -6.400E-02  3.267E-01
 -5.9161000E+04  4.031E-01 -5.236E-02  2.223E-01
 -5.9159000E+04  3.856E-01 -5.525E-02  2.648E-01
 -5.9157000E+04  4.291E-01 -5.941E-02  2.740E-01
 -5.9155000E+04  4.052E-01 -4.783E-02  1.786E-01
 -5.9153000E+04  4.298E-01 -5.168E-02  2.000E-01
 -5.9151000E+04  4.158E-01 -5.669E-02  2.605E-01
 -5.9149000E+04  3.261E-01 -4.965E-02  2.563E-01
 -5.9147000E+04  3.534E-01 -4.961E-02  2.373E-01
 -5.9145000E+04  3.703E-01 -4.777E-02  2.008E-01
 -5.9143000E+04  3.933E-01 -5.663E-02  2.766E-01
 -5.9141000E+04  3.595E-01 -5.014E-02  2.351E-01
 -5.9139000E+04  3.369E-01 -4.858E-02  2.366E-01
 -5.9137000E+04  3.593E-01 -4.850E-02  2.145E-01
 -5.9135000E+04  4.638E-01 -5.980E-02  2.588E-01
 -5.9133000E+04  3.960E-01 -4.943E-02  2.023E-01
 -5.9131000E+04  3.604E-01 -4.779E-02  2.149E-01
 -5.9129000E+04  3.698E-01 -5.310E-02  2.566E-01
 -5.9127000E+04  3.399E-01 -4.509E-02  1.974E-01
 -5.9125000E+04  3.253E-01 -4.363E-02  1.938E-01
 -5.9123000E+04  3.357E-01 -3.942E-02  1.440E-01
 -5.9121000E+04  3.808E-01 -5.048E-02  2.263E-01
 -5.9119000E+04  2.771E-01 -3.992E-02  1.971E-01
 -5.9117000E+04  3.520E-01 -4.597E-02  2.006E-01
 -5.9115000E+04  3.553E-01 -4.777E-02  2.140E-01
 -5.9113000E+04  2.888E-01 -3.753E-02  1.606E-01
 -5.9111000E+04  2.459E-01 -4.052E-02  2.311E-01
 -5.9109000E+04  3.092E-01 -4.178E-02  1.944E-01
 -5.9107000E+04  3.549E-01 -4.490E-02  1.860E-01
 -5.9105000E+04  3.368E-01 -4.468E-02  1.949E-01
 -5.9103000E+04  3.043E-01 -4.523E-02  2.288E-01
 -5.9101000E+04  2.714E-01 -3.588E-02  1.619E-01
 -5.9099000E+04  2.846E-01 -3.739E-02  1.622E-01
 -5.9097000E+04  2.808E-01 -3.817E-02  1.744E-01
 -5.9095000E+04  3.176E-01 -4.292E-02  1.907E-01
 -5.9093000E+04  2.462E-01 -4.009E-02  2.185E-01
 -5.9091000E+04  2.715E-01 -3.291E-02  1.333E-01
 -5.9089000E+04  2.784E-01 -3.966E-02  1.826E-01
 -5.9087000E+04  3.153E-01 -3.982E-02  1.729E-01
 -5.9085000E+04  3.288E-01 -4.309E-02  1.880E-01
 -5.9083000E+04  3.032E-01 -3.766E-02  1.485E-01
 -5.9081000E+04  3.133E-01 -4.251E-02  1.972E-01
 -5.9079000E+04  2.718E-01 -3.291E-02  1.273E-01
 -5.9077000E+04  2.264E-01 -2.875E-02  1.273E-01
 -5.9075000E+04  2.896E-01 -3.721E-02  1.550E-01
 -5.9073000E+04  2.859E-01 -3.960E-02  1.836E-01
 -5.9071000E+04  2.183E-01 -3.322E-02  1.701E-01
 -5.9069000E+04  2.530E-01 -3.553E-02  1.692E-01
 -5.9067000E+04  2.452E-01 -3.008E-02  1.275E-01
 -5.9065000E+04  2.600E-01 -3.690E-02  1.865E-01
 -5.9063000E+04  2.681E-01 -3.810E-02  1.865E-01
 -5.9061000E+04  2.415E-01 -2.880E-02  1.080E-01
 -5.9059000E+04  2.689E-01 -3.538E-02  1.535E-01
 -5.9057000E+04  2.507E-01 -3.557E-02  1.777E-01
 -5.9055000E+04  2.382E-01 -3.119E-02  1.255E-01
 -5.9053000E+04  2.797E-01 -3.551E-02  1.550E-01
 -5.9051000E+04  2.442E-01 -3.441E-02  1.603E-01
 -5.9049000E+04  2.196E-01 -2.878E-02  1.276E-01
 -5.9047000E+04  2.284E-01 -3.519E-02  1.793E-01
 -5.9045000E+04  2.486E-01 -3.113E-02  1.276E-01
 -5.9043000E+04  2.410E-01 -3.651E-02  1.903E-01
 -5.9041000E+04  2.920E-01 -3.565E-02  1.416E-01
 -5.9039000E+04  2.564E-01 -3.177E-02  1.261E-01
 -5.9037000E+04  2.592E-01 -3.445E-02  1.549E-01
 -5.9035000E+04  2.524E-01 -3.310E-02  1.481E-01
 -5.9033000E+04  2.373E-01 -2.878E-02  1.176E-01
 -5.9031000E+04  2.008E-01 -3.185E-02  1.750E-01
 -5.9029000E+04  2.291E-01 -3.078E-02  1.434E-01
 -5.9027000E+04  2.308E-01 -2.741E-02  1.071E-01
 -5.9025000E+04  2.337E-01 -3.413E-02  1.629E-01
 -5.9023000E+04  2.310E-01 -3.370E-02  1.638E-01
 -5.9021000E+04  1.962E-01 -2.356E-02  9.117E-02
 -5.9019000E+04  2.761E-01 -3.316E-02  1.218E-01
 -5.9017000E+04  1.961E-01 -3.023E-02  1.616E-01
 -5.9015000E+04  1.768E-01 -2.802E-02  1.535E-01
 -5.9013000E+04  1.723E-01 -2.648E-02  1.423E-01
 -5.9011000E+04  2.170E-01 -2.732E-02  1.114E-01
 -5.9009000E+04  2.266E-01 -3.158E-02  1.525E-01
 -5.9007000E+04  2.363E-01 -2.741E-02  1.105E-01
 -5.9005000E+04  1.607E-01 -2.494E-02  1.254E-01
 -5.9003000E+04  2.185E-01 -2.694E-02  1.204E-01
 -5.9001000E+04  2.043E-01 -2.545E-02  1.096E-01
 -5.8999000E+04  1.989E-01 -2.713E-02  1.235E-01
 -5.8997000E+04  1.861E-01 -2.425E-02  1.088E-01
 -5.8995000E+04  2.325E-01 -2.864E-02  1.130E-01
 -5.8993000E+04  2.121E-01 -2.980E-02  1.422E-01
 -5.8991000E+04  1.988E-01 -3.067E-02  1.629E-01
 -5.8989000E+04  1.424E-01 -1.970E-02  9.793E-02
 -5.8987000E+04  1.669E-01 -2.409E-02  1.219E-01
 -5.8985000E+04  2.414E-01 -2.887E-02  1.040E-01
 -5.8983000E+04  2.120E-01 -2.536E-02  9.484E-02
 -5.8981000E+04  1.733E-01 -2.557E-02  1.290E-01
 -5.8979000E+04  1.887E-01 -2.292E-02  9.408E-02
 -5.8977000E+04  1.597E-01 -2.492E-02  1.352E-01
 -5.8975000E+04  1.836E-01 -2.297E-02  9.995E-02
 -5.8973000E+04  1.887E-01 -2.290E-02  9.469E-02
 -5.8971000E+04  1.787E-01 -2.476E-02  1.213E-01
 -5.8969000E+04  1.412E-01 -1.903E-02  8.497E-02
 -5.8967000E+04  1.644E-01 -2.371E-02  1.230E-01
 -5.8965000E+04  1.789E-01 -2.235E-02  9.213E-02
 -5.8963000E+04  1.741E-01 -2.615E-02  1.273E-01
 -5.8961000E+04  1.750E-01 -2.314E-02  1.003E-01
 -5.8959000E+04  1.566E-01 -2.174E-02  1.032E-01
 -5.8957000E+04  1.558E-01 -2.283E-02  1.124E-01
 -5.8955000E+04  1.810E-01 -2.067E-02  7.426E-02
 -5.8953000E+04  1.877E-01 -2.259E-02  8.888E-02
 -5.8951000E+04  1.522E-01 -2.278E-02  1.182E-01
 -5.8949000E+04  1.927E-01 -2.853E-02  1.454E-01
 -5.8947000E+04  1.429E-01 -2.150E-02  1.054E-01
 -5.8945000E+04  1.605E-01 -2.082E-02  9.088E-02
 -5.8943000E+04  1.251E-01 -1.982E-02  1.008E-01
 -5.8941000E+04  2.075E-01 -2.755E-02  1.235E-01
 -5.8939000E+04  1.365E-01 -2.019E-02  1.054E-01
 -5.8937000E+04  1.465E-01 -2.190E-02  1.126E-01
 -5.8935000E+04  1.596E-01 -2.012E-02  8.837E-02
 -5.8933000E+04  1.684E-01 -2.523E-02  1.340E-01
 -5.8931000E+04  1.466E-01 -1.918E-02  8.792E-02
 -5.8929000E+04  1.515E-01 -2.118E-02  1.003E-01
 -5.8927000E+04  1.651E-01 -1.837E-02  6.240E-02
 -5.8925000E+04  1.528E-01 -2.050E-02  9.293E-02
 -5.8923000E+04  1.584E-01 -2.123E-02  9.737E-02
 -5.8921000E+04  1.558E-01 -2.072E-02  1.036E-01
 -5.8919000E+04  1.526E-01 -2.125E-02  9.537E-02
 -5.8917000E+04  1.399E-01 -1.725E-02  6.685E-02
 -5.8915000E+04  1.490E-01 -1.667E-02  6.050E-02
 -5.8913000E+04  1.596E-01 -2.241E-02  1.006E-01
 -5.8911000E+04  1.525E-01 -1.651E-02  5.879E-02
 -5.8909000E+04  1.320E-01 -1.818E-02  9.146E-02
 -5.8907000E+04  1.420E-01 -2.219E-02  1.164E-01
 -5.8905000E+04  1.562E-01 -2.229E-02  1.042E-01
 -5.8903000E+04  1.498E-01 -1.982E-02  8.689E-02
 -5.8901000E+04  1.281E-01 -1.922E-02  1.026E-01
 -5.8899000E+04  1.389E-01 -1.654E-02  6.882E-02
 -5.8897000E+04  1.196E-01 -1.444E-02  5.511E-02
 -5.8895000E+04  1.471E-01 -1.853E-02  7.404E-02
 -5.8893000E+04  1.472E-01 -1.919E-02  8.438E-02
 -5.8891000E+04  1.257E-01 -1.915E-02  1.003E-01
 -5.8889000E+04  1.092E-01 -1.348E-02  5.738E-02
 -5.8887000E+04  1.203E-01 -2.047E-02  1.137E-01
 -5.8885000E+04  1.209E-01 -1.356E-02  5.517E-02
 -5.8883000E+04  1.199E-01 -1.672E-02  8.001E-02
 -5.8881000E+04  1.283E-01 -1.821E-02  8.674E-02
 -5.8879000E+04  1.387E-01 -1.773E-02  7.697E-02
 -5.8877000E+04  1.477E-01 -1.759E-02  7.203E-02
 -5.8875000E+04  1.349E-01 -1.762E-02  7.439E-02
 -5.8873000E+04  1.119E-01 -1.629E-02  8.101E-02
 -5.8871000E+04  1.255E-01 -1.677E-02  7.611E-02
 -5.8869000E+04  1.236E-01 -1.582E-02  6.923E-02
 -5.8867000E+04  1.387E-01 -1.731E-02  7.592E-02
 -5.8865000E+04  1.036E-01 -1.682E-02  9.902E-02
 -5.8863000E+04  1.238E-01 -1.893E-02  9.153E-02
 -5.8861000E+04  1.329E-01 -1.927E-02  9.503E-02
 -5.8859000E+04  1.084E-01 -1.633E-02  8.811E-02
 -5.8857000E+04  1.152E-01 -1.643E-02  8.193E-02
 -5.8855000E+04  1.410E-01 -1.742E-02  7.220E-02
 -5.8853000E+04  9.953E-02 -1.457E-02  7.739E-02
