  2.7367000E+04 -2.118E-03  1.896E-04  9.736E-04
  2.7369000E+04 -6.113E-03  6.408E-04  8.202E-04
  2.7371000E+04 -1.343E-03  1.654E-04 -3.953E-04
  2.7373000E+04  4.892E-03 -4.284E-04 -2.682E-03
  2.7375000E+04 -4.417E-03  6.048E-04 -2.554E-03
  2.7377000E+04 -1.960E-02  3.128E-03 -1.633E-02
  2.7379000E+04 -4.712E-01  7.187E-02 -3.605E-01
  2.7381000E+04 -2.881E+01  4.255E+00 -2.004E+01
  2.7383000E+04 -2.509E+01  3.563E+00 -1.551E+01
  2.7385000E+04 -8.737E-01  1.130E-01 -3.787E-01
  2.7387000E+04 -1.863E-01  1.780E-02 -1.166E-03
  2.7389000E+04  1.424E-01 -2.132E-02  1.042E-01
  2.7391000E+04  9.877E-02 -1.069E-02  2.109E-02
  2.7393000E+04  2.904E-01 -4.358E-02  2.051E-01
  2.7395000E+04  3.452E-01 -4.679E-02  1.809E-01
  2.7397000E+04  2.423E-01 -4.239E-02  2.555E-01
  2.7399000E+04  2.803E-01 -4.521E-02  2.440E-01
  2.7401000E+04  3.363E-01 -4.499E-02  1.668E-01
  2.7403000E+04  3.735E-01 -5.363E-02  2.349E-01
  2.7405000E+04  4.574E-01 -6.701E-02  3.054E-01
  2.7407000E+04  2.990E-01 -4.314E-02  1.874E-01
  2.7409000E+04  3.626E-01 -4.655E-02  1.615E-01
  2.7411000E+04  3.604E-01 -5.912E-02  3.165E-01
  2.7413000E+04  3.622E-01 -5.197E-02  2.303E-01
  2.7415000E+04  3.695E-01 -5.023E-02  1.970E-01
  2.7417000E+04  3.464E-01 -5.144E-02  2.350E-01
  2.7419000E+04  3.337E-01 -4.451E-02  1.664E-01
  2.7421000E+04  3.472E-01 -5.346E-02  2.644E-01
  2.7423000E+04  2.234E-01 -3.942E-02  2.306E-01
  2.7425000E+04  3.124E-01 -4.890E-02  2.429E-01
  2.7427000E+04  3.298E-01 -5.340E-02  2.849E-01
  2.7429000E+04  3.491E-01 -5.001E-02  2.201E-01
  2.7431000E+04  4.156E-01 -4.956E-02  1.390E-01
  2.7433000E+04  2.870E-01 -4.652E-02  2.499E-01
  2.7435000E+04  3.267E-01 -4.460E-02  1.752E-01
  2.7437000E+04  2.948E-01 -4.710E-02  2.396E-01
  2.7439000E+04  3.026E-01 -4.885E-02  2.661E-01
  2.7441000E+04  3.237E-01 -5.058E-02  2.588E-01
  2.7443000E+04  3.324E-01 -4.659E-02  1.935E-01
  2.7445000E+04  3.493E-01 -4.748E-02  1.879E-01
  2.7447000E+04  3.394E-01 -4.857E-02  2.123E-01
  2.7449000E+04  2.349E-01 -3.883E-02  2.158E-01
  2.7451000E+04  3.360E-01 -4.326E-02  1.517E-01
  2.7453000E+04  3.292E-01 -4.781E-02  2.075E-01
  2.7455000E+04  3.259E-01 -4.842E-02  2.344E-01
  2.7457000E+04  3.258E-01 -4.685E-02  2.066E-01
  2.7459000E+04  2.415E-01 -3.888E-02  1.989E-01
  2.7461000E+04  2.569E-01 -3.734E-02  1.597E-01
  2.7463000E+04  2.992E-01 -4.454E-02  2.086E-01
  2.7465000E+04  2.624E-01 -4.016E-02  2.033E-01
  2.7467000E+04  2.199E-01 -3.516E-02  1.848E-01
  2.7469000E+04  3.052E-01 -4.207E-02  1.722E-01
  2.7471000E+04  3.056E-01 -4.063E-02  1.520E-01
  2.7473000E+04  2.595E-01 -3.926E-02  1.853E-01
  2.7475000E+04  2.384E-01 -3.676E-02  1.800E-01
  2.7477000E+04  2.543E-01 -3.655E-02  1.598E-01
  2.7479000E+04  2.390E-01 -3.248E-02  1.323E-01
  2.7481000E+04  2.533E-01 -3.653E-02  1.587E-01
  2.7483000E+04  2.518E-01 -3.821E-02  1.896E-01
  2.7485000E+04  2.556E-01 -3.959E-02  1.984E-01
  2.7487000E+04  2.322E-01 -3.550E-02  1.739E-01
  2.7489000E+04  3.003E-01 -3.990E-02  1.492E-01
  2.7491000E+04  2.154E-01 -3.001E-02  1.275E-01
  2.7493000E+04  2.464E-01 -4.220E-02  2.386E-01
  2.7495000E+04  2.307E-01 -3.488E-02  1.715E-01
  2.7497000E+04  2.829E-01 -4.269E-02  2.063E-01
  2.7499000E+04  2.488E-01 -3.598E-02  1.598E-01
  2.7501000E+04  2.525E-01 -3.400E-02  1.327E-01
  2.7503000E+04  2.522E-01 -3.483E-02  1.411E-01
  2.7505000E+04  2.020E-01 -2.935E-02  1.356E-01
  2.7507000E+04  2.007E-01 -2.995E-02  1.435E-01
  2.7509000E+04  2.106E-01 -3.337E-02  1.750E-01
  2.7511000E+04  2.217E-01 -3.151E-02  1.326E-01
  2.7513000E+04  2.645E-01 -3.459E-02  1.200E-01
  2.7515000E+04  2.358E-01 -3.254E-02  1.350E-01
  2.7517000E+04  2.391E-01 -3.618E-02  1.722E-01
  2.7519000E+04  2.158E-01 -3.146E-02  1.483E-01
  2.7521000E+04  2.242E-01 -2.957E-02  1.103E-01
  2.7523000E+04  2.340E-01 -3.322E-02  1.464E-01
  2.7525000E+04  2.104E-01 -3.062E-02  1.369E-01
  2.7527000E+04  2.037E-01 -2.862E-02  1.202E-01
  2.7529000E+04  1.722E-01 -2.517E-02  1.143E-01
  2.7531000E+04  2.039E-01 -3.257E-02  1.701E-01
  2.7533000E+04  2.170E-01 -3.018E-02  1.259E-01
  2.7535000E+04  2.125E-01 -2.988E-02  1.306E-01
  2.7537000E+04  2.256E-01 -2.936E-02  1.078E-01
  2.7539000E+04  2.090E-01 -3.252E-02  1.632E-01
  2.7541000E+04  1.631E-01 -2.537E-02  1.278E-01
  2.7543000E+04  2.074E-01 -2.697E-02  9.973E-02
  2.7545000E+04  2.203E-01 -3.232E-02  1.507E-01
  2.7547000E+04  2.164E-01 -3.005E-02  1.249E-01
  2.7549000E+04  1.772E-01 -2.696E-02  1.330E-01
  2.7551000E+04  1.912E-01 -2.668E-02  1.108E-01
  2.7553000E+04  1.691E-01 -2.787E-02  1.526E-01
  2.7555000E+04  1.685E-01 -2.738E-02  1.489E-01
  2.7557000E+04  1.741E-01 -2.605E-02  1.258E-01
  2.7559000E+04  2.177E-01 -2.858E-02  1.066E-01
  2.7561000E+04  2.202E-01 -3.151E-02  1.336E-01
  2.7563000E+04  1.813E-01 -2.498E-02  9.741E-02
  2.7565000E+04  1.733E-01 -2.715E-02  1.416E-01
  2.7567000E+04  1.605E-01 -2.184E-02  9.477E-02
  2.7569000E+04  1.904E-01 -2.582E-02  1.027E-01
  2.7571000E+04  1.758E-01 -2.332E-02  8.861E-02
  2.7573000E+04  1.743E-01 -2.732E-02  1.393E-01
  2.7575000E+04  1.723E-01 -2.455E-02  1.031E-01
  2.7577000E+04  1.665E-01 -2.475E-02  1.172E-01
  2.7579000E+04  1.749E-01 -2.578E-02  1.222E-01
  2.7581000E+04  1.705E-01 -2.483E-02  1.119E-01
  2.7583000E+04  1.772E-01 -2.726E-02  1.335E-01
  2.7585000E+04  1.546E-01 -2.375E-02  1.168E-01
  2.7587000E+04  1.582E-01 -2.289E-02  9.915E-02
  2.7589000E+04  1.577E-01 -2.046E-02  7.439E-02
  2.7591000E+04  1.501E-01 -2.259E-02  1.111E-01
  2.7593000E+04  1.590E-01 -2.059E-02  7.539E-02
  2.7595000E+04  1.754E-01 -2.305E-02  8.715E-02
  2.7597000E+04  1.719E-01 -2.369E-02  1.008E-01
  2.7599000E+04  1.516E-01 -2.374E-02  1.183E-01
  2.7601000E+04  1.518E-01 -2.136E-02  8.966E-02
  2.7603000E+04  1.445E-01 -2.155E-02  1.011E-01
  2.7605000E+04  1.685E-01 -2.515E-02  1.217E-01
  2.7607000E+04  1.994E-01 -2.796E-02  1.142E-01
  2.7609000E+04  1.401E-01 -2.075E-02  9.271E-02
  2.7611000E+04  1.725E-01 -2.449E-02  1.060E-01
  2.7613000E+04  1.868E-01 -2.475E-02  9.630E-02
  2.7615000E+04  1.293E-01 -1.959E-02  9.047E-02
  2.7617000E+04  1.366E-01 -2.107E-02  1.103E-01
  2.7619000E+04  1.332E-01 -2.050E-02  1.050E-01
  2.7621000E+04  1.224E-01 -1.884E-02  9.862E-02
  2.7623000E+04  1.261E-01 -2.081E-02  1.127E-01
  2.7625000E+04  1.301E-01 -2.021E-02  1.013E-01
  2.7627000E+04  1.398E-01 -1.969E-02  9.061E-02
  2.7629000E+04  1.385E-01 -1.935E-02  8.372E-02
  2.7631000E+04  1.409E-01 -2.141E-02  1.039E-01
  2.7633000E+04  1.562E-01 -2.334E-02  1.057E-01
  2.7635000E+04  1.244E-01 -1.935E-02  1.005E-01
  2.7637000E+04  1.320E-01 -1.667E-02  5.584E-02
  2.7639000E+04  1.402E-01 -1.931E-02  8.142E-02
  2.7641000E+04  1.370E-01 -1.931E-02  8.006E-02
  2.7643000E+04  1.422E-01 -2.044E-02  8.909E-02
  2.7645000E+04  1.185E-01 -1.896E-02  9.888E-02
  2.7647000E+04  1.038E-01 -1.533E-02  6.689E-02
  2.7649000E+04  1.194E-01 -1.855E-02  9.510E-02
  2.7651000E+04  1.471E-01 -1.980E-02  7.998E-02
  2.7653000E+04  1.312E-01 -1.968E-02  9.332E-02
  2.7655000E+04  1.331E-01 -1.933E-02  9.060E-02
  2.7657000E+04  1.326E-01 -1.931E-02  8.985E-02
  2.7659000E+04  1.371E-01 -1.884E-02  7.202E-02
  2.7661000E+04  1.155E-01 -1.509E-02  5.338E-02
  2.7663000E+04  1.188E-01 -1.881E-02  9.608E-02
  2.7665000E+04  1.198E-01 -1.910E-02  1.011E-01
  2.7667000E+04  1.595E-01 -1.966E-02  6.154E-02
  2.7669000E+04  1.055E-01 -1.540E-02  7.406E-02
  2.7671000E+04  1.309E-01 -1.743E-02  6.393E-02
  2.7673000E+04  1.072E-01 -1.544E-02  7.275E-02
  2.7675000E+04  1.173E-01 -1.765E-02  8.943E-02
  2.7677000E+04  1.102E-01 -1.696E-02  8.397E-02
  2.7679000E+04  9.948E-02 -1.536E-02  7.607E-02
  2.7681000E+04  1.167E-01 -1.490E-02  5.324E-02
  2.7683000E+04  9.808E-02 -1.500E-02  7.365E-02
  2.7685000E+04  1.375E-01 -2.148E-02  1.054E-01
  2.7687000E+04  1.109E-01 -1.732E-02  8.867E-02
  2.7689000E+04  1.011E-01 -1.404E-02  5.989E-02
  2.7691000E+04  1.323E-01 -1.897E-02  8.684E-02
  2.7693000E+04  1.121E-01 -1.510E-02  5.996E-02
  2.7695000E+04  1.155E-01 -1.653E-02  7.485E-02
  2.7697000E+04  1.096E-01 -1.374E-02  4.644E-02
  2.7699000E+04  1.375E-01 -1.856E-02  7.058E-02
  2.7701000E+04  1.238E-01 -1.583E-02  5.701E-02
  2.7703000E+04  1.027E-01 -1.428E-02  5.857E-02
  2.7705000E+04  9.848E-02 -1.433E-02  6.382E-02
  2.7707000E+04  1.168E-01 -1.691E-02  7.515E-02
  2.7709000E+04  9.836E-02 -1.529E-02  7.901E-02
  2.7711000E+04  8.732E-02 -1.449E-02  7.894E-02
  2.7713000E+04  9.219E-02 -1.302E-02  6.029E-02
  2.7715000E+04  1.171E-01 -1.522E-02  5.594E-02
  2.7717000E+04  9.456E-02 -1.297E-02  5.423E-02
  2.7719000E+04  1.254E-01 -1.704E-02  6.688E-02
  2.7721000E+04  8.614E-02 -1.379E-02  7.581E-02
  2.7723000E+04  9.452E-02 -1.456E-02  7.859E-02
  2.7725000E+04  1.266E-01 -1.710E-02  6.791E-02
  2.7727000E+04  1.191E-01 -1.733E-02  7.989E-02
  2.7729000E+04  7.820E-02 -1.160E-02  5.586E-02
  2.7731000E+04  1.008E-01 -1.414E-02  6.056E-02
  2.7733000E+04  9.934E-02 -1.508E-02  7.559E-02
  2.7735000E+04  1.122E-01 -1.553E-02  6.516E-02
  2.7737000E+04  1.067E-01 -1.410E-02  5.195E-02
  2.7739000E+04  9.202E-02 -1.531E-02  8.327E-02
  2.7741000E+04  8.329E-02 -1.131E-02  4.686E-02
  2.7743000E+04  8.886E-02 -1.307E-02  6.340E-02
  2.7745000E+04  9.261E-02 -1.502E-02  7.702E-02
