  1.0946100E+05 -0.000E+00 -0.000E+00  0.000E+00
  1.0946300E+05 -0.000E+00 -0.000E+00  0.000E+00
  1.0946500E+05 -0.000E+00 -0.000E+00  0.000E+00
  1.0946700E+05 -0.000E+00 -0.000E+00  0.000E+00
  1.0946900E+05 -0.000E+00 -0.000E+00  0.000E+00
  1.0947100E+05 -0.000E+00 -0.000E+00  0.000E+00
  1.0947300E+05 -0.000E+00 -0.000E+00  0.000E+00
  1.0947500E+05 -0.000E+00 -0.000E+00  0.000E+00
  1.0947700E+05 -0.000E+00 -0.000E+00  0.000E+00
  1.0947900E+05 -0.000E+00 -0.000E+00  0.000E+00
  1.0948100E+05 -0.000E+00 -0.000E+00  0.000E+00
  1.0948300E+05 -0.000E+00 -0.000E+00  0.000E+00
  1.0948500E+05 -0.000E+00 -0.000E+00  0.000E+00
  1.0948700E+05 -0.000E+00 -0.000E+00  0.000E+00
  1.0948900E+05 -0.000E+00 -0.000E+00  0.000E+00
  1.0949100E+05 -0.000E+00 -0.000E+00  0.000E+00
  1.0949300E+05 -0.000E+00 -0.000E+00  0.000E+00
  1.0949500E+05 -0.000E+00 -0.000E+00  0.000E+00
  1.0949700E+05 -0.000E+00 -0.000E+00  0.000E+00
  1.0949900E+05 -0.000E+00 -0.000E+00  0.000E+00
  1.0950100E+05 -0.000E+00 -0.000E+00  0.000E+00
  1.0950300E+05 -0.000E+00 -0.000E+00  0.000E+00
  1.0950500E+05 -0.000E+00 -0.000E+00  0.000E+00
  1.0950700E+05 -0.000E+00 -0.000E+00  0.000E+00
  1.0950900E+05 -0.000E+00 -0.000E+00  0.000E+00
  1.0951100E+05 -0.000E+00 -0.000E+00  0.000E+00
  1.0951300E+05 -0.000E+00 -0.000E+00  0.000E+00
  1.0951500E+05 -0.000E+00 -0.000E+00  0.000E+00
  1.0951700E+05 -0.000E+00 -0.000E+00  0.000E+00
  1.0951900E+05 -0.000E+00 -0.000E+00  0.000E+00
  1.0952100E+05 -0.000E+00 -0.000E+00  0.000E+00
  1.0952300E+05 -0.000E+00 -0.000E+00  0.000E+00
  1.0952500E+05 -0.000E+00 -0.000E+00  0.000E+00
  1.0952700E+05 -0.000E+00 -0.000E+00  0.000E+00
  1.0952900E+05 -0.000E+00 -0.000E+00  0.000E+00
  1.0953100E+05 -0.000E+00 -0.000E+00  0.000E+00
  1.0953300E+05 -0.000E+00 -0.000E+00  0.000E+00
  1.0953500E+05 -0.000E+00 -0.000E+00  0.000E+00
  1.0953700E+05 -0.000E+00 -0.000E+00  0.000E+00
  1.0953900E+05 -0.000E+00 -0.000E+00  0.000E+00
  1.0954100E+05 -0.000E+00 -0.000E+00  0.000E+00
  1.0954300E+05 -0.000E+00 -0.000E+00  0.000E+00
  1.0954500E+05 -0.000E+00 -0.000E+00  0.000E+00
  1.0954700E+05 -0.000E+00 -0.000E+00  0.000E+00
  1.0954900E+05 -0.000E+00 -0.000E+00  0.000E+00
  1.0955100E+05 -0.000E+00 -0.000E+00  0.000E+00
  1.0955300E+05 -0.000E+00 -0.000E+00  0.000E+00
  1.0955500E+05 -0.000E+00 -0.000E+00  0.000E+00
  1.0955700E+05  7.869E-09 -2.027E-09  1.734E-08
  1.0955900E+05 -2.433E-05  1.429E-06  1.166E-05
  1.0956100E+05 -2.479E-04  5.571E-05 -4.393E-04
  1.0956300E+05 -5.195E-04  1.614E-05  4.481E-04
  1.0956500E+05 -1.283E-03  2.132E-04 -1.246E-03
  1.0956700E+05 -6.461E-03  1.332E-03 -9.831E-03
  1.0956900E+05 -2.657E-02  3.665E-03 -1.555E-02
  1.0957100E+05 -3.713E-02  5.625E-03 -2.867E-02
  1.0957300E+05 -7.708E-02  1.140E-02 -5.557E-02
  1.0957500E+05 -1.604E-01  2.367E-02 -1.146E-01
  1.0957700E+05 -2.203E-01  3.408E-02 -1.793E-01
  1.0957900E+05 -4.041E-01  5.705E-02 -2.525E-01
  1.0958100E+05 -6.435E-01  9.556E-02 -4.668E-01
  1.0958300E+05 -8.974E-01  1.298E-01 -6.021E-01
  1.0958500E+05 -1.205E+00  1.770E-01 -8.457E-01
  1.0958700E+05 -1.601E+00  2.329E-01 -1.089E+00
  1.0958900E+05 -2.063E+00  3.000E-01 -1.400E+00
  1.0959100E+05 -2.439E+00  3.514E-01 -1.607E+00
  1.0959300E+05 -2.778E+00  4.040E-01 -1.881E+00
  1.0959500E+05 -3.277E+00  4.711E-01 -2.134E+00
  1.0959700E+05 -3.305E+00  4.849E-01 -2.290E+00
  1.0959900E+05 -3.513E+00  5.077E-01 -2.319E+00
  1.0960100E+05 -3.328E+00  4.861E-01 -2.269E+00
  1.0960300E+05 -3.194E+00  4.647E-01 -2.149E+00
  1.0960500E+05 -2.887E+00  4.169E-01 -1.891E+00
  1.0960700E+05 -2.353E+00  3.605E-01 -1.840E+00
  1.0960900E+05 -2.104E+00  3.047E-01 -1.389E+00
  1.0961100E+05 -1.845E+00  2.618E-01 -1.138E+00
  1.0961300E+05 -1.380E+00  2.033E-01 -9.567E-01
  1.0961500E+05 -1.156E+00  1.716E-01 -8.217E-01
  1.0961700E+05 -8.916E-01  1.282E-01 -5.737E-01
  1.0961900E+05 -5.974E-01  8.532E-02 -3.727E-01
  1.0962100E+05 -4.471E-01  6.919E-02 -3.604E-01
  1.0962300E+05 -2.490E-01  3.380E-02 -1.301E-01
  1.0962500E+05 -1.780E-01  2.306E-02 -7.841E-02
  1.0962700E+05 -8.318E-02  5.935E-03  3.469E-02
  1.0962900E+05  3.175E-02 -1.980E-03 -1.569E-02
  1.0963100E+05  1.292E-01 -1.611E-02  4.532E-02
  1.0963300E+05  1.119E-01 -1.933E-02  1.174E-01
  1.0963500E+05  1.432E-01 -2.274E-02  1.253E-01
  1.0963700E+05  1.758E-01 -2.463E-02  1.017E-01
  1.0963900E+05  1.633E-01 -2.791E-02  1.663E-01
  1.0964100E+05  2.644E-01 -3.507E-02  1.230E-01
  1.0964300E+05  2.100E-01 -3.640E-02  2.246E-01
  1.0964500E+05  1.707E-01 -2.909E-02  1.761E-01
  1.0964700E+05  2.601E-01 -3.319E-02  1.039E-01
  1.0964900E+05  2.748E-01 -3.816E-02  1.560E-01
  1.0965100E+05  2.394E-01 -3.554E-02  1.722E-01
  1.0965300E+05  2.337E-01 -3.525E-02  1.735E-01
  1.0965500E+05  2.777E-01 -4.024E-02  1.827E-01
  1.0965700E+05  2.286E-01 -3.860E-02  2.304E-01
  1.0965900E+05  2.547E-01 -3.668E-02  1.612E-01
  1.0966100E+05  2.097E-01 -3.275E-02  1.690E-01
  1.0966300E+05  2.201E-01 -3.345E-02  1.682E-01
  1.0966500E+05  2.460E-01 -3.563E-02  1.597E-01
  1.0966700E+05  2.838E-01 -3.894E-02  1.535E-01
  1.0966900E+05  2.595E-01 -4.005E-02  2.091E-01
  1.0967100E+05  2.556E-01 -3.598E-02  1.516E-01
  1.0967300E+05  2.229E-01 -3.245E-02  1.494E-01
  1.0967500E+05  2.478E-01 -3.903E-02  2.076E-01
  1.0967700E+05  2.161E-01 -3.295E-02  1.664E-01
  1.0967900E+05  2.233E-01 -3.632E-02  2.031E-01
  1.0968100E+05  2.484E-01 -3.630E-02  1.662E-01
  1.0968300E+05  2.297E-01 -3.574E-02  1.879E-01
  1.0968500E+05  1.669E-01 -2.893E-02  1.797E-01
  1.0968700E+05  2.684E-01 -3.503E-02  1.200E-01
  1.0968900E+05  2.116E-01 -3.274E-02  1.711E-01
  1.0969100E+05  2.351E-01 -3.400E-02  1.520E-01
  1.0969300E+05  2.102E-01 -3.203E-02  1.607E-01
  1.0969500E+05  1.983E-01 -2.974E-02  1.445E-01
  1.0969700E+05  2.309E-01 -3.270E-02  1.413E-01
  1.0969900E+05  1.929E-01 -2.748E-02  1.204E-01
  1.0970100E+05  1.988E-01 -3.069E-02  1.584E-01
  1.0970300E+05  2.011E-01 -3.042E-02  1.488E-01
  1.0970500E+05  1.725E-01 -2.770E-02  1.555E-01
  1.0970700E+05  2.053E-01 -3.178E-02  1.639E-01
  1.0970900E+05  1.918E-01 -2.782E-02  1.271E-01
  1.0971100E+05  2.153E-01 -3.019E-02  1.259E-01
  1.0971300E+05  2.548E-01 -3.746E-02  1.762E-01
  1.0971500E+05  2.174E-01 -3.119E-02  1.377E-01
  1.0971700E+05  1.920E-01 -3.010E-02  1.582E-01
  1.0971900E+05  2.026E-01 -3.115E-02  1.585E-01
  1.0972100E+05  2.221E-01 -3.100E-02  1.291E-01
  1.0972300E+05  1.846E-01 -2.363E-02  8.002E-02
  1.0972500E+05  1.745E-01 -2.588E-02  1.235E-01
  1.0972700E+05  2.396E-01 -3.273E-02  1.284E-01
  1.0972900E+05  1.722E-01 -2.743E-02  1.493E-01
  1.0973100E+05  2.130E-01 -3.060E-02  1.367E-01
  1.0973300E+05  2.024E-01 -2.951E-02  1.386E-01
  1.0973500E+05  1.846E-01 -2.582E-02  1.084E-01
  1.0973700E+05  1.640E-01 -2.444E-02  1.171E-01
  1.0973900E+05  1.885E-01 -2.907E-02  1.499E-01
  1.0974100E+05  2.043E-01 -2.756E-02  1.039E-01
  1.0974300E+05  1.849E-01 -2.471E-02  9.013E-02
  1.0974500E+05  1.624E-01 -2.653E-02  1.505E-01
  1.0974700E+05  1.908E-01 -2.760E-02  1.247E-01
  1.0974900E+05  1.776E-01 -2.520E-02  1.113E-01
  1.0975100E+05  1.916E-01 -2.715E-02  1.170E-01
  1.0975300E+05  1.741E-01 -2.545E-02  1.167E-01
  1.0975500E+05  1.508E-01 -2.103E-02  8.997E-02
  1.0975700E+05  1.579E-01 -2.393E-02  1.204E-01
  1.0975900E+05  1.889E-01 -2.793E-02  1.300E-01
  1.0976100E+05  1.411E-01 -2.001E-02  9.226E-02
  1.0976300E+05  1.402E-01 -2.039E-02  9.417E-02
  1.0976500E+05  1.878E-01 -2.489E-02  8.865E-02
  1.0976700E+05  1.729E-01 -2.643E-02  1.350E-01
  1.0976900E+05  1.893E-01 -2.642E-02  1.105E-01
  1.0977100E+05  1.510E-01 -2.491E-02  1.430E-01
  1.0977300E+05  1.989E-01 -2.909E-02  1.328E-01
  1.0977500E+05  1.493E-01 -2.305E-02  1.173E-01
  1.0977700E+05  1.426E-01 -2.052E-02  9.212E-02
  1.0977900E+05  1.630E-01 -2.326E-02  1.047E-01
  1.0978100E+05  1.877E-01 -2.613E-02  1.079E-01
  1.0978300E+05  1.346E-01 -1.990E-02  9.629E-02
  1.0978500E+05  1.540E-01 -2.106E-02  8.422E-02
  1.0978700E+05  1.477E-01 -2.162E-02  1.011E-01
  1.0978900E+05  1.703E-01 -2.577E-02  1.291E-01
  1.0979100E+05  1.561E-01 -2.300E-02  1.065E-01
  1.0979300E+05  1.419E-01 -2.062E-02  9.217E-02
  1.0979500E+05  1.557E-01 -2.294E-02  1.068E-01
  1.0979700E+05  1.564E-01 -2.280E-02  1.036E-01
  1.0979900E+05  1.574E-01 -2.256E-02  9.956E-02
  1.0980100E+05  1.205E-01 -1.684E-02  7.691E-02
  1.0980300E+05  1.286E-01 -1.993E-02  1.071E-01
  1.0980500E+05  1.616E-01 -2.357E-02  1.074E-01
  1.0980700E+05  1.461E-01 -2.178E-02  1.082E-01
  1.0980900E+05  1.518E-01 -2.146E-02  9.015E-02
  1.0981100E+05  1.417E-01 -1.995E-02  8.754E-02
  1.0981300E+05  1.081E-01 -1.798E-02  1.074E-01
  1.0981500E+05  1.363E-01 -1.951E-02  8.647E-02
  1.0981700E+05  1.414E-01 -2.021E-02  8.851E-02
  1.0981900E+05  1.128E-01 -1.497E-02  5.172E-02
  1.0982100E+05  1.439E-01 -2.072E-02  9.386E-02
  1.0982300E+05  1.394E-01 -2.084E-02  9.939E-02
  1.0982500E+05  1.330E-01 -2.071E-02  1.107E-01
  1.0982700E+05  1.505E-01 -2.183E-02  1.015E-01
  1.0982900E+05  1.344E-01 -1.818E-02  6.892E-02
  1.0983100E+05  1.228E-01 -1.814E-02  8.699E-02
  1.0983300E+05  1.160E-01 -1.776E-02  8.811E-02
  1.0983500E+05  1.474E-01 -2.137E-02  9.897E-02
  1.0983700E+05  1.215E-01 -1.833E-02  8.705E-02
  1.0983900E+05  1.223E-01 -1.884E-02  9.618E-02
