  8.7550000E+03 -2.755E+01  4.038E+00 -1.860E+01
  8.7570000E+03 -2.938E+01  4.177E+00 -1.847E+01
  8.7590000E+03  1.783E-01 -4.715E-02  3.923E-01
  8.7610000E+03  5.738E-01 -8.595E-02  4.111E-01
  8.7630000E+03  3.644E-01 -5.298E-02  2.309E-01
  8.7650000E+03  4.093E-01 -6.263E-02  3.052E-01
  8.7670000E+03  3.496E-01 -4.064E-02  1.099E-01
  8.7690000E+03  4.008E-01 -6.433E-02  3.349E-01
  8.7710000E+03  3.692E-01 -6.124E-02  3.407E-01
  8.7730000E+03  4.993E-01 -6.231E-02  2.031E-01
  8.7750000E+03  3.367E-01 -5.211E-02  2.547E-01
  8.7770000E+03  3.294E-01 -4.853E-02  2.214E-01
  8.7790000E+03  4.461E-01 -6.442E-02  2.844E-01
  8.7810000E+03  4.232E-01 -5.794E-02  2.423E-01
  8.7830000E+03  3.683E-01 -5.403E-02  2.425E-01
  8.7850000E+03  4.216E-01 -5.875E-02  2.437E-01
  8.7870000E+03  4.088E-01 -5.654E-02  2.340E-01
  8.7890000E+03  4.003E-01 -5.800E-02  2.650E-01
  8.7910000E+03  2.791E-01 -4.184E-02  1.938E-01
  8.7930000E+03  3.360E-01 -5.026E-02  2.320E-01
  8.7950000E+03  3.405E-01 -5.119E-02  2.427E-01
  8.7970000E+03  3.890E-01 -5.914E-02  2.874E-01
  8.7990000E+03  3.409E-01 -5.299E-02  2.628E-01
  8.8010000E+03  3.076E-01 -4.456E-02  1.982E-01
  8.8030000E+03  3.440E-01 -5.477E-02  2.835E-01
  8.8050000E+03  4.464E-01 -6.000E-02  2.330E-01
  8.8070000E+03  3.836E-01 -5.338E-02  2.234E-01
  8.8090000E+03  3.439E-01 -5.046E-02  2.312E-01
  8.8110000E+03  2.399E-01 -3.986E-02  2.124E-01
  8.8130000E+03  3.602E-01 -5.431E-02  2.588E-01
  8.8150000E+03  3.348E-01 -4.990E-02  2.311E-01
  8.8170000E+03  3.097E-01 -4.444E-02  2.005E-01
  8.8190000E+03  3.451E-01 -5.106E-02  2.356E-01
  8.8210000E+03  3.362E-01 -4.950E-02  2.342E-01
  8.8230000E+03  2.671E-01 -3.519E-02  1.296E-01
  8.8250000E+03  3.426E-01 -5.217E-02  2.565E-01
  8.8270000E+03  3.798E-01 -5.207E-02  2.092E-01
  8.8290000E+03  3.420E-01 -4.434E-02  1.549E-01
  8.8310000E+03  2.870E-01 -4.426E-02  2.224E-01
  8.8330000E+03  2.664E-01 -4.157E-02  2.123E-01
  8.8350000E+03  2.938E-01 -3.913E-02  1.491E-01
  8.8370000E+03  3.102E-01 -4.621E-02  2.109E-01
  8.8390000E+03  2.725E-01 -4.347E-02  2.243E-01
  8.8410000E+03  2.895E-01 -4.223E-02  1.914E-01
  8.8430000E+03  3.252E-01 -4.648E-02  2.052E-01
  8.8450000E+03  2.750E-01 -4.065E-02  1.895E-01
  8.8470000E+03  2.490E-01 -3.615E-02  1.615E-01
  8.8490000E+03  2.895E-01 -3.840E-02  1.425E-01
  8.8510000E+03  2.299E-01 -3.503E-02  1.710E-01
  8.8530000E+03  2.485E-01 -3.542E-02  1.558E-01
  8.8550000E+03  2.942E-01 -3.904E-02  1.462E-01
  8.8570000E+03  3.443E-01 -4.966E-02  2.146E-01
  8.8590000E+03  2.349E-01 -4.001E-02  2.300E-01
  8.8610000E+03  2.216E-01 -3.392E-02  1.685E-01
  8.8630000E+03  2.282E-01 -3.443E-02  1.658E-01
  8.8650000E+03  2.330E-01 -3.453E-02  1.585E-01
  8.8670000E+03  2.636E-01 -3.867E-02  1.751E-01
  8.8690000E+03  3.122E-01 -4.268E-02  1.700E-01
  8.8710000E+03  2.903E-01 -4.404E-02  2.059E-01
  8.8730000E+03  2.731E-01 -3.933E-02  1.763E-01
  8.8750000E+03  2.264E-01 -3.446E-02  1.686E-01
  8.8770000E+03  2.255E-01 -3.146E-02  1.315E-01
  8.8790000E+03  2.249E-01 -3.241E-02  1.468E-01
  8.8810000E+03  1.985E-01 -3.060E-02  1.573E-01
  8.8830000E+03  2.271E-01 -3.488E-02  1.708E-01
  8.8850000E+03  2.189E-01 -2.970E-02  1.224E-01
  8.8870000E+03  2.604E-01 -3.595E-02  1.456E-01
  8.8890000E+03  2.508E-01 -3.479E-02  1.409E-01
  8.8910000E+03  2.458E-01 -3.416E-02  1.453E-01
  8.8930000E+03  2.306E-01 -3.218E-02  1.357E-01
  8.8950000E+03  2.304E-01 -3.371E-02  1.518E-01
  8.8970000E+03  2.406E-01 -3.208E-02  1.264E-01
  8.8990000E+03  2.025E-01 -3.138E-02  1.599E-01
  8.9010000E+03  2.124E-01 -2.811E-02  1.087E-01
  8.9030000E+03  2.081E-01 -3.239E-02  1.592E-01
  8.9050000E+03  1.917E-01 -2.746E-02  1.225E-01
  8.9070000E+03  2.184E-01 -3.226E-02  1.488E-01
  8.9090000E+03  2.366E-01 -3.167E-02  1.284E-01
  8.9110000E+03  2.134E-01 -2.931E-02  1.274E-01
  8.9130000E+03  2.189E-01 -3.172E-02  1.455E-01
  8.9150000E+03  2.240E-01 -3.099E-02  1.232E-01
  8.9170000E+03  2.055E-01 -3.265E-02  1.674E-01
  8.9190000E+03  2.174E-01 -2.990E-02  1.253E-01
  8.9210000E+03  2.223E-01 -3.071E-02  1.241E-01
  8.9230000E+03  1.722E-01 -2.354E-02  9.733E-02
  8.9250000E+03  2.030E-01 -3.241E-02  1.664E-01
  8.9270000E+03  2.001E-01 -2.919E-02  1.357E-01
  8.9290000E+03  1.716E-01 -2.616E-02  1.308E-01
  8.9310000E+03  2.038E-01 -2.784E-02  1.130E-01
  8.9330000E+03  2.067E-01 -3.087E-02  1.431E-01
  8.9350000E+03  2.102E-01 -3.026E-02  1.334E-01
  8.9370000E+03  1.890E-01 -2.929E-02  1.361E-01
  8.9390000E+03  1.767E-01 -2.494E-02  1.098E-01
  8.9410000E+03  1.797E-01 -2.453E-02  1.044E-01
  8.9430000E+03  1.912E-01 -2.608E-02  1.173E-01
  8.9450000E+03  1.641E-01 -2.673E-02  1.317E-01
  8.9470000E+03  1.833E-01 -2.606E-02  1.117E-01
  8.9490000E+03  2.130E-01 -2.693E-02  9.303E-02
  8.9510000E+03  1.882E-01 -2.782E-02  1.270E-01
  8.9530000E+03  1.758E-01 -2.442E-02  1.015E-01
  8.9550000E+03  1.666E-01 -2.634E-02  1.399E-01
  8.9570000E+03  1.733E-01 -2.730E-02  1.423E-01
  8.9590000E+03  1.484E-01 -2.115E-02  9.875E-02
  8.9610000E+03  1.700E-01 -2.350E-02  9.926E-02
  8.9630000E+03  1.628E-01 -2.147E-02  8.407E-02
  8.9650000E+03  1.584E-01 -2.229E-02  9.465E-02
  8.9670000E+03  1.605E-01 -2.289E-02  1.010E-01
  8.9690000E+03  1.729E-01 -2.252E-02  8.264E-02
  8.9710000E+03  1.812E-01 -2.570E-02  1.099E-01
  8.9730000E+03  1.678E-01 -2.502E-02  1.138E-01
  8.9750000E+03  1.727E-01 -2.378E-02  9.474E-02
  8.9770000E+03  1.773E-01 -2.685E-02  1.264E-01
  8.9790000E+03  1.581E-01 -2.105E-02  8.873E-02
  8.9810000E+03  1.710E-01 -2.415E-02  1.054E-01
  8.9830000E+03  1.630E-01 -2.658E-02  1.381E-01
  8.9850000E+03  1.686E-01 -2.538E-02  1.173E-01
  8.9870000E+03  1.369E-01 -1.891E-02  7.983E-02
  8.9890000E+03  1.703E-01 -2.418E-02  1.079E-01
  8.9910000E+03  1.580E-01 -2.290E-02  1.044E-01
  8.9930000E+03  1.191E-01 -2.058E-02  1.194E-01
  8.9950000E+03  1.144E-01 -1.789E-02  9.348E-02
  8.9970000E+03  1.486E-01 -2.063E-02  8.141E-02
  8.9990000E+03  1.503E-01 -2.108E-02  9.072E-02
  9.0010000E+03  1.416E-01 -2.148E-02  1.069E-01
  9.0030000E+03  1.521E-01 -2.195E-02  1.016E-01
  9.0050000E+03  1.567E-01 -2.317E-02  1.092E-01
  9.0070000E+03  1.524E-01 -2.225E-02  1.008E-01
  9.0090000E+03  1.378E-01 -2.075E-02  9.973E-02
  9.0110000E+03  1.421E-01 -1.879E-02  7.769E-02
  9.0130000E+03  1.318E-01 -1.907E-02  8.530E-02
  9.0150000E+03  1.485E-01 -2.297E-02  1.012E-01
  9.0170000E+03  1.269E-01 -1.673E-02  6.530E-02
  9.0190000E+03  1.215E-01 -1.775E-02  8.156E-02
  9.0210000E+03  1.334E-01 -1.898E-02  8.175E-02
  9.0230000E+03  1.248E-01 -1.849E-02  8.613E-02
  9.0250000E+03  1.297E-01 -2.090E-02  1.124E-01
  9.0270000E+03  1.450E-01 -2.024E-02  8.626E-02
  9.0290000E+03  1.436E-01 -2.193E-02  1.054E-01
  9.0310000E+03  1.548E-01 -1.950E-02  6.268E-02
  9.0330000E+03  1.273E-01 -1.797E-02  8.044E-02
  9.0350000E+03  9.660E-02 -1.562E-02  8.619E-02
  9.0370000E+03  1.281E-01 -1.920E-02  8.841E-02
  9.0390000E+03  1.486E-01 -1.937E-02  7.499E-02
  9.0410000E+03  1.389E-01 -1.901E-02  7.029E-02
  9.0430000E+03  1.127E-01 -1.735E-02  8.179E-02
  9.0450000E+03  1.173E-01 -1.797E-02  8.033E-02
  9.0470000E+03  1.337E-01 -1.832E-02  7.316E-02
  9.0490000E+03  1.121E-01 -1.567E-02  8.019E-02
  9.0510000E+03  1.266E-01 -1.767E-02  7.598E-02
  9.0530000E+03  1.144E-01 -1.805E-02  8.523E-02
  9.0550000E+03  1.349E-01 -1.840E-02  8.161E-02
  9.0570000E+03  1.178E-01 -1.650E-02  7.871E-02
  9.0590000E+03  1.110E-01 -1.567E-02  7.668E-02
  9.0610000E+03  1.190E-01 -1.728E-02  7.666E-02
  9.0630000E+03  1.240E-01 -1.873E-02  8.878E-02
  9.0650000E+03  1.208E-01 -1.582E-02  6.086E-02
  9.0670000E+03  1.096E-01 -1.520E-02  6.035E-02
  9.0690000E+03  1.130E-01 -1.718E-02  8.249E-02
  9.0710000E+03  1.273E-01 -1.822E-02  7.567E-02
  9.0730000E+03  1.484E-01 -1.812E-02  5.283E-02
  9.0750000E+03  1.199E-01 -1.585E-02  5.893E-02
  9.0770000E+03  1.063E-01 -1.520E-02  7.492E-02
  9.0790000E+03  9.566E-02 -1.385E-02  6.371E-02
  9.0810000E+03  1.159E-01 -1.660E-02  7.494E-02
  9.0830000E+03  1.026E-01 -1.592E-02  7.776E-02
  9.0850000E+03  1.169E-01 -1.431E-02  4.732E-02
  9.0870000E+03  9.019E-02 -1.459E-02  8.105E-02
  9.0890000E+03  1.307E-01 -1.853E-02  7.782E-02
  9.0910000E+03  9.445E-02 -1.607E-02  9.163E-02
  9.0930000E+03  1.132E-01 -1.573E-02  6.628E-02
  9.0950000E+03  1.101E-01 -1.647E-02  7.261E-02
  9.0970000E+03  6.383E-02 -1.019E-02  6.038E-02
  9.0990000E+03  9.992E-02 -1.434E-02  6.629E-02
  9.1010000E+03  1.133E-01 -1.728E-02  8.248E-02
  9.1030000E+03  1.100E-01 -1.517E-02  6.343E-02
  9.1050000E+03  1.115E-01 -1.615E-02  7.346E-02
  9.1070000E+03  1.101E-01 -1.535E-02  7.058E-02
  9.1090000E+03  1.138E-01 -1.548E-02  6.753E-02
  9.1110000E+03  8.303E-02 -1.166E-02  4.881E-02
  9.1130000E+03  1.120E-01 -1.581E-02  6.251E-02
  9.1150000E+03  1.099E-01 -1.499E-02  6.217E-02
  9.1170000E+03  9.410E-02 -1.604E-02  8.546E-02
  9.1190000E+03  8.619E-02 -1.180E-02  5.015E-02
  9.1210000E+03  1.017E-01 -1.380E-02  5.660E-02
  9.1230000E+03  9.203E-02 -1.436E-02  7.748E-02
  9.1250000E+03  6.403E-02 -9.855E-03  4.497E-02
  9.1270000E+03  1.224E-01 -1.611E-02  6.157E-02
  9.1290000E+03  9.046E-02 -1.286E-02  5.711E-02
  9.1310000E+03  8.837E-02 -1.325E-02  6.778E-02
  9.1330000E+03  8.397E-02 -1.338E-02  6.604E-02
