  2.0329300E+05 -0.000E+00 -0.000E+00  0.000E+00
  2.0329500E+05 -0.000E+00 -0.000E+00  0.000E+00
  2.0329700E+05 -0.000E+00 -0.000E+00  0.000E+00
  2.0329900E+05 -0.000E+00 -0.000E+00  0.000E+00
  2.0330100E+05 -0.000E+00 -0.000E+00  0.000E+00
  2.0330300E+05 -0.000E+00 -0.000E+00  0.000E+00
  2.0330500E+05 -0.000E+00 -0.000E+00  0.000E+00
  2.0330700E+05 -0.000E+00 -0.000E+00  0.000E+00
  2.0330900E+05 -0.000E+00 -0.000E+00  0.000E+00
  2.0331100E+05 -0.000E+00 -0.000E+00  0.000E+00
  2.0331300E+05 -0.000E+00 -0.000E+00  0.000E+00
  2.0331500E+05 -0.000E+00 -0.000E+00  0.000E+00
  2.0331700E+05 -0.000E+00 -0.000E+00  0.000E+00
  2.0331900E+05 -0.000E+00 -0.000E+00  0.000E+00
  2.0332100E+05 -0.000E+00 -0.000E+00  0.000E+00
  2.0332300E+05 -0.000E+00 -0.000E+00  0.000E+00
  2.0332500E+05 -0.000E+00 -0.000E+00  0.000E+00
  2.0332700E+05 -0.000E+00 -0.000E+00  0.000E+00
  2.0332900E+05 -0.000E+00 -0.000E+00  0.000E+00
  2.0333100E+05 -0.000E+00 -0.000E+00  0.000E+00
  2.0333300E+05 -0.000E+00 -0.000E+00  0.000E+00
  2.0333500E+05 -0.000E+00 -0.000E+00  0.000E+00
  2.0333700E+05 -0.000E+00 -0.000E+00  0.000E+00
  2.0333900E+05 -0.000E+00 -0.000E+00  0.000E+00
  2.0334100E+05 -0.000E+00 -0.000E+00  0.000E+00
  2.0334300E+05 -0.000E+00 -0.000E+00  0.000E+00
  2.0334500E+05 -0.000E+00 -0.000E+00  0.000E+00
  2.0334700E+05 -0.000E+00 -0.000E+00  0.000E+00
  2.0334900E+05 -0.000E+00 -0.000E+00  0.000E+00
  2.0335100E+05 -0.000E+00 -0.000E+00  0.000E+00
  2.0335300E+05 -0.000E+00 -0.000E+00  0.000E+00
  2.0335500E+05 -0.000E+00 -0.000E+00  0.000E+00
  2.0335700E+05 -0.000E+00 -0.000E+00  0.000E+00
  2.0335900E+05 -0.000E+00 -0.000E+00  0.000E+00
  2.0336100E+05 -0.000E+00 -0.000E+00  0.000E+00
  2.0336300E+05 -0.000E+00 -0.000E+00  0.000E+00
  2.0336500E+05 -0.000E+00 -0.000E+00  0.000E+00
  2.0336700E+05 -0.000E+00 -0.000E+00  0.000E+00
  2.0336900E+05 -0.000E+00 -0.000E+00  0.000E+00
  2.0337100E+05 -0.000E+00 -0.000E+00  0.000E+00
  2.0337300E+05 -0.000E+00 -0.000E+00  0.000E+00
  2.0337500E+05 -0.000E+00 -0.000E+00  0.000E+00
  2.0337700E+05 -0.000E+00 -0.000E+00  0.000E+00
  2.0337900E+05 -0.000E+00 -0.000E+00  0.000E+00
  2.0338100E+05 -0.000E+00 -0.000E+00  0.000E+00
  2.0338300E+05 -0.000E+00 -0.000E+00  0.000E+00
  2.0338500E+05 -0.000E+00 -0.000E+00  0.000E+00
  2.0338700E+05 -0.000E+00 -0.000E+00  0.000E+00
  2.0338900E+05 -0.000E+00 -0.000E+00  0.000E+00
  2.0339100E+05 -0.000E+00 -0.000E+00  0.000E+00
  2.0339300E+05 -0.000E+00 -0.000E+00  0.000E+00
  2.0339500E+05 -0.000E+00 -0.000E+00  0.000E+00
  2.0339700E+05 -0.000E+00 -0.000E+00  0.000E+00
  2.0339900E+05 -0.000E+00 -0.000E+00  0.000E+00
  2.0340100E+05 -0.000E+00 -0.000E+00  0.000E+00
  2.0340300E+05 -0.000E+00 -0.000E+00  0.000E+00
  2.0340500E+05 -0.000E+00 -0.000E+00  0.000E+00
  2.0340700E+05 -0.000E+00 -0.000E+00  0.000E+00
  2.0340900E+05 -0.000E+00 -0.000E+00  0.000E+00
  2.0341100E+05 -0.000E+00 -0.000E+00  0.000E+00
  2.0341300E+05 -0.000E+00 -0.000E+00  0.000E+00
  2.0341500E+05 -0.000E+00 -0.000E+00  0.000E+00
  2.0341700E+05 -0.000E+00 -0.000E+00  0.000E+00
  2.0341900E+05 -0.000E+00 -0.000E+00  0.000E+00
  2.0342100E+05 -0.000E+00 -0.000E+00  0.000E+00
  2.0342300E+05 -0.000E+00 -0.000E+00  0.000E+00
  2.0342500E+05 -0.000E+00 -0.000E+00  0.000E+00
  2.0342700E+05 -0.000E+00 -0.000E+00  0.000E+00
  2.0342900E+05 -0.000E+00 -0.000E+00  0.000E+00
  2.0343100E+05 -0.000E+00 -0.000E+00  0.000E+00
  2.0343300E+05 -0.000E+00 -0.000E+00  0.000E+00
  2.0343500E+05 -0.000E+00 -0.000E+00  0.000E+00
  2.0343700E+05 -0.000E+00 -0.000E+00  0.000E+00
  2.0343900E+05 -0.000E+00 -0.000E+00  0.000E+00
  2.0344100E+05 -0.000E+00 -0.000E+00  0.000E+00
  2.0344300E+05 -0.000E+00 -0.000E+00  0.000E+00
  2.0344500E+05 -0.000E+00 -0.000E+00  0.000E+00
  2.0344700E+05 -0.000E+00 -0.000E+00  0.000E+00
  2.0344900E+05 -0.000E+00 -0.000E+00  0.000E+00
  2.0345100E+05 -0.000E+00 -0.000E+00  0.000E+00
  2.0345300E+05 -0.000E+00 -0.000E+00  0.000E+00
  2.0345500E+05 -0.000E+00 -0.000E+00  0.000E+00
  2.0345700E+05 -0.000E+00 -0.000E+00  0.000E+00
  2.0345900E+05 -0.000E+00 -0.000E+00  0.000E+00
  2.0346100E+05 -0.000E+00 -0.000E+00  0.000E+00
  2.0346300E+05 -0.000E+00 -0.000E+00  0.000E+00
  2.0346500E+05 -0.000E+00 -0.000E+00  0.000E+00
  2.0346700E+05 -0.000E+00 -0.000E+00  0.000E+00
  2.0346900E+05 -0.000E+00 -0.000E+00  0.000E+00
  2.0347100E+05 -0.000E+00 -0.000E+00  0.000E+00
  2.0347300E+05 -0.000E+00 -0.000E+00  0.000E+00
  2.0347500E+05 -0.000E+00 -0.000E+00  0.000E+00
  2.0347700E+05 -0.000E+00 -0.000E+00  0.000E+00
  2.0347900E+05 -0.000E+00 -0.000E+00  0.000E+00
  2.0348100E+05 -0.000E+00 -0.000E+00  0.000E+00
  2.0348300E+05 -0.000E+00 -0.000E+00  0.000E+00
  2.0348500E+05 -0.000E+00 -0.000E+00  0.000E+00
  2.0348700E+05 -0.000E+00 -0.000E+00  0.000E+00
  2.0348900E+05 -0.000E+00 -0.000E+00  0.000E+00
  2.0349100E+05 -0.000E+00 -0.000E+00  0.000E+00
  2.0349300E+05 -0.000E+00 -0.000E+00  0.000E+00
  2.0349500E+05 -0.000E+00 -0.000E+00  0.000E+00
  2.0349700E+05 -0.000E+00 -0.000E+00  0.000E+00
  2.0349900E+05 -0.000E+00 -0.000E+00  0.000E+00
  2.0350100E+05 -0.000E+00 -0.000E+00  0.000E+00
  2.0350300E+05 -0.000E+00 -0.000E+00  0.000E+00
  2.0350500E+05 -0.000E+00 -0.000E+00  0.000E+00
  2.0350700E+05  2.103E-08 -5.766E-09  6.287E-08
  2.0350900E+05 -2.583E-05  1.820E-06  1.255E-06
  2.0351100E+05 -1.054E-03  7.425E-05  5.005E-05
  2.0351300E+05  3.499E-04  3.679E-05 -9.374E-04
  2.0351500E+05  3.877E-06 -1.163E-05  1.698E-04
  2.0351700E+05 -7.913E-06  9.020E-06 -1.306E-04
  2.0351900E+05 -2.268E-04  3.499E-05 -2.809E-04
  2.0352100E+05 -4.444E-04  3.796E-05 -8.135E-05
  2.0352300E+05 -2.840E-03  3.408E-04 -2.057E-03
  2.0352500E+05 -3.907E-03  4.320E-04 -2.268E-03
  2.0352700E+05 -2.453E-03  1.903E-04 -1.982E-04
  2.0352900E+05 -8.178E-03  9.350E-04 -5.276E-03
  2.0353100E+05 -1.646E-02  1.600E-03 -6.321E-03
  2.0353300E+05 -1.888E-02  2.255E-03 -1.376E-02
  2.0353500E+05 -2.955E-02  3.307E-03 -1.827E-02
  2.0353700E+05 -3.932E-02  4.045E-03 -1.892E-02
  2.0353900E+05 -6.080E-02  6.600E-03 -3.480E-02
  2.0354100E+05 -6.694E-02  7.643E-03 -4.427E-02
  2.0354300E+05 -1.005E-01  1.074E-02 -5.560E-02
  2.0354500E+05 -1.226E-01  1.418E-02 -8.507E-02
  2.0354700E+05 -1.415E-01  1.410E-02 -6.311E-02
  2.0354900E+05 -1.862E-01  2.097E-02 -1.215E-01
  2.0355100E+05 -2.621E-01  2.795E-02 -1.473E-01
  2.0355300E+05 -2.660E-01  2.996E-02 -1.756E-01
  2.0355500E+05 -3.284E-01  3.641E-02 -2.090E-01
  2.0355700E+05 -4.662E-01  4.995E-02 -2.702E-01
  2.0355900E+05 -4.939E-01  5.386E-02 -3.027E-01
  2.0356100E+05 -5.261E-01  5.795E-02 -3.340E-01
  2.0356300E+05 -6.273E-01  6.808E-02 -3.842E-01
  2.0356500E+05 -7.511E-01  8.080E-02 -4.504E-01
  2.0356700E+05 -8.302E-01  8.959E-02 -5.055E-01
  2.0356900E+05 -8.723E-01  9.691E-02 -5.797E-01
  2.0357100E+05 -9.521E-01  1.036E-01 -6.022E-01
  2.0357300E+05 -1.154E+00  1.217E-01 -6.689E-01
  2.0357500E+05 -1.188E+00  1.343E-01 -8.405E-01
  2.0357700E+05 -1.258E+00  1.339E-01 -7.591E-01
  2.0357900E+05 -1.393E+00  1.487E-01 -8.530E-01
  2.0358100E+05 -1.367E+00  1.534E-01 -9.651E-01
  2.0358300E+05 -1.379E+00  1.524E-01 -9.419E-01
  2.0358500E+05 -1.354E+00  1.479E-01 -8.985E-01
  2.0358700E+05 -1.465E+00  1.563E-01 -9.180E-01
  2.0358900E+05 -1.457E+00  1.559E-01 -9.267E-01
  2.0359100E+05 -1.490E+00  1.661E-01 -1.062E+00
  2.0359300E+05 -1.409E+00  1.511E-01 -9.162E-01
  2.0359500E+05 -1.414E+00  1.566E-01 -1.007E+00
  2.0359700E+05 -1.269E+00  1.392E-01 -8.870E-01
  2.0359900E+05 -1.268E+00  1.335E-01 -7.972E-01
  2.0360100E+05 -1.191E+00  1.212E-01 -6.815E-01
  2.0360300E+05 -1.157E+00  1.227E-01 -7.544E-01
  2.0360500E+05 -1.093E+00  1.153E-01 -7.074E-01
  2.0360700E+05 -1.030E+00  1.120E-01 -7.253E-01
  2.0360900E+05 -7.837E-01  9.072E-02 -6.569E-01
  2.0361100E+05 -6.269E-01  7.168E-02 -5.149E-01
  2.0361300E+05 -7.015E-01  7.275E-02 -4.491E-01
  2.0361500E+05 -5.837E-01  6.352E-02 -4.327E-01
  2.0361700E+05 -5.121E-01  5.054E-02 -2.941E-01
  2.0361900E+05 -4.004E-01  4.121E-02 -2.654E-01
  2.0362100E+05 -4.578E-01  4.426E-02 -2.541E-01
  2.0362300E+05 -2.970E-01  3.388E-02 -2.596E-01
  2.0362500E+05 -2.117E-01  2.405E-02 -1.942E-01
  2.0362700E+05 -2.248E-01  2.232E-02 -1.457E-01
  2.0362900E+05 -1.561E-01  1.580E-02 -1.128E-01
  2.0363100E+05 -7.828E-02  5.538E-03 -2.915E-02
  2.0363300E+05 -9.977E-02  1.047E-02 -8.819E-02
  2.0363500E+05  9.206E-02 -2.987E-03 -7.957E-02
  2.0363700E+05  9.283E-03 -6.500E-03  7.852E-02
  2.0363900E+05  7.212E-02 -7.094E-03  1.548E-02
  2.0364100E+05  6.681E-02 -8.223E-03  4.435E-02
  2.0364300E+05  3.114E-02 -6.803E-03  6.046E-02
  2.0364500E+05  1.127E-01 -1.351E-02  8.077E-02
  2.0364700E+05  6.655E-02 -7.014E-03  2.633E-02
  2.0364900E+05  1.251E-01 -1.432E-02  8.392E-02
  2.0365100E+05  1.342E-01 -1.766E-02  1.309E-01
  2.0365300E+05  1.283E-01 -1.446E-02  8.247E-02
  2.0365500E+05  1.629E-01 -1.504E-02  5.359E-02
  2.0365700E+05  1.533E-01 -1.850E-02  1.255E-01
  2.0365900E+05  1.574E-01 -1.699E-02  9.372E-02
  2.0366100E+05  1.848E-01 -2.160E-02  1.428E-01
  2.0366300E+05  1.575E-01 -1.913E-02  1.314E-01
  2.0366500E+05  1.857E-01 -1.892E-02  9.996E-02
  2.0366700E+05  1.686E-01 -1.756E-02  9.091E-02
  2.0366900E+05  1.223E-01 -1.469E-02  1.032E-01
  2.0367100E+05  2.088E-01 -2.342E-02  1.464E-01
