 -1.1065100E+05 -0.000E+00 -0.000E+00  0.000E+00
 -1.1064900E+05 -0.000E+00 -0.000E+00  0.000E+00
 -1.1064700E+05 -0.000E+00 -0.000E+00  0.000E+00
 -1.1064500E+05 -0.000E+00 -0.000E+00  0.000E+00
 -1.1064300E+05 -0.000E+00 -0.000E+00  0.000E+00
 -1.1064100E+05 -0.000E+00 -0.000E+00  0.000E+00
 -1.1063900E+05 -0.000E+00 -0.000E+00  0.000E+00
 -1.1063700E+05 -0.000E+00 -0.000E+00  0.000E+00
 -1.1063500E+05 -0.000E+00 -0.000E+00  0.000E+00
 -1.1063300E+05 -0.000E+00 -0.000E+00  0.000E+00
 -1.1063100E+05 -0.000E+00 -0.000E+00  0.000E+00
 -1.1062900E+05 -0.000E+00 -0.000E+00  0.000E+00
 -1.1062700E+05 -0.000E+00 -0.000E+00  0.000E+00
 -1.1062500E+05 -0.000E+00 -0.000E+00  0.000E+00
 -1.1062300E+05 -0.000E+00 -0.000E+00  0.000E+00
 -1.1062100E+05 -0.000E+00 -0.000E+00  0.000E+00
 -1.1061900E+05 -0.000E+00 -0.000E+00  0.000E+00
 -1.1061700E+05 -0.000E+00 -0.000E+00  0.000E+00
 -1.1061500E+05 -0.000E+00 -0.000E+00  0.000E+00
 -1.1061300E+05 -0.000E+00 -0.000E+00  0.000E+00
 -1.1061100E+05 -0.000E+00 -0.000E+00  0.000E+00
 -1.1060900E+05 -0.000E+00 -0.000E+00  0.000E+00
 -1.1060700E+05 -0.000E+00 -0.000E+00  0.000E+00
 -1.1060500E+05 -0.000E+00 -0.000E+00  0.000E+00
 -1.1060300E+05 -0.000E+00 -0.000E+00  0.000E+00
 -1.1060100E+05 -0.000E+00 -0.000E+00  0.000E+00
 -1.1059900E+05 -0.000E+00 -0.000E+00  0.000E+00
 -1.1059700E+05 -0.000E+00 -0.000E+00  0.000E+00
 -1.1059500E+05 -0.000E+00 -0.000E+00  0.000E+00
 -1.1059300E+05 -0.000E+00 -0.000E+00  0.000E+00
 -1.1059100E+05 -0.000E+00 -0.000E+00  0.000E+00
 -1.1058900E+05 -0.000E+00 -0.000E+00  0.000E+00
 -1.1058700E+05 -0.000E+00 -0.000E+00  0.000E+00
 -1.1058500E+05 -0.000E+00 -0.000E+00  0.000E+00
 -1.1058300E+05 -0.000E+00 -0.000E+00  0.000E+00
 -1.1058100E+05 -0.000E+00 -0.000E+00  0.000E+00
 -1.1057900E+05 -0.000E+00 -0.000E+00  0.000E+00
 -1.1057700E+05 -0.000E+00 -0.000E+00  0.000E+00
 -1.1057500E+05 -0.000E+00 -0.000E+00  0.000E+00
 -1.1057300E+05 -0.000E+00 -0.000E+00  0.000E+00
 -1.1057100E+05 -0.000E+00 -0.000E+00  0.000E+00
 -1.1056900E+05 -0.000E+00 -0.000E+00  0.000E+00
 -1.1056700E+05 -0.000E+00 -0.000E+00  0.000E+00
 -1.1056500E+05 -0.000E+00 -0.000E+00  0.000E+00
 -1.1056300E+05 -0.000E+00 -0.000E+00  0.000E+00
 -1.1056100E+05 -0.000E+00 -0.000E+00  0.000E+00
 -1.1055900E+05 -0.000E+00 -0.000E+00  0.000E+00
 -1.1055700E+05 -0.000E+00 -0.000E+00  0.000E+00
 -1.1055500E+05 -0.000E+00 -0.000E+00  0.000E+00
 -1.1055300E+05 -0.000E+00 -0.000E+00  0.000E+00
 -1.1055100E+05 -0.000E+00 -0.000E+00  0.000E+00
 -1.1054900E+05 -0.000E+00 -0.000E+00  0.000E+00
 -1.1054700E+05 -0.000E+00 -0.000E+00  0.000E+00
 -1.1054500E+05 -0.000E+00 -0.000E+00  0.000E+00
 -1.1054300E+05 -0.000E+00 -0.000E+00  0.000E+00
 -1.1054100E+05 -0.000E+00 -0.000E+00  0.000E+00
 -1.1053900E+05 -0.000E+00 -0.000E+00  0.000E+00
 -1.1053700E+05 -0.000E+00 -0.000E+00  0.000E+00
 -1.1053500E+05 -0.000E+00 -0.000E+00  0.000E+00
 -1.1053300E+05 -0.000E+00 -0.000E+00  0.000E+00
 -1.1053100E+05 -0.000E+00 -0.000E+00  0.000E+00
 -1.1052900E+05 -0.000E+00 -0.000E+00  0.000E+00
 -1.1052700E+05 -0.000E+00 -0.000E+00  0.000E+00
 -1.1052500E+05 -0.000E+00 -0.000E+00  0.000E+00
 -1.1052300E+05 -0.000E+00 -0.000E+00  0.000E+00
 -1.1052100E+05 -0.000E+00 -0.000E+00  0.000E+00
 -1.1051900E+05 -0.000E+00 -0.000E+00  0.000E+00
 -1.1051700E+05 -0.000E+00 -0.000E+00  0.000E+00
 -1.1051500E+05 -0.000E+00 -0.000E+00  0.000E+00
 -1.1051300E+05 -0.000E+00 -0.000E+00  0.000E+00
 -1.1051100E+05 -0.000E+00 -0.000E+00  0.000E+00
 -1.1050900E+05 -0.000E+00 -0.000E+00  0.000E+00
 -1.1050700E+05 -0.000E+00 -0.000E+00  0.000E+00
 -1.1050500E+05 -0.000E+00 -0.000E+00  0.000E+00
 -1.1050300E+05 -0.000E+00 -0.000E+00  0.000E+00
 -1.1050100E+05 -0.000E+00 -0.000E+00  0.000E+00
 -1.1049900E+05 -0.000E+00 -0.000E+00  0.000E+00
 -1.1049700E+05 -0.000E+00 -0.000E+00  0.000E+00
 -1.1049500E+05 -0.000E+00 -0.000E+00  0.000E+00
 -1.1049300E+05 -0.000E+00 -0.000E+00  0.000E+00
 -1.1049100E+05 -0.000E+00 -0.000E+00  0.000E+00
 -1.1048900E+05 -0.000E+00 -0.000E+00  0.000E+00
 -1.1048700E+05 -0.000E+00 -0.000E+00  0.000E+00
 -1.1048500E+05 -0.000E+00 -0.000E+00  0.000E+00
 -1.1048300E+05 -0.000E+00 -0.000E+00  0.000E+00
 -1.1048100E+05 -0.000E+00 -0.000E+00  0.000E+00
 -1.1047900E+05 -0.000E+00 -0.000E+00  0.000E+00
 -1.1047700E+05 -0.000E+00 -0.000E+00  0.000E+00
 -1.1047500E+05 -0.000E+00 -0.000E+00  0.000E+00
 -1.1047300E+05 -0.000E+00 -0.000E+00  0.000E+00
 -1.1047100E+05 -0.000E+00 -0.000E+00  0.000E+00
 -1.1046900E+05 -0.000E+00 -0.000E+00  0.000E+00
 -1.1046700E+05 -0.000E+00 -0.000E+00  0.000E+00
 -1.1046500E+05 -0.000E+00 -0.000E+00  0.000E+00
 -1.1046300E+05 -0.000E+00 -0.000E+00  0.000E+00
 -1.1046100E+05 -0.000E+00 -0.000E+00  0.000E+00
 -1.1045900E+05 -0.000E+00 -0.000E+00  0.000E+00
 -1.1045700E+05 -0.000E+00 -0.000E+00  0.000E+00
 -1.1045500E+05 -0.000E+00 -0.000E+00  0.000E+00
 -1.1045300E+05 -0.000E+00 -0.000E+00  0.000E+00
 -1.1045100E+05 -0.000E+00 -0.000E+00  0.000E+00
 -1.1044900E+05 -0.000E+00 -0.000E+00  0.000E+00
 -1.1044700E+05 -0.000E+00 -0.000E+00  0.000E+00
 -1.1044500E+05 -0.000E+00 -0.000E+00  0.000E+00
 -1.1044300E+05 -0.000E+00 -0.000E+00  0.000E+00
 -1.1044100E+05  1.069E-08 -3.421E-09  2.333E-08
 -1.1043900E+05  3.872E-08 -1.239E-08  8.447E-08
 -1.1043700E+05 -1.308E-05  2.034E-06 -6.542E-06
 -1.1043500E+05 -9.581E-06  1.331E-06 -3.142E-06
 -1.1043300E+05 -3.759E-05  6.089E-06 -2.104E-05
 -1.1043100E+05 -3.026E-04  5.272E-05 -2.051E-04
 -1.1042900E+05 -3.059E-04  4.512E-05 -1.239E-04
 -1.1042700E+05  3.138E-04 -8.075E-05  4.742E-04
 -1.1042500E+05 -1.077E-03  2.014E-04 -8.626E-04
 -1.1042300E+05  4.143E-05  2.276E-08 -4.455E-05
 -1.1042100E+05 -5.416E-04  1.005E-04 -4.251E-04
 -1.1041900E+05 -4.226E-04  1.588E-04 -1.131E-03
 -1.1041700E+05 -1.194E-03  1.585E-04 -2.907E-04
 -1.1041500E+05 -6.529E-05  3.483E-05 -2.768E-04
 -1.1041300E+05  1.779E-03 -3.456E-04  1.521E-03
 -1.1041100E+05 -6.811E-03  1.043E-03 -3.020E-03
 -1.1040900E+05 -3.141E-03  7.830E-04 -4.431E-03
 -1.1040700E+05 -3.770E-03  8.704E-04 -4.551E-03
 -1.1040500E+05 -1.285E-02  2.175E-03 -7.604E-03
 -1.1040300E+05 -1.068E-02  1.446E-03 -2.726E-03
 -1.1040100E+05 -1.220E-02  2.289E-03 -9.410E-03
 -1.1039900E+05 -1.335E-02  2.418E-03 -9.482E-03
 -1.1039700E+05 -2.597E-02  4.449E-03 -1.566E-02
 -1.1039500E+05 -1.924E-02  3.482E-03 -1.383E-02
 -1.1039300E+05 -2.463E-02  4.176E-03 -1.439E-02
 -1.1039100E+05 -3.672E-02  6.055E-03 -1.921E-02
 -1.1038900E+05 -2.827E-02  6.167E-03 -2.947E-02
 -1.1038700E+05 -5.021E-02  8.787E-03 -3.113E-02
 -1.1038500E+05 -5.413E-02  1.022E-02 -4.096E-02
 -1.1038300E+05 -7.334E-02  1.226E-02 -3.957E-02
 -1.1038100E+05 -7.030E-02  1.259E-02 -4.614E-02
 -1.1037900E+05 -1.022E-01  1.785E-02 -6.230E-02
 -1.1037700E+05 -8.959E-02  1.695E-02 -6.661E-02
 -1.1037500E+05 -8.706E-02  1.740E-02 -7.408E-02
 -1.1037300E+05 -1.290E-01  2.324E-02 -8.417E-02
 -1.1037100E+05 -1.403E-01  2.302E-02 -6.955E-02
 -1.1036900E+05 -1.244E-01  2.289E-02 -8.593E-02
 -1.1036700E+05 -1.267E-01  2.333E-02 -8.716E-02
 -1.1036500E+05 -1.576E-01  2.845E-02 -1.016E-01
 -1.1036300E+05 -2.178E-01  4.157E-02 -1.621E-01
 -1.1036100E+05 -2.189E-01  4.029E-02 -1.478E-01
 -1.1035900E+05 -2.824E-01  4.790E-02 -1.502E-01
 -1.1035700E+05 -2.860E-01  5.198E-02 -1.849E-01
 -1.1035500E+05 -2.556E-01  4.537E-02 -1.544E-01
 -1.1035300E+05 -3.319E-01  6.386E-02 -2.468E-01
 -1.1035100E+05 -3.721E-01  6.678E-02 -2.290E-01
 -1.1034900E+05 -3.606E-01  6.074E-02 -1.828E-01
 -1.1034700E+05 -3.291E-01  6.014E-02 -2.113E-01
 -1.1034500E+05 -4.047E-01  7.713E-02 -2.899E-01
 -1.1034300E+05 -4.385E-01  8.773E-02 -3.513E-01
 -1.1034100E+05 -5.033E-01  8.565E-02 -2.579E-01
 -1.1033900E+05 -4.836E-01  8.999E-02 -3.211E-01
 -1.1033700E+05 -4.695E-01  8.212E-02 -2.600E-01
 -1.1033500E+05 -5.772E-01  1.021E-01 -3.294E-01
 -1.1033300E+05 -5.430E-01  1.007E-01 -3.525E-01
 -1.1033100E+05 -6.314E-01  1.135E-01 -3.732E-01
 -1.1032900E+05 -5.684E-01  1.109E-01 -4.168E-01
 -1.1032700E+05 -5.821E-01  1.074E-01 -3.682E-01
 -1.1032500E+05 -7.127E-01  1.319E-01 -4.531E-01
 -1.1032300E+05 -7.771E-01  1.434E-01 -4.883E-01
 -1.1032100E+05 -8.160E-01  1.565E-01 -5.646E-01
 -1.1031900E+05 -7.826E-01  1.426E-01 -4.672E-01
 -1.1031700E+05 -7.554E-01  1.475E-01 -5.424E-01
 -1.1031500E+05 -8.597E-01  1.497E-01 -4.456E-01
 -1.1031300E+05 -8.627E-01  1.591E-01 -5.265E-01
 -1.1031100E+05 -8.022E-01  1.623E-01 -6.233E-01
 -1.1030900E+05 -8.670E-01  1.668E-01 -5.910E-01
 -1.1030700E+05 -9.246E-01  1.660E-01 -5.149E-01
 -1.1030500E+05 -7.615E-01  1.479E-01 -5.258E-01
 -1.1030300E+05 -9.622E-01  1.810E-01 -6.068E-01
 -1.1030100E+05 -1.015E+00  1.808E-01 -5.429E-01
 -1.1029900E+05 -9.193E-01  1.772E-01 -6.153E-01
 -1.1029700E+05 -9.626E-01  1.909E-01 -6.933E-01
 -1.1029500E+05 -1.025E+00  1.972E-01 -6.764E-01
 -1.1029300E+05 -1.024E+00  1.993E-01 -6.947E-01
 -1.1029100E+05 -9.909E-01  1.899E-01 -6.409E-01
 -1.1028900E+05 -8.741E-01  1.640E-01 -5.303E-01
 -1.1028700E+05 -9.161E-01  1.717E-01 -5.497E-01
 -1.1028500E+05 -9.702E-01  1.833E-01 -5.945E-01
 -1.1028300E+05 -9.215E-01  1.709E-01 -5.309E-01
 -1.1028100E+05 -9.473E-01  1.836E-01 -6.170E-01
 -1.1027900E+05 -9.660E-01  1.891E-01 -6.432E-01
 -1.1027700E+05 -9.749E-01  1.864E-01 -6.056E-01
 -1.1027500E+05 -8.094E-01  1.511E-01 -4.690E-01
 -1.1027300E+05 -9.592E-01  1.958E-01 -7.045E-01
