  1.2872900E+05 -0.000E+00 -0.000E+00  0.000E+00
  1.2873100E+05 -0.000E+00 -0.000E+00  0.000E+00
  1.2873300E+05 -0.000E+00 -0.000E+00  0.000E+00
  1.2873500E+05 -0.000E+00 -0.000E+00  0.000E+00
  1.2873700E+05 -0.000E+00 -0.000E+00  0.000E+00
  1.2873900E+05 -0.000E+00 -0.000E+00  0.000E+00
  1.2874100E+05 -0.000E+00 -0.000E+00  0.000E+00
  1.2874300E+05 -0.000E+00 -0.000E+00  0.000E+00
  1.2874500E+05 -0.000E+00 -0.000E+00  0.000E+00
  1.2874700E+05 -0.000E+00 -0.000E+00  0.000E+00
  1.2874900E+05 -0.000E+00 -0.000E+00  0.000E+00
  1.2875100E+05 -0.000E+00 -0.000E+00  0.000E+00
  1.2875300E+05 -0.000E+00 -0.000E+00  0.000E+00
  1.2875500E+05 -0.000E+00 -0.000E+00  0.000E+00
  1.2875700E+05 -0.000E+00 -0.000E+00  0.000E+00
  1.2875900E+05 -0.000E+00 -0.000E+00  0.000E+00
  1.2876100E+05 -0.000E+00 -0.000E+00  0.000E+00
  1.2876300E+05 -0.000E+00 -0.000E+00  0.000E+00
  1.2876500E+05 -0.000E+00 -0.000E+00  0.000E+00
  1.2876700E+05 -0.000E+00 -0.000E+00  0.000E+00
  1.2876900E+05 -0.000E+00 -0.000E+00  0.000E+00
  1.2877100E+05 -0.000E+00 -0.000E+00  0.000E+00
  1.2877300E+05 -0.000E+00 -0.000E+00  0.000E+00
  1.2877500E+05 -0.000E+00 -0.000E+00  0.000E+00
  1.2877700E+05 -0.000E+00 -0.000E+00  0.000E+00
  1.2877900E+05 -0.000E+00 -0.000E+00  0.000E+00
  1.2878100E+05 -0.000E+00 -0.000E+00  0.000E+00
  1.2878300E+05 -0.000E+00 -0.000E+00  0.000E+00
  1.2878500E+05 -0.000E+00 -0.000E+00  0.000E+00
  1.2878700E+05 -0.000E+00 -0.000E+00  0.000E+00
  1.2878900E+05 -0.000E+00 -0.000E+00  0.000E+00
  1.2879100E+05 -0.000E+00 -0.000E+00  0.000E+00
  1.2879300E+05 -0.000E+00 -0.000E+00  0.000E+00
  1.2879500E+05 -0.000E+00 -0.000E+00  0.000E+00
  1.2879700E+05 -0.000E+00 -0.000E+00  0.000E+00
  1.2879900E+05 -0.000E+00 -0.000E+00  0.000E+00
  1.2880100E+05 -0.000E+00 -0.000E+00  0.000E+00
  1.2880300E+05 -0.000E+00 -0.000E+00  0.000E+00
  1.2880500E+05 -0.000E+00 -0.000E+00  0.000E+00
  1.2880700E+05  1.895E-06 -5.056E-08 -1.752E-06
  1.2880900E+05 -1.958E-04  1.964E-05 -4.984E-05
  1.2881100E+05 -1.075E-04  5.105E-05 -6.228E-04
  1.2881300E+05 -3.351E-03  3.325E-04 -9.075E-04
  1.2881500E+05 -1.317E-02  1.698E-03 -9.316E-03
  1.2881700E+05 -5.376E-02  5.854E-03 -2.300E-02
  1.2881900E+05 -1.141E-01  1.357E-02 -6.545E-02
  1.2882100E+05 -2.455E-01  2.905E-02 -1.396E-01
  1.2882300E+05 -5.213E-01  6.196E-02 -3.031E-01
  1.2882500E+05 -8.407E-01  1.003E-01 -4.989E-01
  1.2882700E+05 -1.320E+00  1.581E-01 -7.986E-01
  1.2882900E+05 -2.005E+00  2.362E-01 -1.166E+00
  1.2883100E+05 -2.619E+00  3.144E-01 -1.623E+00
  1.2883300E+05 -3.378E+00  4.049E-01 -2.103E+00
  1.2883500E+05 -4.098E+00  4.976E-01 -2.669E+00
  1.2883700E+05 -4.242E+00  5.149E-01 -2.786E+00
  1.2883900E+05 -4.419E+00  5.287E-01 -2.813E+00
  1.2884100E+05 -4.348E+00  5.377E-01 -3.056E+00
  1.2884300E+05 -3.641E+00  4.368E-01 -2.382E+00
  1.2884500E+05 -3.429E+00  4.150E-01 -2.318E+00
  1.2884700E+05 -2.467E+00  3.116E-01 -1.887E+00
  1.2884900E+05 -1.887E+00  2.311E-01 -1.350E+00
  1.2885100E+05 -1.470E+00  1.677E-01 -8.776E-01
  1.2885300E+05 -1.143E+00  1.401E-01 -8.372E-01
  1.2885500E+05 -6.232E-01  7.549E-02 -4.581E-01
  1.2885700E+05 -3.530E-01  4.272E-02 -2.734E-01
  1.2885900E+05 -3.512E-01  4.145E-02 -2.500E-01
  1.2886100E+05  2.044E-03  1.799E-03 -5.621E-02
  1.2886300E+05  4.889E-02 -4.086E-03 -2.111E-02
  1.2886500E+05  7.269E-02 -1.121E-02  6.406E-02
  1.2886700E+05  8.469E-02 -1.802E-02  1.579E-01
  1.2886900E+05  1.567E-01 -2.193E-02  1.359E-01
  1.2887100E+05  9.864E-02 -1.592E-02  1.156E-01
  1.2887300E+05  2.191E-01 -3.201E-02  2.143E-01
  1.2887500E+05  3.020E-01 -3.061E-02  1.009E-01
  1.2887700E+05  2.339E-01 -2.759E-02  1.363E-01
  1.2887900E+05  1.878E-01 -2.589E-02  1.594E-01
  1.2888100E+05  2.906E-01 -3.235E-02  1.400E-01
  1.2888300E+05  2.948E-01 -2.976E-02  9.805E-02
  1.2888500E+05  2.451E-01 -3.078E-02  1.726E-01
  1.2888700E+05  2.562E-01 -3.360E-02  2.044E-01
  1.2888900E+05  2.447E-01 -3.176E-02  1.907E-01
  1.2889100E+05  2.565E-01 -3.286E-02  1.935E-01
  1.2889300E+05  1.864E-01 -2.874E-02  2.143E-01
  1.2889500E+05  2.868E-01 -3.378E-02  1.702E-01
  1.2889700E+05  2.692E-01 -3.170E-02  1.576E-01
  1.2889900E+05  2.295E-01 -2.735E-02  1.411E-01
  1.2890100E+05  2.466E-01 -3.073E-02  1.752E-01
  1.2890300E+05  2.503E-01 -3.217E-02  1.884E-01
  1.2890500E+05  2.723E-01 -2.877E-02  1.147E-01
  1.2890700E+05  1.848E-01 -2.696E-02  1.881E-01
  1.2890900E+05  2.476E-01 -3.175E-02  1.883E-01
  1.2891100E+05  2.352E-01 -2.998E-02  1.765E-01
  1.2891300E+05  2.674E-01 -2.936E-02  1.305E-01
  1.2891500E+05  2.773E-01 -3.086E-02  1.363E-01
  1.2891700E+05  1.961E-01 -2.620E-02  1.641E-01
  1.2891900E+05  2.160E-01 -2.750E-02  1.614E-01
  1.2892100E+05  2.385E-01 -3.000E-02  1.796E-01
  1.2892300E+05  2.287E-01 -2.834E-02  1.559E-01
  1.2892500E+05  2.316E-01 -2.937E-02  1.649E-01
  1.2892700E+05  2.065E-01 -2.683E-02  1.645E-01
  1.2892900E+05  2.460E-01 -2.962E-02  1.598E-01
  1.2893100E+05  2.108E-01 -2.263E-02  9.701E-02
  1.2893300E+05  2.312E-01 -2.989E-02  1.800E-01
  1.2893500E+05  1.863E-01 -2.407E-02  1.447E-01
  1.2893700E+05  2.270E-01 -2.771E-02  1.520E-01
  1.2893900E+05  2.268E-01 -2.624E-02  1.271E-01
  1.2894100E+05  2.299E-01 -2.522E-02  1.136E-01
  1.2894300E+05  2.123E-01 -2.735E-02  1.649E-01
  1.2894500E+05  2.097E-01 -2.444E-02  1.233E-01
  1.2894700E+05  1.721E-01 -2.420E-02  1.646E-01
  1.2894900E+05  2.242E-01 -2.423E-02  1.060E-01
  1.2895100E+05  2.199E-01 -2.564E-02  1.315E-01
  1.2895300E+05  2.066E-01 -2.687E-02  1.643E-01
  1.2895500E+05  2.180E-01 -2.591E-02  1.353E-01
  1.2895700E+05  2.035E-01 -2.297E-02  1.071E-01
  1.2895900E+05  2.049E-01 -2.398E-02  1.235E-01
  1.2896100E+05  2.043E-01 -2.466E-02  1.257E-01
  1.2896300E+05  1.757E-01 -2.237E-02  1.315E-01
  1.2896500E+05  2.152E-01 -2.483E-02  1.242E-01
  1.2896700E+05  1.796E-01 -2.479E-02  1.637E-01
  1.2896900E+05  1.763E-01 -2.187E-02  1.184E-01
  1.2897100E+05  1.896E-01 -2.226E-02  1.159E-01
  1.2897300E+05  1.843E-01 -2.328E-02  1.401E-01
  1.2897500E+05  1.692E-01 -1.952E-02  9.723E-02
  1.2897700E+05  1.754E-01 -2.037E-02  1.030E-01
  1.2897900E+05  1.896E-01 -2.247E-02  1.167E-01
  1.2898100E+05  1.862E-01 -2.276E-02  1.271E-01
  1.2898300E+05  1.523E-01 -2.113E-02  1.370E-01
  1.2898500E+05  1.781E-01 -2.210E-02  1.179E-01
  1.2898700E+05  1.635E-01 -1.937E-02  1.047E-01
  1.2898900E+05  2.066E-01 -2.482E-02  1.320E-01
  1.2899100E+05  2.007E-01 -2.419E-02  1.258E-01
  1.2899300E+05  1.350E-01 -1.758E-02  1.091E-01
  1.2899500E+05  1.597E-01 -1.949E-02  1.113E-01
  1.2899700E+05  1.923E-01 -2.275E-02  1.224E-01
  1.2899900E+05  1.805E-01 -2.170E-02  1.184E-01
  1.2900100E+05  1.789E-01 -1.926E-02  8.776E-02
  1.2900300E+05  1.458E-01 -1.937E-02  1.216E-01
  1.2900500E+05  1.299E-01 -1.675E-02  9.556E-02
  1.2900700E+05  1.627E-01 -1.986E-02  1.120E-01
  1.2900900E+05  1.354E-01 -1.789E-02  1.138E-01
  1.2901100E+05  1.753E-01 -2.062E-02  1.004E-01
  1.2901300E+05  1.571E-01 -1.937E-02  1.115E-01
  1.2901500E+05  1.408E-01 -1.715E-02  9.187E-02
  1.2901700E+05  1.859E-01 -1.867E-02  6.789E-02
  1.2901900E+05  1.560E-01 -1.901E-02  1.065E-01
  1.2902100E+05  1.333E-01 -1.592E-02  8.943E-02
  1.2902300E+05  1.531E-01 -1.835E-02  1.023E-01
  1.2902500E+05  1.351E-01 -1.635E-02  8.385E-02
  1.2902700E+05  1.220E-01 -1.677E-02  1.183E-01
  1.2902900E+05  1.713E-01 -2.015E-02  1.062E-01
  1.2903100E+05  1.312E-01 -1.651E-02  9.250E-02
  1.2903300E+05  1.546E-01 -1.849E-02  9.748E-02
  1.2903500E+05  1.674E-01 -1.825E-02  8.363E-02
  1.2903700E+05  1.463E-01 -1.799E-02  9.641E-02
  1.2903900E+05  1.383E-01 -1.645E-02  8.704E-02
  1.2904100E+05  1.438E-01 -1.720E-02  9.419E-02
  1.2904300E+05  1.307E-01 -1.582E-02  8.772E-02
  1.2904500E+05  1.368E-01 -1.634E-02  9.027E-02
  1.2904700E+05  1.581E-01 -1.861E-02  9.771E-02
  1.2904900E+05  1.547E-01 -1.964E-02  9.112E-02
  1.2905100E+05  1.403E-01 -1.787E-02  1.113E-01
  1.2905300E+05  1.608E-01 -1.766E-02  8.126E-02
  1.2905500E+05  1.275E-01 -1.670E-02  1.069E-01
  1.2905700E+05  1.470E-01 -1.791E-02  9.394E-02
  1.2905900E+05  1.318E-01 -1.477E-02  7.316E-02
  1.2906100E+05  1.284E-01 -1.581E-02  9.717E-02
  1.2906300E+05  1.361E-01 -1.707E-02  9.762E-02
  1.2906500E+05  1.376E-01 -1.488E-02  5.929E-02
  1.2906700E+05  1.262E-01 -1.381E-02  6.803E-02
  1.2906900E+05  9.852E-02 -1.294E-02  8.577E-02
  1.2907100E+05  1.334E-01 -1.577E-02  7.966E-02
  1.2907300E+05  1.308E-01 -1.511E-02  7.777E-02
  1.2907500E+05  1.295E-01 -1.659E-02  9.370E-02
  1.2907700E+05  1.046E-01 -1.141E-02  6.575E-02
  1.2907900E+05  1.293E-01 -1.746E-02  1.161E-01
  1.2908100E+05  8.575E-02 -1.164E-02  7.992E-02
  1.2908300E+05  1.274E-01 -1.386E-02  5.545E-02
  1.2908500E+05  1.441E-01 -1.614E-02  8.083E-02
  1.2908700E+05  1.115E-01 -1.328E-02  7.076E-02
  1.2908900E+05  1.286E-01 -1.625E-02  9.327E-02
  1.2909100E+05  1.190E-01 -1.424E-02  6.724E-02
  1.2909300E+05  1.163E-01 -1.384E-02  7.930E-02
  1.2909500E+05  1.291E-01 -1.405E-02  5.825E-02
  1.2909700E+05  9.881E-02 -1.283E-02  8.474E-02
  1.2909900E+05  1.273E-01 -1.564E-02  8.975E-02
  1.2910100E+05  1.066E-01 -1.231E-02  5.945E-02
  1.2910300E+05  1.004E-01 -1.135E-02  5.366E-02
  1.2910500E+05  1.104E-01 -1.417E-02  8.074E-02
  1.2910700E+05  1.050E-01 -1.200E-02  6.496E-02
