 -1.1509700E+05 -0.000E+00 -0.000E+00  0.000E+00
 -1.1509500E+05 -0.000E+00 -0.000E+00  0.000E+00
 -1.1509300E+05 -0.000E+00 -0.000E+00  0.000E+00
 -1.1509100E+05 -0.000E+00 -0.000E+00  0.000E+00
 -1.1508900E+05 -0.000E+00 -0.000E+00  0.000E+00
 -1.1508700E+05 -0.000E+00 -0.000E+00  0.000E+00
 -1.1508500E+05 -0.000E+00 -0.000E+00  0.000E+00
 -1.1508300E+05 -0.000E+00 -0.000E+00  0.000E+00
 -1.1508100E+05 -0.000E+00 -0.000E+00  0.000E+00
 -1.1507900E+05 -0.000E+00 -0.000E+00  0.000E+00
 -1.1507700E+05 -0.000E+00 -0.000E+00  0.000E+00
 -1.1507500E+05 -0.000E+00 -0.000E+00  0.000E+00
 -1.1507300E+05 -0.000E+00 -0.000E+00  0.000E+00
 -1.1507100E+05 -0.000E+00 -0.000E+00  0.000E+00
 -1.1506900E+05 -0.000E+00 -0.000E+00  0.000E+00
 -1.1506700E+05 -0.000E+00 -0.000E+00  0.000E+00
 -1.1506500E+05 -0.000E+00 -0.000E+00  0.000E+00
 -1.1506300E+05 -0.000E+00 -0.000E+00  0.000E+00
 -1.1506100E+05 -0.000E+00 -0.000E+00  0.000E+00
 -1.1505900E+05 -0.000E+00 -0.000E+00  0.000E+00
 -1.1505700E+05 -0.000E+00 -0.000E+00  0.000E+00
 -1.1505500E+05 -0.000E+00 -0.000E+00  0.000E+00
 -1.1505300E+05 -0.000E+00 -0.000E+00  0.000E+00
 -1.1505100E+05 -0.000E+00 -0.000E+00  0.000E+00
 -1.1504900E+05 -0.000E+00 -0.000E+00  0.000E+00
 -1.1504700E+05 -0.000E+00 -0.000E+00  0.000E+00
 -1.1504500E+05 -2.186E-06  1.075E-06 -9.079E-06
 -1.1504300E+05 -8.810E-06  8.049E-06 -7.401E-05
 -1.1504100E+05  5.151E-05  4.495E-05 -4.894E-04
 -1.1503900E+05 -3.660E-03  5.122E-04 -2.142E-03
 -1.1503700E+05 -1.467E-02  1.542E-03 -3.463E-03
 -1.1503500E+05 -3.800E-02  5.331E-03 -2.214E-02
 -1.1503300E+05 -7.519E-02  1.033E-02 -4.158E-02
 -1.1503100E+05 -1.604E-01  2.018E-02 -7.037E-02
 -1.1502900E+05 -2.644E-01  3.589E-02 -1.413E-01
 -1.1502700E+05 -4.195E-01  5.639E-02 -2.177E-01
 -1.1502500E+05 -6.589E-01  9.243E-02 -3.784E-01
 -1.1502300E+05 -9.495E-01  1.368E-01 -5.781E-01
 -1.1502100E+05 -1.318E+00  1.869E-01 -7.714E-01
 -1.1501900E+05 -1.725E+00  2.417E-01 -9.772E-01
 -1.1501700E+05 -2.122E+00  2.917E-01 -1.145E+00
 -1.1501500E+05 -2.505E+00  3.571E-01 -1.468E+00
 -1.1501300E+05 -2.968E+00  4.329E-01 -1.826E+00
 -1.1501100E+05 -3.361E+00  4.820E-01 -1.983E+00
 -1.1500900E+05 -3.700E+00  5.226E-01 -2.103E+00
 -1.1500700E+05 -4.065E+00  5.836E-01 -2.389E+00
 -1.1500500E+05 -3.918E+00  5.738E-01 -2.401E+00
 -1.1500300E+05 -4.212E+00  5.994E-01 -2.410E+00
 -1.1500100E+05 -4.234E+00  6.187E-01 -2.568E+00
 -1.1499900E+05 -4.061E+00  6.042E-01 -2.554E+00
 -1.1499700E+05 -3.833E+00  5.558E-01 -2.265E+00
 -1.1499500E+05 -3.397E+00  4.992E-01 -2.061E+00
 -1.1499300E+05 -3.205E+00  4.617E-01 -1.855E+00
 -1.1499100E+05 -2.834E+00  4.192E-01 -1.735E+00
 -1.1498900E+05 -2.514E+00  3.639E-01 -1.460E+00
 -1.1498700E+05 -2.283E+00  3.152E-01 -1.189E+00
 -1.1498500E+05 -1.991E+00  3.063E-01 -1.314E+00
 -1.1498300E+05 -1.676E+00  2.712E-01 -1.220E+00
 -1.1498100E+05 -1.328E+00  2.063E-01 -8.867E-01
 -1.1497900E+05 -9.886E-01  1.582E-01 -7.022E-01
 -1.1497700E+05 -8.357E-01  1.434E-01 -6.707E-01
 -1.1497500E+05 -7.845E-01  1.047E-01 -3.642E-01
 -1.1497300E+05 -6.382E-01  9.574E-02 -3.853E-01
 -1.1497100E+05 -3.733E-01  6.785E-02 -3.262E-01
 -1.1496900E+05 -2.824E-01  3.216E-02 -8.186E-02
 -1.1496700E+05 -2.823E-01  4.821E-02 -2.178E-01
 -1.1496500E+05 -4.668E-02  1.649E-02 -1.042E-01
 -1.1496300E+05  8.914E-02  3.005E-03 -7.962E-02
 -1.1496100E+05  6.256E-02  6.979E-03 -9.729E-02
 -1.1495900E+05  6.117E-02 -1.200E-02  6.981E-02
 -1.1495700E+05  1.993E-01 -2.577E-02  9.599E-02
 -1.1495500E+05  3.018E-01 -3.371E-02  9.370E-02
 -1.1495300E+05  1.853E-01 -2.964E-02  1.370E-01
 -1.1495100E+05  3.104E-01 -4.837E-02  2.140E-01
 -1.1494900E+05  3.019E-01 -4.519E-02  1.879E-01
 -1.1494700E+05  2.091E-01 -2.355E-02  7.045E-02
 -1.1494500E+05  3.150E-01 -4.543E-02  1.873E-01
 -1.1494300E+05  4.453E-01 -5.838E-02  2.065E-01
 -1.1494100E+05  3.376E-01 -5.289E-02  2.360E-01
 -1.1493900E+05  3.861E-01 -4.864E-02  1.649E-01
 -1.1493700E+05  2.658E-01 -4.835E-02  2.409E-01
 -1.1493500E+05  2.628E-01 -3.953E-02  1.701E-01
 -1.1493300E+05  4.189E-01 -5.739E-02  2.185E-01
 -1.1493100E+05  3.497E-01 -5.240E-02  2.205E-01
 -1.1492900E+05  3.324E-01 -5.301E-02  2.345E-01
 -1.1492700E+05  3.751E-01 -5.042E-02  1.853E-01
 -1.1492500E+05  3.493E-01 -4.958E-02  1.970E-01
 -1.1492300E+05  3.654E-01 -5.347E-02  2.197E-01
 -1.1492100E+05  3.861E-01 -4.597E-02  1.359E-01
 -1.1491900E+05  3.491E-01 -4.739E-02  1.755E-01
 -1.1491700E+05  3.747E-01 -5.452E-02  2.248E-01
 -1.1491500E+05  3.571E-01 -4.764E-02  1.743E-01
 -1.1491300E+05  3.424E-01 -5.530E-02  2.466E-01
 -1.1491100E+05  3.456E-01 -5.986E-02  2.898E-01
 -1.1490900E+05  4.001E-01 -5.213E-02  1.789E-01
 -1.1490700E+05  3.943E-01 -4.721E-02  1.420E-01
 -1.1490500E+05  3.671E-01 -5.793E-02  2.563E-01
 -1.1490300E+05  3.686E-01 -6.092E-02  2.773E-01
 -1.1490100E+05  3.676E-01 -6.095E-02  2.829E-01
 -1.1489900E+05  4.048E-01 -5.325E-02  1.872E-01
 -1.1489700E+05  3.271E-01 -4.931E-02  2.093E-01
 -1.1489500E+05  2.954E-01 -4.498E-02  1.899E-01
 -1.1489300E+05  3.138E-01 -5.259E-02  2.479E-01
 -1.1489100E+05  3.174E-01 -4.708E-02  1.944E-01
 -1.1488900E+05  3.742E-01 -5.850E-02  2.585E-01
 -1.1488700E+05  3.551E-01 -5.353E-02  2.216E-01
 -1.1488500E+05  3.702E-01 -5.331E-02  2.159E-01
 -1.1488300E+05  3.309E-01 -4.723E-02  1.898E-01
 -1.1488100E+05  3.280E-01 -4.697E-02  1.847E-01
 -1.1487900E+05  3.772E-01 -4.881E-02  1.676E-01
 -1.1487700E+05  3.169E-01 -4.380E-02  1.676E-01
 -1.1487500E+05  3.741E-01 -5.210E-02  2.005E-01
 -1.1487300E+05  3.177E-01 -5.128E-02  2.314E-01
 -1.1487100E+05  3.280E-01 -4.934E-02  2.023E-01
 -1.1486900E+05  3.187E-01 -4.119E-02  1.426E-01
 -1.1486700E+05  2.338E-01 -3.235E-02  1.324E-01
 -1.1486500E+05  3.325E-01 -4.331E-02  1.513E-01
 -1.1486300E+05  3.212E-01 -4.094E-02  1.396E-01
 -1.1486100E+05  2.978E-01 -5.054E-02  2.386E-01
 -1.1485900E+05  3.054E-01 -5.098E-02  2.382E-01
 -1.1485700E+05  2.931E-01 -3.778E-02  1.271E-01
 -1.1485500E+05  2.948E-01 -4.362E-02  1.856E-01
 -1.1485300E+05  2.930E-01 -4.401E-02  1.885E-01
 -1.1485100E+05  2.980E-01 -4.284E-02  1.673E-01
 -1.1484900E+05  3.165E-01 -4.443E-02  1.704E-01
 -1.1484700E+05  2.805E-01 -4.239E-02  1.793E-01
 -1.1484500E+05  3.110E-01 -4.595E-02  1.954E-01
 -1.1484300E+05  2.883E-01 -4.198E-02  1.725E-01
 -1.1484100E+05  3.023E-01 -4.204E-02  1.594E-01
 -1.1483900E+05  3.079E-01 -4.236E-02  1.564E-01
 -1.1483700E+05  2.862E-01 -3.779E-02  1.381E-01
 -1.1483500E+05  2.337E-01 -3.903E-02  1.807E-01
 -1.1483300E+05  2.376E-01 -4.043E-02  1.919E-01
 -1.1483100E+05  2.890E-01 -3.829E-02  1.348E-01
 -1.1482900E+05  3.059E-01 -4.157E-02  1.548E-01
 -1.1482700E+05  2.331E-01 -3.628E-02  1.598E-01
 -1.1482500E+05  3.182E-01 -4.102E-02  1.431E-01
 -1.1482300E+05  2.652E-01 -3.614E-02  1.385E-01
 -1.1482100E+05  2.450E-01 -4.032E-02  1.836E-01
 -1.1481900E+05  2.254E-01 -3.541E-02  1.526E-01
 -1.1481700E+05  2.437E-01 -4.179E-02  1.970E-01
 -1.1481500E+05  2.767E-01 -3.776E-02  1.455E-01
 -1.1481300E+05  2.567E-01 -3.348E-02  1.149E-01
 -1.1481100E+05  2.140E-01 -2.909E-02  1.071E-01
 -1.1480900E+05  2.466E-01 -2.936E-02  9.241E-02
 -1.1480700E+05  2.722E-01 -3.928E-02  1.539E-01
 -1.1480500E+05  2.222E-01 -3.956E-02  1.976E-01
 -1.1480300E+05  2.204E-01 -3.063E-02  1.154E-01
 -1.1480100E+05  2.703E-01 -3.730E-02  1.452E-01
 -1.1479900E+05  2.528E-01 -3.675E-02  1.542E-01
 -1.1479700E+05  2.277E-01 -3.447E-02  1.432E-01
 -1.1479500E+05  1.949E-01 -3.340E-02  1.521E-01
 -1.1479300E+05  2.528E-01 -3.357E-02  1.335E-01
 -1.1479100E+05  2.429E-01 -3.306E-02  1.266E-01
 -1.1478900E+05  2.110E-01 -3.652E-02  1.750E-01
 -1.1478700E+05  2.395E-01 -3.332E-02  1.292E-01
 -1.1478500E+05  2.076E-01 -3.423E-02  1.559E-01
 -1.1478300E+05  2.327E-01 -3.549E-02  1.566E-01
 -1.1478100E+05  3.323E-01 -3.915E-02  1.201E-01
 -1.1477900E+05  2.475E-01 -2.866E-02  7.948E-02
 -1.1477700E+05  1.769E-01 -3.015E-02  1.399E-01
 -1.1477500E+05  1.911E-01 -3.337E-02  1.608E-01
 -1.1477300E+05  2.234E-01 -4.025E-02  1.978E-01
 -1.1477100E+05  1.909E-01 -2.777E-02  1.147E-01
 -1.1476900E+05  2.175E-01 -3.224E-02  1.362E-01
 -1.1476700E+05  2.289E-01 -3.747E-02  1.714E-01
 -1.1476500E+05  2.278E-01 -3.177E-02  1.226E-01
 -1.1476300E+05  2.008E-01 -3.307E-02  1.508E-01
 -1.1476100E+05  1.879E-01 -3.645E-02  1.845E-01
 -1.1475900E+05  1.903E-01 -2.357E-02  8.257E-02
 -1.1475700E+05  2.280E-01 -3.251E-02  1.296E-01
 -1.1475500E+05  1.761E-01 -2.423E-02  9.162E-02
 -1.1475300E+05  1.857E-01 -2.774E-02  1.171E-01
 -1.1475100E+05  1.700E-01 -2.467E-02  1.027E-01
 -1.1474900E+05  2.099E-01 -2.853E-02  1.087E-01
 -1.1474700E+05  1.997E-01 -3.014E-02  1.227E-01
 -1.1474500E+05  2.225E-01 -3.123E-02  1.242E-01
 -1.1474300E+05  2.106E-01 -2.896E-02  1.118E-01
 -1.1474100E+05  1.794E-01 -2.921E-02  1.292E-01
 -1.1473900E+05  1.541E-01 -2.381E-02  1.032E-01
 -1.1473700E+05  1.669E-01 -2.209E-02  8.237E-02
 -1.1473500E+05  2.215E-01 -2.775E-02  9.660E-02
 -1.1473300E+05  2.103E-01 -2.980E-02  1.130E-01
 -1.1473100E+05  1.892E-01 -2.857E-02  1.242E-01
 -1.1472900E+05  1.689E-01 -2.776E-02  1.346E-01
 -1.1472700E+05  1.656E-01 -2.650E-02  1.215E-01
 -1.1472500E+05  1.824E-01 -2.783E-02  1.186E-01
 -1.1472300E+05  1.951E-01 -2.451E-02  7.602E-02
 -1.1472100E+05  1.969E-01 -2.954E-02  1.226E-01
 -1.1471900E+05  2.173E-01 -3.308E-02  1.433E-01
