  5.1050000E+03 -0.000E+00 -0.000E+00  0.000E+00
  5.1070000E+03 -0.000E+00 -0.000E+00  0.000E+00
  5.1090000E+03 -0.000E+00 -0.000E+00  0.000E+00
  5.1110000E+03 -0.000E+00 -0.000E+00  0.000E+00
  5.1130000E+03 -0.000E+00 -0.000E+00  0.000E+00
  5.1150000E+03 -0.000E+00 -0.000E+00  0.000E+00
  5.1170000E+03 -0.000E+00 -0.000E+00  0.000E+00
  5.1190000E+03 -0.000E+00 -0.000E+00  0.000E+00
  5.1210000E+03 -0.000E+00 -0.000E+00  0.000E+00
  5.1230000E+03 -0.000E+00 -0.000E+00  0.000E+00
  5.1250000E+03 -0.000E+00 -0.000E+00  0.000E+00
  5.1270000E+03 -0.000E+00 -0.000E+00  0.000E+00
  5.1290000E+03 -0.000E+00 -0.000E+00  0.000E+00
  5.1310000E+03 -0.000E+00 -0.000E+00  0.000E+00
  5.1330000E+03 -0.000E+00 -0.000E+00  0.000E+00
  5.1350000E+03 -0.000E+00 -0.000E+00  0.000E+00
  5.1370000E+03 -0.000E+00 -0.000E+00  0.000E+00
  5.1390000E+03 -0.000E+00 -0.000E+00  0.000E+00
  5.1410000E+03 -0.000E+00 -0.000E+00  0.000E+00
  5.1430000E+03 -0.000E+00 -0.000E+00  0.000E+00
  5.1450000E+03 -0.000E+00 -0.000E+00  0.000E+00
  5.1470000E+03 -0.000E+00 -0.000E+00  0.000E+00
  5.1490000E+03 -0.000E+00 -0.000E+00  0.000E+00
  5.1510000E+03 -0.000E+00 -0.000E+00  0.000E+00
  5.1530000E+03 -0.000E+00 -0.000E+00  0.000E+00
  5.1550000E+03 -0.000E+00 -0.000E+00  0.000E+00
  5.1570000E+03 -0.000E+00 -0.000E+00  0.000E+00
  5.1590000E+03 -0.000E+00 -0.000E+00  0.000E+00
  5.1610000E+03 -0.000E+00 -0.000E+00  0.000E+00
  5.1630000E+03 -0.000E+00 -0.000E+00  0.000E+00
  5.1650000E+03 -0.000E+00 -0.000E+00  0.000E+00
  5.1670000E+03 -0.000E+00 -0.000E+00  0.000E+00
  5.1690000E+03 -0.000E+00 -0.000E+00  0.000E+00
  5.1710000E+03 -0.000E+00 -0.000E+00  0.000E+00
  5.1730000E+03 -0.000E+00 -0.000E+00  0.000E+00
  5.1750000E+03 -0.000E+00 -0.000E+00  0.000E+00
  5.1770000E+03 -0.000E+00 -0.000E+00  0.000E+00
  5.1790000E+03 -0.000E+00 -0.000E+00  0.000E+00
  5.1810000E+03 -0.000E+00 -0.000E+00  0.000E+00
  5.1830000E+03 -0.000E+00 -0.000E+00  0.000E+00
  5.1850000E+03 -0.000E+00 -0.000E+00  0.000E+00
  5.1870000E+03 -0.000E+00 -0.000E+00  0.000E+00
  5.1890000E+03 -0.000E+00 -0.000E+00  0.000E+00
  5.1910000E+03 -0.000E+00 -0.000E+00  0.000E+00
  5.1930000E+03 -0.000E+00 -0.000E+00  0.000E+00
  5.1950000E+03 -0.000E+00 -0.000E+00  0.000E+00
  5.1970000E+03 -0.000E+00 -0.000E+00  0.000E+00
  5.1990000E+03 -0.000E+00 -0.000E+00  0.000E+00
  5.2010000E+03 -0.000E+00 -0.000E+00  0.000E+00
  5.2030000E+03 -0.000E+00 -0.000E+00  0.000E+00
  5.2050000E+03 -0.000E+00 -0.000E+00  0.000E+00
  5.2070000E+03 -0.000E+00 -0.000E+00  0.000E+00
  5.2090000E+03 -0.000E+00 -0.000E+00  0.000E+00
  5.2110000E+03 -0.000E+00 -0.000E+00  0.000E+00
  5.2130000E+03 -0.000E+00 -0.000E+00  0.000E+00
  5.2150000E+03 -0.000E+00 -0.000E+00  0.000E+00
  5.2170000E+03 -0.000E+00 -0.000E+00  0.000E+00
  5.2190000E+03 -0.000E+00 -0.000E+00  0.000E+00
  5.2210000E+03 -0.000E+00 -0.000E+00  0.000E+00
  5.2230000E+03 -0.000E+00 -0.000E+00  0.000E+00
  5.2250000E+03 -0.000E+00 -0.000E+00  0.000E+00
  5.2270000E+03 -0.000E+00 -0.000E+00  0.000E+00
  5.2290000E+03 -0.000E+00 -0.000E+00  0.000E+00
  5.2310000E+03 -0.000E+00 -0.000E+00  0.000E+00
  5.2330000E+03 -0.000E+00 -0.000E+00  0.000E+00
  5.2350000E+03 -0.000E+00 -0.000E+00  0.000E+00
  5.2370000E+03 -0.000E+00 -0.000E+00  0.000E+00
  5.2390000E+03 -0.000E+00 -0.000E+00  0.000E+00
  5.2410000E+03 -0.000E+00 -0.000E+00  0.000E+00
  5.2430000E+03 -0.000E+00 -0.000E+00  0.000E+00
  5.2450000E+03 -0.000E+00 -0.000E+00  0.000E+00
  5.2470000E+03 -0.000E+00 -0.000E+00  0.000E+00
  5.2490000E+03 -0.000E+00 -0.000E+00  0.000E+00
  5.2510000E+03 -0.000E+00 -0.000E+00  0.000E+00
  5.2530000E+03 -0.000E+00 -0.000E+00  0.000E+00
  5.2550000E+03 -0.000E+00 -0.000E+00  0.000E+00
  5.2570000E+03 -0.000E+00 -0.000E+00  0.000E+00
  5.2590000E+03 -0.000E+00 -0.000E+00  0.000E+00
  5.2610000E+03 -0.000E+00 -0.000E+00  0.000E+00
  5.2630000E+03 -0.000E+00 -0.000E+00  0.000E+00
  5.2650000E+03 -0.000E+00 -0.000E+00  0.000E+00
  5.2670000E+03 -0.000E+00 -0.000E+00  0.000E+00
  5.2690000E+03 -0.000E+00 -0.000E+00  0.000E+00
  5.2710000E+03 -0.000E+00 -0.000E+00  0.000E+00
  5.2730000E+03 -0.000E+00 -0.000E+00  0.000E+00
  5.2750000E+03 -0.000E+00 -0.000E+00  0.000E+00
  5.2770000E+03 -0.000E+00 -0.000E+00  0.000E+00
  5.2790000E+03 -0.000E+00 -0.000E+00  0.000E+00
  5.2810000E+03 -0.000E+00 -0.000E+00  0.000E+00
  5.2830000E+03 -0.000E+00 -0.000E+00  0.000E+00
  5.2850000E+03  3.542E-08 -9.724E-09  7.130E-08
  5.2870000E+03 -1.358E-05  1.505E-06 -7.979E-07
  5.2890000E+03 -2.800E-05  3.160E-06 -2.229E-06
  5.2910000E+03  9.769E-05  4.359E-06 -1.763E-04
  5.2930000E+03 -4.516E-04  7.775E-05 -3.526E-04
  5.2950000E+03 -4.787E-05 -1.055E-05  1.865E-04
  5.2970000E+03 -3.812E-04  4.118E-05 -3.355E-06
  5.2990000E+03 -8.863E-04  1.217E-04 -3.181E-04
  5.3010000E+03 -2.984E-04  3.549E-05 -3.841E-05
  5.3030000E+03 -1.533E-03  3.789E-04 -2.536E-03
  5.3050000E+03 -1.557E-03  5.990E-04 -5.145E-03
  5.3070000E+03 -5.376E-03  1.117E-03 -6.420E-03
  5.3090000E+03 -7.102E-03  1.194E-03 -5.081E-03
  5.3110000E+03 -1.156E-02  2.253E-03 -1.190E-02
  5.3130000E+03 -2.506E-02  3.814E-03 -1.291E-02
  5.3150000E+03 -1.885E-02  3.460E-03 -1.677E-02
  5.3170000E+03 -3.019E-02  4.932E-03 -1.936E-02
  5.3190000E+03 -3.106E-02  5.809E-03 -2.860E-02
  5.3210000E+03 -4.000E-02  7.872E-03 -4.156E-02
  5.3230000E+03 -7.327E-02  1.218E-02 -4.895E-02
  5.3250000E+03 -8.374E-02  1.458E-02 -6.359E-02
  5.3270000E+03 -1.017E-01  1.725E-02 -7.191E-02
  5.3290000E+03 -1.108E-01  2.271E-02 -1.246E-01
  5.3310000E+03 -1.276E-01  2.029E-02 -7.288E-02
  5.3330000E+03 -1.447E-01  2.537E-02 -1.105E-01
  5.3350000E+03 -2.113E-01  3.747E-02 -1.656E-01
  5.3370000E+03 -2.866E-01  4.952E-02 -2.086E-01
  5.3390000E+03 -3.000E-01  5.245E-02 -2.245E-01
  5.3410000E+03 -3.673E-01  6.330E-02 -2.627E-01
  5.3430000E+03 -4.025E-01  6.933E-02 -2.860E-01
  5.3450000E+03 -4.233E-01  7.224E-02 -2.923E-01
  5.3470000E+03 -4.575E-01  8.187E-02 -3.593E-01
  5.3490000E+03 -6.109E-01  1.043E-01 -4.193E-01
  5.3510000E+03 -5.850E-01  1.044E-01 -4.532E-01
  5.3530000E+03 -7.369E-01  1.197E-01 -4.275E-01
  5.3550000E+03 -7.336E-01  1.253E-01 -4.966E-01
  5.3570000E+03 -8.234E-01  1.428E-01 -5.804E-01
  5.3590000E+03 -8.706E-01  1.504E-01 -6.041E-01
  5.3610000E+03 -1.004E+00  1.779E-01 -7.470E-01
  5.3630000E+03 -1.081E+00  1.761E-01 -6.156E-01
  5.3650000E+03 -1.033E+00  1.855E-01 -7.904E-01
  5.3670000E+03 -1.170E+00  2.032E-01 -8.108E-01
  5.3690000E+03 -1.211E+00  2.099E-01 -8.306E-01
  5.3710000E+03 -1.268E+00  2.153E-01 -8.137E-01
  5.3730000E+03 -1.284E+00  2.210E-01 -8.543E-01
  5.3750000E+03 -1.416E+00  2.458E-01 -9.618E-01
  5.3770000E+03 -1.389E+00  2.439E-01 -9.733E-01
  5.3790000E+03 -1.394E+00  2.426E-01 -9.457E-01
  5.3810000E+03 -1.354E+00  2.398E-01 -9.671E-01
  5.3830000E+03 -1.397E+00  2.448E-01 -9.603E-01
  5.3850000E+03 -1.447E+00  2.463E-01 -9.033E-01
  5.3870000E+03 -1.512E+00  2.551E-01 -9.092E-01
  5.3890000E+03 -1.225E+00  2.155E-01 -8.387E-01
  5.3910000E+03 -1.348E+00  2.438E-01 -1.001E+00
  5.3930000E+03 -1.353E+00  2.417E-01 -9.628E-01
  5.3950000E+03 -1.218E+00  2.121E-01 -7.994E-01
  5.3970000E+03 -1.185E+00  2.049E-01 -7.541E-01
  5.3990000E+03 -1.237E+00  2.092E-01 -7.282E-01
  5.4010000E+03 -1.084E+00  1.968E-01 -7.967E-01
  5.4030000E+03 -1.159E+00  2.009E-01 -7.331E-01
  5.4050000E+03 -9.284E-01  1.622E-01 -5.974E-01
  5.4070000E+03 -9.296E-01  1.598E-01 -5.633E-01
  5.4090000E+03 -9.125E-01  1.539E-01 -5.121E-01
  5.4110000E+03 -8.822E-01  1.513E-01 -5.271E-01
  5.4130000E+03 -7.388E-01  1.312E-01 -4.894E-01
  5.4150000E+03 -7.002E-01  1.237E-01 -4.557E-01
  5.4170000E+03 -5.311E-01  1.031E-01 -4.499E-01
  5.4190000E+03 -6.229E-01  1.064E-01 -3.496E-01
  5.4210000E+03 -5.221E-01  9.311E-02 -3.407E-01
  5.4230000E+03 -4.515E-01  8.053E-02 -2.887E-01
  5.4250000E+03 -4.440E-01  8.395E-02 -3.440E-01
  5.4270000E+03 -5.182E-01  8.945E-02 -2.964E-01
  5.4290000E+03 -3.255E-01  5.342E-02 -1.434E-01
  5.4310000E+03 -2.132E-01  4.051E-02 -1.544E-01
  5.4330000E+03 -2.568E-01  4.125E-02 -9.892E-02
  5.4350000E+03 -2.331E-01  4.344E-02 -1.588E-01
  5.4370000E+03 -1.491E-01  3.416E-02 -1.731E-01
  5.4390000E+03 -1.116E-01  2.078E-02 -6.483E-02
  5.4410000E+03 -1.048E-02  1.570E-02 -1.523E-01
  5.4430000E+03 -4.790E-02  6.904E-03  7.314E-03
  5.4450000E+03 -7.166E-02  9.571E-03  1.668E-02
  5.4470000E+03 -3.882E-02  5.585E-03  8.837E-03
  5.4490000E+03 -4.069E-03  9.229E-04  1.358E-02
  5.4510000E+03 -5.797E-02  9.782E-03 -1.222E-02
  5.4530000E+03  5.951E-02 -1.293E-02  9.013E-02
  5.4550000E+03  2.093E-02 -8.707E-03  8.953E-02
  5.4570000E+03  1.439E-01 -1.406E-02 -2.694E-02
  5.4590000E+03  1.594E-01 -3.023E-02  1.431E-01
  5.4610000E+03  1.368E-01 -2.480E-02  1.161E-01
  5.4630000E+03  1.472E-01 -2.581E-02  1.105E-01
  5.4650000E+03  9.867E-02 -1.571E-02  6.003E-02
  5.4670000E+03  1.697E-01 -2.683E-02  9.190E-02
  5.4690000E+03  1.755E-01 -3.217E-02  1.433E-01
  5.4710000E+03  2.168E-01 -4.020E-02  1.732E-01
  5.4730000E+03  2.166E-01 -3.635E-02  1.334E-01
  5.4750000E+03  1.837E-01 -3.211E-02  1.269E-01
  5.4770000E+03  1.008E-01 -2.184E-02  1.328E-01
  5.4790000E+03  1.926E-01 -3.007E-02  9.050E-02
  5.4810000E+03  1.600E-01 -3.217E-02  1.642E-01
  5.4830000E+03  2.262E-01 -4.022E-02  1.630E-01
