 -1.0283300E+05 -0.000E+00 -0.000E+00  0.000E+00
 -1.0283100E+05 -0.000E+00 -0.000E+00  0.000E+00
 -1.0282900E+05 -0.000E+00 -0.000E+00  0.000E+00
 -1.0282700E+05 -0.000E+00 -0.000E+00  0.000E+00
 -1.0282500E+05 -0.000E+00 -0.000E+00  0.000E+00
 -1.0282300E+05 -0.000E+00 -0.000E+00  0.000E+00
 -1.0282100E+05 -0.000E+00 -0.000E+00  0.000E+00
 -1.0281900E+05 -0.000E+00 -0.000E+00  0.000E+00
 -1.0281700E+05 -0.000E+00 -0.000E+00  0.000E+00
 -1.0281500E+05 -0.000E+00 -0.000E+00  0.000E+00
 -1.0281300E+05 -0.000E+00 -0.000E+00  0.000E+00
 -1.0281100E+05 -0.000E+00 -0.000E+00  0.000E+00
 -1.0280900E+05 -0.000E+00 -0.000E+00  0.000E+00
 -1.0280700E+05 -0.000E+00 -0.000E+00  0.000E+00
 -1.0280500E+05 -0.000E+00 -0.000E+00  0.000E+00
 -1.0280300E+05 -0.000E+00 -0.000E+00  0.000E+00
 -1.0280100E+05 -0.000E+00 -0.000E+00  0.000E+00
 -1.0279900E+05 -0.000E+00 -0.000E+00  0.000E+00
 -1.0279700E+05 -0.000E+00 -0.000E+00  0.000E+00
 -1.0279500E+05 -0.000E+00 -0.000E+00  0.000E+00
 -1.0279300E+05 -0.000E+00 -0.000E+00  0.000E+00
 -1.0279100E+05 -0.000E+00 -0.000E+00  0.000E+00
 -1.0278900E+05 -0.000E+00 -0.000E+00  0.000E+00
 -1.0278700E+05 -0.000E+00 -0.000E+00  0.000E+00
 -1.0278500E+05 -0.000E+00 -0.000E+00  0.000E+00
 -1.0278300E+05 -0.000E+00 -0.000E+00  0.000E+00
 -1.0278100E+05 -0.000E+00 -0.000E+00  0.000E+00
 -1.0277900E+05 -0.000E+00 -0.000E+00  0.000E+00
 -1.0277700E+05 -0.000E+00 -0.000E+00  0.000E+00
 -1.0277500E+05 -0.000E+00 -0.000E+00  0.000E+00
 -1.0277300E+05 -0.000E+00 -0.000E+00  0.000E+00
 -1.0277100E+05 -0.000E+00 -0.000E+00  0.000E+00
 -1.0276900E+05 -0.000E+00 -0.000E+00  0.000E+00
 -1.0276700E+05 -0.000E+00 -0.000E+00  0.000E+00
 -1.0276500E+05 -0.000E+00 -0.000E+00  0.000E+00
 -1.0276300E+05 -0.000E+00 -0.000E+00  0.000E+00
 -1.0276100E+05 -0.000E+00 -0.000E+00  0.000E+00
 -1.0275900E+05 -0.000E+00 -0.000E+00  0.000E+00
 -1.0275700E+05 -0.000E+00 -0.000E+00  0.000E+00
 -1.0275500E+05 -0.000E+00 -0.000E+00  0.000E+00
 -1.0275300E+05 -0.000E+00 -0.000E+00  0.000E+00
 -1.0275100E+05 -0.000E+00 -0.000E+00  0.000E+00
 -1.0274900E+05 -0.000E+00 -0.000E+00  0.000E+00
 -1.0274700E+05 -0.000E+00 -0.000E+00  0.000E+00
 -1.0274500E+05 -0.000E+00 -0.000E+00  0.000E+00
 -1.0274300E+05 -0.000E+00 -0.000E+00  0.000E+00
 -1.0274100E+05 -0.000E+00 -0.000E+00  0.000E+00
 -1.0273900E+05 -0.000E+00 -0.000E+00  0.000E+00
 -1.0273700E+05 -0.000E+00 -0.000E+00  0.000E+00
 -1.0273500E+05 -0.000E+00 -0.000E+00  0.000E+00
 -1.0273300E+05 -0.000E+00 -0.000E+00  0.000E+00
 -1.0273100E+05 -0.000E+00 -0.000E+00  0.000E+00
 -1.0272900E+05 -0.000E+00 -0.000E+00  0.000E+00
 -1.0272700E+05 -0.000E+00 -0.000E+00  0.000E+00
 -1.0272500E+05 -0.000E+00 -0.000E+00  0.000E+00
 -1.0272300E+05 -0.000E+00 -0.000E+00  0.000E+00
 -1.0272100E+05 -0.000E+00 -0.000E+00  0.000E+00
 -1.0271900E+05 -0.000E+00 -0.000E+00  0.000E+00
 -1.0271700E+05 -0.000E+00 -0.000E+00  0.000E+00
 -1.0271500E+05 -0.000E+00 -0.000E+00  0.000E+00
 -1.0271300E+05 -0.000E+00 -0.000E+00  0.000E+00
 -1.0271100E+05 -0.000E+00 -0.000E+00  0.000E+00
 -1.0270900E+05 -0.000E+00 -0.000E+00  0.000E+00
 -1.0270700E+05 -0.000E+00 -0.000E+00  0.000E+00
 -1.0270500E+05 -0.000E+00 -0.000E+00  0.000E+00
 -1.0270300E+05 -0.000E+00 -0.000E+00  0.000E+00
 -1.0270100E+05 -0.000E+00 -0.000E+00  0.000E+00
 -1.0269900E+05 -0.000E+00 -0.000E+00  0.000E+00
 -1.0269700E+05 -0.000E+00 -0.000E+00  0.000E+00
 -1.0269500E+05 -0.000E+00 -0.000E+00  0.000E+00
 -1.0269300E+05 -0.000E+00 -0.000E+00  0.000E+00
 -1.0269100E+05 -0.000E+00 -0.000E+00  0.000E+00
 -1.0268900E+05 -0.000E+00 -0.000E+00  0.000E+00
 -1.0268700E+05 -0.000E+00 -0.000E+00  0.000E+00
 -1.0268500E+05 -0.000E+00 -0.000E+00  0.000E+00
 -1.0268300E+05 -0.000E+00 -0.000E+00  0.000E+00
 -1.0268100E+05 -0.000E+00 -0.000E+00  0.000E+00
 -1.0267900E+05 -0.000E+00 -0.000E+00  0.000E+00
 -1.0267700E+05 -0.000E+00 -0.000E+00  0.000E+00
 -1.0267500E+05 -0.000E+00 -0.000E+00  0.000E+00
 -1.0267300E+05 -0.000E+00 -0.000E+00  0.000E+00
 -1.0267100E+05 -0.000E+00 -0.000E+00  0.000E+00
 -1.0266900E+05 -0.000E+00 -0.000E+00  0.000E+00
 -1.0266700E+05 -0.000E+00 -0.000E+00  0.000E+00
 -1.0266500E+05 -0.000E+00 -0.000E+00  0.000E+00
 -1.0266300E+05 -0.000E+00 -0.000E+00  0.000E+00
 -1.0266100E+05 -0.000E+00 -0.000E+00  0.000E+00
 -1.0265900E+05 -0.000E+00 -0.000E+00  0.000E+00
 -1.0265700E+05 -0.000E+00 -0.000E+00  0.000E+00
 -1.0265500E+05 -0.000E+00 -0.000E+00  0.000E+00
 -1.0265300E+05 -0.000E+00 -0.000E+00  0.000E+00
 -1.0265100E+05 -0.000E+00 -0.000E+00  0.000E+00
 -1.0264900E+05 -0.000E+00 -0.000E+00  0.000E+00
 -1.0264700E+05 -0.000E+00 -0.000E+00  0.000E+00
 -1.0264500E+05 -0.000E+00 -0.000E+00  0.000E+00
 -1.0264300E+05 -0.000E+00 -0.000E+00  0.000E+00
 -1.0264100E+05 -0.000E+00 -0.000E+00  0.000E+00
 -1.0263900E+05 -0.000E+00 -0.000E+00  0.000E+00
 -1.0263700E+05 -0.000E+00 -0.000E+00  0.000E+00
 -1.0263500E+05 -0.000E+00 -0.000E+00  0.000E+00
 -1.0263300E+05 -0.000E+00 -0.000E+00  0.000E+00
 -1.0263100E+05 -0.000E+00 -0.000E+00  0.000E+00
 -1.0262900E+05 -0.000E+00 -0.000E+00  0.000E+00
 -1.0262700E+05 -0.000E+00 -0.000E+00  0.000E+00
 -1.0262500E+05 -0.000E+00 -0.000E+00  0.000E+00
 -1.0262300E+05 -0.000E+00 -0.000E+00  0.000E+00
 -1.0262100E+05 -0.000E+00 -0.000E+00  0.000E+00
 -1.0261900E+05 -0.000E+00 -0.000E+00  0.000E+00
 -1.0261700E+05 -0.000E+00 -0.000E+00  0.000E+00
 -1.0261500E+05 -0.000E+00 -0.000E+00  0.000E+00
 -1.0261300E+05 -0.000E+00 -0.000E+00  0.000E+00
 -1.0261100E+05 -0.000E+00 -0.000E+00  0.000E+00
 -1.0260900E+05 -0.000E+00 -0.000E+00  0.000E+00
 -1.0260700E+05 -0.000E+00 -0.000E+00  0.000E+00
 -1.0260500E+05 -0.000E+00 -0.000E+00  0.000E+00
 -1.0260300E+05 -0.000E+00 -0.000E+00  0.000E+00
 -1.0260100E+05 -0.000E+00 -0.000E+00  0.000E+00
 -1.0259900E+05 -0.000E+00 -0.000E+00  0.000E+00
 -1.0259700E+05 -0.000E+00 -0.000E+00  0.000E+00
 -1.0259500E+05 -0.000E+00 -0.000E+00  0.000E+00
 -1.0259300E+05 -0.000E+00 -0.000E+00  0.000E+00
 -1.0259100E+05 -0.000E+00 -0.000E+00  0.000E+00
 -1.0258900E+05  4.110E-08 -1.285E-08  8.647E-08
 -1.0258700E+05 -1.947E-06  3.094E-07 -1.003E-06
 -1.0258500E+05 -1.723E-05  2.521E-06 -6.619E-06
 -1.0258300E+05 -5.002E-06  7.160E-07 -1.727E-06
 -1.0258100E+05 -3.800E-05  5.887E-06 -1.775E-05
 -1.0257900E+05  4.737E-05 -4.270E-06 -9.383E-06
 -1.0257700E+05 -3.438E-04  5.574E-05 -1.829E-04
 -1.0257500E+05 -1.806E-04  2.110E-05 -1.209E-05
 -1.0257300E+05 -4.480E-04  7.873E-05 -3.006E-04
 -1.0257100E+05 -4.203E-04  7.244E-05 -2.662E-04
 -1.0256900E+05 -1.807E-04  3.757E-05 -1.801E-04
 -1.0256700E+05 -3.533E-04  4.336E-05 -4.264E-05
 -1.0256500E+05 -1.661E-04  1.152E-04 -9.816E-04
 -1.0256300E+05 -8.809E-04  1.573E-04 -6.039E-04
 -1.0256100E+05 -5.356E-04  9.560E-05 -3.588E-04
 -1.0255900E+05  1.449E-03 -2.658E-04  1.057E-03
 -1.0255700E+05 -1.856E-03  3.298E-04 -1.258E-03
 -1.0255500E+05 -6.640E-03  1.229E-03 -4.916E-03
 -1.0255300E+05 -8.467E-04  2.494E-04 -1.612E-03
 -1.0255100E+05 -2.798E-03  9.620E-04 -6.506E-03
 -1.0254900E+05 -9.613E-03  1.443E-03 -3.830E-03
 -1.0254700E+05 -1.411E-02  2.103E-03 -5.284E-03
 -1.0254500E+05 -1.456E-02  2.135E-03 -4.890E-03
 -1.0254300E+05 -5.117E-03  1.291E-03 -7.056E-03
 -1.0254100E+05 -1.664E-02  3.280E-03 -1.415E-02
 -1.0253900E+05 -2.372E-02  4.342E-03 -1.642E-02
 -1.0253700E+05 -1.498E-02  2.632E-03 -9.244E-03
 -1.0253500E+05 -1.803E-02  3.242E-03 -1.184E-02
 -1.0253300E+05 -2.697E-02  4.633E-03 -1.562E-02
 -1.0253100E+05 -2.617E-02  5.591E-03 -2.595E-02
 -1.0252900E+05 -3.933E-02  7.178E-03 -2.700E-02
 -1.0252700E+05 -4.260E-02  7.857E-03 -2.956E-02
 -1.0252500E+05 -5.879E-02  1.090E-02 -4.131E-02
 -1.0252300E+05 -7.359E-02  1.179E-02 -3.265E-02
 -1.0252100E+05 -4.680E-02  1.053E-02 -5.080E-02
 -1.0251900E+05 -9.271E-02  1.586E-02 -5.096E-02
 -1.0251700E+05 -7.354E-02  1.444E-02 -5.891E-02
 -1.0251500E+05 -8.706E-02  1.686E-02 -6.669E-02
 -1.0251300E+05 -9.949E-02  1.750E-02 -5.888E-02
 -1.0251100E+05 -1.440E-01  2.676E-02 -9.914E-02
 -1.0250900E+05 -7.947E-02  1.506E-02 -5.700E-02
 -1.0250700E+05 -8.854E-02  1.595E-02 -5.511E-02
 -1.0250500E+05 -1.247E-01  2.221E-02 -7.485E-02
 -1.0250300E+05 -1.549E-01  3.044E-02 -1.224E-01
 -1.0250100E+05 -2.198E-01  4.092E-02 -1.493E-01
 -1.0249900E+05 -1.665E-01  3.122E-02 -1.141E-01
 -1.0249700E+05 -2.360E-01  4.091E-02 -1.296E-01
 -1.0249500E+05 -2.351E-01  4.471E-02 -1.667E-01
 -1.0249300E+05 -2.213E-01  3.964E-02 -1.300E-01
 -1.0249100E+05 -2.911E-01  5.221E-02 -1.740E-01
 -1.0248900E+05 -2.446E-01  5.151E-02 -2.220E-01
 -1.0248700E+05 -3.602E-01  6.357E-02 -1.993E-01
 -1.0248500E+05 -3.153E-01  5.148E-02 -1.351E-01
 -1.0248300E+05 -2.319E-01  4.858E-02 -2.033E-01
 -1.0248100E+05 -3.616E-01  7.158E-02 -2.760E-01
 -1.0247900E+05 -3.884E-01  7.421E-02 -2.704E-01
 -1.0247700E+05 -4.281E-01  7.478E-02 -2.288E-01
 -1.0247500E+05 -4.273E-01  8.083E-02 -2.858E-01
 -1.0247300E+05 -3.835E-01  7.104E-02 -2.429E-01
 -1.0247100E+05 -4.571E-01  8.352E-02 -2.734E-01
 -1.0246900E+05 -4.894E-01  8.823E-02 -2.817E-01
 -1.0246700E+05 -4.545E-01  8.610E-02 -3.008E-01
 -1.0246500E+05 -5.394E-01  9.803E-02 -3.167E-01
 -1.0246300E+05 -5.541E-01  1.112E-01 -4.245E-01
 -1.0246100E+05 -4.840E-01  9.025E-02 -3.021E-01
 -1.0245900E+05 -5.707E-01  1.054E-01 -3.478E-01
 -1.0245700E+05 -6.282E-01  1.217E-01 -4.337E-01
 -1.0245500E+05 -7.360E-01  1.396E-01 -4.769E-01
