  3.4113000E+04 -7.227E-01  1.030E-01 -5.043E-01
  3.4115000E+04 -1.626E+01  2.262E+00 -1.066E+01
  3.4117000E+04 -3.785E+01  5.251E+00 -2.464E+01
  3.4119000E+04 -1.876E+00  2.576E-01 -1.195E+00
  3.4121000E+04  7.210E-01 -9.986E-02  4.604E-01
  3.4123000E+04  3.429E-01 -4.906E-02  2.306E-01
  3.4125000E+04  2.874E-01 -5.338E-02  3.481E-01
  3.4127000E+04  3.810E-01 -5.105E-02  2.158E-01
  3.4129000E+04  3.858E-01 -4.859E-02  1.853E-01
  3.4131000E+04  4.207E-01 -5.856E-02  2.655E-01
  3.4133000E+04  3.712E-01 -5.979E-02  3.429E-01
  3.4135000E+04  3.994E-01 -6.047E-02  3.135E-01
  3.4137000E+04  3.573E-01 -4.618E-02  1.805E-01
  3.4139000E+04  3.906E-01 -4.433E-02  1.243E-01
  3.4141000E+04  3.655E-01 -5.500E-02  2.873E-01
  3.4143000E+04  3.226E-01 -5.243E-02  3.042E-01
  3.4145000E+04  3.880E-01 -5.047E-02  2.053E-01
  3.4147000E+04  3.817E-01 -5.320E-02  2.475E-01
  3.4149000E+04  4.465E-01 -5.549E-02  2.037E-01
  3.4151000E+04  3.429E-01 -4.817E-02  2.257E-01
  3.4153000E+04  3.231E-01 -4.757E-02  2.431E-01
  3.4155000E+04  3.265E-01 -4.956E-02  2.643E-01
  3.4157000E+04  3.216E-01 -4.481E-02  2.055E-01
  3.4159000E+04  3.134E-01 -4.541E-02  2.240E-01
  3.4161000E+04  3.246E-01 -4.395E-02  1.950E-01
  3.4163000E+04  3.677E-01 -4.965E-02  2.170E-01
  3.4165000E+04  2.914E-01 -4.612E-02  2.588E-01
  3.4167000E+04  2.991E-01 -4.521E-02  2.384E-01
  3.4169000E+04  3.642E-01 -5.069E-02  2.333E-01
  3.4171000E+04  3.778E-01 -5.049E-02  2.192E-01
  3.4173000E+04  2.907E-01 -4.338E-02  2.255E-01
  3.4175000E+04  3.739E-01 -5.137E-02  2.336E-01
  3.4177000E+04  2.786E-01 -3.806E-02  1.672E-01
  3.4179000E+04  2.893E-01 -4.101E-02  1.963E-01
  3.4181000E+04  2.728E-01 -4.189E-02  2.282E-01
  3.4183000E+04  3.360E-01 -4.801E-02  2.373E-01
  3.4185000E+04  2.792E-01 -3.777E-02  1.681E-01
  3.4187000E+04  3.240E-01 -4.430E-02  2.045E-01
  3.4189000E+04  3.072E-01 -4.114E-02  1.758E-01
  3.4191000E+04  2.821E-01 -3.987E-02  1.916E-01
  3.4193000E+04  3.357E-01 -4.768E-02  2.286E-01
  3.4195000E+04  2.952E-01 -4.116E-02  1.946E-01
  3.4197000E+04  3.110E-01 -4.172E-02  1.746E-01
  3.4199000E+04  2.783E-01 -3.835E-02  1.782E-01
  3.4201000E+04  2.204E-01 -3.224E-02  1.601E-01
  3.4203000E+04  2.319E-01 -3.508E-02  1.916E-01
  3.4205000E+04  2.499E-01 -3.536E-02  1.717E-01
  3.4207000E+04  3.037E-01 -3.860E-02  1.485E-01
  3.4209000E+04  2.327E-01 -3.664E-02  2.037E-01
  3.4211000E+04  2.675E-01 -3.298E-02  1.174E-01
  3.4213000E+04  2.777E-01 -3.807E-02  1.742E-01
  3.4215000E+04  2.616E-01 -3.679E-02  1.765E-01
  3.4217000E+04  2.329E-01 -3.447E-02  1.784E-01
  3.4219000E+04  2.693E-01 -3.776E-02  1.759E-01
  3.4221000E+04  2.458E-01 -3.610E-02  1.819E-01
  3.4223000E+04  2.723E-01 -3.595E-02  1.547E-01
  3.4225000E+04  2.401E-01 -3.433E-02  1.675E-01
  3.4227000E+04  2.360E-01 -3.294E-02  1.584E-01
  3.4229000E+04  2.433E-01 -3.445E-02  1.621E-01
  3.4231000E+04  2.142E-01 -3.336E-02  1.850E-01
  3.4233000E+04  2.537E-01 -3.579E-02  1.709E-01
  3.4235000E+04  2.087E-01 -2.755E-02  1.118E-01
  3.4237000E+04  2.381E-01 -3.426E-02  1.734E-01
  3.4239000E+04  2.581E-01 -3.406E-02  1.409E-01
  3.4241000E+04  2.482E-01 -3.267E-02  1.372E-01
  3.4243000E+04  2.148E-01 -3.296E-02  1.765E-01
  3.4245000E+04  2.209E-01 -2.970E-02  1.336E-01
  3.4247000E+04  2.531E-01 -3.522E-02  1.642E-01
  3.4249000E+04  1.798E-01 -2.398E-02  1.120E-01
  3.4251000E+04  1.872E-01 -2.662E-02  1.323E-01
  3.4253000E+04  2.331E-01 -3.090E-02  1.270E-01
  3.4255000E+04  2.261E-01 -3.200E-02  1.491E-01
  3.4257000E+04  2.106E-01 -2.699E-02  1.120E-01
  3.4259000E+04  1.781E-01 -2.534E-02  1.199E-01
  3.4261000E+04  1.973E-01 -2.785E-02  1.430E-01
  3.4263000E+04  2.211E-01 -3.266E-02  1.703E-01
  3.4265000E+04  2.043E-01 -3.086E-02  1.583E-01
  3.4267000E+04  2.367E-01 -2.984E-02  9.909E-02
  3.4269000E+04  2.306E-01 -3.033E-02  1.285E-01
  3.4271000E+04  2.138E-01 -2.912E-02  1.530E-01
  3.4273000E+04  2.124E-01 -2.518E-02  7.461E-02
  3.4275000E+04  2.240E-01 -3.167E-02  1.369E-01
  3.4277000E+04  1.456E-01 -2.095E-02  1.332E-01
  3.4279000E+04  1.734E-01 -2.476E-02  1.279E-01
  3.4281000E+04  2.169E-01 -3.091E-02  1.259E-01
  3.4283000E+04  2.004E-01 -2.881E-02  1.422E-01
  3.4285000E+04  1.949E-01 -2.459E-02  1.025E-01
  3.4287000E+04  1.739E-01 -2.550E-02  1.281E-01
  3.4289000E+04  1.866E-01 -2.443E-02  1.209E-01
  3.4291000E+04  1.996E-01 -2.795E-02  1.187E-01
  3.4293000E+04  2.186E-01 -2.837E-02  1.059E-01
  3.4295000E+04  1.978E-01 -2.713E-02  1.216E-01
  3.4297000E+04  1.597E-01 -2.059E-02  1.104E-01
  3.4299000E+04  1.312E-01 -2.168E-02  1.602E-01
  3.4301000E+04  1.919E-01 -2.649E-02  9.650E-02
  3.4303000E+04  1.982E-01 -2.730E-02  1.343E-01
  3.4305000E+04  1.762E-01 -2.378E-02  9.732E-02
  3.4307000E+04  1.872E-01 -2.596E-02  1.220E-01
  3.4309000E+04  1.588E-01 -2.375E-02  1.225E-01
  3.4311000E+04  1.727E-01 -2.463E-02  1.257E-01
  3.4313000E+04  1.734E-01 -2.442E-02  1.031E-01
  3.4315000E+04  1.493E-01 -2.013E-02  8.825E-02
  3.4317000E+04  1.688E-01 -2.306E-02  1.100E-01
  3.4319000E+04  1.762E-01 -2.219E-02  1.101E-01
  3.4321000E+04  1.457E-01 -1.984E-02  9.669E-02
  3.4323000E+04  1.581E-01 -2.167E-02  9.339E-02
  3.4325000E+04  1.573E-01 -2.164E-02  1.043E-01
  3.4327000E+04  1.839E-01 -2.742E-02  1.289E-01
  3.4329000E+04  1.806E-01 -2.242E-02  8.458E-02
  3.4331000E+04  1.322E-01 -1.974E-02  1.018E-01
  3.4333000E+04  1.330E-01 -1.972E-02  1.139E-01
  3.4335000E+04  1.471E-01 -2.126E-02  1.100E-01
  3.4337000E+04  1.917E-01 -2.366E-02  9.401E-02
  3.4339000E+04  1.370E-01 -1.914E-02  9.171E-02
  3.4341000E+04  1.373E-01 -1.830E-02  7.092E-02
  3.4343000E+04  1.481E-01 -2.177E-02  1.117E-01
  3.4345000E+04  1.794E-01 -2.495E-02  1.137E-01
  3.4347000E+04  1.180E-01 -1.808E-02  1.024E-01
  3.4349000E+04  1.331E-01 -1.838E-02  8.007E-02
  3.4351000E+04  1.487E-01 -2.173E-02  1.184E-01
  3.4353000E+04  1.560E-01 -2.081E-02  9.276E-02
  3.4355000E+04  1.274E-01 -1.868E-02  9.717E-02
  3.4357000E+04  1.453E-01 -2.246E-02  1.176E-01
  3.4359000E+04  1.597E-01 -2.186E-02  9.494E-02
  3.4361000E+04  1.589E-01 -2.162E-02  9.948E-02
  3.4363000E+04  1.394E-01 -1.862E-02  7.836E-02
  3.4365000E+04  1.179E-01 -1.780E-02  9.851E-02
  3.4367000E+04  1.457E-01 -2.028E-02  8.492E-02
  3.4369000E+04  1.359E-01 -1.747E-02  7.781E-02
  3.4371000E+04  1.318E-01 -1.640E-02  6.393E-02
  3.4373000E+04  1.343E-01 -2.073E-02  1.221E-01
  3.4375000E+04  9.800E-02 -1.604E-02  7.686E-02
  3.4377000E+04  1.512E-01 -2.011E-02  8.203E-02
  3.4379000E+04  1.567E-01 -2.119E-02  9.836E-02
  3.4381000E+04  1.484E-01 -1.981E-02  8.554E-02
  3.4383000E+04  1.184E-01 -1.850E-02  1.037E-01
  3.4385000E+04  1.230E-01 -1.664E-02  8.127E-02
  3.4387000E+04  1.214E-01 -1.653E-02  7.707E-02
  3.4389000E+04  1.276E-01 -1.726E-02  7.467E-02
  3.4391000E+04  1.115E-01 -1.600E-02  7.938E-02
  3.4393000E+04  1.079E-01 -1.515E-02  7.167E-02
  3.4395000E+04  1.131E-01 -1.515E-02  6.799E-02
  3.4397000E+04  1.416E-01 -1.955E-02  8.140E-02
  3.4399000E+04  1.318E-01 -1.819E-02  7.900E-02
  3.4401000E+04  1.130E-01 -1.562E-02  7.797E-02
  3.4403000E+04  1.239E-01 -1.602E-02  6.656E-02
  3.4405000E+04  1.230E-01 -1.547E-02  6.072E-02
  3.4407000E+04  1.361E-01 -1.679E-02  6.043E-02
  3.4409000E+04  1.082E-01 -1.635E-02  9.199E-02
  3.4411000E+04  1.014E-01 -1.406E-02  5.859E-02
  3.4413000E+04  1.213E-01 -1.744E-02  8.689E-02
  3.4415000E+04  1.119E-01 -1.555E-02  7.847E-02
  3.4417000E+04  1.305E-01 -1.808E-02  8.568E-02
  3.4419000E+04  1.155E-01 -1.629E-02  7.445E-02
  3.4421000E+04  8.810E-02 -1.306E-02  7.690E-02
  3.4423000E+04  1.152E-01 -1.516E-02  6.139E-02
  3.4425000E+04  1.276E-01 -1.660E-02  6.885E-02
  3.4427000E+04  1.166E-01 -1.763E-02  9.240E-02
  3.4429000E+04  1.067E-01 -1.356E-02  5.063E-02
  3.4431000E+04  1.032E-01 -1.480E-02  6.987E-02
  3.4433000E+04  1.143E-01 -1.588E-02  8.009E-02
  3.4435000E+04  1.016E-01 -1.430E-02  7.243E-02
  3.4437000E+04  9.736E-02 -1.352E-02  7.164E-02
  3.4439000E+04  1.034E-01 -1.368E-02  5.821E-02
  3.4441000E+04  1.182E-01 -1.532E-02  6.300E-02
  3.4443000E+04  1.087E-01 -1.522E-02  7.663E-02
  3.4445000E+04  9.071E-02 -1.224E-02  5.508E-02
  3.4447000E+04  1.146E-01 -1.686E-02  8.073E-02
  3.4449000E+04  1.093E-01 -1.551E-02  7.330E-02
  3.4451000E+04  1.308E-01 -1.593E-02  6.384E-02
  3.4453000E+04  8.203E-02 -1.029E-02  4.301E-02
  3.4455000E+04  9.356E-02 -1.417E-02  6.714E-02
  3.4457000E+04  8.143E-02 -1.303E-02  7.450E-02
  3.4459000E+04  1.047E-01 -1.441E-02  7.379E-02
  3.4461000E+04  1.079E-01 -1.357E-02  5.270E-02
  3.4463000E+04  8.187E-02 -1.267E-02  6.852E-02
  3.4465000E+04  1.066E-01 -1.445E-02  7.351E-02
  3.4467000E+04  1.066E-01 -1.510E-02  6.723E-02
  3.4469000E+04  1.060E-01 -1.380E-02  5.158E-02
  3.4471000E+04  9.213E-02 -1.241E-02  5.551E-02
  3.4473000E+04  1.124E-01 -1.397E-02  5.635E-02
  3.4475000E+04  8.620E-02 -1.164E-02  5.771E-02
  3.4477000E+04  1.008E-01 -1.450E-02  8.071E-02
  3.4479000E+04  9.783E-02 -1.257E-02  5.247E-02
  3.4481000E+04  8.969E-02 -1.387E-02  7.397E-02
  3.4483000E+04  9.032E-02 -1.219E-02  5.317E-02
  3.4485000E+04  7.886E-02 -1.206E-02  6.234E-02
  3.4487000E+04  1.024E-01 -1.395E-02  6.010E-02
  3.4489000E+04  9.262E-02 -1.482E-02  8.397E-02
  3.4491000E+04  6.668E-02 -8.888E-03  4.219E-02
