  3.9527000E+04 -4.994E-01  6.588E-02 -3.211E-01
  3.9529000E+04 -1.144E+01  1.505E+00 -7.236E+00
  3.9531000E+04 -3.945E+01  5.238E+00 -2.526E+01
  3.9533000E+04 -5.050E+00  7.238E-01 -3.910E+00
  3.9535000E+04  7.363E-01 -1.009E-01  4.858E-01
  3.9537000E+04  3.332E-01 -5.334E-02  3.113E-01
  3.9539000E+04  3.446E-01 -4.708E-02  2.228E-01
  3.9541000E+04  3.623E-01 -5.362E-02  2.918E-01
  3.9543000E+04  4.603E-01 -6.865E-02  3.799E-01
  3.9545000E+04  4.035E-01 -5.046E-02  2.075E-01
  3.9547000E+04  3.972E-01 -5.273E-02  2.438E-01
  3.9549000E+04  3.275E-01 -4.672E-02  2.414E-01
  3.9551000E+04  3.718E-01 -5.160E-02  2.505E-01
  3.9553000E+04  2.766E-01 -3.467E-02  1.374E-01
  3.9555000E+04  3.860E-01 -5.443E-02  2.941E-01
  3.9557000E+04  4.043E-01 -4.903E-02  1.740E-01
  3.9559000E+04  3.501E-01 -4.553E-02  1.971E-01
  3.9561000E+04  3.923E-01 -5.189E-02  2.534E-01
  3.9563000E+04  3.243E-01 -4.472E-02  2.356E-01
  3.9565000E+04  3.308E-01 -4.856E-02  2.573E-01
  3.9567000E+04  3.285E-01 -4.382E-02  2.100E-01
  3.9569000E+04  4.015E-01 -5.206E-02  2.345E-01
  3.9571000E+04  3.237E-01 -4.475E-02  2.303E-01
  3.9573000E+04  3.111E-01 -4.166E-02  1.882E-01
  3.9575000E+04  3.561E-01 -4.805E-02  2.462E-01
  3.9577000E+04  3.046E-01 -4.542E-02  2.689E-01
  3.9579000E+04  3.135E-01 -4.362E-02  2.146E-01
  3.9581000E+04  4.278E-01 -5.323E-02  2.232E-01
  3.9583000E+04  3.200E-01 -4.279E-02  2.002E-01
  3.9585000E+04  3.275E-01 -4.423E-02  2.211E-01
  3.9587000E+04  3.437E-01 -4.363E-02  1.981E-01
  3.9589000E+04  2.813E-01 -4.405E-02  2.684E-01
  3.9591000E+04  2.949E-01 -4.117E-02  2.093E-01
  3.9593000E+04  2.652E-01 -3.656E-02  1.826E-01
  3.9595000E+04  3.439E-01 -4.867E-02  2.621E-01
  3.9597000E+04  3.228E-01 -3.913E-02  1.575E-01
  3.9599000E+04  3.333E-01 -4.810E-02  2.584E-01
  3.9601000E+04  2.790E-01 -3.806E-02  1.919E-01
  3.9603000E+04  2.689E-01 -3.573E-02  1.728E-01
  3.9605000E+04  3.125E-01 -3.927E-02  1.638E-01
  3.9607000E+04  2.984E-01 -3.903E-02  1.836E-01
  3.9609000E+04  2.977E-01 -3.789E-02  1.627E-01
  3.9611000E+04  2.620E-01 -3.535E-02  1.857E-01
  3.9613000E+04  2.794E-01 -3.813E-02  1.923E-01
  3.9615000E+04  2.468E-01 -3.498E-02  1.806E-01
  3.9617000E+04  2.769E-01 -3.720E-02  1.839E-01
  3.9619000E+04  2.557E-01 -3.717E-02  1.965E-01
  3.9621000E+04  2.652E-01 -3.206E-02  1.281E-01
  3.9623000E+04  2.518E-01 -3.430E-02  1.734E-01
  3.9625000E+04  2.450E-01 -3.637E-02  2.074E-01
  3.9627000E+04  2.749E-01 -3.564E-02  1.609E-01
  3.9629000E+04  2.564E-01 -3.072E-02  1.237E-01
  3.9631000E+04  2.563E-01 -3.213E-02  1.397E-01
  3.9633000E+04  3.095E-01 -4.223E-02  2.132E-01
  3.9635000E+04  2.438E-01 -3.198E-02  1.529E-01
  3.9637000E+04  2.420E-01 -3.259E-02  1.549E-01
  3.9639000E+04  2.672E-01 -3.526E-02  1.665E-01
  3.9641000E+04  2.428E-01 -3.478E-02  1.872E-01
  3.9643000E+04  1.955E-01 -2.973E-02  1.744E-01
  3.9645000E+04  2.073E-01 -2.849E-02  1.441E-01
  3.9647000E+04  2.662E-01 -3.367E-02  1.497E-01
  3.9649000E+04  2.935E-01 -3.609E-02  1.438E-01
  3.9651000E+04  2.168E-01 -3.095E-02  1.703E-01
  3.9653000E+04  2.119E-01 -2.753E-02  1.303E-01
  3.9655000E+04  2.234E-01 -3.052E-02  1.577E-01
  3.9657000E+04  2.396E-01 -3.392E-02  1.802E-01
  3.9659000E+04  2.165E-01 -2.811E-02  1.326E-01
  3.9661000E+04  2.117E-01 -3.138E-02  1.761E-01
  3.9663000E+04  2.292E-01 -2.791E-02  1.141E-01
  3.9665000E+04  1.979E-01 -2.717E-02  1.329E-01
  3.9667000E+04  2.135E-01 -2.698E-02  1.216E-01
  3.9669000E+04  1.962E-01 -2.807E-02  1.538E-01
  3.9671000E+04  2.110E-01 -2.572E-02  1.037E-01
  3.9673000E+04  2.163E-01 -2.930E-02  1.466E-01
  3.9675000E+04  2.103E-01 -2.520E-02  1.022E-01
  3.9677000E+04  1.695E-01 -2.466E-02  1.334E-01
  3.9679000E+04  2.060E-01 -2.769E-02  1.314E-01
  3.9681000E+04  2.011E-01 -2.519E-02  1.113E-01
  3.9683000E+04  2.075E-01 -2.859E-02  1.463E-01
  3.9685000E+04  2.072E-01 -2.670E-02  1.212E-01
  3.9687000E+04  1.900E-01 -2.795E-02  1.504E-01
  3.9689000E+04  2.290E-01 -3.042E-02  1.486E-01
  3.9691000E+04  2.406E-01 -2.853E-02  1.186E-01
  3.9693000E+04  1.916E-01 -2.483E-02  1.190E-01
  3.9695000E+04  2.198E-01 -2.937E-02  1.349E-01
  3.9697000E+04  1.774E-01 -2.468E-02  1.215E-01
  3.9699000E+04  2.080E-01 -2.538E-02  1.077E-01
  3.9701000E+04  1.842E-01 -2.308E-02  1.012E-01
  3.9703000E+04  1.676E-01 -2.289E-02  1.119E-01
  3.9705000E+04  1.644E-01 -2.381E-02  1.337E-01
  3.9707000E+04  1.757E-01 -2.246E-02  1.055E-01
  3.9709000E+04  1.924E-01 -2.582E-02  1.197E-01
  3.9711000E+04  1.651E-01 -2.188E-02  1.039E-01
  3.9713000E+04  1.873E-01 -2.630E-02  1.415E-01
  3.9715000E+04  2.007E-01 -2.713E-02  1.343E-01
  3.9717000E+04  1.515E-01 -2.040E-02  1.021E-01
  3.9719000E+04  1.736E-01 -2.270E-02  1.088E-01
  3.9721000E+04  1.884E-01 -2.665E-02  1.378E-01
  3.9723000E+04  1.771E-01 -2.182E-02  1.026E-01
  3.9725000E+04  1.839E-01 -2.451E-02  1.250E-01
  3.9727000E+04  1.706E-01 -2.122E-02  8.636E-02
  3.9729000E+04  1.581E-01 -1.908E-02  8.955E-02
  3.9731000E+04  1.282E-01 -1.835E-02  9.466E-02
  3.9733000E+04  1.703E-01 -2.387E-02  1.332E-01
  3.9735000E+04  1.705E-01 -2.506E-02  1.315E-01
  3.9737000E+04  1.561E-01 -1.970E-02  9.571E-02
  3.9739000E+04  1.758E-01 -2.159E-02  9.619E-02
  3.9741000E+04  1.464E-01 -2.158E-02  1.104E-01
  3.9743000E+04  1.534E-01 -1.966E-02  1.031E-01
  3.9745000E+04  1.599E-01 -2.053E-02  9.902E-02
  3.9747000E+04  1.454E-01 -2.001E-02  1.023E-01
  3.9749000E+04  1.586E-01 -2.088E-02  1.009E-01
  3.9751000E+04  1.495E-01 -2.022E-02  9.832E-02
  3.9753000E+04  1.653E-01 -2.086E-02  8.384E-02
  3.9755000E+04  1.551E-01 -1.936E-02  9.094E-02
  3.9757000E+04  1.372E-01 -1.871E-02  9.994E-02
  3.9759000E+04  1.536E-01 -1.979E-02  8.447E-02
  3.9761000E+04  1.429E-01 -2.066E-02  1.064E-01
  3.9763000E+04  1.314E-01 -1.935E-02  1.114E-01
  3.9765000E+04  1.360E-01 -1.764E-02  8.164E-02
  3.9767000E+04  1.437E-01 -1.899E-02  9.096E-02
  3.9769000E+04  1.483E-01 -1.970E-02  9.238E-02
  3.9771000E+04  1.477E-01 -1.954E-02  8.859E-02
  3.9773000E+04  1.504E-01 -1.834E-02  7.395E-02
  3.9775000E+04  1.419E-01 -1.861E-02  9.141E-02
  3.9777000E+04  1.554E-01 -2.082E-02  9.982E-02
  3.9779000E+04  1.424E-01 -2.045E-02  1.146E-01
  3.9781000E+04  1.361E-01 -1.841E-02  8.563E-02
  3.9783000E+04  1.337E-01 -1.621E-02  6.445E-02
  3.9785000E+04  1.355E-01 -1.967E-02  1.045E-01
  3.9787000E+04  1.402E-01 -1.785E-02  8.006E-02
  3.9789000E+04  1.329E-01 -1.782E-02  9.455E-02
  3.9791000E+04  1.006E-01 -1.362E-02  7.414E-02
  3.9793000E+04  1.298E-01 -1.613E-02  6.557E-02
  3.9795000E+04  1.330E-01 -2.003E-02  1.151E-01
  3.9797000E+04  1.216E-01 -1.713E-02  9.536E-02
  3.9799000E+04  1.191E-01 -1.513E-02  7.488E-02
  3.9801000E+04  1.533E-01 -1.960E-02  8.656E-02
  3.9803000E+04  1.212E-01 -1.633E-02  7.541E-02
  3.9805000E+04  1.048E-01 -1.349E-02  6.544E-02
  3.9807000E+04  1.329E-01 -1.779E-02  8.645E-02
  3.9809000E+04  9.956E-02 -1.359E-02  7.043E-02
  3.9811000E+04  1.430E-01 -1.811E-02  7.821E-02
  3.9813000E+04  1.110E-01 -1.657E-02  9.041E-02
  3.9815000E+04  1.271E-01 -1.673E-02  7.552E-02
  3.9817000E+04  1.304E-01 -1.631E-02  7.294E-02
  3.9819000E+04  1.054E-01 -1.427E-02  8.060E-02
  3.9821000E+04  1.015E-01 -1.340E-02  6.394E-02
  3.9823000E+04  1.282E-01 -1.577E-02  7.178E-02
  3.9825000E+04  1.407E-01 -1.750E-02  8.048E-02
  3.9827000E+04  1.247E-01 -1.828E-02  8.506E-02
  3.9829000E+04  1.199E-01 -1.578E-02  6.043E-02
  3.9831000E+04  9.723E-02 -1.028E-02  6.575E-02
  3.9833000E+04  1.120E-01 -1.535E-02  7.480E-02
  3.9835000E+04  1.174E-01 -1.576E-02  7.296E-02
  3.9837000E+04  1.013E-01 -1.350E-02  6.647E-02
  3.9839000E+04  1.136E-01 -1.433E-02  6.114E-02
  3.9841000E+04  1.183E-01 -1.393E-02  5.352E-02
  3.9843000E+04  1.000E-01 -1.398E-02  7.311E-02
  3.9845000E+04  1.130E-01 -1.520E-02  7.682E-02
  3.9847000E+04  9.537E-02 -1.504E-02  9.516E-02
  3.9849000E+04  1.109E-01 -1.441E-02  6.703E-02
  3.9851000E+04  1.081E-01 -1.426E-02  6.501E-02
  3.9853000E+04  1.011E-01 -1.296E-02  6.361E-02
  3.9855000E+04  1.160E-01 -1.531E-02  7.229E-02
  3.9857000E+04  9.296E-02 -1.342E-02  7.135E-02
  3.9859000E+04  8.086E-02 -1.178E-02  6.825E-02
  3.9861000E+04  9.736E-02 -1.327E-02  6.959E-02
  3.9863000E+04  1.298E-01 -1.579E-02  6.603E-02
  3.9865000E+04  9.960E-02 -1.303E-02  6.211E-02
  3.9867000E+04  1.134E-01 -1.502E-02  6.884E-02
  3.9869000E+04  8.721E-02 -1.336E-02  8.052E-02
  3.9871000E+04  1.113E-01 -1.457E-02  6.891E-02
  3.9873000E+04  8.609E-02 -1.223E-02  7.063E-02
  3.9875000E+04  1.030E-01 -1.287E-02  5.538E-02
  3.9877000E+04  1.039E-01 -1.368E-02  6.675E-02
  3.9879000E+04  9.975E-02 -1.284E-02  5.870E-02
  3.9881000E+04  1.333E-01 -1.476E-02  4.873E-02
  3.9883000E+04  7.008E-02 -9.941E-03  5.287E-02
  3.9885000E+04  8.079E-02 -1.095E-02  5.481E-02
  3.9887000E+04  8.537E-02 -1.134E-02  5.135E-02
  3.9889000E+04  8.522E-02 -1.172E-02  5.861E-02
  3.9891000E+04  9.869E-02 -1.408E-02  7.343E-02
  3.9893000E+04  1.002E-01 -1.217E-02  4.884E-02
  3.9895000E+04  9.821E-02 -1.230E-02  6.076E-02
  3.9897000E+04  1.006E-01 -1.256E-02  5.648E-02
  3.9899000E+04  8.931E-02 -1.243E-02  6.518E-02
  3.9901000E+04  8.638E-02 -1.196E-02  6.207E-02
  3.9903000E+04  8.320E-02 -1.041E-02  5.097E-02
  3.9905000E+04  9.774E-02 -1.207E-02  5.023E-02
