  1.1415000E+04  5.373E-01 -8.373E-02  4.483E-01
  1.1417000E+04  4.804E-01 -6.981E-02  3.469E-01
  1.1419000E+04  5.033E-01 -6.447E-02  2.523E-01
  1.1421000E+04  4.284E-01 -6.105E-02  2.876E-01
  1.1423000E+04  4.887E-01 -7.332E-02  3.742E-01
  1.1425000E+04  5.081E-01 -6.225E-02  2.255E-01
  1.1427000E+04  3.953E-01 -5.951E-02  3.172E-01
  1.1429000E+04  3.130E-01 -4.104E-02  1.675E-01
  1.1431000E+04  4.716E-01 -6.050E-02  2.336E-01
  1.1433000E+04  3.941E-01 -5.769E-02  2.855E-01
  1.1435000E+04  3.496E-01 -5.206E-02  2.666E-01
  1.1437000E+04  4.596E-01 -5.837E-02  2.245E-01
  1.1439000E+04  4.018E-01 -5.183E-02  2.022E-01
  1.1441000E+04  3.680E-01 -5.485E-02  2.854E-01
  1.1443000E+04  3.733E-01 -5.086E-02  2.433E-01
  1.1445000E+04  3.362E-01 -4.522E-02  1.882E-01
  1.1447000E+04  3.765E-01 -5.258E-02  2.423E-01
  1.1449000E+04  3.683E-01 -5.761E-02  3.245E-01
  1.1451000E+04  3.424E-01 -4.807E-02  2.163E-01
  1.1453000E+04  3.765E-01 -5.029E-02  2.200E-01
  1.1455000E+04  3.597E-01 -4.978E-02  2.298E-01
  1.1457000E+04  3.899E-01 -5.845E-02  2.974E-01
  1.1459000E+04  3.314E-01 -4.839E-02  2.419E-01
  1.1461000E+04  3.016E-01 -4.066E-02  1.704E-01
  1.1463000E+04  3.464E-01 -4.606E-02  1.964E-01
  1.1465000E+04  3.718E-01 -5.149E-02  2.326E-01
  1.1467000E+04  2.766E-01 -4.021E-02  2.046E-01
  1.1469000E+04  3.315E-01 -4.768E-02  2.292E-01
  1.1471000E+04  3.298E-01 -4.689E-02  2.432E-01
  1.1473000E+04  2.910E-01 -4.366E-02  2.123E-01
  1.1475000E+04  3.021E-01 -3.875E-02  1.410E-01
  1.1477000E+04  3.086E-01 -4.779E-02  2.566E-01
  1.1479000E+04  3.080E-01 -4.450E-02  2.152E-01
  1.1481000E+04  3.229E-01 -4.069E-02  1.604E-01
  1.1483000E+04  3.583E-01 -4.531E-02  1.895E-01
  1.1485000E+04  3.306E-01 -5.047E-02  2.644E-01
  1.1487000E+04  3.346E-01 -4.595E-02  1.996E-01
  1.1489000E+04  2.971E-01 -3.879E-02  1.518E-01
  1.1491000E+04  2.514E-01 -3.443E-02  1.607E-01
  1.1493000E+04  2.147E-01 -3.189E-02  1.831E-01
  1.1495000E+04  2.624E-01 -3.487E-02  1.695E-01
  1.1497000E+04  2.931E-01 -3.835E-02  1.398E-01
  1.1499000E+04  3.046E-01 -4.608E-02  2.266E-01
  1.1501000E+04  2.528E-01 -3.490E-02  1.644E-01
  1.1503000E+04  2.997E-01 -3.791E-02  1.501E-01
  1.1505000E+04  2.474E-01 -3.477E-02  1.841E-01
  1.1507000E+04  2.993E-01 -4.035E-02  1.789E-01
  1.1509000E+04  2.543E-01 -3.794E-02  1.960E-01
  1.1511000E+04  3.253E-01 -4.476E-02  1.842E-01
  1.1513000E+04  2.507E-01 -3.773E-02  1.751E-01
  1.1515000E+04  2.743E-01 -3.617E-02  1.806E-01
  1.1517000E+04  2.028E-01 -3.221E-02  1.786E-01
  1.1519000E+04  1.964E-01 -2.714E-02  1.452E-01
  1.1521000E+04  2.815E-01 -3.715E-02  1.827E-01
  1.1523000E+04  2.926E-01 -4.330E-02  1.827E-01
  1.1525000E+04  2.507E-01 -3.302E-02  1.344E-01
  1.1527000E+04  2.125E-01 -3.085E-02  1.558E-01
  1.1529000E+04  2.447E-01 -3.312E-02  1.310E-01
  1.1531000E+04  2.729E-01 -3.929E-02  1.805E-01
  1.1533000E+04  2.409E-01 -3.433E-02  1.629E-01
  1.1535000E+04  2.306E-01 -3.154E-02  1.509E-01
  1.1537000E+04  2.506E-01 -3.384E-02  1.262E-01
  1.1539000E+04  2.055E-01 -3.214E-02  1.633E-01
  1.1541000E+04  2.020E-01 -2.787E-02  1.442E-01
  1.1543000E+04  2.387E-01 -2.772E-02  1.044E-01
  1.1545000E+04  2.086E-01 -3.095E-02  1.584E-01
  1.1547000E+04  2.268E-01 -2.948E-02  1.275E-01
  1.1549000E+04  2.340E-01 -3.388E-02  1.592E-01
  1.1551000E+04  2.007E-01 -2.973E-02  1.195E-01
  1.1553000E+04  2.159E-01 -3.007E-02  1.147E-01
  1.1555000E+04  2.258E-01 -2.973E-02  1.524E-01
  1.1557000E+04  2.487E-01 -3.866E-02  1.419E-01
  1.1559000E+04  2.468E-01 -3.471E-02  1.454E-01
  1.1561000E+04  1.795E-01 -2.057E-02  1.361E-01
  1.1563000E+04  1.873E-01 -2.500E-02  1.264E-01
  1.1565000E+04  2.022E-01 -2.130E-02  1.261E-01
  1.1567000E+04  2.031E-01 -2.529E-02  1.267E-01
  1.1569000E+04  2.100E-01 -2.732E-02  1.034E-01
  1.1571000E+04  2.233E-01 -3.336E-02  1.460E-01
  1.1573000E+04  2.117E-01 -3.104E-02  1.443E-01
  1.1575000E+04  1.985E-01 -2.253E-02  1.133E-01
  1.1577000E+04  1.974E-01 -2.978E-02  1.056E-01
  1.1579000E+04  2.320E-01 -2.977E-02  1.085E-01
  1.1581000E+04  1.821E-01 -2.636E-02  1.381E-01
  1.1583000E+04  1.853E-01 -2.252E-02  1.414E-01
  1.1585000E+04  1.901E-01 -2.732E-02  1.330E-01
  1.1587000E+04  1.803E-01 -2.327E-02  1.346E-01
  1.1589000E+04  2.143E-01 -3.364E-02  1.388E-01
  1.1591000E+04  1.644E-01 -1.756E-02  9.281E-02
  1.1593000E+04  2.000E-01 -3.504E-02  1.706E-01
  1.1595000E+04  1.364E-01 -1.870E-02  1.167E-01
  1.1597000E+04  1.848E-01 -2.651E-02  1.218E-01
  1.1599000E+04  1.873E-01 -2.755E-02  1.341E-01
  1.1601000E+04  2.229E-01 -3.302E-02  1.174E-01
  1.1603000E+04  1.785E-01 -2.799E-02  1.308E-01
  1.1605000E+04  1.732E-01 -2.952E-02  1.048E-01
  1.1607000E+04  1.671E-01 -1.878E-02  1.137E-01
  1.1609000E+04  1.520E-01 -1.790E-02  1.201E-01
  1.1611000E+04  1.639E-01 -2.598E-02  1.176E-01
  1.1613000E+04  2.002E-01 -2.274E-02  8.265E-02
  1.1615000E+04  1.883E-01 -2.903E-02  1.093E-01
  1.1617000E+04  1.636E-01 -2.629E-02  1.445E-01
  1.1619000E+04  1.595E-01 -1.424E-02  9.077E-02
  1.1621000E+04  1.878E-01 -2.261E-02  5.323E-02
  1.1623000E+04  1.184E-01 -1.291E-02  7.342E-02
  1.1625000E+04  1.676E-01 -2.698E-02  1.328E-01
  1.1627000E+04  1.720E-01 -2.715E-02  9.677E-02
  1.1629000E+04  1.468E-01 -1.633E-02  5.601E-02
  1.1631000E+04  1.715E-01 -1.762E-02  1.017E-01
  1.1633000E+04  1.252E-01 -2.279E-02  1.654E-01
  1.1635000E+04  1.345E-01 -1.413E-02  8.300E-02
  1.1637000E+04  1.361E-01 -2.047E-02  1.031E-01
  1.1639000E+04  1.276E-01 -1.688E-02  9.545E-02
  1.1641000E+04  1.551E-01 -2.256E-02  1.073E-01
  1.1643000E+04  2.037E-01 -3.367E-02  1.196E-01
  1.1645000E+04  1.851E-01 -3.559E-02  1.293E-01
  1.1647000E+04  1.273E-01 -1.528E-02  8.370E-02
  1.1649000E+04  1.412E-01 -1.556E-02  7.386E-02
  1.1651000E+04  1.273E-01 -1.430E-02  9.104E-02
  1.1653000E+04  1.507E-01 -1.926E-02  9.768E-02
  1.1655000E+04  1.511E-01 -2.123E-02  1.044E-01
  1.1657000E+04  1.431E-01 -2.248E-02  1.072E-01
  1.1659000E+04  1.464E-01 -1.911E-02  7.308E-02
  1.1661000E+04  1.349E-01 -1.236E-02  8.377E-02
  1.1663000E+04  1.191E-01 -1.188E-02  6.728E-02
  1.1665000E+04  1.509E-01 -2.285E-02  1.038E-01
  1.1667000E+04  1.338E-01 -1.619E-02  7.997E-02
  1.1669000E+04  1.672E-01 -2.516E-02  9.697E-02
  1.1671000E+04  1.592E-01 -2.664E-02  1.153E-01
  1.1673000E+04  1.033E-01 -1.439E-02  7.690E-02
  1.1675000E+04  1.126E-01 -1.313E-02  6.259E-02
  1.1677000E+04  1.413E-01 -2.721E-02  9.779E-02
  1.1679000E+04  1.251E-01 -1.814E-02  8.080E-02
  1.1681000E+04  1.385E-01 -1.756E-02  8.093E-02
  1.1683000E+04  1.256E-01 -1.689E-02  8.318E-02
  1.1685000E+04  9.528E-02 -1.206E-02  4.322E-02
  1.1687000E+04  1.466E-01 -2.415E-02  9.274E-02
  1.1689000E+04  1.139E-01 -1.288E-02  8.504E-02
  1.1691000E+04  1.466E-01 -2.547E-02  1.063E-01
  1.1693000E+04  1.682E-01 -2.420E-02  8.571E-02
  1.1695000E+04  1.166E-01 -1.206E-02  8.941E-02
  1.1697000E+04  1.177E-01 -1.456E-02  6.824E-02
  1.1699000E+04  1.261E-01 -2.113E-02  7.069E-02
  1.1701000E+04  1.294E-01 -2.183E-02  7.851E-02
  1.1703000E+04  1.274E-01 -2.080E-02  7.613E-02
  1.1705000E+04  1.448E-01 -2.213E-02  7.059E-02
  1.1707000E+04  1.123E-01 -1.442E-02  8.827E-02
  1.1709000E+04  1.190E-01 -1.398E-02  1.007E-01
  1.1711000E+04  1.128E-01 -1.188E-02  6.664E-02
  1.1713000E+04  1.107E-01 -1.594E-02  8.398E-02
  1.1715000E+04  9.573E-02 -1.040E-02  5.537E-02
  1.1717000E+04  1.199E-01 -1.578E-02  4.741E-02
  1.1719000E+04  1.343E-01 -2.015E-02  8.113E-02
  1.1721000E+04  1.172E-01 -1.608E-02  6.861E-02
  1.1723000E+04  1.103E-01 -9.683E-03  5.622E-02
  1.1725000E+04  1.037E-01 -1.364E-02  7.019E-02
  1.1727000E+04  1.005E-01 -9.954E-03  6.210E-02
  1.1729000E+04  1.117E-01 -1.244E-02  6.158E-02
  1.1731000E+04  1.150E-01 -1.643E-02  8.604E-02
  1.1733000E+04  9.523E-02 -1.200E-02  8.704E-02
  1.1735000E+04  1.335E-01 -1.908E-02  7.883E-02
  1.1737000E+04  8.282E-02 -9.218E-03  6.238E-02
  1.1739000E+04  7.202E-02 -8.016E-03  5.053E-02
  1.1741000E+04  1.124E-01 -1.953E-02  8.776E-02
  1.1743000E+04  1.172E-01 -2.002E-02  7.253E-02
  1.1745000E+04  1.324E-01 -1.833E-02  5.550E-02
  1.1747000E+04  9.566E-02 -8.758E-03  8.688E-02
  1.1749000E+04  9.848E-02 -1.406E-02  6.373E-02
  1.1751000E+04  1.153E-01 -1.810E-02  5.435E-02
  1.1753000E+04  1.044E-01 -1.649E-02  5.542E-02
  1.1755000E+04  9.987E-02 -1.279E-02  7.672E-02
  1.1757000E+04  8.459E-02 -6.552E-03  8.757E-02
  1.1759000E+04  1.042E-01 -9.248E-03  7.931E-02
  1.1761000E+04  9.124E-02 -6.693E-03  4.454E-02
  1.1763000E+04  9.051E-02 -1.204E-02  5.536E-02
  1.1765000E+04  1.114E-01 -1.874E-02  4.522E-02
  1.1767000E+04  1.044E-01 -1.791E-02  7.066E-02
  1.1769000E+04  1.172E-01 -2.461E-02  8.983E-02
  1.1771000E+04  7.701E-02 -8.986E-03  7.691E-02
  1.1773000E+04  1.002E-01 -1.431E-02  5.324E-02
  1.1775000E+04  8.720E-02 -8.690E-03  6.072E-02
  1.1777000E+04  1.107E-01 -1.468E-02  5.882E-02
  1.1779000E+04  9.206E-02 -1.299E-02  6.742E-02
  1.1781000E+04  8.568E-02 -8.035E-03  4.808E-02
  1.1783000E+04  1.043E-01 -1.384E-02  6.894E-02
  1.1785000E+04  7.786E-02 -1.316E-02  4.788E-02
  1.1787000E+04  9.667E-02 -1.059E-02  4.695E-02
  1.1789000E+04  1.064E-01 -1.610E-02  4.222E-02
  1.1791000E+04  1.041E-01 -1.980E-02  7.338E-02
  1.1793000E+04  9.168E-02 -1.392E-02  6.188E-02
