  2.1825000E+04 -7.476E+00  9.765E-01 -4.887E+00
  2.1827000E+04 -3.715E+01  4.833E+00 -2.371E+01
  2.1829000E+04 -1.400E+01  1.840E+00 -9.136E+00
  2.1831000E+04  8.953E-01 -1.241E-01  6.348E-01
  2.1833000E+04  4.802E-01 -7.337E-02  4.141E-01
  2.1835000E+04  3.146E-01 -4.612E-02  2.412E-01
  2.1837000E+04  4.051E-01 -5.986E-02  3.237E-01
  2.1839000E+04  4.193E-01 -5.637E-02  2.687E-01
  2.1841000E+04  3.599E-01 -5.339E-02  2.719E-01
  2.1843000E+04  3.419E-01 -5.392E-02  2.269E-01
  2.1845000E+04  4.656E-01 -5.995E-02  2.886E-01
  2.1847000E+04  3.081E-01 -4.258E-02  2.370E-01
  2.1849000E+04  4.893E-01 -5.286E-02  1.533E-01
  2.1851000E+04  3.282E-01 -4.196E-02  1.991E-01
  2.1853000E+04  3.685E-01 -5.233E-02  2.888E-01
  2.1855000E+04  3.659E-01 -4.186E-02  1.544E-01
  2.1857000E+04  4.040E-01 -5.335E-02  2.785E-01
  2.1859000E+04  3.699E-01 -5.018E-02  2.635E-01
  2.1861000E+04  3.847E-01 -5.199E-02  2.640E-01
  2.1863000E+04  3.198E-01 -4.228E-02  2.383E-01
  2.1865000E+04  3.778E-01 -5.016E-02  2.525E-01
  2.1867000E+04  3.315E-01 -4.440E-02  2.081E-01
  2.1869000E+04  3.556E-01 -4.655E-02  2.042E-01
  2.1871000E+04  3.837E-01 -4.789E-02  2.299E-01
  2.1873000E+04  3.534E-01 -4.892E-02  2.461E-01
  2.1875000E+04  3.814E-01 -4.936E-02  2.565E-01
  2.1877000E+04  3.807E-01 -4.891E-02  2.406E-01
  2.1879000E+04  3.667E-01 -4.469E-02  2.210E-01
  2.1881000E+04  3.171E-01 -3.930E-02  1.801E-01
  2.1883000E+04  3.010E-01 -3.772E-02  1.952E-01
  2.1885000E+04  3.087E-01 -4.392E-02  2.119E-01
  2.1887000E+04  3.315E-01 -4.874E-02  2.626E-01
  2.1889000E+04  2.859E-01 -4.175E-02  2.345E-01
  2.1891000E+04  2.962E-01 -4.009E-02  2.258E-01
  2.1893000E+04  3.499E-01 -4.380E-02  2.074E-01
  2.1895000E+04  3.877E-01 -4.819E-02  2.238E-01
  2.1897000E+04  3.086E-01 -3.712E-02  1.596E-01
  2.1899000E+04  3.032E-01 -4.474E-02  2.569E-01
  2.1901000E+04  3.370E-01 -3.962E-02  1.631E-01
  2.1903000E+04  2.779E-01 -3.487E-02  1.641E-01
  2.1905000E+04  2.894E-01 -3.205E-02  1.192E-01
  2.1907000E+04  3.141E-01 -4.190E-02  2.064E-01
  2.1909000E+04  2.195E-01 -3.351E-02  1.963E-01
  2.1911000E+04  2.657E-01 -3.656E-02  2.058E-01
  2.1913000E+04  3.265E-01 -4.141E-02  1.817E-01
  2.1915000E+04  3.126E-01 -4.124E-02  2.025E-01
  2.1917000E+04  2.622E-01 -3.540E-02  1.832E-01
  2.1919000E+04  2.796E-01 -3.335E-02  1.447E-01
  2.1921000E+04  2.364E-01 -3.179E-02  1.464E-01
  2.1923000E+04  2.479E-01 -2.953E-02  1.269E-01
  2.1925000E+04  2.614E-01 -3.713E-02  2.053E-01
  2.1927000E+04  2.955E-01 -3.626E-02  1.755E-01
  2.1929000E+04  2.800E-01 -3.221E-02  1.462E-01
  2.1931000E+04  2.401E-01 -3.379E-02  1.677E-01
  2.1933000E+04  3.230E-01 -3.989E-02  1.713E-01
  2.1935000E+04  2.888E-01 -3.367E-02  1.392E-01
  2.1937000E+04  2.277E-01 -3.557E-02  2.047E-01
  2.1939000E+04  2.563E-01 -3.511E-02  1.809E-01
  2.1941000E+04  2.222E-01 -3.370E-02  1.895E-01
  2.1943000E+04  2.677E-01 -3.533E-02  1.769E-01
  2.1945000E+04  2.264E-01 -2.905E-02  1.426E-01
  2.1947000E+04  2.706E-01 -3.105E-02  1.274E-01
  2.1949000E+04  2.239E-01 -3.168E-02  1.680E-01
  2.1951000E+04  2.388E-01 -3.220E-02  1.685E-01
  2.1953000E+04  2.343E-01 -3.226E-02  1.686E-01
  2.1955000E+04  2.336E-01 -2.980E-02  1.466E-01
  2.1957000E+04  2.290E-01 -2.989E-02  1.564E-01
  2.1959000E+04  2.109E-01 -2.650E-02  1.198E-01
  2.1961000E+04  2.139E-01 -2.980E-02  1.493E-01
  2.1963000E+04  2.386E-01 -3.243E-02  1.454E-01
  2.1965000E+04  2.252E-01 -3.058E-02  1.686E-01
  2.1967000E+04  2.213E-01 -2.664E-02  1.127E-01
  2.1969000E+04  2.221E-01 -2.613E-02  1.027E-01
  2.1971000E+04  1.922E-01 -2.579E-02  1.464E-01
  2.1973000E+04  2.205E-01 -2.808E-02  1.320E-01
  2.1975000E+04  1.840E-01 -2.423E-02  1.236E-01
  2.1977000E+04  2.163E-01 -2.913E-02  1.532E-01
  2.1979000E+04  2.104E-01 -2.739E-02  1.427E-01
  2.1981000E+04  1.817E-01 -2.635E-02  1.368E-01
  2.1983000E+04  2.124E-01 -2.655E-02  1.147E-01
  2.1985000E+04  2.301E-01 -2.646E-02  1.073E-01
  2.1987000E+04  1.926E-01 -2.501E-02  1.273E-01
  2.1989000E+04  1.939E-01 -2.450E-02  1.172E-01
  2.1991000E+04  2.336E-01 -2.790E-02  1.215E-01
  2.1993000E+04  2.480E-01 -3.058E-02  1.377E-01
  2.1995000E+04  2.245E-01 -2.870E-02  1.340E-01
  2.1997000E+04  1.597E-01 -2.479E-02  1.464E-01
  2.1999000E+04  2.114E-01 -2.666E-02  1.140E-01
  2.2001000E+04  2.171E-01 -2.760E-02  1.307E-01
  2.2003000E+04  1.687E-01 -2.208E-02  1.054E-01
  2.2005000E+04  1.733E-01 -2.248E-02  1.037E-01
  2.2007000E+04  1.782E-01 -2.663E-02  1.661E-01
  2.2009000E+04  1.671E-01 -2.326E-02  1.306E-01
  2.2011000E+04  1.756E-01 -2.271E-02  1.084E-01
  2.2013000E+04  1.665E-01 -2.315E-02  1.296E-01
  2.2015000E+04  1.935E-01 -2.343E-02  9.828E-02
  2.2017000E+04  1.932E-01 -2.349E-02  1.056E-01
  2.2019000E+04  1.712E-01 -2.289E-02  1.151E-01
  2.2021000E+04  1.790E-01 -2.182E-02  1.003E-01
  2.2023000E+04  1.907E-01 -2.278E-02  9.769E-02
  2.2025000E+04  1.901E-01 -2.417E-02  1.149E-01
  2.2027000E+04  1.769E-01 -2.406E-02  1.286E-01
  2.2029000E+04  1.817E-01 -2.252E-02  1.108E-01
  2.2031000E+04  1.382E-01 -2.072E-02  1.251E-01
  2.2033000E+04  1.879E-01 -2.358E-02  1.005E-01
  2.2035000E+04  1.364E-01 -1.895E-02  1.099E-01
  2.2037000E+04  1.638E-01 -2.149E-02  1.158E-01
  2.2039000E+04  1.647E-01 -2.111E-02  9.866E-02
  2.2041000E+04  1.556E-01 -1.973E-02  1.024E-01
  2.2043000E+04  1.621E-01 -2.138E-02  1.014E-01
  2.2045000E+04  1.778E-01 -2.109E-02  8.758E-02
  2.2047000E+04  1.606E-01 -2.162E-02  1.127E-01
  2.2049000E+04  1.500E-01 -2.325E-02  1.181E-01
  2.2051000E+04  1.757E-01 -2.295E-02  9.836E-02
  2.2053000E+04  1.675E-01 -2.077E-02  9.701E-02
  2.2055000E+04  1.458E-01 -1.711E-02  8.902E-02
  2.2057000E+04  1.479E-01 -1.831E-02  8.548E-02
  2.2059000E+04  1.689E-01 -2.172E-02  1.115E-01
  2.2061000E+04  1.378E-01 -1.719E-02  8.815E-02
  2.2063000E+04  1.518E-01 -1.943E-02  9.433E-02
  2.2065000E+04  1.559E-01 -2.016E-02  8.999E-02
  2.2067000E+04  1.491E-01 -2.072E-02  9.641E-02
  2.2069000E+04  1.294E-01 -1.986E-02  1.116E-01
  2.2071000E+04  1.164E-01 -1.742E-02  9.442E-02
  2.2073000E+04  1.775E-01 -2.250E-02  1.171E-01
  2.2075000E+04  1.327E-01 -1.713E-02  8.271E-02
  2.2077000E+04  1.396E-01 -1.874E-02  9.305E-02
  2.2079000E+04  1.617E-01 -2.024E-02  8.553E-02
  2.2081000E+04  1.297E-01 -1.608E-02  7.458E-02
  2.2083000E+04  1.285E-01 -1.449E-02  8.183E-02
  2.2085000E+04  1.227E-01 -1.837E-02  8.822E-02
  2.2087000E+04  1.601E-01 -1.579E-02  7.248E-02
  2.2089000E+04  1.334E-01 -1.788E-02  8.657E-02
  2.2091000E+04  1.197E-01 -1.912E-02  1.070E-01
  2.2093000E+04  1.092E-01 -1.704E-02  9.350E-02
  2.2095000E+04  1.377E-01 -1.592E-02  6.405E-02
  2.2097000E+04  1.450E-01 -1.700E-02  8.486E-02
  2.2099000E+04  1.455E-01 -1.892E-02  9.235E-02
  2.2101000E+04  1.192E-01 -1.192E-02  5.180E-02
  2.2103000E+04  1.111E-01 -1.437E-02  6.676E-02
  2.2105000E+04  1.438E-01 -1.899E-02  1.096E-01
  2.2107000E+04  1.365E-01 -1.417E-02  8.299E-02
  2.2109000E+04  1.197E-01 -1.344E-02  6.334E-02
  2.2111000E+04  1.214E-01 -1.443E-02  6.886E-02
  2.2113000E+04  1.332E-01 -2.073E-02  1.017E-01
  2.2115000E+04  1.224E-01 -1.786E-02  8.821E-02
  2.2117000E+04  1.170E-01 -1.615E-02  8.600E-02
  2.2119000E+04  1.393E-01 -1.764E-02  8.205E-02
  2.2121000E+04  1.145E-01 -1.433E-02  6.169E-02
  2.2123000E+04  1.017E-01 -1.332E-02  6.203E-02
  2.2125000E+04  1.434E-01 -1.496E-02  1.018E-01
  2.2127000E+04  1.264E-01 -1.433E-02  5.314E-02
  2.2129000E+04  1.084E-01 -1.949E-02  7.413E-02
  2.2131000E+04  9.898E-02 -1.455E-02  7.980E-02
  2.2133000E+04  1.302E-01 -1.568E-02  6.273E-02
  2.2135000E+04  1.299E-01 -1.438E-02  5.893E-02
  2.2137000E+04  9.711E-02 -1.616E-02  9.530E-02
  2.2139000E+04  9.414E-02 -1.283E-02  5.505E-02
  2.2141000E+04  9.647E-02 -1.540E-02  8.249E-02
  2.2143000E+04  1.421E-01 -1.833E-02  8.276E-02
  2.2145000E+04  1.131E-01 -1.124E-02  4.202E-02
  2.2147000E+04  9.972E-02 -1.447E-02  8.346E-02
  2.2149000E+04  9.837E-02 -1.236E-02  8.742E-02
  2.2151000E+04  9.949E-02 -1.089E-02  4.926E-02
  2.2153000E+04  1.224E-01 -1.525E-02  7.452E-02
  2.2155000E+04  1.170E-01 -1.382E-02  6.922E-02
  2.2157000E+04  1.070E-01 -1.427E-02  7.321E-02
  2.2159000E+04  1.062E-01 -1.489E-02  8.605E-02
  2.2161000E+04  1.035E-01 -1.493E-02  7.604E-02
  2.2163000E+04  9.653E-02 -1.357E-02  5.779E-02
  2.2165000E+04  1.090E-01 -1.576E-02  7.190E-02
  2.2167000E+04  1.092E-01 -1.885E-02  9.143E-02
  2.2169000E+04  9.182E-02 -1.154E-02  5.573E-02
  2.2171000E+04  1.261E-01 -1.255E-02  6.655E-02
  2.2173000E+04  9.257E-02 -1.251E-02  5.849E-02
  2.2175000E+04  8.432E-02 -1.041E-02  4.781E-02
  2.2177000E+04  8.715E-02 -1.122E-02  6.790E-02
  2.2179000E+04  1.030E-01 -1.341E-02  5.556E-02
  2.2181000E+04  1.054E-01 -1.613E-02  5.974E-02
  2.2183000E+04  1.152E-01 -1.536E-02  7.054E-02
  2.2185000E+04  1.025E-01 -1.032E-02  5.016E-02
  2.2187000E+04  9.989E-02 -1.021E-02  4.986E-02
  2.2189000E+04  1.073E-01 -1.078E-02  5.951E-02
  2.2191000E+04  1.092E-01 -1.517E-02  6.087E-02
  2.2193000E+04  8.833E-02 -1.145E-02  5.945E-02
  2.2195000E+04  9.182E-02 -1.362E-02  7.157E-02
  2.2197000E+04  8.282E-02 -1.058E-02  7.343E-02
  2.2199000E+04  7.533E-02 -1.218E-02  7.320E-02
  2.2201000E+04  1.151E-01 -1.345E-02  5.183E-02
  2.2203000E+04  8.126E-02 -8.435E-03  5.339E-02
