 -8.6210000E+03 -4.108E+00  5.118E-01 -2.267E+00
 -8.6190000E+03  7.549E-01 -1.140E-01  6.085E-01
 -8.6170000E+03  4.317E-01 -6.667E-02  3.713E-01
 -8.6150000E+03  4.163E-01 -6.660E-02  3.846E-01
 -8.6130000E+03  3.817E-01 -4.795E-02  2.020E-01
 -8.6110000E+03  4.979E-01 -6.834E-02  3.328E-01
 -8.6090000E+03  3.811E-01 -6.103E-02  3.589E-01
 -8.6070000E+03  5.481E-01 -5.584E-02  1.474E-01
 -8.6050000E+03  4.074E-01 -6.114E-02  3.377E-01
 -8.6030000E+03  3.610E-01 -4.784E-02  2.278E-01
 -8.6010000E+03  4.604E-01 -4.836E-02  1.395E-01
 -8.5990000E+03  4.819E-01 -6.214E-02  2.848E-01
 -8.5970000E+03  2.891E-01 -3.857E-02  1.838E-01
 -8.5950000E+03  3.146E-01 -4.133E-02  1.917E-01
 -8.5930000E+03  5.006E-01 -6.555E-02  3.037E-01
 -8.5910000E+03  4.124E-01 -5.161E-02  2.248E-01
 -8.5890000E+03  3.032E-01 -3.992E-02  1.847E-01
 -8.5870000E+03  3.869E-01 -5.835E-02  3.259E-01
 -8.5850000E+03  4.262E-01 -5.621E-02  2.650E-01
 -8.5830000E+03  4.300E-01 -5.636E-02  2.669E-01
 -8.5810000E+03  3.592E-01 -5.032E-02  2.597E-01
 -8.5790000E+03  3.429E-01 -4.371E-02  1.951E-01
 -8.5770000E+03  4.286E-01 -5.685E-02  2.744E-01
 -8.5750000E+03  4.079E-01 -4.445E-02  1.484E-01
 -8.5730000E+03  4.202E-01 -5.347E-02  2.346E-01
 -8.5710000E+03  2.975E-01 -4.262E-02  2.217E-01
 -8.5690000E+03  3.221E-01 -4.511E-02  2.395E-01
 -8.5670000E+03  3.950E-01 -5.116E-02  2.397E-01
 -8.5650000E+03  3.352E-01 -5.059E-02  2.803E-01
 -8.5630000E+03  2.928E-01 -4.324E-02  2.336E-01
 -8.5610000E+03  3.585E-01 -4.868E-02  2.416E-01
 -8.5590000E+03  3.645E-01 -4.169E-02  1.630E-01
 -8.5570000E+03  3.811E-01 -4.855E-02  2.217E-01
 -8.5550000E+03  3.149E-01 -4.807E-02  2.673E-01
 -8.5530000E+03  3.518E-01 -5.249E-02  2.890E-01
 -8.5510000E+03  3.813E-01 -4.608E-02  1.929E-01
 -8.5490000E+03  3.234E-01 -4.138E-02  1.894E-01
 -8.5470000E+03  3.112E-01 -3.500E-02  1.297E-01
 -8.5450000E+03  2.570E-01 -3.345E-02  1.592E-01
 -8.5430000E+03  2.534E-01 -4.176E-02  2.532E-01
 -8.5410000E+03  3.124E-01 -4.198E-02  2.043E-01
 -8.5390000E+03  3.624E-01 -3.959E-02  1.330E-01
 -8.5370000E+03  3.210E-01 -4.433E-02  2.221E-01
 -8.5350000E+03  2.546E-01 -3.312E-02  1.536E-01
 -8.5330000E+03  2.895E-01 -3.660E-02  1.607E-01
 -8.5310000E+03  3.195E-01 -4.061E-02  1.863E-01
 -8.5290000E+03  2.569E-01 -3.560E-02  1.759E-01
 -8.5270000E+03  2.403E-01 -3.503E-02  1.950E-01
 -8.5250000E+03  2.857E-01 -3.791E-02  1.889E-01
 -8.5230000E+03  2.539E-01 -3.296E-02  1.524E-01
 -8.5210000E+03  2.893E-01 -3.231E-02  1.113E-01
 -8.5190000E+03  2.904E-01 -3.813E-02  1.833E-01
 -8.5170000E+03  2.953E-01 -4.044E-02  2.056E-01
 -8.5150000E+03  2.988E-01 -4.198E-02  2.112E-01
 -8.5130000E+03  2.368E-01 -3.446E-02  1.927E-01
 -8.5110000E+03  2.971E-01 -3.309E-02  1.201E-01
 -8.5090000E+03  3.133E-01 -3.925E-02  1.777E-01
 -8.5070000E+03  2.741E-01 -3.839E-02  2.041E-01
 -8.5050000E+03  2.863E-01 -3.894E-02  1.898E-01
 -8.5030000E+03  2.451E-01 -3.319E-02  1.689E-01
 -8.5010000E+03  2.019E-01 -2.476E-02  1.045E-01
 -8.4990000E+03  2.868E-01 -3.688E-02  1.682E-01
 -8.4970000E+03  2.134E-01 -3.247E-02  1.783E-01
 -8.4950000E+03  2.242E-01 -3.108E-02  1.600E-01
 -8.4930000E+03  2.878E-01 -3.479E-02  1.510E-01
 -8.4910000E+03  2.104E-01 -2.852E-02  1.420E-01
 -8.4890000E+03  2.925E-01 -3.358E-02  1.306E-01
 -8.4870000E+03  1.831E-01 -2.888E-02  1.701E-01
 -8.4850000E+03  2.160E-01 -2.849E-02  1.373E-01
 -8.4830000E+03  2.481E-01 -3.215E-02  1.477E-01
 -8.4810000E+03  2.093E-01 -2.601E-02  1.218E-01
 -8.4790000E+03  2.081E-01 -2.773E-02  1.294E-01
 -8.4770000E+03  2.268E-01 -2.813E-02  1.246E-01
 -8.4750000E+03  2.064E-01 -3.072E-02  1.621E-01
 -8.4730000E+03  2.126E-01 -2.917E-02  1.429E-01
 -8.4710000E+03  2.417E-01 -2.980E-02  1.322E-01
 -8.4690000E+03  2.166E-01 -3.089E-02  1.640E-01
 -8.4670000E+03  2.325E-01 -2.736E-02  1.107E-01
 -8.4650000E+03  2.137E-01 -2.714E-02  1.258E-01
 -8.4630000E+03  2.348E-01 -2.958E-02  1.368E-01
 -8.4610000E+03  2.464E-01 -3.081E-02  1.369E-01
 -8.4590000E+03  2.170E-01 -2.661E-02  1.148E-01
 -8.4570000E+03  2.357E-01 -3.189E-02  1.588E-01
 -8.4550000E+03  2.308E-01 -2.903E-02  1.292E-01
 -8.4530000E+03  2.463E-01 -3.202E-02  1.525E-01
 -8.4510000E+03  1.934E-01 -2.885E-02  1.527E-01
 -8.4490000E+03  1.717E-01 -2.409E-02  1.184E-01
 -8.4470000E+03  2.194E-01 -2.576E-02  1.025E-01
 -8.4450000E+03  2.043E-01 -2.808E-02  1.437E-01
 -8.4430000E+03  2.016E-01 -2.655E-02  1.344E-01
 -8.4410000E+03  1.849E-01 -2.340E-02  1.132E-01
 -8.4390000E+03  1.829E-01 -2.501E-02  1.239E-01
 -8.4370000E+03  1.936E-01 -2.435E-02  1.145E-01
 -8.4350000E+03  2.037E-01 -2.685E-02  1.274E-01
 -8.4330000E+03  1.671E-01 -2.495E-02  1.413E-01
 -8.4310000E+03  1.884E-01 -2.596E-02  1.299E-01
 -8.4290000E+03  2.022E-01 -2.620E-02  1.256E-01
 -8.4270000E+03  2.087E-01 -2.711E-02  1.258E-01
 -8.4250000E+03  1.683E-01 -2.008E-02  8.408E-02
 -8.4230000E+03  2.138E-01 -2.625E-02  1.140E-01
 -8.4210000E+03  1.650E-01 -2.423E-02  1.307E-01
 -8.4190000E+03  1.351E-01 -2.233E-02  1.363E-01
 -8.4170000E+03  1.749E-01 -2.395E-02  1.268E-01
 -8.4150000E+03  1.691E-01 -2.124E-02  9.600E-02
 -8.4130000E+03  2.098E-01 -2.495E-02  1.063E-01
 -8.4110000E+03  1.756E-01 -2.083E-02  9.413E-02
 -8.4090000E+03  1.558E-01 -2.360E-02  1.260E-01
 -8.4070000E+03  1.611E-01 -2.126E-02  1.053E-01
 -8.4050000E+03  1.687E-01 -2.080E-02  8.479E-02
 -8.4030000E+03  1.494E-01 -2.023E-02  1.025E-01
 -8.4010000E+03  2.002E-01 -2.420E-02  1.052E-01
 -8.3990000E+03  1.834E-01 -2.279E-02  9.957E-02
 -8.3970000E+03  1.663E-01 -2.273E-02  1.140E-01
 -8.3950000E+03  1.701E-01 -2.312E-02  1.158E-01
 -8.3930000E+03  1.766E-01 -2.036E-02  7.790E-02
 -8.3910000E+03  1.525E-01 -2.034E-02  1.038E-01
 -8.3890000E+03  1.689E-01 -2.317E-02  1.073E-01
 -8.3870000E+03  1.539E-01 -2.169E-02  1.177E-01
 -8.3850000E+03  1.625E-01 -2.151E-02  1.032E-01
 -8.3830000E+03  1.558E-01 -2.069E-02  1.134E-01
 -8.3810000E+03  1.794E-01 -2.240E-02  9.913E-02
 -8.3790000E+03  1.318E-01 -1.818E-02  9.567E-02
 -8.3770000E+03  1.229E-01 -1.647E-02  8.177E-02
 -8.3750000E+03  1.715E-01 -2.076E-02  8.785E-02
 -8.3730000E+03  1.499E-01 -1.990E-02  9.069E-02
 -8.3710000E+03  1.466E-01 -1.945E-02  9.371E-02
 -8.3690000E+03  1.583E-01 -2.016E-02  9.254E-02
 -8.3670000E+03  1.548E-01 -1.717E-02  8.830E-02
 -8.3650000E+03  1.033E-01 -1.743E-02  1.002E-01
 -8.3630000E+03  1.144E-01 -1.610E-02  7.341E-02
 -8.3610000E+03  1.773E-01 -2.129E-02  8.958E-02
 -8.3590000E+03  1.623E-01 -1.761E-02  7.142E-02
 -8.3570000E+03  1.394E-01 -1.902E-02  9.189E-02
 -8.3550000E+03  1.293E-01 -1.893E-02  9.742E-02
 -8.3530000E+03  1.468E-01 -2.077E-02  1.034E-01
 -8.3510000E+03  1.377E-01 -1.848E-02  9.623E-02
 -8.3490000E+03  1.327E-01 -1.578E-02  6.961E-02
 -8.3470000E+03  1.290E-01 -1.898E-02  1.068E-01
 -8.3450000E+03  1.600E-01 -2.180E-02  1.123E-01
 -8.3430000E+03  1.320E-01 -1.622E-02  7.572E-02
 -8.3410000E+03  1.221E-01 -1.757E-02  9.579E-02
 -8.3390000E+03  1.241E-01 -1.661E-02  8.399E-02
 -8.3370000E+03  1.328E-01 -1.594E-02  7.636E-02
 -8.3350000E+03  1.305E-01 -1.806E-02  9.229E-02
 -8.3330000E+03  1.300E-01 -1.577E-02  6.422E-02
 -8.3310000E+03  1.274E-01 -1.692E-02  7.598E-02
 -8.3290000E+03  1.354E-01 -1.561E-02  5.905E-02
 -8.3270000E+03  1.376E-01 -1.789E-02  8.147E-02
 -8.3250000E+03  1.176E-01 -1.750E-02  8.708E-02
 -8.3230000E+03  1.445E-01 -1.671E-02  7.096E-02
 -8.3210000E+03  1.272E-01 -1.505E-02  6.194E-02
 -8.3190000E+03  1.303E-01 -1.854E-02  9.404E-02
 -8.3170000E+03  1.129E-01 -1.435E-02  6.488E-02
 -8.3150000E+03  9.645E-02 -1.248E-02  6.227E-02
 -8.3130000E+03  1.368E-01 -1.575E-02  7.335E-02
 -8.3110000E+03  1.315E-01 -1.751E-02  8.236E-02
 -8.3090000E+03  1.142E-01 -1.484E-02  7.633E-02
 -8.3070000E+03  9.989E-02 -1.476E-02  8.592E-02
 -8.3050000E+03  1.188E-01 -1.525E-02  7.008E-02
 -8.3030000E+03  1.269E-01 -1.628E-02  7.003E-02
 -8.3010000E+03  1.192E-01 -1.792E-02  9.832E-02
 -8.2990000E+03  1.154E-01 -1.480E-02  6.667E-02
 -8.2970000E+03  9.726E-02 -1.369E-02  7.914E-02
 -8.2950000E+03  1.059E-01 -1.357E-02  7.621E-02
 -8.2930000E+03  1.016E-01 -1.509E-02  7.504E-02
 -8.2910000E+03  1.249E-01 -1.476E-02  6.170E-02
 -8.2890000E+03  1.139E-01 -1.613E-02  8.055E-02
 -8.2870000E+03  1.172E-01 -1.536E-02  6.705E-02
 -8.2850000E+03  1.191E-01 -1.530E-02  7.869E-02
 -8.2830000E+03  9.107E-02 -1.380E-02  7.752E-02
 -8.2810000E+03  1.093E-01 -1.491E-02  7.324E-02
 -8.2790000E+03  1.200E-01 -1.475E-02  7.231E-02
 -8.2770000E+03  9.752E-02 -1.233E-02  6.352E-02
 -8.2750000E+03  1.174E-01 -1.426E-02  5.679E-02
 -8.2730000E+03  9.594E-02 -1.200E-02  5.696E-02
 -8.2710000E+03  1.173E-01 -1.478E-02  6.579E-02
 -8.2690000E+03  1.038E-01 -1.382E-02  6.802E-02
 -8.2670000E+03  8.795E-02 -1.219E-02  6.093E-02
 -8.2650000E+03  1.187E-01 -1.590E-02  7.212E-02
 -8.2630000E+03  1.312E-01 -1.353E-02  4.855E-02
 -8.2610000E+03  9.620E-02 -1.375E-02  8.466E-02
 -8.2590000E+03  9.947E-02 -1.423E-02  8.496E-02
 -8.2570000E+03  7.079E-02 -1.231E-02  7.739E-02
 -8.2550000E+03  1.170E-01 -1.489E-02  6.302E-02
 -8.2530000E+03  1.077E-01 -1.181E-02  4.213E-02
 -8.2510000E+03  1.156E-01 -1.339E-02  5.358E-02
 -8.2490000E+03  1.064E-01 -1.334E-02  6.343E-02
 -8.2470000E+03  9.185E-02 -1.400E-02  8.057E-02
 -8.2450000E+03  9.202E-02 -1.320E-02  6.275E-02
 -8.2430000E+03  9.923E-02 -1.242E-02  5.209E-02
