 -3.3979000E+04  8.955E-01 -1.285E-01  6.075E-01
 -3.3977000E+04  3.246E-01 -4.920E-02  2.552E-01
 -3.3975000E+04  4.445E-01 -6.472E-02  3.129E-01
 -3.3973000E+04  6.225E-01 -9.166E-02  4.525E-01
 -3.3971000E+04  4.739E-01 -6.481E-02  2.890E-01
 -3.3969000E+04  3.891E-01 -4.721E-02  1.728E-01
 -3.3967000E+04  5.072E-01 -6.640E-02  2.768E-01
 -3.3965000E+04  3.871E-01 -6.088E-02  3.220E-01
 -3.3963000E+04  4.808E-01 -5.601E-02  1.891E-01
 -3.3961000E+04  4.037E-01 -6.067E-02  3.029E-01
 -3.3959000E+04  4.272E-01 -5.098E-02  1.805E-01
 -3.3957000E+04  4.740E-01 -5.823E-02  2.197E-01
 -3.3955000E+04  4.641E-01 -6.494E-02  2.992E-01
 -3.3953000E+04  3.601E-01 -4.916E-02  2.182E-01
 -3.3951000E+04  3.594E-01 -4.328E-02  1.578E-01
 -3.3949000E+04  4.449E-01 -5.813E-02  2.439E-01
 -3.3947000E+04  4.335E-01 -6.918E-02  3.769E-01
 -3.3945000E+04  3.594E-01 -4.868E-02  2.141E-01
 -3.3943000E+04  3.488E-01 -5.377E-02  2.794E-01
 -3.3941000E+04  3.983E-01 -5.729E-02  2.770E-01
 -3.3939000E+04  4.692E-01 -5.724E-02  2.162E-01
 -3.3937000E+04  4.895E-01 -6.357E-02  2.622E-01
 -3.3935000E+04  3.671E-01 -5.241E-02  2.528E-01
 -3.3933000E+04  3.179E-01 -4.929E-02  2.545E-01
 -3.3931000E+04  4.172E-01 -5.604E-02  2.428E-01
 -3.3929000E+04  3.545E-01 -5.208E-02  2.579E-01
 -3.3927000E+04  3.347E-01 -4.677E-02  2.210E-01
 -3.3925000E+04  4.195E-01 -5.345E-02  2.165E-01
 -3.3923000E+04  3.862E-01 -5.593E-02  2.734E-01
 -3.3921000E+04  3.241E-01 -4.450E-02  2.041E-01
 -3.3919000E+04  3.797E-01 -5.161E-02  2.287E-01
 -3.3917000E+04  3.494E-01 -5.104E-02  2.506E-01
 -3.3915000E+04  3.872E-01 -5.294E-02  2.382E-01
 -3.3913000E+04  3.433E-01 -4.916E-02  2.333E-01
 -3.3911000E+04  3.613E-01 -4.834E-02  2.099E-01
 -3.3909000E+04  3.298E-01 -4.621E-02  2.141E-01
 -3.3907000E+04  3.576E-01 -4.424E-02  1.698E-01
 -3.3905000E+04  3.301E-01 -4.293E-02  1.870E-01
 -3.3903000E+04  3.631E-01 -4.847E-02  2.131E-01
 -3.3901000E+04  3.175E-01 -4.537E-02  2.203E-01
 -3.3899000E+04  2.661E-01 -3.807E-02  1.735E-01
 -3.3897000E+04  2.971E-01 -4.226E-02  2.022E-01
 -3.3895000E+04  2.567E-01 -3.502E-02  1.636E-01
 -3.3893000E+04  3.705E-01 -4.427E-02  1.609E-01
 -3.3891000E+04  3.350E-01 -4.709E-02  2.207E-01
 -3.3889000E+04  2.914E-01 -4.054E-02  1.881E-01
 -3.3887000E+04  3.298E-01 -4.242E-02  1.731E-01
 -3.3885000E+04  3.103E-01 -4.412E-02  2.131E-01
 -3.3883000E+04  2.916E-01 -4.733E-02  2.651E-01
 -3.3881000E+04  2.711E-01 -4.189E-02  2.231E-01
 -3.3879000E+04  3.027E-01 -3.835E-02  1.565E-01
 -3.3877000E+04  2.772E-01 -3.813E-02  1.833E-01
 -3.3875000E+04  2.932E-01 -3.447E-02  1.274E-01
 -3.3873000E+04  2.077E-01 -3.091E-02  1.509E-01
 -3.3871000E+04  2.608E-01 -3.920E-02  1.989E-01
 -3.3869000E+04  3.073E-01 -4.265E-02  1.945E-01
 -3.3867000E+04  2.670E-01 -3.319E-02  1.246E-01
 -3.3865000E+04  2.994E-01 -4.090E-02  1.843E-01
 -3.3863000E+04  3.160E-01 -4.239E-02  1.946E-01
 -3.3861000E+04  2.917E-01 -3.879E-02  1.716E-01
 -3.3859000E+04  2.459E-01 -3.450E-02  1.631E-01
 -3.3857000E+04  2.919E-01 -3.673E-02  1.446E-01
 -3.3855000E+04  2.529E-01 -3.350E-02  1.460E-01
 -3.3853000E+04  2.109E-01 -2.941E-02  1.361E-01
 -3.3851000E+04  2.697E-01 -3.666E-02  1.628E-01
 -3.3849000E+04  2.472E-01 -3.186E-02  1.378E-01
 -3.3847000E+04  1.910E-01 -3.129E-02  1.757E-01
 -3.3845000E+04  2.967E-01 -3.908E-02  1.645E-01
 -3.3843000E+04  2.639E-01 -3.706E-02  1.738E-01
 -3.3841000E+04  2.219E-01 -3.302E-02  1.668E-01
 -3.3839000E+04  2.107E-01 -2.878E-02  1.316E-01
 -3.3837000E+04  2.291E-01 -2.579E-02  8.385E-02
 -3.3835000E+04  2.467E-01 -3.839E-02  2.012E-01
 -3.3833000E+04  2.383E-01 -3.731E-02  1.944E-01
 -3.3831000E+04  3.027E-01 -3.648E-02  1.393E-01
 -3.3829000E+04  2.372E-01 -3.107E-02  1.361E-01
 -3.3827000E+04  1.876E-01 -2.934E-02  1.557E-01
 -3.3825000E+04  2.286E-01 -2.803E-02  1.101E-01
 -3.3823000E+04  2.926E-01 -3.678E-02  1.499E-01
 -3.3821000E+04  2.308E-01 -3.039E-02  1.278E-01
 -3.3819000E+04  2.454E-01 -3.486E-02  1.662E-01
 -3.3817000E+04  2.189E-01 -2.951E-02  1.316E-01
 -3.3815000E+04  2.337E-01 -3.191E-02  1.485E-01
 -3.3813000E+04  2.140E-01 -2.982E-02  1.341E-01
 -3.3811000E+04  2.188E-01 -3.091E-02  1.447E-01
 -3.3809000E+04  1.934E-01 -2.823E-02  1.377E-01
 -3.3807000E+04  2.028E-01 -2.756E-02  1.282E-01
 -3.3805000E+04  2.566E-01 -3.003E-02  1.120E-01
 -3.3803000E+04  2.189E-01 -3.021E-02  1.435E-01
 -3.3801000E+04  1.908E-01 -2.624E-02  1.212E-01
 -3.3799000E+04  1.757E-01 -2.576E-02  1.331E-01
 -3.3797000E+04  2.175E-01 -3.167E-02  1.530E-01
 -3.3795000E+04  1.782E-01 -2.633E-02  1.321E-01
 -3.3793000E+04  2.331E-01 -2.926E-02  1.166E-01
 -3.3791000E+04  2.409E-01 -3.101E-02  1.212E-01
 -3.3789000E+04  1.886E-01 -2.792E-02  1.447E-01
 -3.3787000E+04  1.827E-01 -2.565E-02  1.176E-01
 -3.3785000E+04  1.782E-01 -2.601E-02  1.257E-01
 -3.3783000E+04  1.877E-01 -2.516E-02  1.160E-01
 -3.3781000E+04  2.024E-01 -2.673E-02  1.166E-01
 -3.3779000E+04  2.098E-01 -2.825E-02  1.270E-01
 -3.3777000E+04  1.596E-01 -2.305E-02  1.165E-01
 -3.3775000E+04  1.564E-01 -2.417E-02  1.163E-01
 -3.3773000E+04  2.085E-01 -2.322E-02  8.459E-02
 -3.3771000E+04  2.025E-01 -2.576E-02  1.073E-01
 -3.3769000E+04  2.109E-01 -2.997E-02  1.407E-01
 -3.3767000E+04  1.939E-01 -2.670E-02  1.254E-01
 -3.3765000E+04  1.634E-01 -2.344E-02  1.199E-01
 -3.3763000E+04  1.765E-01 -2.325E-02  1.005E-01
 -3.3761000E+04  1.515E-01 -2.198E-02  1.095E-01
 -3.3759000E+04  1.667E-01 -2.551E-02  1.277E-01
 -3.3757000E+04  1.999E-01 -2.565E-02  1.103E-01
 -3.3755000E+04  1.822E-01 -2.178E-02  8.314E-02
 -3.3753000E+04  1.507E-01 -2.233E-02  1.024E-01
 -3.3751000E+04  1.527E-01 -2.373E-02  1.297E-01
 -3.3749000E+04  1.576E-01 -2.052E-02  9.559E-02
 -3.3747000E+04  1.734E-01 -2.325E-02  1.012E-01
 -3.3745000E+04  1.775E-01 -2.449E-02  1.134E-01
 -3.3743000E+04  1.369E-01 -1.982E-02  9.877E-02
 -3.3741000E+04  1.426E-01 -1.630E-02  6.650E-02
 -3.3739000E+04  1.572E-01 -2.205E-02  9.542E-02
 -3.3737000E+04  1.685E-01 -2.237E-02  9.575E-02
 -3.3735000E+04  1.736E-01 -2.297E-02  1.000E-01
 -3.3733000E+04  1.835E-01 -2.624E-02  1.228E-01
 -3.3731000E+04  1.744E-01 -2.462E-02  1.178E-01
 -3.3729000E+04  1.665E-01 -2.319E-02  1.070E-01
 -3.3727000E+04  1.439E-01 -1.915E-02  8.239E-02
 -3.3725000E+04  1.452E-01 -2.154E-02  1.011E-01
 -3.3723000E+04  1.431E-01 -2.084E-02  1.003E-01
 -3.3721000E+04  1.569E-01 -2.106E-02  9.289E-02
 -3.3719000E+04  1.586E-01 -2.349E-02  1.167E-01
 -3.3717000E+04  1.517E-01 -1.915E-02  7.865E-02
 -3.3715000E+04  1.164E-01 -1.685E-02  9.004E-02
 -3.3713000E+04  1.484E-01 -2.204E-02  1.092E-01
 -3.3711000E+04  1.470E-01 -1.953E-02  9.195E-02
 -3.3709000E+04  1.507E-01 -1.929E-02  8.689E-02
 -3.3707000E+04  1.540E-01 -1.966E-02  8.291E-02
 -3.3705000E+04  1.407E-01 -2.022E-02  9.064E-02
 -3.3703000E+04  1.277E-01 -2.004E-02  9.745E-02
 -3.3701000E+04  1.451E-01 -2.087E-02  1.029E-01
 -3.3699000E+04  1.305E-01 -1.644E-02  7.311E-02
 -3.3697000E+04  1.302E-01 -2.103E-02  1.269E-01
 -3.3695000E+04  1.488E-01 -1.764E-02  6.499E-02
 -3.3693000E+04  1.421E-01 -1.624E-02  4.770E-02
 -3.3691000E+04  1.182E-01 -1.419E-02  5.430E-02
 -3.3689000E+04  1.488E-01 -2.228E-02  1.129E-01
 -3.3687000E+04  1.455E-01 -1.995E-02  9.399E-02
 -3.3685000E+04  1.223E-01 -1.606E-02  7.912E-02
 -3.3683000E+04  1.605E-01 -2.125E-02  9.384E-02
 -3.3681000E+04  1.307E-01 -1.564E-02  5.949E-02
 -3.3679000E+04  1.002E-01 -1.526E-02  8.075E-02
 -3.3677000E+04  1.203E-01 -1.583E-02  6.803E-02
 -3.3675000E+04  1.467E-01 -2.133E-02  1.045E-01
 -3.3673000E+04  1.397E-01 -1.851E-02  8.313E-02
 -3.3671000E+04  1.338E-01 -1.619E-02  5.982E-02
 -3.3669000E+04  1.326E-01 -1.723E-02  7.074E-02
 -3.3667000E+04  1.317E-01 -1.668E-02  6.738E-02
 -3.3665000E+04  1.175E-01 -1.676E-02  7.367E-02
 -3.3663000E+04  1.119E-01 -1.716E-02  9.502E-02
 -3.3661000E+04  1.290E-01 -1.682E-02  8.252E-02
 -3.3659000E+04  1.364E-01 -1.646E-02  5.800E-02
 -3.3657000E+04  9.385E-02 -1.370E-02  7.249E-02
 -3.3655000E+04  1.338E-01 -2.001E-02  1.114E-01
 -3.3653000E+04  1.069E-01 -1.466E-02  7.466E-02
 -3.3651000E+04  1.151E-01 -1.961E-02  7.953E-02
 -3.3649000E+04  1.183E-01 -1.442E-02  6.839E-02
 -3.3647000E+04  9.287E-02 -6.063E-03  5.252E-02
 -3.3645000E+04  1.354E-01 -1.915E-02  8.022E-02
 -3.3643000E+04  1.087E-01 -1.841E-02  8.868E-02
 -3.3641000E+04  1.220E-01 -2.127E-02  8.084E-02
 -3.3639000E+04  1.233E-01 -2.034E-02  8.583E-02
 -3.3637000E+04  1.151E-01 -1.672E-02  9.007E-02
 -3.3635000E+04  1.223E-01 -1.434E-02  7.160E-02
 -3.3633000E+04  1.159E-01 -1.434E-02  7.955E-02
 -3.3631000E+04  9.387E-02 -1.204E-02  6.173E-02
 -3.3629000E+04  1.266E-01 -1.601E-02  5.636E-02
 -3.3627000E+04  9.802E-02 -1.473E-02  6.493E-02
 -3.3625000E+04  1.015E-01 -1.703E-02  9.948E-02
 -3.3623000E+04  1.223E-01 -1.340E-02  5.983E-02
 -3.3621000E+04  1.091E-01 -1.870E-02  9.435E-02
 -3.3619000E+04  1.311E-01 -1.791E-02  7.222E-02
 -3.3617000E+04  1.021E-01 -1.156E-02  5.327E-02
 -3.3615000E+04  8.861E-02 -9.764E-03  3.344E-02
 -3.3613000E+04  9.950E-02 -1.190E-02  6.079E-02
 -3.3611000E+04  9.660E-02 -1.480E-02  6.272E-02
 -3.3609000E+04  9.585E-02 -1.522E-02  7.924E-02
 -3.3607000E+04  9.810E-02 -1.232E-02  5.522E-02
 -3.3605000E+04  1.065E-01 -1.581E-02  7.204E-02
 -3.3603000E+04  9.853E-02 -1.403E-02  6.936E-02
 -3.3601000E+04  1.047E-01 -1.353E-02  5.826E-02
