 -3.9393000E+04  7.221E-01 -1.022E-01  4.532E-01
 -3.9391000E+04  4.716E-01 -6.911E-02  3.166E-01
 -3.9389000E+04  3.444E-01 -5.157E-02  2.378E-01
 -3.9387000E+04  5.054E-01 -7.520E-02  3.434E-01
 -3.9385000E+04  5.471E-01 -7.413E-02  2.994E-01
 -3.9383000E+04  4.299E-01 -5.483E-02  1.972E-01
 -3.9381000E+04  3.235E-01 -5.859E-02  3.309E-01
 -3.9379000E+04  4.239E-01 -6.742E-02  3.364E-01
 -3.9377000E+04  5.321E-01 -6.448E-02  2.020E-01
 -3.9375000E+04  4.272E-01 -5.789E-02  2.209E-01
 -3.9373000E+04  4.806E-01 -5.541E-02  1.465E-01
 -3.9371000E+04  4.193E-01 -5.582E-02  2.088E-01
 -3.9369000E+04  4.761E-01 -7.386E-02  3.571E-01
 -3.9367000E+04  4.357E-01 -6.344E-02  2.847E-01
 -3.9365000E+04  4.509E-01 -6.790E-02  3.168E-01
 -3.9363000E+04  3.295E-01 -5.102E-02  2.492E-01
 -3.9361000E+04  3.177E-01 -3.871E-02  1.227E-01
 -3.9359000E+04  3.759E-01 -5.896E-02  2.915E-01
 -3.9357000E+04  3.998E-01 -5.915E-02  2.673E-01
 -3.9355000E+04  4.338E-01 -6.367E-02  2.847E-01
 -3.9353000E+04  4.124E-01 -5.672E-02  2.353E-01
 -3.9351000E+04  3.711E-01 -5.985E-02  3.015E-01
 -3.9349000E+04  4.023E-01 -6.196E-02  2.899E-01
 -3.9347000E+04  4.811E-01 -6.754E-02  2.876E-01
 -3.9345000E+04  4.223E-01 -5.864E-02  2.431E-01
 -3.9343000E+04  3.937E-01 -5.531E-02  2.400E-01
 -3.9341000E+04  4.078E-01 -5.735E-02  2.401E-01
 -3.9339000E+04  2.883E-01 -5.117E-02  2.836E-01
 -3.9337000E+04  3.711E-01 -5.302E-02  2.293E-01
 -3.9335000E+04  3.684E-01 -4.882E-02  1.858E-01
 -3.9333000E+04  3.561E-01 -5.376E-02  2.478E-01
 -3.9331000E+04  3.273E-01 -4.793E-02  2.124E-01
 -3.9329000E+04  3.018E-01 -4.669E-02  2.359E-01
 -3.9327000E+04  3.485E-01 -4.461E-02  1.622E-01
 -3.9325000E+04  4.296E-01 -5.902E-02  2.439E-01
 -3.9323000E+04  3.590E-01 -4.910E-02  2.037E-01
 -3.9321000E+04  3.346E-01 -4.657E-02  1.901E-01
 -3.9319000E+04  2.974E-01 -4.079E-02  1.640E-01
 -3.9317000E+04  3.637E-01 -5.398E-02  2.458E-01
 -3.9315000E+04  3.525E-01 -4.895E-02  2.002E-01
 -3.9313000E+04  2.955E-01 -4.153E-02  1.781E-01
 -3.9311000E+04  3.123E-01 -4.779E-02  2.187E-01
 -3.9309000E+04  3.374E-01 -4.815E-02  2.061E-01
 -3.9307000E+04  3.053E-01 -4.395E-02  1.886E-01
 -3.9305000E+04  3.759E-01 -5.486E-02  2.500E-01
 -3.9303000E+04  2.939E-01 -4.284E-02  1.896E-01
 -3.9301000E+04  3.009E-01 -4.093E-02  1.672E-01
 -3.9299000E+04  2.411E-01 -3.560E-02  1.612E-01
 -3.9297000E+04  2.796E-01 -4.179E-02  1.905E-01
 -3.9295000E+04  3.105E-01 -4.470E-02  1.967E-01
 -3.9293000E+04  2.950E-01 -4.535E-02  2.150E-01
 -3.9291000E+04  3.057E-01 -4.504E-02  1.997E-01
 -3.9289000E+04  2.678E-01 -3.721E-02  1.555E-01
 -3.9287000E+04  2.798E-01 -4.128E-02  1.865E-01
 -3.9285000E+04  2.615E-01 -4.109E-02  1.997E-01
 -3.9283000E+04  3.578E-01 -5.018E-02  2.130E-01
 -3.9281000E+04  2.685E-01 -3.977E-02  1.775E-01
 -3.9279000E+04  2.422E-01 -3.658E-02  1.745E-01
 -3.9277000E+04  2.623E-01 -3.627E-02  1.469E-01
 -3.9275000E+04  2.349E-01 -3.461E-02  1.607E-01
 -3.9273000E+04  3.159E-01 -4.073E-02  1.573E-01
 -3.9271000E+04  2.462E-01 -3.473E-02  1.490E-01
 -3.9269000E+04  2.367E-01 -3.683E-02  1.806E-01
 -3.9267000E+04  2.581E-01 -3.631E-02  1.472E-01
 -3.9265000E+04  2.766E-01 -3.682E-02  1.448E-01
 -3.9263000E+04  2.846E-01 -3.865E-02  1.612E-01
 -3.9261000E+04  2.507E-01 -3.637E-02  1.624E-01
 -3.9259000E+04  2.649E-01 -3.797E-02  1.648E-01
 -3.9257000E+04  2.697E-01 -3.855E-02  1.681E-01
 -3.9255000E+04  2.008E-01 -3.245E-02  1.603E-01
 -3.9253000E+04  2.837E-01 -3.701E-02  1.388E-01
 -3.9251000E+04  2.371E-01 -3.011E-02  1.069E-01
 -3.9249000E+04  2.395E-01 -3.394E-02  1.411E-01
 -3.9247000E+04  2.404E-01 -3.792E-02  1.886E-01
 -3.9245000E+04  2.332E-01 -3.653E-02  1.820E-01
 -3.9243000E+04  2.133E-01 -3.017E-02  1.339E-01
 -3.9241000E+04  2.161E-01 -2.933E-02  1.226E-01
 -3.9239000E+04  2.449E-01 -3.061E-02  1.022E-01
 -3.9237000E+04  2.381E-01 -3.506E-02  1.637E-01
 -3.9235000E+04  2.587E-01 -3.514E-02  1.414E-01
 -3.9233000E+04  2.315E-01 -3.438E-02  1.545E-01
 -3.9231000E+04  2.401E-01 -3.731E-02  1.798E-01
 -3.9229000E+04  2.411E-01 -3.315E-02  1.377E-01
 -3.9227000E+04  2.023E-01 -3.120E-02  1.546E-01
 -3.9225000E+04  1.994E-01 -3.134E-02  1.548E-01
 -3.9223000E+04  2.437E-01 -3.423E-02  1.431E-01
 -3.9221000E+04  1.829E-01 -2.707E-02  1.246E-01
 -3.9219000E+04  1.963E-01 -2.934E-02  1.391E-01
 -3.9217000E+04  2.208E-01 -3.215E-02  1.436E-01
 -3.9215000E+04  2.155E-01 -2.979E-02  1.205E-01
 -3.9213000E+04  1.976E-01 -2.695E-02  1.070E-01
 -3.9211000E+04  2.264E-01 -3.146E-02  1.318E-01
 -3.9209000E+04  2.018E-01 -2.670E-02  1.008E-01
 -3.9207000E+04  2.147E-01 -2.900E-02  1.136E-01
 -3.9205000E+04  1.885E-01 -2.863E-02  1.457E-01
 -3.9203000E+04  2.051E-01 -3.008E-02  1.329E-01
 -3.9201000E+04  2.472E-01 -3.507E-02  1.423E-01
 -3.9199000E+04  1.977E-01 -2.982E-02  1.486E-01
 -3.9197000E+04  2.085E-01 -2.787E-02  1.106E-01
 -3.9195000E+04  1.899E-01 -2.818E-02  1.336E-01
 -3.9193000E+04  1.815E-01 -2.326E-02  8.544E-02
 -3.9191000E+04  2.044E-01 -2.639E-02  9.438E-02
 -3.9189000E+04  1.436E-01 -2.336E-02  1.138E-01
 -3.9187000E+04  1.759E-01 -2.801E-02  1.259E-01
 -3.9185000E+04  1.601E-01 -2.526E-02  1.211E-01
 -3.9183000E+04  1.663E-01 -2.278E-02  9.856E-02
 -3.9181000E+04  1.688E-01 -2.749E-02  1.331E-01
 -3.9179000E+04  1.629E-01 -2.371E-02  9.822E-02
 -3.9177000E+04  1.958E-01 -2.568E-02  1.041E-01
 -3.9175000E+04  1.858E-01 -2.748E-02  1.256E-01
 -3.9173000E+04  1.891E-01 -2.750E-02  1.365E-01
 -3.9171000E+04  1.743E-01 -2.646E-02  1.232E-01
 -3.9169000E+04  1.838E-01 -2.360E-02  8.908E-02
 -3.9167000E+04  1.798E-01 -2.560E-02  1.103E-01
 -3.9165000E+04  1.939E-01 -2.780E-02  1.235E-01
 -3.9163000E+04  1.957E-01 -2.599E-02  9.977E-02
 -3.9161000E+04  1.505E-01 -2.267E-02  1.148E-01
 -3.9159000E+04  1.613E-01 -2.337E-02  1.070E-01
 -3.9157000E+04  1.358E-01 -2.179E-02  1.068E-01
 -3.9155000E+04  1.627E-01 -2.462E-02  1.142E-01
 -3.9153000E+04  1.586E-01 -2.424E-02  1.122E-01
 -3.9151000E+04  1.748E-01 -2.181E-02  8.163E-02
 -3.9149000E+04  1.552E-01 -2.277E-02  9.635E-02
 -3.9147000E+04  1.687E-01 -2.574E-02  1.289E-01
 -3.9145000E+04  1.643E-01 -2.385E-02  1.088E-01
 -3.9143000E+04  1.830E-01 -2.480E-02  9.043E-02
 -3.9141000E+04  1.323E-01 -1.860E-02  8.433E-02
 -3.9139000E+04  1.382E-01 -2.135E-02  1.040E-01
 -3.9137000E+04  1.541E-01 -2.381E-02  1.119E-01
 -3.9135000E+04  1.397E-01 -1.917E-02  7.056E-02
 -3.9133000E+04  1.494E-01 -2.090E-02  8.638E-02
 -3.9131000E+04  1.449E-01 -2.395E-02  1.141E-01
 -3.9129000E+04  1.520E-01 -2.242E-02  8.854E-02
 -3.9127000E+04  1.461E-01 -2.049E-02  8.287E-02
 -3.9125000E+04  1.580E-01 -1.800E-02  5.295E-02
 -3.9123000E+04  1.551E-01 -2.508E-02  1.252E-01
 -3.9121000E+04  1.431E-01 -1.832E-02  8.333E-02
 -3.9119000E+04  1.619E-01 -2.354E-02  1.119E-01
 -3.9117000E+04  1.496E-01 -1.960E-02  8.127E-02
 -3.9115000E+04  1.522E-01 -2.234E-02  1.006E-01
 -3.9113000E+04  1.279E-01 -1.785E-02  7.385E-02
 -3.9111000E+04  1.284E-01 -1.866E-02  9.544E-02
 -3.9109000E+04  1.377E-01 -2.112E-02  8.998E-02
 -3.9107000E+04  1.634E-01 -2.070E-02  7.631E-02
 -3.9105000E+04  1.154E-01 -1.947E-02  1.043E-01
 -3.9103000E+04  1.208E-01 -1.949E-02  9.339E-02
 -3.9101000E+04  1.253E-01 -1.742E-02  7.629E-02
 -3.9099000E+04  1.251E-01 -1.899E-02  8.595E-02
 -3.9097000E+04  1.382E-01 -2.126E-02  9.388E-02
 -3.9095000E+04  1.319E-01 -1.789E-02  6.709E-02
 -3.9093000E+04  1.461E-01 -1.878E-02  8.914E-02
 -3.9091000E+04  1.091E-01 -1.738E-02  9.051E-02
 -3.9089000E+04  1.419E-01 -1.929E-02  7.689E-02
 -3.9087000E+04  1.146E-01 -1.752E-02  6.577E-02
 -3.9085000E+04  1.076E-01 -1.334E-02  4.816E-02
 -3.9083000E+04  1.467E-01 -2.012E-02  9.888E-02
 -3.9081000E+04  1.271E-01 -1.828E-02  6.756E-02
 -3.9079000E+04  1.345E-01 -1.854E-02  8.344E-02
 -3.9077000E+04  1.451E-01 -1.837E-02  6.531E-02
 -3.9075000E+04  1.373E-01 -1.867E-02  8.536E-02
 -3.9073000E+04  1.319E-01 -1.938E-02  8.847E-02
 -3.9071000E+04  1.371E-01 -1.736E-02  6.582E-02
 -3.9069000E+04  1.285E-01 -2.009E-02  9.760E-02
 -3.9067000E+04  1.122E-01 -1.723E-02  8.552E-02
 -3.9065000E+04  1.143E-01 -1.740E-02  8.101E-02
 -3.9063000E+04  1.036E-01 -1.666E-02  8.038E-02
 -3.9061000E+04  1.452E-01 -2.022E-02  8.265E-02
 -3.9059000E+04  1.094E-01 -1.523E-02  6.972E-02
 -3.9057000E+04  1.132E-01 -1.703E-02  9.246E-02
 -3.9055000E+04  1.276E-01 -1.792E-02  7.228E-02
 -3.9053000E+04  8.443E-02 -1.521E-02  8.068E-02
 -3.9051000E+04  1.104E-01 -1.600E-02  6.480E-02
 -3.9049000E+04  1.321E-01 -1.436E-02  5.206E-02
 -3.9047000E+04  1.087E-01 -1.450E-02  6.244E-02
 -3.9045000E+04  1.068E-01 -1.408E-02  5.981E-02
 -3.9043000E+04  9.547E-02 -1.758E-02  9.593E-02
 -3.9041000E+04  1.181E-01 -1.783E-02  6.885E-02
 -3.9039000E+04  1.381E-01 -1.606E-02  5.190E-02
 -3.9037000E+04  1.294E-01 -1.253E-02  5.392E-02
 -3.9035000E+04  1.044E-01 -1.528E-02  6.734E-02
 -3.9033000E+04  7.502E-02 -1.350E-02  8.641E-02
 -3.9031000E+04  8.751E-02 -1.467E-02  7.658E-02
 -3.9029000E+04  9.852E-02 -1.379E-02  6.880E-02
 -3.9027000E+04  1.021E-01 -1.641E-02  7.176E-02
 -3.9025000E+04  1.186E-01 -1.498E-02  5.609E-02
 -3.9023000E+04  1.206E-01 -1.513E-02  4.978E-02
 -3.9021000E+04  8.772E-02 -1.300E-02  6.618E-02
 -3.9019000E+04  1.048E-01 -1.454E-02  6.984E-02
 -3.9017000E+04  1.021E-01 -1.371E-02  5.496E-02
 -3.9015000E+04  9.495E-02 -1.518E-02  7.646E-02
