 -2.8943000E+04 -3.235E-01  4.655E-02 -1.901E-01
 -2.8941000E+04 -1.039E+01  1.542E+00 -6.618E+00
 -2.8939000E+04 -4.763E+01  7.110E+00 -3.056E+01
 -2.8937000E+04 -3.864E+00  5.913E-01 -2.524E+00
 -2.8935000E+04 -1.779E-01  2.772E-02 -1.010E-01
 -2.8933000E+04 -6.396E-02 -8.463E-04  1.019E-01
 -2.8931000E+04  2.885E-01 -4.219E-02  1.713E-01
 -2.8929000E+04  3.748E-01 -5.573E-02  2.402E-01
 -2.8927000E+04  1.977E-01 -3.550E-02  2.037E-01
 -2.8925000E+04  4.034E-01 -4.936E-02  1.462E-01
 -2.8923000E+04  3.800E-01 -5.472E-02  2.345E-01
 -2.8921000E+04  3.463E-01 -5.445E-02  2.604E-01
 -2.8919000E+04  3.912E-01 -5.817E-02  2.435E-01
 -2.8917000E+04  2.870E-01 -4.760E-02  2.465E-01
 -2.8915000E+04  4.545E-01 -5.994E-02  1.952E-01
 -2.8913000E+04  4.330E-01 -7.030E-02  3.379E-01
 -2.8911000E+04  5.010E-01 -6.248E-02  1.696E-01
 -2.8909000E+04  3.486E-01 -4.453E-02  1.313E-01
 -2.8907000E+04  4.559E-01 -6.884E-02  3.057E-01
 -2.8905000E+04  3.987E-01 -6.078E-02  2.644E-01
 -2.8903000E+04  3.738E-01 -6.170E-02  2.988E-01
 -2.8901000E+04  3.371E-01 -5.908E-02  2.929E-01
 -2.8899000E+04  3.610E-01 -5.111E-02  1.972E-01
 -2.8897000E+04  3.586E-01 -5.699E-02  2.780E-01
 -2.8895000E+04  3.414E-01 -5.685E-02  2.757E-01
 -2.8893000E+04  4.411E-01 -6.384E-02  2.405E-01
 -2.8891000E+04  4.426E-01 -5.527E-02  1.607E-01
 -2.8889000E+04  3.644E-01 -5.952E-02  2.796E-01
 -2.8887000E+04  3.497E-01 -5.670E-02  2.782E-01
 -2.8885000E+04  3.789E-01 -5.992E-02  2.856E-01
 -2.8883000E+04  3.620E-01 -5.800E-02  2.662E-01
 -2.8881000E+04  4.186E-01 -6.601E-02  3.011E-01
 -2.8879000E+04  3.334E-01 -5.455E-02  2.671E-01
 -2.8877000E+04  3.405E-01 -4.881E-02  1.931E-01
 -2.8875000E+04  3.162E-01 -4.240E-02  1.484E-01
 -2.8873000E+04  3.554E-01 -4.880E-02  1.779E-01
 -2.8871000E+04  4.134E-01 -6.039E-02  2.432E-01
 -2.8869000E+04  2.979E-01 -4.527E-02  2.086E-01
 -2.8867000E+04  3.199E-01 -4.623E-02  1.852E-01
 -2.8865000E+04  2.932E-01 -4.170E-02  1.696E-01
 -2.8863000E+04  2.944E-01 -5.374E-02  2.935E-01
 -2.8861000E+04  3.126E-01 -4.750E-02  1.976E-01
 -2.8859000E+04  3.777E-01 -5.159E-02  1.921E-01
 -2.8857000E+04  3.252E-01 -4.517E-02  1.610E-01
 -2.8855000E+04  2.859E-01 -4.466E-02  1.999E-01
 -2.8853000E+04  3.011E-01 -4.482E-02  1.912E-01
 -2.8851000E+04  3.179E-01 -4.838E-02  2.160E-01
 -2.8849000E+04  3.057E-01 -4.250E-02  1.669E-01
 -2.8847000E+04  3.155E-01 -4.766E-02  2.075E-01
 -2.8845000E+04  2.729E-01 -4.639E-02  2.372E-01
 -2.8843000E+04  2.866E-01 -4.318E-02  1.832E-01
 -2.8841000E+04  3.199E-01 -4.617E-02  1.754E-01
 -2.8839000E+04  2.952E-01 -4.370E-02  1.883E-01
 -2.8837000E+04  2.863E-01 -4.342E-02  1.903E-01
 -2.8835000E+04  2.610E-01 -4.281E-02  1.986E-01
 -2.8833000E+04  2.824E-01 -4.480E-02  2.028E-01
 -2.8831000E+04  2.873E-01 -4.495E-02  2.085E-01
 -2.8829000E+04  2.530E-01 -3.966E-02  1.874E-01
 -2.8827000E+04  2.617E-01 -4.002E-02  1.740E-01
 -2.8825000E+04  3.415E-01 -4.518E-02  1.482E-01
 -2.8823000E+04  2.493E-01 -3.411E-02  1.174E-01
 -2.8821000E+04  2.558E-01 -4.131E-02  1.905E-01
 -2.8819000E+04  2.855E-01 -4.702E-02  2.251E-01
 -2.8817000E+04  2.862E-01 -4.591E-02  2.148E-01
 -2.8815000E+04  2.863E-01 -4.026E-02  1.497E-01
 -2.8813000E+04  2.357E-01 -3.596E-02  1.527E-01
 -2.8811000E+04  2.626E-01 -3.463E-02  1.196E-01
 -2.8809000E+04  2.423E-01 -3.294E-02  1.139E-01
 -2.8807000E+04  2.699E-01 -4.616E-02  2.385E-01
 -2.8805000E+04  2.652E-01 -3.561E-02  1.228E-01
 -2.8803000E+04  2.088E-01 -3.486E-02  1.715E-01
 -2.8801000E+04  2.642E-01 -4.127E-02  1.635E-01
 -2.8799000E+04  2.216E-01 -3.098E-02  1.226E-01
 -2.8797000E+04  1.907E-01 -3.087E-02  1.551E-01
 -2.8795000E+04  2.556E-01 -3.794E-02  1.581E-01
 -2.8793000E+04  2.681E-01 -3.950E-02  1.720E-01
 -2.8791000E+04  2.705E-01 -4.159E-02  1.796E-01
 -2.8789000E+04  2.295E-01 -3.208E-02  1.174E-01
 -2.8787000E+04  2.473E-01 -3.559E-02  1.435E-01
 -2.8785000E+04  2.090E-01 -3.129E-02  1.367E-01
 -2.8783000E+04  2.604E-01 -3.783E-02  1.445E-01
 -2.8781000E+04  2.352E-01 -3.675E-02  1.603E-01
 -2.8779000E+04  2.013E-01 -3.153E-02  1.528E-01
 -2.8777000E+04  2.428E-01 -3.370E-02  1.240E-01
 -2.8775000E+04  2.194E-01 -3.386E-02  1.555E-01
 -2.8773000E+04  1.723E-01 -2.813E-02  1.442E-01
 -2.8771000E+04  2.226E-01 -2.842E-02  9.098E-02
 -2.8769000E+04  2.250E-01 -3.259E-02  1.334E-01
 -2.8767000E+04  2.605E-01 -3.934E-02  1.651E-01
 -2.8765000E+04  1.445E-01 -2.609E-02  1.325E-01
 -2.8763000E+04  2.114E-01 -3.197E-02  1.372E-01
 -2.8761000E+04  2.630E-01 -3.782E-02  1.376E-01
 -2.8759000E+04  1.865E-01 -2.909E-02  1.329E-01
 -2.8757000E+04  1.721E-01 -2.520E-02  1.151E-01
 -2.8755000E+04  2.196E-01 -3.419E-02  1.478E-01
 -2.8753000E+04  2.113E-01 -3.248E-02  1.433E-01
 -2.8751000E+04  2.165E-01 -2.788E-02  8.594E-02
 -2.8749000E+04  1.632E-01 -2.885E-02  1.475E-01
 -2.8747000E+04  2.012E-01 -3.273E-02  1.569E-01
 -2.8745000E+04  2.018E-01 -2.767E-02  1.012E-01
 -2.8743000E+04  1.649E-01 -2.431E-02  9.967E-02
 -2.8741000E+04  1.665E-01 -2.458E-02  1.124E-01
 -2.8739000E+04  2.074E-01 -3.081E-02  1.275E-01
 -2.8737000E+04  1.835E-01 -2.659E-02  1.082E-01
 -2.8735000E+04  2.318E-01 -3.263E-02  1.246E-01
 -2.8733000E+04  2.021E-01 -2.633E-02  8.731E-02
 -2.8731000E+04  1.759E-01 -2.579E-02  1.100E-01
 -2.8729000E+04  1.986E-01 -3.030E-02  1.286E-01
 -2.8727000E+04  1.724E-01 -2.579E-02  1.108E-01
 -2.8725000E+04  1.369E-01 -2.292E-02  1.212E-01
 -2.8723000E+04  1.905E-01 -2.797E-02  1.203E-01
 -2.8721000E+04  1.714E-01 -2.611E-02  1.179E-01
 -2.8719000E+04  2.015E-01 -2.973E-02  1.106E-01
 -2.8717000E+04  1.705E-01 -2.435E-02  9.789E-02
 -2.8715000E+04  1.665E-01 -2.478E-02  1.055E-01
 -2.8713000E+04  1.762E-01 -2.887E-02  1.380E-01
 -2.8711000E+04  1.547E-01 -2.259E-02  9.767E-02
 -2.8709000E+04  1.906E-01 -2.895E-02  1.232E-01
 -2.8707000E+04  1.706E-01 -2.700E-02  1.309E-01
 -2.8705000E+04  1.761E-01 -2.534E-02  1.053E-01
 -2.8703000E+04  1.647E-01 -2.663E-02  1.271E-01
 -2.8701000E+04  1.643E-01 -2.660E-02  1.135E-01
 -2.8699000E+04  1.630E-01 -2.334E-02  1.045E-01
 -2.8697000E+04  1.616E-01 -2.504E-02  1.182E-01
 -2.8695000E+04  1.329E-01 -2.208E-02  1.062E-01
 -2.8693000E+04  1.650E-01 -2.580E-02  1.106E-01
 -2.8691000E+04  1.748E-01 -2.409E-02  8.111E-02
 -2.8689000E+04  1.583E-01 -2.501E-02  1.105E-01
 -2.8687000E+04  1.359E-01 -1.940E-02  7.887E-02
 -2.8685000E+04  1.349E-01 -2.230E-02  1.115E-01
 -2.8683000E+04  1.385E-01 -1.933E-02  8.174E-02
 -2.8681000E+04  1.463E-01 -2.078E-02  8.787E-02
 -2.8679000E+04  1.322E-01 -2.059E-02  9.793E-02
 -2.8677000E+04  1.539E-01 -2.714E-02  1.290E-01
 -2.8675000E+04  1.475E-01 -1.993E-02  8.135E-02
 -2.8673000E+04  1.809E-01 -2.312E-02  8.113E-02
 -2.8671000E+04  1.492E-01 -2.199E-02  8.211E-02
 -2.8669000E+04  1.161E-01 -1.595E-02  8.470E-02
 -2.8667000E+04  1.365E-01 -1.917E-02  7.813E-02
 -2.8665000E+04  1.327E-01 -1.921E-02  7.470E-02
 -2.8663000E+04  1.594E-01 -2.493E-02  1.137E-01
 -2.8661000E+04  1.322E-01 -1.986E-02  8.511E-02
 -2.8659000E+04  1.382E-01 -1.832E-02  6.626E-02
 -2.8657000E+04  1.416E-01 -2.293E-02  1.036E-01
 -2.8655000E+04  1.393E-01 -2.035E-02  8.239E-02
 -2.8653000E+04  1.523E-01 -2.277E-02  9.687E-02
 -2.8651000E+04  1.348E-01 -2.200E-02  1.017E-01
 -2.8649000E+04  1.190E-01 -2.003E-02  9.661E-02
 -2.8647000E+04  1.313E-01 -1.705E-02  7.832E-02
 -2.8645000E+04  1.462E-01 -2.022E-02  8.083E-02
 -2.8643000E+04  1.444E-01 -2.309E-02  1.050E-01
 -2.8641000E+04  1.369E-01 -2.028E-02  8.953E-02
 -2.8639000E+04  1.193E-01 -1.805E-02  7.833E-02
 -2.8637000E+04  1.216E-01 -1.616E-02  5.879E-02
 -2.8635000E+04  1.468E-01 -1.799E-02  6.417E-02
 -2.8633000E+04  1.370E-01 -2.146E-02  8.942E-02
 -2.8631000E+04  1.165E-01 -1.848E-02  8.990E-02
 -2.8629000E+04  1.374E-01 -2.104E-02  8.567E-02
 -2.8627000E+04  1.051E-01 -1.641E-02  8.066E-02
 -2.8625000E+04  1.322E-01 -1.640E-02  5.126E-02
 -2.8623000E+04  1.351E-01 -1.932E-02  7.604E-02
 -2.8621000E+04  1.383E-01 -2.111E-02  8.899E-02
 -2.8619000E+04  1.086E-01 -1.767E-02  8.161E-02
 -2.8617000E+04  9.858E-02 -1.476E-02  6.859E-02
 -2.8615000E+04  1.132E-01 -1.856E-02  8.869E-02
 -2.8613000E+04  1.230E-01 -1.976E-02  9.181E-02
 -2.8611000E+04  1.186E-01 -1.711E-02  6.941E-02
 -2.8609000E+04  1.138E-01 -1.604E-02  7.317E-02
 -2.8607000E+04  1.321E-01 -1.744E-02  6.131E-02
 -2.8605000E+04  1.231E-01 -2.140E-02  1.056E-01
 -2.8603000E+04  1.128E-01 -1.716E-02  7.438E-02
 -2.8601000E+04  1.287E-01 -1.712E-02  5.923E-02
 -2.8599000E+04  1.137E-01 -1.605E-02  5.530E-02
 -2.8597000E+04  1.087E-01 -1.510E-02  5.556E-02
 -2.8595000E+04  1.242E-01 -1.867E-02  8.169E-02
 -2.8593000E+04  9.569E-02 -1.632E-02  7.755E-02
 -2.8591000E+04  1.127E-01 -1.569E-02  5.749E-02
 -2.8589000E+04  8.880E-02 -1.355E-02  6.563E-02
 -2.8587000E+04  1.332E-01 -2.148E-02  9.708E-02
 -2.8585000E+04  1.094E-01 -1.756E-02  8.222E-02
 -2.8583000E+04  9.837E-02 -1.433E-02  6.140E-02
 -2.8581000E+04  1.135E-01 -1.438E-02  5.130E-02
 -2.8579000E+04  9.512E-02 -1.377E-02  6.166E-02
 -2.8577000E+04  9.600E-02 -1.719E-02  8.895E-02
 -2.8575000E+04  1.202E-01 -1.704E-02  6.114E-02
 -2.8573000E+04  1.034E-01 -1.685E-02  7.998E-02
 -2.8571000E+04  9.629E-02 -1.408E-02  5.627E-02
 -2.8569000E+04  1.145E-01 -1.407E-02  4.831E-02
 -2.8567000E+04  1.204E-01 -1.518E-02  4.562E-02
 -2.8565000E+04  1.012E-01 -1.559E-02  6.918E-02
