  1.1651000E+04 -1.113E-02  1.400E-03 -5.209E-03
  1.1653000E+04 -1.619E-03  2.904E-04 -2.389E-03
  1.1655000E+04 -7.263E-03  1.307E-03 -8.698E-03
  1.1657000E+04 -5.293E-02  8.461E-03 -4.205E-02
  1.1659000E+04 -3.757E+00  5.697E-01 -2.706E+00
  1.1661000E+04 -4.947E+01  7.316E+00 -3.330E+01
  1.1663000E+04 -4.177E+00  5.220E-01 -1.589E+00
  1.1665000E+04 -5.993E-02 -3.438E-03  1.262E-01
  1.1667000E+04  1.088E-01 -2.596E-02  1.961E-01
  1.1669000E+04  2.226E-01 -2.237E-02  2.850E-02
  1.1671000E+04  1.928E-01 -3.461E-02  2.129E-01
  1.1673000E+04  3.343E-01 -4.776E-02  1.996E-01
  1.1675000E+04  3.755E-01 -5.423E-02  2.352E-01
  1.1677000E+04  3.727E-01 -5.720E-02  2.750E-01
  1.1679000E+04  3.260E-01 -4.752E-02  2.049E-01
  1.1681000E+04  3.581E-01 -5.159E-02  2.226E-01
  1.1683000E+04  3.184E-01 -5.192E-02  2.699E-01
  1.1685000E+04  4.409E-01 -5.932E-02  2.186E-01
  1.1687000E+04  3.929E-01 -5.488E-02  2.183E-01
  1.1689000E+04  4.064E-01 -5.503E-02  2.159E-01
  1.1691000E+04  3.851E-01 -6.278E-02  3.223E-01
  1.1693000E+04  3.861E-01 -5.171E-02  1.840E-01
  1.1695000E+04  3.527E-01 -5.083E-02  2.218E-01
  1.1697000E+04  3.290E-01 -4.970E-02  2.215E-01
  1.1699000E+04  2.954E-01 -4.329E-02  1.949E-01
  1.1701000E+04  3.611E-01 -6.155E-02  3.371E-01
  1.1703000E+04  3.211E-01 -5.247E-02  2.647E-01
  1.1705000E+04  3.082E-01 -4.214E-02  1.526E-01
  1.1707000E+04  3.828E-01 -5.811E-02  2.672E-01
  1.1709000E+04  3.926E-01 -5.465E-02  2.298E-01
  1.1711000E+04  3.638E-01 -5.374E-02  2.425E-01
  1.1713000E+04  2.882E-01 -4.610E-02  2.366E-01
  1.1715000E+04  3.417E-01 -4.990E-02  2.227E-01
  1.1717000E+04  3.203E-01 -4.559E-02  1.829E-01
  1.1719000E+04  2.998E-01 -5.033E-02  2.741E-01
  1.1721000E+04  3.301E-01 -4.828E-02  2.076E-01
  1.1723000E+04  3.658E-01 -5.376E-02  2.468E-01
  1.1725000E+04  3.331E-01 -4.634E-02  1.858E-01
  1.1727000E+04  2.692E-01 -3.982E-02  1.813E-01
  1.1729000E+04  3.661E-01 -5.436E-02  2.486E-01
  1.1731000E+04  3.117E-01 -4.354E-02  1.749E-01
  1.1733000E+04  3.198E-01 -4.855E-02  2.263E-01
  1.1735000E+04  3.447E-01 -4.871E-02  2.043E-01
  1.1737000E+04  2.861E-01 -4.335E-02  2.037E-01
  1.1739000E+04  2.668E-01 -4.075E-02  1.929E-01
  1.1741000E+04  2.542E-01 -3.753E-02  1.681E-01
  1.1743000E+04  2.992E-01 -4.647E-02  2.263E-01
  1.1745000E+04  2.886E-01 -4.546E-02  2.253E-01
  1.1747000E+04  3.009E-01 -3.888E-02  1.280E-01
  1.1749000E+04  2.617E-01 -4.193E-02  2.084E-01
  1.1751000E+04  3.091E-01 -4.328E-02  1.763E-01
  1.1753000E+04  2.360E-01 -3.756E-02  1.891E-01
  1.1755000E+04  2.613E-01 -3.566E-02  1.388E-01
  1.1757000E+04  3.110E-01 -4.685E-02  2.147E-01
  1.1759000E+04  2.597E-01 -3.888E-02  1.800E-01
  1.1761000E+04  2.783E-01 -3.768E-02  1.432E-01
  1.1763000E+04  2.394E-01 -3.793E-02  1.906E-01
  1.1765000E+04  2.469E-01 -3.694E-02  1.682E-01
  1.1767000E+04  2.644E-01 -3.774E-02  1.571E-01
  1.1769000E+04  2.166E-01 -3.262E-02  1.516E-01
  1.1771000E+04  2.736E-01 -4.161E-02  1.977E-01
  1.1773000E+04  2.554E-01 -4.104E-02  2.103E-01
  1.1775000E+04  2.475E-01 -3.851E-02  1.828E-01
  1.1777000E+04  2.757E-01 -3.891E-02  1.605E-01
  1.1779000E+04  2.797E-01 -4.005E-02  1.722E-01
  1.1781000E+04  3.151E-01 -4.306E-02  1.665E-01
  1.1783000E+04  1.696E-01 -2.904E-02  1.629E-01
  1.1785000E+04  2.114E-01 -3.108E-02  1.380E-01
  1.1787000E+04  2.068E-01 -3.035E-02  1.330E-01
  1.1789000E+04  2.053E-01 -2.843E-02  1.160E-01
  1.1791000E+04  2.190E-01 -3.435E-02  1.723E-01
  1.1793000E+04  2.802E-01 -3.874E-02  1.552E-01
  1.1795000E+04  2.568E-01 -3.514E-02  1.297E-01
  1.1797000E+04  2.456E-01 -3.602E-02  1.620E-01
  1.1799000E+04  1.990E-01 -2.768E-02  1.149E-01
  1.1801000E+04  2.249E-01 -3.359E-02  1.537E-01
  1.1803000E+04  2.382E-01 -3.417E-02  1.421E-01
  1.1805000E+04  2.201E-01 -3.342E-02  1.503E-01
  1.1807000E+04  2.130E-01 -2.907E-02  1.148E-01
  1.1809000E+04  2.048E-01 -2.946E-02  1.285E-01
  1.1811000E+04  2.211E-01 -3.239E-02  1.483E-01
  1.1813000E+04  2.234E-01 -3.204E-02  1.374E-01
  1.1815000E+04  2.337E-01 -3.302E-02  1.356E-01
  1.1817000E+04  2.140E-01 -3.284E-02  1.604E-01
  1.1819000E+04  1.853E-01 -2.637E-02  1.132E-01
  1.1821000E+04  1.998E-01 -3.060E-02  1.469E-01
  1.1823000E+04  2.314E-01 -2.905E-02  9.281E-02
  1.1825000E+04  2.193E-01 -3.125E-02  1.302E-01
  1.1827000E+04  2.275E-01 -3.304E-02  1.419E-01
  1.1829000E+04  1.888E-01 -3.118E-02  1.632E-01
  1.1831000E+04  1.462E-01 -2.416E-02  1.293E-01
  1.1833000E+04  1.587E-01 -2.740E-02  1.535E-01
  1.1835000E+04  2.210E-01 -3.053E-02  1.237E-01
  1.1837000E+04  1.977E-01 -2.776E-02  1.154E-01
  1.1839000E+04  2.009E-01 -2.837E-02  1.164E-01
  1.1841000E+04  2.070E-01 -2.877E-02  1.098E-01
  1.1843000E+04  1.738E-01 -2.825E-02  1.434E-01
  1.1845000E+04  1.736E-01 -2.724E-02  1.409E-01
  1.1847000E+04  1.701E-01 -2.559E-02  1.257E-01
  1.1849000E+04  2.043E-01 -2.780E-02  1.055E-01
  1.1851000E+04  1.875E-01 -2.404E-02  8.215E-02
  1.1853000E+04  1.765E-01 -2.602E-02  1.156E-01
  1.1855000E+04  1.680E-01 -2.642E-02  1.286E-01
  1.1857000E+04  1.855E-01 -2.495E-02  9.788E-02
  1.1859000E+04  1.950E-01 -2.690E-02  1.069E-01
  1.1861000E+04  1.777E-01 -2.780E-02  1.384E-01
  1.1863000E+04  1.586E-01 -2.480E-02  1.209E-01
  1.1865000E+04  1.445E-01 -2.349E-02  1.164E-01
  1.1867000E+04  1.767E-01 -2.443E-02  1.010E-01
  1.1869000E+04  1.563E-01 -2.115E-02  8.510E-02
  1.1871000E+04  1.823E-01 -2.563E-02  1.005E-01
  1.1873000E+04  1.959E-01 -2.726E-02  1.079E-01
  1.1875000E+04  1.471E-01 -2.057E-02  8.937E-02
  1.1877000E+04  1.654E-01 -2.335E-02  9.733E-02
  1.1879000E+04  1.560E-01 -2.159E-02  8.809E-02
  1.1881000E+04  1.591E-01 -2.114E-02  7.633E-02
  1.1883000E+04  1.540E-01 -2.489E-02  1.233E-01
  1.1885000E+04  1.711E-01 -2.832E-02  1.482E-01
  1.1887000E+04  1.527E-01 -2.137E-02  9.410E-02
  1.1889000E+04  1.472E-01 -1.985E-02  8.059E-02
  1.1891000E+04  1.668E-01 -2.464E-02  1.152E-01
  1.1893000E+04  1.679E-01 -2.615E-02  1.288E-01
  1.1895000E+04  1.743E-01 -2.655E-02  1.205E-01
  1.1897000E+04  1.333E-01 -1.938E-02  8.433E-02
  1.1899000E+04  1.583E-01 -2.347E-02  1.038E-01
  1.1901000E+04  1.390E-01 -2.222E-02  1.132E-01
  1.1903000E+04  1.295E-01 -1.962E-02  9.243E-02
  1.1905000E+04  1.736E-01 -2.430E-02  1.063E-01
  1.1907000E+04  1.074E-01 -1.950E-02  1.117E-01
  1.1909000E+04  1.281E-01 -2.110E-02  1.117E-01
  1.1911000E+04  1.508E-01 -2.007E-02  7.698E-02
  1.1913000E+04  1.502E-01 -2.067E-02  8.130E-02
  1.1915000E+04  1.566E-01 -2.050E-02  6.892E-02
  1.1917000E+04  1.291E-01 -2.120E-02  1.120E-01
  1.1919000E+04  1.249E-01 -1.754E-02  6.671E-02
  1.1921000E+04  1.298E-01 -1.885E-02  8.498E-02
  1.1923000E+04  1.274E-01 -1.762E-02  7.251E-02
  1.1925000E+04  1.541E-01 -2.480E-02  1.271E-01
  1.1927000E+04  1.277E-01 -1.836E-02  8.408E-02
  1.1929000E+04  1.429E-01 -1.831E-02  6.156E-02
  1.1931000E+04  1.355E-01 -2.133E-02  1.104E-01
  1.1933000E+04  1.435E-01 -2.135E-02  9.597E-02
  1.1935000E+04  1.165E-01 -1.558E-02  6.014E-02
  1.1937000E+04  1.255E-01 -1.897E-02  8.934E-02
  1.1939000E+04  1.229E-01 -1.924E-02  9.176E-02
  1.1941000E+04  1.267E-01 -1.813E-02  7.899E-02
  1.1943000E+04  1.397E-01 -1.942E-02  7.834E-02
  1.1945000E+04  1.461E-01 -2.091E-02  8.746E-02
  1.1947000E+04  1.261E-01 -1.805E-02  7.974E-02
  1.1949000E+04  1.044E-01 -1.644E-02  8.685E-02
  1.1951000E+04  1.194E-01 -1.853E-02  8.561E-02
  1.1953000E+04  1.379E-01 -1.978E-02  8.585E-02
  1.1955000E+04  9.790E-02 -1.549E-02  7.618E-02
  1.1957000E+04  1.151E-01 -1.489E-02  5.437E-02
  1.1959000E+04  1.235E-01 -1.827E-02  8.040E-02
  1.1961000E+04  1.272E-01 -1.896E-02  8.588E-02
  1.1963000E+04  1.293E-01 -1.759E-02  7.286E-02
  1.1965000E+04  1.047E-01 -1.638E-02  7.498E-02
  1.1967000E+04  1.082E-01 -1.790E-02  9.836E-02
  1.1969000E+04  1.434E-01 -1.906E-02  6.998E-02
  1.1971000E+04  1.476E-01 -1.841E-02  5.875E-02
  1.1973000E+04  1.050E-01 -1.594E-02  7.760E-02
  1.1975000E+04  1.054E-01 -1.471E-02  6.068E-02
  1.1977000E+04  1.144E-01 -1.587E-02  6.325E-02
  1.1979000E+04  1.131E-01 -1.735E-02  8.117E-02
  1.1981000E+04  1.278E-01 -1.628E-02  5.386E-02
  1.1983000E+04  1.158E-01 -1.448E-02  5.315E-02
  1.1985000E+04  1.122E-01 -1.631E-02  7.070E-02
  1.1987000E+04  1.189E-01 -1.662E-02  6.770E-02
  1.1989000E+04  1.049E-01 -1.651E-02  8.336E-02
  1.1991000E+04  9.588E-02 -1.558E-02  7.826E-02
  1.1993000E+04  1.100E-01 -1.668E-02  7.881E-02
  1.1995000E+04  1.092E-01 -1.606E-02  7.475E-02
  1.1997000E+04  9.155E-02 -1.378E-02  6.646E-02
  1.1999000E+04  9.116E-02 -1.364E-02  5.971E-02
  1.2001000E+04  1.051E-01 -1.682E-02  8.728E-02
  1.2003000E+04  1.031E-01 -1.405E-02  5.708E-02
  1.2005000E+04  1.165E-01 -1.747E-02  8.403E-02
  1.2007000E+04  1.042E-01 -1.639E-02  8.413E-02
  1.2009000E+04  9.936E-02 -1.308E-02  5.063E-02
  1.2011000E+04  9.312E-02 -1.336E-02  5.849E-02
  1.2013000E+04  9.545E-02 -1.432E-02  6.051E-02
  1.2015000E+04  9.777E-02 -1.486E-02  7.497E-02
  1.2017000E+04  1.079E-01 -1.376E-02  5.142E-02
  1.2019000E+04  1.042E-01 -1.436E-02  5.647E-02
  1.2021000E+04  1.038E-01 -1.535E-02  7.112E-02
  1.2023000E+04  9.233E-02 -1.431E-02  7.005E-02
  1.2025000E+04  8.841E-02 -1.306E-02  5.995E-02
  1.2027000E+04  1.126E-01 -1.649E-02  7.323E-02
  1.2029000E+04  8.583E-02 -1.301E-02  5.860E-02
