  4.5461000E+04  1.849E-04  2.557E-05 -5.492E-04
  4.5463000E+04 -1.016E-03  1.446E-04 -6.675E-04
  4.5465000E+04 -1.347E-03  2.220E-04 -8.013E-04
  4.5467000E+04 -1.474E-03  5.423E-05  8.084E-04
  4.5469000E+04 -2.122E-03  3.108E-04 -2.021E-03
  4.5471000E+04 -8.124E-02  1.208E-02 -6.238E-02
  4.5473000E+04 -1.126E+01  1.553E+00 -7.203E+00
  4.5475000E+04 -4.276E+01  5.970E+00 -2.833E+01
  4.5477000E+04 -2.274E-01  2.361E-02 -5.532E-02
  4.5479000E+04  1.954E-01 -2.243E-02  5.638E-02
  4.5481000E+04  2.238E-01 -3.487E-02  1.870E-01
  4.5483000E+04  5.639E-02 -1.778E-02  1.554E-01
  4.5485000E+04  2.472E-01 -3.480E-02  1.621E-01
  4.5487000E+04  3.580E-01 -4.925E-02  2.227E-01
  4.5489000E+04  3.202E-01 -4.536E-02  2.141E-01
  4.5491000E+04  3.414E-01 -5.212E-02  2.764E-01
  4.5493000E+04  4.219E-01 -6.400E-02  3.360E-01
  4.5495000E+04  3.077E-01 -3.734E-02  1.247E-01
  4.5497000E+04  3.804E-01 -4.820E-02  1.832E-01
  4.5499000E+04  3.418E-01 -4.902E-02  2.390E-01
  4.5501000E+04  3.214E-01 -5.061E-02  2.830E-01
  4.5503000E+04  3.498E-01 -4.679E-02  2.011E-01
  4.5505000E+04  3.220E-01 -4.540E-02  2.134E-01
  4.5507000E+04  4.641E-01 -6.333E-02  2.804E-01
  4.5509000E+04  3.743E-01 -5.240E-02  2.434E-01
  4.5511000E+04  2.852E-01 -3.774E-02  1.576E-01
  4.5513000E+04  3.159E-01 -4.344E-02  1.975E-01
  4.5515000E+04  2.811E-01 -4.994E-02  3.211E-01
  4.5517000E+04  3.199E-01 -4.233E-02  1.742E-01
  4.5519000E+04  3.066E-01 -4.132E-02  1.822E-01
  4.5521000E+04  3.409E-01 -4.818E-02  2.316E-01
  4.5523000E+04  3.123E-01 -4.416E-02  2.096E-01
  4.5525000E+04  2.945E-01 -4.257E-02  2.131E-01
  4.5527000E+04  3.069E-01 -4.740E-02  2.606E-01
  4.5529000E+04  3.501E-01 -5.013E-02  2.439E-01
  4.5531000E+04  3.576E-01 -4.499E-02  1.691E-01
  4.5533000E+04  3.253E-01 -4.901E-02  2.591E-01
  4.5535000E+04  2.846E-01 -3.929E-02  1.788E-01
  4.5537000E+04  2.872E-01 -4.302E-02  2.241E-01
  4.5539000E+04  2.823E-01 -3.830E-02  1.683E-01
  4.5541000E+04  3.051E-01 -4.461E-02  2.278E-01
  4.5543000E+04  2.663E-01 -3.916E-02  1.979E-01
  4.5545000E+04  3.039E-01 -3.931E-02  1.606E-01
  4.5547000E+04  2.977E-01 -4.051E-02  1.829E-01
  4.5549000E+04  3.194E-01 -4.662E-02  2.316E-01
  4.5551000E+04  2.382E-01 -3.517E-02  1.843E-01
  4.5553000E+04  3.214E-01 -4.135E-02  1.658E-01
  4.5555000E+04  3.173E-01 -4.477E-02  2.181E-01
  4.5557000E+04  2.787E-01 -3.750E-02  1.631E-01
  4.5559000E+04  1.908E-01 -3.225E-02  1.951E-01
  4.5561000E+04  2.766E-01 -3.550E-02  1.397E-01
  4.5563000E+04  2.115E-01 -3.247E-02  1.823E-01
  4.5565000E+04  2.705E-01 -3.915E-02  1.979E-01
  4.5567000E+04  2.603E-01 -3.561E-02  1.635E-01
  4.5569000E+04  2.614E-01 -3.433E-02  1.397E-01
  4.5571000E+04  2.643E-01 -3.418E-02  1.351E-01
  4.5573000E+04  2.390E-01 -3.463E-02  1.809E-01
  4.5575000E+04  2.276E-01 -3.254E-02  1.572E-01
  4.5577000E+04  2.902E-01 -4.405E-02  2.333E-01
  4.5579000E+04  2.528E-01 -3.446E-02  1.545E-01
  4.5581000E+04  2.345E-01 -3.410E-02  1.696E-01
  4.5583000E+04  2.844E-01 -3.732E-02  1.500E-01
  4.5585000E+04  2.066E-01 -3.122E-02  1.655E-01
  4.5587000E+04  2.434E-01 -3.204E-02  1.327E-01
  4.5589000E+04  2.286E-01 -3.406E-02  1.806E-01
  4.5591000E+04  2.275E-01 -3.061E-02  1.339E-01
  4.5593000E+04  1.864E-01 -2.846E-02  1.533E-01
  4.5595000E+04  2.075E-01 -2.871E-02  1.338E-01
  4.5597000E+04  2.444E-01 -3.411E-02  1.580E-01
  4.5599000E+04  2.886E-01 -3.759E-02  1.553E-01
  4.5601000E+04  2.453E-01 -3.300E-02  1.419E-01
  4.5603000E+04  1.589E-01 -2.450E-02  1.351E-01
  4.5605000E+04  2.247E-01 -3.044E-02  1.376E-01
  4.5607000E+04  2.237E-01 -2.915E-02  1.201E-01
  4.5609000E+04  1.919E-01 -2.857E-02  1.513E-01
  4.5611000E+04  2.186E-01 -2.821E-02  1.160E-01
  4.5613000E+04  2.042E-01 -2.971E-02  1.508E-01
  4.5615000E+04  1.983E-01 -2.790E-02  1.324E-01
  4.5617000E+04  1.976E-01 -2.754E-02  1.271E-01
  4.5619000E+04  1.839E-01 -2.437E-02  1.071E-01
  4.5621000E+04  2.247E-01 -3.333E-02  1.756E-01
  4.5623000E+04  1.988E-01 -3.024E-02  1.646E-01
  4.5625000E+04  1.853E-01 -2.755E-02  1.452E-01
  4.5627000E+04  2.498E-01 -2.967E-02  9.796E-02
  4.5629000E+04  2.038E-01 -2.599E-02  1.009E-01
  4.5631000E+04  1.952E-01 -2.585E-02  1.105E-01
  4.5633000E+04  2.504E-01 -3.222E-02  1.290E-01
  4.5635000E+04  1.537E-01 -2.387E-02  1.413E-01
  4.5637000E+04  1.752E-01 -2.634E-02  1.375E-01
  4.5639000E+04  1.942E-01 -2.839E-02  1.429E-01
  4.5641000E+04  2.032E-01 -2.487E-02  8.273E-02
  4.5643000E+04  1.799E-01 -2.597E-02  1.281E-01
  4.5645000E+04  1.877E-01 -2.771E-02  1.477E-01
  4.5647000E+04  2.160E-01 -2.949E-02  1.303E-01
  4.5649000E+04  1.961E-01 -2.545E-02  1.072E-01
  4.5651000E+04  1.760E-01 -2.330E-02  9.984E-02
  4.5653000E+04  1.751E-01 -2.479E-02  1.132E-01
  4.5655000E+04  1.797E-01 -2.519E-02  1.251E-01
  4.5657000E+04  1.743E-01 -2.572E-02  1.271E-01
  4.5659000E+04  1.623E-01 -2.366E-02  1.192E-01
  4.5661000E+04  1.770E-01 -2.283E-02  1.003E-01
  4.5663000E+04  1.800E-01 -2.471E-02  1.026E-01
  4.5665000E+04  1.860E-01 -2.423E-02  1.002E-01
  4.5667000E+04  1.686E-01 -2.192E-02  9.835E-02
  4.5669000E+04  1.543E-01 -2.428E-02  1.362E-01
  4.5671000E+04  1.781E-01 -2.185E-02  8.383E-02
  4.5673000E+04  1.290E-01 -1.972E-02  1.129E-01
  4.5675000E+04  1.376E-01 -1.921E-02  9.744E-02
  4.5677000E+04  1.802E-01 -2.611E-02  1.150E-01
  4.5679000E+04  1.416E-01 -1.915E-02  8.427E-02
  4.5681000E+04  1.598E-01 -2.114E-02  1.033E-01
  4.5683000E+04  1.716E-01 -2.378E-02  1.099E-01
  4.5685000E+04  1.737E-01 -2.474E-02  1.058E-01
  4.5687000E+04  1.623E-01 -1.949E-02  8.216E-02
  4.5689000E+04  1.323E-01 -1.878E-02  1.003E-01
  4.5691000E+04  1.323E-01 -2.086E-02  1.071E-01
  4.5693000E+04  1.522E-01 -2.359E-02  1.284E-01
  4.5695000E+04  1.645E-01 -2.032E-02  8.005E-02
  4.5697000E+04  1.567E-01 -2.280E-02  1.136E-01
  4.5699000E+04  1.574E-01 -2.053E-02  8.380E-02
  4.5701000E+04  1.234E-01 -1.822E-02  1.082E-01
  4.5703000E+04  1.522E-01 -2.028E-02  9.843E-02
  4.5705000E+04  1.347E-01 -1.834E-02  9.228E-02
  4.5707000E+04  1.292E-01 -1.874E-02  7.781E-02
  4.5709000E+04  1.271E-01 -1.834E-02  9.216E-02
  4.5711000E+04  1.827E-01 -2.360E-02  9.847E-02
  4.5713000E+04  1.486E-01 -2.064E-02  9.913E-02
  4.5715000E+04  1.249E-01 -1.940E-02  1.115E-01
  4.5717000E+04  1.339E-01 -2.025E-02  1.104E-01
  4.5719000E+04  1.347E-01 -1.799E-02  8.062E-02
  4.5721000E+04  1.392E-01 -1.942E-02  9.182E-02
  4.5723000E+04  1.483E-01 -2.014E-02  8.680E-02
  4.5725000E+04  1.112E-01 -1.469E-02  6.112E-02
  4.5727000E+04  1.272E-01 -1.876E-02  9.976E-02
  4.5729000E+04  1.263E-01 -1.695E-02  8.311E-02
  4.5731000E+04  1.363E-01 -2.029E-02  1.046E-01
  4.5733000E+04  1.223E-01 -1.829E-02  9.306E-02
  4.5735000E+04  1.343E-01 -1.820E-02  7.997E-02
  4.5737000E+04  1.439E-01 -1.948E-02  8.930E-02
  4.5739000E+04  1.330E-01 -1.885E-02  9.492E-02
  4.5741000E+04  1.325E-01 -1.827E-02  8.223E-02
  4.5743000E+04  1.283E-01 -1.910E-02  9.848E-02
  4.5745000E+04  1.235E-01 -1.685E-02  7.228E-02
  4.5747000E+04  1.289E-01 -1.716E-02  7.200E-02
  4.5749000E+04  1.075E-01 -1.443E-02  6.075E-02
  4.5751000E+04  1.172E-01 -1.628E-02  7.574E-02
  4.5753000E+04  1.304E-01 -1.643E-02  6.677E-02
  4.5755000E+04  1.303E-01 -1.708E-02  7.695E-02
  4.5757000E+04  1.236E-01 -1.851E-02  9.646E-02
  4.5759000E+04  8.539E-02 -1.413E-02  8.662E-02
  4.5761000E+04  1.056E-01 -1.400E-02  6.295E-02
  4.5763000E+04  1.218E-01 -1.610E-02  7.324E-02
  4.5765000E+04  1.407E-01 -1.849E-02  7.123E-02
  4.5767000E+04  1.194E-01 -1.546E-02  6.187E-02
  4.5769000E+04  1.075E-01 -1.431E-02  6.182E-02
  4.5771000E+04  1.213E-01 -1.731E-02  8.363E-02
  4.5773000E+04  1.091E-01 -1.621E-02  8.774E-02
  4.5775000E+04  1.117E-01 -1.492E-02  6.705E-02
  4.5777000E+04  1.244E-01 -1.774E-02  8.674E-02
  4.5779000E+04  1.111E-01 -1.337E-02  4.963E-02
  4.5781000E+04  8.887E-02 -1.363E-02  7.661E-02
  4.5783000E+04  1.096E-01 -1.564E-02  6.953E-02
  4.5785000E+04  1.146E-01 -1.471E-02  6.069E-02
  4.5787000E+04  1.089E-01 -1.427E-02  6.041E-02
  4.5789000E+04  1.029E-01 -1.507E-02  7.750E-02
  4.5791000E+04  1.124E-01 -1.642E-02  8.250E-02
  4.5793000E+04  1.161E-01 -1.632E-02  8.148E-02
  4.5795000E+04  1.061E-01 -1.398E-02  5.308E-02
  4.5797000E+04  7.656E-02 -1.071E-02  6.135E-02
  4.5799000E+04  1.103E-01 -1.467E-02  6.782E-02
  4.5801000E+04  9.980E-02 -1.371E-02  6.469E-02
  4.5803000E+04  1.083E-01 -1.607E-02  8.091E-02
  4.5805000E+04  1.026E-01 -1.488E-02  7.289E-02
  4.5807000E+04  1.020E-01 -1.244E-02  4.768E-02
  4.5809000E+04  1.167E-01 -1.436E-02  5.330E-02
  4.5811000E+04  8.971E-02 -1.332E-02  6.720E-02
  4.5813000E+04  1.024E-01 -1.401E-02  6.398E-02
  4.5815000E+04  1.013E-01 -1.210E-02  4.030E-02
  4.5817000E+04  8.646E-02 -1.230E-02  6.549E-02
  4.5819000E+04  9.539E-02 -1.451E-02  7.701E-02
  4.5821000E+04  1.010E-01 -1.530E-02  8.056E-02
  4.5823000E+04  1.031E-01 -1.412E-02  6.748E-02
  4.5825000E+04  9.812E-02 -1.327E-02  5.504E-02
  4.5827000E+04  9.045E-02 -1.196E-02  5.789E-02
  4.5829000E+04  1.099E-01 -1.434E-02  5.832E-02
  4.5831000E+04  1.051E-01 -1.298E-02  4.921E-02
  4.5833000E+04  8.094E-02 -1.207E-02  6.983E-02
  4.5835000E+04  8.857E-02 -1.233E-02  5.364E-02
  4.5837000E+04  9.224E-02 -1.351E-02  7.141E-02
  4.5839000E+04  8.200E-02 -1.203E-02  5.827E-02
