  5.2681000E+04 -4.970E-03  6.206E-04 -2.507E-03
  5.2683000E+04 -1.079E-02  1.005E-03 -4.929E-04
  5.2685000E+04 -5.587E-03  1.063E-03 -8.730E-03
  5.2687000E+04 -5.293E-03  8.357E-04 -5.073E-03
  5.2689000E+04 -5.180E-02  7.343E-03 -4.151E-02
  5.2691000E+04 -1.079E+00  1.400E-01 -6.683E-01
  5.2693000E+04 -3.739E+01  4.835E+00 -2.302E+01
  5.2695000E+04 -1.542E+01  2.137E+00 -1.143E+01
  5.2697000E+04  1.871E-01 -2.495E-02  8.704E-02
  5.2699000E+04  1.007E-01 -1.430E-02  5.170E-02
  5.2701000E+04  1.114E-01 -2.101E-02  1.379E-01
  5.2703000E+04  3.141E-01 -4.302E-02  2.140E-01
  5.2705000E+04  3.490E-01 -5.022E-02  2.628E-01
  5.2707000E+04  3.053E-01 -4.451E-02  2.331E-01
  5.2709000E+04  3.982E-01 -5.478E-02  2.820E-01
  5.2711000E+04  2.620E-01 -3.570E-02  1.809E-01
  5.2713000E+04  3.010E-01 -4.293E-02  2.312E-01
  5.2715000E+04  3.906E-01 -4.942E-02  2.155E-01
  5.2717000E+04  2.889E-01 -4.082E-02  2.156E-01
  5.2719000E+04  3.334E-01 -4.608E-02  2.367E-01
  5.2721000E+04  3.916E-01 -4.342E-02  1.408E-01
  5.2723000E+04  3.589E-01 -4.259E-02  1.666E-01
  5.2725000E+04  3.231E-01 -4.779E-02  2.765E-01
  5.2727000E+04  4.008E-01 -5.629E-02  2.971E-01
  5.2729000E+04  3.046E-01 -4.171E-02  2.139E-01
  5.2731000E+04  2.975E-01 -3.865E-02  1.837E-01
  5.2733000E+04  3.246E-01 -4.329E-02  2.152E-01
  5.2735000E+04  3.537E-01 -4.686E-02  2.311E-01
  5.2737000E+04  2.651E-01 -3.797E-02  2.055E-01
  5.2739000E+04  2.936E-01 -4.092E-02  2.169E-01
  5.2741000E+04  4.106E-01 -5.044E-02  2.154E-01
  5.2743000E+04  3.499E-01 -4.918E-02  2.591E-01
  5.2745000E+04  3.226E-01 -4.269E-02  2.048E-01
  5.2747000E+04  3.431E-01 -4.217E-02  1.763E-01
  5.2749000E+04  3.131E-01 -4.370E-02  2.309E-01
  5.2751000E+04  2.637E-01 -3.612E-02  1.885E-01
  5.2753000E+04  2.700E-01 -3.978E-02  2.161E-01
  5.2755000E+04  2.435E-01 -3.858E-02  2.429E-01
  5.2757000E+04  3.513E-01 -4.496E-02  1.944E-01
  5.2759000E+04  3.150E-01 -4.007E-02  1.935E-01
  5.2761000E+04  2.688E-01 -3.729E-02  1.976E-01
  5.2763000E+04  2.932E-01 -3.852E-02  1.894E-01
  5.2765000E+04  2.832E-01 -3.958E-02  2.035E-01
  5.2767000E+04  2.784E-01 -3.742E-02  1.895E-01
  5.2769000E+04  2.915E-01 -3.379E-02  1.209E-01
  5.2771000E+04  2.942E-01 -3.854E-02  1.911E-01
  5.2773000E+04  2.883E-01 -3.726E-02  1.872E-01
  5.2775000E+04  2.165E-01 -3.101E-02  1.790E-01
  5.2777000E+04  2.621E-01 -3.520E-02  1.763E-01
  5.2779000E+04  2.902E-01 -3.766E-02  1.737E-01
  5.2781000E+04  2.561E-01 -3.319E-02  1.590E-01
  5.2783000E+04  2.575E-01 -3.531E-02  1.833E-01
  5.2785000E+04  2.874E-01 -3.828E-02  1.951E-01
  5.2787000E+04  2.084E-01 -2.818E-02  1.462E-01
  5.2789000E+04  2.386E-01 -3.123E-02  1.448E-01
  5.2791000E+04  3.095E-01 -4.228E-02  2.233E-01
  5.2793000E+04  2.843E-01 -3.088E-02  1.021E-01
  5.2795000E+04  2.222E-01 -3.033E-02  1.593E-01
  5.2797000E+04  2.393E-01 -3.203E-02  1.574E-01
  5.2799000E+04  2.928E-01 -3.808E-02  1.815E-01
  5.2801000E+04  2.570E-01 -3.576E-02  1.882E-01
  5.2803000E+04  1.714E-01 -2.481E-02  1.408E-01
  5.2805000E+04  2.461E-01 -3.294E-02  1.672E-01
  5.2807000E+04  2.265E-01 -2.965E-02  1.443E-01
  5.2809000E+04  2.201E-01 -2.998E-02  1.517E-01
  5.2811000E+04  2.203E-01 -2.950E-02  1.444E-01
  5.2813000E+04  2.402E-01 -3.174E-02  1.540E-01
  5.2815000E+04  2.389E-01 -3.057E-02  1.450E-01
  5.2817000E+04  2.385E-01 -3.329E-02  1.769E-01
  5.2819000E+04  2.136E-01 -2.963E-02  1.617E-01
  5.2821000E+04  2.005E-01 -2.764E-02  1.457E-01
  5.2823000E+04  2.320E-01 -3.011E-02  1.442E-01
  5.2825000E+04  1.945E-01 -2.500E-02  1.219E-01
  5.2827000E+04  2.026E-01 -2.592E-02  1.174E-01
  5.2829000E+04  2.100E-01 -2.884E-02  1.494E-01
  5.2831000E+04  2.423E-01 -3.129E-02  1.479E-01
  5.2833000E+04  1.947E-01 -2.363E-02  1.037E-01
  5.2835000E+04  1.793E-01 -2.370E-02  1.194E-01
  5.2837000E+04  1.949E-01 -2.408E-02  1.052E-01
  5.2839000E+04  2.167E-01 -2.884E-02  1.391E-01
  5.2841000E+04  2.104E-01 -2.724E-02  1.383E-01
  5.2843000E+04  1.829E-01 -2.629E-02  1.477E-01
  5.2845000E+04  2.053E-01 -2.605E-02  1.160E-01
  5.2847000E+04  1.771E-01 -2.476E-02  1.343E-01
  5.2849000E+04  2.263E-01 -2.875E-02  1.330E-01
  5.2851000E+04  1.727E-01 -2.160E-02  9.455E-02
  5.2853000E+04  1.910E-01 -2.486E-02  1.219E-01
  5.2855000E+04  2.085E-01 -2.865E-02  1.590E-01
  5.2857000E+04  2.005E-01 -2.561E-02  1.169E-01
  5.2859000E+04  1.812E-01 -2.319E-02  1.186E-01
  5.2861000E+04  2.206E-01 -2.992E-02  1.555E-01
  5.2863000E+04  1.673E-01 -2.254E-02  1.084E-01
  5.2865000E+04  1.937E-01 -2.266E-02  8.523E-02
  5.2867000E+04  1.682E-01 -2.202E-02  1.094E-01
  5.2869000E+04  1.781E-01 -2.275E-02  1.116E-01
  5.2871000E+04  1.489E-01 -2.051E-02  1.071E-01
  5.2873000E+04  1.822E-01 -2.409E-02  1.200E-01
  5.2875000E+04  1.607E-01 -2.214E-02  1.186E-01
  5.2877000E+04  1.764E-01 -2.093E-02  8.444E-02
  5.2879000E+04  1.600E-01 -2.360E-02  1.318E-01
  5.2881000E+04  2.170E-01 -2.668E-02  1.092E-01
  5.2883000E+04  1.600E-01 -2.268E-02  1.292E-01
  5.2885000E+04  1.701E-01 -2.082E-02  9.323E-02
  5.2887000E+04  1.605E-01 -2.228E-02  1.171E-01
  5.2889000E+04  1.748E-01 -2.124E-02  9.126E-02
  5.2891000E+04  1.967E-01 -2.323E-02  8.936E-02
  5.2893000E+04  1.531E-01 -2.211E-02  1.224E-01
  5.2895000E+04  1.496E-01 -2.062E-02  1.042E-01
  5.2897000E+04  1.606E-01 -2.146E-02  1.047E-01
  5.2899000E+04  1.354E-01 -1.950E-02  1.091E-01
  5.2901000E+04  1.486E-01 -1.876E-02  8.944E-02
  5.2903000E+04  1.704E-01 -2.221E-02  1.118E-01
  5.2905000E+04  1.786E-01 -2.350E-02  1.158E-01
  5.2907000E+04  1.394E-01 -1.872E-02  9.510E-02
  5.2909000E+04  1.444E-01 -1.845E-02  8.753E-02
  5.2911000E+04  1.438E-01 -1.735E-02  7.963E-02
  5.2913000E+04  1.649E-01 -2.144E-02  1.047E-01
  5.2915000E+04  1.552E-01 -2.149E-02  1.078E-01
  5.2917000E+04  1.369E-01 -1.811E-02  8.846E-02
  5.2919000E+04  1.383E-01 -1.819E-02  9.325E-02
  5.2921000E+04  1.533E-01 -2.101E-02  1.098E-01
  5.2923000E+04  1.470E-01 -2.064E-02  1.177E-01
  5.2925000E+04  1.493E-01 -1.883E-02  8.392E-02
  5.2927000E+04  1.452E-01 -1.922E-02  8.907E-02
  5.2929000E+04  1.250E-01 -1.715E-02  9.070E-02
  5.2931000E+04  1.216E-01 -1.597E-02  7.694E-02
  5.2933000E+04  1.212E-01 -1.551E-02  7.818E-02
  5.2935000E+04  1.388E-01 -1.918E-02  1.043E-01
  5.2937000E+04  1.420E-01 -1.902E-02  9.544E-02
  5.2939000E+04  1.550E-01 -2.033E-02  9.895E-02
  5.2941000E+04  1.375E-01 -1.828E-02  9.102E-02
  5.2943000E+04  1.474E-01 -1.852E-02  8.048E-02
  5.2945000E+04  1.290E-01 -1.759E-02  9.215E-02
  5.2947000E+04  1.265E-01 -1.688E-02  8.909E-02
  5.2949000E+04  1.194E-01 -1.480E-02  6.690E-02
  5.2951000E+04  1.255E-01 -1.596E-02  7.401E-02
  5.2953000E+04  1.389E-01 -1.833E-02  9.412E-02
  5.2955000E+04  1.317E-01 -1.780E-02  9.688E-02
  5.2957000E+04  1.203E-01 -1.529E-02  6.969E-02
  5.2959000E+04  1.426E-01 -1.856E-02  9.086E-02
  5.2961000E+04  1.195E-01 -1.449E-02  7.353E-02
  5.2963000E+04  1.223E-01 -1.582E-02  7.539E-02
  5.2965000E+04  1.176E-01 -1.497E-02  7.193E-02
  5.2967000E+04  1.280E-01 -1.673E-02  8.029E-02
  5.2969000E+04  1.109E-01 -1.422E-02  6.467E-02
  5.2971000E+04  1.062E-01 -1.279E-02  5.372E-02
  5.2973000E+04  8.820E-02 -1.403E-02  9.861E-02
  5.2975000E+04  1.233E-01 -1.675E-02  8.587E-02
  5.2977000E+04  1.224E-01 -1.620E-02  8.430E-02
  5.2979000E+04  1.306E-01 -1.583E-02  7.485E-02
  5.2981000E+04  1.252E-01 -1.666E-02  6.103E-02
  5.2983000E+04  1.323E-01 -1.714E-02  8.187E-02
  5.2985000E+04  1.289E-01 -1.732E-02  8.459E-02
  5.2987000E+04  1.223E-01 -1.747E-02  1.016E-01
  5.2989000E+04  1.132E-01 -1.460E-02  6.669E-02
  5.2991000E+04  1.150E-01 -1.435E-02  6.139E-02
  5.2993000E+04  1.225E-01 -1.320E-02  4.409E-02
  5.2995000E+04  1.081E-01 -1.546E-02  7.921E-02
  5.2997000E+04  8.618E-02 -1.203E-02  6.274E-02
  5.2999000E+04  1.134E-01 -1.367E-02  5.382E-02
  5.3001000E+04  8.316E-02 -1.075E-02  6.545E-02
  5.3003000E+04  1.106E-01 -1.465E-02  7.558E-02
  5.3005000E+04  1.049E-01 -1.467E-02  8.315E-02
  5.3007000E+04  1.118E-01 -1.593E-02  7.319E-02
  5.3009000E+04  1.171E-01 -1.591E-02  8.593E-02
  5.3011000E+04  1.097E-01 -1.240E-02  6.242E-02
  5.3013000E+04  9.178E-02 -1.092E-02  4.443E-02
  5.3015000E+04  1.040E-01 -1.464E-02  7.750E-02
  5.3017000E+04  6.882E-02 -1.183E-02  7.455E-02
  5.3019000E+04  1.046E-01 -1.374E-02  6.525E-02
  5.3021000E+04  1.087E-01 -1.373E-02  6.280E-02
  5.3023000E+04  1.092E-01 -1.367E-02  6.445E-02
  5.3025000E+04  9.769E-02 -1.554E-02  9.594E-02
  5.3027000E+04  1.210E-01 -1.394E-02  5.166E-02
  5.3029000E+04  1.047E-01 -1.329E-02  6.284E-02
  5.3031000E+04  1.092E-01 -1.401E-02  7.041E-02
  5.3033000E+04  9.934E-02 -1.357E-02  7.453E-02
  5.3035000E+04  8.508E-02 -1.214E-02  6.742E-02
  5.3037000E+04  9.122E-02 -1.121E-02  4.851E-02
  5.3039000E+04  9.732E-02 -1.407E-02  7.527E-02
  5.3041000E+04  9.154E-02 -1.209E-02  7.176E-02
  5.3043000E+04  6.553E-02 -8.638E-03  4.402E-02
  5.3045000E+04  1.040E-01 -1.203E-02  4.294E-02
  5.3047000E+04  1.092E-01 -1.185E-02  3.850E-02
  5.3049000E+04  1.044E-01 -1.406E-02  7.083E-02
  5.3051000E+04  9.042E-02 -1.166E-02  4.977E-02
  5.3053000E+04  7.186E-02 -9.702E-03  4.835E-02
  5.3055000E+04  7.465E-02 -9.197E-03  5.187E-02
  5.3057000E+04  8.688E-02 -1.057E-02  5.507E-02
  5.3059000E+04  1.159E-01 -1.551E-02  6.956E-02
