  2.9077000E+04 -1.401E-03 -2.113E-04  3.361E-03
  2.9079000E+04 -4.267E-03  1.197E-03 -1.183E-02
  2.9081000E+04 -3.752E-02  3.697E-03 -3.429E-03
  2.9083000E+04 -7.379E-02  8.908E-03 -2.867E-02
  2.9085000E+04 -1.517E-01  1.881E-02 -8.513E-02
  2.9087000E+04 -5.241E+00  6.698E-01 -3.325E+00
  2.9089000E+04 -4.332E+01  5.550E+00 -2.782E+01
  2.9091000E+04 -7.649E+00  9.877E-01 -5.106E+00
  2.9093000E+04 -4.494E-02 -9.893E-03  1.122E-01
  2.9095000E+04  1.685E-01 -1.796E-02  3.245E-02
  2.9097000E+04  1.849E-01 -3.385E-02  2.154E-01
  2.9099000E+04  2.956E-01 -5.217E-02  3.480E-01
  2.9101000E+04  3.930E-01 -4.419E-02  1.579E-01
  2.9103000E+04  3.490E-01 -4.710E-02  2.407E-01
  2.9105000E+04  3.410E-01 -5.183E-02  3.085E-01
  2.9107000E+04  4.002E-01 -5.113E-02  2.249E-01
  2.9109000E+04  3.215E-01 -3.902E-02  1.673E-01
  2.9111000E+04  2.952E-01 -4.207E-02  2.446E-01
  2.9113000E+04  3.881E-01 -4.445E-02  1.779E-01
  2.9115000E+04  3.296E-01 -4.386E-02  2.158E-01
  2.9117000E+04  3.275E-01 -4.405E-02  2.276E-01
  2.9119000E+04  4.328E-01 -4.574E-02  1.495E-01
  2.9121000E+04  3.610E-01 -4.569E-02  2.252E-01
  2.9123000E+04  3.645E-01 -5.109E-02  2.803E-01
  2.9125000E+04  2.736E-01 -3.923E-02  2.200E-01
  2.9127000E+04  3.358E-01 -4.810E-02  2.717E-01
  2.9129000E+04  2.937E-01 -3.086E-02  1.058E-01
  2.9131000E+04  4.191E-01 -5.547E-02  2.868E-01
  2.9133000E+04  4.065E-01 -4.802E-02  2.109E-01
  2.9135000E+04  3.663E-01 -4.762E-02  2.427E-01
  2.9137000E+04  3.879E-01 -5.137E-02  2.626E-01
  2.9139000E+04  3.805E-01 -5.074E-02  2.597E-01
  2.9141000E+04  2.734E-01 -3.385E-02  1.439E-01
  2.9143000E+04  3.405E-01 -4.549E-02  2.393E-01
  2.9145000E+04  3.734E-01 -4.921E-02  2.420E-01
  2.9147000E+04  2.739E-01 -3.373E-02  1.640E-01
  2.9149000E+04  2.768E-01 -3.900E-02  2.271E-01
  2.9151000E+04  3.227E-01 -4.671E-02  2.726E-01
  2.9153000E+04  3.271E-01 -3.935E-02  1.799E-01
  2.9155000E+04  2.749E-01 -3.695E-02  1.960E-01
  2.9157000E+04  3.322E-01 -4.327E-02  2.183E-01
  2.9159000E+04  3.319E-01 -4.017E-02  1.740E-01
  2.9161000E+04  2.763E-01 -3.382E-02  1.599E-01
  2.9163000E+04  2.808E-01 -4.048E-02  2.198E-01
  2.9165000E+04  3.047E-01 -4.026E-02  2.158E-01
  2.9167000E+04  2.882E-01 -3.731E-02  1.820E-01
  2.9169000E+04  3.061E-01 -3.167E-02  9.770E-02
  2.9171000E+04  2.867E-01 -3.855E-02  1.773E-01
  2.9173000E+04  2.329E-01 -3.802E-02  1.925E-01
  2.9175000E+04  1.777E-01 -2.717E-02  1.762E-01
  2.9177000E+04  3.248E-01 -3.690E-02  1.692E-01
  2.9179000E+04  3.123E-01 -4.005E-02  1.954E-01
  2.9181000E+04  2.807E-01 -3.344E-02  1.686E-01
  2.9183000E+04  2.303E-01 -3.142E-02  1.716E-01
  2.9185000E+04  2.337E-01 -3.142E-02  1.492E-01
  2.9187000E+04  3.083E-01 -3.695E-02  1.733E-01
  2.9189000E+04  3.048E-01 -3.553E-02  1.648E-01
  2.9191000E+04  2.352E-01 -3.069E-02  1.658E-01
  2.9193000E+04  2.687E-01 -3.117E-02  1.262E-01
  2.9195000E+04  2.852E-01 -3.750E-02  1.957E-01
  2.9197000E+04  2.451E-01 -3.105E-02  1.454E-01
  2.9199000E+04  2.461E-01 -3.495E-02  2.032E-01
  2.9201000E+04  2.860E-01 -3.441E-02  1.736E-01
  2.9203000E+04  1.988E-01 -2.714E-02  1.519E-01
  2.9205000E+04  2.362E-01 -3.342E-02  1.843E-01
  2.9207000E+04  2.186E-01 -2.938E-02  1.470E-01
  2.9209000E+04  3.133E-01 -3.474E-02  1.524E-01
  2.9211000E+04  2.302E-01 -2.901E-02  1.421E-01
  2.9213000E+04  2.332E-01 -3.177E-02  1.743E-01
  2.9215000E+04  1.944E-01 -2.910E-02  1.780E-01
  2.9217000E+04  2.049E-01 -2.393E-02  1.040E-01
  2.9219000E+04  2.247E-01 -2.842E-02  1.342E-01
  2.9221000E+04  2.471E-01 -2.950E-02  1.246E-01
  2.9223000E+04  2.525E-01 -2.992E-02  1.516E-01
  2.9225000E+04  2.330E-01 -2.897E-02  1.368E-01
  2.9227000E+04  1.969E-01 -2.916E-02  1.710E-01
  2.9229000E+04  2.029E-01 -2.535E-02  1.283E-01
  2.9231000E+04  2.087E-01 -2.600E-02  1.288E-01
  2.9233000E+04  1.851E-01 -2.551E-02  1.305E-01
  2.9235000E+04  2.376E-01 -2.813E-02  1.299E-01
  2.9237000E+04  2.061E-01 -2.538E-02  1.257E-01
  2.9239000E+04  1.985E-01 -2.493E-02  1.273E-01
  2.9241000E+04  1.940E-01 -2.376E-02  1.194E-01
  2.9243000E+04  2.276E-01 -2.856E-02  1.397E-01
  2.9245000E+04  2.295E-01 -2.828E-02  1.278E-01
  2.9247000E+04  2.173E-01 -2.893E-02  1.458E-01
  2.9249000E+04  1.782E-01 -2.186E-02  1.084E-01
  2.9251000E+04  1.904E-01 -2.279E-02  1.036E-01
  2.9253000E+04  2.127E-01 -2.928E-02  1.471E-01
  2.9255000E+04  1.678E-01 -2.063E-02  9.049E-02
  2.9257000E+04  2.329E-01 -2.813E-02  1.301E-01
  2.9259000E+04  2.089E-01 -2.818E-02  1.584E-01
  2.9261000E+04  1.714E-01 -2.272E-02  1.338E-01
  2.9263000E+04  1.520E-01 -2.267E-02  1.339E-01
  2.9265000E+04  2.130E-01 -2.628E-02  1.251E-01
  2.9267000E+04  2.145E-01 -2.533E-02  1.170E-01
  2.9269000E+04  2.005E-01 -2.296E-02  1.007E-01
  2.9271000E+04  1.922E-01 -2.356E-02  1.168E-01
  2.9273000E+04  1.538E-01 -2.182E-02  1.150E-01
  2.9275000E+04  1.313E-01 -2.176E-02  1.275E-01
  2.9277000E+04  1.735E-01 -2.178E-02  1.183E-01
  2.9279000E+04  1.907E-01 -2.166E-02  9.207E-02
  2.9281000E+04  1.803E-01 -2.435E-02  1.270E-01
  2.9283000E+04  1.769E-01 -2.271E-02  1.156E-01
  2.9285000E+04  1.758E-01 -1.923E-02  7.327E-02
  2.9287000E+04  1.988E-01 -2.482E-02  1.160E-01
  2.9289000E+04  1.922E-01 -2.080E-02  1.107E-01
  2.9291000E+04  1.818E-01 -2.482E-02  1.373E-01
  2.9293000E+04  1.543E-01 -1.822E-02  8.228E-02
  2.9295000E+04  1.691E-01 -2.183E-02  1.017E-01
  2.9297000E+04  1.481E-01 -2.032E-02  1.103E-01
  2.9299000E+04  1.650E-01 -2.191E-02  1.292E-01
  2.9301000E+04  1.645E-01 -1.799E-02  6.846E-02
  2.9303000E+04  1.725E-01 -2.141E-02  1.014E-01
  2.9305000E+04  1.480E-01 -2.021E-02  1.035E-01
  2.9307000E+04  1.249E-01 -2.181E-02  1.208E-01
  2.9309000E+04  1.626E-01 -2.252E-02  1.236E-01
  2.9311000E+04  1.498E-01 -1.625E-02  8.014E-02
  2.9313000E+04  1.546E-01 -1.921E-02  1.040E-01
  2.9315000E+04  1.593E-01 -1.932E-02  9.942E-02
  2.9317000E+04  1.612E-01 -2.101E-02  1.189E-01
  2.9319000E+04  1.548E-01 -2.028E-02  1.083E-01
  2.9321000E+04  1.545E-01 -1.897E-02  8.668E-02
  2.9323000E+04  1.543E-01 -1.559E-02  5.084E-02
  2.9325000E+04  1.388E-01 -2.039E-02  1.192E-01
  2.9327000E+04  1.472E-01 -1.917E-02  1.044E-01
  2.9329000E+04  1.444E-01 -1.875E-02  9.119E-02
  2.9331000E+04  1.353E-01 -1.973E-02  1.156E-01
  2.9333000E+04  1.490E-01 -2.001E-02  1.090E-01
  2.9335000E+04  1.613E-01 -1.838E-02  6.871E-02
  2.9337000E+04  1.414E-01 -1.456E-02  6.102E-02
  2.9339000E+04  1.213E-01 -1.900E-02  1.145E-01
  2.9341000E+04  1.401E-01 -1.698E-02  8.836E-02
  2.9343000E+04  1.319E-01 -1.769E-02  9.433E-02
  2.9345000E+04  1.448E-01 -1.608E-02  7.280E-02
  2.9347000E+04  1.568E-01 -1.475E-02  4.134E-02
  2.9349000E+04  1.389E-01 -2.100E-02  1.023E-01
  2.9351000E+04  1.290E-01 -1.935E-02  9.512E-02
  2.9353000E+04  1.171E-01 -1.553E-02  8.928E-02
  2.9355000E+04  1.306E-01 -1.607E-02  7.353E-02
  2.9357000E+04  1.267E-01 -1.731E-02  9.550E-02
  2.9359000E+04  1.372E-01 -1.793E-02  9.782E-02
  2.9361000E+04  1.308E-01 -1.497E-02  6.309E-02
  2.9363000E+04  1.284E-01 -1.445E-02  7.018E-02
  2.9365000E+04  1.203E-01 -1.730E-02  9.554E-02
  2.9367000E+04  1.320E-01 -1.294E-02  4.056E-02
  2.9369000E+04  1.405E-01 -1.942E-02  9.636E-02
  2.9371000E+04  1.349E-01 -1.600E-02  9.026E-02
  2.9373000E+04  1.277E-01 -1.754E-02  9.286E-02
  2.9375000E+04  1.100E-01 -1.520E-02  6.749E-02
  2.9377000E+04  1.044E-01 -1.460E-02  5.621E-02
  2.9379000E+04  1.293E-01 -1.307E-02  7.416E-02
  2.9381000E+04  1.345E-01 -2.377E-02  9.741E-02
  2.9383000E+04  1.189E-01 -1.442E-02  7.294E-02
  2.9385000E+04  8.845E-02 -9.256E-03  8.184E-02
  2.9387000E+04  1.633E-01 -1.665E-02  6.100E-02
  2.9389000E+04  1.333E-01 -1.716E-02  9.513E-02
  2.9391000E+04  1.157E-01 -1.849E-02  7.933E-02
  2.9393000E+04  8.574E-02 -1.381E-02  8.397E-02
  2.9395000E+04  1.124E-01 -1.672E-02  8.197E-02
  2.9397000E+04  8.784E-02 -9.397E-03  5.929E-02
  2.9399000E+04  1.249E-01 -1.232E-02  4.764E-02
  2.9401000E+04  1.148E-01 -1.519E-02  7.427E-02
  2.9403000E+04  1.239E-01 -1.132E-02  5.781E-02
  2.9405000E+04  1.069E-01 -1.643E-02  9.387E-02
  2.9407000E+04  1.089E-01 -1.307E-02  6.707E-02
  2.9409000E+04  9.400E-02 -1.111E-02  5.282E-02
  2.9411000E+04  1.094E-01 -1.744E-02  8.697E-02
  2.9413000E+04  9.026E-02 -6.335E-03  3.399E-02
  2.9415000E+04  8.679E-02 -1.180E-02  7.280E-02
  2.9417000E+04  1.330E-01 -2.074E-02  7.478E-02
  2.9419000E+04  8.279E-02 -1.143E-02  7.187E-02
  2.9421000E+04  1.215E-01 -1.605E-02  8.665E-02
  2.9423000E+04  1.185E-01 -1.571E-02  7.337E-02
  2.9425000E+04  8.845E-02 -1.068E-02  7.283E-02
  2.9427000E+04  1.147E-01 -1.545E-02  7.249E-02
  2.9429000E+04  1.062E-01 -1.359E-02  5.847E-02
  2.9431000E+04  8.407E-02 -1.004E-02  5.772E-02
  2.9433000E+04  8.729E-02 -1.065E-02  6.736E-02
  2.9435000E+04  1.028E-01 -1.375E-02  7.799E-02
  2.9437000E+04  1.102E-01 -1.386E-02  7.118E-02
  2.9439000E+04  1.107E-01 -1.123E-02  3.641E-02
  2.9441000E+04  7.169E-02 -1.082E-02  6.234E-02
  2.9443000E+04  1.128E-01 -1.117E-02  5.008E-02
  2.9445000E+04  9.429E-02 -1.138E-02  5.400E-02
  2.9447000E+04  9.136E-02 -1.314E-02  7.178E-02
  2.9449000E+04  8.712E-02 -1.364E-02  7.930E-02
  2.9451000E+04  1.057E-01 -1.223E-02  6.322E-02
  2.9453000E+04  8.929E-02 -8.563E-03  3.114E-02
  2.9455000E+04  1.032E-01 -1.293E-02  5.670E-02
