 -1.1517000E+04 -2.805E-02  2.964E-03 -9.735E-03
 -1.1515000E+04 -1.423E-01  1.915E-02 -9.864E-02
 -1.1513000E+04 -7.199E+00  1.017E+00 -5.507E+00
 -1.1511000E+04 -5.144E+01  6.656E+00 -3.238E+01
 -1.1509000E+04 -2.596E+00  2.611E-01 -8.561E-01
 -1.1507000E+04  1.004E-01 -2.743E-02  1.902E-01
 -1.1505000E+04  3.796E-02 -1.152E-02  7.113E-02
 -1.1503000E+04  1.895E-01 -3.027E-02  1.642E-01
 -1.1501000E+04  2.565E-01 -5.482E-02  3.903E-01
 -1.1499000E+04  3.959E-01 -4.347E-02  1.465E-01
 -1.1497000E+04  3.380E-01 -5.098E-02  2.839E-01
 -1.1495000E+04  5.796E-01 -6.834E-02  2.741E-01
 -1.1493000E+04  3.498E-01 -4.599E-02  2.149E-01
 -1.1491000E+04  3.982E-01 -5.573E-02  2.881E-01
 -1.1489000E+04  3.192E-01 -3.957E-02  1.699E-01
 -1.1487000E+04  4.783E-01 -5.300E-02  1.901E-01
 -1.1485000E+04  2.452E-01 -3.224E-02  1.424E-01
 -1.1483000E+04  4.125E-01 -5.570E-02  2.784E-01
 -1.1481000E+04  3.994E-01 -5.322E-02  2.602E-01
 -1.1479000E+04  3.210E-01 -4.019E-02  1.830E-01
 -1.1477000E+04  4.408E-01 -5.267E-02  2.205E-01
 -1.1475000E+04  3.124E-01 -3.800E-02  1.670E-01
 -1.1473000E+04  4.330E-01 -6.101E-02  3.252E-01
 -1.1471000E+04  3.696E-01 -5.342E-02  2.949E-01
 -1.1469000E+04  3.756E-01 -4.456E-02  1.902E-01
 -1.1467000E+04  4.214E-01 -5.323E-02  2.490E-01
 -1.1465000E+04  4.096E-01 -5.116E-02  2.310E-01
 -1.1463000E+04  4.025E-01 -4.877E-02  2.096E-01
 -1.1461000E+04  4.114E-01 -5.115E-02  2.298E-01
 -1.1459000E+04  3.154E-01 -4.605E-02  2.526E-01
 -1.1457000E+04  3.645E-01 -4.350E-02  1.887E-01
 -1.1455000E+04  3.877E-01 -5.148E-02  2.533E-01
 -1.1453000E+04  3.469E-01 -4.829E-02  2.535E-01
 -1.1451000E+04  3.163E-01 -4.297E-02  2.200E-01
 -1.1449000E+04  2.928E-01 -3.728E-02  1.725E-01
 -1.1447000E+04  3.341E-01 -4.726E-02  2.543E-01
 -1.1445000E+04  3.302E-01 -5.049E-02  2.939E-01
 -1.1443000E+04  4.519E-01 -5.507E-02  2.457E-01
 -1.1441000E+04  3.242E-01 -4.087E-02  1.961E-01
 -1.1439000E+04  3.317E-01 -4.189E-02  1.936E-01
 -1.1437000E+04  3.237E-01 -4.282E-02  2.136E-01
 -1.1435000E+04  3.368E-01 -4.008E-02  1.599E-01
 -1.1433000E+04  2.984E-01 -3.505E-02  1.527E-01
 -1.1431000E+04  2.947E-01 -3.860E-02  1.915E-01
 -1.1429000E+04  2.810E-01 -4.056E-02  2.200E-01
 -1.1427000E+04  3.275E-01 -4.626E-02  2.465E-01
 -1.1425000E+04  3.338E-01 -4.137E-02  1.858E-01
 -1.1423000E+04  2.761E-01 -3.749E-02  1.996E-01
 -1.1421000E+04  3.180E-01 -3.663E-02  1.517E-01
 -1.1419000E+04  2.457E-01 -3.093E-02  1.458E-01
 -1.1417000E+04  2.857E-01 -3.263E-02  1.248E-01
 -1.1415000E+04  2.837E-01 -3.895E-02  2.011E-01
 -1.1413000E+04  2.894E-01 -3.579E-02  1.646E-01
 -1.1411000E+04  2.794E-01 -3.565E-02  1.756E-01
 -1.1409000E+04  2.959E-01 -3.465E-02  1.390E-01
 -1.1407000E+04  2.626E-01 -3.696E-02  1.966E-01
 -1.1405000E+04  3.303E-01 -4.146E-02  1.920E-01
 -1.1403000E+04  2.353E-01 -3.281E-02  1.699E-01
 -1.1401000E+04  2.629E-01 -3.406E-02  1.630E-01
 -1.1399000E+04  2.778E-01 -3.871E-02  2.033E-01
 -1.1397000E+04  2.857E-01 -3.739E-02  1.842E-01
 -1.1395000E+04  2.686E-01 -3.819E-02  2.095E-01
 -1.1393000E+04  3.072E-01 -3.355E-02  1.278E-01
 -1.1391000E+04  2.793E-01 -3.290E-02  1.398E-01
 -1.1389000E+04  2.654E-01 -3.719E-02  2.015E-01
 -1.1387000E+04  2.424E-01 -3.032E-02  1.415E-01
 -1.1385000E+04  2.562E-01 -3.250E-02  1.509E-01
 -1.1383000E+04  1.977E-01 -3.365E-02  2.181E-01
 -1.1381000E+04  2.284E-01 -3.172E-02  1.592E-01
 -1.1379000E+04  2.614E-01 -2.762E-02  9.426E-02
 -1.1377000E+04  2.604E-01 -3.358E-02  1.595E-01
 -1.1375000E+04  2.382E-01 -3.308E-02  1.794E-01
 -1.1373000E+04  2.250E-01 -2.751E-02  1.240E-01
 -1.1371000E+04  1.862E-01 -2.449E-02  1.219E-01
 -1.1369000E+04  2.164E-01 -2.828E-02  1.306E-01
 -1.1367000E+04  2.395E-01 -3.049E-02  1.388E-01
 -1.1365000E+04  2.613E-01 -3.160E-02  1.436E-01
 -1.1363000E+04  2.109E-01 -2.792E-02  1.419E-01
 -1.1361000E+04  1.992E-01 -2.950E-02  1.625E-01
 -1.1359000E+04  2.096E-01 -2.780E-02  1.422E-01
 -1.1357000E+04  2.546E-01 -2.753E-02  9.986E-02
 -1.1355000E+04  2.137E-01 -2.816E-02  1.348E-01
 -1.1353000E+04  2.285E-01 -3.142E-02  1.673E-01
 -1.1351000E+04  2.026E-01 -2.584E-02  1.263E-01
 -1.1349000E+04  2.332E-01 -3.157E-02  1.596E-01
 -1.1347000E+04  2.499E-01 -2.887E-02  1.143E-01
 -1.1345000E+04  2.499E-01 -2.796E-02  1.118E-01
 -1.1343000E+04  2.104E-01 -2.785E-02  1.406E-01
 -1.1341000E+04  2.390E-01 -2.857E-02  1.336E-01
 -1.1339000E+04  2.087E-01 -2.602E-02  1.225E-01
 -1.1337000E+04  2.158E-01 -2.933E-02  1.510E-01
 -1.1335000E+04  1.849E-01 -2.557E-02  1.328E-01
 -1.1333000E+04  2.268E-01 -2.912E-02  1.370E-01
 -1.1331000E+04  1.942E-01 -2.291E-02  1.012E-01
 -1.1329000E+04  1.717E-01 -2.501E-02  1.398E-01
 -1.1327000E+04  1.717E-01 -2.210E-02  1.007E-01
 -1.1325000E+04  2.139E-01 -2.822E-02  1.433E-01
 -1.1323000E+04  1.946E-01 -2.544E-02  1.260E-01
 -1.1321000E+04  1.982E-01 -2.528E-02  1.211E-01
 -1.1319000E+04  2.010E-01 -2.396E-02  1.104E-01
 -1.1317000E+04  1.999E-01 -2.613E-02  1.263E-01
 -1.1315000E+04  1.771E-01 -2.484E-02  1.356E-01
 -1.1313000E+04  1.730E-01 -2.203E-02  1.110E-01
 -1.1311000E+04  1.796E-01 -2.460E-02  1.350E-01
 -1.1309000E+04  2.105E-01 -2.958E-02  1.532E-01
 -1.1307000E+04  1.498E-01 -2.254E-02  1.261E-01
 -1.1305000E+04  1.518E-01 -1.935E-02  9.146E-02
 -1.1303000E+04  1.800E-01 -2.144E-02  9.046E-02
 -1.1301000E+04  1.702E-01 -2.161E-02  1.124E-01
 -1.1299000E+04  1.970E-01 -2.388E-02  1.028E-01
 -1.1297000E+04  1.763E-01 -1.915E-02  7.247E-02
 -1.1295000E+04  1.697E-01 -2.184E-02  1.076E-01
 -1.1293000E+04  1.792E-01 -2.387E-02  1.190E-01
 -1.1291000E+04  1.861E-01 -2.414E-02  1.194E-01
 -1.1289000E+04  1.355E-01 -2.109E-02  1.256E-01
 -1.1287000E+04  1.784E-01 -2.297E-02  1.109E-01
 -1.1285000E+04  1.712E-01 -2.214E-02  1.093E-01
 -1.1283000E+04  1.866E-01 -2.136E-02  8.234E-02
 -1.1281000E+04  1.410E-01 -1.975E-02  1.035E-01
 -1.1279000E+04  1.856E-01 -2.521E-02  1.273E-01
 -1.1277000E+04  1.544E-01 -2.092E-02  1.058E-01
 -1.1275000E+04  1.602E-01 -1.953E-02  8.774E-02
 -1.1273000E+04  1.744E-01 -2.098E-02  9.519E-02
 -1.1271000E+04  1.642E-01 -2.110E-02  1.051E-01
 -1.1269000E+04  1.597E-01 -2.193E-02  1.097E-01
 -1.1267000E+04  1.505E-01 -1.957E-02  9.932E-02
 -1.1265000E+04  1.614E-01 -2.307E-02  1.267E-01
 -1.1263000E+04  1.778E-01 -2.280E-02  1.094E-01
 -1.1261000E+04  1.502E-01 -2.028E-02  1.008E-01
 -1.1259000E+04  1.198E-01 -1.436E-02  6.321E-02
 -1.1257000E+04  1.181E-01 -1.535E-02  7.693E-02
 -1.1255000E+04  1.322E-01 -1.481E-02  6.752E-02
 -1.1253000E+04  1.547E-01 -1.961E-02  9.294E-02
 -1.1251000E+04  1.662E-01 -1.940E-02  7.351E-02
 -1.1249000E+04  1.311E-01 -1.670E-02  8.959E-02
 -1.1247000E+04  1.723E-01 -2.230E-02  1.027E-01
 -1.1245000E+04  1.682E-01 -2.147E-02  1.002E-01
 -1.1243000E+04  1.430E-01 -1.966E-02  1.052E-01
 -1.1241000E+04  1.324E-01 -1.695E-02  8.148E-02
 -1.1239000E+04  1.393E-01 -1.793E-02  9.374E-02
 -1.1237000E+04  1.366E-01 -1.570E-02  6.317E-02
 -1.1235000E+04  1.323E-01 -1.881E-02  9.234E-02
 -1.1233000E+04  1.375E-01 -1.761E-02  8.675E-02
 -1.1231000E+04  1.276E-01 -1.796E-02  1.104E-01
 -1.1229000E+04  1.332E-01 -2.032E-02  1.179E-01
 -1.1227000E+04  1.171E-01 -1.603E-02  8.786E-02
 -1.1225000E+04  1.328E-01 -1.618E-02  7.850E-02
 -1.1223000E+04  1.229E-01 -1.523E-02  6.538E-02
 -1.1221000E+04  1.384E-01 -1.607E-02  7.167E-02
 -1.1219000E+04  1.446E-01 -1.817E-02  8.633E-02
 -1.1217000E+04  1.417E-01 -1.733E-02  7.748E-02
 -1.1215000E+04  1.412E-01 -1.776E-02  8.401E-02
 -1.1213000E+04  1.352E-01 -1.801E-02  8.878E-02
 -1.1211000E+04  1.531E-01 -1.871E-02  8.371E-02
 -1.1209000E+04  8.688E-02 -1.412E-02  7.388E-02
 -1.1207000E+04  1.421E-01 -1.686E-02  7.128E-02
 -1.1205000E+04  1.239E-01 -1.399E-02  5.933E-02
 -1.1203000E+04  1.310E-01 -1.599E-02  6.722E-02
 -1.1201000E+04  1.146E-01 -1.452E-02  6.757E-02
 -1.1199000E+04  9.807E-02 -1.250E-02  6.602E-02
 -1.1197000E+04  1.243E-01 -1.470E-02  6.247E-02
 -1.1195000E+04  1.095E-01 -1.538E-02  8.257E-02
 -1.1193000E+04  1.223E-01 -1.859E-02  1.074E-01
 -1.1191000E+04  1.105E-01 -1.464E-02  6.936E-02
 -1.1189000E+04  1.209E-01 -1.456E-02  6.800E-02
 -1.1187000E+04  1.009E-01 -1.382E-02  7.495E-02
 -1.1185000E+04  1.070E-01 -1.643E-02  1.011E-01
 -1.1183000E+04  1.355E-01 -1.578E-02  6.955E-02
 -1.1181000E+04  1.123E-01 -1.418E-02  6.139E-02
 -1.1179000E+04  9.927E-02 -1.545E-02  8.866E-02
 -1.1177000E+04  1.213E-01 -1.445E-02  6.790E-02
 -1.1175000E+04  1.162E-01 -1.503E-02  7.292E-02
 -1.1173000E+04  1.260E-01 -1.374E-02  4.816E-02
 -1.1171000E+04  1.051E-01 -1.408E-02  7.559E-02
 -1.1169000E+04  9.228E-02 -1.332E-02  7.314E-02
 -1.1167000E+04  1.081E-01 -1.433E-02  7.021E-02
 -1.1165000E+04  1.018E-01 -1.403E-02  7.537E-02
 -1.1163000E+04  1.108E-01 -1.519E-02  8.061E-02
 -1.1161000E+04  1.171E-01 -1.313E-02  5.351E-02
 -1.1159000E+04  1.026E-01 -1.248E-02  5.500E-02
 -1.1157000E+04  9.536E-02 -1.289E-02  7.131E-02
 -1.1155000E+04  1.080E-01 -1.558E-02  8.519E-02
 -1.1153000E+04  9.978E-02 -1.275E-02  6.495E-02
 -1.1151000E+04  1.069E-01 -1.140E-02  3.726E-02
 -1.1149000E+04  1.055E-01 -1.253E-02  6.016E-02
 -1.1147000E+04  1.235E-01 -1.410E-02  6.090E-02
 -1.1145000E+04  9.210E-02 -1.399E-02  7.607E-02
 -1.1143000E+04  1.291E-01 -1.853E-02  1.022E-01
 -1.1141000E+04  1.167E-01 -1.320E-02  5.560E-02
 -1.1139000E+04  9.727E-02 -1.230E-02  5.573E-02
