  1.3219000E+04  4.302E-01 -7.021E-02  4.693E-01
  1.3221000E+04  4.667E-01 -6.863E-02  3.423E-01
  1.3223000E+04  5.199E-01 -6.823E-02  2.674E-01
  1.3225000E+04  4.952E-01 -6.297E-02  2.565E-01
  1.3227000E+04  4.914E-01 -6.967E-02  3.951E-01
  1.3229000E+04  3.710E-01 -5.035E-02  2.403E-01
  1.3231000E+04  4.244E-01 -5.388E-02  2.485E-01
  1.3233000E+04  4.121E-01 -5.722E-02  2.378E-01
  1.3235000E+04  4.487E-01 -6.411E-02  2.383E-01
  1.3237000E+04  3.185E-01 -4.735E-02  2.746E-01
  1.3239000E+04  4.749E-01 -6.423E-02  3.511E-01
  1.3241000E+04  4.214E-01 -5.804E-02  2.534E-01
  1.3243000E+04  3.409E-01 -3.875E-02  1.749E-01
  1.3245000E+04  3.672E-01 -4.538E-02  2.017E-01
  1.3247000E+04  3.547E-01 -5.163E-02  2.425E-01
  1.3249000E+04  4.006E-01 -5.838E-02  2.513E-01
  1.3251000E+04  3.887E-01 -5.486E-02  2.365E-01
  1.3253000E+04  3.381E-01 -4.599E-02  2.813E-01
  1.3255000E+04  3.437E-01 -4.759E-02  2.135E-01
  1.3257000E+04  3.064E-01 -4.580E-02  2.359E-01
  1.3259000E+04  3.696E-01 -4.555E-02  1.889E-01
  1.3261000E+04  4.358E-01 -6.818E-02  2.961E-01
  1.3263000E+04  3.766E-01 -5.187E-02  2.411E-01
  1.3265000E+04  2.508E-01 -3.075E-02  2.537E-01
  1.3267000E+04  2.971E-01 -3.561E-02  1.419E-01
  1.3269000E+04  3.780E-01 -5.668E-02  2.536E-01
  1.3271000E+04  3.439E-01 -4.915E-02  2.172E-01
  1.3273000E+04  3.688E-01 -4.971E-02  2.262E-01
  1.3275000E+04  3.285E-01 -4.869E-02  2.373E-01
  1.3277000E+04  3.288E-01 -4.114E-02  2.038E-01
  1.3279000E+04  2.484E-01 -3.481E-02  1.834E-01
  1.3281000E+04  2.867E-01 -3.837E-02  1.766E-01
  1.3283000E+04  3.141E-01 -4.426E-02  2.333E-01
  1.3285000E+04  2.985E-01 -4.091E-02  2.099E-01
  1.3287000E+04  3.379E-01 -4.977E-02  2.584E-01
  1.3289000E+04  3.645E-01 -4.888E-02  2.170E-01
  1.3291000E+04  3.265E-01 -4.691E-02  1.816E-01
  1.3293000E+04  3.110E-01 -3.928E-02  1.566E-01
  1.3295000E+04  2.573E-01 -3.226E-02  1.847E-01
  1.3297000E+04  2.357E-01 -3.103E-02  1.654E-01
  1.3299000E+04  2.589E-01 -3.377E-02  1.350E-01
  1.3301000E+04  2.155E-01 -3.299E-02  2.113E-01
  1.3303000E+04  3.048E-01 -3.841E-02  1.789E-01
  1.3305000E+04  3.367E-01 -4.563E-02  1.852E-01
  1.3307000E+04  2.617E-01 -3.828E-02  1.910E-01
  1.3309000E+04  2.463E-01 -3.731E-02  1.477E-01
  1.3311000E+04  3.224E-01 -4.316E-02  2.046E-01
  1.3313000E+04  2.654E-01 -3.541E-02  1.460E-01
  1.3315000E+04  2.565E-01 -3.431E-02  1.760E-01
  1.3317000E+04  2.614E-01 -3.419E-02  1.402E-01
  1.3319000E+04  2.336E-01 -3.799E-02  2.330E-01
  1.3321000E+04  2.549E-01 -3.229E-02  1.384E-01
  1.3323000E+04  2.465E-01 -3.492E-02  1.670E-01
  1.3325000E+04  2.762E-01 -3.635E-02  1.507E-01
  1.3327000E+04  2.645E-01 -3.674E-02  1.743E-01
  1.3329000E+04  2.267E-01 -3.230E-02  1.690E-01
  1.3331000E+04  2.841E-01 -3.799E-02  1.531E-01
  1.3333000E+04  2.866E-01 -4.061E-02  1.960E-01
  1.3335000E+04  1.981E-01 -2.921E-02  1.552E-01
  1.3337000E+04  2.056E-01 -2.811E-02  1.322E-01
  1.3339000E+04  2.656E-01 -3.737E-02  1.739E-01
  1.3341000E+04  2.461E-01 -3.299E-02  1.231E-01
  1.3343000E+04  2.034E-01 -2.400E-02  8.222E-02
  1.3345000E+04  2.061E-01 -1.836E-02  2.025E-01
  1.3347000E+04  2.000E-01 -2.981E-02  1.516E-01
  1.3349000E+04  2.413E-01 -3.440E-02  1.467E-01
  1.3351000E+04  2.436E-01 -3.123E-02  1.096E-01
  1.3353000E+04  2.094E-01 -2.756E-02  1.105E-01
  1.3355000E+04  1.807E-01 -2.680E-02  1.209E-01
  1.3357000E+04  2.120E-01 -2.948E-02  1.589E-01
  1.3359000E+04  2.398E-01 -3.737E-02  1.436E-01
  1.3361000E+04  2.201E-01 -3.369E-02  1.575E-01
  1.3363000E+04  2.212E-01 -3.328E-02  1.387E-01
  1.3365000E+04  2.242E-01 -3.169E-02  1.500E-01
  1.3367000E+04  2.220E-01 -3.018E-02  1.597E-01
  1.3369000E+04  2.128E-01 -2.381E-02  8.458E-02
  1.3371000E+04  2.303E-01 -3.128E-02  1.694E-01
  1.3373000E+04  2.160E-01 -2.718E-02  1.082E-01
  1.3375000E+04  1.893E-01 -2.300E-02  1.217E-01
  1.3377000E+04  2.204E-01 -3.072E-02  9.782E-02
  1.3379000E+04  1.808E-01 -2.221E-02  1.198E-01
  1.3381000E+04  2.223E-01 -3.183E-02  1.291E-01
  1.3383000E+04  2.483E-01 -3.412E-02  1.496E-01
  1.3385000E+04  1.779E-01 -2.788E-02  1.357E-01
  1.3387000E+04  2.079E-01 -2.295E-02  1.090E-01
  1.3389000E+04  1.856E-01 -2.788E-02  1.495E-01
  1.3391000E+04  1.682E-01 -2.233E-02  1.129E-01
  1.3393000E+04  1.816E-01 -2.539E-02  1.320E-01
  1.3395000E+04  1.751E-01 -2.569E-02  1.297E-01
  1.3397000E+04  1.901E-01 -2.943E-02  1.436E-01
  1.3399000E+04  1.869E-01 -2.384E-02  9.184E-02
  1.3401000E+04  2.074E-01 -3.176E-02  1.322E-01
  1.3403000E+04  1.573E-01 -2.286E-02  1.262E-01
  1.3405000E+04  1.853E-01 -2.336E-02  1.080E-01
  1.3407000E+04  1.477E-01 -2.115E-02  1.370E-01
  1.3409000E+04  1.666E-01 -2.058E-02  1.017E-01
  1.3411000E+04  1.875E-01 -2.861E-02  1.144E-01
  1.3413000E+04  1.937E-01 -2.727E-02  1.101E-01
  1.3415000E+04  1.816E-01 -2.340E-02  1.296E-01
  1.3417000E+04  1.579E-01 -1.999E-02  7.913E-02
  1.3419000E+04  1.833E-01 -2.455E-02  1.107E-01
  1.3421000E+04  1.581E-01 -2.153E-02  1.114E-01
  1.3423000E+04  1.827E-01 -2.274E-02  9.917E-02
  1.3425000E+04  1.382E-01 -1.786E-02  9.023E-02
  1.3427000E+04  2.119E-01 -3.005E-02  1.193E-01
  1.3429000E+04  1.630E-01 -2.054E-02  9.632E-02
  1.3431000E+04  1.503E-01 -1.818E-02  9.068E-02
  1.3433000E+04  1.531E-01 -2.339E-02  1.218E-01
  1.3435000E+04  1.532E-01 -2.209E-02  8.777E-02
  1.3437000E+04  1.464E-01 -2.025E-02  8.564E-02
  1.3439000E+04  1.220E-01 -1.911E-02  1.196E-01
  1.3441000E+04  1.821E-01 -2.504E-02  1.025E-01
  1.3443000E+04  1.504E-01 -2.310E-02  1.237E-01
  1.3445000E+04  1.468E-01 -1.916E-02  9.836E-02
  1.3447000E+04  1.291E-01 -1.765E-02  9.269E-02
  1.3449000E+04  1.591E-01 -2.143E-02  8.455E-02
  1.3451000E+04  1.546E-01 -1.953E-02  9.505E-02
  1.3453000E+04  1.521E-01 -2.197E-02  1.128E-01
  1.3455000E+04  1.681E-01 -2.249E-02  1.009E-01
  1.3457000E+04  1.432E-01 -1.938E-02  8.650E-02
  1.3459000E+04  1.527E-01 -1.891E-02  6.774E-02
  1.3461000E+04  1.428E-01 -1.815E-02  8.306E-02
  1.3463000E+04  1.629E-01 -2.299E-02  1.208E-01
  1.3465000E+04  1.312E-01 -1.775E-02  8.858E-02
  1.3467000E+04  1.186E-01 -1.735E-02  9.873E-02
  1.3469000E+04  1.451E-01 -1.943E-02  8.817E-02
  1.3471000E+04  1.393E-01 -1.912E-02  9.134E-02
  1.3473000E+04  1.295E-01 -1.693E-02  7.493E-02
  1.3475000E+04  1.371E-01 -1.811E-02  8.266E-02
  1.3477000E+04  1.490E-01 -2.002E-02  1.034E-01
  1.3479000E+04  1.366E-01 -1.962E-02  1.028E-01
  1.3481000E+04  1.259E-01 -1.855E-02  8.349E-02
  1.3483000E+04  1.184E-01 -1.619E-02  7.531E-02
  1.3485000E+04  1.245E-01 -1.674E-02  9.096E-02
  1.3487000E+04  1.231E-01 -1.875E-02  8.973E-02
  1.3489000E+04  1.062E-01 -1.457E-02  7.483E-02
  1.3491000E+04  1.140E-01 -1.516E-02  7.013E-02
  1.3493000E+04  1.438E-01 -1.850E-02  7.666E-02
  1.3495000E+04  1.250E-01 -1.562E-02  6.436E-02
  1.3497000E+04  1.390E-01 -1.905E-02  8.770E-02
  1.3499000E+04  1.326E-01 -1.795E-02  7.711E-02
  1.3501000E+04  1.234E-01 -1.742E-02  7.678E-02
  1.3503000E+04  1.324E-01 -1.798E-02  8.017E-02
  1.3505000E+04  1.213E-01 -1.834E-02  6.667E-02
  1.3507000E+04  1.243E-01 -1.774E-02  8.498E-02
  1.3509000E+04  1.229E-01 -1.806E-02  9.430E-02
  1.3511000E+04  9.648E-02 -1.355E-02  7.053E-02
  1.3513000E+04  8.803E-02 -1.218E-02  5.017E-02
  1.3515000E+04  1.315E-01 -1.620E-02  6.008E-02
  1.3517000E+04  1.368E-01 -1.840E-02  8.592E-02
  1.3519000E+04  1.525E-01 -2.252E-02  8.945E-02
  1.3521000E+04  1.308E-01 -1.566E-02  6.698E-02
  1.3523000E+04  1.191E-01 -1.496E-02  6.785E-02
  1.3525000E+04  1.072E-01 -1.249E-02  5.905E-02
  1.3527000E+04  1.217E-01 -1.647E-02  6.103E-02
  1.3529000E+04  1.234E-01 -1.719E-02  6.304E-02
  1.3531000E+04  1.067E-01 -1.738E-02  1.036E-01
  1.3533000E+04  1.077E-01 -1.498E-02  6.692E-02
  1.3535000E+04  9.230E-02 -1.394E-02  9.735E-02
  1.3537000E+04  9.625E-02 -1.022E-02  7.045E-02
  1.3539000E+04  1.131E-01 -1.351E-02  4.836E-02
  1.3541000E+04  1.041E-01 -1.379E-02  6.551E-02
  1.3543000E+04  1.113E-01 -1.507E-02  7.693E-02
  1.3545000E+04  1.020E-01 -1.588E-02  9.496E-02
  1.3547000E+04  1.056E-01 -1.119E-02  4.233E-02
  1.3549000E+04  9.074E-02 -1.332E-02  6.399E-02
  1.3551000E+04  1.098E-01 -1.471E-02  6.431E-02
  1.3553000E+04  1.060E-01 -1.379E-02  6.936E-02
  1.3555000E+04  1.024E-01 -1.313E-02  5.972E-02
  1.3557000E+04  1.024E-01 -1.355E-02  5.837E-02
  1.3559000E+04  1.223E-01 -1.656E-02  8.465E-02
  1.3561000E+04  9.149E-02 -1.489E-02  7.896E-02
  1.3563000E+04  1.109E-01 -1.521E-02  6.671E-02
  1.3565000E+04  1.050E-01 -1.373E-02  5.000E-02
  1.3567000E+04  9.032E-02 -1.205E-02  6.966E-02
  1.3569000E+04  1.038E-01 -1.381E-02  6.840E-02
  1.3571000E+04  1.320E-01 -2.146E-02  6.852E-02
  1.3573000E+04  1.058E-01 -1.600E-02  7.575E-02
  1.3575000E+04  7.911E-02 -9.956E-03  4.772E-02
  1.3577000E+04  7.517E-02 -9.950E-03  5.741E-02
  1.3579000E+04  8.539E-02 -1.242E-02  7.056E-02
  1.3581000E+04  1.077E-01 -1.479E-02  6.525E-02
  1.3583000E+04  1.012E-01 -1.491E-02  7.525E-02
  1.3585000E+04  9.159E-02 -1.369E-02  7.490E-02
  1.3587000E+04  9.136E-02 -9.661E-03  4.206E-02
  1.3589000E+04  8.777E-02 -1.107E-02  5.167E-02
  1.3591000E+04  9.378E-02 -1.284E-02  5.820E-02
  1.3593000E+04  1.091E-01 -1.566E-02  7.839E-02
  1.3595000E+04  8.993E-02 -1.198E-02  5.943E-02
  1.3597000E+04  7.874E-02 -9.384E-03  2.960E-02
