 -4.5327000E+04 -2.630E-01  3.410E-02 -1.447E-01
 -4.5325000E+04 -3.240E+01  4.423E+00 -2.022E+01
 -4.5323000E+04 -3.244E+01  4.441E+00 -2.040E+01
 -4.5321000E+04 -7.389E-01  7.985E-02 -2.454E-01
 -4.5319000E+04  1.813E-01 -1.093E-02 -4.641E-02
 -4.5317000E+04 -5.343E-02 -2.288E-02  2.782E-01
 -4.5315000E+04  2.693E-01 -3.398E-02  1.334E-01
 -4.5313000E+04  4.413E-01 -6.378E-02  3.036E-01
 -4.5311000E+04  4.118E-01 -5.821E-02  2.716E-01
 -4.5309000E+04  3.778E-01 -4.275E-02  1.298E-01
 -4.5307000E+04  4.347E-01 -5.957E-02  2.641E-01
 -4.5305000E+04  3.549E-01 -5.999E-02  3.372E-01
 -4.5303000E+04  4.384E-01 -5.471E-02  2.085E-01
 -4.5301000E+04  5.261E-01 -6.308E-02  2.265E-01
 -4.5299000E+04  4.114E-01 -5.109E-02  1.963E-01
 -4.5297000E+04  3.975E-01 -5.424E-02  2.421E-01
 -4.5295000E+04  4.140E-01 -4.821E-02  1.620E-01
 -4.5293000E+04  4.385E-01 -6.428E-02  3.163E-01
 -4.5291000E+04  2.942E-01 -3.638E-02  1.380E-01
 -4.5289000E+04  3.312E-01 -4.371E-02  1.842E-01
 -4.5287000E+04  4.527E-01 -6.458E-02  3.027E-01
 -4.5285000E+04  4.240E-01 -6.382E-02  3.191E-01
 -4.5283000E+04  3.783E-01 -4.768E-02  1.927E-01
 -4.5281000E+04  3.388E-01 -5.680E-02  3.201E-01
 -4.5279000E+04  4.673E-01 -6.259E-02  2.785E-01
 -4.5277000E+04  4.702E-01 -6.099E-02  2.545E-01
 -4.5275000E+04  4.609E-01 -5.964E-02  2.482E-01
 -4.5273000E+04  3.903E-01 -5.274E-02  2.316E-01
 -4.5271000E+04  3.473E-01 -4.681E-02  2.118E-01
 -4.5269000E+04  3.952E-01 -5.230E-02  2.272E-01
 -4.5267000E+04  3.428E-01 -4.856E-02  2.304E-01
 -4.5265000E+04  3.681E-01 -5.155E-02  2.412E-01
 -4.5263000E+04  3.433E-01 -5.351E-02  2.783E-01
 -4.5261000E+04  4.312E-01 -5.465E-02  2.284E-01
 -4.5259000E+04  3.703E-01 -5.331E-02  2.545E-01
 -4.5257000E+04  3.104E-01 -4.095E-02  1.771E-01
 -4.5255000E+04  3.515E-01 -5.122E-02  2.596E-01
 -4.5253000E+04  4.226E-01 -5.425E-02  2.212E-01
 -4.5251000E+04  3.566E-01 -4.905E-02  2.180E-01
 -4.5249000E+04  3.846E-01 -5.294E-02  2.410E-01
 -4.5247000E+04  3.653E-01 -5.044E-02  2.264E-01
 -4.5245000E+04  3.346E-01 -4.272E-02  1.713E-01
 -4.5243000E+04  3.219E-01 -4.487E-02  2.060E-01
 -4.5241000E+04  3.337E-01 -4.425E-02  1.914E-01
 -4.5239000E+04  3.319E-01 -4.514E-02  2.013E-01
 -4.5237000E+04  2.833E-01 -4.235E-02  2.173E-01
 -4.5235000E+04  2.933E-01 -3.723E-02  1.553E-01
 -4.5233000E+04  3.294E-01 -4.352E-02  1.883E-01
 -4.5231000E+04  3.616E-01 -4.867E-02  2.212E-01
 -4.5229000E+04  3.288E-01 -4.091E-02  1.560E-01
 -4.5227000E+04  3.357E-01 -4.399E-02  1.904E-01
 -4.5225000E+04  2.808E-01 -4.354E-02  2.235E-01
 -4.5223000E+04  2.731E-01 -4.624E-02  2.585E-01
 -4.5221000E+04  3.219E-01 -4.297E-02  1.928E-01
 -4.5219000E+04  2.541E-01 -3.549E-02  1.668E-01
 -4.5217000E+04  3.066E-01 -4.122E-02  1.795E-01
 -4.5215000E+04  2.915E-01 -3.731E-02  1.563E-01
 -4.5213000E+04  2.675E-01 -3.733E-02  1.809E-01
 -4.5211000E+04  3.000E-01 -4.408E-02  2.139E-01
 -4.5209000E+04  2.916E-01 -3.763E-02  1.562E-01
 -4.5207000E+04  3.233E-01 -4.049E-02  1.627E-01
 -4.5205000E+04  2.536E-01 -3.384E-02  1.511E-01
 -4.5203000E+04  2.849E-01 -3.786E-02  1.584E-01
 -4.5201000E+04  2.868E-01 -4.282E-02  2.101E-01
 -4.5199000E+04  2.832E-01 -4.174E-02  2.140E-01
 -4.5197000E+04  3.133E-01 -4.003E-02  1.673E-01
 -4.5195000E+04  2.364E-01 -3.211E-02  1.511E-01
 -4.5193000E+04  2.392E-01 -2.885E-02  1.030E-01
 -4.5191000E+04  2.528E-01 -3.248E-02  1.317E-01
 -4.5189000E+04  2.266E-01 -3.309E-02  1.643E-01
 -4.5187000E+04  2.740E-01 -3.687E-02  1.690E-01
 -4.5185000E+04  2.704E-01 -3.655E-02  1.654E-01
 -4.5183000E+04  2.494E-01 -3.717E-02  1.860E-01
 -4.5181000E+04  1.980E-01 -2.789E-02  1.326E-01
 -4.5179000E+04  2.325E-01 -2.858E-02  1.111E-01
 -4.5177000E+04  2.664E-01 -3.806E-02  1.815E-01
 -4.5175000E+04  2.441E-01 -3.286E-02  1.526E-01
 -4.5173000E+04  2.745E-01 -3.678E-02  1.632E-01
 -4.5171000E+04  2.634E-01 -3.794E-02  1.789E-01
 -4.5169000E+04  2.222E-01 -2.939E-02  1.304E-01
 -4.5167000E+04  2.635E-01 -3.270E-02  1.300E-01
 -4.5165000E+04  2.191E-01 -3.268E-02  1.652E-01
 -4.5163000E+04  2.449E-01 -3.137E-02  1.337E-01
 -4.5161000E+04  2.736E-01 -3.524E-02  1.485E-01
 -4.5159000E+04  2.318E-01 -2.874E-02  1.191E-01
 -4.5157000E+04  2.314E-01 -3.099E-02  1.365E-01
 -4.5155000E+04  2.725E-01 -3.989E-02  1.968E-01
 -4.5153000E+04  2.393E-01 -2.916E-02  1.085E-01
 -4.5151000E+04  1.989E-01 -2.875E-02  1.402E-01
 -4.5149000E+04  2.071E-01 -2.925E-02  1.412E-01
 -4.5147000E+04  2.158E-01 -3.114E-02  1.505E-01
 -4.5145000E+04  2.255E-01 -3.102E-02  1.379E-01
 -4.5143000E+04  2.403E-01 -3.143E-02  1.445E-01
 -4.5141000E+04  1.727E-01 -2.814E-02  1.519E-01
 -4.5139000E+04  2.070E-01 -2.714E-02  1.153E-01
 -4.5137000E+04  2.359E-01 -2.708E-02  9.988E-02
 -4.5135000E+04  1.880E-01 -2.623E-02  1.229E-01
 -4.5133000E+04  2.344E-01 -3.469E-02  1.698E-01
 -4.5131000E+04  2.413E-01 -3.198E-02  1.393E-01
 -4.5129000E+04  2.022E-01 -2.683E-02  1.196E-01
 -4.5127000E+04  1.778E-01 -2.509E-02  1.207E-01
 -4.5125000E+04  2.028E-01 -2.826E-02  1.307E-01
 -4.5123000E+04  1.927E-01 -2.617E-02  1.204E-01
 -4.5121000E+04  1.994E-01 -2.538E-02  1.094E-01
 -4.5119000E+04  1.997E-01 -2.835E-02  1.345E-01
 -4.5117000E+04  1.922E-01 -2.685E-02  1.240E-01
 -4.5115000E+04  1.816E-01 -2.628E-02  1.268E-01
 -4.5113000E+04  1.432E-01 -2.151E-02  1.055E-01
 -4.5111000E+04  2.250E-01 -2.844E-02  1.171E-01
 -4.5109000E+04  1.912E-01 -2.615E-02  1.245E-01
 -4.5107000E+04  2.094E-01 -2.834E-02  1.293E-01
 -4.5105000E+04  2.009E-01 -2.763E-02  1.197E-01
 -4.5103000E+04  1.772E-01 -2.298E-02  9.713E-02
 -4.5101000E+04  1.692E-01 -2.182E-02  9.953E-02
 -4.5099000E+04  1.839E-01 -2.614E-02  1.258E-01
 -4.5097000E+04  1.892E-01 -2.486E-02  1.126E-01
 -4.5095000E+04  1.686E-01 -2.346E-02  1.111E-01
 -4.5093000E+04  1.726E-01 -2.542E-02  1.218E-01
 -4.5091000E+04  1.602E-01 -2.090E-02  9.326E-02
 -4.5089000E+04  1.633E-01 -2.400E-02  1.173E-01
 -4.5087000E+04  1.399E-01 -2.046E-02  1.009E-01
 -4.5085000E+04  1.741E-01 -2.529E-02  1.269E-01
 -4.5083000E+04  1.611E-01 -2.042E-02  8.407E-02
 -4.5081000E+04  1.658E-01 -2.104E-02  8.376E-02
 -4.5079000E+04  1.926E-01 -2.449E-02  9.846E-02
 -4.5077000E+04  1.447E-01 -1.988E-02  1.008E-01
 -4.5075000E+04  1.643E-01 -2.247E-02  1.017E-01
 -4.5073000E+04  1.936E-01 -2.444E-02  1.064E-01
 -4.5071000E+04  1.901E-01 -2.300E-02  8.604E-02
 -4.5069000E+04  1.499E-01 -2.159E-02  1.005E-01
 -4.5067000E+04  1.458E-01 -2.210E-02  1.140E-01
 -4.5065000E+04  1.359E-01 -2.236E-02  1.239E-01
 -4.5063000E+04  1.711E-01 -2.307E-02  1.061E-01
 -4.5061000E+04  1.416E-01 -2.037E-02  9.952E-02
 -4.5059000E+04  1.767E-01 -2.064E-02  7.566E-02
 -4.5057000E+04  1.521E-01 -2.128E-02  1.099E-01
 -4.5055000E+04  1.570E-01 -2.204E-02  1.081E-01
 -4.5053000E+04  1.410E-01 -2.074E-02  9.656E-02
 -4.5051000E+04  1.534E-01 -2.089E-02  9.282E-02
 -4.5049000E+04  1.591E-01 -2.102E-02  8.909E-02
 -4.5047000E+04  1.474E-01 -2.120E-02  1.070E-01
 -4.5045000E+04  1.398E-01 -2.108E-02  1.083E-01
 -4.5043000E+04  1.407E-01 -1.825E-02  7.748E-02
 -4.5041000E+04  1.591E-01 -1.985E-02  8.111E-02
 -4.5039000E+04  1.152E-01 -1.786E-02  9.728E-02
 -4.5037000E+04  1.453E-01 -2.073E-02  1.035E-01
 -4.5035000E+04  1.425E-01 -1.714E-02  6.421E-02
 -4.5033000E+04  1.755E-01 -2.051E-02  6.484E-02
 -4.5031000E+04  1.229E-01 -1.878E-02  9.467E-02
 -4.5029000E+04  1.384E-01 -1.766E-02  7.342E-02
 -4.5027000E+04  1.379E-01 -1.650E-02  6.591E-02
 -4.5025000E+04  1.433E-01 -2.076E-02  9.160E-02
 -4.5023000E+04  1.400E-01 -1.872E-02  8.454E-02
 -4.5021000E+04  1.371E-01 -1.935E-02  9.468E-02
 -4.5019000E+04  1.246E-01 -1.669E-02  7.784E-02
 -4.5017000E+04  1.339E-01 -2.004E-02  9.995E-02
 -4.5015000E+04  1.194E-01 -1.725E-02  8.479E-02
 -4.5013000E+04  1.561E-01 -2.066E-02  8.606E-02
 -4.5011000E+04  1.393E-01 -1.670E-02  6.286E-02
 -4.5009000E+04  1.153E-01 -1.324E-02  5.027E-02
 -4.5007000E+04  1.288E-01 -1.869E-02  9.132E-02
 -4.5005000E+04  1.221E-01 -1.915E-02  1.011E-01
 -4.5003000E+04  1.242E-01 -1.705E-02  7.749E-02
 -4.5001000E+04  1.240E-01 -1.490E-02  6.157E-02
 -4.4999000E+04  1.195E-01 -1.655E-02  7.604E-02
 -4.4997000E+04  1.338E-01 -1.808E-02  8.414E-02
 -4.4995000E+04  1.423E-01 -1.729E-02  6.352E-02
 -4.4993000E+04  1.049E-01 -1.658E-02  8.641E-02
 -4.4991000E+04  1.182E-01 -1.581E-02  6.632E-02
 -4.4989000E+04  1.112E-01 -1.495E-02  7.575E-02
 -4.4987000E+04  1.312E-01 -1.767E-02  8.592E-02
 -4.4985000E+04  1.151E-01 -1.927E-02  9.511E-02
 -4.4983000E+04  1.233E-01 -1.838E-02  9.105E-02
 -4.4981000E+04  1.291E-01 -1.758E-02  8.595E-02
 -4.4979000E+04  1.177E-01 -1.550E-02  8.118E-02
 -4.4977000E+04  1.051E-01 -1.526E-02  7.994E-02
 -4.4975000E+04  1.319E-01 -1.434E-02  5.474E-02
 -4.4973000E+04  9.283E-02 -1.615E-02  8.407E-02
 -4.4971000E+04  9.382E-02 -1.472E-02  7.135E-02
 -4.4969000E+04  1.325E-01 -1.617E-02  7.286E-02
 -4.4967000E+04  1.346E-01 -1.701E-02  7.706E-02
 -4.4965000E+04  1.081E-01 -1.607E-02  8.286E-02
 -4.4963000E+04  1.012E-01 -1.474E-02  7.040E-02
 -4.4961000E+04  1.120E-01 -1.605E-02  7.405E-02
 -4.4959000E+04  8.741E-02 -1.178E-02  5.906E-02
 -4.4957000E+04  1.227E-01 -1.712E-02  7.651E-02
 -4.4955000E+04  1.244E-01 -1.497E-02  5.832E-02
 -4.4953000E+04  1.067E-01 -1.232E-02  4.187E-02
 -4.4951000E+04  1.119E-01 -1.610E-02  7.282E-02
 -4.4949000E+04  1.019E-01 -1.358E-02  6.346E-02
