 -5.2547000E+04 -6.216E-02  8.719E-03 -3.585E-02
 -5.2545000E+04 -5.249E+00  6.970E-01 -2.635E+00
 -5.2543000E+04 -5.352E+01  7.655E+00 -3.247E+01
 -5.2541000E+04 -7.011E+00  1.205E+00 -6.254E+00
 -5.2539000E+04 -3.425E-01  4.698E-02 -1.538E-01
 -5.2537000E+04 -4.233E-02  4.482E-03  3.985E-03
 -5.2535000E+04  2.486E-01 -3.553E-02  1.482E-01
 -5.2533000E+04  2.301E-01 -4.008E-02  2.207E-01
 -5.2531000E+04  4.144E-01 -6.146E-02  2.642E-01
 -5.2529000E+04  3.925E-01 -5.550E-02  2.367E-01
 -5.2527000E+04  3.148E-01 -4.047E-02  1.396E-01
 -5.2525000E+04  2.886E-01 -4.888E-02  2.533E-01
 -5.2523000E+04  3.960E-01 -7.065E-02  3.836E-01
 -5.2521000E+04  5.531E-01 -6.559E-02  1.895E-01
 -5.2519000E+04  5.405E-01 -6.589E-02  1.988E-01
 -5.2517000E+04  3.240E-01 -4.773E-02  2.104E-01
 -5.2515000E+04  4.380E-01 -5.631E-02  1.935E-01
 -5.2513000E+04  4.370E-01 -5.619E-02  2.021E-01
 -5.2511000E+04  4.644E-01 -6.246E-02  2.385E-01
 -5.2509000E+04  3.543E-01 -5.823E-02  2.872E-01
 -5.2507000E+04  3.783E-01 -6.353E-02  3.207E-01
 -5.2505000E+04  3.815E-01 -5.916E-02  2.727E-01
 -5.2503000E+04  3.756E-01 -5.728E-02  2.689E-01
 -5.2501000E+04  3.826E-01 -5.229E-02  2.040E-01
 -5.2499000E+04  3.734E-01 -5.062E-02  1.898E-01
 -5.2497000E+04  3.958E-01 -6.322E-02  3.008E-01
 -5.2495000E+04  5.040E-01 -7.014E-02  2.830E-01
 -5.2493000E+04  4.129E-01 -6.820E-02  3.349E-01
 -5.2491000E+04  4.339E-01 -6.062E-02  2.561E-01
 -5.2489000E+04  4.179E-01 -5.763E-02  2.269E-01
 -5.2487000E+04  4.297E-01 -6.719E-02  3.162E-01
 -5.2485000E+04  3.955E-01 -6.168E-02  2.893E-01
 -5.2483000E+04  3.555E-01 -4.281E-02  1.219E-01
 -5.2481000E+04  3.245E-01 -4.868E-02  2.256E-01
 -5.2479000E+04  3.555E-01 -5.647E-02  2.717E-01
 -5.2477000E+04  3.741E-01 -5.778E-02  2.689E-01
 -5.2475000E+04  3.387E-01 -4.828E-02  1.920E-01
 -5.2473000E+04  3.499E-01 -4.956E-02  2.047E-01
 -5.2471000E+04  3.196E-01 -5.321E-02  2.658E-01
 -5.2469000E+04  3.646E-01 -4.713E-02  1.611E-01
 -5.2467000E+04  3.323E-01 -4.644E-02  1.930E-01
 -5.2465000E+04  3.869E-01 -5.039E-02  1.799E-01
 -5.2463000E+04  3.004E-01 -4.599E-02  2.080E-01
 -5.2461000E+04  3.575E-01 -4.705E-02  1.679E-01
 -5.2459000E+04  3.405E-01 -5.677E-02  2.885E-01
 -5.2457000E+04  3.607E-01 -4.948E-02  1.929E-01
 -5.2455000E+04  3.479E-01 -4.746E-02  1.826E-01
 -5.2453000E+04  3.427E-01 -5.249E-02  2.394E-01
 -5.2451000E+04  3.536E-01 -4.929E-02  2.091E-01
 -5.2449000E+04  3.057E-01 -4.412E-02  1.779E-01
 -5.2447000E+04  3.130E-01 -4.816E-02  2.159E-01
 -5.2445000E+04  3.157E-01 -4.460E-02  1.898E-01
 -5.2443000E+04  3.292E-01 -4.462E-02  1.717E-01
 -5.2441000E+04  2.624E-01 -4.167E-02  1.934E-01
 -5.2439000E+04  3.077E-01 -4.691E-02  2.193E-01
 -5.2437000E+04  2.412E-01 -4.475E-02  2.383E-01
 -5.2435000E+04  2.759E-01 -4.245E-02  1.923E-01
 -5.2433000E+04  2.729E-01 -3.998E-02  1.721E-01
 -5.2431000E+04  2.740E-01 -4.164E-02  1.883E-01
 -5.2429000E+04  3.543E-01 -4.562E-02  1.670E-01
 -5.2427000E+04  3.750E-01 -5.095E-02  1.894E-01
 -5.2425000E+04  2.711E-01 -3.771E-02  1.553E-01
 -5.2423000E+04  2.525E-01 -3.877E-02  1.838E-01
 -5.2421000E+04  2.920E-01 -3.894E-02  1.398E-01
 -5.2419000E+04  2.671E-01 -4.157E-02  1.911E-01
 -5.2417000E+04  2.402E-01 -3.607E-02  1.551E-01
 -5.2415000E+04  2.605E-01 -4.388E-02  2.265E-01
 -5.2413000E+04  2.790E-01 -3.991E-02  1.748E-01
 -5.2411000E+04  2.902E-01 -4.011E-02  1.608E-01
 -5.2409000E+04  2.485E-01 -3.398E-02  1.436E-01
 -5.2407000E+04  2.810E-01 -3.832E-02  1.449E-01
 -5.2405000E+04  2.973E-01 -4.130E-02  1.643E-01
 -5.2403000E+04  2.475E-01 -3.787E-02  1.736E-01
 -5.2401000E+04  2.801E-01 -4.090E-02  1.717E-01
 -5.2399000E+04  2.542E-01 -3.544E-02  1.462E-01
 -5.2397000E+04  2.562E-01 -3.867E-02  1.782E-01
 -5.2395000E+04  2.458E-01 -3.311E-02  1.232E-01
 -5.2393000E+04  2.136E-01 -3.096E-02  1.337E-01
 -5.2391000E+04  2.457E-01 -3.164E-02  1.146E-01
 -5.2389000E+04  2.615E-01 -4.233E-02  2.127E-01
 -5.2387000E+04  3.191E-01 -3.952E-02  1.264E-01
 -5.2385000E+04  2.045E-01 -3.574E-02  1.884E-01
 -5.2383000E+04  2.339E-01 -3.439E-02  1.456E-01
 -5.2381000E+04  1.950E-01 -2.774E-02  1.184E-01
 -5.2379000E+04  2.572E-01 -3.830E-02  1.760E-01
 -5.2377000E+04  2.391E-01 -3.323E-02  1.304E-01
 -5.2375000E+04  2.258E-01 -3.202E-02  1.272E-01
 -5.2373000E+04  2.101E-01 -3.288E-02  1.543E-01
 -5.2371000E+04  2.562E-01 -3.696E-02  1.512E-01
 -5.2369000E+04  2.518E-01 -3.383E-02  1.301E-01
 -5.2367000E+04  2.331E-01 -3.379E-02  1.482E-01
 -5.2365000E+04  2.150E-01 -3.254E-02  1.494E-01
 -5.2363000E+04  2.003E-01 -3.007E-02  1.419E-01
 -5.2361000E+04  1.925E-01 -2.854E-02  1.381E-01
 -5.2359000E+04  1.987E-01 -3.183E-02  1.306E-01
 -5.2357000E+04  2.414E-01 -2.953E-02  9.631E-02
 -5.2355000E+04  1.973E-01 -3.206E-02  1.609E-01
 -5.2353000E+04  1.943E-01 -2.834E-02  1.282E-01
 -5.2351000E+04  2.111E-01 -3.106E-02  1.294E-01
 -5.2349000E+04  2.275E-01 -2.986E-02  1.251E-01
 -5.2347000E+04  2.235E-01 -3.417E-02  1.561E-01
 -5.2345000E+04  2.166E-01 -3.351E-02  1.442E-01
 -5.2343000E+04  2.006E-01 -2.942E-02  1.305E-01
 -5.2341000E+04  2.179E-01 -2.769E-02  9.186E-02
 -5.2339000E+04  2.106E-01 -2.644E-02  8.681E-02
 -5.2337000E+04  1.845E-01 -2.737E-02  1.249E-01
 -5.2335000E+04  2.095E-01 -2.983E-02  1.206E-01
 -5.2333000E+04  1.878E-01 -2.876E-02  1.227E-01
 -5.2331000E+04  1.497E-01 -2.622E-02  1.328E-01
 -5.2329000E+04  1.704E-01 -2.634E-02  1.176E-01
 -5.2327000E+04  1.903E-01 -2.896E-02  1.286E-01
 -5.2325000E+04  1.852E-01 -2.677E-02  1.166E-01
 -5.2323000E+04  1.589E-01 -2.271E-02  9.782E-02
 -5.2321000E+04  1.904E-01 -3.044E-02  1.497E-01
 -5.2319000E+04  1.931E-01 -2.513E-02  9.352E-02
 -5.2317000E+04  2.059E-01 -2.857E-02  1.115E-01
 -5.2315000E+04  2.006E-01 -2.938E-02  1.313E-01
 -5.2313000E+04  1.962E-01 -2.661E-02  1.145E-01
 -5.2311000E+04  1.855E-01 -2.741E-02  1.166E-01
 -5.2309000E+04  1.447E-01 -2.343E-02  1.138E-01
 -5.2307000E+04  1.726E-01 -2.287E-02  9.484E-02
 -5.2305000E+04  1.571E-01 -2.365E-02  1.179E-01
 -5.2303000E+04  1.532E-01 -2.296E-02  1.029E-01
 -5.2301000E+04  1.778E-01 -2.529E-02  1.018E-01
 -5.2299000E+04  1.682E-01 -2.557E-02  1.169E-01
 -5.2297000E+04  1.763E-01 -2.876E-02  1.337E-01
 -5.2295000E+04  1.636E-01 -2.337E-02  1.040E-01
 -5.2293000E+04  1.713E-01 -2.315E-02  9.571E-02
 -5.2291000E+04  1.712E-01 -2.508E-02  1.003E-01
 -5.2289000E+04  1.557E-01 -2.147E-02  9.843E-02
 -5.2287000E+04  1.699E-01 -2.519E-02  1.078E-01
 -5.2285000E+04  1.668E-01 -2.273E-02  9.781E-02
 -5.2283000E+04  1.536E-01 -2.496E-02  1.177E-01
 -5.2281000E+04  1.493E-01 -2.498E-02  1.208E-01
 -5.2279000E+04  1.414E-01 -2.187E-02  9.732E-02
 -5.2277000E+04  1.574E-01 -1.873E-02  5.652E-02
 -5.2275000E+04  1.496E-01 -2.088E-02  8.943E-02
 -5.2273000E+04  1.457E-01 -2.161E-02  9.856E-02
 -5.2271000E+04  1.656E-01 -2.364E-02  9.891E-02
 -5.2269000E+04  1.732E-01 -2.615E-02  1.235E-01
 -5.2267000E+04  1.549E-01 -2.107E-02  7.969E-02
 -5.2265000E+04  1.335E-01 -1.855E-02  8.071E-02
 -5.2263000E+04  1.696E-01 -2.109E-02  6.244E-02
 -5.2261000E+04  1.282E-01 -1.990E-02  9.736E-02
 -5.2259000E+04  1.644E-01 -2.193E-02  8.042E-02
 -5.2257000E+04  1.470E-01 -2.052E-02  8.319E-02
 -5.2255000E+04  1.388E-01 -2.136E-02  9.515E-02
 -5.2253000E+04  1.531E-01 -2.526E-02  1.267E-01
 -5.2251000E+04  1.258E-01 -1.992E-02  1.018E-01
 -5.2249000E+04  1.537E-01 -2.759E-02  1.203E-01
 -5.2247000E+04  1.089E-01 -1.513E-02  7.376E-02
 -5.2245000E+04  1.313E-01 -1.894E-02  8.517E-02
 -5.2243000E+04  1.251E-01 -2.005E-02  9.431E-02
 -5.2241000E+04  1.448E-01 -1.960E-02  7.598E-02
 -5.2239000E+04  1.467E-01 -1.791E-02  6.399E-02
 -5.2237000E+04  1.206E-01 -1.848E-02  6.894E-02
 -5.2235000E+04  1.160E-01 -2.204E-02  1.034E-01
 -5.2233000E+04  1.342E-01 -1.527E-02  5.413E-02
 -5.2231000E+04  1.186E-01 -1.965E-02  1.004E-01
 -5.2229000E+04  1.589E-01 -2.333E-02  1.068E-01
 -5.2227000E+04  1.241E-01 -1.866E-02  8.394E-02
 -5.2225000E+04  1.641E-01 -2.230E-02  7.311E-02
 -5.2223000E+04  1.467E-01 -2.103E-02  8.799E-02
 -5.2221000E+04  1.120E-01 -1.601E-02  6.400E-02
 -5.2219000E+04  1.430E-01 -1.873E-02  7.555E-02
 -5.2217000E+04  1.426E-01 -1.933E-02  8.137E-02
 -5.2215000E+04  1.160E-01 -1.830E-02  9.317E-02
 -5.2213000E+04  1.108E-01 -1.882E-02  9.636E-02
 -5.2211000E+04  1.188E-01 -1.708E-02  9.020E-02
 -5.2209000E+04  1.142E-01 -1.703E-02  7.339E-02
 -5.2207000E+04  1.408E-01 -1.923E-02  7.489E-02
 -5.2205000E+04  1.226E-01 -1.789E-02  7.652E-02
 -5.2203000E+04  1.331E-01 -2.063E-02  8.991E-02
 -5.2201000E+04  1.371E-01 -1.488E-02  5.702E-02
 -5.2199000E+04  9.549E-02 -1.644E-02  7.313E-02
 -5.2197000E+04  1.200E-01 -1.638E-02  5.448E-02
 -5.2195000E+04  9.521E-02 -1.522E-02  6.955E-02
 -5.2193000E+04  1.138E-01 -1.748E-02  8.667E-02
 -5.2191000E+04  1.290E-01 -1.965E-02  8.997E-02
 -5.2189000E+04  1.081E-01 -1.574E-02  5.789E-02
 -5.2187000E+04  1.160E-01 -1.912E-02  8.175E-02
 -5.2185000E+04  1.225E-01 -1.527E-02  5.380E-02
 -5.2183000E+04  1.100E-01 -1.614E-02  7.714E-02
 -5.2181000E+04  1.208E-01 -1.795E-02  7.011E-02
 -5.2179000E+04  9.941E-02 -1.396E-02  6.564E-02
 -5.2177000E+04  1.027E-01 -1.434E-02  6.380E-02
 -5.2175000E+04  1.153E-01 -1.485E-02  6.141E-02
 -5.2173000E+04  1.041E-01 -1.365E-02  5.087E-02
 -5.2171000E+04  1.066E-01 -1.700E-02  6.942E-02
 -5.2169000E+04  8.709E-02 -1.268E-02  6.641E-02
