 -3.6197000E+04 -6.827E-03  9.650E-04 -4.676E-03
 -3.6195000E+04  5.319E-03 -3.464E-04  3.423E-03
 -3.6193000E+04 -1.194E-02  6.087E-04 -3.092E-03
 -3.6191000E+04 -1.433E-02  1.751E-03 -1.444E-02
 -3.6189000E+04 -4.391E-03  3.146E-03 -2.703E-02
 -3.6187000E+04 -6.576E-02  8.031E-03 -2.367E-02
 -3.6185000E+04 -1.611E+00  2.421E-01 -1.044E+00
 -3.6183000E+04 -1.325E+01  1.991E+00 -8.424E+00
 -3.6181000E+04 -2.598E+01  3.929E+00 -1.644E+01
 -3.6179000E+04 -1.484E+01  2.291E+00 -9.634E+00
 -3.6177000E+04 -4.401E+00  7.006E-01 -2.996E+00
 -3.6175000E+04 -1.401E+00  2.163E-01 -8.549E-01
 -3.6173000E+04 -6.288E-01  9.203E-02 -3.210E-01
 -3.6171000E+04  7.804E-02 -4.919E-03 -7.447E-03
 -3.6169000E+04  1.910E-01 -3.145E-02  1.581E-01
 -3.6167000E+04  1.393E-01 -2.620E-02  1.199E-01
 -3.6165000E+04  3.886E-01 -5.290E-02  1.960E-01
 -3.6163000E+04  3.576E-01 -5.449E-02  2.386E-01
 -3.6161000E+04  2.567E-01 -4.077E-02  1.822E-01
 -3.6159000E+04  4.416E-01 -6.166E-02  2.250E-01
 -3.6157000E+04  3.121E-01 -5.367E-02  2.848E-01
 -3.6155000E+04  2.869E-01 -5.065E-02  2.579E-01
 -3.6153000E+04  4.373E-01 -5.937E-02  1.921E-01
 -3.6151000E+04  3.731E-01 -5.142E-02  1.718E-01
 -3.6149000E+04  4.954E-01 -7.064E-02  2.586E-01
 -3.6147000E+04  4.778E-01 -5.940E-02  1.579E-01
 -3.6145000E+04  3.089E-01 -5.238E-02  2.454E-01
 -3.6143000E+04  3.303E-01 -5.750E-02  2.940E-01
 -3.6141000E+04  4.346E-01 -7.049E-02  3.198E-01
 -3.6139000E+04  3.149E-01 -4.983E-02  2.344E-01
 -3.6137000E+04  4.042E-01 -6.175E-02  2.602E-01
 -3.6135000E+04  3.200E-01 -4.803E-02  1.983E-01
 -3.6133000E+04  3.797E-01 -5.860E-02  2.465E-01
 -3.6131000E+04  3.234E-01 -5.464E-02  2.701E-01
 -3.6129000E+04  3.746E-01 -6.225E-02  3.082E-01
 -3.6127000E+04  3.949E-01 -5.746E-02  2.255E-01
 -3.6125000E+04  4.400E-01 -6.572E-02  2.620E-01
 -3.6123000E+04  2.819E-01 -4.603E-02  2.213E-01
 -3.6121000E+04  3.553E-01 -5.779E-02  2.575E-01
 -3.6119000E+04  3.800E-01 -6.140E-02  2.769E-01
 -3.6117000E+04  3.827E-01 -5.956E-02  2.478E-01
 -3.6115000E+04  2.955E-01 -3.661E-02  9.413E-02
 -3.6113000E+04  3.659E-01 -5.801E-02  2.530E-01
 -3.6111000E+04  4.083E-01 -5.318E-02  1.581E-01
 -3.6109000E+04  3.398E-01 -5.312E-02  2.237E-01
 -3.6107000E+04  3.654E-01 -5.836E-02  2.497E-01
 -3.6105000E+04  2.356E-01 -4.228E-02  2.199E-01
 -3.6103000E+04  2.628E-01 -4.038E-02  1.721E-01
 -3.6101000E+04  3.577E-01 -5.006E-02  1.819E-01
 -3.6099000E+04  3.435E-01 -5.021E-02  1.975E-01
 -3.6097000E+04  3.362E-01 -4.862E-02  1.925E-01
 -3.6095000E+04  2.802E-01 -4.424E-02  1.819E-01
 -3.6093000E+04  3.135E-01 -4.806E-02  1.986E-01
 -3.6091000E+04  2.977E-01 -4.639E-02  2.020E-01
 -3.6089000E+04  2.567E-01 -4.544E-02  2.374E-01
 -3.6087000E+04  3.430E-01 -5.168E-02  2.073E-01
 -3.6085000E+04  3.258E-01 -5.068E-02  2.204E-01
 -3.6083000E+04  2.447E-01 -3.879E-02  1.691E-01
 -3.6081000E+04  3.177E-01 -4.616E-02  1.786E-01
 -3.6079000E+04  2.778E-01 -4.274E-02  1.855E-01
 -3.6077000E+04  3.048E-01 -5.089E-02  2.481E-01
 -3.6075000E+04  3.171E-01 -4.929E-02  2.128E-01
 -3.6073000E+04  2.703E-01 -3.831E-02  1.174E-01
 -3.6071000E+04  2.793E-01 -4.217E-02  1.756E-01
 -3.6069000E+04  3.120E-01 -4.666E-02  1.895E-01
 -3.6067000E+04  2.637E-01 -4.210E-02  1.909E-01
 -3.6065000E+04  2.539E-01 -4.006E-02  1.801E-01
 -3.6063000E+04  3.198E-01 -4.617E-02  1.703E-01
 -3.6061000E+04  2.457E-01 -3.996E-02  1.833E-01
 -3.6059000E+04  2.504E-01 -3.761E-02  1.521E-01
 -3.6057000E+04  2.861E-01 -4.542E-02  2.044E-01
 -3.6055000E+04  2.851E-01 -3.687E-02  1.053E-01
 -3.6053000E+04  2.813E-01 -4.472E-02  1.968E-01
 -3.6051000E+04  2.590E-01 -4.210E-02  1.889E-01
 -3.6049000E+04  2.415E-01 -3.843E-02  1.677E-01
 -3.6047000E+04  2.499E-01 -3.899E-02  1.617E-01
 -3.6045000E+04  2.108E-01 -3.186E-02  1.287E-01
 -3.6043000E+04  2.539E-01 -3.581E-02  1.330E-01
 -3.6041000E+04  2.864E-01 -4.282E-02  1.767E-01
 -3.6039000E+04  2.605E-01 -4.093E-02  1.804E-01
 -3.6037000E+04  2.583E-01 -4.097E-02  1.828E-01
 -3.6035000E+04  2.234E-01 -3.917E-02  1.926E-01
 -3.6033000E+04  2.427E-01 -3.107E-02  1.003E-01
 -3.6031000E+04  2.313E-01 -3.140E-02  1.048E-01
 -3.6029000E+04  2.258E-01 -4.048E-02  2.255E-01
 -3.6027000E+04  2.690E-01 -4.042E-02  1.556E-01
 -3.6025000E+04  2.613E-01 -4.166E-02  1.758E-01
 -3.6023000E+04  2.274E-01 -3.328E-02  1.424E-01
 -3.6021000E+04  2.096E-01 -2.894E-02  9.922E-02
 -3.6019000E+04  2.201E-01 -3.342E-02  1.445E-01
 -3.6017000E+04  2.093E-01 -3.029E-02  1.120E-01
 -3.6015000E+04  2.171E-01 -3.307E-02  1.323E-01
 -3.6013000E+04  2.367E-01 -3.851E-02  1.888E-01
 -3.6011000E+04  2.303E-01 -3.100E-02  1.127E-01
 -3.6009000E+04  1.912E-01 -2.597E-02  1.109E-01
 -3.6007000E+04  2.196E-01 -3.485E-02  1.528E-01
 -3.6005000E+04  2.188E-01 -3.039E-02  1.298E-01
 -3.6003000E+04  1.905E-01 -2.790E-02  1.032E-01
 -3.6001000E+04  2.013E-01 -3.153E-02  1.270E-01
 -3.5999000E+04  2.158E-01 -3.605E-02  1.562E-01
 -3.5997000E+04  1.883E-01 -3.149E-02  1.497E-01
 -3.5995000E+04  1.856E-01 -3.253E-02  1.564E-01
 -3.5993000E+04  2.398E-01 -3.542E-02  1.404E-01
 -3.5991000E+04  1.956E-01 -2.695E-02  8.671E-02
 -3.5989000E+04  1.714E-01 -2.474E-02  9.573E-02
 -3.5987000E+04  1.816E-01 -2.835E-02  1.243E-01
 -3.5985000E+04  2.004E-01 -3.215E-02  1.450E-01
 -3.5983000E+04  2.248E-01 -3.073E-02  1.043E-01
 -3.5981000E+04  2.062E-01 -3.240E-02  1.439E-01
 -3.5979000E+04  1.759E-01 -2.805E-02  1.271E-01
 -3.5977000E+04  1.822E-01 -2.787E-02  1.103E-01
 -3.5975000E+04  1.957E-01 -2.648E-02  9.014E-02
 -3.5973000E+04  1.952E-01 -3.128E-02  1.348E-01
 -3.5971000E+04  2.168E-01 -2.992E-02  1.083E-01
 -3.5969000E+04  2.107E-01 -3.188E-02  1.308E-01
 -3.5967000E+04  1.734E-01 -2.535E-02  9.703E-02
 -3.5965000E+04  1.426E-01 -2.776E-02  1.544E-01
 -3.5963000E+04  1.839E-01 -2.904E-02  1.199E-01
 -3.5961000E+04  1.907E-01 -2.891E-02  1.173E-01
 -3.5959000E+04  1.807E-01 -2.459E-02  8.223E-02
 -3.5957000E+04  1.936E-01 -2.895E-02  1.052E-01
 -3.5955000E+04  1.797E-01 -3.012E-02  1.502E-01
 -3.5953000E+04  1.498E-01 -2.500E-02  1.207E-01
 -3.5951000E+04  1.583E-01 -2.508E-02  1.199E-01
 -3.5949000E+04  1.979E-01 -2.934E-02  1.112E-01
 -3.5947000E+04  1.675E-01 -2.668E-02  1.109E-01
 -3.5945000E+04  1.630E-01 -2.760E-02  1.209E-01
 -3.5943000E+04  1.558E-01 -2.443E-02  1.008E-01
 -3.5941000E+04  1.761E-01 -2.727E-02  1.158E-01
 -3.5939000E+04  1.911E-01 -2.292E-02  8.716E-02
 -3.5937000E+04  1.238E-01 -2.183E-02  9.569E-02
 -3.5935000E+04  1.432E-01 -2.259E-02  1.113E-01
 -3.5933000E+04  1.705E-01 -2.710E-02  1.294E-01
 -3.5931000E+04  1.748E-01 -2.544E-02  9.668E-02
 -3.5929000E+04  1.597E-01 -2.564E-02  1.140E-01
 -3.5927000E+04  1.883E-01 -2.671E-02  8.218E-02
 -3.5925000E+04  1.287E-01 -1.901E-02  7.522E-02
 -3.5923000E+04  1.378E-01 -2.402E-02  1.252E-01
 -3.5921000E+04  1.500E-01 -2.372E-02  1.065E-01
 -3.5919000E+04  1.414E-01 -1.928E-02  6.023E-02
 -3.5917000E+04  1.719E-01 -2.665E-02  1.112E-01
 -3.5915000E+04  1.526E-01 -2.414E-02  1.062E-01
 -3.5913000E+04  1.261E-01 -1.740E-02  6.867E-02
 -3.5911000E+04  1.191E-01 -1.999E-02  9.653E-02
 -3.5909000E+04  1.552E-01 -2.247E-02  8.732E-02
 -3.5907000E+04  1.421E-01 -2.433E-02  1.249E-01
 -3.5905000E+04  1.447E-01 -2.201E-02  9.547E-02
 -3.5903000E+04  1.280E-01 -1.940E-02  7.951E-02
 -3.5901000E+04  1.427E-01 -2.347E-02  9.589E-02
 -3.5899000E+04  1.687E-01 -2.819E-02  7.153E-02
 -3.5897000E+04  1.218E-01 -2.302E-02  7.962E-02
 -3.5895000E+04  1.354E-01 -1.986E-02  9.137E-02
 -3.5893000E+04  1.749E-01 -2.317E-02  7.092E-02
 -3.5891000E+04  1.293E-01 -2.056E-02  9.735E-02
 -3.5889000E+04  1.420E-01 -2.040E-02  9.592E-02
 -3.5887000E+04  1.539E-01 -2.263E-02  7.642E-02
 -3.5885000E+04  1.433E-01 -2.389E-02  1.017E-01
 -3.5883000E+04  1.063E-01 -1.809E-02  1.124E-01
 -3.5881000E+04  1.326E-01 -1.296E-02  8.761E-02
 -3.5879000E+04  1.373E-01 -1.853E-02  7.413E-02
 -3.5877000E+04  1.504E-01 -2.185E-02  8.037E-02
 -3.5875000E+04  1.285E-01 -2.071E-02  1.056E-01
 -3.5873000E+04  1.366E-01 -1.945E-02  7.756E-02
 -3.5871000E+04  1.333E-01 -1.956E-02  6.539E-02
 -3.5869000E+04  1.441E-01 -2.578E-02  9.043E-02
 -3.5867000E+04  1.501E-01 -2.262E-02  8.675E-02
 -3.5865000E+04  1.197E-01 -1.829E-02  7.225E-02
 -3.5863000E+04  1.031E-01 -1.501E-02  6.822E-02
 -3.5861000E+04  1.080E-01 -1.562E-02  7.387E-02
 -3.5859000E+04  1.094E-01 -1.793E-02  8.291E-02
 -3.5857000E+04  1.182E-01 -2.019E-02  9.245E-02
 -3.5855000E+04  1.331E-01 -2.117E-02  9.656E-02
 -3.5853000E+04  9.976E-02 -1.702E-02  9.527E-02
 -3.5851000E+04  1.203E-01 -1.760E-02  6.369E-02
 -3.5849000E+04  1.264E-01 -1.801E-02  6.667E-02
 -3.5847000E+04  1.222E-01 -1.664E-02  5.754E-02
 -3.5845000E+04  1.132E-01 -1.621E-02  5.309E-02
 -3.5843000E+04  1.298E-01 -1.810E-02  5.926E-02
 -3.5841000E+04  1.139E-01 -1.734E-02  6.738E-02
 -3.5839000E+04  9.950E-02 -1.779E-02  9.235E-02
 -3.5837000E+04  1.088E-01 -1.654E-02  6.406E-02
 -3.5835000E+04  1.102E-01 -1.639E-02  6.370E-02
 -3.5833000E+04  1.196E-01 -1.759E-02  6.792E-02
 -3.5831000E+04  1.083E-01 -1.660E-02  6.777E-02
 -3.5829000E+04  1.037E-01 -1.495E-02  6.642E-02
 -3.5827000E+04  1.298E-01 -1.913E-02  7.513E-02
 -3.5825000E+04  9.480E-02 -1.416E-02  5.879E-02
 -3.5823000E+04  1.416E-01 -2.242E-02  8.827E-02
 -3.5821000E+04  1.245E-01 -1.837E-02  8.368E-02
 -3.5819000E+04  9.339E-02 -1.615E-02  6.482E-02
