  1.4547000E+04 -1.043E-04  1.469E-05 -6.192E-05
  1.4549000E+04 -2.523E-04  3.650E-05 -2.039E-04
  1.4551000E+04 -3.860E-05 -8.843E-06  1.349E-04
  1.4553000E+04 -6.652E-04  2.434E-06  7.234E-04
  1.4555000E+04 -4.961E-03  8.050E-04 -4.249E-03
  1.4557000E+04  1.769E-03 -1.536E-05 -1.873E-03
  1.4559000E+04 -1.127E-03  1.006E-04  5.467E-05
  1.4561000E+04 -6.637E-03  8.985E-04 -3.554E-03
  1.4563000E+04 -4.249E-02  6.229E-03 -2.774E-02
  1.4565000E+04 -1.736E+00  2.747E-01 -1.381E+00
  1.4567000E+04 -2.008E+01  3.041E+00 -1.413E+01
  1.4569000E+04 -2.627E+01  3.851E+00 -1.660E+01
  1.4571000E+04 -6.608E+00  9.475E-01 -3.816E+00
  1.4573000E+04 -1.141E+00  1.573E-01 -5.613E-01
  1.4575000E+04 -3.148E-01  5.746E-02 -3.252E-01
  1.4577000E+04  9.019E-02 -1.882E-02  1.345E-01
  1.4579000E+04  2.024E-01 -2.921E-02  1.309E-01
  1.4581000E+04  1.371E-01 -2.941E-02  2.037E-01
  1.4583000E+04  3.500E-01 -4.450E-02  1.403E-01
  1.4585000E+04  2.943E-01 -4.041E-02  1.513E-01
  1.4587000E+04  3.093E-01 -4.840E-02  2.324E-01
  1.4589000E+04  2.255E-01 -4.286E-02  2.587E-01
  1.4591000E+04  4.115E-01 -5.546E-02  1.948E-01
  1.4593000E+04  3.596E-01 -5.331E-02  2.308E-01
  1.4595000E+04  4.044E-01 -5.590E-02  2.119E-01
  1.4597000E+04  3.464E-01 -5.222E-02  2.427E-01
  1.4599000E+04  2.915E-01 -4.128E-02  1.691E-01
  1.4601000E+04  3.233E-01 -5.142E-02  2.543E-01
  1.4603000E+04  3.638E-01 -5.204E-02  2.077E-01
  1.4605000E+04  3.298E-01 -5.075E-02  2.289E-01
  1.4607000E+04  3.041E-01 -5.201E-02  2.814E-01
  1.4609000E+04  3.492E-01 -5.266E-02  2.371E-01
  1.4611000E+04  3.608E-01 -5.307E-02  2.244E-01
  1.4613000E+04  2.891E-01 -4.856E-02  2.577E-01
  1.4615000E+04  3.526E-01 -4.518E-02  1.410E-01
  1.4617000E+04  3.777E-01 -6.001E-02  2.922E-01
  1.4619000E+04  3.662E-01 -5.346E-02  2.243E-01
  1.4621000E+04  2.926E-01 -4.487E-02  2.077E-01
  1.4623000E+04  3.525E-01 -5.581E-02  2.685E-01
  1.4625000E+04  3.176E-01 -4.917E-02  2.299E-01
  1.4627000E+04  3.171E-01 -4.789E-02  2.161E-01
  1.4629000E+04  3.330E-01 -4.893E-02  2.087E-01
  1.4631000E+04  2.954E-01 -4.538E-02  2.125E-01
  1.4633000E+04  3.376E-01 -4.539E-02  1.634E-01
  1.4635000E+04  3.444E-01 -4.791E-02  1.835E-01
  1.4637000E+04  3.311E-01 -5.296E-02  2.665E-01
  1.4639000E+04  2.731E-01 -3.906E-02  1.535E-01
  1.4641000E+04  3.185E-01 -4.849E-02  2.220E-01
  1.4643000E+04  2.626E-01 -4.150E-02  2.065E-01
  1.4645000E+04  3.313E-01 -4.939E-02  2.197E-01
  1.4647000E+04  2.551E-01 -4.108E-02  1.993E-01
  1.4649000E+04  2.799E-01 -4.324E-02  2.001E-01
  1.4651000E+04  2.956E-01 -4.244E-02  1.747E-01
  1.4653000E+04  2.582E-01 -3.729E-02  1.603E-01
  1.4655000E+04  2.813E-01 -4.500E-02  2.265E-01
  1.4657000E+04  2.692E-01 -4.357E-02  2.168E-01
  1.4659000E+04  2.837E-01 -3.902E-02  1.333E-01
  1.4661000E+04  2.803E-01 -4.107E-02  1.859E-01
  1.4663000E+04  2.910E-01 -4.155E-02  1.760E-01
  1.4665000E+04  2.766E-01 -4.272E-02  1.864E-01
  1.4667000E+04  2.259E-01 -3.492E-02  1.486E-01
  1.4669000E+04  2.590E-01 -3.822E-02  1.666E-01
  1.4671000E+04  2.136E-01 -3.319E-02  1.650E-01
  1.4673000E+04  2.705E-01 -4.128E-02  1.917E-01
  1.4675000E+04  2.567E-01 -3.830E-02  1.699E-01
  1.4677000E+04  2.392E-01 -3.535E-02  1.522E-01
  1.4679000E+04  2.375E-01 -4.024E-02  2.099E-01
  1.4681000E+04  2.658E-01 -3.876E-02  1.649E-01
  1.4683000E+04  2.933E-01 -4.089E-02  1.556E-01
  1.4685000E+04  2.401E-01 -3.551E-02  1.512E-01
  1.4687000E+04  2.411E-01 -3.773E-02  1.798E-01
  1.4689000E+04  2.727E-01 -3.935E-02  1.649E-01
  1.4691000E+04  2.534E-01 -3.772E-02  1.601E-01
  1.4693000E+04  2.269E-01 -3.489E-02  1.693E-01
  1.4695000E+04  2.108E-01 -3.117E-02  1.374E-01
  1.4697000E+04  2.448E-01 -3.521E-02  1.420E-01
  1.4699000E+04  2.229E-01 -3.274E-02  1.415E-01
  1.4701000E+04  2.245E-01 -3.521E-02  1.702E-01
  1.4703000E+04  2.451E-01 -3.609E-02  1.586E-01
  1.4705000E+04  2.209E-01 -3.039E-02  1.170E-01
  1.4707000E+04  2.110E-01 -3.040E-02  1.272E-01
  1.4709000E+04  2.255E-01 -3.237E-02  1.341E-01
  1.4711000E+04  2.199E-01 -3.234E-02  1.328E-01
  1.4713000E+04  2.065E-01 -3.044E-02  1.310E-01
  1.4715000E+04  2.489E-01 -3.659E-02  1.649E-01
  1.4717000E+04  2.167E-01 -3.153E-02  1.377E-01
  1.4719000E+04  2.666E-01 -3.703E-02  1.404E-01
  1.4721000E+04  2.041E-01 -2.856E-02  1.082E-01
  1.4723000E+04  1.974E-01 -3.098E-02  1.549E-01
  1.4725000E+04  1.904E-01 -3.071E-02  1.547E-01
  1.4727000E+04  2.095E-01 -2.898E-02  1.068E-01
  1.4729000E+04  2.067E-01 -2.906E-02  1.196E-01
  1.4731000E+04  1.862E-01 -3.073E-02  1.566E-01
  1.4733000E+04  1.822E-01 -2.696E-02  1.154E-01
  1.4735000E+04  2.274E-01 -3.352E-02  1.503E-01
  1.4737000E+04  2.108E-01 -3.053E-02  1.275E-01
  1.4739000E+04  2.208E-01 -3.306E-02  1.429E-01
  1.4741000E+04  1.593E-01 -2.606E-02  1.362E-01
  1.4743000E+04  1.591E-01 -2.648E-02  1.377E-01
  1.4745000E+04  1.876E-01 -2.431E-02  8.496E-02
  1.4747000E+04  1.981E-01 -3.187E-02  1.561E-01
  1.4749000E+04  1.881E-01 -2.964E-02  1.413E-01
  1.4751000E+04  1.984E-01 -2.843E-02  1.158E-01
  1.4753000E+04  1.710E-01 -2.597E-02  1.183E-01
  1.4755000E+04  1.913E-01 -2.723E-02  1.114E-01
  1.4757000E+04  1.911E-01 -2.907E-02  1.344E-01
  1.4759000E+04  1.814E-01 -2.632E-02  1.118E-01
  1.4761000E+04  1.464E-01 -2.246E-02  1.024E-01
  1.4763000E+04  1.852E-01 -2.365E-02  6.812E-02
  1.4765000E+04  1.959E-01 -2.988E-02  1.414E-01
  1.4767000E+04  1.745E-01 -2.614E-02  1.204E-01
  1.4769000E+04  1.609E-01 -2.335E-02  9.155E-02
  1.4771000E+04  1.758E-01 -2.594E-02  1.190E-01
  1.4773000E+04  1.940E-01 -2.753E-02  1.070E-01
  1.4775000E+04  1.510E-01 -2.289E-02  1.076E-01
  1.4777000E+04  1.662E-01 -2.576E-02  1.234E-01
  1.4779000E+04  1.505E-01 -2.298E-02  1.085E-01
  1.4781000E+04  1.734E-01 -2.423E-02  9.474E-02
  1.4783000E+04  1.724E-01 -2.371E-02  8.868E-02
  1.4785000E+04  1.784E-01 -2.372E-02  8.085E-02
  1.4787000E+04  1.479E-01 -2.225E-02  1.007E-01
  1.4789000E+04  1.388E-01 -2.080E-02  9.414E-02
  1.4791000E+04  1.637E-01 -2.518E-02  1.187E-01
  1.4793000E+04  1.480E-01 -2.273E-02  1.021E-01
  1.4795000E+04  1.546E-01 -2.356E-02  1.080E-01
  1.4797000E+04  1.710E-01 -2.454E-02  1.072E-01
  1.4799000E+04  1.787E-01 -2.680E-02  1.178E-01
  1.4801000E+04  1.613E-01 -2.440E-02  1.110E-01
  1.4803000E+04  1.314E-01 -2.190E-02  1.191E-01
  1.4805000E+04  1.446E-01 -2.196E-02  1.039E-01
  1.4807000E+04  1.624E-01 -2.357E-02  9.639E-02
  1.4809000E+04  1.547E-01 -2.430E-02  1.148E-01
  1.4811000E+04  1.465E-01 -2.245E-02  1.062E-01
  1.4813000E+04  1.569E-01 -2.177E-02  8.007E-02
  1.4815000E+04  1.250E-01 -1.939E-02  9.531E-02
  1.4817000E+04  1.362E-01 -1.994E-02  9.026E-02
  1.4819000E+04  1.223E-01 -1.850E-02  8.681E-02
  1.4821000E+04  9.849E-02 -1.607E-02  8.085E-02
  1.4823000E+04  1.331E-01 -1.854E-02  7.111E-02
  1.4825000E+04  1.480E-01 -2.217E-02  1.016E-01
  1.4827000E+04  1.393E-01 -2.169E-02  1.043E-01
  1.4829000E+04  1.497E-01 -2.266E-02  1.013E-01
  1.4831000E+04  1.448E-01 -2.106E-02  9.267E-02
  1.4833000E+04  1.373E-01 -2.074E-02  9.669E-02
  1.4835000E+04  1.550E-01 -1.992E-02  6.037E-02
  1.4837000E+04  1.339E-01 -1.885E-02  7.576E-02
  1.4839000E+04  1.417E-01 -2.003E-02  8.259E-02
  1.4841000E+04  9.916E-02 -1.665E-02  8.975E-02
  1.4843000E+04  1.147E-01 -1.852E-02  9.059E-02
  1.4845000E+04  1.602E-01 -2.251E-02  8.790E-02
  1.4847000E+04  1.165E-01 -1.853E-02  9.025E-02
  1.4849000E+04  1.087E-01 -1.713E-02  8.392E-02
  1.4851000E+04  1.401E-01 -2.022E-02  8.530E-02
  1.4853000E+04  1.425E-01 -1.889E-02  6.464E-02
  1.4855000E+04  1.105E-01 -1.677E-02  7.611E-02
  1.4857000E+04  1.160E-01 -1.861E-02  9.764E-02
  1.4859000E+04  1.030E-01 -1.809E-02  9.283E-02
  1.4861000E+04  1.254E-01 -1.719E-02  6.517E-02
  1.4863000E+04  1.310E-01 -1.922E-02  8.116E-02
  1.4865000E+04  1.341E-01 -1.918E-02  7.758E-02
  1.4867000E+04  1.188E-01 -1.761E-02  8.177E-02
  1.4869000E+04  1.007E-01 -1.512E-02  6.937E-02
  1.4871000E+04  1.285E-01 -1.843E-02  7.619E-02
  1.4873000E+04  1.226E-01 -1.773E-02  7.198E-02
  1.4875000E+04  1.207E-01 -1.586E-02  5.608E-02
  1.4877000E+04  1.260E-01 -1.891E-02  8.516E-02
  1.4879000E+04  1.377E-01 -1.892E-02  7.300E-02
  1.4881000E+04  1.244E-01 -1.736E-02  7.250E-02
  1.4883000E+04  9.158E-02 -1.484E-02  8.045E-02
  1.4885000E+04  1.121E-01 -1.597E-02  6.068E-02
  1.4887000E+04  1.272E-01 -1.725E-02  6.447E-02
  1.4889000E+04  9.101E-02 -1.587E-02  8.099E-02
  1.4891000E+04  1.073E-01 -1.559E-02  6.447E-02
  1.4893000E+04  1.149E-01 -1.551E-02  5.636E-02
  1.4895000E+04  1.278E-01 -1.855E-02  7.830E-02
  1.4897000E+04  1.068E-01 -1.547E-02  6.881E-02
  1.4899000E+04  1.030E-01 -1.591E-02  7.816E-02
  1.4901000E+04  1.253E-01 -1.731E-02  6.157E-02
  1.4903000E+04  1.096E-01 -1.777E-02  8.746E-02
  1.4905000E+04  8.961E-02 -1.421E-02  7.067E-02
  1.4907000E+04  1.085E-01 -1.767E-02  8.960E-02
  1.4909000E+04  1.102E-01 -1.439E-02  5.060E-02
  1.4911000E+04  1.078E-01 -1.693E-02  7.727E-02
  1.4913000E+04  7.678E-02 -1.196E-02  5.548E-02
  1.4915000E+04  9.901E-02 -1.241E-02  3.751E-02
  1.4917000E+04  1.031E-01 -1.556E-02  7.432E-02
  1.4919000E+04  8.474E-02 -1.383E-02  7.122E-02
  1.4921000E+04  1.033E-01 -1.566E-02  7.957E-02
  1.4923000E+04  1.058E-01 -1.497E-02  6.208E-02
  1.4925000E+04  9.208E-02 -1.206E-02  4.577E-02
