  5.6811000E+04 -1.775E-04  1.739E-05  1.198E-04
  5.6813000E+04 -4.654E-04  7.765E-05 -2.855E-04
  5.6815000E+04  1.274E-03 -1.749E-04 -4.778E-04
  5.6817000E+04 -6.665E-04  6.345E-05  4.842E-04
  5.6819000E+04  3.121E-04 -8.117E-06 -3.073E-04
  5.6821000E+04 -3.893E-04  8.591E-05 -7.000E-04
  5.6823000E+04 -9.477E-05  3.301E-05 -3.319E-04
  5.6825000E+04 -9.105E-04  4.005E-05  7.612E-04
  5.6827000E+04 -4.104E-04  2.586E-05  1.715E-04
  5.6829000E+04 -1.454E-02  2.350E-03 -1.371E-02
  5.6831000E+04 -6.875E-01  9.448E-02 -4.357E-01
  5.6833000E+04 -1.474E+01  2.036E+00 -9.485E+00
  5.6835000E+04 -2.946E+01  4.111E+00 -1.951E+01
  5.6837000E+04 -6.455E+00  9.147E-01 -4.472E+00
  5.6839000E+04 -7.620E-01  1.056E-01 -5.068E-01
  5.6841000E+04  1.102E-02  2.530E-03 -5.463E-02
  5.6843000E+04 -9.142E-02 -2.120E-03  1.298E-01
  5.6845000E+04  1.642E-01 -2.080E-02  7.137E-02
  5.6847000E+04  1.906E-01 -2.885E-02  1.517E-01
  5.6849000E+04  2.944E-01 -4.235E-02  2.036E-01
  5.6851000E+04  2.959E-01 -4.288E-02  2.101E-01
  5.6853000E+04  3.588E-01 -5.463E-02  2.902E-01
  5.6855000E+04  3.481E-01 -4.425E-02  1.637E-01
  5.6857000E+04  3.088E-01 -3.878E-02  1.424E-01
  5.6859000E+04  2.543E-01 -4.341E-02  2.731E-01
  5.6861000E+04  3.204E-01 -4.231E-02  1.760E-01
  5.6863000E+04  3.113E-01 -4.593E-02  2.348E-01
  5.6865000E+04  3.574E-01 -4.748E-02  2.012E-01
  5.6867000E+04  4.203E-01 -6.104E-02  3.044E-01
  5.6869000E+04  3.331E-01 -4.826E-02  2.364E-01
  5.6871000E+04  2.811E-01 -3.609E-02  1.440E-01
  5.6873000E+04  3.109E-01 -4.382E-02  2.055E-01
  5.6875000E+04  2.941E-01 -4.505E-02  2.443E-01
  5.6877000E+04  2.591E-01 -3.782E-02  1.901E-01
  5.6879000E+04  3.375E-01 -4.544E-02  1.971E-01
  5.6881000E+04  3.144E-01 -4.692E-02  2.463E-01
  5.6883000E+04  3.314E-01 -4.661E-02  2.180E-01
  5.6885000E+04  2.743E-01 -3.585E-02  1.503E-01
  5.6887000E+04  3.077E-01 -4.626E-02  2.450E-01
  5.6889000E+04  2.765E-01 -4.330E-02  2.411E-01
  5.6891000E+04  3.628E-01 -4.688E-02  1.894E-01
  5.6893000E+04  3.165E-01 -4.521E-02  2.181E-01
  5.6895000E+04  3.044E-01 -4.362E-02  2.138E-01
  5.6897000E+04  2.677E-01 -4.044E-02  2.151E-01
  5.6899000E+04  2.839E-01 -4.085E-02  1.995E-01
  5.6901000E+04  3.228E-01 -4.410E-02  1.998E-01
  5.6903000E+04  2.924E-01 -4.015E-02  1.831E-01
  5.6905000E+04  2.434E-01 -3.536E-02  1.792E-01
  5.6907000E+04  2.863E-01 -3.976E-02  1.839E-01
  5.6909000E+04  3.055E-01 -4.336E-02  2.105E-01
  5.6911000E+04  2.904E-01 -4.218E-02  2.119E-01
  5.6913000E+04  2.436E-01 -3.192E-02  1.304E-01
  5.6915000E+04  2.645E-01 -3.714E-02  1.777E-01
  5.6917000E+04  3.130E-01 -4.294E-02  1.926E-01
  5.6919000E+04  2.424E-01 -3.557E-02  1.813E-01
  5.6921000E+04  2.340E-01 -3.306E-02  1.597E-01
  5.6923000E+04  2.183E-01 -3.402E-02  1.919E-01
  5.6925000E+04  2.692E-01 -3.673E-02  1.676E-01
  5.6927000E+04  2.338E-01 -3.456E-02  1.834E-01
  5.6929000E+04  2.386E-01 -3.286E-02  1.464E-01
  5.6931000E+04  2.462E-01 -3.071E-02  1.143E-01
  5.6933000E+04  2.613E-01 -3.468E-02  1.472E-01
  5.6935000E+04  2.506E-01 -3.586E-02  1.761E-01
  5.6937000E+04  2.561E-01 -3.901E-02  2.078E-01
  5.6939000E+04  2.027E-01 -3.088E-02  1.663E-01
  5.6941000E+04  2.286E-01 -3.424E-02  1.856E-01
  5.6943000E+04  2.679E-01 -3.623E-02  1.628E-01
  5.6945000E+04  2.727E-01 -3.646E-02  1.601E-01
  5.6947000E+04  2.067E-01 -2.865E-02  1.353E-01
  5.6949000E+04  2.174E-01 -3.132E-02  1.506E-01
  5.6951000E+04  1.825E-01 -2.649E-02  1.306E-01
  5.6953000E+04  2.117E-01 -3.104E-02  1.577E-01
  5.6955000E+04  2.633E-01 -3.573E-02  1.590E-01
  5.6957000E+04  2.398E-01 -3.308E-02  1.545E-01
  5.6959000E+04  2.356E-01 -3.258E-02  1.507E-01
  5.6961000E+04  2.217E-01 -2.981E-02  1.275E-01
  5.6963000E+04  2.354E-01 -3.147E-02  1.384E-01
  5.6965000E+04  1.987E-01 -2.578E-02  1.072E-01
  5.6967000E+04  1.682E-01 -2.526E-02  1.291E-01
  5.6969000E+04  2.492E-01 -3.298E-02  1.445E-01
  5.6971000E+04  1.991E-01 -2.687E-02  1.177E-01
  5.6973000E+04  1.957E-01 -2.826E-02  1.403E-01
  5.6975000E+04  2.125E-01 -2.999E-02  1.375E-01
  5.6977000E+04  1.635E-01 -2.342E-02  1.141E-01
  5.6979000E+04  1.950E-01 -2.842E-02  1.453E-01
  5.6981000E+04  1.688E-01 -2.549E-02  1.416E-01
  5.6983000E+04  1.973E-01 -2.745E-02  1.312E-01
  5.6985000E+04  2.389E-01 -3.208E-02  1.397E-01
  5.6987000E+04  1.970E-01 -2.804E-02  1.390E-01
  5.6989000E+04  2.244E-01 -2.696E-02  9.096E-02
  5.6991000E+04  1.963E-01 -2.685E-02  1.230E-01
  5.6993000E+04  2.142E-01 -2.898E-02  1.267E-01
  5.6995000E+04  1.784E-01 -2.511E-02  1.196E-01
  5.6997000E+04  1.697E-01 -2.617E-02  1.490E-01
  5.6999000E+04  1.940E-01 -2.750E-02  1.338E-01
  5.7001000E+04  1.753E-01 -2.312E-02  9.433E-02
  5.7003000E+04  1.692E-01 -2.262E-02  9.733E-02
  5.7005000E+04  1.946E-01 -2.713E-02  1.305E-01
  5.7007000E+04  2.086E-01 -2.835E-02  1.329E-01
  5.7009000E+04  2.002E-01 -2.785E-02  1.287E-01
  5.7011000E+04  1.628E-01 -2.330E-02  1.145E-01
  5.7013000E+04  1.835E-01 -2.501E-02  1.137E-01
  5.7015000E+04  1.642E-01 -2.318E-02  1.077E-01
  5.7017000E+04  1.710E-01 -2.448E-02  1.230E-01
  5.7019000E+04  1.651E-01 -2.326E-02  1.138E-01
  5.7021000E+04  1.847E-01 -2.588E-02  1.245E-01
  5.7023000E+04  1.709E-01 -2.275E-02  9.626E-02
  5.7025000E+04  1.774E-01 -2.261E-02  9.278E-02
  5.7027000E+04  1.723E-01 -2.313E-02  1.020E-01
  5.7029000E+04  1.639E-01 -2.242E-02  1.023E-01
  5.7031000E+04  1.412E-01 -2.060E-02  1.045E-01
  5.7033000E+04  1.668E-01 -2.409E-02  1.213E-01
  5.7035000E+04  1.501E-01 -2.152E-02  1.097E-01
  5.7037000E+04  1.333E-01 -2.021E-02  1.106E-01
  5.7039000E+04  1.480E-01 -1.999E-02  8.973E-02
  5.7041000E+04  1.640E-01 -2.250E-02  1.046E-01
  5.7043000E+04  1.813E-01 -2.353E-02  9.608E-02
  5.7045000E+04  1.514E-01 -2.062E-02  8.956E-02
  5.7047000E+04  1.489E-01 -2.036E-02  9.587E-02
  5.7049000E+04  1.358E-01 -1.907E-02  8.419E-02
  5.7051000E+04  1.788E-01 -2.429E-02  1.117E-01
  5.7053000E+04  1.402E-01 -2.113E-02  1.161E-01
  5.7055000E+04  1.575E-01 -2.426E-02  1.253E-01
  5.7057000E+04  1.193E-01 -1.679E-02  8.235E-02
  5.7059000E+04  1.346E-01 -1.941E-02  9.241E-02
  5.7061000E+04  1.790E-01 -2.398E-02  1.067E-01
  5.7063000E+04  1.246E-01 -1.664E-02  7.802E-02
  5.7065000E+04  1.411E-01 -1.950E-02  8.330E-02
  5.7067000E+04  1.213E-01 -1.751E-02  9.136E-02
  5.7069000E+04  1.306E-01 -1.792E-02  9.874E-02
  5.7071000E+04  1.488E-01 -1.711E-02  5.124E-02
  5.7073000E+04  1.586E-01 -2.248E-02  1.000E-01
  5.7075000E+04  1.265E-01 -1.946E-02  1.110E-01
  5.7077000E+04  1.321E-01 -2.036E-02  9.927E-02
  5.7079000E+04  1.336E-01 -1.850E-02  8.524E-02
  5.7081000E+04  1.300E-01 -1.643E-02  7.722E-02
  5.7083000E+04  1.254E-01 -1.706E-02  8.500E-02
  5.7085000E+04  1.131E-01 -1.688E-02  7.626E-02
  5.7087000E+04  1.122E-01 -1.518E-02  7.654E-02
  5.7089000E+04  1.236E-01 -1.822E-02  1.019E-01
  5.7091000E+04  1.633E-01 -2.359E-02  9.012E-02
  5.7093000E+04  1.297E-01 -1.827E-02  1.037E-01
  5.7095000E+04  1.230E-01 -1.730E-02  8.323E-02
  5.7097000E+04  1.421E-01 -1.871E-02  8.386E-02
  5.7099000E+04  1.106E-01 -1.494E-02  7.619E-02
  5.7101000E+04  1.272E-01 -1.933E-02  1.058E-01
  5.7103000E+04  1.195E-01 -1.697E-02  8.166E-02
  5.7105000E+04  1.237E-01 -1.681E-02  8.537E-02
  5.7107000E+04  1.070E-01 -1.492E-02  6.321E-02
  5.7109000E+04  1.164E-01 -1.623E-02  7.579E-02
  5.7111000E+04  1.242E-01 -1.610E-02  6.954E-02
  5.7113000E+04  1.255E-01 -1.680E-02  6.956E-02
  5.7115000E+04  1.510E-01 -1.909E-02  7.484E-02
  5.7117000E+04  1.078E-01 -1.620E-02  8.826E-02
  5.7119000E+04  9.514E-02 -1.503E-02  8.977E-02
  5.7121000E+04  1.072E-01 -1.614E-02  8.243E-02
  5.7123000E+04  1.091E-01 -1.337E-02  4.855E-02
  5.7125000E+04  1.072E-01 -1.448E-02  6.385E-02
  5.7127000E+04  1.245E-01 -1.827E-02  9.383E-02
  5.7129000E+04  1.362E-01 -1.758E-02  7.009E-02
  5.7131000E+04  1.103E-01 -1.474E-02  7.102E-02
  5.7133000E+04  1.079E-01 -1.466E-02  6.798E-02
  5.7135000E+04  9.184E-02 -1.196E-02  5.296E-02
  5.7137000E+04  1.183E-01 -1.619E-02  6.757E-02
  5.7139000E+04  1.162E-01 -1.566E-02  7.052E-02
  5.7141000E+04  9.525E-02 -1.355E-02  6.818E-02
  5.7143000E+04  1.229E-01 -1.728E-02  7.969E-02
  5.7145000E+04  1.151E-01 -1.512E-02  6.168E-02
  5.7147000E+04  8.768E-02 -1.329E-02  7.633E-02
  5.7149000E+04  9.137E-02 -1.372E-02  7.460E-02
  5.7151000E+04  1.137E-01 -1.619E-02  7.342E-02
  5.7153000E+04  1.096E-01 -1.385E-02  5.300E-02
  5.7155000E+04  1.092E-01 -1.518E-02  7.513E-02
  5.7157000E+04  9.780E-02 -1.505E-02  8.225E-02
  5.7159000E+04  9.927E-02 -1.376E-02  7.108E-02
  5.7161000E+04  1.034E-01 -1.317E-02  5.396E-02
  5.7163000E+04  1.100E-01 -1.536E-02  7.550E-02
  5.7165000E+04  9.537E-02 -1.228E-02  5.280E-02
  5.7167000E+04  8.898E-02 -1.182E-02  4.847E-02
  5.7169000E+04  1.061E-01 -1.374E-02  5.972E-02
  5.7171000E+04  9.616E-02 -1.282E-02  4.915E-02
  5.7173000E+04  9.372E-02 -1.274E-02  5.353E-02
  5.7175000E+04  1.037E-01 -1.476E-02  7.236E-02
  5.7177000E+04  9.975E-02 -1.333E-02  5.949E-02
  5.7179000E+04  9.917E-02 -1.355E-02  6.108E-02
  5.7181000E+04  1.010E-01 -1.475E-02  7.730E-02
  5.7183000E+04  8.807E-02 -1.249E-02  5.774E-02
  5.7185000E+04  9.279E-02 -1.305E-02  6.712E-02
  5.7187000E+04  8.708E-02 -1.250E-02  6.526E-02
  5.7189000E+04  1.028E-01 -1.373E-02  6.197E-02
