  6.5833000E+04  3.371E-06  4.965E-06 -7.162E-05
  6.5835000E+04  2.429E-06  7.979E-06 -1.265E-04
  6.5837000E+04 -7.234E-05  8.292E-06 -4.071E-05
  6.5839000E+04 -5.541E-04  1.258E-04 -1.122E-03
  6.5841000E+04 -3.292E-04 -2.467E-06  4.441E-04
  6.5843000E+04  2.946E-04 -2.951E-05  8.449E-05
  6.5845000E+04 -2.705E-04  4.131E-05 -2.766E-04
  6.5847000E+04 -1.891E-03  2.510E-04 -1.929E-03
  6.5849000E+04 -4.822E-03  3.067E-04  3.073E-03
  6.5851000E+04 -1.904E-04  9.697E-05 -1.309E-03
  6.5853000E+04 -5.292E-02  6.851E-03 -3.234E-02
  6.5855000E+04 -1.973E+00  2.418E-01 -1.047E+00
  6.5857000E+04 -2.106E+01  2.676E+00 -1.262E+01
  6.5859000E+04 -2.427E+01  3.231E+00 -1.680E+01
  6.5861000E+04 -3.798E+00  5.208E-01 -2.925E+00
  6.5863000E+04 -4.894E-01  6.642E-02 -3.930E-01
  6.5865000E+04 -1.427E-01  2.113E-02 -1.520E-01
  6.5867000E+04  8.104E-02 -1.818E-02  1.349E-01
  6.5869000E+04  2.683E-01 -3.587E-02  1.707E-01
  6.5871000E+04  2.739E-01 -4.062E-02  2.322E-01
  6.5873000E+04  2.896E-01 -4.451E-02  2.641E-01
  6.5875000E+04  2.999E-01 -3.467E-02  1.264E-01
  6.5877000E+04  2.245E-01 -3.298E-02  1.854E-01
  6.5879000E+04  2.850E-01 -4.091E-02  2.301E-01
  6.5881000E+04  3.200E-01 -4.110E-02  1.903E-01
  6.5883000E+04  3.432E-01 -4.905E-02  2.735E-01
  6.5885000E+04  3.023E-01 -3.553E-02  1.352E-01
  6.5887000E+04  2.764E-01 -3.384E-02  1.405E-01
  6.5889000E+04  3.058E-01 -3.981E-02  1.945E-01
  6.5891000E+04  3.679E-01 -5.080E-02  2.723E-01
  6.5893000E+04  3.593E-01 -4.776E-02  2.481E-01
  6.5895000E+04  2.925E-01 -4.145E-02  2.277E-01
  6.5897000E+04  2.956E-01 -3.692E-02  1.656E-01
  6.5899000E+04  3.190E-01 -4.267E-02  2.186E-01
  6.5901000E+04  2.606E-01 -3.811E-02  2.231E-01
  6.5903000E+04  3.268E-01 -3.861E-02  1.507E-01
  6.5905000E+04  4.036E-01 -5.401E-02  2.743E-01
  6.5907000E+04  3.526E-01 -4.571E-02  2.270E-01
  6.5909000E+04  3.026E-01 -3.925E-02  1.919E-01
  6.5911000E+04  3.048E-01 -3.984E-02  1.964E-01
  6.5913000E+04  2.854E-01 -4.044E-02  2.270E-01
  6.5915000E+04  2.669E-01 -3.859E-02  2.222E-01
  6.5917000E+04  3.378E-01 -4.380E-02  2.127E-01
  6.5919000E+04  3.121E-01 -4.086E-02  2.001E-01
  6.5921000E+04  2.709E-01 -3.828E-02  2.148E-01
  6.5923000E+04  2.725E-01 -3.595E-02  1.833E-01
  6.5925000E+04  2.771E-01 -3.394E-02  1.483E-01
  6.5927000E+04  2.864E-01 -3.980E-02  2.174E-01
  6.5929000E+04  2.523E-01 -3.673E-02  2.145E-01
  6.5931000E+04  2.732E-01 -3.471E-02  1.618E-01
  6.5933000E+04  2.692E-01 -3.720E-02  2.028E-01
  6.5935000E+04  3.146E-01 -3.747E-02  1.553E-01
  6.5937000E+04  2.556E-01 -3.184E-02  1.460E-01
  6.5939000E+04  2.435E-01 -3.257E-02  1.675E-01
  6.5941000E+04  2.483E-01 -3.114E-02  1.435E-01
  6.5943000E+04  2.334E-01 -3.344E-02  1.927E-01
  6.5945000E+04  2.876E-01 -3.531E-02  1.532E-01
  6.5947000E+04  2.867E-01 -3.465E-02  1.402E-01
  6.5949000E+04  2.174E-01 -3.226E-02  1.925E-01
  6.5951000E+04  2.370E-01 -3.359E-02  1.935E-01
  6.5953000E+04  2.524E-01 -3.443E-02  1.772E-01
  6.5955000E+04  2.138E-01 -2.970E-02  1.542E-01
  6.5957000E+04  2.891E-01 -3.464E-02  1.377E-01
  6.5959000E+04  2.572E-01 -3.341E-02  1.697E-01
  6.5961000E+04  2.433E-01 -3.044E-02  1.418E-01
  6.5963000E+04  2.260E-01 -2.829E-02  1.351E-01
  6.5965000E+04  2.506E-01 -3.409E-02  1.783E-01
  6.5967000E+04  2.708E-01 -3.469E-02  1.673E-01
  6.5969000E+04  1.947E-01 -2.572E-02  1.250E-01
  6.5971000E+04  2.467E-01 -3.167E-02  1.548E-01
  6.5973000E+04  2.004E-01 -2.673E-02  1.472E-01
  6.5975000E+04  1.797E-01 -2.684E-02  1.671E-01
  6.5977000E+04  2.202E-01 -2.682E-02  1.181E-01
  6.5979000E+04  2.608E-01 -3.415E-02  1.675E-01
  6.5981000E+04  2.242E-01 -3.173E-02  1.774E-01
  6.5983000E+04  2.322E-01 -3.052E-02  1.568E-01
  6.5985000E+04  1.969E-01 -2.655E-02  1.355E-01
  6.5987000E+04  2.256E-01 -2.668E-02  1.134E-01
  6.5989000E+04  2.187E-01 -2.848E-02  1.447E-01
  6.5991000E+04  1.888E-01 -2.762E-02  1.651E-01
  6.5993000E+04  1.838E-01 -2.489E-02  1.348E-01
  6.5995000E+04  2.006E-01 -2.488E-02  1.142E-01
  6.5997000E+04  2.117E-01 -2.703E-02  1.284E-01
  6.5999000E+04  2.058E-01 -2.583E-02  1.182E-01
  6.6001000E+04  1.963E-01 -2.561E-02  1.247E-01
  6.6003000E+04  1.683E-01 -2.229E-02  1.167E-01
  6.6005000E+04  1.921E-01 -2.334E-02  1.061E-01
  6.6007000E+04  2.123E-01 -2.975E-02  1.656E-01
  6.6009000E+04  1.936E-01 -2.473E-02  1.196E-01
  6.6011000E+04  1.943E-01 -2.458E-02  1.236E-01
  6.6013000E+04  2.023E-01 -2.593E-02  1.243E-01
  6.6015000E+04  1.804E-01 -2.321E-02  1.148E-01
  6.6017000E+04  1.840E-01 -2.341E-02  1.118E-01
  6.6019000E+04  1.981E-01 -2.740E-02  1.478E-01
  6.6021000E+04  1.976E-01 -2.565E-02  1.227E-01
  6.6023000E+04  1.772E-01 -2.136E-02  1.004E-01
  6.6025000E+04  1.827E-01 -2.221E-02  1.017E-01
  6.6027000E+04  2.029E-01 -2.693E-02  1.336E-01
  6.6029000E+04  1.692E-01 -2.204E-02  1.073E-01
  6.6031000E+04  1.883E-01 -2.406E-02  1.176E-01
  6.6033000E+04  1.788E-01 -2.318E-02  1.161E-01
  6.6035000E+04  1.600E-01 -2.190E-02  1.147E-01
  6.6037000E+04  1.697E-01 -2.179E-02  1.031E-01
  6.6039000E+04  1.625E-01 -2.096E-02  1.068E-01
  6.6041000E+04  1.540E-01 -2.200E-02  1.346E-01
  6.6043000E+04  1.599E-01 -2.108E-02  1.053E-01
  6.6045000E+04  1.727E-01 -2.218E-02  1.063E-01
  6.6047000E+04  1.672E-01 -2.071E-02  9.119E-02
  6.6049000E+04  1.531E-01 -1.978E-02  1.059E-01
  6.6051000E+04  1.693E-01 -2.149E-02  1.082E-01
  6.6053000E+04  1.707E-01 -2.040E-02  7.486E-02
  6.6055000E+04  1.800E-01 -2.415E-02  1.172E-01
  6.6057000E+04  1.678E-01 -2.160E-02  1.079E-01
  6.6059000E+04  1.577E-01 -2.052E-02  1.015E-01
  6.6061000E+04  1.565E-01 -2.017E-02  9.554E-02
  6.6063000E+04  1.492E-01 -1.907E-02  9.341E-02
  6.6065000E+04  1.815E-01 -2.220E-02  9.655E-02
  6.6067000E+04  1.230E-01 -1.811E-02  1.050E-01
  6.6069000E+04  1.325E-01 -1.732E-02  8.859E-02
  6.6071000E+04  1.550E-01 -2.318E-02  1.459E-01
  6.6073000E+04  1.602E-01 -1.822E-02  7.214E-02
  6.6075000E+04  1.551E-01 -2.021E-02  1.069E-01
  6.6077000E+04  1.518E-01 -2.008E-02  1.065E-01
  6.6079000E+04  1.488E-01 -2.109E-02  1.176E-01
  6.6081000E+04  1.150E-01 -1.653E-02  9.468E-02
  6.6083000E+04  1.500E-01 -1.744E-02  7.747E-02
  6.6085000E+04  1.604E-01 -1.993E-02  9.790E-02
  6.6087000E+04  1.361E-01 -1.890E-02  9.681E-02
  6.6089000E+04  1.634E-01 -2.164E-02  1.119E-01
  6.6091000E+04  1.261E-01 -1.536E-02  7.228E-02
  6.6093000E+04  1.300E-01 -1.775E-02  9.829E-02
  6.6095000E+04  1.221E-01 -1.635E-02  8.124E-02
  6.6097000E+04  1.391E-01 -1.615E-02  6.317E-02
  6.6099000E+04  1.419E-01 -1.875E-02  8.958E-02
  6.6101000E+04  1.250E-01 -1.877E-02  1.139E-01
  6.6103000E+04  1.387E-01 -1.867E-02  1.018E-01
  6.6105000E+04  1.214E-01 -1.588E-02  7.870E-02
  6.6107000E+04  1.288E-01 -1.712E-02  8.973E-02
  6.6109000E+04  1.348E-01 -1.571E-02  6.228E-02
  6.6111000E+04  1.214E-01 -1.554E-02  7.538E-02
  6.6113000E+04  1.320E-01 -1.615E-02  7.007E-02
  6.6115000E+04  1.254E-01 -1.796E-02  1.069E-01
  6.6117000E+04  1.306E-01 -1.663E-02  7.871E-02
  6.6119000E+04  1.349E-01 -1.790E-02  9.065E-02
  6.6121000E+04  1.303E-01 -1.497E-02  5.959E-02
  6.6123000E+04  1.202E-01 -1.452E-02  6.835E-02
  6.6125000E+04  1.457E-01 -1.688E-02  6.720E-02
  6.6127000E+04  1.221E-01 -1.654E-02  8.570E-02
  6.6129000E+04  1.108E-01 -1.322E-02  5.210E-02
  6.6131000E+04  1.067E-01 -1.522E-02  8.802E-02
  6.6133000E+04  9.377E-02 -1.373E-02  7.867E-02
  6.6135000E+04  1.232E-01 -1.498E-02  7.189E-02
  6.6137000E+04  1.285E-01 -1.604E-02  7.628E-02
  6.6139000E+04  1.012E-01 -1.453E-02  8.456E-02
  6.6141000E+04  9.905E-02 -1.450E-02  8.663E-02
  6.6143000E+04  1.104E-01 -1.577E-02  8.687E-02
  6.6145000E+04  1.102E-01 -1.427E-02  6.925E-02
  6.6147000E+04  1.522E-01 -1.770E-02  7.276E-02
  6.6149000E+04  1.132E-01 -1.598E-02  9.272E-02
  6.6151000E+04  1.190E-01 -1.457E-02  6.990E-02
  6.6153000E+04  1.361E-01 -1.653E-02  7.549E-02
  6.6155000E+04  1.035E-01 -1.399E-02  6.831E-02
  6.6157000E+04  1.240E-01 -1.633E-02  8.324E-02
  6.6159000E+04  8.455E-02 -1.140E-02  6.609E-02
  6.6161000E+04  9.346E-02 -1.114E-02  5.317E-02
  6.6163000E+04  1.212E-01 -1.516E-02  5.980E-02
  6.6165000E+04  1.144E-01 -1.551E-02  7.700E-02
  6.6167000E+04  9.820E-02 -1.355E-02  7.282E-02
  6.6169000E+04  9.785E-02 -1.161E-02  5.619E-02
  6.6171000E+04  1.046E-01 -1.154E-02  4.369E-02
  6.6173000E+04  9.516E-02 -1.239E-02  6.702E-02
  6.6175000E+04  8.172E-02 -1.162E-02  6.765E-02
  6.6177000E+04  9.578E-02 -1.340E-02  7.322E-02
  6.6179000E+04  1.043E-01 -1.408E-02  7.523E-02
  6.6181000E+04  1.189E-01 -1.502E-02  6.884E-02
  6.6183000E+04  1.023E-01 -1.313E-02  6.260E-02
  6.6185000E+04  1.092E-01 -1.367E-02  6.467E-02
  6.6187000E+04  1.041E-01 -1.313E-02  6.066E-02
  6.6189000E+04  9.912E-02 -1.398E-02  8.078E-02
  6.6191000E+04  7.970E-02 -1.252E-02  7.761E-02
  6.6193000E+04  8.754E-02 -1.089E-02  5.567E-02
  6.6195000E+04  1.023E-01 -1.333E-02  6.559E-02
  6.6197000E+04  9.920E-02 -1.224E-02  5.690E-02
  6.6199000E+04  1.228E-01 -1.473E-02  6.175E-02
  6.6201000E+04  9.730E-02 -1.366E-02  7.473E-02
  6.6203000E+04  7.641E-02 -1.069E-02  5.928E-02
  6.6205000E+04  9.997E-02 -1.250E-02  5.786E-02
  6.6207000E+04  6.917E-02 -8.168E-03  4.089E-02
  6.6209000E+04  9.186E-02 -1.210E-02  6.397E-02
  6.6211000E+04  8.542E-02 -1.203E-02  6.483E-02
