  3.6331000E+04 -2.106E-02  3.523E-04  9.334E-03
  3.6333000E+04 -3.528E-03 -9.333E-05 -4.541E-03
  3.6335000E+04 -7.723E-04  3.118E-03 -2.402E-02
  3.6337000E+04  2.644E-03 -5.070E-04  3.769E-03
  3.6339000E+04  2.906E-02 -1.958E-03 -2.680E-03
  3.6341000E+04 -3.092E-02  2.822E-03 -1.544E-02
  3.6343000E+04 -1.213E-02  1.236E-03 -1.207E-03
  3.6345000E+04 -1.896E-02  2.305E-03 -7.514E-03
  3.6347000E+04 -4.653E-02  6.329E-03 -3.412E-02
  3.6349000E+04 -9.095E-01  1.141E-01 -5.648E-01
  3.6351000E+04 -1.103E+01  1.401E+00 -7.106E+00
  3.6353000E+04 -2.861E+01  3.581E+00 -1.812E+01
  3.6355000E+04 -1.212E+01  1.535E+00 -8.144E+00
  3.6357000E+04 -1.823E+00  2.128E-01 -1.063E+00
  3.6359000E+04 -3.127E-01  3.467E-02 -1.843E-01
  3.6361000E+04  3.338E-02 -6.225E-03  1.520E-02
  3.6363000E+04  1.132E-01 -2.599E-02  1.989E-01
  3.6365000E+04  2.384E-01 -3.381E-02  1.797E-01
  3.6367000E+04  3.040E-01 -3.802E-02  1.760E-01
  3.6369000E+04  4.396E-01 -5.433E-02  2.528E-01
  3.6371000E+04  2.447E-01 -3.590E-02  2.032E-01
  3.6373000E+04  2.720E-01 -6.022E-02  1.621E-01
  3.6375000E+04  2.683E-01 -3.051E-02  2.244E-01
  3.6377000E+04  3.771E-01 -2.557E-02  2.157E-01
  3.6379000E+04  3.219E-01 -4.080E-02  2.018E-01
  3.6381000E+04  3.132E-01 -3.654E-02  1.562E-01
  3.6383000E+04  3.289E-01 -4.063E-02  1.787E-01
  3.6385000E+04  3.890E-01 -3.898E-02  1.612E-01
  3.6387000E+04  3.310E-01 -4.672E-02  2.499E-01
  3.6389000E+04  2.184E-01 -4.109E-02  2.960E-01
  3.6391000E+04  2.958E-01 -3.662E-02  1.662E-01
  3.6393000E+04  4.126E-01 -5.089E-02  2.432E-01
  3.6395000E+04  3.661E-01 -4.389E-02  2.049E-01
  3.6397000E+04  3.503E-01 -4.318E-02  2.054E-01
  3.6399000E+04  4.014E-01 -4.732E-02  2.183E-01
  3.6401000E+04  3.453E-01 -4.147E-02  2.028E-01
  3.6403000E+04  3.503E-01 -4.829E-02  2.821E-01
  3.6405000E+04  3.064E-01 -4.168E-02  2.380E-01
  3.6407000E+04  3.659E-01 -4.336E-02  1.923E-01
  3.6409000E+04  3.138E-01 -3.870E-02  1.831E-01
  3.6411000E+04  3.230E-01 -3.905E-02  1.948E-01
  3.6413000E+04  2.829E-01 -3.742E-02  2.135E-01
  3.6415000E+04  2.728E-01 -3.634E-02  1.961E-01
  3.6417000E+04  3.362E-01 -4.277E-02  2.033E-01
  3.6419000E+04  3.180E-01 -3.539E-02  1.602E-01
  3.6421000E+04  2.908E-01 -3.772E-02  2.151E-01
  3.6423000E+04  2.442E-01 -3.264E-02  1.857E-01
  3.6425000E+04  2.935E-01 -4.187E-02  2.415E-01
  3.6427000E+04  3.516E-01 -4.322E-02  1.882E-01
  3.6429000E+04  3.200E-01 -3.948E-02  1.934E-01
  3.6431000E+04  2.426E-01 -3.469E-02  2.184E-01
  3.6433000E+04  3.041E-01 -3.392E-02  1.367E-01
  3.6435000E+04  2.587E-01 -3.275E-02  1.651E-01
  3.6437000E+04  2.906E-01 -3.430E-02  1.549E-01
  3.6439000E+04  2.816E-01 -3.328E-02  1.396E-01
  3.6441000E+04  2.932E-01 -3.776E-02  1.946E-01
  3.6443000E+04  2.626E-01 -3.496E-02  1.950E-01
  3.6445000E+04  2.458E-01 -3.520E-02  1.955E-01
  3.6447000E+04  2.868E-01 -3.455E-02  1.732E-01
  3.6449000E+04  2.870E-01 -3.767E-02  1.959E-01
  3.6451000E+04  2.306E-01 -3.210E-02  1.672E-01
  3.6453000E+04  2.967E-01 -3.856E-02  1.925E-01
  3.6455000E+04  2.704E-01 -3.057E-02  1.294E-01
  3.6457000E+04  2.280E-01 -2.552E-02  1.275E-01
  3.6459000E+04  2.036E-01 -2.696E-02  1.463E-01
  3.6461000E+04  2.749E-01 -3.174E-02  1.517E-01
  3.6463000E+04  2.369E-01 -3.014E-02  1.561E-01
  3.6465000E+04  2.570E-01 -2.969E-02  1.420E-01
  3.6467000E+04  2.275E-01 -3.292E-02  1.949E-01
  3.6469000E+04  2.327E-01 -3.222E-02  1.920E-01
  3.6471000E+04  2.517E-01 -2.991E-02  1.373E-01
  3.6473000E+04  2.567E-01 -2.923E-02  1.441E-01
  3.6475000E+04  2.488E-01 -2.885E-02  1.445E-01
  3.6477000E+04  1.990E-01 -2.692E-02  1.584E-01
  3.6479000E+04  2.285E-01 -2.807E-02  1.416E-01
  3.6481000E+04  2.400E-01 -2.875E-02  1.284E-01
  3.6483000E+04  1.885E-01 -2.752E-02  1.608E-01
  3.6485000E+04  2.495E-01 -3.002E-02  1.280E-01
  3.6487000E+04  1.918E-01 -2.351E-02  1.229E-01
  3.6489000E+04  2.064E-01 -2.609E-02  1.253E-01
  3.6491000E+04  2.077E-01 -2.725E-02  1.515E-01
  3.6493000E+04  1.932E-01 -2.554E-02  1.344E-01
  3.6495000E+04  2.363E-01 -3.056E-02  1.560E-01
  3.6497000E+04  2.166E-01 -2.678E-02  1.273E-01
  3.6499000E+04  1.996E-01 -2.752E-02  1.512E-01
  3.6501000E+04  1.824E-01 -2.456E-02  1.233E-01
  3.6503000E+04  2.416E-01 -2.688E-02  1.111E-01
  3.6505000E+04  2.031E-01 -2.380E-02  8.667E-02
  3.6507000E+04  2.021E-01 -2.762E-02  1.158E-01
  3.6509000E+04  1.617E-01 -2.462E-02  1.182E-01
  3.6511000E+04  2.343E-01 -2.790E-02  1.461E-01
  3.6513000E+04  2.360E-01 -2.471E-02  1.123E-01
  3.6515000E+04  1.579E-01 -2.271E-02  1.443E-01
  3.6517000E+04  1.673E-01 -2.365E-02  1.418E-01
  3.6519000E+04  1.599E-01 -1.865E-02  1.002E-01
  3.6521000E+04  2.295E-01 -2.593E-02  1.166E-01
  3.6523000E+04  1.745E-01 -2.454E-02  1.450E-01
  3.6525000E+04  1.826E-01 -2.223E-02  1.282E-01
  3.6527000E+04  1.959E-01 -2.252E-02  1.268E-01
  3.6529000E+04  1.930E-01 -2.449E-02  1.307E-01
  3.6531000E+04  2.019E-01 -2.612E-02  1.006E-01
  3.6533000E+04  1.828E-01 -2.224E-02  1.396E-01
  3.6535000E+04  1.417E-01 -1.941E-02  1.107E-01
  3.6537000E+04  1.917E-01 -2.344E-02  1.056E-01
  3.6539000E+04  2.094E-01 -2.375E-02  1.106E-01
  3.6541000E+04  1.726E-01 -2.199E-02  1.076E-01
  3.6543000E+04  1.508E-01 -2.013E-02  1.040E-01
  3.6545000E+04  1.390E-01 -1.976E-02  1.216E-01
  3.6547000E+04  1.669E-01 -2.178E-02  1.097E-01
  3.6549000E+04  1.959E-01 -2.129E-02  9.044E-02
  3.6551000E+04  1.509E-01 -1.640E-02  8.633E-02
  3.6553000E+04  1.473E-01 -2.107E-02  1.175E-01
  3.6555000E+04  2.017E-01 -2.511E-02  1.185E-01
  3.6557000E+04  1.875E-01 -2.300E-02  1.147E-01
  3.6559000E+04  1.838E-01 -2.269E-02  1.086E-01
  3.6561000E+04  1.873E-01 -2.318E-02  1.122E-01
  3.6563000E+04  1.585E-01 -1.883E-02  1.060E-01
  3.6565000E+04  1.493E-01 -1.862E-02  9.445E-02
  3.6567000E+04  1.483E-01 -1.995E-02  9.596E-02
  3.6569000E+04  1.515E-01 -2.305E-02  1.333E-01
  3.6571000E+04  1.790E-01 -1.916E-02  8.426E-02
  3.6573000E+04  1.388E-01 -1.760E-02  9.192E-02
  3.6575000E+04  1.682E-01 -2.136E-02  1.183E-01
  3.6577000E+04  1.630E-01 -2.032E-02  1.086E-01
  3.6579000E+04  1.366E-01 -1.488E-02  8.608E-02
  3.6581000E+04  1.569E-01 -1.826E-02  9.146E-02
  3.6583000E+04  1.483E-01 -1.952E-02  8.564E-02
  3.6585000E+04  1.758E-01 -2.454E-02  1.260E-01
  3.6587000E+04  1.509E-01 -2.059E-02  1.233E-01
  3.6589000E+04  1.462E-01 -1.594E-02  7.262E-02
  3.6591000E+04  1.364E-01 -1.870E-02  1.033E-01
  3.6593000E+04  1.408E-01 -1.717E-02  8.076E-02
  3.6595000E+04  1.457E-01 -1.849E-02  8.975E-02
  3.6597000E+04  1.481E-01 -2.036E-02  1.143E-01
  3.6599000E+04  1.322E-01 -1.505E-02  6.572E-02
  3.6601000E+04  1.326E-01 -1.527E-02  8.124E-02
  3.6603000E+04  1.306E-01 -1.811E-02  1.141E-01
  3.6605000E+04  1.438E-01 -1.802E-02  7.984E-02
  3.6607000E+04  1.372E-01 -1.579E-02  8.275E-02
  3.6609000E+04  1.361E-01 -1.593E-02  6.915E-02
  3.6611000E+04  1.492E-01 -1.436E-02  6.159E-02
  3.6613000E+04  1.239E-01 -1.519E-02  1.045E-01
  3.6615000E+04  1.383E-01 -1.620E-02  7.867E-02
  3.6617000E+04  1.201E-01 -1.587E-02  7.314E-02
  3.6619000E+04  1.400E-01 -1.756E-02  7.516E-02
  3.6621000E+04  1.474E-01 -1.844E-02  9.590E-02
  3.6623000E+04  1.132E-01 -1.418E-02  8.229E-02
  3.6625000E+04  1.479E-01 -1.737E-02  8.236E-02
  3.6627000E+04  1.149E-01 -1.420E-02  6.710E-02
  3.6629000E+04  1.191E-01 -1.792E-02  1.029E-01
  3.6631000E+04  1.227E-01 -1.381E-02  7.934E-02
  3.6633000E+04  1.088E-01 -1.202E-02  5.957E-02
  3.6635000E+04  1.366E-01 -1.800E-02  9.798E-02
  3.6637000E+04  1.459E-01 -1.627E-02  6.395E-02
  3.6639000E+04  1.290E-01 -1.685E-02  8.495E-02
  3.6641000E+04  1.129E-01 -1.586E-02  8.351E-02
  3.6643000E+04  1.013E-01 -1.041E-02  4.934E-02
  3.6645000E+04  1.088E-01 -1.299E-02  6.191E-02
  3.6647000E+04  1.103E-01 -1.335E-02  7.307E-02
  3.6649000E+04  9.402E-02 -1.677E-02  9.112E-02
  3.6651000E+04  1.263E-01 -1.477E-02  7.636E-02
  3.6653000E+04  1.103E-01 -1.129E-02  6.477E-02
  3.6655000E+04  1.095E-01 -1.515E-02  8.691E-02
  3.6657000E+04  1.282E-01 -1.833E-02  1.001E-01
  3.6659000E+04  9.868E-02 -1.418E-02  9.072E-02
  3.6661000E+04  1.180E-01 -1.424E-02  6.242E-02
  3.6663000E+04  1.282E-01 -1.348E-02  6.790E-02
  3.6665000E+04  1.115E-01 -1.561E-02  8.351E-02
  3.6667000E+04  1.161E-01 -1.252E-02  4.439E-02
  3.6669000E+04  1.109E-01 -1.158E-02  6.822E-02
  3.6671000E+04  8.991E-02 -1.333E-02  4.539E-02
  3.6673000E+04  9.151E-02 -1.393E-02  8.063E-02
  3.6675000E+04  1.241E-01 -1.287E-02  6.821E-02
  3.6677000E+04  1.018E-01 -1.337E-02  5.417E-02
  3.6679000E+04  1.094E-01 -1.383E-02  6.085E-02
  3.6681000E+04  8.967E-02 -9.235E-03  6.641E-02
  3.6683000E+04  1.145E-01 -1.354E-02  6.249E-02
  3.6685000E+04  1.106E-01 -1.280E-02  5.442E-02
  3.6687000E+04  1.030E-01 -1.417E-02  8.898E-02
  3.6689000E+04  1.026E-01 -1.186E-02  6.759E-02
  3.6691000E+04  8.723E-02 -1.240E-02  7.328E-02
  3.6693000E+04  1.161E-01 -1.451E-02  7.017E-02
  3.6695000E+04  1.125E-01 -1.417E-02  6.703E-02
  3.6697000E+04  9.626E-02 -1.418E-02  7.868E-02
  3.6699000E+04  1.032E-01 -1.135E-02  4.576E-02
  3.6701000E+04  9.609E-02 -1.114E-02  5.333E-02
  3.6703000E+04  9.906E-02 -1.239E-02  6.391E-02
  3.6705000E+04  9.595E-02 -1.235E-02  7.188E-02
  3.6707000E+04  8.678E-02 -1.124E-02  6.816E-02
  3.6709000E+04  8.531E-02 -1.290E-02  7.092E-02
