 -1.4413000E+04 -2.029E-03  4.259E-05  1.274E-03
 -1.4411000E+04  2.295E-03 -3.673E-04  2.079E-03
 -1.4409000E+04 -3.769E-03  2.549E-04  2.787E-04
 -1.4407000E+04  2.932E-04  2.730E-04 -3.162E-03
 -1.4405000E+04 -2.240E-04  8.872E-04 -9.299E-03
 -1.4403000E+04 -3.310E-02  2.743E-03 -5.064E-03
 -1.4401000E+04 -2.213E-01  3.099E-02 -1.661E-01
 -1.4399000E+04 -6.261E+00  8.699E-01 -4.674E+00
 -1.4397000E+04 -2.688E+01  3.497E+00 -1.760E+01
 -1.4395000E+04 -2.069E+01  2.542E+00 -1.210E+01
 -1.4393000E+04 -5.262E+00  6.076E-01 -2.727E+00
 -1.4391000E+04 -1.129E+00  1.364E-01 -6.880E-01
 -1.4389000E+04 -3.651E-01  3.432E-02 -1.253E-01
 -1.4387000E+04  6.349E-02 -9.116E-03  2.326E-02
 -1.4385000E+04  5.723E-02 -2.811E-02  2.543E-01
 -1.4383000E+04  2.956E-01 -4.105E-02  2.063E-01
 -1.4381000E+04  5.195E-01 -5.883E-02  2.264E-01
 -1.4379000E+04  3.655E-01 -3.759E-02  1.124E-01
 -1.4377000E+04  2.727E-01 -4.239E-02  2.492E-01
 -1.4375000E+04  3.692E-01 -4.908E-02  2.443E-01
 -1.4373000E+04  3.607E-01 -4.062E-02  1.563E-01
 -1.4371000E+04  3.574E-01 -4.046E-02  1.568E-01
 -1.4369000E+04  3.325E-01 -4.534E-02  2.306E-01
 -1.4367000E+04  4.527E-01 -5.308E-02  2.264E-01
 -1.4365000E+04  3.261E-01 -4.737E-02  2.649E-01
 -1.4363000E+04  3.203E-01 -3.495E-02  1.239E-01
 -1.4361000E+04  3.748E-01 -4.818E-02  2.322E-01
 -1.4359000E+04  3.577E-01 -4.745E-02  2.417E-01
 -1.4357000E+04  2.591E-01 -3.646E-02  1.936E-01
 -1.4355000E+04  4.125E-01 -5.102E-02  2.397E-01
 -1.4353000E+04  4.615E-01 -5.847E-02  2.844E-01
 -1.4351000E+04  3.803E-01 -5.358E-02  2.937E-01
 -1.4349000E+04  3.878E-01 -4.676E-02  2.097E-01
 -1.4347000E+04  4.364E-01 -5.383E-02  2.494E-01
 -1.4345000E+04  3.495E-01 -4.164E-02  1.851E-01
 -1.4343000E+04  3.576E-01 -4.904E-02  2.614E-01
 -1.4341000E+04  3.799E-01 -4.295E-02  1.625E-01
 -1.4339000E+04  3.336E-01 -4.069E-02  1.808E-01
 -1.4337000E+04  2.833E-01 -3.929E-02  2.104E-01
 -1.4335000E+04  3.632E-01 -5.280E-02  2.931E-01
 -1.4333000E+04  3.215E-01 -4.203E-02  2.139E-01
 -1.4331000E+04  3.708E-01 -4.757E-02  2.403E-01
 -1.4329000E+04  3.321E-01 -4.410E-02  2.316E-01
 -1.4327000E+04  3.329E-01 -4.693E-02  2.606E-01
 -1.4325000E+04  3.334E-01 -4.217E-02  2.067E-01
 -1.4323000E+04  4.012E-01 -4.437E-02  1.740E-01
 -1.4321000E+04  3.123E-01 -3.825E-02  1.790E-01
 -1.4319000E+04  2.725E-01 -3.272E-02  1.484E-01
 -1.4317000E+04  2.930E-01 -3.665E-02  1.672E-01
 -1.4315000E+04  3.531E-01 -4.431E-02  2.212E-01
 -1.4313000E+04  3.163E-01 -4.152E-02  2.134E-01
 -1.4311000E+04  3.452E-01 -4.438E-02  2.224E-01
 -1.4309000E+04  2.907E-01 -4.319E-02  2.548E-01
 -1.4307000E+04  2.890E-01 -3.396E-02  1.490E-01
 -1.4305000E+04  2.699E-01 -3.288E-02  1.506E-01
 -1.4303000E+04  2.766E-01 -2.954E-02  1.103E-01
 -1.4301000E+04  3.525E-01 -4.636E-02  2.336E-01
 -1.4299000E+04  2.763E-01 -3.301E-02  1.460E-01
 -1.4297000E+04  2.791E-01 -3.736E-02  1.952E-01
 -1.4295000E+04  2.900E-01 -3.411E-02  1.492E-01
 -1.4293000E+04  2.668E-01 -3.506E-02  1.761E-01
 -1.4291000E+04  3.113E-01 -3.876E-02  1.854E-01
 -1.4289000E+04  3.042E-01 -3.676E-02  1.710E-01
 -1.4287000E+04  2.352E-01 -3.142E-02  1.650E-01
 -1.4285000E+04  2.853E-01 -3.544E-02  1.682E-01
 -1.4283000E+04  2.372E-01 -3.314E-02  1.820E-01
 -1.4281000E+04  2.729E-01 -3.528E-02  1.780E-01
 -1.4279000E+04  2.964E-01 -3.637E-02  1.732E-01
 -1.4277000E+04  2.655E-01 -3.421E-02  1.689E-01
 -1.4275000E+04  2.685E-01 -3.582E-02  1.870E-01
 -1.4273000E+04  2.724E-01 -3.381E-02  1.626E-01
 -1.4271000E+04  2.876E-01 -3.482E-02  1.610E-01
 -1.4269000E+04  2.172E-01 -2.899E-02  1.543E-01
 -1.4267000E+04  2.428E-01 -3.256E-02  1.723E-01
 -1.4265000E+04  2.593E-01 -3.412E-02  1.726E-01
 -1.4263000E+04  2.595E-01 -3.040E-02  1.351E-01
 -1.4261000E+04  2.379E-01 -2.656E-02  1.067E-01
 -1.4259000E+04  2.439E-01 -2.998E-02  1.400E-01
 -1.4257000E+04  2.272E-01 -3.191E-02  1.783E-01
 -1.4255000E+04  2.100E-01 -2.929E-02  1.588E-01
 -1.4253000E+04  2.051E-01 -2.682E-02  1.316E-01
 -1.4251000E+04  2.499E-01 -3.001E-02  1.339E-01
 -1.4249000E+04  2.340E-01 -2.822E-02  1.259E-01
 -1.4247000E+04  2.029E-01 -2.445E-02  1.109E-01
 -1.4245000E+04  2.308E-01 -2.695E-02  1.199E-01
 -1.4243000E+04  2.227E-01 -3.065E-02  1.659E-01
 -1.4241000E+04  2.384E-01 -3.326E-02  1.886E-01
 -1.4239000E+04  2.423E-01 -2.945E-02  1.320E-01
 -1.4237000E+04  2.298E-01 -2.687E-02  1.183E-01
 -1.4235000E+04  1.975E-01 -2.305E-02  9.871E-02
 -1.4233000E+04  2.273E-01 -3.025E-02  1.570E-01
 -1.4231000E+04  2.401E-01 -2.963E-02  1.382E-01
 -1.4229000E+04  2.185E-01 -2.781E-02  1.385E-01
 -1.4227000E+04  2.009E-01 -2.422E-02  1.185E-01
 -1.4225000E+04  2.320E-01 -3.028E-02  1.521E-01
 -1.4223000E+04  2.193E-01 -2.645E-02  1.266E-01
 -1.4221000E+04  1.804E-01 -2.529E-02  1.364E-01
 -1.4219000E+04  2.170E-01 -2.492E-02  1.106E-01
 -1.4217000E+04  1.998E-01 -2.593E-02  1.215E-01
 -1.4215000E+04  1.770E-01 -2.621E-02  1.403E-01
 -1.4213000E+04  2.046E-01 -2.313E-02  1.080E-01
 -1.4211000E+04  2.094E-01 -2.807E-02  1.478E-01
 -1.4209000E+04  1.937E-01 -2.420E-02  1.147E-01
 -1.4207000E+04  1.969E-01 -2.564E-02  1.325E-01
 -1.4205000E+04  1.770E-01 -2.559E-02  1.397E-01
 -1.4203000E+04  1.883E-01 -2.512E-02  1.318E-01
 -1.4201000E+04  1.683E-01 -2.245E-02  1.278E-01
 -1.4199000E+04  1.870E-01 -2.339E-02  1.090E-01
 -1.4197000E+04  1.987E-01 -2.297E-02  1.000E-01
 -1.4195000E+04  2.152E-01 -2.797E-02  1.426E-01
 -1.4193000E+04  1.870E-01 -2.225E-02  9.998E-02
 -1.4191000E+04  1.826E-01 -2.248E-02  1.080E-01
 -1.4189000E+04  1.368E-01 -1.860E-02  9.792E-02
 -1.4187000E+04  1.707E-01 -2.071E-02  9.223E-02
 -1.4185000E+04  1.614E-01 -2.093E-02  1.102E-01
 -1.4183000E+04  1.976E-01 -2.507E-02  1.275E-01
 -1.4181000E+04  1.917E-01 -2.281E-02  1.107E-01
 -1.4179000E+04  1.533E-01 -1.979E-02  9.381E-02
 -1.4177000E+04  2.088E-01 -2.513E-02  1.168E-01
 -1.4175000E+04  1.887E-01 -2.444E-02  1.253E-01
 -1.4173000E+04  1.769E-01 -2.532E-02  1.387E-01
 -1.4171000E+04  1.873E-01 -2.018E-02  7.765E-02
 -1.4169000E+04  1.467E-01 -1.939E-02  1.030E-01
 -1.4167000E+04  1.523E-01 -1.975E-02  1.077E-01
 -1.4165000E+04  1.756E-01 -2.383E-02  1.306E-01
 -1.4163000E+04  1.970E-01 -2.449E-02  1.181E-01
 -1.4161000E+04  1.544E-01 -2.275E-02  1.238E-01
 -1.4159000E+04  1.641E-01 -1.860E-02  7.484E-02
 -1.4157000E+04  1.311E-01 -1.766E-02  8.605E-02
 -1.4155000E+04  1.703E-01 -2.113E-02  1.006E-01
 -1.4153000E+04  1.758E-01 -2.142E-02  1.018E-01
 -1.4151000E+04  1.452E-01 -1.994E-02  1.123E-01
 -1.4149000E+04  1.213E-01 -1.676E-02  9.754E-02
 -1.4147000E+04  1.422E-01 -1.962E-02  1.038E-01
 -1.4145000E+04  1.743E-01 -1.913E-02  8.143E-02
 -1.4143000E+04  1.462E-01 -1.482E-02  5.323E-02
 -1.4141000E+04  1.591E-01 -2.118E-02  1.130E-01
 -1.4139000E+04  1.628E-01 -2.223E-02  1.156E-01
 -1.4137000E+04  1.546E-01 -1.792E-02  7.350E-02
 -1.4135000E+04  1.626E-01 -1.843E-02  7.894E-02
 -1.4133000E+04  1.295E-01 -1.596E-02  7.487E-02
 -1.4131000E+04  1.327E-01 -1.736E-02  8.772E-02
 -1.4129000E+04  1.581E-01 -2.087E-02  1.076E-01
 -1.4127000E+04  1.476E-01 -1.735E-02  7.918E-02
 -1.4125000E+04  1.651E-01 -2.114E-02  1.046E-01
 -1.4123000E+04  1.138E-01 -1.264E-02  5.773E-02
 -1.4121000E+04  1.652E-01 -2.220E-02  1.124E-01
 -1.4119000E+04  1.277E-01 -1.854E-02  1.122E-01
 -1.4117000E+04  1.094E-01 -1.582E-02  8.907E-02
 -1.4115000E+04  1.425E-01 -1.769E-02  8.042E-02
 -1.4113000E+04  1.376E-01 -1.693E-02  8.741E-02
 -1.4111000E+04  1.214E-01 -1.596E-02  8.449E-02
 -1.4109000E+04  1.567E-01 -1.937E-02  9.169E-02
 -1.4107000E+04  1.599E-01 -2.039E-02  1.000E-01
 -1.4105000E+04  1.333E-01 -1.628E-02  7.419E-02
 -1.4103000E+04  1.091E-01 -1.531E-02  8.458E-02
 -1.4101000E+04  1.155E-01 -1.715E-02  9.904E-02
 -1.4099000E+04  1.229E-01 -1.755E-02  1.028E-01
 -1.4097000E+04  1.569E-01 -1.685E-02  5.948E-02
 -1.4095000E+04  1.522E-01 -1.652E-02  5.863E-02
 -1.4093000E+04  1.027E-01 -1.370E-02  6.842E-02
 -1.4091000E+04  1.050E-01 -1.305E-02  6.755E-02
 -1.4089000E+04  1.110E-01 -1.645E-02  8.510E-02
 -1.4087000E+04  1.415E-01 -1.765E-02  8.361E-02
 -1.4085000E+04  1.537E-01 -1.711E-02  6.945E-02
 -1.4083000E+04  1.015E-01 -1.526E-02  9.493E-02
 -1.4081000E+04  1.137E-01 -1.339E-02  6.782E-02
 -1.4079000E+04  1.286E-01 -1.457E-02  5.422E-02
 -1.4077000E+04  1.222E-01 -1.516E-02  7.598E-02
 -1.4075000E+04  9.443E-02 -1.322E-02  7.690E-02
 -1.4073000E+04  1.087E-01 -1.352E-02  6.435E-02
 -1.4071000E+04  1.260E-01 -1.566E-02  8.212E-02
 -1.4069000E+04  1.141E-01 -1.604E-02  8.499E-02
 -1.4067000E+04  1.186E-01 -1.312E-02  6.430E-02
 -1.4065000E+04  9.833E-02 -1.551E-02  9.449E-02
 -1.4063000E+04  1.156E-01 -1.323E-02  5.997E-02
 -1.4061000E+04  1.153E-01 -1.478E-02  8.251E-02
 -1.4059000E+04  1.038E-01 -1.127E-02  4.122E-02
 -1.4057000E+04  1.238E-01 -1.559E-02  7.260E-02
 -1.4055000E+04  1.230E-01 -1.633E-02  9.168E-02
 -1.4053000E+04  1.036E-01 -1.396E-02  7.530E-02
 -1.4051000E+04  1.175E-01 -1.670E-02  9.453E-02
 -1.4049000E+04  1.261E-01 -1.495E-02  6.669E-02
 -1.4047000E+04  9.558E-02 -1.142E-02  5.791E-02
 -1.4045000E+04  9.596E-02 -1.156E-02  4.935E-02
 -1.4043000E+04  1.142E-01 -1.374E-02  6.100E-02
 -1.4041000E+04  1.047E-01 -1.315E-02  6.605E-02
 -1.4039000E+04  1.052E-01 -1.292E-02  6.625E-02
 -1.4037000E+04  1.095E-01 -1.334E-02  7.090E-02
 -1.4035000E+04  1.086E-01 -1.351E-02  6.973E-02
