 -5.6677000E+04 -5.886E-07 -2.756E-08  8.280E-07
 -5.6675000E+04 -4.383E-06 -2.791E-08  3.801E-06
 -5.6673000E+04 -5.333E-05  1.430E-05 -1.137E-04
 -5.6671000E+04 -2.814E-04  1.207E-04 -1.061E-03
 -5.6669000E+04 -8.797E-03  1.322E-03 -6.774E-03
 -5.6667000E+04 -5.433E-02  7.624E-03 -3.644E-02
 -5.6665000E+04 -2.435E+00  3.368E-01 -1.567E+00
 -5.6663000E+04 -1.726E+01  2.346E+00 -1.067E+01
 -5.6661000E+04 -2.609E+01  3.558E+00 -1.626E+01
 -5.6659000E+04 -1.388E+01  1.854E+00 -8.250E+00
 -5.6657000E+04 -4.630E+00  6.411E-01 -2.999E+00
 -5.6655000E+04 -1.508E+00  2.060E-01 -9.526E-01
 -5.6653000E+04 -3.289E-01  2.852E-02 -4.460E-02
 -5.6651000E+04 -9.769E-02  2.376E-03  4.225E-02
 -5.6649000E+04  2.260E-01 -2.976E-02  1.238E-01
 -5.6647000E+04  2.680E-01 -3.064E-02  9.366E-02
 -5.6645000E+04  4.491E-01 -5.091E-02  1.619E-01
 -5.6643000E+04  3.267E-01 -4.806E-02  2.326E-01
 -5.6641000E+04  2.703E-01 -4.583E-02  2.506E-01
 -5.6639000E+04  4.640E-01 -5.637E-02  2.102E-01
 -5.6637000E+04  4.420E-01 -5.255E-02  1.843E-01
 -5.6635000E+04  4.399E-01 -5.059E-02  1.727E-01
 -5.6633000E+04  3.604E-01 -4.789E-02  2.045E-01
 -5.6631000E+04  3.625E-01 -5.023E-02  2.259E-01
 -5.6629000E+04  4.451E-01 -5.740E-02  2.402E-01
 -5.6627000E+04  3.627E-01 -5.079E-02  2.374E-01
 -5.6625000E+04  3.393E-01 -4.323E-02  1.738E-01
 -5.6623000E+04  3.614E-01 -5.001E-02  2.259E-01
 -5.6621000E+04  4.542E-01 -6.413E-02  2.970E-01
 -5.6619000E+04  4.022E-01 -5.264E-02  2.238E-01
 -5.6617000E+04  3.945E-01 -5.937E-02  3.061E-01
 -5.6615000E+04  4.224E-01 -6.317E-02  3.122E-01
 -5.6613000E+04  4.442E-01 -5.595E-02  2.279E-01
 -5.6611000E+04  3.837E-01 -5.288E-02  2.351E-01
 -5.6609000E+04  4.482E-01 -5.799E-02  2.408E-01
 -5.6607000E+04  4.120E-01 -5.403E-02  2.340E-01
 -5.6605000E+04  3.602E-01 -5.057E-02  2.358E-01
 -5.6603000E+04  3.690E-01 -5.016E-02  2.261E-01
 -5.6601000E+04  3.472E-01 -5.014E-02  2.447E-01
 -5.6599000E+04  3.924E-01 -5.393E-02  2.443E-01
 -5.6597000E+04  3.882E-01 -5.449E-02  2.539E-01
 -5.6595000E+04  3.558E-01 -5.503E-02  2.861E-01
 -5.6593000E+04  3.736E-01 -4.219E-02  1.396E-01
 -5.6591000E+04  3.351E-01 -5.055E-02  2.574E-01
 -5.6589000E+04  4.156E-01 -5.571E-02  2.475E-01
 -5.6587000E+04  4.166E-01 -4.971E-02  1.825E-01
 -5.6585000E+04  3.652E-01 -5.059E-02  2.296E-01
 -5.6583000E+04  3.819E-01 -5.433E-02  2.536E-01
 -5.6581000E+04  3.296E-01 -4.814E-02  2.301E-01
 -5.6579000E+04  3.049E-01 -3.629E-02  1.303E-01
 -5.6577000E+04  3.483E-01 -4.400E-02  1.826E-01
 -5.6575000E+04  3.406E-01 -4.894E-02  2.240E-01
 -5.6573000E+04  3.055E-01 -4.538E-02  2.369E-01
 -5.6571000E+04  2.993E-01 -4.080E-02  1.806E-01
 -5.6569000E+04  3.072E-01 -3.735E-02  1.502E-01
 -5.6567000E+04  3.843E-01 -5.105E-02  2.134E-01
 -5.6565000E+04  2.773E-01 -3.987E-02  1.959E-01
 -5.6563000E+04  2.767E-01 -3.914E-02  1.874E-01
 -5.6561000E+04  3.238E-01 -4.551E-02  2.154E-01
 -5.6559000E+04  3.340E-01 -4.565E-02  2.103E-01
 -5.6557000E+04  3.120E-01 -4.467E-02  2.124E-01
 -5.6555000E+04  3.244E-01 -4.153E-02  1.753E-01
 -5.6553000E+04  2.942E-01 -3.846E-02  1.656E-01
 -5.6551000E+04  2.720E-01 -4.039E-02  1.948E-01
 -5.6549000E+04  2.586E-01 -3.776E-02  1.852E-01
 -5.6547000E+04  3.153E-01 -4.432E-02  2.143E-01
 -5.6545000E+04  2.884E-01 -3.455E-02  1.283E-01
 -5.6543000E+04  2.748E-01 -3.697E-02  1.695E-01
 -5.6541000E+04  2.848E-01 -3.546E-02  1.422E-01
 -5.6539000E+04  3.259E-01 -4.226E-02  1.786E-01
 -5.6537000E+04  2.906E-01 -4.406E-02  2.211E-01
 -5.6535000E+04  3.204E-01 -4.346E-02  1.947E-01
 -5.6533000E+04  3.136E-01 -4.229E-02  1.856E-01
 -5.6531000E+04  2.592E-01 -3.093E-02  1.102E-01
 -5.6529000E+04  2.267E-01 -2.871E-02  1.127E-01
 -5.6527000E+04  2.085E-01 -2.932E-02  1.348E-01
 -5.6525000E+04  2.450E-01 -3.774E-02  1.894E-01
 -5.6523000E+04  2.753E-01 -3.568E-02  1.564E-01
 -5.6521000E+04  3.280E-01 -4.394E-02  1.983E-01
 -5.6519000E+04  2.187E-01 -2.934E-02  1.339E-01
 -5.6517000E+04  2.495E-01 -3.243E-02  1.523E-01
 -5.6515000E+04  2.260E-01 -3.700E-02  2.076E-01
 -5.6513000E+04  2.582E-01 -3.148E-02  1.198E-01
 -5.6511000E+04  2.590E-01 -3.458E-02  1.460E-01
 -5.6509000E+04  2.646E-01 -3.389E-02  1.436E-01
 -5.6507000E+04  2.780E-01 -3.722E-02  1.673E-01
 -5.6505000E+04  2.421E-01 -3.436E-02  1.592E-01
 -5.6503000E+04  2.582E-01 -3.517E-02  1.561E-01
 -5.6501000E+04  2.773E-01 -3.690E-02  1.628E-01
 -5.6499000E+04  1.951E-01 -3.252E-02  1.833E-01
 -5.6497000E+04  2.382E-01 -3.244E-02  1.416E-01
 -5.6495000E+04  2.561E-01 -3.148E-02  1.270E-01
 -5.6493000E+04  2.602E-01 -3.325E-02  1.369E-01
 -5.6491000E+04  2.539E-01 -3.215E-02  1.382E-01
 -5.6489000E+04  2.496E-01 -3.284E-02  1.401E-01
 -5.6487000E+04  2.399E-01 -2.936E-02  1.189E-01
 -5.6485000E+04  2.009E-01 -3.122E-02  1.598E-01
 -5.6483000E+04  2.216E-01 -3.267E-02  1.594E-01
 -5.6481000E+04  2.271E-01 -3.004E-02  1.283E-01
 -5.6479000E+04  2.529E-01 -3.411E-02  1.536E-01
 -5.6477000E+04  2.047E-01 -3.020E-02  1.549E-01
 -5.6475000E+04  2.158E-01 -2.808E-02  1.217E-01
 -5.6473000E+04  2.112E-01 -2.747E-02  1.210E-01
 -5.6471000E+04  2.430E-01 -2.935E-02  1.200E-01
 -5.6469000E+04  1.959E-01 -2.918E-02  1.393E-01
 -5.6467000E+04  2.124E-01 -3.164E-02  1.520E-01
 -5.6465000E+04  2.110E-01 -3.107E-02  1.577E-01
 -5.6463000E+04  1.942E-01 -2.492E-02  1.090E-01
 -5.6461000E+04  2.013E-01 -2.557E-02  1.040E-01
 -5.6459000E+04  2.332E-01 -2.964E-02  1.268E-01
 -5.6457000E+04  1.930E-01 -2.501E-02  1.180E-01
 -5.6455000E+04  2.086E-01 -2.763E-02  1.239E-01
 -5.6453000E+04  1.862E-01 -2.391E-02  1.030E-01
 -5.6451000E+04  1.687E-01 -2.485E-02  1.200E-01
 -5.6449000E+04  2.093E-01 -3.199E-02  1.557E-01
 -5.6447000E+04  1.935E-01 -2.778E-02  1.292E-01
 -5.6445000E+04  2.082E-01 -2.715E-02  1.200E-01
 -5.6443000E+04  1.719E-01 -2.286E-02  1.033E-01
 -5.6441000E+04  1.959E-01 -2.602E-02  1.208E-01
 -5.6439000E+04  1.860E-01 -2.454E-02  1.103E-01
 -5.6437000E+04  2.039E-01 -2.845E-02  1.323E-01
 -5.6435000E+04  1.995E-01 -2.759E-02  1.205E-01
 -5.6433000E+04  2.127E-01 -2.500E-02  9.933E-02
 -5.6431000E+04  1.677E-01 -2.022E-02  7.414E-02
 -5.6429000E+04  1.659E-01 -2.722E-02  1.446E-01
 -5.6427000E+04  1.765E-01 -2.524E-02  1.242E-01
 -5.6425000E+04  1.423E-01 -2.018E-02  1.019E-01
 -5.6423000E+04  1.680E-01 -2.271E-02  1.033E-01
 -5.6421000E+04  1.584E-01 -2.385E-02  1.142E-01
 -5.6419000E+04  1.939E-01 -2.425E-02  1.018E-01
 -5.6417000E+04  1.601E-01 -2.081E-02  9.028E-02
 -5.6415000E+04  1.603E-01 -2.269E-02  1.125E-01
 -5.6413000E+04  1.871E-01 -2.457E-02  1.025E-01
 -5.6411000E+04  1.984E-01 -2.586E-02  1.107E-01
 -5.6409000E+04  1.522E-01 -2.047E-02  9.396E-02
 -5.6407000E+04  1.639E-01 -2.134E-02  9.342E-02
 -5.6405000E+04  1.655E-01 -2.112E-02  8.869E-02
 -5.6403000E+04  1.581E-01 -2.429E-02  1.176E-01
 -5.6401000E+04  1.479E-01 -2.366E-02  1.305E-01
 -5.6399000E+04  1.673E-01 -2.232E-02  9.668E-02
 -5.6397000E+04  1.799E-01 -2.643E-02  1.334E-01
 -5.6395000E+04  1.493E-01 -2.220E-02  1.116E-01
 -5.6393000E+04  1.678E-01 -2.114E-02  9.194E-02
 -5.6391000E+04  1.522E-01 -2.151E-02  1.037E-01
 -5.6389000E+04  1.560E-01 -2.132E-02  9.647E-02
 -5.6387000E+04  1.505E-01 -2.067E-02  9.656E-02
 -5.6385000E+04  1.562E-01 -2.356E-02  1.189E-01
 -5.6383000E+04  1.661E-01 -2.130E-02  9.562E-02
 -5.6381000E+04  1.271E-01 -1.671E-02  7.836E-02
 -5.6379000E+04  1.484E-01 -2.229E-02  1.125E-01
 -5.6377000E+04  1.505E-01 -2.018E-02  9.021E-02
 -5.6375000E+04  1.576E-01 -2.067E-02  8.211E-02
 -5.6373000E+04  1.615E-01 -2.088E-02  8.892E-02
 -5.6371000E+04  1.559E-01 -1.961E-02  7.908E-02
 -5.6369000E+04  1.477E-01 -1.668E-02  5.699E-02
 -5.6367000E+04  1.427E-01 -1.929E-02  9.022E-02
 -5.6365000E+04  1.315E-01 -1.673E-02  6.446E-02
 -5.6363000E+04  1.214E-01 -1.819E-02  9.081E-02
 -5.6361000E+04  1.504E-01 -2.096E-02  9.968E-02
 -5.6359000E+04  1.509E-01 -1.998E-02  8.382E-02
 -5.6357000E+04  1.489E-01 -2.091E-02  1.042E-01
 -5.6355000E+04  1.610E-01 -2.298E-02  1.132E-01
 -5.6353000E+04  1.245E-01 -1.724E-02  8.173E-02
 -5.6351000E+04  1.652E-01 -2.040E-02  8.426E-02
 -5.6349000E+04  1.337E-01 -1.448E-02  4.641E-02
 -5.6347000E+04  1.276E-01 -1.727E-02  7.433E-02
 -5.6345000E+04  1.117E-01 -1.628E-02  7.645E-02
 -5.6343000E+04  1.095E-01 -1.640E-02  8.470E-02
 -5.6341000E+04  1.209E-01 -1.558E-02  7.043E-02
 -5.6339000E+04  1.171E-01 -1.597E-02  7.848E-02
 -5.6337000E+04  1.212E-01 -1.783E-02  9.040E-02
 -5.6335000E+04  1.296E-01 -1.784E-02  8.753E-02
 -5.6333000E+04  1.614E-01 -2.126E-02  8.716E-02
 -5.6331000E+04  1.288E-01 -1.794E-02  8.142E-02
 -5.6329000E+04  1.424E-01 -1.653E-02  6.055E-02
 -5.6327000E+04  1.089E-01 -1.608E-02  8.467E-02
 -5.6325000E+04  1.172E-01 -1.563E-02  6.801E-02
 -5.6323000E+04  1.263E-01 -1.632E-02  7.181E-02
 -5.6321000E+04  1.086E-01 -1.480E-02  6.317E-02
 -5.6319000E+04  1.228E-01 -1.675E-02  7.772E-02
 -5.6317000E+04  1.247E-01 -1.822E-02  9.265E-02
 -5.6315000E+04  1.334E-01 -2.165E-02  1.141E-01
 -5.6313000E+04  1.104E-01 -1.563E-02  8.033E-02
 -5.6311000E+04  1.070E-01 -1.512E-02  7.597E-02
 -5.6309000E+04  1.495E-01 -2.007E-02  8.566E-02
 -5.6307000E+04  1.346E-01 -1.890E-02  8.986E-02
 -5.6305000E+04  8.579E-02 -1.187E-02  5.647E-02
 -5.6303000E+04  1.263E-01 -1.786E-02  8.785E-02
 -5.6301000E+04  1.139E-01 -1.564E-02  7.073E-02
 -5.6299000E+04  1.056E-01 -1.638E-02  9.070E-02
