 -6.5699000E+04  1.272E-02 -8.776E-04 -2.527E-03
 -6.5697000E+04 -3.389E-03 -3.609E-04  6.440E-03
 -6.5695000E+04 -8.995E-03  1.012E-03 -2.842E-03
 -6.5693000E+04 -1.354E-02  1.187E-03 -1.024E-03
 -6.5691000E+04 -3.964E-02  4.993E-03 -1.802E-02
 -6.5689000E+04 -1.480E+00  1.943E-01 -7.104E-01
 -6.5687000E+04 -1.296E+01  1.799E+00 -7.142E+00
 -6.5685000E+04 -2.500E+01  3.633E+00 -1.522E+01
 -6.5683000E+04 -1.695E+01  2.583E+00 -1.136E+01
 -6.5681000E+04 -6.763E+00  1.062E+00 -4.759E+00
 -6.5679000E+04 -2.499E+00  3.883E-01 -1.691E+00
 -6.5677000E+04 -8.624E-01  1.328E-01 -5.570E-01
 -6.5675000E+04 -2.595E-01  4.054E-02 -1.655E-01
 -6.5673000E+04  7.334E-02 -1.515E-02  1.008E-01
 -6.5671000E+04  3.391E-01 -3.374E-02  4.874E-02
 -6.5669000E+04  2.145E-01 -3.817E-02  2.007E-01
 -6.5667000E+04  2.085E-01 -3.718E-02  1.917E-01
 -6.5665000E+04  3.561E-01 -4.309E-02  1.293E-01
 -6.5663000E+04  3.698E-01 -6.281E-02  3.195E-01
 -6.5661000E+04  5.259E-01 -7.262E-02  2.709E-01
 -6.5659000E+04  4.828E-01 -6.336E-02  2.184E-01
 -6.5657000E+04  3.312E-01 -4.611E-02  1.762E-01
 -6.5655000E+04  3.422E-01 -4.552E-02  1.595E-01
 -6.5653000E+04  4.576E-01 -6.480E-02  2.546E-01
 -6.5651000E+04  4.410E-01 -5.396E-02  1.564E-01
 -6.5649000E+04  4.327E-01 -6.418E-02  2.740E-01
 -6.5647000E+04  4.032E-01 -7.042E-02  3.601E-01
 -6.5645000E+04  4.357E-01 -6.772E-02  3.054E-01
 -6.5643000E+04  3.792E-01 -5.578E-02  2.290E-01
 -6.5641000E+04  3.608E-01 -4.413E-02  1.408E-01
 -6.5639000E+04  3.121E-01 -5.427E-02  2.803E-01
 -6.5637000E+04  3.767E-01 -5.682E-02  2.491E-01
 -6.5635000E+04  4.413E-01 -6.907E-02  3.107E-01
 -6.5633000E+04  4.397E-01 -6.719E-02  2.946E-01
 -6.5631000E+04  4.269E-01 -7.001E-02  3.327E-01
 -6.5629000E+04  4.193E-01 -5.901E-02  2.281E-01
 -6.5627000E+04  4.282E-01 -5.858E-02  2.188E-01
 -6.5625000E+04  3.834E-01 -5.694E-02  2.450E-01
 -6.5623000E+04  4.189E-01 -6.078E-02  2.456E-01
 -6.5621000E+04  4.316E-01 -7.007E-02  3.295E-01
 -6.5619000E+04  2.796E-01 -3.793E-02  1.408E-01
 -6.5617000E+04  3.595E-01 -5.257E-02  2.172E-01
 -6.5615000E+04  3.317E-01 -4.956E-02  2.112E-01
 -6.5613000E+04  4.100E-01 -5.309E-02  1.826E-01
 -6.5611000E+04  3.507E-01 -5.579E-02  2.551E-01
 -6.5609000E+04  3.229E-01 -4.353E-02  1.560E-01
 -6.5607000E+04  3.492E-01 -5.507E-02  2.433E-01
 -6.5605000E+04  3.178E-01 -5.139E-02  2.424E-01
 -6.5603000E+04  3.453E-01 -4.823E-02  1.957E-01
 -6.5601000E+04  3.085E-01 -5.005E-02  2.378E-01
 -6.5599000E+04  3.595E-01 -4.859E-02  1.775E-01
 -6.5597000E+04  3.285E-01 -4.135E-02  1.481E-01
 -6.5595000E+04  3.380E-01 -4.944E-02  2.044E-01
 -6.5593000E+04  3.672E-01 -5.759E-02  2.560E-01
 -6.5591000E+04  3.612E-01 -5.415E-02  2.289E-01
 -6.5589000E+04  2.726E-01 -3.873E-02  1.494E-01
 -6.5587000E+04  2.726E-01 -4.036E-02  1.798E-01
 -6.5585000E+04  3.459E-01 -4.928E-02  2.005E-01
 -6.5583000E+04  2.848E-01 -4.383E-02  1.969E-01
 -6.5581000E+04  3.556E-01 -5.031E-02  1.939E-01
 -6.5579000E+04  3.704E-01 -5.659E-02  2.520E-01
 -6.5577000E+04  2.997E-01 -4.743E-02  2.096E-01
 -6.5575000E+04  2.889E-01 -4.519E-02  2.112E-01
 -6.5573000E+04  2.854E-01 -4.198E-02  1.783E-01
 -6.5571000E+04  2.783E-01 -3.983E-02  1.635E-01
 -6.5569000E+04  3.631E-01 -5.029E-02  1.793E-01
 -6.5567000E+04  2.693E-01 -3.705E-02  1.421E-01
 -6.5565000E+04  2.833E-01 -4.539E-02  2.074E-01
 -6.5563000E+04  3.202E-01 -4.854E-02  2.092E-01
 -6.5561000E+04  2.510E-01 -3.870E-02  1.774E-01
 -6.5559000E+04  2.394E-01 -3.959E-02  1.811E-01
 -6.5557000E+04  2.684E-01 -3.523E-02  1.178E-01
 -6.5555000E+04  2.422E-01 -3.956E-02  1.882E-01
 -6.5553000E+04  3.642E-01 -5.104E-02  2.099E-01
 -6.5551000E+04  3.230E-01 -4.108E-02  1.311E-01
 -6.5549000E+04  2.709E-01 -4.599E-02  2.237E-01
 -6.5547000E+04  2.635E-01 -4.136E-02  1.950E-01
 -6.5545000E+04  2.562E-01 -3.517E-02  1.349E-01
 -6.5543000E+04  2.835E-01 -4.199E-02  1.743E-01
 -6.5541000E+04  2.679E-01 -3.496E-02  1.223E-01
 -6.5539000E+04  2.671E-01 -3.783E-02  1.496E-01
 -6.5537000E+04  2.697E-01 -4.037E-02  1.746E-01
 -6.5535000E+04  2.471E-01 -3.882E-02  1.757E-01
 -6.5533000E+04  2.645E-01 -3.852E-02  1.631E-01
 -6.5531000E+04  2.561E-01 -3.876E-02  1.683E-01
 -6.5529000E+04  2.697E-01 -3.925E-02  1.582E-01
 -6.5527000E+04  2.573E-01 -3.540E-02  1.342E-01
 -6.5525000E+04  2.336E-01 -3.533E-02  1.487E-01
 -6.5523000E+04  2.483E-01 -3.427E-02  1.298E-01
 -6.5521000E+04  2.289E-01 -3.547E-02  1.619E-01
 -6.5519000E+04  2.303E-01 -3.434E-02  1.406E-01
 -6.5517000E+04  2.197E-01 -3.496E-02  1.585E-01
 -6.5515000E+04  2.623E-01 -3.730E-02  1.600E-01
 -6.5513000E+04  2.449E-01 -3.499E-02  1.392E-01
 -6.5511000E+04  2.370E-01 -3.348E-02  1.328E-01
 -6.5509000E+04  2.405E-01 -3.651E-02  1.575E-01
 -6.5507000E+04  2.435E-01 -3.383E-02  1.282E-01
 -6.5505000E+04  2.312E-01 -3.166E-02  1.222E-01
 -6.5503000E+04  2.243E-01 -3.304E-02  1.358E-01
 -6.5501000E+04  2.166E-01 -3.327E-02  1.448E-01
 -6.5499000E+04  2.162E-01 -3.076E-02  1.280E-01
 -6.5497000E+04  2.144E-01 -3.358E-02  1.498E-01
 -6.5495000E+04  2.122E-01 -3.543E-02  1.724E-01
 -6.5493000E+04  2.331E-01 -3.578E-02  1.587E-01
 -6.5491000E+04  2.199E-01 -2.845E-02  1.027E-01
 -6.5489000E+04  2.253E-01 -3.143E-02  1.140E-01
 -6.5487000E+04  2.212E-01 -3.420E-02  1.535E-01
 -6.5485000E+04  1.684E-01 -2.988E-02  1.525E-01
 -6.5483000E+04  1.649E-01 -2.725E-02  1.336E-01
 -6.5481000E+04  2.470E-01 -2.941E-02  8.633E-02
 -6.5479000E+04  1.940E-01 -2.575E-02  9.434E-02
 -6.5477000E+04  2.169E-01 -3.292E-02  1.358E-01
 -6.5475000E+04  2.119E-01 -2.880E-02  1.148E-01
 -6.5473000E+04  2.150E-01 -3.090E-02  1.233E-01
 -6.5471000E+04  1.907E-01 -3.099E-02  1.469E-01
 -6.5469000E+04  2.086E-01 -2.953E-02  1.081E-01
 -6.5467000E+04  1.400E-01 -2.415E-02  1.255E-01
 -6.5465000E+04  1.994E-01 -3.124E-02  1.440E-01
 -6.5463000E+04  2.074E-01 -2.960E-02  1.158E-01
 -6.5461000E+04  2.147E-01 -3.241E-02  1.345E-01
 -6.5459000E+04  1.670E-01 -2.701E-02  1.292E-01
 -6.5457000E+04  1.794E-01 -2.667E-02  1.141E-01
 -6.5455000E+04  2.152E-01 -2.950E-02  1.113E-01
 -6.5453000E+04  1.687E-01 -2.509E-02  1.083E-01
 -6.5451000E+04  1.796E-01 -2.726E-02  1.245E-01
 -6.5449000E+04  1.775E-01 -2.403E-02  8.780E-02
 -6.5447000E+04  1.446E-01 -2.500E-02  1.244E-01
 -6.5445000E+04  1.810E-01 -2.987E-02  1.498E-01
 -6.5443000E+04  2.051E-01 -2.708E-02  1.032E-01
 -6.5441000E+04  1.421E-01 -2.293E-02  9.799E-02
 -6.5439000E+04  1.676E-01 -2.664E-02  1.267E-01
 -6.5437000E+04  1.617E-01 -2.076E-02  8.415E-02
 -6.5435000E+04  1.997E-01 -2.538E-02  1.063E-01
 -6.5433000E+04  2.011E-01 -2.566E-02  1.032E-01
 -6.5431000E+04  1.815E-01 -3.027E-02  1.312E-01
 -6.5429000E+04  1.543E-01 -2.461E-02  1.171E-01
 -6.5427000E+04  1.656E-01 -2.435E-02  9.970E-02
 -6.5425000E+04  1.875E-01 -2.478E-02  8.067E-02
 -6.5423000E+04  1.551E-01 -2.349E-02  9.578E-02
 -6.5421000E+04  1.333E-01 -2.228E-02  1.122E-01
 -6.5419000E+04  1.752E-01 -3.122E-02  1.281E-01
 -6.5417000E+04  1.707E-01 -2.487E-02  1.086E-01
 -6.5415000E+04  1.351E-01 -1.868E-02  7.544E-02
 -6.5413000E+04  1.563E-01 -2.295E-02  8.833E-02
 -6.5411000E+04  1.513E-01 -2.581E-02  1.246E-01
 -6.5409000E+04  1.538E-01 -2.237E-02  9.559E-02
 -6.5407000E+04  1.751E-01 -2.240E-02  7.557E-02
 -6.5405000E+04  1.338E-01 -1.533E-02  3.981E-02
 -6.5403000E+04  1.638E-01 -2.487E-02  1.104E-01
 -6.5401000E+04  1.706E-01 -2.665E-02  1.142E-01
 -6.5399000E+04  1.278E-01 -1.705E-02  6.437E-02
 -6.5397000E+04  1.486E-01 -2.425E-02  1.118E-01
 -6.5395000E+04  1.153E-01 -2.061E-02  1.202E-01
 -6.5393000E+04  1.523E-01 -2.060E-02  8.456E-02
 -6.5391000E+04  1.387E-01 -2.110E-02  8.650E-02
 -6.5389000E+04  1.905E-01 -2.478E-02  1.109E-01
 -6.5387000E+04  1.596E-01 -2.148E-02  8.649E-02
 -6.5385000E+04  1.247E-01 -2.403E-02  1.094E-01
 -6.5383000E+04  1.406E-01 -2.844E-02  1.012E-01
 -6.5381000E+04  1.082E-01 -2.210E-02  8.865E-02
 -6.5379000E+04  1.566E-01 -1.701E-02  7.727E-02
 -6.5377000E+04  1.191E-01 -1.956E-02  9.032E-02
 -6.5375000E+04  1.396E-01 -1.714E-02  6.582E-02
 -6.5373000E+04  1.284E-01 -2.288E-02  1.131E-01
 -6.5371000E+04  1.655E-01 -2.203E-02  8.322E-02
 -6.5369000E+04  1.459E-01 -2.245E-02  8.960E-02
 -6.5367000E+04  1.112E-01 -1.663E-02  7.053E-02
 -6.5365000E+04  1.550E-01 -2.243E-02  8.413E-02
 -6.5363000E+04  1.170E-01 -1.584E-02  7.524E-02
 -6.5361000E+04  1.349E-01 -1.727E-02  7.807E-02
 -6.5359000E+04  1.307E-01 -1.746E-02  7.281E-02
 -6.5357000E+04  1.468E-01 -1.907E-02  9.101E-02
 -6.5355000E+04  1.348E-01 -1.802E-02  6.938E-02
 -6.5353000E+04  1.272E-01 -2.165E-02  1.078E-01
 -6.5351000E+04  1.186E-01 -1.828E-02  7.232E-02
 -6.5349000E+04  1.147E-01 -1.912E-02  9.273E-02
 -6.5347000E+04  1.202E-01 -1.587E-02  5.477E-02
 -6.5345000E+04  1.296E-01 -1.969E-02  9.218E-02
 -6.5343000E+04  1.484E-01 -2.097E-02  9.005E-02
 -6.5341000E+04  1.303E-01 -1.499E-02  4.931E-02
 -6.5339000E+04  1.339E-01 -1.638E-02  5.289E-02
 -6.5337000E+04  1.128E-01 -1.853E-02  8.404E-02
 -6.5335000E+04  9.921E-02 -1.825E-02  8.012E-02
 -6.5333000E+04  1.248E-01 -1.678E-02  6.107E-02
 -6.5331000E+04  1.170E-01 -1.438E-02  6.262E-02
 -6.5329000E+04  1.010E-01 -1.673E-02  6.946E-02
 -6.5327000E+04  1.047E-01 -1.676E-02  7.623E-02
 -6.5325000E+04  1.278E-01 -2.191E-02  8.855E-02
 -6.5323000E+04  1.255E-01 -2.099E-02  7.871E-02
 -6.5321000E+04  1.271E-01 -1.575E-02  7.053E-02
