  7.3190000E+03  4.037E-01 -5.685E-02  4.484E-01
  7.3210000E+03  5.644E-01 -7.777E-02  3.207E-01
  7.3230000E+03  5.690E-01 -7.873E-02  3.142E-01
  7.3250000E+03  4.076E-01 -4.613E-02  3.230E-01
  7.3270000E+03  4.696E-01 -6.105E-02  2.687E-01
  7.3290000E+03  4.117E-01 -5.963E-02  2.136E-01
  7.3310000E+03  4.661E-01 -6.697E-02  2.738E-01
  7.3330000E+03  4.660E-01 -6.206E-02  1.939E-01
  7.3350000E+03  3.020E-01 -5.547E-02  2.768E-01
  7.3370000E+03  4.241E-01 -2.996E-02  2.789E-01
  7.3390000E+03  4.949E-01 -4.157E-02  2.244E-01
  7.3410000E+03  4.100E-01 -4.556E-02  1.884E-01
  7.3430000E+03  4.177E-01 -5.182E-02  2.127E-01
  7.3450000E+03  3.197E-01 -4.686E-03  2.090E-01
  7.3470000E+03  3.282E-01 -4.358E-02  3.401E-01
  7.3490000E+03  4.415E-01 -9.216E-02  3.026E-01
  7.3510000E+03  4.183E-01 -5.909E-02  2.659E-01
  7.3530000E+03  3.908E-01 -4.525E-02  1.877E-01
  7.3550000E+03  3.034E-01 -9.643E-02  2.980E-01
  7.3570000E+03  3.125E-01 -4.737E-02  2.674E-01
  7.3590000E+03  4.121E-01 -6.553E-02  1.957E-01
  7.3610000E+03  4.330E-01 -7.331E-02  2.477E-01
  7.3630000E+03  3.325E-01 -5.135E-02  2.441E-01
  7.3650000E+03  2.608E-01  7.517E-03  1.646E-01
  7.3670000E+03  3.063E-01 -1.740E-02  2.409E-01
  7.3690000E+03  3.836E-01 -5.697E-02  2.146E-01
  7.3710000E+03  3.572E-01 -6.520E-02  3.067E-01
  7.3730000E+03  3.622E-01 -2.739E-02  6.924E-02
  7.3750000E+03  3.851E-01 -5.184E-02  3.655E-01
  7.3770000E+03  2.232E-01 -1.697E-02  1.657E-01
  7.3790000E+03  2.730E-01 -6.708E-02  2.137E-01
  7.3810000E+03  3.647E-01 -4.967E-02  2.507E-01
  7.3830000E+03  2.874E-01 -4.535E-02  1.956E-01
  7.3850000E+03  2.623E-01  2.690E-02  1.705E-01
  7.3870000E+03  3.392E-01 -2.646E-02  2.321E-01
  7.3890000E+03  3.125E-01 -3.715E-02  1.682E-01
  7.3910000E+03  3.680E-01 -9.417E-02  1.549E-01
  7.3930000E+03  2.757E-01 -5.136E-02  1.417E-01
  7.3950000E+03  2.745E-01 -4.723E-02  1.772E-01
  7.3970000E+03  2.621E-01 -4.481E-02  2.134E-01
  7.3990000E+03  2.559E-01 -3.492E-02  1.773E-01
  7.4010000E+03  3.086E-01 -3.963E-02  1.479E-01
  7.4030000E+03  2.763E-01 -5.209E-02  2.014E-01
  7.4050000E+03  3.588E-01 -5.926E-02  1.758E-01
  7.4070000E+03  3.273E-01 -6.981E-02  1.654E-01
  7.4090000E+03  2.154E-01 -2.589E-02  1.711E-01
  7.4110000E+03  3.315E-01 -2.500E-02  1.127E-01
  7.4130000E+03  2.432E-01 -1.026E-01  1.530E-01
  7.4150000E+03  2.138E-01 -6.238E-02  1.431E-01
  7.4170000E+03  2.111E-01 -4.306E-02  2.100E-01
  7.4190000E+03  2.038E-01  7.412E-02  1.875E-01
  7.4210000E+03  2.978E-01 -4.257E-02  1.193E-01
  7.4230000E+03  2.521E-01 -4.095E-02  1.751E-01
  7.4250000E+03  2.595E-01 -8.906E-02  2.000E-01
  7.4270000E+03  2.960E-01 -4.801E-02  1.597E-01
  7.4290000E+03  2.340E-01 -5.314E-03  1.694E-01
  7.4310000E+03  2.803E-01 -6.679E-03  1.712E-01
  7.4330000E+03  2.240E-01 -3.194E-02  1.700E-01
  7.4350000E+03  2.175E-01 -2.875E-02  1.545E-01
  7.4370000E+03  2.445E-01  1.580E-03  1.309E-01
  7.4390000E+03  2.168E-01 -1.761E-02  1.431E-01
  7.4410000E+03  2.081E-01 -2.707E-02  1.458E-01
  7.4430000E+03  2.436E-01 -3.429E-02  1.956E-01
  7.4450000E+03  2.283E-01 -4.100E-02  1.458E-01
  7.4470000E+03  2.432E-01 -4.521E-02  1.678E-01
  7.4490000E+03  2.127E-01 -3.080E-02  1.329E-01
  7.4510000E+03  2.149E-01 -3.702E-02  1.611E-01
  7.4530000E+03  2.040E-01 -2.194E-02  8.122E-02
  7.4550000E+03  1.923E-01 -2.300E-02  1.217E-01
  7.4570000E+03  2.086E-01 -2.946E-02  1.415E-01
  7.4590000E+03  2.258E-01 -3.312E-02  1.693E-01
  7.4610000E+03  2.403E-01 -3.270E-02  1.519E-01
  7.4630000E+03  2.238E-01 -2.759E-02  9.997E-02
  7.4650000E+03  1.778E-01 -6.833E-03  1.557E-01
  7.4670000E+03  2.251E-01 -4.751E-02  1.784E-01
  7.4690000E+03  1.941E-01 -6.620E-03  1.558E-01
  7.4710000E+03  1.989E-01 -4.474E-03  1.427E-01
  7.4730000E+03  2.269E-01 -2.763E-02  1.073E-01
  7.4750000E+03  2.160E-01  2.452E-03  8.743E-02
  7.4770000E+03  2.294E-01 -3.935E-02  1.063E-01
  7.4790000E+03  1.931E-01 -2.283E-03  1.072E-01
  7.4810000E+03  1.827E-01 -2.736E-02  1.377E-01
  7.4830000E+03  1.965E-01 -3.674E-02  1.436E-01
  7.4850000E+03  2.655E-01 -7.299E-02  1.518E-01
  7.4870000E+03  2.033E-01  3.292E-02  9.315E-02
  7.4890000E+03  1.888E-01 -1.663E-02  1.147E-01
  7.4910000E+03  1.940E-01 -3.285E-02  1.328E-01
  7.4930000E+03  1.504E-01 -2.309E-02  1.431E-01
  7.4950000E+03  1.926E-01 -2.536E-02  1.022E-01
  7.4970000E+03  2.004E-01 -3.069E-02  1.021E-01
  7.4990000E+03  2.348E-01 -3.105E-02  1.331E-01
  7.5010000E+03  1.569E-01 -3.359E-02  1.242E-01
  7.5030000E+03  1.591E-01 -1.597E-02  8.947E-02
  7.5050000E+03  1.446E-01 -3.965E-03  1.228E-01
  7.5070000E+03  1.627E-01  7.293E-03  1.326E-01
  7.5090000E+03  1.782E-01 -2.848E-02  1.175E-01
  7.5110000E+03  1.809E-01 -2.473E-02  8.693E-02
  7.5130000E+03  1.806E-01 -2.689E-02  1.283E-01
  7.5150000E+03  2.214E-01 -3.264E-02  1.268E-01
  7.5170000E+03  1.841E-01 -2.020E-02  1.162E-01
  7.5190000E+03  1.289E-01 -7.696E-03  9.275E-02
  7.5210000E+03  1.533E-01 -2.566E-02  9.338E-02
  7.5230000E+03  1.642E-01 -2.182E-02  1.100E-01
  7.5250000E+03  1.632E-01 -1.780E-02  1.282E-01
  7.5270000E+03  2.128E-01 -2.716E-02  1.071E-01
  7.5290000E+03  1.863E-01 -2.312E-02  9.311E-02
  7.5310000E+03  1.335E-01 -1.422E-02  1.022E-01
  7.5330000E+03  1.603E-01 -2.387E-02  1.036E-01
  7.5350000E+03  1.412E-01 -2.355E-02  8.389E-02
  7.5370000E+03  1.088E-01  4.233E-03  9.225E-02
  7.5390000E+03  1.912E-01 -4.340E-02  9.777E-02
  7.5410000E+03  1.592E-01 -2.354E-02  1.289E-01
  7.5430000E+03  1.440E-01 -3.963E-02  9.769E-02
  7.5450000E+03  1.315E-01 -4.569E-02  1.351E-01
  7.5470000E+03  1.619E-01 -8.013E-03  7.311E-02
  7.5490000E+03  1.489E-01 -2.176E-02  7.525E-02
  7.5510000E+03  1.660E-01 -1.590E-02  9.717E-02
  7.5530000E+03  1.618E-01 -1.786E-02  9.918E-02
  7.5550000E+03  1.491E-01 -1.852E-02  7.390E-02
  7.5570000E+03  1.578E-01 -2.809E-02  9.549E-02
  7.5590000E+03  1.532E-01 -2.594E-02  9.036E-02
  7.5610000E+03  1.558E-01 -1.678E-02  1.163E-01
  7.5630000E+03  1.480E-01 -2.034E-02  1.068E-01
  7.5650000E+03  1.446E-01 -1.363E-02  9.171E-02
  7.5670000E+03  1.356E-01 -1.668E-02  8.539E-02
  7.5690000E+03  1.333E-01 -1.312E-02  9.103E-02
  7.5710000E+03  1.328E-01 -1.343E-02  4.961E-02
  7.5730000E+03  1.481E-01 -1.624E-02  8.044E-02
  7.5750000E+03  1.707E-01 -1.793E-02  1.012E-01
  7.5770000E+03  1.179E-01 -3.197E-02  1.330E-01
  7.5790000E+03  1.447E-01 -2.249E-02  7.898E-02
  7.5810000E+03  1.361E-01 -2.542E-02  9.648E-02
  7.5830000E+03  1.298E-01 -1.842E-02  1.167E-01
  7.5850000E+03  1.310E-01 -2.156E-02  1.081E-01
  7.5870000E+03  1.326E-01 -3.126E-02  6.611E-02
  7.5890000E+03  1.125E-01 -1.825E-03  5.350E-02
  7.5910000E+03  1.437E-01 -2.663E-02  8.277E-02
  7.5930000E+03  8.562E-02 -4.730E-04  9.304E-02
  7.5950000E+03  1.316E-01  3.932E-03  6.228E-02
  7.5970000E+03  1.507E-01 -2.380E-02  8.568E-02
  7.5990000E+03  1.195E-01 -5.185E-03  7.206E-02
  7.6010000E+03  1.343E-01 -1.238E-02  6.481E-02
  7.6030000E+03  1.249E-01 -2.081E-02  7.105E-02
  7.6050000E+03  1.088E-01 -1.593E-02  9.767E-02
  7.6070000E+03  1.081E-01 -1.216E-02  6.640E-02
  7.6090000E+03  1.263E-01 -1.819E-02  8.064E-02
  7.6110000E+03  1.096E-01 -1.476E-02  6.351E-02
  7.6130000E+03  1.295E-01 -1.904E-02  7.529E-02
  7.6150000E+03  1.184E-01 -2.159E-02  8.712E-02
  7.6170000E+03  1.279E-01 -1.758E-02  5.548E-02
  7.6190000E+03  1.494E-01 -2.271E-02  8.642E-02
  7.6210000E+03  1.487E-01 -2.033E-02  6.657E-02
  7.6230000E+03  1.282E-01 -2.379E-02  8.220E-02
  7.6250000E+03  8.321E-02 -1.965E-02  8.691E-02
  7.6270000E+03  1.156E-01 -1.911E-02  9.422E-02
  7.6290000E+03  1.368E-01 -2.079E-02  8.438E-02
  7.6310000E+03  1.205E-01 -1.471E-02  8.236E-02
  7.6330000E+03  7.141E-02 -1.651E-02  6.593E-02
  7.6350000E+03  1.056E-01 -1.655E-02  5.672E-02
  7.6370000E+03  1.021E-01 -1.336E-02  6.730E-02
  7.6390000E+03  1.250E-01 -1.416E-02  7.467E-02
  7.6410000E+03  9.570E-02 -2.378E-02  8.331E-02
  7.6430000E+03  1.184E-01 -2.069E-02  8.216E-02
  7.6450000E+03  1.190E-01 -2.488E-02  8.746E-02
  7.6470000E+03  1.087E-01 -1.659E-02  6.480E-02
  7.6490000E+03  9.996E-02 -1.146E-02  6.955E-02
  7.6510000E+03  8.992E-02 -1.513E-02  6.070E-02
  7.6530000E+03  8.090E-02 -8.696E-03  4.542E-02
  7.6550000E+03  1.078E-01 -3.131E-02  3.321E-02
  7.6570000E+03  1.111E-01 -3.485E-02  8.705E-02
  7.6590000E+03  1.206E-01 -1.911E-02  8.872E-02
  7.6610000E+03  1.061E-01 -1.332E-02  6.040E-02
  7.6630000E+03  1.077E-01 -7.650E-03  6.744E-02
  7.6650000E+03  9.676E-02 -1.812E-02  7.622E-02
  7.6670000E+03  7.355E-02 -8.518E-03  7.161E-02
  7.6690000E+03  1.359E-01 -2.002E-02  4.340E-02
  7.6710000E+03  7.471E-02 -1.480E-02  5.225E-02
  7.6730000E+03  1.140E-01 -1.167E-02  6.269E-02
  7.6750000E+03  1.239E-01 -3.687E-03  7.678E-02
  7.6770000E+03  7.485E-02 -1.128E-02  6.077E-02
  7.6790000E+03  8.157E-02 -8.611E-03  5.787E-02
  7.6810000E+03  1.071E-01 -1.337E-02  7.269E-02
  7.6830000E+03  9.559E-02 -1.357E-02  5.555E-02
  7.6850000E+03  7.865E-02 -1.128E-02  7.579E-02
  7.6870000E+03  9.314E-02 -1.244E-02  6.658E-02
  7.6890000E+03  9.578E-02 -1.189E-02  6.287E-02
  7.6910000E+03  9.491E-02 -1.343E-02  4.728E-02
  7.6930000E+03  9.761E-02 -1.397E-02  5.276E-02
  7.6950000E+03  8.913E-02 -1.495E-02  5.604E-02
  7.6970000E+03  1.203E-01 -1.534E-02  5.021E-02
