 -4.3449000E+04 -3.895E-04 -6.757E-05  6.311E-04
 -4.3447000E+04 -8.056E-03  1.583E-03 -7.399E-03
 -4.3445000E+04  1.243E-02 -9.976E-04 -3.560E-03
 -4.3443000E+04 -1.169E-02  1.167E-03  1.911E-03
 -4.3441000E+04 -4.922E-03  8.802E-05  4.119E-03
 -4.3439000E+04  4.406E-03 -5.375E-06 -5.626E-03
 -4.3437000E+04 -1.876E-03 -5.226E-04  5.161E-03
 -4.3435000E+04 -8.033E-03  1.775E-03 -9.808E-03
 -4.3433000E+04 -7.948E-03  1.323E-03 -5.062E-03
 -4.3431000E+04 -3.662E-03  5.036E-04 -4.592E-03
 -4.3429000E+04 -7.866E-02  1.160E-02 -4.745E-02
 -4.3427000E+04 -6.520E-01  1.006E-01 -4.408E-01
 -4.3425000E+04 -3.212E+00  4.916E-01 -2.077E+00
 -4.3423000E+04 -8.096E+00  1.231E+00 -5.075E+00
 -4.3421000E+04 -1.289E+01  1.979E+00 -8.147E+00
 -4.3419000E+04 -1.359E+01  2.108E+00 -8.659E+00
 -4.3417000E+04 -1.010E+01  1.572E+00 -6.371E+00
 -4.3415000E+04 -6.168E+00  1.013E+00 -4.392E+00
 -4.3413000E+04 -3.612E+00  5.659E-01 -2.233E+00
 -4.3411000E+04 -1.990E+00  2.938E-01 -1.013E+00
 -4.3409000E+04 -8.890E-01  1.587E-01 -7.268E-01
 -4.3407000E+04 -3.967E-01  7.940E-02 -4.027E-01
 -4.3405000E+04  2.545E-02 -1.394E-04 -8.958E-03
 -4.3403000E+04  9.922E-02 -3.235E-02  2.580E-01
 -4.3401000E+04  2.983E-01 -3.900E-02  1.244E-01
 -4.3399000E+04  4.771E-02 -7.394E-03  4.198E-02
 -4.3397000E+04  3.813E-01 -6.069E-02  2.602E-01
 -4.3395000E+04  2.791E-01 -4.540E-02  2.028E-01
 -4.3393000E+04  2.330E-01 -3.805E-02  1.707E-01
 -4.3391000E+04  2.935E-01 -5.502E-02  2.926E-01
 -4.3389000E+04  4.044E-01 -5.258E-02  1.425E-01
 -4.3387000E+04  4.826E-01 -6.982E-02  2.453E-01
 -4.3385000E+04  4.622E-01 -5.941E-02  1.562E-01
 -4.3383000E+04  3.854E-01 -5.710E-02  2.137E-01
 -4.3381000E+04  3.698E-01 -5.829E-02  2.402E-01
 -4.3379000E+04  3.942E-01 -6.309E-02  2.785E-01
 -4.3377000E+04  3.586E-01 -6.421E-02  3.044E-01
 -4.3375000E+04  3.425E-01 -5.717E-02  2.572E-01
 -4.3373000E+04  3.452E-01 -5.971E-02  2.851E-01
 -4.3371000E+04  3.057E-01 -4.795E-02  2.057E-01
 -4.3369000E+04  3.388E-01 -5.723E-02  2.657E-01
 -4.3367000E+04  4.016E-01 -6.721E-02  2.811E-01
 -4.3365000E+04  4.226E-01 -6.806E-02  2.816E-01
 -4.3363000E+04  3.789E-01 -6.075E-02  2.500E-01
 -4.3361000E+04  3.585E-01 -5.036E-02  2.048E-01
 -4.3359000E+04  3.630E-01 -5.427E-02  2.036E-01
 -4.3357000E+04  3.757E-01 -6.151E-02  2.811E-01
 -4.3355000E+04  3.109E-01 -4.619E-02  1.847E-01
 -4.3353000E+04  3.343E-01 -4.645E-02  1.488E-01
 -4.3351000E+04  3.358E-01 -5.153E-02  1.957E-01
 -4.3349000E+04  3.145E-01 -5.164E-02  2.201E-01
 -4.3347000E+04  3.879E-01 -5.872E-02  2.279E-01
 -4.3345000E+04  2.939E-01 -4.690E-02  2.014E-01
 -4.3343000E+04  3.421E-01 -5.101E-02  2.079E-01
 -4.3341000E+04  4.035E-01 -6.333E-02  2.682E-01
 -4.3339000E+04  3.645E-01 -6.012E-02  2.530E-01
 -4.3337000E+04  2.977E-01 -4.374E-02  1.519E-01
 -4.3335000E+04  2.464E-01 -3.658E-02  1.450E-01
 -4.3333000E+04  3.270E-01 -5.310E-02  2.257E-01
 -4.3331000E+04  2.421E-01 -4.019E-02  1.715E-01
 -4.3329000E+04  3.087E-01 -4.480E-02  1.680E-01
 -4.3327000E+04  2.461E-01 -3.844E-02  1.742E-01
 -4.3325000E+04  3.219E-01 -4.930E-02  1.915E-01
 -4.3323000E+04  3.957E-01 -6.639E-02  2.764E-01
 -4.3321000E+04  2.431E-01 -3.860E-02  1.668E-01
 -4.3319000E+04  2.323E-01 -4.156E-02  2.038E-01
 -4.3317000E+04  2.805E-01 -4.199E-02  1.984E-01
 -4.3315000E+04  3.000E-01 -4.796E-02  2.027E-01
 -4.3313000E+04  3.232E-01 -4.809E-02  1.750E-01
 -4.3311000E+04  2.441E-01 -3.878E-02  1.772E-01
 -4.3309000E+04  3.311E-01 -5.027E-02  2.008E-01
 -4.3307000E+04  2.959E-01 -4.671E-02  1.875E-01
 -4.3305000E+04  3.048E-01 -4.822E-02  2.010E-01
 -4.3303000E+04  3.159E-01 -4.348E-02  1.255E-01
 -4.3301000E+04  2.972E-01 -4.907E-02  2.223E-01
 -4.3299000E+04  2.498E-01 -3.696E-02  1.489E-01
 -4.3297000E+04  2.963E-01 -4.908E-02  2.111E-01
 -4.3295000E+04  2.398E-01 -3.695E-02  1.492E-01
 -4.3293000E+04  2.153E-01 -3.793E-02  1.764E-01
 -4.3291000E+04  2.815E-01 -4.374E-02  1.723E-01
 -4.3289000E+04  2.566E-01 -3.731E-02  1.388E-01
 -4.3287000E+04  2.814E-01 -4.206E-02  1.489E-01
 -4.3285000E+04  2.741E-01 -4.402E-02  1.653E-01
 -4.3283000E+04  3.002E-01 -4.867E-02  2.135E-01
 -4.3281000E+04  2.731E-01 -4.329E-02  1.772E-01
 -4.3279000E+04  2.008E-01 -3.021E-02  1.326E-01
 -4.3277000E+04  2.673E-01 -4.215E-02  1.874E-01
 -4.3275000E+04  2.191E-01 -3.683E-02  1.804E-01
 -4.3273000E+04  2.451E-01 -3.864E-02  1.522E-01
 -4.3271000E+04  3.135E-01 -4.360E-02  1.416E-01
 -4.3269000E+04  2.558E-01 -4.011E-02  1.656E-01
 -4.3267000E+04  2.109E-01 -3.532E-02  1.661E-01
 -4.3265000E+04  2.338E-01 -3.791E-02  1.609E-01
 -4.3263000E+04  1.792E-01 -2.916E-02  1.237E-01
 -4.3261000E+04  2.226E-01 -3.525E-02  1.427E-01
 -4.3259000E+04  2.413E-01 -3.764E-02  1.515E-01
 -4.3257000E+04  2.647E-01 -4.301E-02  1.851E-01
 -4.3255000E+04  1.988E-01 -3.091E-02  1.230E-01
 -4.3253000E+04  2.088E-01 -2.938E-02  1.048E-01
 -4.3251000E+04  2.661E-01 -4.021E-02  1.525E-01
 -4.3249000E+04  2.233E-01 -3.638E-02  1.613E-01
 -4.3247000E+04  1.885E-01 -2.693E-02  1.000E-01
 -4.3245000E+04  2.426E-01 -3.146E-02  8.790E-02
 -4.3243000E+04  2.236E-01 -3.600E-02  1.550E-01
 -4.3241000E+04  2.327E-01 -3.351E-02  1.236E-01
 -4.3239000E+04  2.016E-01 -3.434E-02  1.584E-01
 -4.3237000E+04  1.814E-01 -3.198E-02  1.481E-01
 -4.3235000E+04  2.255E-01 -3.505E-02  1.376E-01
 -4.3233000E+04  1.815E-01 -3.013E-02  1.391E-01
 -4.3231000E+04  1.860E-01 -2.848E-02  1.225E-01
 -4.3229000E+04  2.015E-01 -3.064E-02  1.214E-01
 -4.3227000E+04  2.011E-01 -3.118E-02  1.229E-01
 -4.3225000E+04  2.171E-01 -3.442E-02  1.345E-01
 -4.3223000E+04  2.281E-01 -3.471E-02  1.350E-01
 -4.3221000E+04  1.971E-01 -3.004E-02  1.102E-01
 -4.3219000E+04  1.742E-01 -2.871E-02  1.302E-01
 -4.3217000E+04  1.928E-01 -2.915E-02  1.066E-01
 -4.3215000E+04  1.940E-01 -2.960E-02  1.346E-01
 -4.3213000E+04  1.972E-01 -3.233E-02  1.358E-01
 -4.3211000E+04  1.922E-01 -2.996E-02  1.204E-01
 -4.3209000E+04  1.872E-01 -2.864E-02  1.241E-01
 -4.3207000E+04  2.098E-01 -3.024E-02  9.838E-02
 -4.3205000E+04  1.860E-01 -2.746E-02  1.012E-01
 -4.3203000E+04  2.007E-01 -3.061E-02  1.142E-01
 -4.3201000E+04  1.868E-01 -2.816E-02  1.137E-01
 -4.3199000E+04  1.619E-01 -2.465E-02  1.015E-01
 -4.3197000E+04  2.060E-01 -3.257E-02  1.431E-01
 -4.3195000E+04  1.923E-01 -3.272E-02  1.435E-01
 -4.3193000E+04  1.866E-01 -2.764E-02  1.050E-01
 -4.3191000E+04  1.696E-01 -2.815E-02  1.289E-01
 -4.3189000E+04  1.669E-01 -3.012E-02  1.314E-01
 -4.3187000E+04  1.909E-01 -2.844E-02  1.001E-01
 -4.3185000E+04  1.622E-01 -2.578E-02  1.110E-01
 -4.3183000E+04  1.495E-01 -2.336E-02  9.274E-02
 -4.3181000E+04  1.735E-01 -2.795E-02  1.191E-01
 -4.3179000E+04  1.648E-01 -2.783E-02  1.341E-01
 -4.3177000E+04  1.448E-01 -2.566E-02  1.267E-01
 -4.3175000E+04  1.628E-01 -2.684E-02  1.198E-01
 -4.3173000E+04  1.603E-01 -2.541E-02  1.073E-01
 -4.3171000E+04  1.394E-01 -2.331E-02  9.615E-02
 -4.3169000E+04  1.464E-01 -2.141E-02  7.369E-02
 -4.3167000E+04  1.956E-01 -2.791E-02  1.034E-01
 -4.3165000E+04  1.783E-01 -2.647E-02  9.901E-02
 -4.3163000E+04  1.772E-01 -2.565E-02  9.452E-02
 -4.3161000E+04  1.710E-01 -2.673E-02  1.098E-01
 -4.3159000E+04  1.615E-01 -2.529E-02  1.007E-01
 -4.3157000E+04  1.557E-01 -2.352E-02  8.615E-02
 -4.3155000E+04  1.278E-01 -1.998E-02  8.821E-02
 -4.3153000E+04  1.197E-01 -2.330E-02  1.256E-01
 -4.3151000E+04  1.285E-01 -2.280E-02  1.136E-01
 -4.3149000E+04  1.588E-01 -2.443E-02  1.041E-01
 -4.3147000E+04  1.358E-01 -2.112E-02  9.537E-02
 -4.3145000E+04  1.396E-01 -2.044E-02  7.444E-02
 -4.3143000E+04  1.435E-01 -2.341E-02  9.184E-02
 -4.3141000E+04  1.481E-01 -2.298E-02  9.749E-02
 -4.3139000E+04  1.836E-01 -2.772E-02  1.024E-01
 -4.3137000E+04  1.422E-01 -2.156E-02  7.624E-02
 -4.3135000E+04  1.545E-01 -2.324E-02  8.759E-02
 -4.3133000E+04  1.223E-01 -1.947E-02  8.695E-02
 -4.3131000E+04  1.229E-01 -2.006E-02  8.869E-02
 -4.3129000E+04  1.469E-01 -2.018E-02  6.872E-02
 -4.3127000E+04  1.390E-01 -2.051E-02  8.020E-02
 -4.3125000E+04  1.269E-01 -1.943E-02  8.023E-02
 -4.3123000E+04  1.477E-01 -2.399E-02  1.070E-01
 -4.3121000E+04  1.533E-01 -2.411E-02  9.598E-02
 -4.3119000E+04  1.387E-01 -2.215E-02  8.867E-02
 -4.3117000E+04  1.565E-01 -2.294E-02  7.988E-02
 -4.3115000E+04  1.398E-01 -2.361E-02  1.081E-01
 -4.3113000E+04  1.321E-01 -2.076E-02  8.779E-02
 -4.3111000E+04  1.350E-01 -2.341E-02  1.064E-01
 -4.3109000E+04  1.411E-01 -2.007E-02  8.280E-02
 -4.3107000E+04  1.224E-01 -1.580E-02  6.577E-02
 -4.3105000E+04  1.392E-01 -2.281E-02  8.924E-02
 -4.3103000E+04  1.199E-01 -1.996E-02  7.798E-02
 -4.3101000E+04  1.146E-01 -2.024E-02  9.844E-02
 -4.3099000E+04  1.227E-01 -2.016E-02  9.382E-02
 -4.3097000E+04  9.772E-02 -1.543E-02  5.798E-02
 -4.3095000E+04  1.427E-01 -1.930E-02  5.309E-02
 -4.3093000E+04  1.325E-01 -1.832E-02  6.121E-02
 -4.3091000E+04  1.049E-01 -1.823E-02  9.225E-02
 -4.3089000E+04  9.189E-02 -1.815E-02  1.008E-01
 -4.3087000E+04  1.225E-01 -1.804E-02  6.498E-02
 -4.3085000E+04  1.269E-01 -1.940E-02  7.129E-02
 -4.3083000E+04  1.110E-01 -1.762E-02  7.603E-02
 -4.3081000E+04  1.237E-01 -1.887E-02  5.942E-02
 -4.3079000E+04  1.304E-01 -2.000E-02  8.561E-02
 -4.3077000E+04  1.098E-01 -1.617E-02  6.234E-02
 -4.3075000E+04  1.248E-01 -1.673E-02  4.994E-02
 -4.3073000E+04  1.300E-01 -2.055E-02  8.930E-02
 -4.3071000E+04  1.171E-01 -1.906E-02  7.577E-02
