  1.7443000E+04 -0.000E+00 -0.000E+00  0.000E+00
  1.7445000E+04 -0.000E+00 -0.000E+00  0.000E+00
  1.7447000E+04 -0.000E+00 -0.000E+00  0.000E+00
  1.7449000E+04  1.808E-06 -3.354E-07  2.156E-06
  1.7451000E+04  1.424E-05 -2.208E-06  1.126E-05
  1.7453000E+04 -1.187E-06  8.648E-07 -1.549E-05
  1.7455000E+04 -4.967E-06  5.164E-06 -7.261E-05
  1.7457000E+04  2.208E-05  3.729E-06 -7.498E-05
  1.7459000E+04 -1.405E-04  1.878E-05 -9.415E-05
  1.7461000E+04 -1.977E-04  1.463E-05  6.917E-05
  1.7463000E+04 -1.099E-03  1.993E-04 -1.171E-03
  1.7465000E+04 -4.170E-03  6.830E-04 -3.431E-03
  1.7467000E+04 -5.467E-04  1.955E-04 -1.807E-03
  1.7469000E+04 -1.662E-02  2.407E-03 -1.047E-02
  1.7471000E+04 -2.448E-01  3.900E-02 -1.955E-01
  1.7473000E+04 -2.219E+00  3.502E-01 -1.720E+00
  1.7475000E+04 -8.505E+00  1.305E+00 -6.056E+00
  1.7477000E+04 -1.587E+01  2.381E+00 -1.049E+01
  1.7479000E+04 -1.460E+01  2.169E+00 -9.240E+00
  1.7481000E+04 -7.996E+00  1.194E+00 -5.060E+00
  1.7483000E+04 -3.410E+00  5.002E-01 -2.008E+00
  1.7485000E+04 -1.561E+00  2.354E-01 -9.909E-01
  1.7487000E+04 -3.381E-01  5.653E-02 -2.690E-01
  1.7489000E+04  9.679E-03  3.859E-04 -5.334E-03
  1.7491000E+04 -1.011E-02 -4.695E-03  7.707E-02
  1.7493000E+04  1.691E-01 -2.319E-02  8.669E-02
  1.7495000E+04  2.535E-01 -3.825E-02  1.701E-01
  1.7497000E+04  2.505E-01 -3.698E-02  1.578E-01
  1.7499000E+04  2.729E-01 -4.736E-02  2.569E-01
  1.7501000E+04  2.784E-01 -4.515E-02  2.259E-01
  1.7503000E+04  3.874E-01 -5.665E-02  2.337E-01
  1.7505000E+04  2.913E-01 -4.324E-02  1.813E-01
  1.7507000E+04  2.511E-01 -4.131E-02  2.048E-01
  1.7509000E+04  3.664E-01 -5.172E-02  1.956E-01
  1.7511000E+04  3.906E-01 -5.692E-02  2.320E-01
  1.7513000E+04  2.932E-01 -4.508E-02  2.007E-01
  1.7515000E+04  3.110E-01 -4.290E-02  1.512E-01
  1.7517000E+04  3.391E-01 -5.391E-02  2.578E-01
  1.7519000E+04  3.613E-01 -5.979E-02  3.052E-01
  1.7521000E+04  3.539E-01 -5.405E-02  2.430E-01
  1.7523000E+04  2.508E-01 -4.284E-02  2.274E-01
  1.7525000E+04  3.302E-01 -4.556E-02  1.617E-01
  1.7527000E+04  2.850E-01 -4.829E-02  2.539E-01
  1.7529000E+04  4.018E-01 -5.548E-02  1.987E-01
  1.7531000E+04  2.433E-01 -4.322E-02  2.456E-01
  1.7533000E+04  2.882E-01 -4.405E-02  2.009E-01
  1.7535000E+04  3.185E-01 -5.034E-02  2.407E-01
  1.7537000E+04  3.954E-01 -5.672E-02  2.210E-01
  1.7539000E+04  3.256E-01 -5.140E-02  2.394E-01
  1.7541000E+04  3.044E-01 -4.748E-02  2.215E-01
  1.7543000E+04  3.601E-01 -4.815E-02  1.623E-01
  1.7545000E+04  3.064E-01 -4.057E-02  1.274E-01
  1.7547000E+04  2.934E-01 -4.414E-02  1.939E-01
  1.7549000E+04  3.044E-01 -5.050E-02  2.556E-01
  1.7551000E+04  3.028E-01 -4.725E-02  2.145E-01
  1.7553000E+04  2.597E-01 -4.150E-02  2.011E-01
  1.7555000E+04  2.879E-01 -4.391E-02  1.948E-01
  1.7557000E+04  2.500E-01 -3.893E-02  1.779E-01
  1.7559000E+04  3.006E-01 -4.465E-02  1.891E-01
  1.7561000E+04  2.927E-01 -4.635E-02  2.184E-01
  1.7563000E+04  3.098E-01 -4.576E-02  1.880E-01
  1.7565000E+04  2.645E-01 -3.940E-02  1.640E-01
  1.7567000E+04  2.504E-01 -4.168E-02  2.172E-01
  1.7569000E+04  2.672E-01 -4.085E-02  1.792E-01
  1.7571000E+04  2.422E-01 -3.812E-02  1.771E-01
  1.7573000E+04  2.966E-01 -4.228E-02  1.636E-01
  1.7575000E+04  2.442E-01 -3.787E-02  1.749E-01
  1.7577000E+04  2.871E-01 -4.138E-02  1.631E-01
  1.7579000E+04  2.177E-01 -3.448E-02  1.651E-01
  1.7581000E+04  2.409E-01 -3.875E-02  1.885E-01
  1.7583000E+04  2.537E-01 -3.916E-02  1.812E-01
  1.7585000E+04  2.247E-01 -3.415E-02  1.507E-01
  1.7587000E+04  2.477E-01 -3.946E-02  1.861E-01
  1.7589000E+04  2.573E-01 -3.861E-02  1.688E-01
  1.7591000E+04  2.663E-01 -4.030E-02  1.689E-01
  1.7593000E+04  2.464E-01 -3.687E-02  1.601E-01
  1.7595000E+04  2.244E-01 -3.136E-02  1.231E-01
  1.7597000E+04  2.551E-01 -3.825E-02  1.639E-01
  1.7599000E+04  2.759E-01 -4.062E-02  1.673E-01
  1.7601000E+04  2.671E-01 -3.829E-02  1.463E-01
  1.7603000E+04  2.424E-01 -3.977E-02  1.990E-01
  1.7605000E+04  2.149E-01 -3.235E-02  1.417E-01
  1.7607000E+04  2.198E-01 -3.404E-02  1.572E-01
  1.7609000E+04  2.212E-01 -3.657E-02  1.849E-01
  1.7611000E+04  2.732E-01 -3.899E-02  1.501E-01
  1.7613000E+04  2.140E-01 -2.925E-02  1.042E-01
  1.7615000E+04  2.219E-01 -3.109E-02  1.132E-01
  1.7617000E+04  1.915E-01 -3.231E-02  1.712E-01
  1.7619000E+04  2.145E-01 -3.207E-02  1.378E-01
  1.7621000E+04  2.134E-01 -2.866E-02  1.016E-01
  1.7623000E+04  2.356E-01 -3.495E-02  1.463E-01
  1.7625000E+04  2.475E-01 -3.286E-02  1.129E-01
  1.7627000E+04  2.105E-01 -3.426E-02  1.678E-01
  1.7629000E+04  2.321E-01 -3.626E-02  1.656E-01
  1.7631000E+04  2.115E-01 -3.150E-02  1.350E-01
  1.7633000E+04  2.325E-01 -3.332E-02  1.314E-01
  1.7635000E+04  1.679E-01 -2.625E-02  1.252E-01
  1.7637000E+04  2.231E-01 -3.404E-02  1.501E-01
  1.7639000E+04  2.098E-01 -3.049E-02  1.156E-01
  1.7641000E+04  1.821E-01 -2.765E-02  1.267E-01
  1.7643000E+04  1.979E-01 -2.855E-02  1.229E-01
  1.7645000E+04  1.945E-01 -2.957E-02  1.306E-01
  1.7647000E+04  1.918E-01 -2.778E-02  9.756E-02
  1.7649000E+04  1.830E-01 -3.037E-02  1.515E-01
  1.7651000E+04  2.179E-01 -3.342E-02  1.497E-01
  1.7653000E+04  1.662E-01 -2.794E-02  1.509E-01
  1.7655000E+04  1.658E-01 -2.609E-02  1.272E-01
  1.7657000E+04  1.904E-01 -2.725E-02  1.118E-01
  1.7659000E+04  1.846E-01 -2.875E-02  1.258E-01
  1.7661000E+04  1.873E-01 -2.658E-02  1.042E-01
  1.7663000E+04  1.819E-01 -2.846E-02  1.261E-01
  1.7665000E+04  1.981E-01 -2.794E-02  1.110E-01
  1.7667000E+04  1.727E-01 -2.608E-02  1.181E-01
  1.7669000E+04  1.892E-01 -2.897E-02  1.250E-01
  1.7671000E+04  1.544E-01 -2.406E-02  1.114E-01
  1.7673000E+04  1.832E-01 -2.783E-02  1.289E-01
  1.7675000E+04  1.869E-01 -2.644E-02  9.955E-02
  1.7677000E+04  1.616E-01 -2.597E-02  1.304E-01
  1.7679000E+04  1.835E-01 -2.520E-02  9.885E-02
  1.7681000E+04  1.782E-01 -2.465E-02  8.680E-02
  1.7683000E+04  1.579E-01 -2.417E-02  1.005E-01
  1.7685000E+04  1.832E-01 -2.788E-02  1.195E-01
  1.7687000E+04  1.795E-01 -2.714E-02  1.188E-01
  1.7689000E+04  1.298E-01 -1.868E-02  7.361E-02
  1.7691000E+04  1.671E-01 -2.606E-02  1.232E-01
  1.7693000E+04  1.591E-01 -2.376E-02  1.010E-01
  1.7695000E+04  1.687E-01 -2.442E-02  9.858E-02
  1.7697000E+04  1.646E-01 -2.625E-02  1.179E-01
  1.7699000E+04  1.722E-01 -2.404E-02  9.093E-02
  1.7701000E+04  1.554E-01 -2.085E-02  7.221E-02
  1.7703000E+04  1.372E-01 -2.234E-02  1.129E-01
  1.7705000E+04  1.735E-01 -2.770E-02  1.344E-01
  1.7707000E+04  1.723E-01 -2.230E-02  7.316E-02
  1.7709000E+04  1.267E-01 -2.135E-02  1.125E-01
  1.7711000E+04  1.655E-01 -2.675E-02  1.300E-01
  1.7713000E+04  1.494E-01 -2.331E-02  1.117E-01
  1.7715000E+04  1.685E-01 -2.460E-02  1.036E-01
  1.7717000E+04  1.456E-01 -2.149E-02  9.291E-02
  1.7719000E+04  1.329E-01 -2.261E-02  1.209E-01
  1.7721000E+04  1.517E-01 -2.338E-02  9.775E-02
  1.7723000E+04  1.360E-01 -1.940E-02  7.640E-02
  1.7725000E+04  1.393E-01 -2.147E-02  9.964E-02
  1.7727000E+04  1.221E-01 -1.975E-02  9.674E-02
  1.7729000E+04  1.402E-01 -2.105E-02  9.203E-02
  1.7731000E+04  1.460E-01 -2.199E-02  9.611E-02
  1.7733000E+04  1.215E-01 -1.879E-02  8.642E-02
  1.7735000E+04  1.614E-01 -2.394E-02  1.055E-01
  1.7737000E+04  1.200E-01 -1.844E-02  9.038E-02
  1.7739000E+04  1.431E-01 -2.209E-02  9.949E-02
  1.7741000E+04  1.325E-01 -1.763E-02  5.827E-02
  1.7743000E+04  1.304E-01 -2.101E-02  9.791E-02
  1.7745000E+04  1.293E-01 -1.810E-02  6.968E-02
  1.7747000E+04  1.322E-01 -1.942E-02  8.192E-02
  1.7749000E+04  1.329E-01 -1.972E-02  8.603E-02
  1.7751000E+04  1.432E-01 -2.056E-02  8.005E-02
  1.7753000E+04  9.987E-02 -1.550E-02  7.490E-02
  1.7755000E+04  1.345E-01 -2.014E-02  8.818E-02
  1.7757000E+04  1.167E-01 -1.848E-02  8.794E-02
  1.7759000E+04  1.087E-01 -1.788E-02  8.745E-02
  1.7761000E+04  1.342E-01 -1.917E-02  7.564E-02
  1.7763000E+04  1.270E-01 -1.815E-02  6.998E-02
  1.7765000E+04  1.139E-01 -2.052E-02  1.170E-01
  1.7767000E+04  1.265E-01 -1.789E-02  6.765E-02
  1.7769000E+04  1.200E-01 -1.769E-02  7.747E-02
  1.7771000E+04  1.231E-01 -1.820E-02  7.429E-02
  1.7773000E+04  1.258E-01 -1.724E-02  5.939E-02
  1.7775000E+04  1.265E-01 -1.969E-02  9.220E-02
  1.7777000E+04  1.201E-01 -1.752E-02  7.561E-02
  1.7779000E+04  1.134E-01 -1.731E-02  7.902E-02
  1.7781000E+04  1.179E-01 -1.859E-02  8.485E-02
  1.7783000E+04  1.583E-01 -2.166E-02  7.270E-02
  1.7785000E+04  1.259E-01 -1.690E-02  5.847E-02
  1.7787000E+04  1.042E-01 -1.586E-02  7.703E-02
  1.7789000E+04  1.165E-01 -1.751E-02  6.946E-02
  1.7791000E+04  1.125E-01 -1.640E-02  6.951E-02
  1.7793000E+04  9.985E-02 -1.596E-02  7.914E-02
  1.7795000E+04  1.081E-01 -1.739E-02  8.793E-02
  1.7797000E+04  1.284E-01 -1.656E-02  5.167E-02
  1.7799000E+04  1.113E-01 -1.634E-02  6.358E-02
  1.7801000E+04  9.155E-02 -1.501E-02  8.104E-02
  1.7803000E+04  1.174E-01 -1.835E-02  8.408E-02
  1.7805000E+04  1.081E-01 -1.680E-02  7.696E-02
  1.7807000E+04  1.163E-01 -1.588E-02  5.859E-02
  1.7809000E+04  1.008E-01 -1.521E-02  6.671E-02
  1.7811000E+04  1.291E-01 -1.791E-02  6.798E-02
  1.7813000E+04  1.120E-01 -1.827E-02  9.117E-02
  1.7815000E+04  9.566E-02 -1.597E-02  8.241E-02
  1.7817000E+04  1.121E-01 -1.757E-02  7.816E-02
  1.7819000E+04  9.111E-02 -1.308E-02  5.264E-02
  1.7821000E+04  1.017E-01 -1.533E-02  6.568E-02
