  6.8159000E+04 -0.000E+00 -0.000E+00  0.000E+00
  6.8161000E+04 -0.000E+00 -0.000E+00  0.000E+00
  6.8163000E+04 -0.000E+00 -0.000E+00  0.000E+00
  6.8165000E+04 -0.000E+00 -0.000E+00  0.000E+00
  6.8167000E+04 -0.000E+00 -0.000E+00  0.000E+00
  6.8169000E+04 -0.000E+00 -0.000E+00  0.000E+00
  6.8171000E+04 -0.000E+00 -0.000E+00  0.000E+00
  6.8173000E+04 -0.000E+00 -0.000E+00  0.000E+00
  6.8175000E+04 -0.000E+00 -0.000E+00  0.000E+00
  6.8177000E+04  4.141E-07 -2.923E-07  3.396E-06
  6.8179000E+04 -8.924E-06  7.324E-07  4.451E-06
  6.8181000E+04 -8.224E-05  9.888E-06 -4.822E-05
  6.8183000E+04  1.230E-04 -9.309E-06 -5.004E-05
  6.8185000E+04 -1.561E-03  1.494E-04 -1.708E-04
  6.8187000E+04 -1.236E-03  2.244E-04 -1.426E-03
  6.8189000E+04 -5.267E-02  7.745E-03 -4.000E-02
  6.8191000E+04 -7.904E-01  1.091E-01 -5.069E-01
  6.8193000E+04 -5.102E+00  7.050E-01 -3.287E+00
  6.8195000E+04 -1.448E+01  2.011E+00 -9.472E+00
  6.8197000E+04 -1.694E+01  2.356E+00 -1.114E+01
  6.8199000E+04 -8.936E+00  1.264E+00 -6.158E+00
  6.8201000E+04 -3.067E+00  4.365E-01 -2.157E+00
  6.8203000E+04 -8.458E-01  1.189E-01 -5.846E-01
  6.8205000E+04 -2.160E-01  2.737E-02 -1.133E-01
  6.8207000E+04 -6.360E-02  2.107E-03  4.243E-02
  6.8209000E+04  5.463E-02 -1.080E-02  7.231E-02
  6.8211000E+04  2.534E-01 -3.500E-02  1.545E-01
  6.8213000E+04  2.654E-01 -3.871E-02  1.930E-01
  6.8215000E+04  3.178E-01 -4.664E-02  2.339E-01
  6.8217000E+04  2.364E-01 -3.338E-02  1.550E-01
  6.8219000E+04  2.990E-01 -3.958E-02  1.662E-01
  6.8221000E+04  3.548E-01 -4.906E-02  2.216E-01
  6.8223000E+04  2.510E-01 -3.571E-02  1.728E-01
  6.8225000E+04  2.682E-01 -4.040E-02  2.148E-01
  6.8227000E+04  3.655E-01 -5.032E-02  2.264E-01
  6.8229000E+04  3.524E-01 -5.184E-02  2.650E-01
  6.8231000E+04  2.914E-01 -4.292E-02  2.173E-01
  6.8233000E+04  2.687E-01 -3.770E-02  1.785E-01
  6.8235000E+04  3.202E-01 -4.204E-02  1.725E-01
  6.8237000E+04  2.836E-01 -4.041E-02  1.971E-01
  6.8239000E+04  2.755E-01 -4.075E-02  2.124E-01
  6.8241000E+04  2.254E-01 -3.536E-02  1.942E-01
  6.8243000E+04  2.986E-01 -4.411E-02  2.299E-01
  6.8245000E+04  3.947E-01 -5.446E-02  2.502E-01
  6.8247000E+04  2.533E-01 -3.337E-02  1.379E-01
  6.8249000E+04  3.116E-01 -4.345E-02  2.021E-01
  6.8251000E+04  2.842E-01 -4.074E-02  1.995E-01
  6.8253000E+04  2.936E-01 -4.170E-02  2.038E-01
  6.8255000E+04  3.172E-01 -4.646E-02  2.382E-01
  6.8257000E+04  3.093E-01 -4.156E-02  1.801E-01
  6.8259000E+04  2.667E-01 -4.146E-02  2.314E-01
  6.8261000E+04  2.656E-01 -3.959E-02  2.079E-01
  6.8263000E+04  3.036E-01 -4.264E-02  2.012E-01
  6.8265000E+04  3.042E-01 -3.960E-02  1.601E-01
  6.8267000E+04  2.793E-01 -4.148E-02  2.182E-01
  6.8269000E+04  2.404E-01 -3.413E-02  1.648E-01
  6.8271000E+04  2.885E-01 -4.064E-02  1.921E-01
  6.8273000E+04  2.667E-01 -3.774E-02  1.822E-01
  6.8275000E+04  2.377E-01 -3.432E-02  1.729E-01
  6.8277000E+04  2.488E-01 -3.549E-02  1.711E-01
  6.8279000E+04  3.036E-01 -3.891E-02  1.553E-01
  6.8281000E+04  2.398E-01 -3.580E-02  1.869E-01
  6.8283000E+04  2.468E-01 -3.648E-02  1.917E-01
  6.8285000E+04  2.461E-01 -3.568E-02  1.796E-01
  6.8287000E+04  2.575E-01 -3.522E-02  1.593E-01
  6.8289000E+04  1.992E-01 -3.068E-02  1.706E-01
  6.8291000E+04  2.255E-01 -3.107E-02  1.423E-01
  6.8293000E+04  2.370E-01 -2.939E-02  1.040E-01
  6.8295000E+04  2.746E-01 -3.738E-02  1.664E-01
  6.8297000E+04  2.456E-01 -3.545E-02  1.758E-01
  6.8299000E+04  2.217E-01 -3.346E-02  1.771E-01
  6.8301000E+04  1.844E-01 -3.016E-02  1.841E-01
  6.8303000E+04  2.609E-01 -3.623E-02  1.721E-01
  6.8305000E+04  2.895E-01 -3.813E-02  1.590E-01
  6.8307000E+04  2.487E-01 -3.469E-02  1.641E-01
  6.8309000E+04  1.923E-01 -2.871E-02  1.495E-01
  6.8311000E+04  2.221E-01 -3.222E-02  1.603E-01
  6.8313000E+04  1.766E-01 -2.419E-02  1.090E-01
  6.8315000E+04  1.928E-01 -2.670E-02  1.228E-01
  6.8317000E+04  2.776E-01 -3.629E-02  1.493E-01
  6.8319000E+04  1.937E-01 -2.809E-02  1.430E-01
  6.8321000E+04  2.363E-01 -3.491E-02  1.823E-01
  6.8323000E+04  2.222E-01 -2.874E-02  1.193E-01
  6.8325000E+04  2.164E-01 -2.850E-02  1.195E-01
  6.8327000E+04  1.882E-01 -2.833E-02  1.563E-01
  6.8329000E+04  2.034E-01 -2.730E-02  1.204E-01
  6.8331000E+04  2.304E-01 -3.091E-02  1.304E-01
  6.8333000E+04  2.028E-01 -2.740E-02  1.182E-01
  6.8335000E+04  2.039E-01 -2.812E-02  1.311E-01
  6.8337000E+04  1.945E-01 -2.967E-02  1.621E-01
  6.8339000E+04  1.591E-01 -2.166E-02  9.339E-02
  6.8341000E+04  1.863E-01 -2.655E-02  1.321E-01
  6.8343000E+04  1.872E-01 -2.731E-02  1.396E-01
  6.8345000E+04  1.956E-01 -2.722E-02  1.292E-01
  6.8347000E+04  1.968E-01 -2.784E-02  1.389E-01
  6.8349000E+04  2.039E-01 -2.601E-02  9.687E-02
  6.8351000E+04  2.254E-01 -2.959E-02  1.268E-01
  6.8353000E+04  1.945E-01 -2.739E-02  1.320E-01
  6.8355000E+04  1.680E-01 -2.530E-02  1.341E-01
  6.8357000E+04  1.923E-01 -2.679E-02  1.255E-01
  6.8359000E+04  2.007E-01 -2.675E-02  1.208E-01
  6.8361000E+04  1.865E-01 -2.559E-02  1.132E-01
  6.8363000E+04  1.761E-01 -2.527E-02  1.245E-01
  6.8365000E+04  1.761E-01 -2.379E-02  1.088E-01
  6.8367000E+04  1.685E-01 -2.138E-02  8.083E-02
  6.8369000E+04  1.851E-01 -2.572E-02  1.179E-01
  6.8371000E+04  2.067E-01 -2.787E-02  1.181E-01
  6.8373000E+04  1.870E-01 -2.764E-02  1.469E-01
  6.8375000E+04  1.575E-01 -2.414E-02  1.346E-01
  6.8377000E+04  1.409E-01 -1.945E-02  9.189E-02
  6.8379000E+04  1.734E-01 -2.338E-02  1.035E-01
  6.8381000E+04  1.869E-01 -2.497E-02  1.080E-01
  6.8383000E+04  1.653E-01 -2.443E-02  1.343E-01
  6.8385000E+04  1.823E-01 -2.518E-02  1.167E-01
  6.8387000E+04  1.612E-01 -2.077E-02  8.189E-02
  6.8389000E+04  1.440E-01 -1.959E-02  8.861E-02
  6.8391000E+04  1.771E-01 -2.342E-02  9.930E-02
  6.8393000E+04  1.560E-01 -2.288E-02  1.204E-01
  6.8395000E+04  1.461E-01 -2.163E-02  1.137E-01
  6.8397000E+04  1.639E-01 -2.176E-02  9.520E-02
  6.8399000E+04  1.328E-01 -1.928E-02  9.673E-02
  6.8401000E+04  1.514E-01 -2.071E-02  9.371E-02
  6.8403000E+04  1.338E-01 -2.012E-02  1.067E-01
  6.8405000E+04  1.624E-01 -2.108E-02  8.317E-02
  6.8407000E+04  1.658E-01 -2.212E-02  1.012E-01
  6.8409000E+04  1.251E-01 -1.795E-02  8.475E-02
  6.8411000E+04  1.494E-01 -2.112E-02  9.993E-02
  6.8413000E+04  1.709E-01 -2.415E-02  1.189E-01
  6.8415000E+04  1.551E-01 -2.313E-02  1.234E-01
  6.8417000E+04  1.453E-01 -2.053E-02  9.997E-02
  6.8419000E+04  1.319E-01 -1.899E-02  9.602E-02
  6.8421000E+04  1.559E-01 -2.063E-02  8.933E-02
  6.8423000E+04  1.500E-01 -2.226E-02  1.129E-01
  6.8425000E+04  1.190E-01 -1.564E-02  7.166E-02
  6.8427000E+04  1.288E-01 -1.745E-02  7.756E-02
  6.8429000E+04  1.584E-01 -2.166E-02  1.006E-01
  6.8431000E+04  1.344E-01 -1.849E-02  8.783E-02
  6.8433000E+04  1.158E-01 -1.477E-02  6.124E-02
  6.8435000E+04  1.295E-01 -1.889E-02  1.018E-01
  6.8437000E+04  1.465E-01 -2.243E-02  1.213E-01
  6.8439000E+04  1.398E-01 -2.078E-02  1.110E-01
  6.8441000E+04  1.315E-01 -1.651E-02  5.864E-02
  6.8443000E+04  1.125E-01 -1.589E-02  7.665E-02
  6.8445000E+04  1.205E-01 -1.813E-02  9.658E-02
  6.8447000E+04  1.328E-01 -1.813E-02  8.013E-02
  6.8449000E+04  1.045E-01 -1.432E-02  6.593E-02
  6.8451000E+04  1.381E-01 -1.803E-02  7.411E-02
  6.8453000E+04  1.387E-01 -2.012E-02  1.029E-01
  6.8455000E+04  1.322E-01 -1.858E-02  9.454E-02
  6.8457000E+04  1.091E-01 -1.558E-02  7.594E-02
  6.8459000E+04  1.348E-01 -1.759E-02  6.656E-02
  6.8461000E+04  1.199E-01 -1.759E-02  9.623E-02
  6.8463000E+04  1.224E-01 -1.763E-02  8.053E-02
  6.8465000E+04  1.024E-01 -1.359E-02  6.267E-02
  6.8467000E+04  1.282E-01 -1.833E-02  9.201E-02
  6.8469000E+04  1.170E-01 -1.657E-02  7.718E-02
  6.8471000E+04  1.199E-01 -1.618E-02  7.474E-02
  6.8473000E+04  1.245E-01 -1.688E-02  8.302E-02
  6.8475000E+04  1.173E-01 -1.566E-02  6.083E-02
  6.8477000E+04  1.232E-01 -1.763E-02  9.352E-02
  6.8479000E+04  1.063E-01 -1.521E-02  7.156E-02
  6.8481000E+04  1.101E-01 -1.585E-02  7.273E-02
  6.8483000E+04  9.618E-02 -1.416E-02  7.802E-02
  6.8485000E+04  9.773E-02 -1.386E-02  7.518E-02
  6.8487000E+04  1.109E-01 -1.571E-02  7.152E-02
  6.8489000E+04  1.268E-01 -1.440E-02  3.656E-02
  6.8491000E+04  1.003E-01 -1.436E-02  8.518E-02
  6.8493000E+04  1.200E-01 -1.667E-02  6.532E-02
  6.8495000E+04  1.011E-01 -1.354E-02  6.141E-02
  6.8497000E+04  1.222E-01 -1.495E-02  5.632E-02
  6.8499000E+04  1.125E-01 -1.520E-02  6.954E-02
  6.8501000E+04  1.298E-01 -1.868E-02  8.981E-02
  6.8503000E+04  9.607E-02 -1.264E-02  5.214E-02
  6.8505000E+04  8.592E-02 -1.264E-02  7.755E-02
  6.8507000E+04  9.984E-02 -1.439E-02  7.501E-02
  6.8509000E+04  1.225E-01 -1.636E-02  7.066E-02
  6.8511000E+04  9.613E-02 -1.368E-02  7.065E-02
  6.8513000E+04  8.453E-02 -1.350E-02  7.962E-02
  6.8515000E+04  1.008E-01 -1.393E-02  5.734E-02
  6.8517000E+04  1.048E-01 -1.460E-02  7.256E-02
  6.8519000E+04  1.003E-01 -1.361E-02  6.135E-02
  6.8521000E+04  1.150E-01 -1.606E-02  7.853E-02
  6.8523000E+04  9.878E-02 -1.353E-02  6.092E-02
  6.8525000E+04  1.041E-01 -1.421E-02  6.574E-02
  6.8527000E+04  9.499E-02 -1.286E-02  5.801E-02
  6.8529000E+04  8.088E-02 -1.064E-02  4.753E-02
  6.8531000E+04  1.066E-01 -1.434E-02  6.356E-02
  6.8533000E+04  9.619E-02 -1.205E-02  4.623E-02
  6.8535000E+04  9.884E-02 -1.356E-02  6.687E-02
  6.8537000E+04  1.081E-01 -1.351E-02  5.064E-02
