  7.8987000E+04 -0.000E+00 -0.000E+00  0.000E+00
  7.8989000E+04 -0.000E+00 -0.000E+00  0.000E+00
  7.8991000E+04 -0.000E+00 -0.000E+00  0.000E+00
  7.8993000E+04 -0.000E+00 -0.000E+00  0.000E+00
  7.8995000E+04 -0.000E+00 -0.000E+00  0.000E+00
  7.8997000E+04  8.451E-06 -4.403E-07 -4.725E-06
  7.8999000E+04  3.221E-05 -4.514E-06  2.750E-05
  7.9001000E+04 -9.708E-05  1.804E-05 -1.761E-04
  7.9003000E+04 -7.473E-05  3.542E-06  5.656E-05
  7.9005000E+04  1.104E-04 -5.907E-06 -4.443E-05
  7.9007000E+04  1.032E-04 -5.407E-06 -6.617E-05
  7.9009000E+04 -1.880E-04  1.373E-05  3.901E-05
  7.9011000E+04 -7.950E-04  1.439E-04 -1.164E-03
  7.9013000E+04 -9.255E-05  3.004E-06 -2.541E-06
  7.9015000E+04 -1.051E-03  1.262E-04 -6.299E-04
  7.9017000E+04 -5.623E-02  6.992E-03 -3.157E-02
  7.9019000E+04 -7.569E-01  9.149E-02 -3.916E-01
  7.9021000E+04 -4.901E+00  6.098E-01 -2.803E+00
  7.9023000E+04 -1.435E+01  1.825E+00 -8.871E+00
  7.9025000E+04 -1.663E+01  2.161E+00 -1.109E+01
  7.9027000E+04 -9.160E+00  1.211E+00 -6.501E+00
  7.9029000E+04 -2.972E+00  3.946E-01 -2.183E+00
  7.9031000E+04 -8.945E-01  1.321E-01 -8.644E-01
  7.9033000E+04 -1.859E-01  1.825E-02 -7.075E-02
  7.9035000E+04 -1.093E-02 -3.814E-03  3.994E-02
  7.9037000E+04  2.265E-01 -2.959E-02  1.357E-01
  7.9039000E+04  1.722E-01 -2.685E-02  1.609E-01
  7.9041000E+04  2.091E-01 -3.308E-02  2.102E-01
  7.9043000E+04  3.246E-01 -4.013E-02  1.750E-01
  7.9045000E+04  1.686E-01 -2.082E-02  8.738E-02
  7.9047000E+04  2.232E-01 -3.693E-02  2.517E-01
  7.9049000E+04  3.495E-01 -4.435E-02  2.090E-01
  7.9051000E+04  3.184E-01 -4.102E-02  1.996E-01
  7.9053000E+04  2.835E-01 -3.533E-02  1.594E-01
  7.9055000E+04  2.522E-01 -3.226E-02  1.535E-01
  7.9057000E+04  2.774E-01 -3.709E-02  1.923E-01
  7.9059000E+04  3.453E-01 -4.563E-02  2.339E-01
  7.9061000E+04  3.156E-01 -4.070E-02  2.014E-01
  7.9063000E+04  3.357E-01 -4.533E-02  2.454E-01
  7.9065000E+04  2.729E-01 -3.492E-02  1.703E-01
  7.9067000E+04  2.425E-01 -3.710E-02  2.288E-01
  7.9069000E+04  3.562E-01 -4.482E-02  2.113E-01
  7.9071000E+04  3.195E-01 -3.869E-02  1.689E-01
  7.9073000E+04  3.289E-01 -4.255E-02  2.165E-01
  7.9075000E+04  3.288E-01 -4.335E-02  2.262E-01
  7.9077000E+04  2.759E-01 -3.763E-02  2.022E-01
  7.9079000E+04  2.703E-01 -3.826E-02  2.172E-01
  7.9081000E+04  3.218E-01 -4.180E-02  2.107E-01
  7.9083000E+04  2.680E-01 -3.535E-02  1.788E-01
  7.9085000E+04  3.133E-01 -4.198E-02  2.259E-01
  7.9087000E+04  2.827E-01 -3.706E-02  1.914E-01
  7.9089000E+04  2.723E-01 -2.972E-02  1.026E-01
  7.9091000E+04  2.470E-01 -3.621E-02  2.206E-01
  7.9093000E+04  2.706E-01 -3.978E-02  2.387E-01
  7.9095000E+04  2.377E-01 -3.110E-02  1.614E-01
  7.9097000E+04  2.847E-01 -3.609E-02  1.706E-01
  7.9099000E+04  2.628E-01 -3.547E-02  1.936E-01
  7.9101000E+04  2.572E-01 -3.287E-02  1.641E-01
  7.9103000E+04  2.472E-01 -3.118E-02  1.528E-01
  7.9105000E+04  2.883E-01 -3.613E-02  1.751E-01
  7.9107000E+04  2.634E-01 -3.372E-02  1.598E-01
  7.9109000E+04  2.307E-01 -2.962E-02  1.423E-01
  7.9111000E+04  2.482E-01 -3.264E-02  1.696E-01
  7.9113000E+04  3.002E-01 -3.642E-02  1.633E-01
  7.9115000E+04  2.362E-01 -3.106E-02  1.600E-01
  7.9117000E+04  2.457E-01 -3.215E-02  1.673E-01
  7.9119000E+04  2.011E-01 -3.060E-02  1.931E-01
  7.9121000E+04  2.633E-01 -3.483E-02  1.840E-01
  7.9123000E+04  2.618E-01 -3.311E-02  1.611E-01
  7.9125000E+04  2.268E-01 -2.944E-02  1.486E-01
  7.9127000E+04  2.294E-01 -2.864E-02  1.359E-01
  7.9129000E+04  2.521E-01 -3.165E-02  1.501E-01
  7.9131000E+04  2.729E-01 -3.135E-02  1.220E-01
  7.9133000E+04  1.708E-01 -2.508E-02  1.529E-01
  7.9135000E+04  2.358E-01 -3.094E-02  1.637E-01
  7.9137000E+04  2.644E-01 -2.985E-02  1.171E-01
  7.9139000E+04  1.823E-01 -2.559E-02  1.442E-01
  7.9141000E+04  1.888E-01 -2.846E-02  1.826E-01
  7.9143000E+04  2.213E-01 -2.772E-02  1.316E-01
  7.9145000E+04  2.089E-01 -2.902E-02  1.647E-01
  7.9147000E+04  2.132E-01 -2.715E-02  1.325E-01
  7.9149000E+04  2.169E-01 -3.018E-02  1.641E-01
  7.9151000E+04  2.058E-01 -2.586E-02  1.240E-01
  7.9153000E+04  2.116E-01 -2.684E-02  1.346E-01
  7.9155000E+04  2.339E-01 -2.946E-02  1.421E-01
  7.9157000E+04  1.973E-01 -2.427E-02  1.053E-01
  7.9159000E+04  2.049E-01 -2.807E-02  1.484E-01
  7.9161000E+04  1.620E-01 -2.300E-02  1.340E-01
  7.9163000E+04  1.828E-01 -2.295E-02  1.157E-01
  7.9165000E+04  1.969E-01 -2.558E-02  1.316E-01
  7.9167000E+04  2.099E-01 -2.589E-02  1.197E-01
  7.9169000E+04  1.621E-01 -2.184E-02  1.235E-01
  7.9171000E+04  1.890E-01 -2.440E-02  1.223E-01
  7.9173000E+04  1.878E-01 -2.447E-02  1.305E-01
  7.9175000E+04  2.197E-01 -2.696E-02  1.195E-01
  7.9177000E+04  1.853E-01 -2.194E-02  1.007E-01
  7.9179000E+04  2.126E-01 -2.662E-02  1.209E-01
  7.9181000E+04  1.798E-01 -2.479E-02  1.340E-01
  7.9183000E+04  1.708E-01 -2.373E-02  1.402E-01
  7.9185000E+04  1.804E-01 -2.296E-02  1.131E-01
  7.9187000E+04  1.907E-01 -2.269E-02  9.995E-02
  7.9189000E+04  2.022E-01 -2.478E-02  1.131E-01
  7.9191000E+04  2.031E-01 -2.593E-02  1.255E-01
  7.9193000E+04  1.723E-01 -2.388E-02  1.414E-01
  7.9195000E+04  1.346E-01 -1.740E-02  9.454E-02
  7.9197000E+04  1.636E-01 -2.155E-02  1.135E-01
  7.9199000E+04  1.434E-01 -1.841E-02  9.859E-02
  7.9201000E+04  1.658E-01 -2.213E-02  1.156E-01
  7.9203000E+04  2.092E-01 -2.597E-02  1.212E-01
  7.9205000E+04  1.786E-01 -2.353E-02  1.221E-01
  7.9207000E+04  1.565E-01 -2.115E-02  1.174E-01
  7.9209000E+04  1.677E-01 -2.250E-02  1.192E-01
  7.9211000E+04  1.416E-01 -1.886E-02  1.032E-01
  7.9213000E+04  1.574E-01 -1.771E-02  6.782E-02
  7.9215000E+04  1.740E-01 -2.133E-02  9.190E-02
  7.9217000E+04  1.352E-01 -1.700E-02  8.352E-02
  7.9219000E+04  1.825E-01 -2.310E-02  1.129E-01
  7.9221000E+04  1.348E-01 -1.783E-02  9.850E-02
  7.9223000E+04  1.755E-01 -2.006E-02  7.863E-02
  7.9225000E+04  1.548E-01 -2.121E-02  1.177E-01
  7.9227000E+04  1.565E-01 -1.939E-02  9.005E-02
  7.9229000E+04  1.521E-01 -1.818E-02  8.527E-02
  7.9231000E+04  1.575E-01 -2.120E-02  1.207E-01
  7.9233000E+04  1.387E-01 -2.011E-02  1.209E-01
  7.9235000E+04  1.398E-01 -1.719E-02  8.335E-02
  7.9237000E+04  1.626E-01 -2.097E-02  1.011E-01
  7.9239000E+04  1.322E-01 -1.802E-02  1.006E-01
  7.9241000E+04  1.615E-01 -1.928E-02  8.397E-02
  7.9243000E+04  1.463E-01 -2.003E-02  1.150E-01
  7.9245000E+04  1.498E-01 -1.960E-02  9.753E-02
  7.9247000E+04  1.309E-01 -1.916E-02  1.176E-01
  7.9249000E+04  1.675E-01 -1.947E-02  8.057E-02
  7.9251000E+04  1.291E-01 -1.694E-02  8.401E-02
  7.9253000E+04  1.320E-01 -1.800E-02  9.782E-02
  7.9255000E+04  1.117E-01 -1.440E-02  7.288E-02
  7.9257000E+04  1.587E-01 -2.005E-02  1.029E-01
  7.9259000E+04  1.466E-01 -1.880E-02  9.739E-02
  7.9261000E+04  1.313E-01 -1.825E-02  1.056E-01
  7.9263000E+04  1.494E-01 -1.811E-02  7.971E-02
  7.9265000E+04  1.384E-01 -1.769E-02  8.823E-02
  7.9267000E+04  1.054E-01 -1.469E-02  8.733E-02
  7.9269000E+04  1.270E-01 -1.796E-02  1.042E-01
  7.9271000E+04  1.150E-01 -1.526E-02  7.985E-02
  7.9273000E+04  1.042E-01 -1.312E-02  6.499E-02
  7.9275000E+04  1.448E-01 -1.781E-02  8.476E-02
  7.9277000E+04  1.319E-01 -1.606E-02  6.861E-02
  7.9279000E+04  1.260E-01 -1.487E-02  6.143E-02
  7.9281000E+04  1.251E-01 -1.673E-02  9.596E-02
  7.9283000E+04  1.377E-01 -1.759E-02  9.197E-02
  7.9285000E+04  1.442E-01 -1.802E-02  9.075E-02
  7.9287000E+04  1.263E-01 -1.350E-02  4.297E-02
  7.9289000E+04  1.236E-01 -1.442E-02  5.554E-02
  7.9291000E+04  1.141E-01 -1.607E-02  9.974E-02
  7.9293000E+04  1.059E-01 -1.400E-02  7.535E-02
  7.9295000E+04  1.272E-01 -1.525E-02  6.377E-02
  7.9297000E+04  1.125E-01 -1.484E-02  6.935E-02
  7.9299000E+04  1.214E-01 -1.582E-02  8.548E-02
  7.9301000E+04  8.996E-02 -1.236E-02  6.821E-02
  7.9303000E+04  1.073E-01 -1.312E-02  5.953E-02
  7.9305000E+04  1.143E-01 -1.640E-02  9.798E-02
  7.9307000E+04  9.040E-02 -1.328E-02  7.995E-02
  7.9309000E+04  1.090E-01 -1.476E-02  8.871E-02
  7.9311000E+04  1.231E-01 -1.472E-02  6.140E-02
  7.9313000E+04  1.212E-01 -1.415E-02  5.616E-02
  7.9315000E+04  1.167E-01 -1.501E-02  7.483E-02
  7.9317000E+04  1.248E-01 -1.698E-02  9.278E-02
  7.9319000E+04  1.217E-01 -1.472E-02  6.960E-02
  7.9321000E+04  1.112E-01 -1.469E-02  7.749E-02
  7.9323000E+04  1.004E-01 -1.443E-02  8.382E-02
  7.9325000E+04  1.157E-01 -1.340E-02  5.503E-02
  7.9327000E+04  1.078E-01 -1.484E-02  8.621E-02
  7.9329000E+04  1.008E-01 -1.217E-02  6.053E-02
  7.9331000E+04  9.599E-02 -1.304E-02  6.465E-02
  7.9333000E+04  7.802E-02 -9.341E-03  3.847E-02
  7.9335000E+04  9.328E-02 -1.149E-02  6.058E-02
  7.9337000E+04  1.072E-01 -1.370E-02  7.012E-02
  7.9339000E+04  1.014E-01 -1.111E-02  4.103E-02
  7.9341000E+04  1.030E-01 -1.355E-02  6.892E-02
  7.9343000E+04  8.685E-02 -1.085E-02  5.324E-02
  7.9345000E+04  1.145E-01 -1.385E-02  6.020E-02
  7.9347000E+04  1.115E-01 -1.431E-02  7.288E-02
  7.9349000E+04  8.590E-02 -1.181E-02  7.234E-02
  7.9351000E+04  1.085E-01 -1.388E-02  7.233E-02
  7.9353000E+04  8.224E-02 -1.279E-02  8.454E-02
  7.9355000E+04  1.165E-01 -1.385E-02  6.170E-02
  7.9357000E+04  8.822E-02 -1.146E-02  6.205E-02
  7.9359000E+04  9.062E-02 -1.236E-02  7.040E-02
  7.9361000E+04  9.959E-02 -1.206E-02  5.004E-02
  7.9363000E+04  9.840E-02 -1.199E-02  6.013E-02
  7.9365000E+04  7.977E-02 -1.042E-02  5.299E-02
