  4.3583000E+04 -7.839E-03 -3.637E-04  1.556E-03
  4.3585000E+04  1.505E-02 -5.135E-03 -4.580E-03
  4.3587000E+04 -2.433E-02  7.502E-03  4.692E-03
  4.3589000E+04 -5.122E-03 -2.829E-04  8.435E-03
  4.3591000E+04 -1.203E-02  6.825E-04  2.068E-03
  4.3593000E+04  1.854E-02  2.491E-04 -1.796E-02
  4.3595000E+04 -6.372E-03 -9.092E-04  1.074E-02
  4.3597000E+04 -2.649E-03  2.307E-04  3.199E-04
  4.3599000E+04 -8.113E-03  1.188E-03 -3.801E-03
  4.3601000E+04  9.774E-03 -1.342E-03  4.630E-03
  4.3603000E+04 -2.092E-02  4.351E-04  1.560E-02
  4.3605000E+04  9.751E-04  1.699E-04 -1.011E-02
  4.3607000E+04 -7.249E-03  5.041E-04  7.948E-04
  4.3609000E+04 -2.669E-02  4.579E-03 -1.873E-02
  4.3611000E+04 -7.952E-02  1.067E-02 -6.137E-02
  4.3613000E+04 -8.048E-01  1.046E-01 -5.541E-01
  4.3615000E+04 -4.439E+00  5.542E-01 -2.821E+00
  4.3617000E+04 -1.227E+01  1.525E+00 -7.841E+00
  4.3619000E+04 -1.651E+01  2.030E+00 -1.047E+01
  4.3621000E+04 -1.160E+01  1.424E+00 -7.521E+00
  4.3623000E+04 -5.202E+00  6.312E-01 -3.367E+00
  4.3625000E+04 -1.727E+00  2.134E-01 -1.208E+00
  4.3627000E+04 -6.607E-01  7.465E-02 -4.065E-01
  4.3629000E+04 -3.551E-02 -1.551E-03  1.887E-02
  4.3631000E+04  4.306E-02 -9.695E-03  5.973E-02
  4.3633000E+04  1.145E-01 -1.917E-02  1.136E-01
  4.3635000E+04  2.055E-01 -2.799E-02  1.583E-01
  4.3637000E+04  3.852E-01 -4.740E-02  2.373E-01
  4.3639000E+04  2.386E-01 -3.110E-02  1.593E-01
  4.3641000E+04  2.344E-01 -2.487E-02  8.329E-02
  4.3643000E+04  2.463E-01 -3.779E-02  2.387E-01
  4.3645000E+04  4.032E-01 -5.093E-02  2.605E-01
  4.3647000E+04  2.665E-01 -3.622E-02  2.075E-01
  4.3649000E+04  2.620E-01 -2.610E-02  8.190E-02
  4.3651000E+04  3.450E-01 -3.665E-02  1.383E-01
  4.3653000E+04  2.951E-01 -3.911E-02  2.203E-01
  4.3655000E+04  3.111E-01 -4.419E-02  2.697E-01
  4.3657000E+04  3.239E-01 -4.402E-02  2.542E-01
  4.3659000E+04  3.023E-01 -3.884E-02  2.073E-01
  4.3661000E+04  4.191E-01 -4.337E-02  1.584E-01
  4.3663000E+04  4.291E-01 -5.039E-02  2.400E-01
  4.3665000E+04  3.048E-01 -3.888E-02  2.030E-01
  4.3667000E+04  2.594E-01 -3.839E-02  2.387E-01
  4.3669000E+04  3.964E-01 -4.409E-02  1.895E-01
  4.3671000E+04  3.160E-01 -3.962E-02  2.128E-01
  4.3673000E+04  3.091E-01 -4.348E-02  2.646E-01
  4.3675000E+04  3.138E-01 -4.054E-02  2.253E-01
  4.3677000E+04  2.902E-01 -3.391E-02  1.544E-01
  4.3679000E+04  2.698E-01 -3.540E-02  1.982E-01
  4.3681000E+04  3.355E-01 -3.845E-02  1.781E-01
  4.3683000E+04  2.936E-01 -3.848E-02  2.186E-01
  4.3685000E+04  2.714E-01 -2.880E-02  9.572E-02
  4.3687000E+04  3.410E-01 -4.239E-02  1.970E-01
  4.3689000E+04  2.827E-01 -3.787E-02  2.200E-01
  4.3691000E+04  3.063E-01 -4.002E-02  2.095E-01
  4.3693000E+04  2.416E-01 -3.378E-02  2.182E-01
  4.3695000E+04  3.157E-01 -3.651E-02  1.762E-01
  4.3697000E+04  2.603E-01 -3.057E-02  1.578E-01
  4.3699000E+04  2.980E-01 -3.744E-02  2.102E-01
  4.3701000E+04  2.663E-01 -3.215E-02  1.513E-01
  4.3703000E+04  2.309E-01 -2.989E-02  1.633E-01
  4.3705000E+04  2.780E-01 -3.547E-02  1.859E-01
  4.3707000E+04  2.813E-01 -3.330E-02  1.651E-01
  4.3709000E+04  3.173E-01 -3.357E-02  1.363E-01
  4.3711000E+04  3.281E-01 -4.145E-02  2.245E-01
  4.3713000E+04  2.153E-01 -2.682E-02  1.485E-01
  4.3715000E+04  2.545E-01 -3.375E-02  1.864E-01
  4.3717000E+04  2.412E-01 -2.987E-02  1.593E-01
  4.3719000E+04  2.871E-01 -3.265E-02  1.511E-01
  4.3721000E+04  2.553E-01 -3.180E-02  1.639E-01
  4.3723000E+04  2.325E-01 -3.025E-02  1.628E-01
  4.3725000E+04  2.455E-01 -3.184E-02  1.767E-01
  4.3727000E+04  2.151E-01 -2.432E-02  1.138E-01
  4.3729000E+04  2.569E-01 -3.005E-02  1.501E-01
  4.3731000E+04  2.184E-01 -2.931E-02  1.560E-01
  4.3733000E+04  2.729E-01 -3.252E-02  1.539E-01
  4.3735000E+04  2.306E-01 -2.918E-02  1.714E-01
  4.3737000E+04  2.531E-01 -2.879E-02  1.266E-01
  4.3739000E+04  2.262E-01 -2.897E-02  1.619E-01
  4.3741000E+04  2.122E-01 -2.829E-02  1.605E-01
  4.3743000E+04  2.562E-01 -2.979E-02  1.457E-01
  4.3745000E+04  2.304E-01 -2.746E-02  1.366E-01
  4.3747000E+04  2.422E-01 -3.193E-02  1.830E-01
  4.3749000E+04  2.124E-01 -2.656E-02  1.368E-01
  4.3751000E+04  1.996E-01 -2.467E-02  1.286E-01
  4.3753000E+04  2.018E-01 -2.307E-02  1.141E-01
  4.3755000E+04  1.969E-01 -2.492E-02  1.377E-01
  4.3757000E+04  2.192E-01 -2.886E-02  1.648E-01
  4.3759000E+04  2.209E-01 -2.469E-02  1.051E-01
  4.3761000E+04  2.197E-01 -2.883E-02  1.684E-01
  4.3763000E+04  2.154E-01 -2.417E-02  1.089E-01
  4.3765000E+04  2.229E-01 -2.939E-02  1.609E-01
  4.3767000E+04  1.883E-01 -2.365E-02  1.260E-01
  4.3769000E+04  1.820E-01 -2.478E-02  1.400E-01
  4.3771000E+04  1.991E-01 -2.494E-02  1.320E-01
  4.3773000E+04  1.988E-01 -2.226E-02  9.507E-02
  4.3775000E+04  2.135E-01 -2.455E-02  1.116E-01
  4.3777000E+04  2.021E-01 -2.408E-02  1.230E-01
  4.3779000E+04  1.864E-01 -2.234E-02  1.105E-01
  4.3781000E+04  1.781E-01 -2.431E-02  1.472E-01
  4.3783000E+04  2.078E-01 -2.570E-02  1.488E-01
  4.3785000E+04  1.835E-01 -2.229E-02  1.010E-01
  4.3787000E+04  1.841E-01 -2.446E-02  1.324E-01
  4.3789000E+04  1.826E-01 -2.459E-02  1.522E-01
  4.3791000E+04  2.062E-01 -2.281E-02  9.394E-02
  4.3793000E+04  1.840E-01 -2.153E-02  1.030E-01
  4.3795000E+04  1.701E-01 -2.138E-02  1.156E-01
  4.3797000E+04  1.565E-01 -1.960E-02  9.986E-02
  4.3799000E+04  1.570E-01 -2.086E-02  1.214E-01
  4.3801000E+04  1.775E-01 -2.142E-02  1.052E-01
  4.3803000E+04  1.800E-01 -2.297E-02  1.190E-01
  4.3805000E+04  1.555E-01 -1.978E-02  1.070E-01
  4.3807000E+04  1.800E-01 -2.142E-02  9.796E-02
  4.3809000E+04  1.722E-01 -2.144E-02  1.235E-01
  4.3811000E+04  1.959E-01 -2.031E-02  8.434E-02
  4.3813000E+04  1.590E-01 -1.849E-02  9.237E-02
  4.3815000E+04  1.607E-01 -2.175E-02  1.284E-01
  4.3817000E+04  1.385E-01 -1.824E-02  1.044E-01
  4.3819000E+04  1.743E-01 -2.263E-02  1.195E-01
  4.3821000E+04  1.565E-01 -2.065E-02  1.203E-01
  4.3823000E+04  1.779E-01 -2.138E-02  1.117E-01
  4.3825000E+04  1.775E-01 -1.872E-02  7.670E-02
  4.3827000E+04  1.736E-01 -2.128E-02  1.102E-01
  4.3829000E+04  1.725E-01 -2.198E-02  1.203E-01
  4.3831000E+04  1.704E-01 -1.968E-02  9.256E-02
  4.3833000E+04  1.754E-01 -2.157E-02  9.919E-02
  4.3835000E+04  1.395E-01 -1.909E-02  1.098E-01
  4.3837000E+04  1.572E-01 -2.191E-02  1.119E-01
  4.3839000E+04  1.588E-01 -2.172E-02  8.634E-02
  4.3841000E+04  1.526E-01 -1.824E-02  7.532E-02
  4.3843000E+04  1.611E-01 -2.002E-02  8.186E-02
  4.3845000E+04  1.004E-01 -1.335E-02  1.189E-01
  4.3847000E+04  1.425E-01 -2.086E-02  9.287E-02
  4.3849000E+04  1.462E-01 -1.755E-02  9.272E-02
  4.3851000E+04  1.581E-01 -1.962E-02  1.138E-01
  4.3853000E+04  1.444E-01 -1.809E-02  9.196E-02
  4.3855000E+04  1.255E-01 -1.670E-02  9.293E-02
  4.3857000E+04  1.508E-01 -1.940E-02  9.526E-02
  4.3859000E+04  1.761E-01 -2.002E-02  1.062E-01
  4.3861000E+04  1.505E-01 -1.570E-02  7.625E-02
  4.3863000E+04  1.491E-01 -1.738E-02  8.281E-02
  4.3865000E+04  1.181E-01 -1.592E-02  1.002E-01
  4.3867000E+04  1.364E-01 -1.624E-02  9.467E-02
  4.3869000E+04  1.344E-01 -1.796E-02  1.008E-01
  4.3871000E+04  1.299E-01 -1.632E-02  8.117E-02
  4.3873000E+04  1.455E-01 -1.674E-02  7.560E-02
  4.3875000E+04  1.442E-01 -1.545E-02  7.813E-02
  4.3877000E+04  1.279E-01 -1.542E-02  9.508E-02
  4.3879000E+04  1.224E-01 -1.213E-02  4.809E-02
  4.3881000E+04  1.287E-01 -1.311E-02  4.565E-02
  4.3883000E+04  1.419E-01 -1.872E-02  1.086E-01
  4.3885000E+04  1.271E-01 -1.601E-02  9.392E-02
  4.3887000E+04  9.539E-02 -1.426E-02  7.247E-02
  4.3889000E+04  1.509E-01 -1.664E-02  7.342E-02
  4.3891000E+04  1.370E-01 -1.737E-02  8.806E-02
  4.3893000E+04  1.411E-01 -1.510E-02  7.415E-02
  4.3895000E+04  1.550E-01 -1.596E-02  9.978E-02
  4.3897000E+04  1.249E-01 -1.586E-02  9.470E-02
  4.3899000E+04  1.215E-01 -1.359E-02  5.983E-02
  4.3901000E+04  1.229E-01 -1.501E-02  6.403E-02
  4.3903000E+04  8.544E-02 -1.436E-02  1.025E-01
  4.3905000E+04  1.188E-01 -1.522E-02  9.194E-02
  4.3907000E+04  1.124E-01 -1.446E-02  6.413E-02
  4.3909000E+04  1.191E-01 -1.473E-02  7.469E-02
  4.3911000E+04  1.042E-01 -1.263E-02  6.099E-02
  4.3913000E+04  1.272E-01 -1.344E-02  6.306E-02
  4.3915000E+04  1.194E-01 -1.670E-02  1.004E-01
  4.3917000E+04  1.166E-01 -1.410E-02  7.285E-02
  4.3919000E+04  8.449E-02 -1.194E-02  6.804E-02
  4.3921000E+04  9.190E-02 -1.076E-02  6.689E-02
  4.3923000E+04  1.216E-01 -1.473E-02  8.181E-02
  4.3925000E+04  1.082E-01 -1.228E-02  6.517E-02
  4.3927000E+04  1.167E-01 -1.413E-02  7.040E-02
  4.3929000E+04  1.164E-01 -1.518E-02  7.860E-02
  4.3931000E+04  1.175E-01 -1.410E-02  7.287E-02
  4.3933000E+04  1.145E-01 -1.362E-02  6.432E-02
  4.3935000E+04  1.176E-01 -1.243E-02  5.530E-02
  4.3937000E+04  9.441E-02 -1.164E-02  6.351E-02
  4.3939000E+04  1.129E-01 -1.556E-02  8.390E-02
  4.3941000E+04  1.293E-01 -1.328E-02  5.544E-02
  4.3943000E+04  1.000E-01 -1.242E-02  7.316E-02
  4.3945000E+04  1.022E-01 -1.201E-02  5.145E-02
  4.3947000E+04  9.849E-02 -1.456E-02  6.829E-02
  4.3949000E+04  1.078E-01 -1.241E-02  6.291E-02
  4.3951000E+04  8.843E-02 -1.068E-02  6.233E-02
  4.3953000E+04  9.724E-02 -1.215E-02  8.124E-02
  4.3955000E+04  8.008E-02 -9.445E-03  5.901E-02
  4.3957000E+04  1.111E-01 -1.263E-02  4.900E-02
  4.3959000E+04  1.185E-01 -1.610E-02  7.727E-02
  4.3961000E+04  1.205E-01 -1.523E-02  7.784E-02
