 -1.7309000E+04 -0.000E+00 -0.000E+00  0.000E+00
 -1.7307000E+04 -0.000E+00 -0.000E+00  0.000E+00
 -1.7305000E+04  2.934E-07 -1.890E-07  1.807E-06
 -1.7303000E+04  3.961E-06 -2.220E-07 -1.273E-06
 -1.7301000E+04 -1.385E-05  3.205E-06 -2.355E-05
 -1.7299000E+04 -5.035E-06 -2.574E-06  3.191E-05
 -1.7297000E+04 -1.049E-06  2.694E-06 -2.487E-05
 -1.7295000E+04 -1.908E-03  1.673E-04 -6.139E-04
 -1.7293000E+04 -7.243E-04  6.330E-05 -2.726E-04
 -1.7291000E+04 -2.444E-03  2.506E-08  2.045E-03
 -1.7289000E+04 -7.658E-03  1.375E-03 -9.207E-03
 -1.7287000E+04 -9.595E-02  1.371E-02 -7.664E-02
 -1.7285000E+04 -1.084E+00  1.524E-01 -8.414E-01
 -1.7283000E+04 -4.966E+00  6.720E-01 -3.588E+00
 -1.7281000E+04 -1.191E+01  1.536E+00 -7.841E+00
 -1.7279000E+04 -1.554E+01  1.951E+00 -9.775E+00
 -1.7277000E+04 -1.276E+01  1.542E+00 -7.467E+00
 -1.7275000E+04 -7.616E+00  9.139E-01 -4.459E+00
 -1.7273000E+04 -3.839E+00  4.347E-01 -1.995E+00
 -1.7271000E+04 -1.375E+00  1.736E-01 -9.501E-01
 -1.7269000E+04 -8.632E-01  8.925E-02 -3.795E-01
 -1.7267000E+04 -2.628E-01  2.902E-02 -1.577E-01
 -1.7265000E+04  1.211E-01 -2.217E-02  1.254E-01
 -1.7263000E+04  2.943E-01 -3.989E-02  2.005E-01
 -1.7261000E+04  2.004E-01 -2.489E-02  1.068E-01
 -1.7259000E+04  3.070E-01 -3.692E-02  1.619E-01
 -1.7257000E+04  3.282E-01 -3.912E-02  1.709E-01
 -1.7255000E+04  2.850E-01 -3.678E-02  1.796E-01
 -1.7253000E+04  3.832E-01 -4.065E-02  1.426E-01
 -1.7251000E+04  3.393E-01 -4.479E-02  2.271E-01
 -1.7249000E+04  3.795E-01 -4.786E-02  2.342E-01
 -1.7247000E+04  3.581E-01 -4.240E-02  1.871E-01
 -1.7245000E+04  3.162E-01 -4.220E-02  2.178E-01
 -1.7243000E+04  2.148E-01 -3.171E-02  1.845E-01
 -1.7241000E+04  4.056E-01 -3.598E-02  7.894E-02
 -1.7239000E+04  3.015E-01 -4.529E-02  2.709E-01
 -1.7237000E+04  3.818E-01 -4.395E-02  1.888E-01
 -1.7235000E+04  4.767E-01 -6.097E-02  3.085E-01
 -1.7233000E+04  3.322E-01 -4.671E-02  2.619E-01
 -1.7231000E+04  3.617E-01 -4.845E-02  2.548E-01
 -1.7229000E+04  4.211E-01 -5.079E-02  2.411E-01
 -1.7227000E+04  4.244E-01 -5.059E-02  2.335E-01
 -1.7225000E+04  3.215E-01 -4.286E-02  2.203E-01
 -1.7223000E+04  3.617E-01 -4.469E-02  2.233E-01
 -1.7221000E+04  3.776E-01 -4.193E-02  1.718E-01
 -1.7219000E+04  3.640E-01 -3.985E-02  1.589E-01
 -1.7217000E+04  3.078E-01 -4.423E-02  2.511E-01
 -1.7215000E+04  3.090E-01 -3.878E-02  1.930E-01
 -1.7213000E+04  3.019E-01 -4.106E-02  2.247E-01
 -1.7211000E+04  3.631E-01 -4.686E-02  2.399E-01
 -1.7209000E+04  2.849E-01 -4.354E-02  2.604E-01
 -1.7207000E+04  3.481E-01 -4.437E-02  2.326E-01
 -1.7205000E+04  3.916E-01 -4.390E-02  1.864E-01
 -1.7203000E+04  3.361E-01 -3.897E-02  1.751E-01
 -1.7201000E+04  2.712E-01 -3.226E-02  1.508E-01
 -1.7199000E+04  3.215E-01 -3.710E-02  1.627E-01
 -1.7197000E+04  3.051E-01 -4.216E-02  2.322E-01
 -1.7195000E+04  3.333E-01 -4.356E-02  2.255E-01
 -1.7193000E+04  3.256E-01 -4.188E-02  2.246E-01
 -1.7191000E+04  3.011E-01 -3.507E-02  1.604E-01
 -1.7189000E+04  2.912E-01 -4.098E-02  2.291E-01
 -1.7187000E+04  3.233E-01 -3.838E-02  1.769E-01
 -1.7185000E+04  2.939E-01 -3.189E-02  1.202E-01
 -1.7183000E+04  2.829E-01 -3.587E-02  1.797E-01
 -1.7181000E+04  2.686E-01 -3.513E-02  1.772E-01
 -1.7179000E+04  2.893E-01 -3.174E-02  1.309E-01
 -1.7177000E+04  3.279E-01 -4.254E-02  2.092E-01
 -1.7175000E+04  2.569E-01 -3.621E-02  2.114E-01
 -1.7173000E+04  2.669E-01 -3.434E-02  1.844E-01
 -1.7171000E+04  3.370E-01 -3.844E-02  1.719E-01
 -1.7169000E+04  2.523E-01 -2.572E-02  9.113E-02
 -1.7167000E+04  2.877E-01 -3.327E-02  1.510E-01
 -1.7165000E+04  2.385E-01 -3.082E-02  1.589E-01
 -1.7163000E+04  2.690E-01 -3.461E-02  1.872E-01
 -1.7161000E+04  2.887E-01 -3.630E-02  1.792E-01
 -1.7159000E+04  2.590E-01 -3.238E-02  1.641E-01
 -1.7157000E+04  2.255E-01 -3.492E-02  2.148E-01
 -1.7155000E+04  2.864E-01 -3.311E-02  1.410E-01
 -1.7153000E+04  2.786E-01 -3.632E-02  1.948E-01
 -1.7151000E+04  2.891E-01 -3.439E-02  1.641E-01
 -1.7149000E+04  2.375E-01 -3.256E-02  1.808E-01
 -1.7147000E+04  2.473E-01 -2.651E-02  1.056E-01
 -1.7145000E+04  2.729E-01 -3.152E-02  1.390E-01
 -1.7143000E+04  2.562E-01 -3.092E-02  1.459E-01
 -1.7141000E+04  2.260E-01 -2.671E-02  1.272E-01
 -1.7139000E+04  2.375E-01 -3.149E-02  1.687E-01
 -1.7137000E+04  2.372E-01 -3.192E-02  1.746E-01
 -1.7135000E+04  2.109E-01 -2.524E-02  1.189E-01
 -1.7133000E+04  2.192E-01 -2.753E-02  1.360E-01
 -1.7131000E+04  2.554E-01 -3.176E-02  1.598E-01
 -1.7129000E+04  2.377E-01 -2.992E-02  1.439E-01
 -1.7127000E+04  1.650E-01 -2.341E-02  1.363E-01
 -1.7125000E+04  2.768E-01 -3.149E-02  1.395E-01
 -1.7123000E+04  2.273E-01 -2.860E-02  1.465E-01
 -1.7121000E+04  2.213E-01 -2.616E-02  1.187E-01
 -1.7119000E+04  2.274E-01 -2.838E-02  1.384E-01
 -1.7117000E+04  2.160E-01 -2.669E-02  1.332E-01
 -1.7115000E+04  2.186E-01 -2.695E-02  1.338E-01
 -1.7113000E+04  2.315E-01 -2.734E-02  1.336E-01
 -1.7111000E+04  2.039E-01 -2.962E-02  1.690E-01
 -1.7109000E+04  2.316E-01 -2.656E-02  1.190E-01
 -1.7107000E+04  2.166E-01 -2.392E-02  1.071E-01
 -1.7105000E+04  2.250E-01 -2.662E-02  1.249E-01
 -1.7103000E+04  2.003E-01 -2.883E-02  1.678E-01
 -1.7101000E+04  1.490E-01 -1.869E-02  9.748E-02
 -1.7099000E+04  2.003E-01 -2.353E-02  1.113E-01
 -1.7097000E+04  2.436E-01 -2.776E-02  1.210E-01
 -1.7095000E+04  2.158E-01 -2.826E-02  1.516E-01
 -1.7093000E+04  1.872E-01 -2.598E-02  1.445E-01
 -1.7091000E+04  2.001E-01 -2.612E-02  1.359E-01
 -1.7089000E+04  1.940E-01 -2.414E-02  1.188E-01
 -1.7087000E+04  1.834E-01 -2.208E-02  1.084E-01
 -1.7085000E+04  2.064E-01 -2.824E-02  1.580E-01
 -1.7083000E+04  1.668E-01 -2.389E-02  1.436E-01
 -1.7081000E+04  2.079E-01 -2.590E-02  1.291E-01
 -1.7079000E+04  1.842E-01 -2.253E-02  1.034E-01
 -1.7077000E+04  1.861E-01 -2.032E-02  8.385E-02
 -1.7075000E+04  2.072E-01 -2.329E-02  1.047E-01
 -1.7073000E+04  1.863E-01 -1.970E-02  7.710E-02
 -1.7071000E+04  1.743E-01 -2.306E-02  1.234E-01
 -1.7069000E+04  1.980E-01 -2.395E-02  1.147E-01
 -1.7067000E+04  1.263E-01 -1.794E-02  1.076E-01
 -1.7065000E+04  1.119E-01 -1.906E-02  1.263E-01
 -1.7063000E+04  2.133E-01 -2.287E-02  8.981E-02
 -1.7061000E+04  1.895E-01 -2.358E-02  1.262E-01
 -1.7059000E+04  1.723E-01 -2.310E-02  1.273E-01
 -1.7057000E+04  2.202E-01 -2.378E-02  9.706E-02
 -1.7055000E+04  1.773E-01 -2.323E-02  1.244E-01
 -1.7053000E+04  1.880E-01 -2.535E-02  1.383E-01
 -1.7051000E+04  1.905E-01 -2.334E-02  1.170E-01
 -1.7049000E+04  1.739E-01 -2.180E-02  1.118E-01
 -1.7047000E+04  1.361E-01 -1.893E-02  1.010E-01
 -1.7045000E+04  1.668E-01 -2.123E-02  1.099E-01
 -1.7043000E+04  1.624E-01 -2.152E-02  1.111E-01
 -1.7041000E+04  1.454E-01 -1.632E-02  7.028E-02
 -1.7039000E+04  1.850E-01 -1.887E-02  7.074E-02
 -1.7037000E+04  1.737E-01 -2.133E-02  1.068E-01
 -1.7035000E+04  1.441E-01 -1.929E-02  1.054E-01
 -1.7033000E+04  1.654E-01 -1.945E-02  9.034E-02
 -1.7031000E+04  1.476E-01 -1.909E-02  9.544E-02
 -1.7029000E+04  1.424E-01 -1.983E-02  1.072E-01
 -1.7027000E+04  1.436E-01 -1.805E-02  9.208E-02
 -1.7025000E+04  1.863E-01 -2.046E-02  9.343E-02
 -1.7023000E+04  1.298E-01 -1.731E-02  9.451E-02
 -1.7021000E+04  1.692E-01 -2.009E-02  9.515E-02
 -1.7019000E+04  1.496E-01 -1.855E-02  9.007E-02
 -1.7017000E+04  1.413E-01 -1.911E-02  9.864E-02
 -1.7015000E+04  1.599E-01 -1.738E-02  6.971E-02
 -1.7013000E+04  1.523E-01 -1.883E-02  9.763E-02
 -1.7011000E+04  1.444E-01 -1.686E-02  7.731E-02
 -1.7009000E+04  1.371E-01 -1.787E-02  8.885E-02
 -1.7007000E+04  1.338E-01 -1.805E-02  9.535E-02
 -1.7005000E+04  1.726E-01 -1.738E-02  6.728E-02
 -1.7003000E+04  1.275E-01 -2.003E-02  1.235E-01
 -1.7001000E+04  1.597E-01 -2.064E-02  1.111E-01
 -1.6999000E+04  1.538E-01 -1.655E-02  6.605E-02
 -1.6997000E+04  1.253E-01 -1.672E-02  9.128E-02
 -1.6995000E+04  1.441E-01 -1.795E-02  8.631E-02
 -1.6993000E+04  1.224E-01 -1.738E-02  1.006E-01
 -1.6991000E+04  1.054E-01 -1.389E-02  7.656E-02
 -1.6989000E+04  1.361E-01 -1.864E-02  9.446E-02
 -1.6987000E+04  1.461E-01 -1.689E-02  7.862E-02
 -1.6985000E+04  1.301E-01 -1.626E-02  8.902E-02
 -1.6983000E+04  1.185E-01 -1.581E-02  8.955E-02
 -1.6981000E+04  1.231E-01 -1.630E-02  9.199E-02
 -1.6979000E+04  1.466E-01 -1.607E-02  7.311E-02
 -1.6977000E+04  1.386E-01 -1.562E-02  7.116E-02
 -1.6975000E+04  1.211E-01 -1.425E-02  6.062E-02
 -1.6973000E+04  1.175E-01 -1.681E-02  9.687E-02
 -1.6971000E+04  1.367E-01 -1.483E-02  6.565E-02
 -1.6969000E+04  1.097E-01 -1.393E-02  7.090E-02
 -1.6967000E+04  1.148E-01 -1.665E-02  9.430E-02
 -1.6965000E+04  1.132E-01 -1.409E-02  7.235E-02
 -1.6963000E+04  1.225E-01 -1.460E-02  6.881E-02
 -1.6961000E+04  1.296E-01 -1.388E-02  6.190E-02
 -1.6959000E+04  1.340E-01 -1.600E-02  7.846E-02
 -1.6957000E+04  1.269E-01 -1.554E-02  7.747E-02
 -1.6955000E+04  1.234E-01 -1.442E-02  6.403E-02
 -1.6953000E+04  1.321E-01 -1.526E-02  6.815E-02
 -1.6951000E+04  1.143E-01 -1.401E-02  7.337E-02
 -1.6949000E+04  9.282E-02 -1.223E-02  7.358E-02
 -1.6947000E+04  1.033E-01 -1.436E-02  7.727E-02
 -1.6945000E+04  9.611E-02 -1.625E-02  9.102E-02
 -1.6943000E+04  1.250E-01 -1.356E-02  6.372E-02
 -1.6941000E+04  9.505E-02 -1.499E-02  8.392E-02
 -1.6939000E+04  9.900E-02 -1.727E-02  1.082E-01
 -1.6937000E+04  1.168E-01 -1.446E-02  6.918E-02
 -1.6935000E+04  1.294E-01 -1.381E-02  5.518E-02
 -1.6933000E+04  1.299E-01 -1.266E-02  5.230E-02
 -1.6931000E+04  1.080E-01 -1.234E-02  4.900E-02
