 -6.8025000E+04 -0.000E+00 -0.000E+00  0.000E+00
 -6.8023000E+04 -0.000E+00 -0.000E+00  0.000E+00
 -6.8021000E+04 -0.000E+00 -0.000E+00  0.000E+00
 -6.8019000E+04 -0.000E+00 -0.000E+00  0.000E+00
 -6.8017000E+04 -0.000E+00 -0.000E+00  0.000E+00
 -6.8015000E+04 -0.000E+00 -0.000E+00  0.000E+00
 -6.8013000E+04 -4.231E-06  2.850E-07  4.145E-07
 -6.8011000E+04  6.514E-05 -1.075E-05  5.555E-05
 -6.8009000E+04 -2.579E-04  4.004E-05 -2.052E-04
 -6.8007000E+04 -1.024E-02  1.669E-03 -9.209E-03
 -6.8005000E+04 -6.243E-02  9.022E-03 -4.427E-02
 -6.8003000E+04 -6.356E-01  8.493E-02 -3.779E-01
 -6.8001000E+04 -2.687E+00  3.739E-01 -1.754E+00
 -6.7999000E+04 -7.093E+00  9.604E-01 -4.350E+00
 -6.7997000E+04 -1.154E+01  1.570E+00 -7.160E+00
 -6.7995000E+04 -1.324E+01  1.791E+00 -8.108E+00
 -6.7993000E+04 -1.191E+01  1.606E+00 -7.251E+00
 -6.7991000E+04 -8.477E+00  1.124E+00 -4.963E+00
 -6.7989000E+04 -5.230E+00  7.043E-01 -3.179E+00
 -6.7987000E+04 -2.963E+00  4.011E-01 -1.828E+00
 -6.7985000E+04 -1.622E+00  2.093E-01 -9.006E-01
 -6.7983000E+04 -8.165E-01  1.059E-01 -4.652E-01
 -6.7981000E+04 -2.578E-01  3.478E-02 -1.690E-01
 -6.7979000E+04 -8.894E-02  2.191E-02 -1.611E-01
 -6.7977000E+04  2.678E-01 -2.446E-02  3.697E-02
 -6.7975000E+04  2.314E-01 -4.140E-02  2.302E-01
 -6.7973000E+04  3.278E-01 -3.336E-02  8.104E-02
 -6.7971000E+04  3.120E-01 -3.643E-02  1.285E-01
 -6.7969000E+04  4.418E-01 -5.850E-02  2.467E-01
 -6.7967000E+04  2.634E-01 -4.071E-02  1.991E-01
 -6.7965000E+04  3.686E-01 -4.571E-02  1.779E-01
 -6.7963000E+04  3.208E-01 -4.449E-02  2.030E-01
 -6.7961000E+04  3.775E-01 -4.812E-02  1.992E-01
 -6.7959000E+04  3.553E-01 -4.265E-02  1.555E-01
 -6.7957000E+04  4.014E-01 -5.433E-02  2.417E-01
 -6.7955000E+04  4.348E-01 -5.437E-02  2.130E-01
 -6.7953000E+04  4.448E-01 -5.937E-02  2.595E-01
 -6.7951000E+04  3.802E-01 -6.129E-02  3.282E-01
 -6.7949000E+04  4.811E-01 -6.514E-02  2.931E-01
 -6.7947000E+04  3.296E-01 -4.814E-02  2.310E-01
 -6.7945000E+04  3.493E-01 -4.371E-02  1.764E-01
 -6.7943000E+04  4.391E-01 -5.595E-02  2.322E-01
 -6.7941000E+04  4.366E-01 -6.287E-02  3.001E-01
 -6.7939000E+04  3.416E-01 -5.037E-02  2.490E-01
 -6.7937000E+04  4.129E-01 -5.122E-02  2.023E-01
 -6.7935000E+04  3.977E-01 -4.726E-02  1.730E-01
 -6.7933000E+04  4.073E-01 -5.531E-02  2.463E-01
 -6.7931000E+04  2.965E-01 -4.869E-02  2.678E-01
 -6.7929000E+04  3.626E-01 -5.081E-02  2.309E-01
 -6.7927000E+04  4.532E-01 -5.782E-02  2.456E-01
 -6.7925000E+04  3.260E-01 -4.465E-02  1.991E-01
 -6.7923000E+04  4.044E-01 -5.547E-02  2.491E-01
 -6.7921000E+04  4.238E-01 -5.462E-02  2.301E-01
 -6.7919000E+04  3.893E-01 -5.484E-02  2.541E-01
 -6.7917000E+04  3.955E-01 -5.179E-02  2.203E-01
 -6.7915000E+04  3.521E-01 -5.043E-02  2.407E-01
 -6.7913000E+04  3.395E-01 -4.207E-02  1.682E-01
 -6.7911000E+04  3.341E-01 -4.556E-02  2.048E-01
 -6.7909000E+04  3.623E-01 -4.712E-02  1.992E-01
 -6.7907000E+04  3.974E-01 -5.171E-02  2.238E-01
 -6.7905000E+04  2.589E-01 -3.625E-02  1.661E-01
 -6.7903000E+04  3.112E-01 -4.599E-02  2.298E-01
 -6.7901000E+04  3.799E-01 -4.893E-02  2.044E-01
 -6.7899000E+04  3.404E-01 -4.986E-02  2.445E-01
 -6.7897000E+04  2.587E-01 -4.196E-02  2.235E-01
 -6.7895000E+04  2.954E-01 -4.054E-02  1.898E-01
 -6.7893000E+04  3.998E-01 -4.428E-02  1.466E-01
 -6.7891000E+04  2.995E-01 -3.827E-02  1.585E-01
 -6.7889000E+04  2.914E-01 -4.342E-02  2.169E-01
 -6.7887000E+04  3.224E-01 -4.595E-02  2.178E-01
 -6.7885000E+04  3.143E-01 -4.468E-02  2.142E-01
 -6.7883000E+04  3.433E-01 -4.218E-02  1.650E-01
 -6.7881000E+04  2.731E-01 -3.859E-02  1.831E-01
 -6.7879000E+04  2.596E-01 -3.803E-02  1.849E-01
 -6.7877000E+04  2.912E-01 -3.988E-02  1.822E-01
 -6.7875000E+04  2.645E-01 -3.421E-02  1.443E-01
 -6.7873000E+04  2.981E-01 -3.605E-02  1.417E-01
 -6.7871000E+04  3.424E-01 -4.764E-02  2.191E-01
 -6.7869000E+04  2.927E-01 -3.940E-02  1.720E-01
 -6.7867000E+04  3.442E-01 -4.667E-02  2.078E-01
 -6.7865000E+04  2.446E-01 -3.462E-02  1.672E-01
 -6.7863000E+04  3.037E-01 -3.355E-02  1.044E-01
 -6.7861000E+04  2.599E-01 -3.238E-02  1.348E-01
 -6.7859000E+04  2.807E-01 -3.605E-02  1.526E-01
 -6.7857000E+04  2.659E-01 -3.919E-02  1.943E-01
 -6.7855000E+04  2.658E-01 -3.507E-02  1.551E-01
 -6.7853000E+04  2.494E-01 -3.942E-02  2.060E-01
 -6.7851000E+04  2.242E-01 -3.338E-02  1.655E-01
 -6.7849000E+04  2.914E-01 -3.800E-02  1.653E-01
 -6.7847000E+04  2.451E-01 -3.398E-02  1.621E-01
 -6.7845000E+04  2.888E-01 -3.799E-02  1.609E-01
 -6.7843000E+04  2.344E-01 -3.241E-02  1.473E-01
 -6.7841000E+04  2.429E-01 -3.092E-02  1.343E-01
 -6.7839000E+04  3.146E-01 -3.770E-02  1.396E-01
 -6.7837000E+04  2.057E-01 -2.824E-02  1.251E-01
 -6.7835000E+04  2.327E-01 -3.372E-02  1.636E-01
 -6.7833000E+04  2.116E-01 -3.084E-02  1.494E-01
 -6.7831000E+04  2.866E-01 -3.582E-02  1.380E-01
 -6.7829000E+04  2.401E-01 -3.517E-02  1.688E-01
 -6.7827000E+04  2.929E-01 -3.751E-02  1.639E-01
 -6.7825000E+04  2.708E-01 -3.618E-02  1.637E-01
 -6.7823000E+04  1.905E-01 -2.732E-02  1.195E-01
 -6.7821000E+04  2.588E-01 -3.124E-02  1.351E-01
 -6.7819000E+04  2.267E-01 -3.078E-02  1.403E-01
 -6.7817000E+04  2.171E-01 -3.305E-02  1.655E-01
 -6.7815000E+04  2.208E-01 -3.186E-02  1.480E-01
 -6.7813000E+04  2.343E-01 -3.204E-02  1.420E-01
 -6.7811000E+04  2.263E-01 -2.956E-02  1.279E-01
 -6.7809000E+04  2.282E-01 -3.085E-02  1.373E-01
 -6.7807000E+04  2.467E-01 -3.065E-02  1.285E-01
 -6.7805000E+04  2.654E-01 -3.024E-02  1.174E-01
 -6.7803000E+04  2.146E-01 -2.761E-02  1.181E-01
 -6.7801000E+04  2.582E-01 -4.191E-02  2.140E-01
 -6.7799000E+04  1.652E-01 -2.862E-02  1.654E-01
 -6.7797000E+04  2.051E-01 -2.603E-02  1.126E-01
 -6.7795000E+04  2.130E-01 -2.536E-02  9.187E-02
 -6.7793000E+04  1.978E-01 -2.790E-02  1.373E-01
 -6.7791000E+04  2.047E-01 -2.465E-02  9.839E-02
 -6.7789000E+04  2.129E-01 -2.956E-02  1.345E-01
 -6.7787000E+04  1.949E-01 -2.785E-02  1.381E-01
 -6.7785000E+04  2.000E-01 -2.495E-02  1.009E-01
 -6.7783000E+04  1.954E-01 -2.936E-02  1.460E-01
 -6.7781000E+04  2.299E-01 -3.194E-02  1.509E-01
 -6.7779000E+04  2.475E-01 -3.218E-02  1.420E-01
 -6.7777000E+04  1.937E-01 -2.389E-02  9.518E-02
 -6.7775000E+04  2.030E-01 -2.740E-02  1.232E-01
 -6.7773000E+04  1.601E-01 -2.447E-02  1.288E-01
 -6.7771000E+04  1.608E-01 -2.379E-02  1.123E-01
 -6.7769000E+04  2.076E-01 -2.519E-02  9.566E-02
 -6.7767000E+04  1.993E-01 -2.712E-02  1.217E-01
 -6.7765000E+04  1.861E-01 -2.571E-02  1.198E-01
 -6.7763000E+04  1.942E-01 -2.990E-02  1.461E-01
 -6.7761000E+04  1.858E-01 -2.648E-02  1.244E-01
 -6.7759000E+04  1.785E-01 -2.144E-02  8.912E-02
 -6.7757000E+04  1.527E-01 -2.369E-02  1.139E-01
 -6.7755000E+04  1.802E-01 -2.134E-02  8.657E-02
 -6.7753000E+04  2.055E-01 -2.694E-02  1.227E-01
 -6.7751000E+04  1.613E-01 -2.468E-02  1.312E-01
 -6.7749000E+04  1.445E-01 -1.864E-02  8.645E-02
 -6.7747000E+04  1.927E-01 -2.142E-02  7.664E-02
 -6.7745000E+04  1.786E-01 -2.233E-02  9.219E-02
 -6.7743000E+04  1.665E-01 -2.372E-02  1.060E-01
 -6.7741000E+04  1.852E-01 -2.538E-02  1.228E-01
 -6.7739000E+04  1.586E-01 -2.443E-02  1.210E-01
 -6.7737000E+04  1.908E-01 -2.490E-02  1.103E-01
 -6.7735000E+04  1.362E-01 -1.844E-02  8.294E-02
 -6.7733000E+04  1.923E-01 -2.250E-02  8.685E-02
 -6.7731000E+04  1.824E-01 -2.721E-02  1.381E-01
 -6.7729000E+04  1.520E-01 -2.172E-02  1.068E-01
 -6.7727000E+04  1.590E-01 -2.280E-02  1.152E-01
 -6.7725000E+04  1.629E-01 -2.311E-02  1.060E-01
 -6.7723000E+04  1.493E-01 -2.291E-02  1.158E-01
 -6.7721000E+04  1.716E-01 -2.429E-02  1.111E-01
 -6.7719000E+04  1.714E-01 -2.121E-02  8.702E-02
 -6.7717000E+04  1.416E-01 -2.171E-02  1.093E-01
 -6.7715000E+04  1.723E-01 -2.359E-02  1.161E-01
 -6.7713000E+04  1.650E-01 -2.295E-02  1.092E-01
 -6.7711000E+04  1.382E-01 -1.530E-02  5.662E-02
 -6.7709000E+04  1.335E-01 -1.635E-02  6.167E-02
 -6.7707000E+04  1.812E-01 -2.243E-02  1.036E-01
 -6.7705000E+04  1.466E-01 -2.118E-02  1.027E-01
 -6.7703000E+04  1.393E-01 -2.059E-02  1.015E-01
 -6.7701000E+04  1.483E-01 -2.012E-02  7.684E-02
 -6.7699000E+04  1.546E-01 -1.952E-02  8.007E-02
 -6.7697000E+04  1.361E-01 -1.699E-02  7.301E-02
 -6.7695000E+04  1.800E-01 -2.147E-02  8.015E-02
 -6.7693000E+04  1.742E-01 -2.168E-02  9.598E-02
 -6.7691000E+04  1.271E-01 -1.841E-02  9.641E-02
 -6.7689000E+04  1.686E-01 -2.492E-02  1.165E-01
 -6.7687000E+04  1.761E-01 -2.055E-02  8.132E-02
 -6.7685000E+04  1.357E-01 -1.771E-02  8.522E-02
 -6.7683000E+04  1.353E-01 -1.870E-02  8.789E-02
 -6.7681000E+04  1.112E-01 -1.552E-02  6.633E-02
 -6.7679000E+04  1.195E-01 -1.901E-02  8.869E-02
 -6.7677000E+04  1.451E-01 -1.817E-02  8.178E-02
 -6.7675000E+04  1.434E-01 -1.733E-02  6.970E-02
 -6.7673000E+04  1.002E-01 -1.824E-02  1.089E-01
 -6.7671000E+04  1.055E-01 -1.326E-02  5.330E-02
 -6.7669000E+04  1.563E-01 -1.889E-02  7.266E-02
 -6.7667000E+04  1.308E-01 -1.945E-02  9.611E-02
 -6.7665000E+04  1.279E-01 -1.685E-02  7.223E-02
 -6.7663000E+04  1.237E-01 -1.865E-02  9.696E-02
 -6.7661000E+04  1.536E-01 -2.117E-02  9.659E-02
 -6.7659000E+04  1.191E-01 -1.762E-02  8.865E-02
 -6.7657000E+04  9.362E-02 -1.354E-02  6.581E-02
 -6.7655000E+04  1.523E-01 -1.860E-02  7.732E-02
 -6.7653000E+04  1.288E-01 -1.807E-02  8.503E-02
 -6.7651000E+04  1.274E-01 -1.583E-02  6.584E-02
 -6.7649000E+04  1.072E-01 -1.567E-02  7.817E-02
 -6.7647000E+04  1.181E-01 -1.650E-02  7.541E-02
