 -7.8853000E+04 -1.214E-04  7.172E-05 -9.390E-04
 -7.8851000E+04  4.109E-04 -1.359E-05 -2.351E-04
 -7.8849000E+04  1.216E-04 -8.578E-05  8.324E-04
 -7.8847000E+04  3.355E-06 -4.036E-05  3.864E-04
 -7.8845000E+04  1.716E-04 -4.050E-05  1.435E-04
 -7.8843000E+04 -9.333E-05  2.781E-05 -1.064E-04
 -7.8841000E+04  1.418E-04  6.017E-06 -1.941E-04
 -7.8839000E+04  4.861E-04 -7.892E-05  2.776E-04
 -7.8837000E+04 -7.307E-04  5.533E-04 -4.624E-03
 -7.8835000E+04 -3.765E-03  2.447E-04  1.403E-04
 -7.8833000E+04 -9.353E-02  1.127E-02 -3.367E-02
 -7.8831000E+04 -7.037E-01  9.457E-02 -3.502E-01
 -7.8829000E+04 -2.895E+00  4.059E-01 -1.602E+00
 -7.8827000E+04 -6.789E+00  9.566E-01 -3.764E+00
 -7.8825000E+04 -1.087E+01  1.580E+00 -6.428E+00
 -7.8823000E+04 -1.272E+01  1.881E+00 -7.763E+00
 -7.8821000E+04 -1.150E+01  1.743E+00 -7.347E+00
 -7.8819000E+04 -8.536E+00  1.327E+00 -5.727E+00
 -7.8817000E+04 -5.685E+00  8.499E-01 -3.429E+00
 -7.8815000E+04 -3.408E+00  5.474E-01 -2.402E+00
 -7.8813000E+04 -2.217E+00  3.368E-01 -1.358E+00
 -7.8811000E+04 -1.012E+00  1.700E-01 -7.656E-01
 -7.8809000E+04 -4.526E-01  8.812E-02 -4.507E-01
 -7.8807000E+04 -2.487E-01  4.002E-02 -1.602E-01
 -7.8805000E+04 -3.996E-02  1.366E-02 -8.433E-02
 -7.8803000E+04  1.083E-01 -1.575E-02  7.402E-02
 -7.8801000E+04  2.733E-01 -3.948E-02  1.606E-01
 -7.8799000E+04  2.796E-01 -4.583E-02  2.132E-01
 -7.8797000E+04  3.760E-01 -4.948E-02  1.688E-01
 -7.8795000E+04  4.303E-01 -5.200E-02  1.482E-01
 -7.8793000E+04  2.575E-01 -3.873E-02  1.544E-01
 -7.8791000E+04  3.520E-01 -5.562E-02  2.473E-01
 -7.8789000E+04  3.344E-01 -5.444E-02  2.531E-01
 -7.8787000E+04  4.632E-01 -5.811E-02  1.758E-01
 -7.8785000E+04  4.531E-01 -6.121E-02  2.073E-01
 -7.8783000E+04  4.598E-01 -6.387E-02  2.378E-01
 -7.8781000E+04  3.924E-01 -6.177E-02  2.668E-01
 -7.8779000E+04  3.691E-01 -6.758E-02  3.475E-01
 -7.8777000E+04  3.828E-01 -5.597E-02  2.211E-01
 -7.8775000E+04  4.615E-01 -6.981E-02  2.978E-01
 -7.8773000E+04  4.015E-01 -6.706E-02  3.126E-01
 -7.8771000E+04  3.193E-01 -5.234E-02  2.394E-01
 -7.8769000E+04  4.026E-01 -5.917E-02  2.391E-01
 -7.8767000E+04  4.551E-01 -6.656E-02  2.648E-01
 -7.8765000E+04  4.118E-01 -5.915E-02  2.284E-01
 -7.8763000E+04  3.678E-01 -5.655E-02  2.389E-01
 -7.8761000E+04  4.610E-01 -6.518E-02  2.460E-01
 -7.8759000E+04  3.753E-01 -5.536E-02  2.260E-01
 -7.8757000E+04  4.415E-01 -6.228E-02  2.381E-01
 -7.8755000E+04  3.630E-01 -5.526E-02  2.272E-01
 -7.8753000E+04  3.736E-01 -5.639E-02  2.299E-01
 -7.8751000E+04  3.614E-01 -5.326E-02  2.131E-01
 -7.8749000E+04  3.454E-01 -5.452E-02  2.374E-01
 -7.8747000E+04  2.885E-01 -4.636E-02  2.204E-01
 -7.8745000E+04  3.046E-01 -4.863E-02  2.167E-01
 -7.8743000E+04  3.229E-01 -4.395E-02  1.578E-01
 -7.8741000E+04  3.915E-01 -5.781E-02  2.293E-01
 -7.8739000E+04  3.224E-01 -5.478E-02  2.569E-01
 -7.8737000E+04  3.468E-01 -5.319E-02  2.253E-01
 -7.8735000E+04  3.565E-01 -4.440E-02  1.305E-01
 -7.8733000E+04  3.578E-01 -5.643E-02  2.501E-01
 -7.8731000E+04  3.186E-01 -5.122E-02  2.284E-01
 -7.8729000E+04  3.479E-01 -5.100E-02  2.036E-01
 -7.8727000E+04  3.208E-01 -4.704E-02  1.840E-01
 -7.8725000E+04  3.561E-01 -4.828E-02  1.725E-01
 -7.8723000E+04  3.758E-01 -5.609E-02  2.277E-01
 -7.8721000E+04  3.291E-01 -4.981E-02  2.096E-01
 -7.8719000E+04  3.188E-01 -5.361E-02  2.511E-01
 -7.8717000E+04  3.241E-01 -4.349E-02  1.522E-01
 -7.8715000E+04  2.911E-01 -4.221E-02  1.700E-01
 -7.8713000E+04  3.906E-01 -5.911E-02  2.409E-01
 -7.8711000E+04  3.392E-01 -5.242E-02  2.267E-01
 -7.8709000E+04  3.207E-01 -4.717E-02  1.877E-01
 -7.8707000E+04  3.146E-01 -4.593E-02  1.814E-01
 -7.8705000E+04  3.045E-01 -4.675E-02  1.864E-01
 -7.8703000E+04  2.710E-01 -3.657E-02  1.251E-01
 -7.8701000E+04  2.711E-01 -4.126E-02  1.791E-01
 -7.8699000E+04  2.741E-01 -4.666E-02  2.253E-01
 -7.8697000E+04  2.879E-01 -4.711E-02  2.091E-01
 -7.8695000E+04  2.515E-01 -4.134E-02  1.891E-01
 -7.8693000E+04  2.931E-01 -4.201E-02  1.691E-01
 -7.8691000E+04  2.868E-01 -4.210E-02  1.736E-01
 -7.8689000E+04  3.107E-01 -4.187E-02  1.500E-01
 -7.8687000E+04  2.917E-01 -4.696E-02  2.088E-01
 -7.8685000E+04  3.121E-01 -4.551E-02  1.728E-01
 -7.8683000E+04  3.048E-01 -4.042E-02  1.349E-01
 -7.8681000E+04  2.690E-01 -4.289E-02  1.811E-01
 -7.8679000E+04  2.676E-01 -3.800E-02  1.534E-01
 -7.8677000E+04  2.869E-01 -4.169E-02  1.673E-01
 -7.8675000E+04  2.556E-01 -4.029E-02  1.878E-01
 -7.8673000E+04  2.309E-01 -3.821E-02  1.810E-01
 -7.8671000E+04  2.812E-01 -4.371E-02  1.856E-01
 -7.8669000E+04  3.024E-01 -4.303E-02  1.587E-01
 -7.8667000E+04  2.208E-01 -3.524E-02  1.534E-01
 -7.8665000E+04  2.850E-01 -4.032E-02  1.516E-01
 -7.8663000E+04  2.374E-01 -3.947E-02  1.777E-01
 -7.8661000E+04  2.550E-01 -4.011E-02  1.818E-01
 -7.8659000E+04  2.520E-01 -3.880E-02  1.696E-01
 -7.8657000E+04  2.752E-01 -3.780E-02  1.395E-01
 -7.8655000E+04  2.627E-01 -3.151E-02  9.216E-02
 -7.8653000E+04  2.134E-01 -3.123E-02  1.242E-01
 -7.8651000E+04  2.422E-01 -3.309E-02  1.184E-01
 -7.8649000E+04  2.485E-01 -3.772E-02  1.620E-01
 -7.8647000E+04  1.957E-01 -2.803E-02  1.113E-01
 -7.8645000E+04  2.576E-01 -3.849E-02  1.553E-01
 -7.8643000E+04  2.164E-01 -3.239E-02  1.345E-01
 -7.8641000E+04  2.166E-01 -3.303E-02  1.484E-01
 -7.8639000E+04  2.122E-01 -3.336E-02  1.366E-01
 -7.8637000E+04  2.589E-01 -3.717E-02  1.530E-01
 -7.8635000E+04  1.853E-01 -2.973E-02  1.352E-01
 -7.8633000E+04  1.963E-01 -2.721E-02  1.005E-01
 -7.8631000E+04  2.414E-01 -3.768E-02  1.583E-01
 -7.8629000E+04  2.516E-01 -3.225E-02  1.064E-01
 -7.8627000E+04  2.047E-01 -3.412E-02  1.601E-01
 -7.8625000E+04  1.918E-01 -3.609E-02  1.852E-01
 -7.8623000E+04  2.181E-01 -3.116E-02  1.263E-01
 -7.8621000E+04  2.290E-01 -3.680E-02  1.611E-01
 -7.8619000E+04  2.288E-01 -3.320E-02  1.283E-01
 -7.8617000E+04  2.003E-01 -2.840E-02  1.116E-01
 -7.8615000E+04  2.167E-01 -2.819E-02  1.054E-01
 -7.8613000E+04  2.719E-01 -3.722E-02  1.231E-01
 -7.8611000E+04  2.359E-01 -3.687E-02  1.471E-01
 -7.8609000E+04  2.370E-01 -3.380E-02  1.355E-01
 -7.8607000E+04  1.868E-01 -3.131E-02  1.436E-01
 -7.8605000E+04  1.919E-01 -3.255E-02  1.519E-01
 -7.8603000E+04  1.626E-01 -2.578E-02  1.202E-01
 -7.8601000E+04  2.001E-01 -3.050E-02  1.325E-01
 -7.8599000E+04  1.952E-01 -2.708E-02  1.105E-01
 -7.8597000E+04  2.296E-01 -3.046E-02  1.018E-01
 -7.8595000E+04  2.069E-01 -3.123E-02  1.290E-01
 -7.8593000E+04  1.317E-01 -2.252E-02  1.122E-01
 -7.8591000E+04  2.109E-01 -2.706E-02  8.826E-02
 -7.8589000E+04  1.824E-01 -3.023E-02  1.405E-01
 -7.8587000E+04  1.850E-01 -3.230E-02  1.459E-01
 -7.8585000E+04  1.610E-01 -2.593E-02  1.111E-01
 -7.8583000E+04  1.913E-01 -2.927E-02  1.317E-01
 -7.8581000E+04  1.949E-01 -2.552E-02  9.159E-02
 -7.8579000E+04  1.766E-01 -2.482E-02  8.927E-02
 -7.8577000E+04  2.019E-01 -3.097E-02  1.342E-01
 -7.8575000E+04  1.642E-01 -2.704E-02  1.273E-01
 -7.8573000E+04  2.033E-01 -3.336E-02  1.500E-01
 -7.8571000E+04  1.823E-01 -2.420E-02  8.235E-02
 -7.8569000E+04  1.816E-01 -2.489E-02  9.787E-02
 -7.8567000E+04  1.727E-01 -2.736E-02  1.192E-01
 -7.8565000E+04  1.830E-01 -2.963E-02  1.368E-01
 -7.8563000E+04  2.046E-01 -2.977E-02  1.122E-01
 -7.8561000E+04  1.604E-01 -2.595E-02  1.206E-01
 -7.8559000E+04  1.302E-01 -2.058E-02  9.681E-02
 -7.8557000E+04  1.871E-01 -2.619E-02  9.420E-02
 -7.8555000E+04  1.465E-01 -2.034E-02  7.408E-02
 -7.8553000E+04  1.512E-01 -2.196E-02  7.791E-02
 -7.8551000E+04  1.259E-01 -2.123E-02  9.900E-02
 -7.8549000E+04  1.550E-01 -2.361E-02  1.029E-01
 -7.8547000E+04  1.618E-01 -2.407E-02  9.970E-02
 -7.8545000E+04  1.478E-01 -1.870E-02  5.518E-02
 -7.8543000E+04  1.970E-01 -3.004E-02  1.238E-01
 -7.8541000E+04  1.691E-01 -2.639E-02  1.136E-01
 -7.8539000E+04  1.889E-01 -2.636E-02  1.001E-01
 -7.8537000E+04  1.242E-01 -2.034E-02  9.594E-02
 -7.8535000E+04  1.665E-01 -2.221E-02  8.198E-02
 -7.8533000E+04  1.656E-01 -2.651E-02  1.173E-01
 -7.8531000E+04  1.591E-01 -2.738E-02  1.249E-01
 -7.8529000E+04  1.519E-01 -2.474E-02  1.083E-01
 -7.8527000E+04  1.215E-01 -2.041E-02  1.006E-01
 -7.8525000E+04  1.429E-01 -2.236E-02  1.041E-01
 -7.8523000E+04  1.588E-01 -2.291E-02  8.746E-02
 -7.8521000E+04  1.687E-01 -2.374E-02  8.378E-02
 -7.8519000E+04  1.676E-01 -2.311E-02  8.671E-02
 -7.8517000E+04  1.589E-01 -2.348E-02  8.429E-02
 -7.8515000E+04  1.373E-01 -2.119E-02  9.494E-02
 -7.8513000E+04  1.247E-01 -2.114E-02  1.104E-01
 -7.8511000E+04  1.306E-01 -1.797E-02  7.042E-02
 -7.8509000E+04  1.300E-01 -1.741E-02  5.877E-02
 -7.8507000E+04  1.296E-01 -1.691E-02  5.533E-02
 -7.8505000E+04  1.229E-01 -2.088E-02  1.035E-01
 -7.8503000E+04  1.480E-01 -1.969E-02  6.904E-02
 -7.8501000E+04  1.377E-01 -2.532E-02  1.176E-01
 -7.8499000E+04  1.242E-01 -2.475E-02  1.306E-01
 -7.8497000E+04  1.351E-01 -2.316E-02  1.028E-01
 -7.8495000E+04  1.309E-01 -1.832E-02  7.682E-02
 -7.8493000E+04  1.447E-01 -1.813E-02  6.003E-02
 -7.8491000E+04  1.588E-01 -1.994E-02  6.318E-02
 -7.8489000E+04  1.334E-01 -2.162E-02  1.079E-01
 -7.8487000E+04  1.251E-01 -2.228E-02  9.945E-02
 -7.8485000E+04  1.428E-01 -1.808E-02  6.957E-02
 -7.8483000E+04  1.362E-01 -1.700E-02  5.932E-02
 -7.8481000E+04  1.414E-01 -1.814E-02  5.547E-02
 -7.8479000E+04  1.212E-01 -2.057E-02  9.793E-02
 -7.8477000E+04  1.178E-01 -1.757E-02  7.775E-02
 -7.8475000E+04  1.254E-01 -2.063E-02  8.949E-02
