 -5.0703000E+04 -2.294E-05  1.861E-06  1.648E-06
 -5.0701000E+04 -2.012E-04  1.193E-05  4.673E-05
 -5.0699000E+04 -1.769E-04  1.147E-05  1.399E-05
 -5.0697000E+04  2.692E-06 -2.126E-05  1.837E-04
 -5.0695000E+04 -7.607E-04  7.937E-05 -1.939E-04
 -5.0693000E+04  4.403E-04 -1.381E-06 -4.244E-04
 -5.0691000E+04 -8.267E-05 -3.379E-05  3.629E-04
 -5.0689000E+04 -3.448E-04 -1.173E-05  3.789E-04
 -5.0687000E+04 -1.420E-04  3.234E-05 -4.043E-04
 -5.0685000E+04 -5.205E-04  9.421E-05 -6.340E-04
 -5.0683000E+04  2.164E-04  1.303E-04 -1.483E-03
 -5.0681000E+04 -3.129E-04  4.146E-05  2.544E-04
 -5.0679000E+04 -4.202E-04  4.215E-06  1.047E-04
 -5.0677000E+04 -3.482E-03  4.042E-04 -3.881E-04
 -5.0675000E+04 -1.242E-03  1.076E-04 -4.403E-04
 -5.0673000E+04 -8.426E-03  2.210E-03 -1.464E-02
 -5.0671000E+04 -1.970E-02  2.348E-03 -4.632E-03
 -5.0669000E+04 -7.546E-02  1.136E-02 -4.691E-02
 -5.0667000E+04 -3.573E-01  5.593E-02 -2.410E-01
 -5.0665000E+04 -1.032E+00  1.627E-01 -6.995E-01
 -5.0663000E+04 -2.572E+00  3.926E-01 -1.581E+00
 -5.0661000E+04 -4.306E+00  6.727E-01 -2.776E+00
 -5.0659000E+04 -6.513E+00  1.011E+00 -4.066E+00
 -5.0657000E+04 -8.179E+00  1.285E+00 -5.207E+00
 -5.0655000E+04 -8.596E+00  1.356E+00 -5.445E+00
 -5.0653000E+04 -7.990E+00  1.268E+00 -5.084E+00
 -5.0651000E+04 -6.554E+00  1.067E+00 -4.397E+00
 -5.0649000E+04 -5.026E+00  7.998E-01 -3.132E+00
 -5.0647000E+04 -3.492E+00  5.672E-01 -2.252E+00
 -5.0645000E+04 -2.649E+00  4.217E-01 -1.606E+00
 -5.0643000E+04 -1.749E+00  2.962E-01 -1.225E+00
 -5.0641000E+04 -8.360E-01  1.483E-01 -6.320E-01
 -5.0639000E+04 -5.828E-01  1.023E-01 -4.195E-01
 -5.0637000E+04 -2.991E-01  4.925E-02 -1.766E-01
 -5.0635000E+04 -1.899E-01  2.884E-02 -8.007E-02
 -5.0633000E+04  4.849E-02  3.892E-03 -7.178E-02
 -5.0631000E+04 -3.705E-02 -8.214E-04  7.177E-02
 -5.0629000E+04  1.918E-01 -4.313E-02  2.663E-01
 -5.0627000E+04  1.939E-01 -2.733E-02  9.573E-02
 -5.0625000E+04  3.662E-01 -4.431E-02  8.953E-02
 -5.0623000E+04  2.828E-01 -5.207E-02  2.558E-01
 -5.0621000E+04  4.173E-01 -5.981E-02  1.999E-01
 -5.0619000E+04  3.143E-01 -4.209E-02  1.236E-01
 -5.0617000E+04  4.200E-01 -6.071E-02  2.054E-01
 -5.0615000E+04  3.533E-01 -5.699E-02  2.312E-01
 -5.0613000E+04  4.011E-01 -6.886E-02  3.040E-01
 -5.0611000E+04  3.394E-01 -5.616E-02  2.433E-01
 -5.0609000E+04  3.467E-01 -6.420E-02  3.174E-01
 -5.0607000E+04  3.277E-01 -5.548E-02  2.364E-01
 -5.0605000E+04  3.555E-01 -6.273E-02  2.917E-01
 -5.0603000E+04  3.376E-01 -5.469E-02  2.250E-01
 -5.0601000E+04  3.362E-01 -5.757E-02  2.684E-01
 -5.0599000E+04  4.292E-01 -6.546E-02  2.463E-01
 -5.0597000E+04  3.397E-01 -5.539E-02  2.291E-01
 -5.0595000E+04  3.745E-01 -5.316E-02  1.694E-01
 -5.0593000E+04  3.155E-01 -5.078E-02  2.123E-01
 -5.0591000E+04  3.296E-01 -5.562E-02  2.487E-01
 -5.0589000E+04  2.870E-01 -4.797E-02  1.994E-01
 -5.0587000E+04  3.678E-01 -5.642E-02  2.115E-01
 -5.0585000E+04  4.488E-01 -6.634E-02  2.309E-01
 -5.0583000E+04  3.221E-01 -5.649E-02  2.549E-01
 -5.0581000E+04  3.431E-01 -4.723E-02  1.407E-01
 -5.0579000E+04  3.556E-01 -5.211E-02  1.776E-01
 -5.0577000E+04  3.537E-01 -5.689E-02  2.333E-01
 -5.0575000E+04  2.864E-01 -5.283E-02  2.609E-01
 -5.0573000E+04  2.926E-01 -4.493E-02  1.715E-01
 -5.0571000E+04  3.458E-01 -6.109E-02  2.806E-01
 -5.0569000E+04  3.577E-01 -5.215E-02  1.679E-01
 -5.0567000E+04  3.413E-01 -5.366E-02  2.014E-01
 -5.0565000E+04  3.159E-01 -5.078E-02  2.123E-01
 -5.0563000E+04  2.059E-01 -3.677E-02  1.782E-01
 -5.0561000E+04  2.451E-01 -3.865E-02  1.574E-01
 -5.0559000E+04  2.585E-01 -4.069E-02  1.587E-01
 -5.0557000E+04  2.631E-01 -4.359E-02  1.868E-01
 -5.0555000E+04  2.942E-01 -4.722E-02  1.913E-01
 -5.0553000E+04  3.132E-01 -5.337E-02  2.281E-01
 -5.0551000E+04  3.015E-01 -4.946E-02  1.944E-01
 -5.0549000E+04  3.054E-01 -5.169E-02  2.315E-01
 -5.0547000E+04  3.367E-01 -5.599E-02  2.386E-01
 -5.0545000E+04  3.091E-01 -4.466E-02  1.507E-01
 -5.0543000E+04  3.752E-01 -5.496E-02  1.892E-01
 -5.0541000E+04  2.874E-01 -4.577E-02  1.854E-01
 -5.0539000E+04  2.775E-01 -4.366E-02  1.658E-01
 -5.0537000E+04  2.680E-01 -4.334E-02  1.757E-01
 -5.0535000E+04  2.947E-01 -4.526E-02  1.654E-01
 -5.0533000E+04  2.829E-01 -4.531E-02  1.835E-01
 -5.0531000E+04  2.865E-01 -4.297E-02  1.581E-01
 -5.0529000E+04  2.385E-01 -4.223E-02  1.949E-01
 -5.0527000E+04  2.872E-01 -4.755E-02  2.044E-01
 -5.0525000E+04  2.881E-01 -4.609E-02  1.854E-01
 -5.0523000E+04  3.070E-01 -4.677E-02  1.754E-01
 -5.0521000E+04  2.511E-01 -3.847E-02  1.464E-01
 -5.0519000E+04  2.106E-01 -3.657E-02  1.696E-01
 -5.0517000E+04  2.466E-01 -4.556E-02  2.178E-01
 -5.0515000E+04  2.713E-01 -3.870E-02  1.154E-01
 -5.0513000E+04  2.670E-01 -4.042E-02  1.537E-01
 -5.0511000E+04  2.616E-01 -4.319E-02  1.883E-01
 -5.0509000E+04  2.623E-01 -4.270E-02  1.735E-01
 -5.0507000E+04  2.604E-01 -3.915E-02  1.437E-01
 -5.0505000E+04  2.464E-01 -3.983E-02  1.568E-01
 -5.0503000E+04  2.277E-01 -3.897E-02  1.747E-01
 -5.0501000E+04  2.116E-01 -3.367E-02  1.363E-01
 -5.0499000E+04  2.665E-01 -4.191E-02  1.673E-01
 -5.0497000E+04  2.215E-01 -3.303E-02  1.167E-01
 -5.0495000E+04  2.442E-01 -3.920E-02  1.593E-01
 -5.0493000E+04  2.024E-01 -2.942E-02  1.152E-01
 -5.0491000E+04  2.157E-01 -3.337E-02  1.345E-01
 -5.0489000E+04  2.014E-01 -3.718E-02  1.739E-01
 -5.0487000E+04  2.583E-01 -4.250E-02  1.743E-01
 -5.0485000E+04  2.228E-01 -3.318E-02  1.328E-01
 -5.0483000E+04  2.510E-01 -4.040E-02  1.490E-01
 -5.0481000E+04  1.968E-01 -3.170E-02  1.326E-01
 -5.0479000E+04  2.045E-01 -2.913E-02  9.305E-02
 -5.0477000E+04  1.986E-01 -3.341E-02  1.518E-01
 -5.0475000E+04  2.433E-01 -3.274E-02  9.659E-02
 -5.0473000E+04  1.896E-01 -2.871E-02  1.088E-01
 -5.0471000E+04  2.216E-01 -3.128E-02  9.564E-02
 -5.0469000E+04  2.348E-01 -3.991E-02  1.715E-01
 -5.0467000E+04  2.074E-01 -3.406E-02  1.336E-01
 -5.0465000E+04  1.879E-01 -3.065E-02  1.310E-01
 -5.0463000E+04  2.461E-01 -4.152E-02  1.693E-01
 -5.0461000E+04  1.804E-01 -3.220E-02  1.504E-01
 -5.0459000E+04  1.855E-01 -2.833E-02  9.328E-02
 -5.0457000E+04  1.735E-01 -2.760E-02  1.117E-01
 -5.0455000E+04  2.258E-01 -3.387E-02  1.293E-01
 -5.0453000E+04  1.854E-01 -3.357E-02  1.637E-01
 -5.0451000E+04  1.970E-01 -2.956E-02  1.137E-01
 -5.0449000E+04  1.743E-01 -2.765E-02  1.120E-01
 -5.0447000E+04  2.002E-01 -3.348E-02  1.384E-01
 -5.0445000E+04  2.068E-01 -3.148E-02  1.172E-01
 -5.0443000E+04  1.820E-01 -2.928E-02  1.170E-01
 -5.0441000E+04  2.024E-01 -3.133E-02  1.143E-01
 -5.0439000E+04  1.883E-01 -3.274E-02  1.393E-01
 -5.0437000E+04  2.263E-01 -3.363E-02  1.072E-01
 -5.0435000E+04  1.898E-01 -3.093E-02  1.284E-01
 -5.0433000E+04  2.192E-01 -3.271E-02  1.163E-01
 -5.0431000E+04  1.650E-01 -2.345E-02  9.482E-02
 -5.0429000E+04  1.871E-01 -3.153E-02  1.403E-01
 -5.0427000E+04  1.875E-01 -3.427E-02  1.204E-01
 -5.0425000E+04  2.034E-01 -3.105E-02  1.283E-01
 -5.0423000E+04  1.650E-01 -2.414E-02  8.208E-02
 -5.0421000E+04  1.561E-01 -2.716E-02  1.206E-01
 -5.0419000E+04  1.592E-01 -2.834E-02  1.280E-01
 -5.0417000E+04  1.669E-01 -2.928E-02  1.363E-01
 -5.0415000E+04  1.927E-01 -3.363E-02  1.490E-01
 -5.0413000E+04  1.781E-01 -2.939E-02  1.263E-01
 -5.0411000E+04  1.765E-01 -2.325E-02  7.989E-02
 -5.0409000E+04  1.088E-01 -2.225E-02  1.112E-01
 -5.0407000E+04  1.700E-01 -2.690E-02  1.109E-01
 -5.0405000E+04  1.574E-01 -2.418E-02  9.948E-02
 -5.0403000E+04  1.860E-01 -2.881E-02  1.137E-01
 -5.0401000E+04  1.691E-01 -2.608E-02  9.825E-02
 -5.0399000E+04  1.740E-01 -2.453E-02  7.023E-02
 -5.0397000E+04  1.293E-01 -2.508E-02  1.224E-01
 -5.0395000E+04  1.556E-01 -2.336E-02  9.668E-02
 -5.0393000E+04  1.601E-01 -2.195E-02  6.019E-02
 -5.0391000E+04  1.486E-01 -2.622E-02  1.245E-01
 -5.0389000E+04  1.520E-01 -2.587E-02  1.159E-01
 -5.0387000E+04  1.490E-01 -2.219E-02  8.713E-02
 -5.0385000E+04  1.547E-01 -2.586E-02  1.114E-01
 -5.0383000E+04  1.685E-01 -2.397E-02  8.760E-02
 -5.0381000E+04  1.573E-01 -2.722E-02  1.205E-01
 -5.0379000E+04  1.673E-01 -2.828E-02  1.122E-01
 -5.0377000E+04  1.420E-01 -2.241E-02  8.514E-02
 -5.0375000E+04  1.559E-01 -2.499E-02  9.803E-02
 -5.0373000E+04  1.493E-01 -2.586E-02  1.247E-01
 -5.0371000E+04  1.436E-01 -2.222E-02  7.791E-02
 -5.0369000E+04  1.682E-01 -2.749E-02  1.016E-01
 -5.0367000E+04  1.223E-01 -2.097E-02  8.345E-02
 -5.0365000E+04  1.707E-01 -2.752E-02  1.079E-01
 -5.0363000E+04  1.268E-01 -1.690E-02  5.454E-02
 -5.0361000E+04  1.491E-01 -2.119E-02  7.206E-02
 -5.0359000E+04  1.408E-01 -2.239E-02  8.019E-02
 -5.0357000E+04  1.409E-01 -2.287E-02  1.246E-01
 -5.0355000E+04  1.569E-01 -2.803E-02  6.334E-02
 -5.0353000E+04  1.458E-01 -2.110E-02  9.420E-02
 -5.0351000E+04  1.346E-01 -2.198E-02  7.114E-02
 -5.0349000E+04  1.463E-01 -2.934E-02  1.107E-01
 -5.0347000E+04  1.407E-01 -2.393E-02  1.016E-01
 -5.0345000E+04  1.028E-01 -1.511E-02  9.620E-02
 -5.0343000E+04  1.513E-01 -2.241E-02  8.011E-02
 -5.0341000E+04  1.287E-01 -2.142E-02  7.920E-02
 -5.0339000E+04  1.198E-01 -1.682E-02  8.758E-02
 -5.0337000E+04  1.190E-01 -1.740E-02  7.179E-02
 -5.0335000E+04  1.225E-01 -1.924E-02  7.110E-02
 -5.0333000E+04  1.305E-01 -2.204E-02  9.337E-02
 -5.0331000E+04  1.370E-01 -2.326E-02  9.141E-02
 -5.0329000E+04  1.232E-01 -2.029E-02  8.543E-02
 -5.0327000E+04  1.081E-01 -1.729E-02  6.320E-02
 -5.0325000E+04  1.153E-01 -1.819E-02  7.506E-02
