  2.0339000E+04 -0.000E+00 -0.000E+00  0.000E+00
  2.0341000E+04 -0.000E+00 -0.000E+00  0.000E+00
  2.0343000E+04 -0.000E+00 -0.000E+00  0.000E+00
  2.0345000E+04 -0.000E+00 -0.000E+00  0.000E+00
  2.0347000E+04 -0.000E+00 -0.000E+00  0.000E+00
  2.0349000E+04 -0.000E+00 -0.000E+00  0.000E+00
  2.0351000E+04 -0.000E+00 -0.000E+00  0.000E+00
  2.0353000E+04 -0.000E+00 -0.000E+00  0.000E+00
  2.0355000E+04 -0.000E+00 -0.000E+00  0.000E+00
  2.0357000E+04 -0.000E+00 -0.000E+00  0.000E+00
  2.0359000E+04 -0.000E+00 -0.000E+00  0.000E+00
  2.0361000E+04 -0.000E+00 -0.000E+00  0.000E+00
  2.0363000E+04 -0.000E+00 -0.000E+00  0.000E+00
  2.0365000E+04  4.334E-06 -2.345E-07 -2.025E-06
  2.0367000E+04  5.262E-06 -3.359E-07 -1.531E-06
  2.0369000E+04  1.511E-05 -1.663E-06  4.704E-06
  2.0371000E+04 -2.985E-05  2.385E-06  4.692E-06
  2.0373000E+04 -1.326E-05 -2.228E-07  1.406E-05
  2.0375000E+04 -2.518E-03  4.226E-04 -2.240E-03
  2.0377000E+04 -1.374E-02  2.468E-03 -1.428E-02
  2.0379000E+04 -1.374E-01  2.240E-02 -1.142E-01
  2.0381000E+04 -6.203E-01  1.008E-01 -5.092E-01
  2.0383000E+04 -2.215E+00  3.467E-01 -1.638E+00
  2.0385000E+04 -4.868E+00  7.551E-01 -3.483E+00
  2.0387000E+04 -8.309E+00  1.263E+00 -5.571E+00
  2.0389000E+04 -1.035E+01  1.567E+00 -6.783E+00
  2.0391000E+04 -9.802E+00  1.480E+00 -6.300E+00
  2.0393000E+04 -7.290E+00  1.099E+00 -4.607E+00
  2.0395000E+04 -4.382E+00  6.747E-01 -2.907E+00
  2.0397000E+04 -3.018E+00  4.508E-01 -1.813E+00
  2.0399000E+04 -1.436E+00  2.179E-01 -8.871E-01
  2.0401000E+04 -6.884E-01  1.096E-01 -4.837E-01
  2.0403000E+04 -3.487E-01  6.009E-02 -2.948E-01
  2.0405000E+04 -6.068E-02  5.675E-03  1.653E-02
  2.0407000E+04  6.144E-02 -1.095E-02  6.647E-02
  2.0409000E+04  1.174E-01 -1.960E-02  1.051E-01
  2.0411000E+04  3.526E-01 -5.356E-02  2.313E-01
  2.0413000E+04  2.481E-01 -4.100E-02  2.044E-01
  2.0415000E+04  2.124E-01 -3.519E-02  1.797E-01
  2.0417000E+04  1.714E-01 -3.232E-02  1.890E-01
  2.0419000E+04  2.747E-01 -4.199E-02  1.799E-01
  2.0421000E+04  3.602E-01 -5.373E-02  2.231E-01
  2.0423000E+04  2.872E-01 -4.063E-02  1.468E-01
  2.0425000E+04  3.583E-01 -4.709E-02  1.401E-01
  2.0427000E+04  2.612E-01 -4.472E-02  2.332E-01
  2.0429000E+04  3.947E-01 -5.948E-02  2.497E-01
  2.0431000E+04  3.566E-01 -5.667E-02  2.637E-01
  2.0433000E+04  3.474E-01 -5.508E-02  2.559E-01
  2.0435000E+04  3.242E-01 -5.074E-02  2.268E-01
  2.0437000E+04  2.828E-01 -4.476E-02  2.049E-01
  2.0439000E+04  2.242E-01 -3.992E-02  2.206E-01
  2.0441000E+04  3.208E-01 -5.365E-02  2.723E-01
  2.0443000E+04  2.672E-01 -4.120E-02  1.754E-01
  2.0445000E+04  3.093E-01 -4.480E-02  1.728E-01
  2.0447000E+04  3.165E-01 -5.302E-02  2.680E-01
  2.0449000E+04  3.791E-01 -5.504E-02  2.171E-01
  2.0451000E+04  3.342E-01 -5.004E-02  2.098E-01
  2.0453000E+04  3.006E-01 -4.610E-02  2.001E-01
  2.0455000E+04  3.681E-01 -5.081E-02  1.756E-01
  2.0457000E+04  3.205E-01 -5.111E-02  2.352E-01
  2.0459000E+04  2.338E-01 -3.465E-02  1.405E-01
  2.0461000E+04  2.922E-01 -4.334E-02  1.768E-01
  2.0463000E+04  2.609E-01 -4.387E-02  2.219E-01
  2.0465000E+04  3.460E-01 -5.051E-02  1.968E-01
  2.0467000E+04  2.856E-01 -4.326E-02  1.800E-01
  2.0469000E+04  2.431E-01 -3.914E-02  1.848E-01
  2.0471000E+04  2.276E-01 -3.757E-02  1.951E-01
  2.0473000E+04  2.408E-01 -4.032E-02  2.074E-01
  2.0475000E+04  3.072E-01 -4.511E-02  1.802E-01
  2.0477000E+04  2.859E-01 -4.359E-02  1.863E-01
  2.0479000E+04  2.768E-01 -4.387E-02  1.944E-01
  2.0481000E+04  2.864E-01 -4.374E-02  1.854E-01
  2.0483000E+04  2.085E-01 -3.707E-02  2.062E-01
  2.0485000E+04  2.787E-01 -3.782E-02  1.241E-01
  2.0487000E+04  2.594E-01 -4.025E-02  1.782E-01
  2.0489000E+04  2.251E-01 -3.811E-02  1.913E-01
  2.0491000E+04  2.790E-01 -4.364E-02  1.933E-01
  2.0493000E+04  2.571E-01 -3.779E-02  1.519E-01
  2.0495000E+04  2.204E-01 -3.600E-02  1.773E-01
  2.0497000E+04  2.518E-01 -4.149E-02  2.018E-01
  2.0499000E+04  2.587E-01 -3.612E-02  1.257E-01
  2.0501000E+04  2.338E-01 -3.489E-02  1.427E-01
  2.0503000E+04  2.651E-01 -4.122E-02  1.825E-01
  2.0505000E+04  2.052E-01 -3.535E-02  1.866E-01
  2.0507000E+04  2.750E-01 -3.771E-02  1.250E-01
  2.0509000E+04  2.456E-01 -3.631E-02  1.476E-01
  2.0511000E+04  2.045E-01 -3.385E-02  1.680E-01
  2.0513000E+04  3.125E-01 -4.289E-02  1.412E-01
  2.0515000E+04  2.576E-01 -3.810E-02  1.582E-01
  2.0517000E+04  2.343E-01 -3.876E-02  1.929E-01
  2.0519000E+04  1.935E-01 -3.138E-02  1.494E-01
  2.0521000E+04  2.323E-01 -3.474E-02  1.431E-01
  2.0523000E+04  2.158E-01 -3.351E-02  1.523E-01
  2.0525000E+04  2.537E-01 -3.543E-02  1.262E-01
  2.0527000E+04  2.328E-01 -3.600E-02  1.558E-01
  2.0529000E+04  1.942E-01 -3.127E-02  1.444E-01
  2.0531000E+04  1.935E-01 -2.815E-02  1.107E-01
  2.0533000E+04  2.415E-01 -3.313E-02  1.167E-01
  2.0535000E+04  2.105E-01 -3.204E-02  1.431E-01
  2.0537000E+04  2.111E-01 -3.184E-02  1.346E-01
  2.0539000E+04  2.040E-01 -3.190E-02  1.421E-01
  2.0541000E+04  2.262E-01 -3.291E-02  1.261E-01
  2.0543000E+04  2.331E-01 -3.477E-02  1.468E-01
  2.0545000E+04  2.256E-01 -3.538E-02  1.572E-01
  2.0547000E+04  1.976E-01 -2.894E-02  1.176E-01
  2.0549000E+04  1.896E-01 -3.029E-02  1.412E-01
  2.0551000E+04  1.998E-01 -3.242E-02  1.552E-01
  2.0553000E+04  2.110E-01 -3.177E-02  1.323E-01
  2.0555000E+04  2.102E-01 -3.209E-02  1.424E-01
  2.0557000E+04  1.937E-01 -2.780E-02  1.124E-01
  2.0559000E+04  1.846E-01 -2.821E-02  1.238E-01
  2.0561000E+04  1.529E-01 -2.750E-02  1.527E-01
  2.0563000E+04  1.746E-01 -2.879E-02  1.411E-01
  2.0565000E+04  1.960E-01 -2.769E-02  9.532E-02
  2.0567000E+04  1.764E-01 -2.846E-02  1.374E-01
  2.0569000E+04  2.061E-01 -2.893E-02  1.038E-01
  2.0571000E+04  1.918E-01 -2.916E-02  1.239E-01
  2.0573000E+04  1.603E-01 -2.864E-02  1.575E-01
  2.0575000E+04  1.748E-01 -2.515E-02  9.736E-02
  2.0577000E+04  2.014E-01 -2.844E-02  1.018E-01
  2.0579000E+04  1.966E-01 -2.897E-02  1.136E-01
  2.0581000E+04  1.633E-01 -2.493E-02  1.129E-01
  2.0583000E+04  1.901E-01 -2.914E-02  1.290E-01
  2.0585000E+04  1.558E-01 -2.236E-02  8.614E-02
  2.0587000E+04  1.798E-01 -2.895E-02  1.397E-01
  2.0589000E+04  2.093E-01 -3.056E-02  1.164E-01
  2.0591000E+04  1.326E-01 -2.430E-02  1.355E-01
  2.0593000E+04  1.840E-01 -2.477E-02  8.102E-02
  2.0595000E+04  1.550E-01 -2.174E-02  7.463E-02
  2.0597000E+04  1.562E-01 -2.442E-02  1.162E-01
  2.0599000E+04  1.670E-01 -2.557E-02  1.100E-01
  2.0601000E+04  1.622E-01 -2.560E-02  1.157E-01
  2.0603000E+04  1.801E-01 -2.772E-02  1.198E-01
  2.0605000E+04  1.746E-01 -2.647E-02  1.137E-01
  2.0607000E+04  1.501E-01 -2.249E-02  1.006E-01
  2.0609000E+04  1.765E-01 -2.595E-02  9.988E-02
  2.0611000E+04  1.283E-01 -2.224E-02  1.149E-01
  2.0613000E+04  1.486E-01 -2.204E-02  9.165E-02
  2.0615000E+04  1.786E-01 -2.661E-02  1.088E-01
  2.0617000E+04  1.499E-01 -2.041E-02  7.033E-02
  2.0619000E+04  1.538E-01 -2.286E-02  9.590E-02
  2.0621000E+04  1.461E-01 -2.430E-02  1.194E-01
  2.0623000E+04  1.704E-01 -2.500E-02  1.037E-01
  2.0625000E+04  1.864E-01 -2.740E-02  1.081E-01
  2.0627000E+04  1.095E-01 -1.826E-02  9.159E-02
  2.0629000E+04  1.341E-01 -2.179E-02  1.098E-01
  2.0631000E+04  1.401E-01 -2.158E-02  1.003E-01
  2.0633000E+04  1.488E-01 -2.194E-02  7.444E-02
  2.0635000E+04  1.731E-01 -2.632E-02  1.123E-01
  2.0637000E+04  1.199E-01 -2.120E-02  1.162E-01
  2.0639000E+04  1.342E-01 -2.070E-02  1.023E-01
  2.0641000E+04  1.654E-01 -2.524E-02  9.528E-02
  2.0643000E+04  1.432E-01 -2.139E-02  7.337E-02
  2.0645000E+04  1.433E-01 -2.063E-02  7.376E-02
  2.0647000E+04  1.149E-01 -1.850E-02  9.538E-02
  2.0649000E+04  1.328E-01 -2.070E-02  9.752E-02
  2.0651000E+04  1.539E-01 -2.379E-02  1.100E-01
  2.0653000E+04  1.511E-01 -1.914E-02  4.516E-02
  2.0655000E+04  1.146E-01 -1.847E-02  9.071E-02
  2.0657000E+04  1.290E-01 -2.164E-02  1.101E-01
  2.0659000E+04  1.278E-01 -1.969E-02  8.960E-02
  2.0661000E+04  1.262E-01 -1.830E-02  7.193E-02
  2.0663000E+04  1.232E-01 -1.983E-02  9.145E-02
  2.0665000E+04  1.079E-01 -1.567E-02  6.520E-02
  2.0667000E+04  1.182E-01 -1.822E-02  8.072E-02
  2.0669000E+04  1.293E-01 -1.791E-02  6.297E-02
  2.0671000E+04  1.255E-01 -1.971E-02  8.945E-02
  2.0673000E+04  1.126E-01 -1.893E-02  1.025E-01
  2.0675000E+04  1.201E-01 -1.941E-02  9.075E-02
  2.0677000E+04  1.145E-01 -1.698E-02  6.721E-02
  2.0679000E+04  1.075E-01 -1.639E-02  7.463E-02
  2.0681000E+04  1.150E-01 -1.763E-02  8.241E-02
  2.0683000E+04  1.306E-01 -1.895E-02  6.934E-02
  2.0685000E+04  1.324E-01 -2.056E-02  9.006E-02
  2.0687000E+04  1.433E-01 -2.076E-02  7.934E-02
  2.0689000E+04  1.099E-01 -1.687E-02  7.701E-02
  2.0691000E+04  1.188E-01 -1.746E-02  6.721E-02
  2.0693000E+04  1.114E-01 -1.726E-02  7.873E-02
  2.0695000E+04  1.274E-01 -1.752E-02  6.412E-02
  2.0697000E+04  1.285E-01 -2.044E-02  9.398E-02
  2.0699000E+04  1.219E-01 -1.910E-02  8.620E-02
  2.0701000E+04  1.290E-01 -1.737E-02  6.105E-02
  2.0703000E+04  1.386E-01 -1.912E-02  6.516E-02
  2.0705000E+04  1.199E-01 -1.742E-02  6.730E-02
  2.0707000E+04  1.026E-01 -1.593E-02  6.855E-02
  2.0709000E+04  1.038E-01 -1.582E-02  6.559E-02
  2.0711000E+04  8.740E-02 -1.587E-02  8.962E-02
  2.0713000E+04  1.070E-01 -1.651E-02  7.432E-02
  2.0715000E+04  9.869E-02 -1.511E-02  7.227E-02
  2.0717000E+04  1.076E-01 -1.838E-02  9.984E-02
