 -2.8290000E+03  4.937E-01 -7.374E-02  3.558E-01
 -2.8270000E+03  5.592E-01 -6.795E-02  2.559E-01
 -2.8250000E+03  4.433E-01 -6.201E-02  2.947E-01
 -2.8230000E+03  5.795E-01 -7.246E-02  3.018E-01
 -2.8210000E+03  3.670E-01 -5.075E-02  2.360E-01
 -2.8190000E+03  4.071E-01 -5.782E-02  2.905E-01
 -2.8170000E+03  4.455E-01 -5.544E-02  2.113E-01
 -2.8150000E+03  3.178E-01 -4.492E-02  2.183E-01
 -2.8130000E+03  4.803E-01 -6.820E-02  3.308E-01
 -2.8110000E+03  4.488E-01 -6.030E-02  2.656E-01
 -2.8090000E+03  4.178E-01 -4.847E-02  1.452E-01
 -2.8070000E+03  3.645E-01 -4.724E-02  2.295E-01
 -2.8050000E+03  3.603E-01 -5.729E-02  3.181E-01
 -2.8030000E+03  3.710E-01 -5.087E-02  2.367E-01
 -2.8010000E+03  3.821E-01 -5.508E-02  2.655E-01
 -2.7990000E+03  4.502E-01 -5.914E-02  2.638E-01
 -2.7970000E+03  3.337E-01 -4.909E-02  2.546E-01
 -2.7950000E+03  3.699E-01 -4.791E-02  2.188E-01
 -2.7930000E+03  3.991E-01 -4.799E-02  1.831E-01
 -2.7910000E+03  3.521E-01 -5.131E-02  2.722E-01
 -2.7890000E+03  3.520E-01 -5.411E-02  2.869E-01
 -2.7870000E+03  3.528E-01 -4.424E-02  1.800E-01
 -2.7850000E+03  3.677E-01 -4.570E-02  1.814E-01
 -2.7830000E+03  3.622E-01 -5.021E-02  2.447E-01
 -2.7810000E+03  3.395E-01 -5.350E-02  2.994E-01
 -2.7790000E+03  3.545E-01 -4.790E-02  2.154E-01
 -2.7770000E+03  3.254E-01 -4.481E-02  2.109E-01
 -2.7750000E+03  3.301E-01 -4.285E-02  2.062E-01
 -2.7730000E+03  3.232E-01 -4.741E-02  2.413E-01
 -2.7710000E+03  3.546E-01 -4.296E-02  1.710E-01
 -2.7690000E+03  2.814E-01 -3.976E-02  2.042E-01
 -2.7670000E+03  3.354E-01 -4.681E-02  2.133E-01
 -2.7650000E+03  3.367E-01 -4.758E-02  2.233E-01
 -2.7630000E+03  2.754E-01 -4.166E-02  2.248E-01
 -2.7610000E+03  3.685E-01 -4.679E-02  1.973E-01
 -2.7590000E+03  3.302E-01 -3.912E-02  1.376E-01
 -2.7570000E+03  2.925E-01 -3.972E-02  1.694E-01
 -2.7550000E+03  2.272E-01 -3.464E-02  2.073E-01
 -2.7530000E+03  2.727E-01 -3.256E-02  1.711E-01
 -2.7510000E+03  3.000E-01 -4.456E-02  1.870E-01
 -2.7490000E+03  2.922E-01 -3.914E-02  1.786E-01
 -2.7470000E+03  3.001E-01 -3.990E-02  1.843E-01
 -2.7450000E+03  3.013E-01 -4.164E-02  1.801E-01
 -2.7430000E+03  3.104E-01 -3.814E-02  1.789E-01
 -2.7410000E+03  2.254E-01 -3.659E-02  2.078E-01
 -2.7390000E+03  2.915E-01 -3.510E-02  1.368E-01
 -2.7370000E+03  3.192E-01 -4.225E-02  1.947E-01
 -2.7350000E+03  2.269E-01 -3.088E-02  1.554E-01
 -2.7330000E+03  2.597E-01 -3.750E-02  1.865E-01
 -2.7310000E+03  2.879E-01 -4.329E-02  2.240E-01
 -2.7290000E+03  2.513E-01 -3.124E-02  1.131E-01
 -2.7270000E+03  2.681E-01 -4.034E-02  2.057E-01
 -2.7250000E+03  2.522E-01 -3.571E-02  1.681E-01
 -2.7230000E+03  3.015E-01 -3.922E-02  1.782E-01
 -2.7210000E+03  2.537E-01 -3.072E-02  1.213E-01
 -2.7190000E+03  2.594E-01 -3.734E-02  1.813E-01
 -2.7170000E+03  2.292E-01 -3.520E-02  1.816E-01
 -2.7150000E+03  2.590E-01 -3.174E-02  1.348E-01
 -2.7130000E+03  2.261E-01 -3.342E-02  1.796E-01
 -2.7110000E+03  2.557E-01 -3.310E-02  1.370E-01
 -2.7090000E+03  2.496E-01 -3.312E-02  1.386E-01
 -2.7070000E+03  1.844E-01 -2.525E-02  1.356E-01
 -2.7050000E+03  2.164E-01 -2.870E-02  1.278E-01
 -2.7030000E+03  2.750E-01 -3.599E-02  1.558E-01
 -2.7010000E+03  2.236E-01 -3.349E-02  1.720E-01
 -2.6990000E+03  2.181E-01 -3.153E-02  1.512E-01
 -2.6970000E+03  2.016E-01 -2.799E-02  1.349E-01
 -2.6950000E+03  1.915E-01 -2.506E-02  1.157E-01
 -2.6930000E+03  2.446E-01 -3.284E-02  1.464E-01
 -2.6910000E+03  2.205E-01 -3.206E-02  1.519E-01
 -2.6890000E+03  2.224E-01 -3.244E-02  1.560E-01
 -2.6870000E+03  2.339E-01 -3.098E-02  1.272E-01
 -2.6850000E+03  2.077E-01 -2.951E-02  1.484E-01
 -2.6830000E+03  2.156E-01 -2.936E-02  1.380E-01
 -2.6810000E+03  2.399E-01 -3.010E-02  1.177E-01
 -2.6790000E+03  2.389E-01 -3.423E-02  1.646E-01
 -2.6770000E+03  1.945E-01 -2.394E-02  9.544E-02
 -2.6750000E+03  2.528E-01 -3.155E-02  1.269E-01
 -2.6730000E+03  1.980E-01 -2.649E-02  1.212E-01
 -2.6710000E+03  2.052E-01 -2.390E-02  1.133E-01
 -2.6690000E+03  2.075E-01 -2.905E-02  1.369E-01
 -2.6670000E+03  2.486E-01 -2.720E-02  1.160E-01
 -2.6650000E+03  2.141E-01 -2.923E-02  1.303E-01
 -2.6630000E+03  2.020E-01 -3.157E-02  1.605E-01
 -2.6610000E+03  1.680E-01 -2.235E-02  1.198E-01
 -2.6590000E+03  1.897E-01 -2.655E-02  1.417E-01
 -2.6570000E+03  1.842E-01 -2.876E-02  1.636E-01
 -2.6550000E+03  2.039E-01 -2.729E-02  1.077E-01
 -2.6530000E+03  1.853E-01 -2.283E-02  8.989E-02
 -2.6510000E+03  1.789E-01 -2.298E-02  9.664E-02
 -2.6490000E+03  1.887E-01 -2.862E-02  1.529E-01
 -2.6470000E+03  1.904E-01 -2.795E-02  1.433E-01
 -2.6450000E+03  1.811E-01 -2.277E-02  9.583E-02
 -2.6430000E+03  1.435E-01 -2.122E-02  1.155E-01
 -2.6410000E+03  1.851E-01 -2.462E-02  1.141E-01
 -2.6390000E+03  2.115E-01 -2.762E-02  1.276E-01
 -2.6370000E+03  1.744E-01 -2.541E-02  1.271E-01
 -2.6350000E+03  1.644E-01 -2.264E-02  1.096E-01
 -2.6330000E+03  1.861E-01 -2.099E-02  8.504E-02
 -2.6310000E+03  1.647E-01 -1.942E-02  1.028E-01
 -2.6290000E+03  1.728E-01 -2.329E-02  1.047E-01
 -2.6270000E+03  2.025E-01 -2.512E-02  1.079E-01
 -2.6250000E+03  1.834E-01 -2.363E-02  1.031E-01
 -2.6230000E+03  1.786E-01 -2.212E-02  9.442E-02
 -2.6210000E+03  1.654E-01 -2.425E-02  1.330E-01
 -2.6190000E+03  1.229E-01 -1.705E-02  9.038E-02
 -2.6170000E+03  1.649E-01 -2.106E-02  9.115E-02
 -2.6150000E+03  1.870E-01 -2.388E-02  1.048E-01
 -2.6130000E+03  1.539E-01 -2.234E-02  1.185E-01
 -2.6110000E+03  1.677E-01 -2.267E-02  1.157E-01
 -2.6090000E+03  1.283E-01 -2.060E-02  1.187E-01
 -2.6070000E+03  1.457E-01 -2.279E-02  1.189E-01
 -2.6050000E+03  1.558E-01 -2.202E-02  9.347E-02
 -2.6030000E+03  1.545E-01 -1.849E-02  6.706E-02
 -2.6010000E+03  1.842E-01 -2.267E-02  9.424E-02
 -2.5990000E+03  1.728E-01 -2.154E-02  8.790E-02
 -2.5970000E+03  1.267E-01 -1.893E-02  1.032E-01
 -2.5950000E+03  1.260E-01 -1.721E-02  8.597E-02
 -2.5930000E+03  1.599E-01 -2.419E-02  1.190E-01
 -2.5910000E+03  1.346E-01 -1.658E-02  8.054E-02
 -2.5890000E+03  1.708E-01 -2.137E-02  9.102E-02
 -2.5870000E+03  1.460E-01 -2.150E-02  1.087E-01
 -2.5850000E+03  1.364E-01 -1.999E-02  1.040E-01
 -2.5830000E+03  1.359E-01 -1.800E-02  7.523E-02
 -2.5810000E+03  1.426E-01 -1.805E-02  6.718E-02
 -2.5790000E+03  1.438E-01 -2.030E-02  9.450E-02
 -2.5770000E+03  1.307E-01 -2.026E-02  1.045E-01
 -2.5750000E+03  1.505E-01 -2.287E-02  1.076E-01
 -2.5730000E+03  1.500E-01 -1.652E-02  8.264E-02
 -2.5710000E+03  1.466E-01 -2.089E-02  1.016E-01
 -2.5690000E+03  1.220E-01 -1.870E-02  1.023E-01
 -2.5670000E+03  1.294E-01 -1.741E-02  8.313E-02
 -2.5650000E+03  1.564E-01 -2.227E-02  9.348E-02
 -2.5630000E+03  1.144E-01 -1.564E-02  9.071E-02
 -2.5610000E+03  1.177E-01 -1.755E-02  8.719E-02
 -2.5590000E+03  1.291E-01 -1.626E-02  6.689E-02
 -2.5570000E+03  1.415E-01 -1.838E-02  7.491E-02
 -2.5550000E+03  1.317E-01 -1.645E-02  6.797E-02
 -2.5530000E+03  1.216E-01 -1.670E-02  7.364E-02
 -2.5510000E+03  1.369E-01 -1.720E-02  7.336E-02
 -2.5490000E+03  1.214E-01 -1.224E-02  6.940E-02
 -2.5470000E+03  1.177E-01 -1.900E-02  9.606E-02
 -2.5450000E+03  1.299E-01 -1.682E-02  8.385E-02
 -2.5430000E+03  1.209E-01 -1.779E-02  5.784E-02
 -2.5410000E+03  1.110E-01 -1.869E-02  9.649E-02
 -2.5390000E+03  1.161E-01 -1.646E-02  7.041E-02
 -2.5370000E+03  1.359E-01 -1.922E-02  8.014E-02
 -2.5350000E+03  1.406E-01 -1.748E-02  6.888E-02
 -2.5330000E+03  1.161E-01 -1.417E-02  5.877E-02
 -2.5310000E+03  1.263E-01 -1.864E-02  7.521E-02
 -2.5290000E+03  1.430E-01 -1.871E-02  7.991E-02
 -2.5270000E+03  1.147E-01 -1.536E-02  7.764E-02
 -2.5250000E+03  1.463E-01 -1.949E-02  1.067E-01
 -2.5230000E+03  1.159E-01 -1.746E-02  7.921E-02
 -2.5210000E+03  1.249E-01 -1.527E-02  6.840E-02
 -2.5190000E+03  1.166E-01 -1.652E-02  8.725E-02
 -2.5170000E+03  7.354E-02 -1.291E-02  6.824E-02
 -2.5150000E+03  1.102E-01 -1.651E-02  8.066E-02
 -2.5130000E+03  1.099E-01 -1.224E-02  5.104E-02
 -2.5110000E+03  9.534E-02 -1.304E-02  5.926E-02
 -2.5090000E+03  1.081E-01 -1.565E-02  9.070E-02
 -2.5070000E+03  1.170E-01 -1.408E-02  6.021E-02
 -2.5050000E+03  1.087E-01 -1.690E-02  7.555E-02
 -2.5030000E+03  1.247E-01 -2.024E-02  7.553E-02
 -2.5010000E+03  1.061E-01 -1.370E-02  7.386E-02
 -2.4990000E+03  7.908E-02 -8.706E-03  5.382E-02
 -2.4970000E+03  1.046E-01 -1.268E-02  5.936E-02
 -2.4950000E+03  1.095E-01 -1.309E-02  5.826E-02
 -2.4930000E+03  1.106E-01 -1.428E-02  6.729E-02
 -2.4910000E+03  1.303E-01 -1.722E-02  8.360E-02
 -2.4890000E+03  9.849E-02 -1.448E-02  8.916E-02
 -2.4870000E+03  9.164E-02 -1.520E-02  6.418E-02
 -2.4850000E+03  9.290E-02 -1.194E-02  5.644E-02
 -2.4830000E+03  1.159E-01 -1.617E-02  8.266E-02
 -2.4810000E+03  1.060E-01 -1.456E-02  6.831E-02
 -2.4790000E+03  1.021E-01 -1.334E-02  4.895E-02
 -2.4770000E+03  1.358E-01 -1.712E-02  8.374E-02
 -2.4750000E+03  9.742E-02 -1.290E-02  6.720E-02
 -2.4730000E+03  8.344E-02 -1.418E-02  6.746E-02
 -2.4710000E+03  1.062E-01 -1.406E-02  6.355E-02
 -2.4690000E+03  8.364E-02 -1.116E-02  6.048E-02
 -2.4670000E+03  8.387E-02 -1.270E-02  4.998E-02
 -2.4650000E+03  8.277E-02 -1.353E-02  7.733E-02
 -2.4630000E+03  9.318E-02 -1.036E-02  4.321E-02
 -2.4610000E+03  1.020E-01 -1.800E-02  7.655E-02
 -2.4590000E+03  1.081E-01 -1.651E-02  5.990E-02
 -2.4570000E+03  8.638E-02 -8.399E-03  5.674E-02
 -2.4550000E+03  8.150E-02 -8.224E-03  5.024E-02
 -2.4530000E+03  9.008E-02 -9.001E-03  5.772E-02
 -2.4510000E+03  1.005E-01 -1.091E-02  5.006E-02
