  7.9509000E+04 -0.000E+00 -0.000E+00  0.000E+00
  7.9511000E+04 -0.000E+00 -0.000E+00  0.000E+00
  7.9513000E+04 -0.000E+00 -0.000E+00  0.000E+00
  7.9515000E+04 -0.000E+00 -0.000E+00  0.000E+00
  7.9517000E+04 -0.000E+00 -0.000E+00  0.000E+00
  7.9519000E+04 -0.000E+00 -0.000E+00  0.000E+00
  7.9521000E+04 -0.000E+00 -0.000E+00  0.000E+00
  7.9523000E+04 -0.000E+00 -0.000E+00  0.000E+00
  7.9525000E+04 -0.000E+00 -0.000E+00  0.000E+00
  7.9527000E+04 -0.000E+00 -0.000E+00  0.000E+00
  7.9529000E+04 -0.000E+00 -0.000E+00  0.000E+00
  7.9531000E+04 -0.000E+00 -0.000E+00  0.000E+00
  7.9533000E+04 -0.000E+00 -0.000E+00  0.000E+00
  7.9535000E+04 -0.000E+00 -0.000E+00  0.000E+00
  7.9537000E+04 -0.000E+00 -0.000E+00  0.000E+00
  7.9539000E+04 -0.000E+00 -0.000E+00  0.000E+00
  7.9541000E+04 -2.922E-07  6.623E-08 -5.462E-07
  7.9543000E+04 -2.855E-06 -2.000E-07  6.267E-06
  7.9545000E+04 -7.348E-05  9.116E-06 -3.464E-05
  7.9547000E+04 -2.374E-03  2.207E-04 -8.881E-05
  7.9549000E+04 -2.983E-02  4.408E-03 -2.303E-02
  7.9551000E+04 -2.281E-01  3.139E-02 -1.450E-01
  7.9553000E+04 -1.129E+00  1.573E-01 -7.451E-01
  7.9555000E+04 -3.539E+00  4.884E-01 -2.272E+00
  7.9557000E+04 -7.554E+00  1.055E+00 -5.023E+00
  7.9559000E+04 -1.105E+01  1.524E+00 -7.084E+00
  7.9561000E+04 -1.064E+01  1.493E+00 -7.164E+00
  7.9563000E+04 -7.490E+00  1.055E+00 -5.116E+00
  7.9565000E+04 -4.030E+00  5.782E-01 -2.904E+00
  7.9567000E+04 -1.904E+00  2.618E-01 -1.218E+00
  7.9569000E+04 -8.923E-01  1.260E-01 -6.249E-01
  7.9571000E+04 -3.377E-01  4.671E-02 -2.253E-01
  7.9573000E+04 -2.448E-02 -3.539E-03  7.552E-02
  7.9575000E+04  2.516E-02 -1.014E-02  9.866E-02
  7.9577000E+04  2.930E-01 -3.714E-02  1.366E-01
  7.9579000E+04  2.025E-01 -2.974E-02  1.472E-01
  7.9581000E+04  2.007E-01 -2.664E-02  1.095E-01
  7.9583000E+04  2.867E-01 -4.291E-02  2.245E-01
  7.9585000E+04  3.245E-01 -3.882E-02  1.211E-01
  7.9587000E+04  2.799E-01 -4.066E-02  2.022E-01
  7.9589000E+04  2.360E-01 -4.028E-02  2.548E-01
  7.9591000E+04  2.989E-01 -4.242E-02  2.048E-01
  7.9593000E+04  3.145E-01 -4.806E-02  2.612E-01
  7.9595000E+04  2.722E-01 -3.599E-02  1.491E-01
  7.9597000E+04  2.943E-01 -4.334E-02  2.235E-01
  7.9599000E+04  2.782E-01 -3.840E-02  1.738E-01
  7.9601000E+04  3.208E-01 -3.794E-02  1.145E-01
  7.9603000E+04  2.730E-01 -4.444E-02  2.658E-01
  7.9605000E+04  2.144E-01 -3.676E-02  2.314E-01
  7.9607000E+04  2.817E-01 -3.782E-02  1.646E-01
  7.9609000E+04  3.463E-01 -4.833E-02  2.247E-01
  7.9611000E+04  2.683E-01 -4.023E-02  2.152E-01
  7.9613000E+04  2.996E-01 -3.743E-02  1.333E-01
  7.9615000E+04  2.701E-01 -4.061E-02  2.178E-01
  7.9617000E+04  2.791E-01 -3.657E-02  1.450E-01
  7.9619000E+04  2.804E-01 -4.046E-02  2.063E-01
  7.9621000E+04  2.721E-01 -3.753E-02  1.719E-01
  7.9623000E+04  3.028E-01 -4.297E-02  2.097E-01
  7.9625000E+04  2.574E-01 -4.324E-02  2.730E-01
  7.9627000E+04  2.907E-01 -4.233E-02  2.153E-01
  7.9629000E+04  2.885E-01 -3.811E-02  1.561E-01
  7.9631000E+04  2.531E-01 -3.762E-02  1.983E-01
  7.9633000E+04  2.906E-01 -3.960E-02  1.746E-01
  7.9635000E+04  2.408E-01 -3.495E-02  1.760E-01
  7.9637000E+04  2.219E-01 -3.444E-02  1.939E-01
  7.9639000E+04  2.700E-01 -3.572E-02  1.501E-01
  7.9641000E+04  2.437E-01 -3.307E-02  1.496E-01
  7.9643000E+04  2.510E-01 -3.643E-02  1.842E-01
  7.9645000E+04  2.676E-01 -3.703E-02  1.706E-01
  7.9647000E+04  2.632E-01 -3.675E-02  1.739E-01
  7.9649000E+04  2.362E-01 -3.492E-02  1.811E-01
  7.9651000E+04  2.517E-01 -3.472E-02  1.616E-01
  7.9653000E+04  2.042E-01 -3.066E-02  1.631E-01
  7.9655000E+04  2.010E-01 -2.803E-02  1.310E-01
  7.9657000E+04  2.376E-01 -3.255E-02  1.495E-01
  7.9659000E+04  2.373E-01 -3.559E-02  1.880E-01
  7.9661000E+04  2.422E-01 -3.163E-02  1.277E-01
  7.9663000E+04  2.073E-01 -3.096E-02  1.622E-01
  7.9665000E+04  1.966E-01 -3.055E-02  1.747E-01
  7.9667000E+04  2.440E-01 -3.384E-02  1.593E-01
  7.9669000E+04  2.800E-01 -3.795E-02  1.672E-01
  7.9671000E+04  2.398E-01 -3.432E-02  1.716E-01
  7.9673000E+04  2.248E-01 -3.176E-02  1.510E-01
  7.9675000E+04  1.926E-01 -2.725E-02  1.294E-01
  7.9677000E+04  2.154E-01 -2.965E-02  1.369E-01
  7.9679000E+04  1.817E-01 -2.673E-02  1.352E-01
  7.9681000E+04  2.241E-01 -3.108E-02  1.468E-01
  7.9683000E+04  2.252E-01 -2.911E-02  1.163E-01
  7.9685000E+04  1.917E-01 -2.823E-02  1.456E-01
  7.9687000E+04  2.317E-01 -3.201E-02  1.456E-01
  7.9689000E+04  2.010E-01 -2.641E-02  1.128E-01
  7.9691000E+04  2.232E-01 -2.975E-02  1.286E-01
  7.9693000E+04  1.799E-01 -2.833E-02  1.624E-01
  7.9695000E+04  2.398E-01 -3.123E-02  1.270E-01
  7.9697000E+04  2.006E-01 -2.684E-02  1.175E-01
  7.9699000E+04  1.873E-01 -2.667E-02  1.285E-01
  7.9701000E+04  2.039E-01 -2.744E-02  1.195E-01
  7.9703000E+04  1.668E-01 -2.430E-02  1.260E-01
  7.9705000E+04  1.783E-01 -2.610E-02  1.332E-01
  7.9707000E+04  1.583E-01 -2.410E-02  1.355E-01
  7.9709000E+04  1.919E-01 -2.668E-02  1.289E-01
  7.9711000E+04  1.872E-01 -2.437E-02  9.928E-02
  7.9713000E+04  2.225E-01 -2.975E-02  1.270E-01
  7.9715000E+04  1.961E-01 -2.671E-02  1.196E-01
  7.9717000E+04  2.039E-01 -2.912E-02  1.462E-01
  7.9719000E+04  1.621E-01 -2.316E-02  1.170E-01
  7.9721000E+04  1.833E-01 -2.561E-02  1.162E-01
  7.9723000E+04  2.104E-01 -2.899E-02  1.350E-01
  7.9725000E+04  1.763E-01 -2.481E-02  1.200E-01
  7.9727000E+04  1.647E-01 -2.327E-02  1.123E-01
  7.9729000E+04  1.590E-01 -2.167E-02  9.494E-02
  7.9731000E+04  1.720E-01 -2.207E-02  8.546E-02
  7.9733000E+04  1.798E-01 -2.492E-02  1.218E-01
  7.9735000E+04  1.818E-01 -2.404E-02  1.011E-01
  7.9737000E+04  1.658E-01 -2.490E-02  1.324E-01
  7.9739000E+04  1.819E-01 -2.544E-02  1.200E-01
  7.9741000E+04  1.718E-01 -2.352E-02  1.069E-01
  7.9743000E+04  1.395E-01 -1.983E-02  9.888E-02
  7.9745000E+04  1.870E-01 -2.588E-02  1.207E-01
  7.9747000E+04  2.058E-01 -2.911E-02  1.437E-01
  7.9749000E+04  1.591E-01 -2.169E-02  9.956E-02
  7.9751000E+04  1.292E-01 -1.803E-02  8.560E-02
  7.9753000E+04  1.439E-01 -2.002E-02  9.547E-02
  7.9755000E+04  1.579E-01 -2.199E-02  1.057E-01
  7.9757000E+04  1.609E-01 -2.292E-02  1.163E-01
  7.9759000E+04  1.537E-01 -2.091E-02  9.015E-02
  7.9761000E+04  1.554E-01 -2.196E-02  1.062E-01
  7.9763000E+04  1.294E-01 -1.846E-02  9.917E-02
  7.9765000E+04  1.566E-01 -2.080E-02  8.336E-02
  7.9767000E+04  1.532E-01 -2.106E-02  9.143E-02
  7.9769000E+04  1.463E-01 -1.970E-02  8.411E-02
  7.9771000E+04  1.479E-01 -2.191E-02  1.169E-01
  7.9773000E+04  1.328E-01 -2.003E-02  1.113E-01
  7.9775000E+04  1.495E-01 -1.932E-02  7.844E-02
  7.9777000E+04  1.630E-01 -2.275E-02  1.076E-01
  7.9779000E+04  1.431E-01 -2.111E-02  1.097E-01
  7.9781000E+04  1.359E-01 -1.855E-02  8.522E-02
  7.9783000E+04  1.491E-01 -2.212E-02  1.146E-01
  7.9785000E+04  1.378E-01 -1.871E-02  8.264E-02
  7.9787000E+04  1.366E-01 -2.083E-02  1.130E-01
  7.9789000E+04  1.312E-01 -1.656E-02  6.537E-02
  7.9791000E+04  1.360E-01 -1.861E-02  8.755E-02
  7.9793000E+04  1.404E-01 -1.947E-02  9.374E-02
  7.9795000E+04  1.511E-01 -1.975E-02  8.125E-02
  7.9797000E+04  1.110E-01 -1.626E-02  8.384E-02
  7.9799000E+04  1.314E-01 -1.881E-02  9.393E-02
  7.9801000E+04  1.456E-01 -2.072E-02  1.039E-01
  7.9803000E+04  1.374E-01 -1.992E-02  1.020E-01
  7.9805000E+04  1.026E-01 -1.354E-02  5.878E-02
  7.9807000E+04  1.150E-01 -1.590E-02  7.282E-02
  7.9809000E+04  1.193E-01 -1.745E-02  8.733E-02
  7.9811000E+04  1.238E-01 -1.809E-02  9.627E-02
  7.9813000E+04  1.369E-01 -1.924E-02  9.334E-02
  7.9815000E+04  1.182E-01 -1.552E-02  6.372E-02
  7.9817000E+04  1.175E-01 -1.778E-02  9.445E-02
  7.9819000E+04  1.405E-01 -1.753E-02  6.763E-02
  7.9821000E+04  1.200E-01 -1.651E-02  7.773E-02
  7.9823000E+04  9.571E-02 -1.458E-02  8.205E-02
  7.9825000E+04  1.298E-01 -1.838E-02  9.107E-02
  7.9827000E+04  1.261E-01 -1.839E-02  9.607E-02
  7.9829000E+04  1.222E-01 -1.639E-02  7.242E-02
  7.9831000E+04  1.124E-01 -1.514E-02  6.784E-02
  7.9833000E+04  1.066E-01 -1.528E-02  7.650E-02
  7.9835000E+04  1.233E-01 -1.715E-02  8.044E-02
  7.9837000E+04  1.234E-01 -1.655E-02  7.276E-02
  7.9839000E+04  1.114E-01 -1.559E-02  7.438E-02
  7.9841000E+04  1.261E-01 -1.840E-02  9.173E-02
  7.9843000E+04  1.057E-01 -1.474E-02  7.012E-02
  7.9845000E+04  1.224E-01 -1.670E-02  7.587E-02
  7.9847000E+04  8.825E-02 -1.366E-02  7.997E-02
  7.9849000E+04  1.147E-01 -1.539E-02  6.642E-02
  7.9851000E+04  9.354E-02 -1.409E-02  7.697E-02
  7.9853000E+04  9.401E-02 -1.215E-02  5.086E-02
  7.9855000E+04  1.313E-01 -1.626E-02  6.089E-02
  7.9857000E+04  1.021E-01 -1.382E-02  5.318E-02
  7.9859000E+04  8.208E-02 -1.118E-02  5.289E-02
  7.9861000E+04  1.185E-01 -1.600E-02  7.246E-02
  7.9863000E+04  1.328E-01 -1.639E-02  5.735E-02
  7.9865000E+04  1.042E-01 -1.422E-02  6.578E-02
  7.9867000E+04  1.032E-01 -1.550E-02  8.421E-02
  7.9869000E+04  1.074E-01 -1.484E-02  7.019E-02
  7.9871000E+04  8.309E-02 -1.289E-02  7.306E-02
  7.9873000E+04  1.078E-01 -1.452E-02  5.760E-02
  7.9875000E+04  9.746E-02 -1.382E-02  6.824E-02
  7.9877000E+04  1.027E-01 -1.394E-02  7.102E-02
  7.9879000E+04  8.415E-02 -1.213E-02  5.792E-02
  7.9881000E+04  1.146E-01 -1.605E-02  8.032E-02
  7.9883000E+04  1.064E-01 -1.456E-02  6.495E-02
  7.9885000E+04  9.154E-02 -1.283E-02  5.049E-02
  7.9887000E+04  9.267E-02 -1.197E-02  5.078E-02
