  9.2141000E+04 -0.000E+00 -0.000E+00  0.000E+00
  9.2143000E+04 -0.000E+00 -0.000E+00  0.000E+00
  9.2145000E+04 -0.000E+00 -0.000E+00  0.000E+00
  9.2147000E+04 -0.000E+00 -0.000E+00  0.000E+00
  9.2149000E+04 -0.000E+00 -0.000E+00  0.000E+00
  9.2151000E+04 -0.000E+00 -0.000E+00  0.000E+00
  9.2153000E+04 -0.000E+00 -0.000E+00  0.000E+00
  9.2155000E+04 -0.000E+00 -0.000E+00  0.000E+00
  9.2157000E+04 -0.000E+00 -0.000E+00  0.000E+00
  9.2159000E+04 -0.000E+00 -0.000E+00  0.000E+00
  9.2161000E+04 -0.000E+00 -0.000E+00  0.000E+00
  9.2163000E+04 -0.000E+00 -0.000E+00  0.000E+00
  9.2165000E+04 -0.000E+00 -0.000E+00  0.000E+00
  9.2167000E+04 -6.900E-07  8.196E-07 -1.117E-05
  9.2169000E+04  1.595E-06  3.175E-06 -4.843E-05
  9.2171000E+04  1.554E-05 -1.564E-06  1.728E-06
  9.2173000E+04 -4.527E-06 -1.913E-06  3.743E-05
  9.2175000E+04  6.142E-05  4.338E-06 -1.347E-04
  9.2177000E+04 -2.372E-04 -4.784E-06  3.608E-04
  9.2179000E+04  5.276E-05  8.256E-06 -1.917E-04
  9.2181000E+04 -8.740E-03  1.111E-03 -5.301E-03
  9.2183000E+04 -1.406E-01  1.640E-02 -6.607E-02
  9.2185000E+04 -7.551E-01  9.285E-02 -4.227E-01
  9.2187000E+04 -2.747E+00  3.412E-01 -1.601E+00
  9.2189000E+04 -6.535E+00  8.130E-01 -3.872E+00
  9.2191000E+04 -1.057E+01  1.345E+00 -6.765E+00
  9.2193000E+04 -1.099E+01  1.413E+00 -7.334E+00
  9.2195000E+04 -8.366E+00  1.076E+00 -5.662E+00
  9.2197000E+04 -4.580E+00  6.076E-01 -3.412E+00
  9.2199000E+04 -2.278E+00  2.947E-01 -1.616E+00
  9.2201000E+04 -8.198E-01  1.154E-01 -7.388E-01
  9.2203000E+04 -3.244E-01  3.963E-02 -2.231E-01
  9.2205000E+04 -1.631E-02 -1.623E-03  1.867E-02
  9.2207000E+04  1.077E-01 -1.564E-02  7.672E-02
  9.2209000E+04  1.204E-01 -1.767E-02  9.359E-02
  9.2211000E+04  1.174E-01 -2.466E-02  2.021E-01
  9.2213000E+04  2.264E-01 -2.725E-02  1.156E-01
  9.2215000E+04  2.283E-01 -2.424E-02  6.908E-02
  9.2217000E+04  2.822E-01 -4.418E-02  2.896E-01
  9.2219000E+04  3.018E-01 -3.794E-02  1.821E-01
  9.2221000E+04  2.661E-01 -3.230E-02  1.416E-01
  9.2223000E+04  1.816E-01 -2.954E-02  2.020E-01
  9.2225000E+04  3.083E-01 -3.882E-02  1.874E-01
  9.2227000E+04  2.553E-01 -3.235E-02  1.569E-01
  9.2229000E+04  3.457E-01 -4.138E-02  1.832E-01
  9.2231000E+04  2.732E-01 -3.801E-02  2.165E-01
  9.2233000E+04  3.157E-01 -4.126E-02  2.195E-01
  9.2235000E+04  3.071E-01 -4.108E-02  2.218E-01
  9.2237000E+04  3.160E-01 -4.132E-02  2.164E-01
  9.2239000E+04  3.570E-01 -4.202E-02  1.760E-01
  9.2241000E+04  2.991E-01 -3.513E-02  1.479E-01
  9.2243000E+04  2.233E-01 -3.490E-02  2.349E-01
  9.2245000E+04  2.897E-01 -4.018E-02  2.311E-01
  9.2247000E+04  3.039E-01 -3.927E-02  2.020E-01
  9.2249000E+04  2.952E-01 -3.956E-02  2.131E-01
  9.2251000E+04  2.937E-01 -3.810E-02  1.967E-01
  9.2253000E+04  2.190E-01 -2.787E-02  1.310E-01
  9.2255000E+04  2.301E-01 -3.227E-02  1.935E-01
  9.2257000E+04  2.711E-01 -3.504E-02  1.803E-01
  9.2259000E+04  2.630E-01 -3.503E-02  1.948E-01
  9.2261000E+04  2.600E-01 -3.290E-02  1.638E-01
  9.2263000E+04  2.906E-01 -3.739E-02  1.880E-01
  9.2265000E+04  2.439E-01 -3.267E-02  1.797E-01
  9.2267000E+04  2.474E-01 -3.132E-02  1.539E-01
  9.2269000E+04  2.254E-01 -3.035E-02  1.674E-01
  9.2271000E+04  2.733E-01 -3.308E-02  1.545E-01
  9.2273000E+04  2.954E-01 -3.497E-02  1.505E-01
  9.2275000E+04  2.808E-01 -3.756E-02  2.080E-01
  9.2277000E+04  2.339E-01 -3.318E-02  1.966E-01
  9.2279000E+04  2.139E-01 -2.710E-02  1.344E-01
  9.2281000E+04  2.492E-01 -2.854E-02  1.135E-01
  9.2283000E+04  2.458E-01 -3.115E-02  1.553E-01
  9.2285000E+04  2.445E-01 -3.207E-02  1.698E-01
  9.2287000E+04  2.211E-01 -2.990E-02  1.698E-01
  9.2289000E+04  2.471E-01 -3.252E-02  1.731E-01
  9.2291000E+04  2.456E-01 -3.311E-02  1.872E-01
  9.2293000E+04  1.990E-01 -2.719E-02  1.530E-01
  9.2295000E+04  2.534E-01 -2.931E-02  1.223E-01
  9.2297000E+04  2.366E-01 -3.025E-02  1.552E-01
  9.2299000E+04  2.232E-01 -2.820E-02  1.435E-01
  9.2301000E+04  1.965E-01 -2.543E-02  1.357E-01
  9.2303000E+04  2.268E-01 -2.757E-02  1.230E-01
  9.2305000E+04  2.098E-01 -2.739E-02  1.458E-01
  9.2307000E+04  2.222E-01 -2.818E-02  1.427E-01
  9.2309000E+04  2.322E-01 -3.110E-02  1.725E-01
  9.2311000E+04  2.025E-01 -2.466E-02  1.139E-01
  9.2313000E+04  2.236E-01 -3.090E-02  1.798E-01
  9.2315000E+04  2.164E-01 -2.583E-02  1.117E-01
  9.2317000E+04  2.172E-01 -2.889E-02  1.608E-01
  9.2319000E+04  1.901E-01 -2.356E-02  1.180E-01
  9.2321000E+04  1.928E-01 -2.543E-02  1.387E-01
  9.2323000E+04  1.854E-01 -2.471E-02  1.394E-01
  9.2325000E+04  2.224E-01 -2.836E-02  1.382E-01
  9.2327000E+04  2.131E-01 -2.600E-02  1.232E-01
  9.2329000E+04  2.055E-01 -2.763E-02  1.498E-01
  9.2331000E+04  1.934E-01 -2.377E-02  1.034E-01
  9.2333000E+04  1.402E-01 -2.029E-02  1.304E-01
  9.2335000E+04  2.180E-01 -2.893E-02  1.600E-01
  9.2337000E+04  1.924E-01 -2.371E-02  1.141E-01
  9.2339000E+04  1.834E-01 -2.243E-02  1.048E-01
  9.2341000E+04  1.603E-01 -2.037E-02  1.019E-01
  9.2343000E+04  1.799E-01 -2.289E-02  1.238E-01
  9.2345000E+04  1.760E-01 -2.247E-02  1.150E-01
  9.2347000E+04  1.997E-01 -2.605E-02  1.355E-01
  9.2349000E+04  1.989E-01 -2.417E-02  1.118E-01
  9.2351000E+04  1.740E-01 -2.271E-02  1.149E-01
  9.2353000E+04  1.650E-01 -1.984E-02  9.015E-02
  9.2355000E+04  1.807E-01 -2.174E-02  9.958E-02
  9.2357000E+04  1.940E-01 -2.486E-02  1.361E-01
  9.2359000E+04  1.743E-01 -2.202E-02  9.238E-02
  9.2361000E+04  1.303E-01 -1.878E-02  1.185E-01
  9.2363000E+04  1.785E-01 -2.359E-02  1.305E-01
  9.2365000E+04  1.292E-01 -1.853E-02  1.161E-01
  9.2367000E+04  1.738E-01 -2.069E-02  9.947E-02
  9.2369000E+04  1.799E-01 -2.396E-02  1.304E-01
  9.2371000E+04  1.706E-01 -2.163E-02  1.014E-01
  9.2373000E+04  1.513E-01 -1.871E-02  9.863E-02
  9.2375000E+04  1.505E-01 -1.943E-02  1.113E-01
  9.2377000E+04  1.794E-01 -2.329E-02  1.179E-01
  9.2379000E+04  1.726E-01 -2.166E-02  1.065E-01
  9.2381000E+04  1.543E-01 -2.053E-02  1.155E-01
  9.2383000E+04  1.306E-01 -1.594E-02  7.772E-02
  9.2385000E+04  1.562E-01 -1.822E-02  7.540E-02
  9.2387000E+04  1.781E-01 -1.956E-02  6.786E-02
  9.2389000E+04  1.333E-01 -2.012E-02  1.311E-01
  9.2391000E+04  1.684E-01 -2.113E-02  1.043E-01
  9.2393000E+04  1.366E-01 -1.596E-02  6.898E-02
  9.2395000E+04  1.535E-01 -1.838E-02  8.315E-02
  9.2397000E+04  1.360E-01 -1.779E-02  1.014E-01
  9.2399000E+04  1.602E-01 -2.158E-02  1.221E-01
  9.2401000E+04  1.562E-01 -1.946E-02  9.742E-02
  9.2403000E+04  1.639E-01 -1.953E-02  8.749E-02
  9.2405000E+04  1.550E-01 -1.972E-02  9.969E-02
  9.2407000E+04  1.390E-01 -1.992E-02  1.219E-01
  9.2409000E+04  1.417E-01 -1.744E-02  8.308E-02
  9.2411000E+04  1.272E-01 -1.689E-02  9.592E-02
  9.2413000E+04  1.283E-01 -1.813E-02  1.060E-01
  9.2415000E+04  1.608E-01 -1.934E-02  9.333E-02
  9.2417000E+04  1.588E-01 -2.035E-02  1.054E-01
  9.2419000E+04  1.344E-01 -1.703E-02  8.185E-02
  9.2421000E+04  1.331E-01 -1.665E-02  8.329E-02
  9.2423000E+04  1.271E-01 -1.682E-02  9.119E-02
  9.2425000E+04  1.305E-01 -1.780E-02  1.027E-01
  9.2427000E+04  1.446E-01 -1.946E-02  1.094E-01
  9.2429000E+04  1.309E-01 -1.443E-02  5.449E-02
  9.2431000E+04  1.198E-01 -1.512E-02  7.969E-02
  9.2433000E+04  1.296E-01 -1.803E-02  1.086E-01
  9.2435000E+04  1.273E-01 -1.802E-02  1.064E-01
  9.2437000E+04  1.099E-01 -1.327E-02  5.881E-02
  9.2439000E+04  1.336E-01 -1.731E-02  9.345E-02
  9.2441000E+04  1.302E-01 -1.585E-02  7.847E-02
  9.2443000E+04  1.278E-01 -1.547E-02  6.951E-02
  9.2445000E+04  1.196E-01 -1.424E-02  6.457E-02
  9.2447000E+04  1.248E-01 -1.587E-02  8.485E-02
  9.2449000E+04  1.258E-01 -1.618E-02  7.326E-02
  9.2451000E+04  1.299E-01 -1.492E-02  6.154E-02
  9.2453000E+04  1.237E-01 -1.506E-02  6.980E-02
  9.2455000E+04  1.391E-01 -1.666E-02  8.024E-02
  9.2457000E+04  1.096E-01 -1.428E-02  7.838E-02
  9.2459000E+04  1.271E-01 -1.490E-02  6.437E-02
  9.2461000E+04  1.258E-01 -1.685E-02  9.236E-02
  9.2463000E+04  1.070E-01 -1.311E-02  6.804E-02
  9.2465000E+04  9.194E-02 -1.203E-02  6.446E-02
  9.2467000E+04  8.951E-02 -1.137E-02  6.265E-02
  9.2469000E+04  1.179E-01 -1.518E-02  7.769E-02
  9.2471000E+04  1.175E-01 -1.635E-02  9.907E-02
  9.2473000E+04  7.950E-02 -1.078E-02  6.358E-02
  9.2475000E+04  9.558E-02 -1.298E-02  7.333E-02
  9.2477000E+04  1.254E-01 -1.653E-02  8.622E-02
  9.2479000E+04  1.033E-01 -1.344E-02  6.471E-02
  9.2481000E+04  1.214E-01 -1.668E-02  1.002E-01
  9.2483000E+04  1.267E-01 -1.392E-02  5.563E-02
  9.2485000E+04  1.218E-01 -1.490E-02  7.025E-02
  9.2487000E+04  1.117E-01 -1.389E-02  7.058E-02
  9.2489000E+04  1.040E-01 -1.256E-02  5.969E-02
  9.2491000E+04  1.007E-01 -1.367E-02  7.903E-02
  9.2493000E+04  1.105E-01 -1.447E-02  7.993E-02
  9.2495000E+04  1.061E-01 -1.403E-02  7.881E-02
  9.2497000E+04  8.931E-02 -1.083E-02  5.069E-02
  9.2499000E+04  9.962E-02 -1.328E-02  6.794E-02
  9.2501000E+04  1.063E-01 -1.392E-02  7.388E-02
  9.2503000E+04  9.067E-02 -1.136E-02  5.281E-02
  9.2505000E+04  1.092E-01 -1.289E-02  5.409E-02
  9.2507000E+04  8.303E-02 -1.025E-02  4.941E-02
  9.2509000E+04  9.448E-02 -1.045E-02  4.059E-02
  9.2511000E+04  1.134E-01 -1.375E-02  6.555E-02
  9.2513000E+04  1.011E-01 -1.307E-02  5.681E-02
  9.2515000E+04  7.981E-02 -1.057E-02  6.073E-02
  9.2517000E+04  1.080E-01 -1.330E-02  6.193E-02
  9.2519000E+04  9.427E-02 -1.182E-02  6.707E-02
