  5.0837000E+04 -9.495E-06  9.041E-05 -7.823E-04
  5.0839000E+04  2.266E-04 -3.845E-05  4.990E-04
  5.0841000E+04 -7.599E-04  2.205E-04 -1.750E-03
  5.0843000E+04 -8.334E-04  4.506E-04 -3.258E-03
  5.0845000E+04  9.747E-05  2.048E-04 -3.484E-04
  5.0847000E+04 -1.446E-03  1.239E-04  1.232E-03
  5.0849000E+04 -3.842E-03  2.900E-04 -1.938E-03
  5.0851000E+04 -1.944E-03  3.835E-04 -8.063E-04
  5.0853000E+04 -1.102E-03  3.030E-04 -1.559E-03
  5.0855000E+04 -1.966E-03  1.631E-04  1.787E-03
  5.0857000E+04  6.200E-04  3.666E-04 -3.698E-03
  5.0859000E+04 -1.255E-03  2.935E-04 -2.527E-03
  5.0861000E+04 -4.526E-03  2.293E-03 -1.736E-02
  5.0863000E+04  8.419E-03 -1.568E-03  3.660E-03
  5.0865000E+04  1.337E-02 -2.243E-03  5.314E-03
  5.0867000E+04  1.880E-02 -3.407E-03  2.170E-02
  5.0869000E+04 -2.337E-02 -2.483E-04  2.326E-02
  5.0871000E+04 -4.290E-03  1.082E-03 -1.117E-02
  5.0873000E+04 -1.250E-02  5.108E-04  1.287E-04
  5.0875000E+04 -3.398E-02  1.217E-03 -2.343E-02
  5.0877000E+04 -2.304E-01  3.026E-02 -1.520E-01
  5.0879000E+04 -1.036E+00  1.278E-01 -6.829E-01
  5.0881000E+04 -2.969E+00  3.716E-01 -1.911E+00
  5.0883000E+04 -6.349E+00  7.691E-01 -3.979E+00
  5.0885000E+04 -9.594E+00  1.168E+00 -6.137E+00
  5.0887000E+04 -1.074E+01  1.300E+00 -6.891E+00
  5.0889000E+04 -8.793E+00  1.050E+00 -5.566E+00
  5.0891000E+04 -6.021E+00  7.321E-01 -4.029E+00
  5.0893000E+04 -3.522E+00  4.118E-01 -2.133E+00
  5.0895000E+04 -1.636E+00  1.982E-01 -1.135E+00
  5.0897000E+04 -6.716E-01  8.617E-02 -5.404E-01
  5.0899000E+04 -3.851E-01  3.369E-02 -1.214E-01
  5.0901000E+04 -6.408E-02  3.587E-03 -1.576E-02
  5.0903000E+04  4.330E-02 -5.904E-03 -4.170E-03
  5.0905000E+04  2.491E-01 -2.898E-02  1.241E-01
  5.0907000E+04  3.150E-01 -4.062E-02  2.334E-01
  5.0909000E+04  1.330E-01 -2.340E-02  1.665E-01
  5.0911000E+04  2.545E-01 -3.249E-02  1.658E-01
  5.0913000E+04  3.061E-01 -3.616E-02  1.755E-01
  5.0915000E+04  2.658E-01 -3.031E-02  1.306E-01
  5.0917000E+04  3.105E-01 -3.311E-02  1.323E-01
  5.0919000E+04  2.521E-01 -3.047E-02  1.489E-01
  5.0921000E+04  3.203E-01 -4.367E-02  2.582E-01
  5.0923000E+04  2.581E-01 -3.093E-02  1.581E-01
  5.0925000E+04  2.840E-01 -3.920E-02  2.453E-01
  5.0927000E+04  2.951E-01 -3.874E-02  2.214E-01
  5.0929000E+04  4.218E-01 -4.544E-02  1.827E-01
  5.0931000E+04  2.806E-01 -3.617E-02  2.096E-01
  5.0933000E+04  4.124E-01 -4.622E-02  2.211E-01
  5.0935000E+04  3.046E-01 -3.704E-02  1.854E-01
  5.0937000E+04  3.103E-01 -3.930E-02  2.134E-01
  5.0939000E+04  3.236E-01 -3.904E-02  1.992E-01
  5.0941000E+04  2.546E-01 -3.620E-02  2.314E-01
  5.0943000E+04  3.049E-01 -3.693E-02  1.956E-01
  5.0945000E+04  3.048E-01 -4.330E-02  2.750E-01
  5.0947000E+04  3.094E-01 -3.829E-02  2.050E-01
  5.0949000E+04  3.669E-01 -3.405E-02  1.022E-01
  5.0951000E+04  2.530E-01 -3.292E-02  1.822E-01
  5.0953000E+04  2.744E-01 -3.299E-02  1.661E-01
  5.0955000E+04  3.222E-01 -3.451E-02  1.529E-01
  5.0957000E+04  2.617E-01 -3.350E-02  1.816E-01
  5.0959000E+04  2.886E-01 -3.645E-02  2.073E-01
  5.0961000E+04  2.428E-01 -3.582E-02  2.396E-01
  5.0963000E+04  3.206E-01 -3.761E-02  1.883E-01
  5.0965000E+04  2.629E-01 -2.970E-02  1.364E-01
  5.0967000E+04  2.356E-01 -3.028E-02  1.745E-01
  5.0969000E+04  2.875E-01 -3.661E-02  1.938E-01
  5.0971000E+04  2.199E-01 -2.875E-02  1.676E-01
  5.0973000E+04  2.242E-01 -2.976E-02  1.805E-01
  5.0975000E+04  3.088E-01 -3.712E-02  1.926E-01
  5.0977000E+04  2.893E-01 -3.168E-02  1.446E-01
  5.0979000E+04  3.260E-01 -3.524E-02  1.539E-01
  5.0981000E+04  2.912E-01 -3.212E-02  1.453E-01
  5.0983000E+04  2.383E-01 -3.032E-02  1.656E-01
  5.0985000E+04  2.403E-01 -2.993E-02  1.620E-01
  5.0987000E+04  2.402E-01 -3.149E-02  1.779E-01
  5.0989000E+04  2.691E-01 -2.881E-02  1.226E-01
  5.0991000E+04  2.621E-01 -3.205E-02  1.818E-01
  5.0993000E+04  2.132E-01 -2.717E-02  1.523E-01
  5.0995000E+04  2.477E-01 -2.907E-02  1.482E-01
  5.0997000E+04  2.231E-01 -2.747E-02  1.541E-01
  5.0999000E+04  2.544E-01 -2.923E-02  1.379E-01
  5.1001000E+04  2.572E-01 -2.851E-02  1.259E-01
  5.1003000E+04  1.807E-01 -2.446E-02  1.490E-01
  5.1005000E+04  2.479E-01 -2.941E-02  1.691E-01
  5.1007000E+04  2.505E-01 -3.015E-02  1.434E-01
  5.1009000E+04  2.238E-01 -2.837E-02  1.520E-01
  5.1011000E+04  2.365E-01 -2.913E-02  1.650E-01
  5.1013000E+04  2.465E-01 -3.000E-02  1.466E-01
  5.1015000E+04  1.986E-01 -2.540E-02  1.496E-01
  5.1017000E+04  2.236E-01 -2.637E-02  1.493E-01
  5.1019000E+04  2.057E-01 -2.468E-02  1.387E-01
  5.1021000E+04  2.147E-01 -2.558E-02  1.389E-01
  5.1023000E+04  2.372E-01 -2.560E-02  1.081E-01
  5.1025000E+04  1.916E-01 -2.261E-02  1.089E-01
  5.1027000E+04  2.130E-01 -2.761E-02  1.679E-01
  5.1029000E+04  2.166E-01 -2.416E-02  1.196E-01
  5.1031000E+04  1.749E-01 -2.332E-02  1.386E-01
  5.1033000E+04  1.999E-01 -2.616E-02  1.507E-01
  5.1035000E+04  2.124E-01 -2.622E-02  1.448E-01
  5.1037000E+04  1.647E-01 -1.979E-02  1.111E-01
  5.1039000E+04  2.136E-01 -2.564E-02  1.317E-01
  5.1041000E+04  2.120E-01 -2.494E-02  1.286E-01
  5.1043000E+04  1.916E-01 -2.393E-02  1.319E-01
  5.1045000E+04  1.540E-01 -1.972E-02  1.089E-01
  5.1047000E+04  1.890E-01 -2.218E-02  1.359E-01
  5.1049000E+04  2.095E-01 -2.288E-02  1.277E-01
  5.1051000E+04  1.911E-01 -2.281E-02  1.011E-01
  5.1053000E+04  2.107E-01 -2.667E-02  1.388E-01
  5.1055000E+04  1.719E-01 -2.161E-02  1.228E-01
  5.1057000E+04  2.159E-01 -2.519E-02  1.193E-01
  5.1059000E+04  1.691E-01 -2.173E-02  1.274E-01
  5.1061000E+04  1.951E-01 -2.171E-02  1.027E-01
  5.1063000E+04  1.461E-01 -1.762E-02  9.395E-02
  5.1065000E+04  1.663E-01 -1.904E-02  9.598E-02
  5.1067000E+04  1.770E-01 -1.961E-02  8.554E-02
  5.1069000E+04  1.744E-01 -2.175E-02  9.619E-02
  5.1071000E+04  1.725E-01 -2.201E-02  1.188E-01
  5.1073000E+04  1.404E-01 -1.898E-02  1.127E-01
  5.1075000E+04  1.479E-01 -2.070E-02  1.336E-01
  5.1077000E+04  1.580E-01 -1.864E-02  9.804E-02
  5.1079000E+04  2.053E-01 -2.297E-02  1.111E-01
  5.1081000E+04  1.527E-01 -1.699E-02  8.445E-02
  5.1083000E+04  1.786E-01 -2.260E-02  1.276E-01
  5.1085000E+04  1.630E-01 -2.015E-02  1.100E-01
  5.1087000E+04  1.855E-01 -2.163E-02  1.121E-01
  5.1089000E+04  1.528E-01 -1.976E-02  1.104E-01
  5.1091000E+04  1.545E-01 -1.849E-02  9.890E-02
  5.1093000E+04  1.685E-01 -2.167E-02  1.250E-01
  5.1095000E+04  1.623E-01 -1.955E-02  1.067E-01
  5.1097000E+04  1.660E-01 -1.951E-02  9.894E-02
  5.1099000E+04  1.780E-01 -1.957E-02  8.609E-02
  5.1101000E+04  2.008E-01 -2.219E-02  1.041E-01
  5.1103000E+04  1.538E-01 -1.921E-02  1.062E-01
  5.1105000E+04  1.345E-01 -1.474E-02  6.874E-02
  5.1107000E+04  1.530E-01 -1.831E-02  9.683E-02
  5.1109000E+04  1.657E-01 -2.054E-02  1.239E-01
  5.1111000E+04  1.208E-01 -1.472E-02  7.900E-02
  5.1113000E+04  1.725E-01 -2.054E-02  1.016E-01
  5.1115000E+04  1.279E-01 -1.804E-02  1.106E-01
  5.1117000E+04  1.724E-01 -1.960E-02  9.630E-02
  5.1119000E+04  1.394E-01 -1.714E-02  9.644E-02
  5.1121000E+04  1.339E-01 -1.638E-02  9.301E-02
  5.1123000E+04  1.334E-01 -1.560E-02  7.925E-02
  5.1125000E+04  1.600E-01 -1.848E-02  9.107E-02
  5.1127000E+04  1.326E-01 -1.878E-02  1.213E-01
  5.1129000E+04  1.182E-01 -1.567E-02  9.243E-02
  5.1131000E+04  1.500E-01 -1.647E-02  7.273E-02
  5.1133000E+04  1.316E-01 -1.577E-02  7.961E-02
  5.1135000E+04  1.453E-01 -1.832E-02  9.956E-02
  5.1137000E+04  1.381E-01 -1.340E-02  5.237E-02
  5.1139000E+04  1.407E-01 -1.555E-02  7.201E-02
  5.1141000E+04  1.172E-01 -1.436E-02  7.839E-02
  5.1143000E+04  1.186E-01 -1.406E-02  8.360E-02
  5.1145000E+04  1.313E-01 -1.582E-02  8.079E-02
  5.1147000E+04  1.294E-01 -1.652E-02  9.378E-02
  5.1149000E+04  1.700E-01 -1.849E-02  8.265E-02
  5.1151000E+04  1.138E-01 -1.630E-02  1.032E-01
  5.1153000E+04  1.260E-01 -1.525E-02  8.400E-02
  5.1155000E+04  1.249E-01 -1.311E-02  5.491E-02
  5.1157000E+04  1.280E-01 -1.590E-02  8.594E-02
  5.1159000E+04  1.385E-01 -1.668E-02  9.349E-02
  5.1161000E+04  1.145E-01 -1.521E-02  8.751E-02
  5.1163000E+04  1.457E-01 -1.615E-02  7.408E-02
  5.1165000E+04  1.469E-01 -1.647E-02  7.990E-02
  5.1167000E+04  1.262E-01 -1.698E-02  8.686E-02
  5.1169000E+04  1.237E-01 -1.638E-02  8.525E-02
  5.1171000E+04  1.046E-01 -1.234E-02  6.778E-02
  5.1173000E+04  9.816E-02 -1.258E-02  6.736E-02
  5.1175000E+04  8.819E-02 -1.285E-02  8.386E-02
  5.1177000E+04  1.227E-01 -1.412E-02  6.978E-02
  5.1179000E+04  1.130E-01 -1.271E-02  5.871E-02
  5.1181000E+04  1.080E-01 -1.383E-02  7.439E-02
  5.1183000E+04  9.190E-02 -1.106E-02  5.143E-02
  5.1185000E+04  9.376E-02 -1.298E-02  6.219E-02
  5.1187000E+04  1.115E-01 -1.679E-02  8.948E-02
  5.1189000E+04  1.071E-01 -1.208E-02  7.260E-02
  5.1191000E+04  1.264E-01 -1.456E-02  7.233E-02
  5.1193000E+04  1.014E-01 -1.280E-02  7.442E-02
  5.1195000E+04  1.003E-01 -1.176E-02  5.796E-02
  5.1197000E+04  9.401E-02 -1.099E-02  6.489E-02
  5.1199000E+04  1.297E-01 -1.252E-02  5.938E-02
  5.1201000E+04  1.020E-01 -1.300E-02  8.572E-02
  5.1203000E+04  1.227E-01 -1.495E-02  6.661E-02
  5.1205000E+04  1.154E-01 -1.230E-02  6.533E-02
  5.1207000E+04  1.066E-01 -1.189E-02  4.900E-02
  5.1209000E+04  1.063E-01 -1.360E-02  8.465E-02
  5.1211000E+04  1.139E-01 -1.409E-02  8.189E-02
  5.1213000E+04  8.989E-02 -1.294E-02  7.331E-02
  5.1215000E+04  1.030E-01 -1.140E-02  7.216E-02
