 -2.0205000E+04 -0.000E+00 -0.000E+00  0.000E+00
 -2.0203000E+04 -0.000E+00 -0.000E+00  0.000E+00
 -2.0201000E+04 -0.000E+00 -0.000E+00  0.000E+00
 -2.0199000E+04 -0.000E+00 -0.000E+00  0.000E+00
 -2.0197000E+04 -0.000E+00 -0.000E+00  0.000E+00
 -2.0195000E+04 -0.000E+00 -0.000E+00  0.000E+00
 -2.0193000E+04 -0.000E+00 -0.000E+00  0.000E+00
 -2.0191000E+04 -0.000E+00 -0.000E+00  0.000E+00
 -2.0189000E+04 -0.000E+00 -0.000E+00  0.000E+00
 -2.0187000E+04 -0.000E+00 -0.000E+00  0.000E+00
 -2.0185000E+04  3.563E-06 -7.699E-07  5.518E-06
 -2.0183000E+04 -2.971E-05  3.926E-06 -2.028E-05
 -2.0181000E+04 -5.438E-05  6.054E-06 -2.303E-05
 -2.0179000E+04  6.867E-05  5.493E-06 -1.111E-04
 -2.0177000E+04  7.386E-05 -1.065E-05  5.795E-05
 -2.0175000E+04 -4.994E-05  4.788E-05 -5.174E-04
 -2.0173000E+04 -8.568E-03  1.044E-03 -4.886E-03
 -2.0171000E+04 -7.807E-02  1.153E-02 -6.766E-02
 -2.0169000E+04 -3.821E-01  5.602E-02 -3.281E-01
 -2.0167000E+04 -1.423E+00  1.893E-01 -1.009E+00
 -2.0165000E+04 -3.255E+00  4.325E-01 -2.323E+00
 -2.0163000E+04 -5.917E+00  7.622E-01 -3.987E+00
 -2.0161000E+04 -8.645E+00  1.077E+00 -5.471E+00
 -2.0159000E+04 -9.498E+00  1.179E+00 -6.028E+00
 -2.0157000E+04 -9.240E+00  1.098E+00 -5.383E+00
 -2.0155000E+04 -7.493E+00  8.988E-01 -4.514E+00
 -2.0153000E+04 -5.529E+00  6.426E-01 -3.137E+00
 -2.0151000E+04 -3.566E+00  4.095E-01 -2.000E+00
 -2.0149000E+04 -2.125E+00  2.480E-01 -1.261E+00
 -2.0147000E+04 -1.299E+00  1.453E-01 -7.164E-01
 -2.0145000E+04 -6.580E-01  7.412E-02 -3.838E-01
 -2.0143000E+04 -3.321E-01  4.189E-02 -2.621E-01
 -2.0141000E+04 -3.098E-02  3.305E-03 -4.345E-02
 -2.0139000E+04  2.025E-02 -1.457E-02  1.227E-01
 -2.0137000E+04  2.356E-01 -3.589E-02  2.079E-01
 -2.0135000E+04  3.123E-01 -2.610E-02  4.051E-02
 -2.0133000E+04  1.865E-01 -3.524E-02  2.373E-01
 -2.0131000E+04  3.974E-01 -3.153E-02  4.069E-02
 -2.0129000E+04  3.506E-01 -4.329E-02  2.069E-01
 -2.0127000E+04  3.205E-01 -4.545E-02  2.581E-01
 -2.0125000E+04  2.807E-01 -3.587E-02  1.814E-01
 -2.0123000E+04  2.011E-01 -2.312E-02  9.785E-02
 -2.0121000E+04  3.656E-01 -3.940E-02  1.593E-01
 -2.0119000E+04  2.935E-01 -3.152E-02  1.197E-01
 -2.0117000E+04  3.484E-01 -4.509E-02  2.372E-01
 -2.0115000E+04  3.510E-01 -4.388E-02  2.219E-01
 -2.0113000E+04  3.916E-01 -4.943E-02  2.520E-01
 -2.0111000E+04  4.482E-01 -5.486E-02  2.735E-01
 -2.0109000E+04  3.960E-01 -5.287E-02  2.867E-01
 -2.0107000E+04  3.279E-01 -4.229E-02  2.229E-01
 -2.0105000E+04  3.109E-01 -4.497E-02  2.630E-01
 -2.0103000E+04  3.147E-01 -3.565E-02  1.603E-01
 -2.0101000E+04  3.971E-01 -4.146E-02  1.617E-01
 -2.0099000E+04  3.794E-01 -4.714E-02  2.380E-01
 -2.0097000E+04  3.042E-01 -3.713E-02  1.885E-01
 -2.0095000E+04  3.730E-01 -5.060E-02  2.835E-01
 -2.0093000E+04  3.272E-01 -4.028E-02  1.977E-01
 -2.0091000E+04  3.216E-01 -3.614E-02  1.599E-01
 -2.0089000E+04  3.444E-01 -3.939E-02  1.801E-01
 -2.0087000E+04  3.231E-01 -3.803E-02  1.832E-01
 -2.0085000E+04  2.765E-01 -3.701E-02  2.040E-01
 -2.0083000E+04  3.727E-01 -4.818E-02  2.573E-01
 -2.0081000E+04  3.155E-01 -3.848E-02  1.957E-01
 -2.0079000E+04  3.321E-01 -3.993E-02  1.945E-01
 -2.0077000E+04  3.670E-01 -3.967E-02  1.676E-01
 -2.0075000E+04  2.725E-01 -3.562E-02  1.940E-01
 -2.0073000E+04  2.372E-01 -3.502E-02  2.083E-01
 -2.0071000E+04  3.336E-01 -4.521E-02  2.538E-01
 -2.0069000E+04  3.433E-01 -4.030E-02  1.906E-01
 -2.0067000E+04  3.025E-01 -3.146E-02  1.250E-01
 -2.0065000E+04  3.146E-01 -3.734E-02  1.800E-01
 -2.0063000E+04  3.005E-01 -3.326E-02  1.519E-01
 -2.0061000E+04  2.837E-01 -3.731E-02  2.047E-01
 -2.0059000E+04  3.396E-01 -4.213E-02  2.112E-01
 -2.0057000E+04  3.066E-01 -3.750E-02  1.874E-01
 -2.0055000E+04  2.753E-01 -3.056E-02  1.346E-01
 -2.0053000E+04  2.674E-01 -3.323E-02  1.721E-01
 -2.0051000E+04  2.790E-01 -3.366E-02  1.653E-01
 -2.0049000E+04  2.647E-01 -3.205E-02  1.574E-01
 -2.0047000E+04  2.290E-01 -3.035E-02  1.668E-01
 -2.0045000E+04  3.167E-01 -3.760E-02  1.866E-01
 -2.0043000E+04  3.038E-01 -3.049E-02  1.137E-01
 -2.0041000E+04  2.275E-01 -3.413E-02  2.077E-01
 -2.0039000E+04  3.344E-01 -3.798E-02  1.749E-01
 -2.0037000E+04  2.825E-01 -3.520E-02  1.813E-01
 -2.0035000E+04  2.673E-01 -3.462E-02  1.863E-01
 -2.0033000E+04  2.182E-01 -2.902E-02  1.578E-01
 -2.0031000E+04  2.235E-01 -2.951E-02  1.626E-01
 -2.0029000E+04  2.535E-01 -2.956E-02  1.415E-01
 -2.0027000E+04  2.822E-01 -3.385E-02  1.676E-01
 -2.0025000E+04  2.600E-01 -2.915E-02  1.295E-01
 -2.0023000E+04  2.562E-01 -3.032E-02  1.448E-01
 -2.0021000E+04  2.221E-01 -2.965E-02  1.650E-01
 -2.0019000E+04  2.235E-01 -3.112E-02  1.737E-01
 -2.0017000E+04  2.486E-01 -2.573E-02  9.807E-02
 -2.0015000E+04  2.445E-01 -2.920E-02  1.439E-01
 -2.0013000E+04  2.517E-01 -3.008E-02  1.474E-01
 -2.0011000E+04  2.584E-01 -3.102E-02  1.532E-01
 -2.0009000E+04  2.270E-01 -3.274E-02  1.840E-01
 -2.0007000E+04  2.022E-01 -2.563E-02  1.311E-01
 -2.0005000E+04  2.047E-01 -2.373E-02  1.176E-01
 -2.0003000E+04  2.449E-01 -2.891E-02  1.493E-01
 -2.0001000E+04  2.354E-01 -2.768E-02  1.313E-01
 -1.9999000E+04  2.017E-01 -2.244E-02  1.042E-01
 -1.9997000E+04  1.721E-01 -2.166E-02  1.132E-01
 -1.9995000E+04  2.327E-01 -2.799E-02  1.351E-01
 -1.9993000E+04  2.208E-01 -2.800E-02  1.496E-01
 -1.9991000E+04  2.511E-01 -2.787E-02  1.254E-01
 -1.9989000E+04  2.244E-01 -2.524E-02  1.202E-01
 -1.9987000E+04  2.010E-01 -2.670E-02  1.519E-01
 -1.9985000E+04  2.294E-01 -3.071E-02  1.686E-01
 -1.9983000E+04  2.306E-01 -2.848E-02  1.416E-01
 -1.9981000E+04  2.045E-01 -2.478E-02  1.308E-01
 -1.9979000E+04  2.044E-01 -2.366E-02  1.061E-01
 -1.9977000E+04  2.015E-01 -2.008E-02  8.191E-02
 -1.9975000E+04  1.837E-01 -2.408E-02  1.286E-01
 -1.9973000E+04  1.869E-01 -2.593E-02  1.496E-01
 -1.9971000E+04  2.088E-01 -2.503E-02  1.258E-01
 -1.9969000E+04  1.954E-01 -2.550E-02  1.404E-01
 -1.9967000E+04  1.995E-01 -2.637E-02  1.458E-01
 -1.9965000E+04  2.189E-01 -2.562E-02  1.232E-01
 -1.9963000E+04  1.793E-01 -2.209E-02  1.203E-01
 -1.9961000E+04  1.863E-01 -2.206E-02  1.061E-01
 -1.9959000E+04  1.835E-01 -2.254E-02  1.160E-01
 -1.9957000E+04  2.151E-01 -2.341E-02  9.971E-02
 -1.9955000E+04  1.922E-01 -2.497E-02  1.384E-01
 -1.9953000E+04  1.847E-01 -1.977E-02  8.686E-02
 -1.9951000E+04  1.423E-01 -1.775E-02  9.404E-02
 -1.9949000E+04  1.505E-01 -2.053E-02  1.184E-01
 -1.9947000E+04  2.039E-01 -2.420E-02  1.183E-01
 -1.9945000E+04  2.022E-01 -2.703E-02  1.522E-01
 -1.9943000E+04  1.783E-01 -2.094E-02  9.500E-02
 -1.9941000E+04  1.609E-01 -2.072E-02  1.071E-01
 -1.9939000E+04  1.651E-01 -2.463E-02  1.472E-01
 -1.9937000E+04  1.753E-01 -2.303E-02  1.284E-01
 -1.9935000E+04  1.834E-01 -2.236E-02  1.179E-01
 -1.9933000E+04  2.079E-01 -2.394E-02  1.144E-01
 -1.9931000E+04  1.769E-01 -2.073E-02  1.017E-01
 -1.9929000E+04  1.876E-01 -2.191E-02  1.071E-01
 -1.9927000E+04  1.485E-01 -1.761E-02  8.349E-02
 -1.9925000E+04  1.767E-01 -2.233E-02  1.182E-01
 -1.9923000E+04  1.597E-01 -1.963E-02  1.047E-01
 -1.9921000E+04  1.994E-01 -2.280E-02  1.075E-01
 -1.9919000E+04  1.903E-01 -1.987E-02  8.040E-02
 -1.9917000E+04  1.343E-01 -1.784E-02  9.397E-02
 -1.9915000E+04  1.568E-01 -1.938E-02  1.011E-01
 -1.9913000E+04  1.594E-01 -1.738E-02  7.452E-02
 -1.9911000E+04  1.644E-01 -2.069E-02  1.155E-01
 -1.9909000E+04  1.624E-01 -1.849E-02  8.603E-02
 -1.9907000E+04  1.527E-01 -1.982E-02  1.044E-01
 -1.9905000E+04  1.593E-01 -2.000E-02  1.038E-01
 -1.9903000E+04  1.714E-01 -2.045E-02  1.018E-01
 -1.9901000E+04  1.189E-01 -1.683E-02  9.820E-02
 -1.9899000E+04  1.686E-01 -1.949E-02  9.134E-02
 -1.9897000E+04  1.377E-01 -1.619E-02  7.939E-02
 -1.9895000E+04  1.518E-01 -1.845E-02  9.820E-02
 -1.9893000E+04  1.572E-01 -1.867E-02  9.263E-02
 -1.9891000E+04  1.708E-01 -1.852E-02  7.961E-02
 -1.9889000E+04  1.683E-01 -1.777E-02  7.987E-02
 -1.9887000E+04  1.351E-01 -1.773E-02  9.784E-02
 -1.9885000E+04  1.325E-01 -2.052E-02  1.310E-01
 -1.9883000E+04  1.619E-01 -1.804E-02  8.209E-02
 -1.9881000E+04  1.494E-01 -1.851E-02  9.361E-02
 -1.9879000E+04  1.304E-01 -1.730E-02  9.068E-02
 -1.9877000E+04  1.558E-01 -1.642E-02  7.021E-02
 -1.9875000E+04  1.520E-01 -2.009E-02  1.137E-01
 -1.9873000E+04  1.323E-01 -1.546E-02  7.552E-02
 -1.9871000E+04  1.395E-01 -1.422E-02  5.948E-02
 -1.9869000E+04  1.250E-01 -1.761E-02  1.052E-01
 -1.9867000E+04  1.007E-01 -1.316E-02  7.282E-02
 -1.9865000E+04  1.151E-01 -1.610E-02  9.113E-02
 -1.9863000E+04  1.323E-01 -1.566E-02  7.235E-02
 -1.9861000E+04  1.063E-01 -1.557E-02  9.229E-02
 -1.9859000E+04  1.414E-01 -1.759E-02  9.149E-02
 -1.9857000E+04  1.471E-01 -1.673E-02  7.906E-02
 -1.9855000E+04  1.451E-01 -1.566E-02  7.030E-02
 -1.9853000E+04  1.221E-01 -1.555E-02  8.173E-02
 -1.9851000E+04  1.131E-01 -1.381E-02  7.693E-02
 -1.9849000E+04  1.029E-01 -1.473E-02  8.955E-02
 -1.9847000E+04  1.304E-01 -1.356E-02  5.639E-02
 -1.9845000E+04  1.161E-01 -1.387E-02  7.021E-02
 -1.9843000E+04  1.087E-01 -1.377E-02  6.616E-02
 -1.9841000E+04  1.339E-01 -1.488E-02  6.836E-02
 -1.9839000E+04  1.337E-01 -1.418E-02  6.662E-02
 -1.9837000E+04  1.482E-01 -1.611E-02  7.096E-02
 -1.9835000E+04  1.014E-01 -1.322E-02  6.836E-02
 -1.9833000E+04  9.172E-02 -1.465E-02  8.425E-02
 -1.9831000E+04  1.470E-01 -1.666E-02  7.882E-02
 -1.9829000E+04  1.108E-01 -1.393E-02  7.571E-02
 -1.9827000E+04  1.212E-01 -1.596E-02  8.631E-02
