 -7.9375000E+04 -0.000E+00 -0.000E+00  0.000E+00
 -7.9373000E+04 -0.000E+00 -0.000E+00  0.000E+00
 -7.9371000E+04 -0.000E+00 -0.000E+00  0.000E+00
 -7.9369000E+04 -0.000E+00 -0.000E+00  0.000E+00
 -7.9367000E+04 -0.000E+00 -0.000E+00  0.000E+00
 -7.9365000E+04 -0.000E+00 -0.000E+00  0.000E+00
 -7.9363000E+04 -0.000E+00 -0.000E+00  0.000E+00
 -7.9361000E+04 -0.000E+00 -0.000E+00  0.000E+00
 -7.9359000E+04 -0.000E+00 -0.000E+00  0.000E+00
 -7.9357000E+04 -0.000E+00 -0.000E+00  0.000E+00
 -7.9355000E+04 -0.000E+00 -0.000E+00  0.000E+00
 -7.9353000E+04 -0.000E+00 -0.000E+00  0.000E+00
 -7.9351000E+04 -0.000E+00 -0.000E+00  0.000E+00
 -7.9349000E+04 -0.000E+00 -0.000E+00  0.000E+00
 -7.9347000E+04  2.068E-09 -7.880E-10  6.696E-09
 -7.9345000E+04 -4.202E-05  1.622E-05 -1.378E-04
 -7.9343000E+04 -6.761E-03  1.061E-03 -5.646E-03
 -7.9341000E+04 -5.538E-02  7.917E-03 -3.823E-02
 -7.9339000E+04 -2.040E-01  2.835E-02 -1.327E-01
 -7.9337000E+04 -6.459E-01  8.546E-02 -3.755E-01
 -7.9335000E+04 -1.494E+00  2.093E-01 -9.896E-01
 -7.9333000E+04 -2.955E+00  4.012E-01 -1.824E+00
 -7.9331000E+04 -4.612E+00  6.233E-01 -2.818E+00
 -7.9329000E+04 -6.368E+00  8.658E-01 -3.947E+00
 -7.9327000E+04 -7.537E+00  1.016E+00 -4.588E+00
 -7.9325000E+04 -7.978E+00  1.082E+00 -4.916E+00
 -7.9323000E+04 -8.154E+00  1.093E+00 -4.906E+00
 -7.9321000E+04 -7.062E+00  9.344E-01 -4.126E+00
 -7.9319000E+04 -5.800E+00  7.520E-01 -3.240E+00
 -7.9317000E+04 -4.417E+00  5.914E-01 -2.654E+00
 -7.9315000E+04 -3.281E+00  4.490E-01 -2.072E+00
 -7.9313000E+04 -2.462E+00  3.347E-01 -1.535E+00
 -7.9311000E+04 -1.611E+00  2.135E-01 -9.555E-01
 -7.9309000E+04 -9.608E-01  1.265E-01 -5.689E-01
 -7.9307000E+04 -5.268E-01  6.851E-02 -3.064E-01
 -7.9305000E+04 -3.837E-01  5.432E-02 -2.680E-01
 -7.9303000E+04 -7.709E-02  2.492E-02 -1.978E-01
 -7.9301000E+04 -5.622E-03 -4.832E-03  4.454E-02
 -7.9299000E+04  9.629E-02  4.400E-03 -1.186E-01
 -7.9297000E+04  3.017E-01 -3.415E-02  1.114E-01
 -7.9295000E+04  2.970E-01 -4.265E-02  1.946E-01
 -7.9293000E+04  2.419E-01 -3.886E-02  2.018E-01
 -7.9291000E+04  2.791E-01 -2.938E-02  8.451E-02
 -7.9289000E+04  3.452E-01 -4.090E-02  1.470E-01
 -7.9287000E+04  2.243E-01 -3.833E-02  2.067E-01
 -7.9285000E+04  3.360E-01 -4.990E-02  2.411E-01
 -7.9283000E+04  5.409E-01 -5.982E-02  1.971E-01
 -7.9281000E+04  4.003E-01 -5.190E-02  2.201E-01
 -7.9279000E+04  4.079E-01 -5.585E-02  2.535E-01
 -7.9277000E+04  4.025E-01 -5.683E-02  2.661E-01
 -7.9275000E+04  4.143E-01 -5.850E-02  2.726E-01
 -7.9273000E+04  2.824E-01 -4.504E-02  2.327E-01
 -7.9271000E+04  4.819E-01 -6.817E-02  3.189E-01
 -7.9269000E+04  3.662E-01 -4.216E-02  1.480E-01
 -7.9267000E+04  3.377E-01 -5.147E-02  2.597E-01
 -7.9265000E+04  4.131E-01 -5.015E-02  1.924E-01
 -7.9263000E+04  3.538E-01 -4.822E-02  2.192E-01
 -7.9261000E+04  4.449E-01 -5.808E-02  2.447E-01
 -7.9259000E+04  3.847E-01 -5.614E-02  2.730E-01
 -7.9257000E+04  3.261E-01 -4.137E-02  1.671E-01
 -7.9255000E+04  4.147E-01 -4.688E-02  1.619E-01
 -7.9253000E+04  3.141E-01 -4.356E-02  2.000E-01
 -7.9251000E+04  4.196E-01 -5.828E-02  2.687E-01
 -7.9249000E+04  4.399E-01 -5.724E-02  2.450E-01
 -7.9247000E+04  4.229E-01 -5.762E-02  2.585E-01
 -7.9245000E+04  3.958E-01 -4.877E-02  1.961E-01
 -7.9243000E+04  3.356E-01 -4.582E-02  2.109E-01
 -7.9241000E+04  3.331E-01 -5.298E-02  2.779E-01
 -7.9239000E+04  3.880E-01 -4.562E-02  1.666E-01
 -7.9237000E+04  4.343E-01 -5.731E-02  2.468E-01
 -7.9235000E+04  2.974E-01 -3.385E-02  1.172E-01
 -7.9233000E+04  2.662E-01 -4.606E-02  2.597E-01
 -7.9231000E+04  3.079E-01 -4.809E-02  2.491E-01
 -7.9229000E+04  3.412E-01 -4.363E-02  1.786E-01
 -7.9227000E+04  3.074E-01 -4.760E-02  2.481E-01
 -7.9225000E+04  3.418E-01 -4.800E-02  2.248E-01
 -7.9223000E+04  3.400E-01 -4.315E-02  1.783E-01
 -7.9221000E+04  3.497E-01 -3.999E-02  1.453E-01
 -7.9219000E+04  3.112E-01 -4.356E-02  2.065E-01
 -7.9217000E+04  3.330E-01 -4.725E-02  2.201E-01
 -7.9215000E+04  3.385E-01 -4.266E-02  1.746E-01
 -7.9213000E+04  3.369E-01 -4.603E-02  2.097E-01
 -7.9211000E+04  3.364E-01 -4.489E-02  1.960E-01
 -7.9209000E+04  2.852E-01 -4.256E-02  2.093E-01
 -7.9207000E+04  2.554E-01 -3.790E-02  1.885E-01
 -7.9205000E+04  2.673E-01 -3.584E-02  1.579E-01
 -7.9203000E+04  3.182E-01 -3.651E-02  1.309E-01
 -7.9201000E+04  3.156E-01 -3.784E-02  1.493E-01
 -7.9199000E+04  3.251E-01 -4.075E-02  1.673E-01
 -7.9197000E+04  3.230E-01 -4.507E-02  2.091E-01
 -7.9195000E+04  2.825E-01 -4.019E-02  1.874E-01
 -7.9193000E+04  2.811E-01 -3.670E-02  1.551E-01
 -7.9191000E+04  2.612E-01 -3.514E-02  1.601E-01
 -7.9189000E+04  2.772E-01 -3.648E-02  1.603E-01
 -7.9187000E+04  2.857E-01 -4.068E-02  1.930E-01
 -7.9185000E+04  3.008E-01 -3.899E-02  1.684E-01
 -7.9183000E+04  2.847E-01 -3.811E-02  1.714E-01
 -7.9181000E+04  2.575E-01 -3.791E-02  1.837E-01
 -7.9179000E+04  2.310E-01 -3.305E-02  1.581E-01
 -7.9177000E+04  2.575E-01 -3.504E-02  1.611E-01
 -7.9175000E+04  3.058E-01 -3.889E-02  1.604E-01
 -7.9173000E+04  3.052E-01 -3.951E-02  1.655E-01
 -7.9171000E+04  3.130E-01 -3.978E-02  1.670E-01
 -7.9169000E+04  2.283E-01 -3.143E-02  1.502E-01
 -7.9167000E+04  2.868E-01 -3.973E-02  1.783E-01
 -7.9165000E+04  2.392E-01 -3.224E-02  1.427E-01
 -7.9163000E+04  2.350E-01 -3.022E-02  1.274E-01
 -7.9161000E+04  2.392E-01 -3.034E-02  1.210E-01
 -7.9159000E+04  2.493E-01 -3.299E-02  1.469E-01
 -7.9157000E+04  2.626E-01 -3.310E-02  1.389E-01
 -7.9155000E+04  2.329E-01 -3.051E-02  1.303E-01
 -7.9153000E+04  3.101E-01 -3.740E-02  1.510E-01
 -7.9151000E+04  2.781E-01 -4.185E-02  2.105E-01
 -7.9149000E+04  2.269E-01 -3.441E-02  1.745E-01
 -7.9147000E+04  2.512E-01 -3.291E-02  1.416E-01
 -7.9145000E+04  2.460E-01 -3.638E-02  1.799E-01
 -7.9143000E+04  2.417E-01 -2.943E-02  1.171E-01
 -7.9141000E+04  2.175E-01 -3.163E-02  1.538E-01
 -7.9139000E+04  2.253E-01 -2.897E-02  1.180E-01
 -7.9137000E+04  2.288E-01 -3.083E-02  1.412E-01
 -7.9135000E+04  2.276E-01 -2.909E-02  1.251E-01
 -7.9133000E+04  2.490E-01 -3.000E-02  1.213E-01
 -7.9131000E+04  2.541E-01 -3.230E-02  1.361E-01
 -7.9129000E+04  2.423E-01 -3.502E-02  1.704E-01
 -7.9127000E+04  2.578E-01 -3.554E-02  1.655E-01
 -7.9125000E+04  1.922E-01 -2.535E-02  1.116E-01
 -7.9123000E+04  2.025E-01 -2.542E-02  9.994E-02
 -7.9121000E+04  2.035E-01 -2.482E-02  9.813E-02
 -7.9119000E+04  1.942E-01 -3.144E-02  1.686E-01
 -7.9117000E+04  1.684E-01 -2.639E-02  1.396E-01
 -7.9115000E+04  1.878E-01 -2.750E-02  1.344E-01
 -7.9113000E+04  2.692E-01 -3.206E-02  1.214E-01
 -7.9111000E+04  1.791E-01 -2.668E-02  1.356E-01
 -7.9109000E+04  2.246E-01 -2.840E-02  1.213E-01
 -7.9107000E+04  2.277E-01 -3.113E-02  1.447E-01
 -7.9105000E+04  2.286E-01 -2.970E-02  1.278E-01
 -7.9103000E+04  1.994E-01 -2.777E-02  1.255E-01
 -7.9101000E+04  2.122E-01 -2.869E-02  1.297E-01
 -7.9099000E+04  1.640E-01 -2.565E-02  1.315E-01
 -7.9097000E+04  2.105E-01 -2.718E-02  1.196E-01
 -7.9095000E+04  1.671E-01 -2.135E-02  8.423E-02
 -7.9093000E+04  1.954E-01 -2.683E-02  1.285E-01
 -7.9091000E+04  1.764E-01 -2.653E-02  1.297E-01
 -7.9089000E+04  1.783E-01 -2.588E-02  1.189E-01
 -7.9087000E+04  1.920E-01 -2.183E-02  8.167E-02
 -7.9085000E+04  1.874E-01 -2.806E-02  1.408E-01
 -7.9083000E+04  1.987E-01 -2.476E-02  1.045E-01
 -7.9081000E+04  1.463E-01 -1.922E-02  9.089E-02
 -7.9079000E+04  1.610E-01 -2.239E-02  1.004E-01
 -7.9077000E+04  2.160E-01 -2.701E-02  1.109E-01
 -7.9075000E+04  1.583E-01 -2.297E-02  1.136E-01
 -7.9073000E+04  1.823E-01 -2.579E-02  1.222E-01
 -7.9071000E+04  2.156E-01 -2.642E-02  1.008E-01
 -7.9069000E+04  1.694E-01 -2.454E-02  1.175E-01
 -7.9067000E+04  1.737E-01 -2.008E-02  7.589E-02
 -7.9065000E+04  1.663E-01 -2.078E-02  9.001E-02
 -7.9063000E+04  1.918E-01 -2.835E-02  1.380E-01
 -7.9061000E+04  1.376E-01 -2.169E-02  1.195E-01
 -7.9059000E+04  1.601E-01 -2.325E-02  1.128E-01
 -7.9057000E+04  1.648E-01 -2.299E-02  1.039E-01
 -7.9055000E+04  1.824E-01 -2.298E-02  9.084E-02
 -7.9053000E+04  1.801E-01 -2.425E-02  1.110E-01
 -7.9051000E+04  1.573E-01 -2.565E-02  1.381E-01
 -7.9049000E+04  1.822E-01 -2.480E-02  1.132E-01
 -7.9047000E+04  1.398E-01 -1.963E-02  9.594E-02
 -7.9045000E+04  1.339E-01 -2.301E-02  1.217E-01
 -7.9043000E+04  1.854E-01 -2.401E-02  1.121E-01
 -7.9041000E+04  1.282E-01 -1.600E-02  7.178E-02
 -7.9039000E+04  1.323E-01 -1.761E-02  7.712E-02
 -7.9037000E+04  1.666E-01 -2.061E-02  7.905E-02
 -7.9035000E+04  1.785E-01 -1.958E-02  7.149E-02
 -7.9033000E+04  1.469E-01 -1.869E-02  7.745E-02
 -7.9031000E+04  1.421E-01 -1.952E-02  8.545E-02
 -7.9029000E+04  1.296E-01 -2.131E-02  1.123E-01
 -7.9027000E+04  1.764E-01 -2.742E-02  1.399E-01
 -7.9025000E+04  1.583E-01 -1.743E-02  6.783E-02
 -7.9023000E+04  1.435E-01 -2.055E-02  9.494E-02
 -7.9021000E+04  1.532E-01 -2.102E-02  9.367E-02
 -7.9019000E+04  1.775E-01 -2.436E-02  1.031E-01
 -7.9017000E+04  1.611E-01 -1.754E-02  6.821E-02
 -7.9015000E+04  1.514E-01 -1.979E-02  8.377E-02
 -7.9013000E+04  1.598E-01 -2.319E-02  1.059E-01
 -7.9011000E+04  7.520E-02 -1.583E-02  9.168E-02
 -7.9009000E+04  1.679E-01 -1.918E-02  7.404E-02
 -7.9007000E+04  1.588E-01 -2.018E-02  8.373E-02
 -7.9005000E+04  1.391E-01 -1.783E-02  8.357E-02
 -7.9003000E+04  1.634E-01 -1.873E-02  6.486E-02
 -7.9001000E+04  1.403E-01 -1.623E-02  6.614E-02
 -7.8999000E+04  1.156E-01 -1.396E-02  6.291E-02
 -7.8997000E+04  1.143E-01 -1.925E-02  1.117E-01
