 -9.2007000E+04 -0.000E+00 -0.000E+00  0.000E+00
 -9.2005000E+04 -0.000E+00 -0.000E+00  0.000E+00
 -9.2003000E+04 -0.000E+00 -0.000E+00  0.000E+00
 -9.2001000E+04 -0.000E+00 -0.000E+00  0.000E+00
 -9.1999000E+04 -0.000E+00 -0.000E+00  0.000E+00
 -9.1997000E+04 -0.000E+00 -0.000E+00  0.000E+00
 -9.1995000E+04 -0.000E+00 -0.000E+00  0.000E+00
 -9.1993000E+04 -0.000E+00 -0.000E+00  0.000E+00
 -9.1991000E+04 -0.000E+00 -0.000E+00  0.000E+00
 -9.1989000E+04 -0.000E+00 -0.000E+00  0.000E+00
 -9.1987000E+04 -0.000E+00 -0.000E+00  0.000E+00
 -9.1985000E+04 -0.000E+00 -0.000E+00  0.000E+00
 -9.1983000E+04 -1.953E-05  2.124E-06 -5.278E-06
 -9.1981000E+04 -3.783E-04 -1.462E-05  4.088E-04
 -9.1979000E+04  7.587E-04 -1.230E-04  4.352E-04
 -9.1977000E+04 -8.632E-04 -3.236E-05  9.492E-04
 -9.1975000E+04 -6.581E-03  9.836E-04 -4.037E-03
 -9.1973000E+04 -7.714E-02  9.696E-03 -3.086E-02
 -9.1971000E+04 -2.879E-01  3.837E-02 -1.367E-01
 -9.1969000E+04 -7.890E-01  1.089E-01 -4.095E-01
 -9.1967000E+04 -1.721E+00  2.430E-01 -9.385E-01
 -9.1965000E+04 -3.098E+00  4.532E-01 -1.832E+00
 -9.1963000E+04 -4.478E+00  6.375E-01 -2.446E+00
 -9.1961000E+04 -6.232E+00  9.171E-01 -3.670E+00
 -9.1959000E+04 -7.142E+00  1.066E+00 -4.310E+00
 -9.1957000E+04 -7.738E+00  1.158E+00 -4.660E+00
 -9.1955000E+04 -7.664E+00  1.156E+00 -4.667E+00
 -9.1953000E+04 -6.604E+00  1.042E+00 -4.423E+00
 -9.1951000E+04 -5.771E+00  8.993E-01 -3.725E+00
 -9.1949000E+04 -4.691E+00  7.167E-01 -2.867E+00
 -9.1947000E+04 -3.387E+00  5.083E-01 -1.963E+00
 -9.1945000E+04 -2.658E+00  4.195E-01 -1.717E+00
 -9.1943000E+04 -1.878E+00  3.061E-01 -1.295E+00
 -9.1941000E+04 -1.349E+00  2.343E-01 -1.055E+00
 -9.1939000E+04 -6.278E-01  1.214E-01 -5.958E-01
 -9.1937000E+04 -5.562E-01  8.564E-02 -3.164E-01
 -9.1935000E+04 -4.567E-01  6.967E-02 -2.493E-01
 -9.1933000E+04 -1.982E-01  3.932E-02 -1.887E-01
 -9.1931000E+04  1.530E-02 -2.250E-03  2.281E-02
 -9.1929000E+04  1.896E-01 -1.866E-02  3.263E-02
 -9.1927000E+04  2.145E-01 -1.861E-02  1.219E-02
 -9.1925000E+04  2.794E-01 -2.828E-02  4.172E-02
 -9.1923000E+04  2.146E-01 -4.469E-02  2.473E-01
 -9.1921000E+04  3.315E-01 -5.657E-02  2.672E-01
 -9.1919000E+04  3.635E-01 -3.917E-02  7.264E-02
 -9.1917000E+04  3.711E-01 -6.016E-02  2.635E-01
 -9.1915000E+04  3.726E-01 -4.713E-02  1.441E-01
 -9.1913000E+04  3.396E-01 -5.846E-02  2.710E-01
 -9.1911000E+04  3.644E-01 -6.058E-02  2.784E-01
 -9.1909000E+04  4.137E-01 -5.797E-02  2.077E-01
 -9.1907000E+04  3.977E-01 -6.642E-02  3.024E-01
 -9.1905000E+04  4.421E-01 -6.837E-02  2.810E-01
 -9.1903000E+04  4.367E-01 -7.029E-02  3.001E-01
 -9.1901000E+04  4.205E-01 -5.614E-02  1.820E-01
 -9.1899000E+04  4.128E-01 -6.327E-02  2.594E-01
 -9.1897000E+04  3.848E-01 -5.177E-02  1.698E-01
 -9.1895000E+04  4.140E-01 -6.558E-02  2.762E-01
 -9.1893000E+04  2.809E-01 -4.732E-02  2.148E-01
 -9.1891000E+04  4.480E-01 -6.948E-02  2.906E-01
 -9.1889000E+04  4.276E-01 -6.299E-02  2.443E-01
 -9.1887000E+04  4.335E-01 -6.120E-02  2.140E-01
 -9.1885000E+04  3.062E-01 -4.365E-02  1.668E-01
 -9.1883000E+04  3.301E-01 -5.899E-02  2.727E-01
 -9.1881000E+04  3.971E-01 -6.082E-02  2.475E-01
 -9.1879000E+04  3.325E-01 -5.021E-02  1.986E-01
 -9.1877000E+04  3.654E-01 -4.592E-02  1.375E-01
 -9.1875000E+04  2.867E-01 -5.072E-02  2.398E-01
 -9.1873000E+04  3.110E-01 -5.060E-02  2.227E-01
 -9.1871000E+04  3.636E-01 -6.647E-02  3.287E-01
 -9.1869000E+04  3.661E-01 -4.995E-02  1.667E-01
 -9.1867000E+04  3.185E-01 -4.582E-02  1.677E-01
 -9.1865000E+04  3.290E-01 -5.207E-02  2.195E-01
 -9.1863000E+04  3.633E-01 -4.858E-02  1.614E-01
 -9.1861000E+04  3.675E-01 -6.395E-02  3.004E-01
 -9.1859000E+04  3.936E-01 -5.993E-02  2.359E-01
 -9.1857000E+04  3.258E-01 -4.853E-02  1.856E-01
 -9.1855000E+04  4.207E-01 -6.232E-02  2.409E-01
 -9.1853000E+04  2.895E-01 -4.864E-02  2.202E-01
 -9.1851000E+04  3.433E-01 -4.936E-02  1.857E-01
 -9.1849000E+04  3.776E-01 -5.140E-02  1.794E-01
 -9.1847000E+04  3.117E-01 -4.312E-02  1.519E-01
 -9.1845000E+04  3.399E-01 -4.985E-02  1.846E-01
 -9.1843000E+04  3.557E-01 -5.265E-02  2.046E-01
 -9.1841000E+04  2.998E-01 -5.336E-02  2.592E-01
 -9.1839000E+04  3.427E-01 -4.612E-02  1.619E-01
 -9.1837000E+04  2.886E-01 -4.141E-02  1.544E-01
 -9.1835000E+04  2.726E-01 -4.631E-02  2.101E-01
 -9.1833000E+04  3.644E-01 -5.380E-02  2.049E-01
 -9.1831000E+04  2.823E-01 -4.411E-02  1.837E-01
 -9.1829000E+04  2.765E-01 -4.214E-02  1.721E-01
 -9.1827000E+04  2.927E-01 -4.933E-02  2.200E-01
 -9.1825000E+04  2.858E-01 -4.582E-02  2.023E-01
 -9.1823000E+04  2.801E-01 -4.280E-02  1.674E-01
 -9.1821000E+04  2.479E-01 -3.414E-02  1.184E-01
 -9.1819000E+04  3.384E-01 -5.000E-02  1.950E-01
 -9.1817000E+04  3.306E-01 -4.947E-02  1.974E-01
 -9.1815000E+04  2.631E-01 -4.187E-02  1.766E-01
 -9.1813000E+04  2.658E-01 -4.030E-02  1.684E-01
 -9.1811000E+04  2.759E-01 -4.200E-02  1.640E-01
 -9.1809000E+04  2.751E-01 -4.437E-02  1.911E-01
 -9.1807000E+04  3.426E-01 -4.439E-02  1.346E-01
 -9.1805000E+04  2.584E-01 -3.794E-02  1.491E-01
 -9.1803000E+04  2.613E-01 -4.135E-02  1.747E-01
 -9.1801000E+04  2.530E-01 -4.409E-02  2.073E-01
 -9.1799000E+04  2.933E-01 -4.374E-02  1.699E-01
 -9.1797000E+04  2.900E-01 -4.579E-02  1.914E-01
 -9.1795000E+04  2.789E-01 -3.808E-02  1.370E-01
 -9.1793000E+04  2.197E-01 -3.675E-02  1.681E-01
 -9.1791000E+04  2.730E-01 -4.243E-02  1.746E-01
 -9.1789000E+04  3.109E-01 -4.182E-02  1.394E-01
 -9.1787000E+04  2.268E-01 -3.851E-02  1.733E-01
 -9.1785000E+04  2.122E-01 -3.268E-02  1.288E-01
 -9.1783000E+04  2.587E-01 -3.944E-02  1.552E-01
 -9.1781000E+04  2.492E-01 -3.260E-02  1.043E-01
 -9.1779000E+04  2.032E-01 -3.041E-02  1.182E-01
 -9.1777000E+04  2.275E-01 -3.244E-02  1.214E-01
 -9.1775000E+04  2.465E-01 -3.750E-02  1.465E-01
 -9.1773000E+04  2.618E-01 -4.294E-02  1.858E-01
 -9.1771000E+04  2.562E-01 -3.803E-02  1.484E-01
 -9.1769000E+04  1.961E-01 -3.055E-02  1.286E-01
 -9.1767000E+04  2.021E-01 -3.414E-02  1.472E-01
 -9.1765000E+04  2.566E-01 -3.318E-02  1.063E-01
 -9.1763000E+04  2.351E-01 -3.737E-02  1.601E-01
 -9.1761000E+04  2.319E-01 -3.675E-02  1.490E-01
 -9.1759000E+04  2.383E-01 -3.227E-02  1.134E-01
 -9.1757000E+04  2.291E-01 -3.572E-02  1.499E-01
 -9.1755000E+04  2.074E-01 -3.429E-02  1.490E-01
 -9.1753000E+04  2.148E-01 -3.452E-02  1.557E-01
 -9.1751000E+04  2.032E-01 -3.074E-02  1.237E-01
 -9.1749000E+04  2.589E-01 -3.832E-02  1.473E-01
 -9.1747000E+04  2.086E-01 -3.396E-02  1.465E-01
 -9.1745000E+04  2.286E-01 -3.437E-02  1.368E-01
 -9.1743000E+04  2.480E-01 -3.723E-02  1.505E-01
 -9.1741000E+04  2.296E-01 -3.175E-02  1.163E-01
 -9.1739000E+04  2.019E-01 -3.509E-02  1.612E-01
 -9.1737000E+04  2.009E-01 -3.219E-02  1.357E-01
 -9.1735000E+04  2.053E-01 -2.982E-02  1.093E-01
 -9.1733000E+04  2.190E-01 -3.287E-02  1.310E-01
 -9.1731000E+04  1.781E-01 -2.963E-02  1.308E-01
 -9.1729000E+04  2.108E-01 -2.788E-02  9.315E-02
 -9.1727000E+04  2.021E-01 -3.191E-02  1.347E-01
 -9.1725000E+04  1.974E-01 -3.622E-02  1.791E-01
 -9.1723000E+04  2.122E-01 -3.115E-02  1.189E-01
 -9.1721000E+04  2.292E-01 -2.899E-02  8.465E-02
 -9.1719000E+04  1.596E-01 -2.511E-02  1.068E-01
 -9.1717000E+04  1.484E-01 -2.926E-02  1.537E-01
 -9.1715000E+04  1.840E-01 -2.595E-02  1.005E-01
 -9.1713000E+04  2.205E-01 -3.152E-02  1.175E-01
 -9.1711000E+04  1.958E-01 -3.077E-02  1.330E-01
 -9.1709000E+04  2.214E-01 -3.276E-02  1.281E-01
 -9.1707000E+04  2.073E-01 -2.771E-02  9.059E-02
 -9.1705000E+04  1.472E-01 -2.384E-02  1.032E-01
 -9.1703000E+04  1.690E-01 -3.163E-02  1.586E-01
 -9.1701000E+04  1.374E-01 -2.568E-02  1.283E-01
 -9.1699000E+04  2.005E-01 -2.725E-02  9.183E-02
 -9.1697000E+04  2.013E-01 -2.877E-02  1.054E-01
 -9.1695000E+04  2.029E-01 -3.116E-02  1.290E-01
 -9.1693000E+04  1.763E-01 -2.620E-02  1.031E-01
 -9.1691000E+04  1.386E-01 -2.721E-02  1.424E-01
 -9.1689000E+04  1.601E-01 -2.061E-02  6.237E-02
 -9.1687000E+04  1.794E-01 -2.647E-02  9.537E-02
 -9.1685000E+04  1.822E-01 -2.743E-02  1.108E-01
 -9.1683000E+04  1.574E-01 -2.249E-02  8.796E-02
 -9.1681000E+04  1.723E-01 -2.391E-02  8.665E-02
 -9.1679000E+04  1.595E-01 -2.769E-02  1.280E-01
 -9.1677000E+04  1.600E-01 -2.472E-02  1.049E-01
 -9.1675000E+04  1.688E-01 -2.410E-02  8.412E-02
 -9.1673000E+04  1.654E-01 -2.039E-02  5.335E-02
 -9.1671000E+04  1.464E-01 -2.853E-02  1.492E-01
 -9.1669000E+04  1.214E-01 -2.262E-02  1.128E-01
 -9.1667000E+04  1.748E-01 -2.079E-02  5.365E-02
 -9.1665000E+04  1.754E-01 -2.751E-02  1.147E-01
 -9.1663000E+04  1.779E-01 -2.791E-02  1.163E-01
 -9.1661000E+04  1.889E-01 -2.899E-02  1.190E-01
 -9.1659000E+04  1.641E-01 -2.506E-02  1.082E-01
 -9.1657000E+04  1.697E-01 -2.441E-02  9.139E-02
 -9.1655000E+04  1.699E-01 -2.742E-02  1.124E-01
 -9.1653000E+04  1.667E-01 -2.391E-02  8.784E-02
 -9.1651000E+04  1.388E-01 -2.229E-02  9.554E-02
 -9.1649000E+04  1.207E-01 -1.954E-02  9.104E-02
 -9.1647000E+04  1.356E-01 -2.407E-02  1.146E-01
 -9.1645000E+04  1.244E-01 -2.103E-02  9.567E-02
 -9.1643000E+04  1.527E-01 -2.178E-02  8.818E-02
 -9.1641000E+04  1.205E-01 -1.795E-02  7.447E-02
 -9.1639000E+04  1.439E-01 -2.286E-02  9.188E-02
 -9.1637000E+04  1.035E-01 -1.762E-02  8.096E-02
 -9.1635000E+04  1.435E-01 -1.995E-02  7.369E-02
 -9.1633000E+04  1.450E-01 -2.068E-02  7.735E-02
 -9.1631000E+04  1.327E-01 -1.706E-02  6.387E-02
 -9.1629000E+04  1.446E-01 -2.351E-02  1.010E-01
