 -5.7955000E+04 -0.000E+00 -0.000E+00  0.000E+00
 -5.7953000E+04 -0.000E+00 -0.000E+00  0.000E+00
 -5.7951000E+04 -0.000E+00 -0.000E+00  0.000E+00
 -5.7949000E+04 -0.000E+00 -0.000E+00  0.000E+00
 -5.7947000E+04 -0.000E+00 -0.000E+00  0.000E+00
 -5.7945000E+04  4.292E-07  4.735E-07 -4.831E-06
 -5.7943000E+04  1.407E-04 -1.441E-05 -2.852E-05
 -5.7941000E+04 -1.917E-05  1.657E-05 -1.263E-04
 -5.7939000E+04 -1.090E-04 -1.661E-06  4.281E-05
 -5.7937000E+04 -1.738E-04  9.865E-06  4.244E-05
 -5.7935000E+04 -1.621E-05 -4.072E-05  5.508E-04
 -5.7933000E+04 -7.380E-06  4.075E-06 -1.154E-04
 -5.7931000E+04 -6.606E-03  3.707E-05  8.810E-03
 -5.7929000E+04 -1.045E-02  1.614E-04  1.221E-02
 -5.7927000E+04  2.059E-02 -1.095E-03 -9.915E-03
 -5.7925000E+04  1.635E-02 -2.048E-03  6.680E-03
 -5.7923000E+04 -2.600E-05 -1.312E-04  2.446E-03
 -5.7921000E+04  2.630E-03 -5.119E-05 -2.670E-03
 -5.7919000E+04 -3.986E-03  2.939E-04  1.046E-04
 -5.7917000E+04 -4.831E-03  4.455E-04 -2.074E-04
 -5.7915000E+04 -2.992E-03  4.475E-04 -3.082E-03
 -5.7913000E+04 -4.085E-03  7.302E-04 -4.247E-03
 -5.7911000E+04 -1.163E-02  1.571E-03 -4.603E-03
 -5.7909000E+04 -1.439E-02  3.070E-03 -2.057E-02
 -5.7907000E+04 -6.554E-02  1.009E-02 -4.276E-02
 -5.7905000E+04 -2.153E-01  3.382E-02 -1.428E-01
 -5.7903000E+04 -4.410E-01  7.072E-02 -3.009E-01
 -5.7901000E+04 -8.175E-01  1.286E-01 -5.277E-01
 -5.7899000E+04 -1.683E+00  2.612E-01 -1.033E+00
 -5.7897000E+04 -2.340E+00  3.757E-01 -1.559E+00
 -5.7895000E+04 -3.301E+00  5.166E-01 -2.024E+00
 -5.7893000E+04 -4.385E+00  6.979E-01 -2.788E+00
 -5.7891000E+04 -5.271E+00  8.414E-01 -3.339E+00
 -5.7889000E+04 -5.649E+00  9.028E-01 -3.548E+00
 -5.7887000E+04 -5.900E+00  9.566E-01 -3.810E+00
 -5.7885000E+04 -5.791E+00  9.343E-01 -3.650E+00
 -5.7883000E+04 -5.098E+00  8.457E-01 -3.420E+00
 -5.7881000E+04 -4.609E+00  7.586E-01 -2.997E+00
 -5.7879000E+04 -3.606E+00  5.803E-01 -2.171E+00
 -5.7877000E+04 -3.019E+00  4.906E-01 -1.853E+00
 -5.7875000E+04 -2.272E+00  3.775E-01 -1.457E+00
 -5.7873000E+04 -1.730E+00  2.964E-01 -1.187E+00
 -5.7871000E+04 -1.581E+00  2.622E-01 -9.870E-01
 -5.7869000E+04 -9.656E-01  1.741E-01 -7.270E-01
 -5.7867000E+04 -6.965E-01  1.188E-01 -4.536E-01
 -5.7865000E+04 -3.807E-01  7.203E-02 -3.006E-01
 -5.7863000E+04 -2.994E-01  5.567E-02 -2.282E-01
 -5.7861000E+04 -3.091E-01  5.299E-02 -1.921E-01
 -5.7859000E+04  1.310E-02 -1.941E-03  2.642E-02
 -5.7857000E+04  5.658E-02 -7.569E-03  4.333E-02
 -5.7855000E+04  2.052E-01 -1.648E-02 -2.506E-02
 -5.7853000E+04  7.748E-02 -2.752E-02  2.174E-01
 -5.7851000E+04  3.046E-01 -4.855E-02  1.929E-01
 -5.7849000E+04  3.181E-01 -4.656E-02  1.619E-01
 -5.7847000E+04  2.776E-01 -4.568E-02  1.967E-01
 -5.7845000E+04  3.160E-01 -4.543E-02  1.476E-01
 -5.7843000E+04  3.190E-01 -5.459E-02  2.282E-01
 -5.7841000E+04  3.438E-01 -5.661E-02  2.304E-01
 -5.7839000E+04  2.974E-01 -5.815E-02  2.926E-01
 -5.7837000E+04  4.123E-01 -6.380E-02  2.261E-01
 -5.7835000E+04  3.394E-01 -6.009E-02  2.736E-01
 -5.7833000E+04  3.323E-01 -5.625E-02  2.363E-01
 -5.7831000E+04  3.628E-01 -5.988E-02  2.393E-01
 -5.7829000E+04  3.523E-01 -5.500E-02  1.991E-01
 -5.7827000E+04  3.466E-01 -5.495E-02  2.064E-01
 -5.7825000E+04  3.104E-01 -4.754E-02  1.704E-01
 -5.7823000E+04  3.810E-01 -6.939E-02  3.193E-01
 -5.7821000E+04  3.214E-01 -4.804E-02  1.610E-01
 -5.7819000E+04  3.487E-01 -5.966E-02  2.524E-01
 -5.7817000E+04  3.052E-01 -5.068E-02  2.084E-01
 -5.7815000E+04  3.382E-01 -5.983E-02  2.688E-01
 -5.7813000E+04  3.591E-01 -5.357E-02  1.794E-01
 -5.7811000E+04  3.543E-01 -5.204E-02  1.690E-01
 -5.7809000E+04  3.445E-01 -5.365E-02  1.932E-01
 -5.7807000E+04  3.673E-01 -5.925E-02  2.254E-01
 -5.7805000E+04  3.683E-01 -6.352E-02  2.697E-01
 -5.7803000E+04  3.203E-01 -5.226E-02  2.051E-01
 -5.7801000E+04  2.632E-01 -3.971E-02  1.399E-01
 -5.7799000E+04  2.978E-01 -4.772E-02  1.760E-01
 -5.7797000E+04  3.579E-01 -5.973E-02  2.347E-01
 -5.7795000E+04  2.892E-01 -5.062E-02  2.235E-01
 -5.7793000E+04  2.686E-01 -4.595E-02  1.968E-01
 -5.7791000E+04  3.028E-01 -4.975E-02  2.041E-01
 -5.7789000E+04  2.511E-01 -4.232E-02  1.814E-01
 -5.7787000E+04  2.886E-01 -5.177E-02  2.297E-01
 -5.7785000E+04  3.288E-01 -4.611E-02  1.329E-01
 -5.7783000E+04  2.888E-01 -4.389E-02  1.604E-01
 -5.7781000E+04  3.012E-01 -5.150E-02  2.186E-01
 -5.7779000E+04  2.782E-01 -4.684E-02  1.979E-01
 -5.7777000E+04  3.491E-01 -5.802E-02  2.243E-01
 -5.7775000E+04  3.132E-01 -5.167E-02  2.014E-01
 -5.7773000E+04  2.635E-01 -4.230E-02  1.626E-01
 -5.7771000E+04  3.525E-01 -5.016E-02  1.377E-01
 -5.7769000E+04  2.259E-01 -4.021E-02  1.835E-01
 -5.7767000E+04  2.789E-01 -4.789E-02  1.998E-01
 -5.7765000E+04  2.811E-01 -4.857E-02  2.060E-01
 -5.7763000E+04  3.361E-01 -5.550E-02  1.931E-01
 -5.7761000E+04  3.049E-01 -5.284E-02  2.260E-01
 -5.7759000E+04  2.433E-01 -4.056E-02  1.490E-01
 -5.7757000E+04  2.247E-01 -3.361E-02  1.228E-01
 -5.7755000E+04  3.289E-01 -5.091E-02  1.872E-01
 -5.7753000E+04  2.537E-01 -4.396E-02  1.898E-01
 -5.7751000E+04  2.848E-01 -4.749E-02  1.985E-01
 -5.7749000E+04  2.315E-01 -3.880E-02  1.579E-01
 -5.7747000E+04  2.638E-01 -4.399E-02  1.809E-01
 -5.7745000E+04  2.698E-01 -4.229E-02  1.701E-01
 -5.7743000E+04  2.502E-01 -3.906E-02  1.358E-01
 -5.7741000E+04  2.601E-01 -4.060E-02  1.712E-01
 -5.7739000E+04  2.438E-01 -4.503E-02  2.087E-01
 -5.7737000E+04  2.406E-01 -3.836E-02  1.486E-01
 -5.7735000E+04  2.618E-01 -4.661E-02  1.707E-01
 -5.7733000E+04  2.284E-01 -3.780E-02  1.500E-01
 -5.7731000E+04  2.373E-01 -3.525E-02  1.272E-01
 -5.7729000E+04  2.214E-01 -3.301E-02  1.196E-01
 -5.7727000E+04  2.684E-01 -4.107E-02  1.523E-01
 -5.7725000E+04  1.987E-01 -3.423E-02  1.360E-01
 -5.7723000E+04  2.456E-01 -4.112E-02  1.703E-01
 -5.7721000E+04  2.352E-01 -3.839E-02  1.598E-01
 -5.7719000E+04  2.311E-01 -3.950E-02  1.595E-01
 -5.7717000E+04  2.187E-01 -3.717E-02  1.541E-01
 -5.7715000E+04  2.423E-01 -3.721E-02  1.282E-01
 -5.7713000E+04  2.347E-01 -3.508E-02  1.170E-01
 -5.7711000E+04  2.126E-01 -3.704E-02  1.652E-01
 -5.7709000E+04  2.214E-01 -3.394E-02  1.180E-01
 -5.7707000E+04  2.483E-01 -3.790E-02  1.360E-01
 -5.7705000E+04  2.320E-01 -3.444E-02  1.132E-01
 -5.7703000E+04  2.341E-01 -3.686E-02  1.340E-01
 -5.7701000E+04  1.542E-01 -3.035E-02  1.552E-01
 -5.7699000E+04  1.741E-01 -3.209E-02  1.421E-01
 -5.7697000E+04  2.339E-01 -3.505E-02  1.155E-01
 -5.7695000E+04  2.511E-01 -4.088E-02  1.557E-01
 -5.7693000E+04  2.191E-01 -3.304E-02  1.137E-01
 -5.7691000E+04  2.055E-01 -3.127E-02  1.114E-01
 -5.7689000E+04  1.961E-01 -3.327E-02  1.413E-01
 -5.7687000E+04  1.861E-01 -2.811E-02  9.574E-02
 -5.7685000E+04  2.052E-01 -3.589E-02  1.460E-01
 -5.7683000E+04  1.828E-01 -3.103E-02  1.317E-01
 -5.7681000E+04  1.722E-01 -2.840E-02  1.256E-01
 -5.7679000E+04  1.689E-01 -3.092E-02  1.502E-01
 -5.7677000E+04  2.131E-01 -3.740E-02  1.480E-01
 -5.7675000E+04  1.887E-01 -3.298E-02  1.403E-01
 -5.7673000E+04  2.071E-01 -3.387E-02  1.343E-01
 -5.7671000E+04  2.158E-01 -3.087E-02  9.101E-02
 -5.7669000E+04  1.943E-01 -2.936E-02  9.496E-02
 -5.7667000E+04  2.236E-01 -3.610E-02  1.371E-01
 -5.7665000E+04  1.842E-01 -3.152E-02  1.360E-01
 -5.7663000E+04  2.159E-01 -3.397E-02  1.284E-01
 -5.7661000E+04  1.961E-01 -3.142E-02  1.088E-01
 -5.7659000E+04  1.654E-01 -2.722E-02  1.101E-01
 -5.7657000E+04  2.173E-01 -3.199E-02  1.036E-01
 -5.7655000E+04  1.975E-01 -3.146E-02  1.156E-01
 -5.7653000E+04  1.567E-01 -2.497E-02  9.863E-02
 -5.7651000E+04  1.584E-01 -3.104E-02  1.621E-01
 -5.7649000E+04  1.718E-01 -3.171E-02  1.418E-01
 -5.7647000E+04  1.681E-01 -2.623E-02  1.052E-01
 -5.7645000E+04  1.728E-01 -2.460E-02  7.830E-02
 -5.7643000E+04  1.321E-01 -2.529E-02  1.235E-01
 -5.7641000E+04  1.721E-01 -2.632E-02  9.381E-02
 -5.7639000E+04  1.649E-01 -2.996E-02  1.355E-01
 -5.7637000E+04  1.681E-01 -2.791E-02  1.103E-01
 -5.7635000E+04  1.381E-01 -2.384E-02  1.055E-01
 -5.7633000E+04  1.633E-01 -2.790E-02  1.191E-01
 -5.7631000E+04  1.636E-01 -2.639E-02  1.065E-01
 -5.7629000E+04  1.673E-01 -2.524E-02  9.799E-02
 -5.7627000E+04  1.848E-01 -3.109E-02  1.271E-01
 -5.7625000E+04  1.689E-01 -2.763E-02  1.030E-01
 -5.7623000E+04  1.516E-01 -2.587E-02  1.104E-01
 -5.7621000E+04  1.896E-01 -2.891E-02  9.913E-02
 -5.7619000E+04  1.359E-01 -2.214E-02  9.385E-02
 -5.7617000E+04  1.341E-01 -2.257E-02  1.021E-01
 -5.7615000E+04  1.511E-01 -2.391E-02  9.208E-02
 -5.7613000E+04  1.539E-01 -2.366E-02  7.991E-02
 -5.7611000E+04  1.574E-01 -2.642E-02  1.099E-01
 -5.7609000E+04  1.736E-01 -2.817E-02  1.068E-01
 -5.7607000E+04  1.410E-01 -2.366E-02  1.103E-01
 -5.7605000E+04  1.484E-01 -2.343E-02  8.581E-02
 -5.7603000E+04  1.663E-01 -2.465E-02  7.308E-02
 -5.7601000E+04  1.300E-01 -2.070E-02  8.408E-02
 -5.7599000E+04  1.611E-01 -2.689E-02  9.600E-02
 -5.7597000E+04  1.459E-01 -2.325E-02  8.537E-02
 -5.7595000E+04  1.270E-01 -2.062E-02  7.605E-02
 -5.7593000E+04  1.472E-01 -2.602E-02  1.161E-01
 -5.7591000E+04  1.626E-01 -2.669E-02  1.181E-01
 -5.7589000E+04  1.447E-01 -2.598E-02  1.177E-01
 -5.7587000E+04  1.494E-01 -2.500E-02  9.901E-02
 -5.7585000E+04  1.530E-01 -2.307E-02  6.753E-02
 -5.7583000E+04  1.325E-01 -2.073E-02  7.496E-02
 -5.7581000E+04  1.231E-01 -1.956E-02  8.460E-02
 -5.7579000E+04  1.526E-01 -2.481E-02  8.516E-02
 -5.7577000E+04  1.453E-01 -2.390E-02  9.788E-02
