  2.3237000E+04 -0.000E+00 -0.000E+00  0.000E+00
  2.3239000E+04 -0.000E+00 -0.000E+00  0.000E+00
  2.3241000E+04 -0.000E+00 -0.000E+00  0.000E+00
  2.3243000E+04 -0.000E+00 -0.000E+00  0.000E+00
  2.3245000E+04 -0.000E+00 -0.000E+00  0.000E+00
  2.3247000E+04 -0.000E+00 -0.000E+00  0.000E+00
  2.3249000E+04 -0.000E+00 -0.000E+00  0.000E+00
  2.3251000E+04 -0.000E+00 -0.000E+00  0.000E+00
  2.3253000E+04 -0.000E+00 -0.000E+00  0.000E+00
  2.3255000E+04 -0.000E+00 -0.000E+00  0.000E+00
  2.3257000E+04 -0.000E+00 -0.000E+00  0.000E+00
  2.3259000E+04 -0.000E+00 -0.000E+00  0.000E+00
  2.3261000E+04 -0.000E+00 -0.000E+00  0.000E+00
  2.3263000E+04 -0.000E+00 -0.000E+00  0.000E+00
  2.3265000E+04 -0.000E+00 -0.000E+00  0.000E+00
  2.3267000E+04 -0.000E+00 -0.000E+00  0.000E+00
  2.3269000E+04 -0.000E+00 -0.000E+00  0.000E+00
  2.3271000E+04 -0.000E+00 -0.000E+00  0.000E+00
  2.3273000E+04 -0.000E+00 -0.000E+00  0.000E+00
  2.3275000E+04 -0.000E+00 -0.000E+00  0.000E+00
  2.3277000E+04  4.853E-06  6.970E-08 -7.614E-06
  2.3279000E+04  1.740E-05 -1.700E-07 -2.114E-05
  2.3281000E+04  1.393E-05 -2.233E-06  1.198E-05
  2.3283000E+04 -4.100E-04  6.144E-05 -2.715E-04
  2.3285000E+04 -4.053E-03  6.203E-04 -2.828E-03
  2.3287000E+04 -2.509E-02  4.670E-03 -2.770E-02
  2.3289000E+04 -1.042E-01  1.675E-02 -8.227E-02
  2.3291000E+04 -3.377E-01  5.622E-02 -2.885E-01
  2.3293000E+04 -8.610E-01  1.369E-01 -6.511E-01
  2.3295000E+04 -1.966E+00  3.101E-01 -1.447E+00
  2.3297000E+04 -3.229E+00  5.043E-01 -2.294E+00
  2.3299000E+04 -4.979E+00  7.713E-01 -3.430E+00
  2.3301000E+04 -6.578E+00  1.002E+00 -4.287E+00
  2.3303000E+04 -7.146E+00  1.093E+00 -4.664E+00
  2.3305000E+04 -7.147E+00  1.094E+00 -4.630E+00
  2.3307000E+04 -5.995E+00  9.279E-01 -3.974E+00
  2.3309000E+04 -4.583E+00  7.097E-01 -3.015E+00
  2.3311000E+04 -3.344E+00  5.094E-01 -2.077E+00
  2.3313000E+04 -2.493E+00  3.864E-01 -1.613E+00
  2.3315000E+04 -1.606E+00  2.459E-01 -9.921E-01
  2.3317000E+04 -9.381E-01  1.452E-01 -5.886E-01
  2.3319000E+04 -5.765E-01  8.922E-02 -3.558E-01
  2.3321000E+04 -1.598E-01  3.752E-02 -2.476E-01
  2.3323000E+04 -1.767E-01  1.979E-02 -4.607E-03
  2.3325000E+04  3.743E-02 -1.004E-02  8.799E-02
  2.3327000E+04  1.520E-01 -2.361E-02  1.069E-01
  2.3329000E+04  2.221E-01 -3.732E-02  1.884E-01
  2.3331000E+04  1.711E-01 -2.880E-02  1.448E-01
  2.3333000E+04  1.942E-01 -2.969E-02  1.268E-01
  2.3335000E+04  2.149E-01 -4.355E-02  2.751E-01
  2.3337000E+04  1.823E-01 -2.387E-02  6.626E-02
  2.3339000E+04  3.647E-01 -4.785E-02  1.325E-01
  2.3341000E+04  3.650E-01 -5.835E-02  2.669E-01
  2.3343000E+04  3.008E-01 -4.418E-02  1.732E-01
  2.3345000E+04  3.987E-01 -5.615E-02  1.947E-01
  2.3347000E+04  3.446E-01 -5.676E-02  2.709E-01
  2.3349000E+04  2.562E-01 -4.670E-02  2.592E-01
  2.3351000E+04  2.844E-01 -4.621E-02  2.140E-01
  2.3353000E+04  2.668E-01 -4.487E-02  2.218E-01
  2.3355000E+04  2.926E-01 -4.688E-02  2.119E-01
  2.3357000E+04  2.258E-01 -3.994E-02  2.134E-01
  2.3359000E+04  2.971E-01 -4.909E-02  2.368E-01
  2.3361000E+04  3.525E-01 -5.278E-02  2.158E-01
  2.3363000E+04  3.096E-01 -5.379E-02  2.763E-01
  2.3365000E+04  3.487E-01 -4.644E-02  1.374E-01
  2.3367000E+04  3.179E-01 -4.857E-02  2.013E-01
  2.3369000E+04  2.447E-01 -3.842E-02  1.710E-01
  2.3371000E+04  3.605E-01 -5.421E-02  2.188E-01
  2.3373000E+04  2.605E-01 -4.110E-02  1.787E-01
  2.3375000E+04  2.749E-01 -4.178E-02  1.730E-01
  2.3377000E+04  3.567E-01 -5.512E-02  2.392E-01
  2.3379000E+04  2.861E-01 -3.751E-02  1.050E-01
  2.3381000E+04  2.665E-01 -4.266E-02  1.929E-01
  2.3383000E+04  2.811E-01 -4.405E-02  1.912E-01
  2.3385000E+04  2.344E-01 -4.206E-02  2.282E-01
  2.3387000E+04  2.079E-01 -3.716E-02  1.998E-01
  2.3389000E+04  3.343E-01 -4.881E-02  1.825E-01
  2.3391000E+04  2.140E-01 -3.477E-02  1.622E-01
  2.3393000E+04  2.552E-01 -3.941E-02  1.702E-01
  2.3395000E+04  2.791E-01 -4.829E-02  2.461E-01
  2.3397000E+04  2.933E-01 -4.451E-02  1.829E-01
  2.3399000E+04  2.756E-01 -4.160E-02  1.685E-01
  2.3401000E+04  2.250E-01 -3.742E-02  1.861E-01
  2.3403000E+04  2.186E-01 -3.668E-02  1.765E-01
  2.3405000E+04  2.668E-01 -3.841E-02  1.392E-01
  2.3407000E+04  2.697E-01 -4.251E-02  1.874E-01
  2.3409000E+04  1.877E-01 -3.341E-02  1.795E-01
  2.3411000E+04  2.786E-01 -4.134E-02  1.608E-01
  2.3413000E+04  2.554E-01 -3.887E-02  1.611E-01
  2.3415000E+04  2.117E-01 -3.223E-02  1.339E-01
  2.3417000E+04  2.331E-01 -3.820E-02  1.853E-01
  2.3419000E+04  2.486E-01 -4.040E-02  1.884E-01
  2.3421000E+04  2.305E-01 -3.282E-02  1.151E-01
  2.3423000E+04  2.082E-01 -3.158E-02  1.392E-01
  2.3425000E+04  2.681E-01 -3.861E-02  1.408E-01
  2.3427000E+04  2.359E-01 -3.821E-02  1.760E-01
  2.3429000E+04  2.473E-01 -3.709E-02  1.500E-01
  2.3431000E+04  2.598E-01 -3.754E-02  1.328E-01
  2.3433000E+04  2.469E-01 -3.974E-02  1.817E-01
  2.3435000E+04  2.422E-01 -3.583E-02  1.380E-01
  2.3437000E+04  2.322E-01 -3.572E-02  1.500E-01
  2.3439000E+04  2.233E-01 -3.208E-02  1.168E-01
  2.3441000E+04  2.368E-01 -3.602E-02  1.505E-01
  2.3443000E+04  1.943E-01 -3.162E-02  1.486E-01
  2.3445000E+04  2.024E-01 -3.175E-02  1.366E-01
  2.3447000E+04  2.068E-01 -3.164E-02  1.307E-01
  2.3449000E+04  2.314E-01 -3.639E-02  1.618E-01
  2.3451000E+04  2.170E-01 -3.048E-02  1.062E-01
  2.3453000E+04  1.742E-01 -2.728E-02  1.200E-01
  2.3455000E+04  2.407E-01 -3.516E-02  1.330E-01
  2.3457000E+04  1.816E-01 -2.898E-02  1.352E-01
  2.3459000E+04  2.078E-01 -3.320E-02  1.491E-01
  2.3461000E+04  2.077E-01 -3.228E-02  1.392E-01
  2.3463000E+04  2.191E-01 -3.515E-02  1.610E-01
  2.3465000E+04  2.368E-01 -3.487E-02  1.348E-01
  2.3467000E+04  2.011E-01 -3.216E-02  1.474E-01
  2.3469000E+04  1.927E-01 -3.357E-02  1.766E-01
  2.3471000E+04  1.935E-01 -2.806E-02  1.022E-01
  2.3473000E+04  1.867E-01 -2.892E-02  1.214E-01
  2.3475000E+04  1.686E-01 -3.026E-02  1.654E-01
  2.3477000E+04  1.682E-01 -2.453E-02  9.625E-02
  2.3479000E+04  1.642E-01 -2.376E-02  8.811E-02
  2.3481000E+04  1.739E-01 -2.645E-02  1.100E-01
  2.3483000E+04  2.216E-01 -3.384E-02  1.426E-01
  2.3485000E+04  1.892E-01 -2.846E-02  1.154E-01
  2.3487000E+04  1.679E-01 -2.723E-02  1.278E-01
  2.3489000E+04  1.921E-01 -2.992E-02  1.291E-01
  2.3491000E+04  2.037E-01 -2.924E-02  1.087E-01
  2.3493000E+04  1.766E-01 -2.548E-02  9.740E-02
  2.3495000E+04  1.568E-01 -2.565E-02  1.209E-01
  2.3497000E+04  1.758E-01 -2.613E-02  9.991E-02
  2.3499000E+04  1.680E-01 -2.933E-02  1.459E-01
  2.3501000E+04  1.554E-01 -2.380E-02  9.921E-02
  2.3503000E+04  1.829E-01 -2.626E-02  9.859E-02
  2.3505000E+04  1.695E-01 -2.865E-02  1.438E-01
  2.3507000E+04  1.574E-01 -2.312E-02  9.092E-02
  2.3509000E+04  1.733E-01 -2.465E-02  8.542E-02
  2.3511000E+04  1.678E-01 -2.850E-02  1.428E-01
  2.3513000E+04  1.814E-01 -2.768E-02  1.178E-01
  2.3515000E+04  1.618E-01 -2.531E-02  1.065E-01
  2.3517000E+04  1.598E-01 -2.390E-02  9.457E-02
  2.3519000E+04  1.678E-01 -2.596E-02  1.180E-01
  2.3521000E+04  1.518E-01 -2.459E-02  1.124E-01
  2.3523000E+04  1.511E-01 -2.304E-02  9.813E-02
  2.3525000E+04  1.839E-01 -2.736E-02  1.097E-01
  2.3527000E+04  1.323E-01 -1.945E-02  7.149E-02
  2.3529000E+04  1.542E-01 -2.325E-02  9.787E-02
  2.3531000E+04  1.924E-01 -2.957E-02  1.181E-01
  2.3533000E+04  1.363E-01 -2.013E-02  8.340E-02
  2.3535000E+04  1.638E-01 -2.595E-02  1.206E-01
  2.3537000E+04  1.245E-01 -2.088E-02  1.055E-01
  2.3539000E+04  1.198E-01 -2.080E-02  1.053E-01
  2.3541000E+04  1.789E-01 -2.405E-02  7.306E-02
  2.3543000E+04  1.568E-01 -2.410E-02  1.017E-01
  2.3545000E+04  1.488E-01 -2.288E-02  9.792E-02
  2.3547000E+04  1.599E-01 -2.319E-02  8.669E-02
  2.3549000E+04  1.268E-01 -2.283E-02  1.298E-01
  2.3551000E+04  1.358E-01 -2.255E-02  1.119E-01
  2.3553000E+04  1.584E-01 -2.348E-02  9.345E-02
  2.3555000E+04  1.343E-01 -2.111E-02  8.985E-02
  2.3557000E+04  1.257E-01 -2.101E-02  1.038E-01
  2.3559000E+04  1.313E-01 -1.909E-02  7.398E-02
  2.3561000E+04  1.348E-01 -2.012E-02  7.712E-02
  2.3563000E+04  1.432E-01 -2.248E-02  1.027E-01
  2.3565000E+04  1.511E-01 -2.179E-02  7.857E-02
  2.3567000E+04  1.246E-01 -2.015E-02  1.007E-01
  2.3569000E+04  1.280E-01 -2.062E-02  9.552E-02
  2.3571000E+04  1.187E-01 -1.872E-02  8.091E-02
  2.3573000E+04  1.139E-01 -1.783E-02  7.434E-02
  2.3575000E+04  1.413E-01 -2.054E-02  7.680E-02
  2.3577000E+04  1.148E-01 -1.752E-02  7.329E-02
  2.3579000E+04  1.196E-01 -1.926E-02  8.485E-02
  2.3581000E+04  1.166E-01 -1.987E-02  9.732E-02
  2.3583000E+04  1.341E-01 -1.924E-02  6.788E-02
  2.3585000E+04  1.217E-01 -1.784E-02  7.105E-02
  2.3587000E+04  1.317E-01 -2.074E-02  8.587E-02
  2.3589000E+04  1.162E-01 -1.850E-02  7.734E-02
  2.3591000E+04  1.329E-01 -2.133E-02  9.477E-02
  2.3593000E+04  1.260E-01 -1.893E-02  8.199E-02
  2.3595000E+04  1.242E-01 -1.877E-02  8.104E-02
  2.3597000E+04  1.177E-01 -1.723E-02  6.688E-02
  2.3599000E+04  1.144E-01 -1.699E-02  7.050E-02
  2.3601000E+04  1.262E-01 -2.088E-02  1.039E-01
  2.3603000E+04  9.929E-02 -1.613E-02  7.803E-02
  2.3605000E+04  1.381E-01 -1.962E-02  6.678E-02
  2.3607000E+04  1.190E-01 -1.747E-02  6.491E-02
  2.3609000E+04  1.323E-01 -1.975E-02  8.220E-02
  2.3611000E+04  1.157E-01 -1.733E-02  7.350E-02
  2.3613000E+04  1.169E-01 -1.767E-02  7.045E-02
  2.3615000E+04  1.227E-01 -1.844E-02  7.489E-02
