  9.0857000E+04 -0.000E+00 -0.000E+00  0.000E+00
  9.0859000E+04 -0.000E+00 -0.000E+00  0.000E+00
  9.0861000E+04 -0.000E+00 -0.000E+00  0.000E+00
  9.0863000E+04 -0.000E+00 -0.000E+00  0.000E+00
  9.0865000E+04 -0.000E+00 -0.000E+00  0.000E+00
  9.0867000E+04 -0.000E+00 -0.000E+00  0.000E+00
  9.0869000E+04 -0.000E+00 -0.000E+00  0.000E+00
  9.0871000E+04 -0.000E+00 -0.000E+00  0.000E+00
  9.0873000E+04 -0.000E+00 -0.000E+00  0.000E+00
  9.0875000E+04 -0.000E+00 -0.000E+00  0.000E+00
  9.0877000E+04 -0.000E+00 -0.000E+00  0.000E+00
  9.0879000E+04 -0.000E+00 -0.000E+00  0.000E+00
  9.0881000E+04 -0.000E+00 -0.000E+00  0.000E+00
  9.0883000E+04 -0.000E+00 -0.000E+00  0.000E+00
  9.0885000E+04 -0.000E+00 -0.000E+00  0.000E+00
  9.0887000E+04 -0.000E+00 -0.000E+00  0.000E+00
  9.0889000E+04 -0.000E+00 -0.000E+00  0.000E+00
  9.0891000E+04 -0.000E+00 -0.000E+00  0.000E+00
  9.0893000E+04 -0.000E+00 -0.000E+00  0.000E+00
  9.0895000E+04 -0.000E+00 -0.000E+00  0.000E+00
  9.0897000E+04 -0.000E+00 -0.000E+00  0.000E+00
  9.0899000E+04 -0.000E+00 -0.000E+00  0.000E+00
  9.0901000E+04 -0.000E+00 -0.000E+00  0.000E+00
  9.0903000E+04 -0.000E+00 -0.000E+00  0.000E+00
  9.0905000E+04  2.164E-09 -5.842E-10  5.159E-09
  9.0907000E+04 -2.847E-04  3.771E-05 -1.619E-04
  9.0909000E+04 -3.406E-03  4.910E-04 -2.481E-03
  9.0911000E+04 -4.354E-02  6.138E-03 -2.964E-02
  9.0913000E+04 -1.635E-01  2.235E-02 -1.021E-01
  9.0915000E+04 -5.644E-01  7.960E-02 -3.854E-01
  9.0917000E+04 -1.525E+00  2.106E-01 -9.806E-01
  9.0919000E+04 -3.084E+00  4.296E-01 -2.034E+00
  9.0921000E+04 -5.285E+00  7.340E-01 -3.458E+00
  9.0923000E+04 -7.201E+00  9.986E-01 -4.691E+00
  9.0925000E+04 -8.069E+00  1.121E+00 -5.291E+00
  9.0927000E+04 -7.318E+00  1.032E+00 -5.016E+00
  9.0929000E+04 -5.678E+00  7.991E-01 -3.873E+00
  9.0931000E+04 -3.585E+00  5.149E-01 -2.594E+00
  9.0933000E+04 -2.395E+00  3.264E-01 -1.490E+00
  9.0935000E+04 -1.381E+00  1.988E-01 -1.014E+00
  9.0937000E+04 -5.840E-01  8.671E-02 -4.658E-01
  9.0939000E+04 -3.341E-01  3.720E-02 -9.838E-02
  9.0941000E+04 -1.009E-01  2.790E-03  8.445E-02
  9.0943000E+04  1.321E-01 -9.173E-03 -4.967E-02
  9.0945000E+04  1.606E-01 -2.099E-02  8.186E-02
  9.0947000E+04  1.747E-01 -2.913E-02  1.763E-01
  9.0949000E+04  2.698E-01 -3.329E-02  1.127E-01
  9.0951000E+04  2.149E-01 -3.409E-02  1.969E-01
  9.0953000E+04  2.575E-01 -3.317E-02  1.253E-01
  9.0955000E+04  2.860E-01 -4.501E-02  2.557E-01
  9.0957000E+04  2.871E-01 -4.314E-02  2.314E-01
  9.0959000E+04  2.142E-01 -3.421E-02  1.988E-01
  9.0961000E+04  2.867E-01 -3.951E-02  1.801E-01
  9.0963000E+04  3.020E-01 -3.907E-02  1.531E-01
  9.0965000E+04  2.395E-01 -3.614E-02  1.944E-01
  9.0967000E+04  3.259E-01 -4.144E-02  1.570E-01
  9.0969000E+04  2.573E-01 -4.039E-02  2.307E-01
  9.0971000E+04  2.351E-01 -3.939E-02  2.455E-01
  9.0973000E+04  2.513E-01 -3.777E-02  2.004E-01
  9.0975000E+04  2.809E-01 -3.685E-02  1.486E-01
  9.0977000E+04  3.101E-01 -4.260E-02  1.933E-01
  9.0979000E+04  3.041E-01 -3.882E-02  1.477E-01
  9.0981000E+04  2.069E-01 -3.442E-02  2.124E-01
  9.0983000E+04  3.037E-01 -3.856E-02  1.441E-01
  9.0985000E+04  3.403E-01 -4.532E-02  1.945E-01
  9.0987000E+04  2.429E-01 -3.660E-02  1.983E-01
  9.0989000E+04  2.376E-01 -3.408E-02  1.688E-01
  9.0991000E+04  2.818E-01 -4.413E-02  2.537E-01
  9.0993000E+04  2.721E-01 -4.161E-02  2.280E-01
  9.0995000E+04  2.611E-01 -3.547E-02  1.559E-01
  9.0997000E+04  2.959E-01 -4.101E-02  1.894E-01
  9.0999000E+04  2.028E-01 -2.924E-02  1.464E-01
  9.1001000E+04  2.336E-01 -3.592E-02  2.000E-01
  9.1003000E+04  2.401E-01 -3.597E-02  1.955E-01
  9.1005000E+04  2.686E-01 -3.456E-02  1.346E-01
  9.1007000E+04  2.258E-01 -3.215E-02  1.585E-01
  9.1009000E+04  2.330E-01 -3.417E-02  1.796E-01
  9.1011000E+04  2.434E-01 -3.407E-02  1.628E-01
  9.1013000E+04  2.476E-01 -3.430E-02  1.596E-01
  9.1015000E+04  2.493E-01 -3.539E-02  1.723E-01
  9.1017000E+04  2.472E-01 -3.547E-02  1.729E-01
  9.1019000E+04  2.168E-01 -2.941E-02  1.303E-01
  9.1021000E+04  1.843E-01 -2.771E-02  1.514E-01
  9.1023000E+04  2.639E-01 -3.770E-02  1.806E-01
  9.1025000E+04  1.940E-01 -2.758E-02  1.364E-01
  9.1027000E+04  1.978E-01 -3.072E-02  1.744E-01
  9.1029000E+04  2.383E-01 -3.181E-02  1.347E-01
  9.1031000E+04  2.250E-01 -3.228E-02  1.589E-01
  9.1033000E+04  2.416E-01 -3.261E-02  1.431E-01
  9.1035000E+04  2.255E-01 -3.409E-02  1.858E-01
  9.1037000E+04  2.202E-01 -3.188E-02  1.650E-01
  9.1039000E+04  2.666E-01 -3.559E-02  1.529E-01
  9.1041000E+04  1.882E-01 -2.522E-02  1.053E-01
  9.1043000E+04  1.565E-01 -2.410E-02  1.346E-01
  9.1045000E+04  2.072E-01 -2.999E-02  1.512E-01
  9.1047000E+04  2.213E-01 -2.934E-02  1.242E-01
  9.1049000E+04  2.193E-01 -3.105E-02  1.516E-01
  9.1051000E+04  1.933E-01 -2.662E-02  1.231E-01
  9.1053000E+04  2.062E-01 -2.744E-02  1.181E-01
  9.1055000E+04  2.060E-01 -2.816E-02  1.259E-01
  9.1057000E+04  2.144E-01 -3.073E-02  1.516E-01
  9.1059000E+04  1.899E-01 -2.657E-02  1.252E-01
  9.1061000E+04  2.234E-01 -3.069E-02  1.410E-01
  9.1063000E+04  1.977E-01 -2.808E-02  1.386E-01
  9.1065000E+04  1.879E-01 -2.520E-02  1.087E-01
  9.1067000E+04  2.017E-01 -2.648E-02  1.106E-01
  9.1069000E+04  1.547E-01 -2.398E-02  1.365E-01
  9.1071000E+04  1.826E-01 -2.698E-02  1.394E-01
  9.1073000E+04  1.961E-01 -2.603E-02  1.102E-01
  9.1075000E+04  1.738E-01 -2.349E-02  1.033E-01
  9.1077000E+04  1.851E-01 -2.476E-02  1.085E-01
  9.1079000E+04  1.834E-01 -2.677E-02  1.395E-01
  9.1081000E+04  1.885E-01 -2.656E-02  1.287E-01
  9.1083000E+04  2.148E-01 -2.845E-02  1.193E-01
  9.1085000E+04  1.593E-01 -2.207E-02  1.030E-01
  9.1087000E+04  1.819E-01 -2.549E-02  1.220E-01
  9.1089000E+04  1.953E-01 -2.798E-02  1.399E-01
  9.1091000E+04  1.872E-01 -2.490E-02  1.071E-01
  9.1093000E+04  1.374E-01 -2.230E-02  1.340E-01
  9.1095000E+04  1.547E-01 -1.977E-02  7.719E-02
  9.1097000E+04  1.891E-01 -2.610E-02  1.200E-01
  9.1099000E+04  1.575E-01 -2.059E-02  8.597E-02
  9.1101000E+04  1.814E-01 -2.566E-02  1.235E-01
  9.1103000E+04  1.597E-01 -2.269E-02  1.122E-01
  9.1105000E+04  1.823E-01 -2.504E-02  1.136E-01
  9.1107000E+04  1.758E-01 -2.245E-02  8.707E-02
  9.1109000E+04  1.539E-01 -2.281E-02  1.225E-01
  9.1111000E+04  1.681E-01 -2.343E-02  1.120E-01
  9.1113000E+04  1.754E-01 -2.476E-02  1.191E-01
  9.1115000E+04  1.591E-01 -2.302E-02  1.239E-01
  9.1117000E+04  1.409E-01 -1.968E-02  9.129E-02
  9.1119000E+04  1.373E-01 -1.912E-02  8.877E-02
  9.1121000E+04  1.620E-01 -2.230E-02  1.026E-01
  9.1123000E+04  1.304E-01 -1.740E-02  7.768E-02
  9.1125000E+04  1.609E-01 -2.317E-02  1.153E-01
  9.1127000E+04  1.423E-01 -2.254E-02  1.285E-01
  9.1129000E+04  1.211E-01 -1.628E-02  7.242E-02
  9.1131000E+04  1.685E-01 -2.208E-02  9.405E-02
  9.1133000E+04  1.631E-01 -2.032E-02  7.574E-02
  9.1135000E+04  1.314E-01 -1.990E-02  1.103E-01
  9.1137000E+04  1.358E-01 -2.074E-02  1.149E-01
  9.1139000E+04  1.543E-01 -2.156E-02  1.020E-01
  9.1141000E+04  1.223E-01 -1.664E-02  7.456E-02
  9.1143000E+04  1.396E-01 -1.911E-02  9.014E-02
  9.1145000E+04  1.668E-01 -2.264E-02  9.850E-02
  9.1147000E+04  1.303E-01 -2.017E-02  1.158E-01
  9.1149000E+04  1.465E-01 -1.900E-02  7.577E-02
  9.1151000E+04  1.554E-01 -2.305E-02  1.221E-01
  9.1153000E+04  1.137E-01 -1.651E-02  8.638E-02
  9.1155000E+04  1.404E-01 -1.894E-02  8.640E-02
  9.1157000E+04  1.425E-01 -1.949E-02  8.693E-02
  9.1159000E+04  1.351E-01 -1.783E-02  7.375E-02
  9.1161000E+04  1.286E-01 -1.802E-02  8.872E-02
  9.1163000E+04  1.444E-01 -2.075E-02  1.056E-01
  9.1165000E+04  1.185E-01 -1.666E-02  7.748E-02
  9.1167000E+04  1.328E-01 -1.881E-02  8.574E-02
  9.1169000E+04  1.225E-01 -1.668E-02  7.411E-02
  9.1171000E+04  9.560E-02 -1.338E-02  6.772E-02
  9.1173000E+04  1.241E-01 -1.766E-02  8.695E-02
  9.1175000E+04  1.133E-01 -1.733E-02  9.713E-02
  9.1177000E+04  1.255E-01 -1.687E-02  7.686E-02
  9.1179000E+04  1.091E-01 -1.603E-02  8.540E-02
  9.1181000E+04  1.303E-01 -1.700E-02  6.867E-02
  9.1183000E+04  1.276E-01 -1.843E-02  9.470E-02
  9.1185000E+04  1.352E-01 -1.876E-02  8.773E-02
  9.1187000E+04  1.175E-01 -1.608E-02  7.300E-02
  9.1189000E+04  9.408E-02 -1.350E-02  7.008E-02
  9.1191000E+04  1.190E-01 -1.641E-02  7.749E-02
  9.1193000E+04  1.136E-01 -1.698E-02  8.829E-02
  9.1195000E+04  1.357E-01 -1.861E-02  8.532E-02
  9.1197000E+04  1.103E-01 -1.507E-02  7.051E-02
  9.1199000E+04  9.629E-02 -1.367E-02  6.842E-02
  9.1201000E+04  1.342E-01 -1.735E-02  6.993E-02
  9.1203000E+04  1.162E-01 -1.740E-02  9.224E-02
  9.1205000E+04  1.094E-01 -1.478E-02  6.707E-02
  9.1207000E+04  1.087E-01 -1.476E-02  6.693E-02
  9.1209000E+04  1.285E-01 -1.878E-02  9.761E-02
  9.1211000E+04  9.860E-02 -1.380E-02  6.694E-02
  9.1213000E+04  1.020E-01 -1.448E-02  7.027E-02
  9.1215000E+04  1.054E-01 -1.537E-02  7.666E-02
  9.1217000E+04  1.027E-01 -1.359E-02  5.972E-02
  9.1219000E+04  1.020E-01 -1.359E-02  6.116E-02
  9.1221000E+04  1.081E-01 -1.508E-02  7.180E-02
  9.1223000E+04  7.900E-02 -1.072E-02  4.958E-02
  9.1225000E+04  9.193E-02 -1.260E-02  5.800E-02
  9.1227000E+04  1.386E-01 -1.692E-02  5.696E-02
  9.1229000E+04  1.088E-01 -1.419E-02  5.962E-02
  9.1231000E+04  9.940E-02 -1.465E-02  7.731E-02
  9.1233000E+04  8.336E-02 -1.267E-02  6.788E-02
  9.1235000E+04  1.121E-01 -1.561E-02  7.438E-02
