  1.0529500E+05 -0.000E+00 -0.000E+00  0.000E+00
  1.0529700E+05 -0.000E+00 -0.000E+00  0.000E+00
  1.0529900E+05 -0.000E+00 -0.000E+00  0.000E+00
  1.0530100E+05 -0.000E+00 -0.000E+00  0.000E+00
  1.0530300E+05 -0.000E+00 -0.000E+00  0.000E+00
  1.0530500E+05 -0.000E+00 -0.000E+00  0.000E+00
  1.0530700E+05 -0.000E+00 -0.000E+00  0.000E+00
  1.0530900E+05 -0.000E+00 -0.000E+00  0.000E+00
  1.0531100E+05 -0.000E+00 -0.000E+00  0.000E+00
  1.0531300E+05 -0.000E+00 -0.000E+00  0.000E+00
  1.0531500E+05 -0.000E+00 -0.000E+00  0.000E+00
  1.0531700E+05 -0.000E+00 -0.000E+00  0.000E+00
  1.0531900E+05 -0.000E+00 -0.000E+00  0.000E+00
  1.0532100E+05 -0.000E+00 -0.000E+00  0.000E+00
  1.0532300E+05 -0.000E+00 -0.000E+00  0.000E+00
  1.0532500E+05 -0.000E+00 -0.000E+00  0.000E+00
  1.0532700E+05 -0.000E+00 -0.000E+00  0.000E+00
  1.0532900E+05 -0.000E+00 -0.000E+00  0.000E+00
  1.0533100E+05 -0.000E+00 -0.000E+00  0.000E+00
  1.0533300E+05 -0.000E+00 -0.000E+00  0.000E+00
  1.0533500E+05 -0.000E+00 -0.000E+00  0.000E+00
  1.0533700E+05 -0.000E+00 -0.000E+00  0.000E+00
  1.0533900E+05 -2.332E-08  3.094E-09 -1.663E-08
  1.0534100E+05 -1.856E-05  4.437E-06 -4.373E-05
  1.0534300E+05  2.992E-05  5.897E-06 -1.248E-04
  1.0534500E+05 -3.859E-04  3.273E-05  9.669E-06
  1.0534700E+05 -7.234E-03  9.803E-04 -5.322E-03
  1.0534900E+05 -8.285E-02  9.333E-03 -3.525E-02
  1.0535100E+05 -3.059E-01  3.705E-02 -1.667E-01
  1.0535300E+05 -1.009E+00  1.245E-01 -5.869E-01
  1.0535500E+05 -2.319E+00  2.859E-01 -1.359E+00
  1.0535700E+05 -4.318E+00  5.345E-01 -2.586E+00
  1.0535900E+05 -6.614E+00  8.280E-01 -4.137E+00
  1.0536100E+05 -7.973E+00  1.008E+00 -5.183E+00
  1.0536300E+05 -7.790E+00  9.959E-01 -5.278E+00
  1.0536500E+05 -6.381E+00  8.080E-01 -4.263E+00
  1.0536700E+05 -4.360E+00  5.663E-01 -3.155E+00
  1.0536900E+05 -2.693E+00  3.538E-01 -2.031E+00
  1.0537100E+05 -1.531E+00  1.949E-01 -1.087E+00
  1.0537300E+05 -7.006E-01  8.961E-02 -5.204E-01
  1.0537500E+05 -2.823E-01  3.700E-02 -2.394E-01
  1.0537700E+05 -1.311E-01  1.290E-02 -5.991E-02
  1.0537900E+05  2.158E-02 -7.116E-03  6.059E-02
  1.0538100E+05  4.987E-02 -6.528E-03  1.747E-02
  1.0538300E+05  1.707E-01 -2.167E-02  1.041E-01
  1.0538500E+05  1.912E-01 -2.869E-02  1.789E-01
  1.0538700E+05  2.926E-01 -3.778E-02  1.923E-01
  1.0538900E+05  1.974E-01 -2.982E-02  1.903E-01
  1.0539100E+05  2.848E-01 -3.090E-02  1.036E-01
  1.0539300E+05  1.659E-01 -2.978E-02  2.298E-01
  1.0539500E+05  2.486E-01 -3.038E-02  1.410E-01
  1.0539700E+05  2.713E-01 -3.326E-02  1.554E-01
  1.0539900E+05  3.147E-01 -3.813E-02  1.744E-01
  1.0540100E+05  2.823E-01 -3.679E-02  1.966E-01
  1.0540300E+05  2.982E-01 -3.620E-02  1.692E-01
  1.0540500E+05  2.704E-01 -3.944E-02  2.478E-01
  1.0540700E+05  3.803E-01 -4.444E-02  1.937E-01
  1.0540900E+05  2.591E-01 -3.612E-02  2.136E-01
  1.0541100E+05  2.819E-01 -3.489E-02  1.719E-01
  1.0541300E+05  3.027E-01 -3.809E-02  1.909E-01
  1.0541500E+05  2.425E-01 -3.576E-02  2.282E-01
  1.0541700E+05  2.865E-01 -3.677E-02  1.914E-01
  1.0541900E+05  2.691E-01 -3.363E-02  1.680E-01
  1.0542100E+05  2.833E-01 -3.722E-02  2.023E-01
  1.0542300E+05  2.033E-01 -2.968E-02  1.863E-01
  1.0542500E+05  2.217E-01 -2.753E-02  1.375E-01
  1.0542700E+05  2.748E-01 -3.599E-02  1.973E-01
  1.0542900E+05  2.353E-01 -2.990E-02  1.535E-01
  1.0543100E+05  3.059E-01 -3.602E-02  1.596E-01
  1.0543300E+05  2.355E-01 -3.113E-02  1.737E-01
  1.0543500E+05  2.673E-01 -3.725E-02  2.235E-01
  1.0543700E+05  2.524E-01 -3.165E-02  1.605E-01
  1.0543900E+05  2.112E-01 -2.605E-02  1.215E-01
  1.0544100E+05  2.283E-01 -2.979E-02  1.586E-01
  1.0544300E+05  2.656E-01 -3.454E-02  1.888E-01
  1.0544500E+05  2.611E-01 -3.228E-02  1.614E-01
  1.0544700E+05  2.632E-01 -3.533E-02  1.994E-01
  1.0544900E+05  2.523E-01 -3.193E-02  1.638E-01
  1.0545100E+05  1.718E-01 -2.340E-02  1.330E-01
  1.0545300E+05  2.287E-01 -2.785E-02  1.329E-01
  1.0545500E+05  2.634E-01 -3.092E-02  1.322E-01
  1.0545700E+05  2.512E-01 -2.976E-02  1.337E-01
  1.0545900E+05  1.893E-01 -2.732E-02  1.736E-01
  1.0546100E+05  2.560E-01 -3.443E-02  1.941E-01
  1.0546300E+05  2.324E-01 -3.054E-02  1.704E-01
  1.0546500E+05  2.339E-01 -2.682E-02  1.136E-01
  1.0546700E+05  1.991E-01 -2.416E-02  1.161E-01
  1.0546900E+05  2.136E-01 -2.681E-02  1.374E-01
  1.0547100E+05  2.019E-01 -2.701E-02  1.545E-01
  1.0547300E+05  1.914E-01 -2.667E-02  1.587E-01
  1.0547500E+05  2.253E-01 -2.705E-02  1.232E-01
  1.0547700E+05  2.259E-01 -2.688E-02  1.257E-01
  1.0547900E+05  2.117E-01 -2.732E-02  1.464E-01
  1.0548100E+05  2.066E-01 -2.734E-02  1.508E-01
  1.0548300E+05  2.535E-01 -3.081E-02  1.504E-01
  1.0548500E+05  2.134E-01 -2.819E-02  1.630E-01
  1.0548700E+05  1.747E-01 -2.196E-02  1.140E-01
  1.0548900E+05  1.970E-01 -2.348E-02  1.071E-01
  1.0549100E+05  2.052E-01 -2.538E-02  1.210E-01
  1.0549300E+05  1.934E-01 -2.676E-02  1.565E-01
  1.0549500E+05  1.862E-01 -2.271E-02  1.045E-01
  1.0549700E+05  2.145E-01 -2.790E-02  1.535E-01
  1.0549900E+05  1.915E-01 -2.586E-02  1.523E-01
  1.0550100E+05  1.790E-01 -2.268E-02  1.199E-01
  1.0550300E+05  1.892E-01 -2.312E-02  1.129E-01
  1.0550500E+05  1.750E-01 -2.388E-02  1.415E-01
  1.0550700E+05  1.928E-01 -2.329E-02  1.137E-01
  1.0550900E+05  1.844E-01 -2.371E-02  1.274E-01
  1.0551100E+05  1.888E-01 -2.350E-02  1.176E-01
  1.0551300E+05  1.657E-01 -2.026E-02  9.599E-02
  1.0551500E+05  1.398E-01 -1.935E-02  1.131E-01
  1.0551700E+05  1.834E-01 -2.225E-02  1.059E-01
  1.0551900E+05  1.889E-01 -2.300E-02  1.126E-01
  1.0552100E+05  1.916E-01 -2.384E-02  1.235E-01
  1.0552300E+05  1.776E-01 -2.261E-02  1.167E-01
  1.0552500E+05  1.786E-01 -2.119E-02  9.827E-02
  1.0552700E+05  1.579E-01 -2.170E-02  1.316E-01
  1.0552900E+05  1.512E-01 -1.988E-02  1.096E-01
  1.0553100E+05  1.389E-01 -1.724E-02  8.810E-02
  1.0553300E+05  1.723E-01 -2.219E-02  1.135E-01
  1.0553500E+05  1.760E-01 -2.287E-02  1.319E-01
  1.0553700E+05  1.661E-01 -2.146E-02  1.143E-01
  1.0553900E+05  1.876E-01 -2.195E-02  9.869E-02
  1.0554100E+05  1.422E-01 -1.814E-02  9.411E-02
  1.0554300E+05  1.500E-01 -2.050E-02  1.157E-01
  1.0554500E+05  1.781E-01 -2.213E-02  1.135E-01
  1.0554700E+05  1.516E-01 -1.824E-02  8.957E-02
  1.0554900E+05  1.503E-01 -1.904E-02  1.041E-01
  1.0555100E+05  1.575E-01 -2.011E-02  1.055E-01
  1.0555300E+05  1.326E-01 -1.618E-02  8.174E-02
  1.0555500E+05  1.485E-01 -1.915E-02  1.001E-01
  1.0555700E+05  1.468E-01 -1.790E-02  8.226E-02
  1.0555900E+05  1.383E-01 -1.823E-02  1.017E-01
  1.0556100E+05  1.511E-01 -1.864E-02  9.577E-02
  1.0556300E+05  1.235E-01 -1.524E-02  6.330E-02
  1.0556500E+05  1.325E-01 -1.513E-02  6.164E-02
  1.0556700E+05  1.516E-01 -1.866E-02  9.235E-02
  1.0556900E+05  1.408E-01 -1.909E-02  1.119E-01
  1.0557100E+05  1.822E-01 -2.312E-02  1.273E-01
  1.0557300E+05  1.403E-01 -1.914E-02  1.098E-01
  1.0557500E+05  1.497E-01 -1.740E-02  7.840E-02
  1.0557700E+05  1.616E-01 -1.989E-02  9.965E-02
  1.0557900E+05  1.368E-01 -1.814E-02  1.018E-01
  1.0558100E+05  1.238E-01 -1.679E-02  1.021E-01
  1.0558300E+05  1.281E-01 -1.610E-02  8.134E-02
  1.0558500E+05  1.556E-01 -1.896E-02  9.393E-02
  1.0558700E+05  1.482E-01 -1.838E-02  9.259E-02
  1.0558900E+05  1.206E-01 -1.654E-02  9.306E-02
  1.0559100E+05  1.446E-01 -1.892E-02  1.029E-01
  1.0559300E+05  1.441E-01 -1.708E-02  7.926E-02
  1.0559500E+05  1.386E-01 -1.716E-02  8.613E-02
  1.0559700E+05  1.171E-01 -1.601E-02  9.502E-02
  1.0559900E+05  1.211E-01 -1.662E-02  9.784E-02
  1.0560100E+05  1.206E-01 -1.543E-02  8.310E-02
  1.0560300E+05  1.188E-01 -1.458E-02  7.132E-02
  1.0560500E+05  1.290E-01 -1.538E-02  7.300E-02
  1.0560700E+05  1.383E-01 -1.791E-02  1.005E-01
  1.0560900E+05  1.252E-01 -1.610E-02  8.601E-02
  1.0561100E+05  1.209E-01 -1.490E-02  7.831E-02
  1.0561300E+05  1.359E-01 -1.592E-02  7.131E-02
  1.0561500E+05  1.302E-01 -1.628E-02  8.134E-02
  1.0561700E+05  1.088E-01 -1.371E-02  7.066E-02
  1.0561900E+05  1.125E-01 -1.365E-02  6.732E-02
  1.0562100E+05  1.162E-01 -1.434E-02  7.214E-02
  1.0562300E+05  1.171E-01 -1.303E-02  5.142E-02
  1.0562500E+05  1.481E-01 -1.667E-02  6.808E-02
  1.0562700E+05  1.316E-01 -1.704E-02  9.218E-02
  1.0562900E+05  8.025E-02 -1.050E-02  5.785E-02
  1.0563100E+05  1.127E-01 -1.506E-02  9.523E-02
  1.0563300E+05  1.226E-01 -1.457E-02  6.504E-02
  1.0563500E+05  7.799E-02 -1.151E-02  7.127E-02
  1.0563700E+05  1.202E-01 -1.436E-02  6.049E-02
  1.0563900E+05  9.931E-02 -1.217E-02  6.126E-02
  1.0564100E+05  1.033E-01 -1.238E-02  6.275E-02
  1.0564300E+05  1.154E-01 -1.498E-02  7.932E-02
  1.0564500E+05  9.258E-02 -1.398E-02  8.957E-02
  1.0564700E+05  9.121E-02 -1.410E-02  1.027E-01
  1.0564900E+05  1.198E-01 -1.434E-02  6.193E-02
  1.0565100E+05  9.445E-02 -1.132E-02  5.662E-02
  1.0565300E+05  1.159E-01 -1.384E-02  6.816E-02
  1.0565500E+05  1.064E-01 -1.349E-02  7.690E-02
  1.0565700E+05  1.081E-01 -1.359E-02  7.131E-02
  1.0565900E+05  1.215E-01 -1.579E-02  8.521E-02
  1.0566100E+05  1.097E-01 -1.371E-02  7.112E-02
  1.0566300E+05  1.057E-01 -1.175E-02  4.967E-02
  1.0566500E+05  9.628E-02 -1.313E-02  7.738E-02
  1.0566700E+05  1.053E-01 -1.338E-02  6.351E-02
  1.0566900E+05  9.913E-02 -1.346E-02  8.086E-02
  1.0567100E+05  8.908E-02 -1.221E-02  6.871E-02
  1.0567300E+05  9.521E-02 -1.079E-02  4.750E-02
