 -1.1281000E+04  4.247E-01 -5.291E-02  1.965E-01
 -1.1279000E+04  4.958E-01 -6.838E-02  3.089E-01
 -1.1277000E+04  4.976E-01 -6.779E-02  3.023E-01
 -1.1275000E+04  4.830E-01 -6.805E-02  3.197E-01
 -1.1273000E+04  4.060E-01 -5.366E-02  2.320E-01
 -1.1271000E+04  3.576E-01 -5.588E-02  2.991E-01
 -1.1269000E+04  4.555E-01 -4.924E-02  1.226E-01
 -1.1267000E+04  4.226E-01 -6.570E-02  3.530E-01
 -1.1265000E+04  4.329E-01 -5.451E-02  2.148E-01
 -1.1263000E+04  4.990E-01 -6.074E-02  2.126E-01
 -1.1261000E+04  3.752E-01 -5.016E-02  2.170E-01
 -1.1259000E+04  3.964E-01 -5.673E-02  2.730E-01
 -1.1257000E+04  3.731E-01 -5.853E-02  3.126E-01
 -1.1255000E+04  3.453E-01 -4.448E-02  1.885E-01
 -1.1253000E+04  4.232E-01 -5.697E-02  2.487E-01
 -1.1251000E+04  3.757E-01 -5.435E-02  2.641E-01
 -1.1249000E+04  3.671E-01 -5.555E-02  2.836E-01
 -1.1247000E+04  4.259E-01 -5.409E-02  2.095E-01
 -1.1245000E+04  3.565E-01 -5.483E-02  2.937E-01
 -1.1243000E+04  3.313E-01 -4.937E-02  2.581E-01
 -1.1241000E+04  3.299E-01 -4.697E-02  2.241E-01
 -1.1239000E+04  4.192E-01 -5.397E-02  2.161E-01
 -1.1237000E+04  4.327E-01 -5.576E-02  2.313E-01
 -1.1235000E+04  3.180E-01 -4.430E-02  2.038E-01
 -1.1233000E+04  3.068E-01 -5.066E-02  2.738E-01
 -1.1231000E+04  3.383E-01 -4.955E-02  2.471E-01
 -1.1229000E+04  3.259E-01 -4.242E-02  1.805E-01
 -1.1227000E+04  3.358E-01 -4.861E-02  2.385E-01
 -1.1225000E+04  3.778E-01 -5.055E-02  2.211E-01
 -1.1223000E+04  3.124E-01 -4.323E-02  2.046E-01
 -1.1221000E+04  3.087E-01 -4.159E-02  1.943E-01
 -1.1219000E+04  2.975E-01 -4.099E-02  1.833E-01
 -1.1217000E+04  3.726E-01 -5.028E-02  2.179E-01
 -1.1215000E+04  3.265E-01 -4.075E-02  1.505E-01
 -1.1213000E+04  3.409E-01 -4.895E-02  2.442E-01
 -1.1211000E+04  2.903E-01 -4.145E-02  1.924E-01
 -1.1209000E+04  2.563E-01 -3.844E-02  1.936E-01
 -1.1207000E+04  2.415E-01 -3.657E-02  1.830E-01
 -1.1205000E+04  3.427E-01 -4.354E-02  1.821E-01
 -1.1203000E+04  2.654E-01 -3.573E-02  1.546E-01
 -1.1201000E+04  2.984E-01 -3.914E-02  1.672E-01
 -1.1199000E+04  3.596E-01 -4.423E-02  1.731E-01
 -1.1197000E+04  3.144E-01 -4.398E-02  2.076E-01
 -1.1195000E+04  3.019E-01 -4.105E-02  1.814E-01
 -1.1193000E+04  2.638E-01 -4.307E-02  2.498E-01
 -1.1191000E+04  2.582E-01 -3.742E-02  1.717E-01
 -1.1189000E+04  2.594E-01 -3.780E-02  1.880E-01
 -1.1187000E+04  2.622E-01 -3.338E-02  1.435E-01
 -1.1185000E+04  2.416E-01 -3.520E-02  1.739E-01
 -1.1183000E+04  2.705E-01 -3.795E-02  1.873E-01
 -1.1181000E+04  2.606E-01 -3.471E-02  1.518E-01
 -1.1179000E+04  3.074E-01 -4.032E-02  1.715E-01
 -1.1177000E+04  2.627E-01 -3.737E-02  1.770E-01
 -1.1175000E+04  2.422E-01 -3.356E-02  1.528E-01
 -1.1173000E+04  3.120E-01 -4.480E-02  2.221E-01
 -1.1171000E+04  2.372E-01 -3.316E-02  1.648E-01
 -1.1169000E+04  2.413E-01 -3.219E-02  1.419E-01
 -1.1167000E+04  2.525E-01 -3.452E-02  1.493E-01
 -1.1165000E+04  2.212E-01 -2.981E-02  1.345E-01
 -1.1163000E+04  2.417E-01 -2.956E-02  1.121E-01
 -1.1161000E+04  2.479E-01 -3.342E-02  1.549E-01
 -1.1159000E+04  2.429E-01 -3.401E-02  1.519E-01
 -1.1157000E+04  2.254E-01 -3.161E-02  1.456E-01
 -1.1155000E+04  1.969E-01 -2.886E-02  1.465E-01
 -1.1153000E+04  2.277E-01 -3.368E-02  1.700E-01
 -1.1151000E+04  2.659E-01 -3.697E-02  1.718E-01
 -1.1149000E+04  2.460E-01 -3.078E-02  1.199E-01
 -1.1147000E+04  2.336E-01 -3.389E-02  1.652E-01
 -1.1145000E+04  2.097E-01 -2.753E-02  1.226E-01
 -1.1143000E+04  2.252E-01 -3.166E-02  1.486E-01
 -1.1141000E+04  2.238E-01 -3.364E-02  1.543E-01
 -1.1139000E+04  2.177E-01 -2.777E-02  1.403E-01
 -1.1137000E+04  2.254E-01 -2.838E-02  1.242E-01
 -1.1135000E+04  2.256E-01 -2.908E-02  1.262E-01
 -1.1133000E+04  2.431E-01 -3.157E-02  1.398E-01
 -1.1131000E+04  2.346E-01 -3.272E-02  1.483E-01
 -1.1129000E+04  2.226E-01 -2.946E-02  1.355E-01
 -1.1127000E+04  2.606E-01 -2.598E-02  1.084E-01
 -1.1125000E+04  1.645E-01 -2.743E-02  1.095E-01
 -1.1123000E+04  2.179E-01 -3.231E-02  1.479E-01
 -1.1121000E+04  2.024E-01 -2.572E-02  1.054E-01
 -1.1119000E+04  2.028E-01 -2.813E-02  1.372E-01
 -1.1117000E+04  2.044E-01 -2.689E-02  1.165E-01
 -1.1115000E+04  1.967E-01 -2.885E-02  1.369E-01
 -1.1113000E+04  1.837E-01 -2.522E-02  1.204E-01
 -1.1111000E+04  2.466E-01 -3.173E-02  1.474E-01
 -1.1109000E+04  1.484E-01 -2.881E-02  1.443E-01
 -1.1107000E+04  1.944E-01 -2.730E-02  1.411E-01
 -1.1105000E+04  1.906E-01 -2.735E-02  1.320E-01
 -1.1103000E+04  1.794E-01 -2.538E-02  1.093E-01
 -1.1101000E+04  2.009E-01 -2.660E-02  1.178E-01
 -1.1099000E+04  1.942E-01 -2.590E-02  1.257E-01
 -1.1097000E+04  1.760E-01 -2.346E-02  9.278E-02
 -1.1095000E+04  1.810E-01 -2.761E-02  1.342E-01
 -1.1093000E+04  1.920E-01 -2.939E-02  1.606E-01
 -1.1091000E+04  1.779E-01 -2.570E-02  1.197E-01
 -1.1089000E+04  1.609E-01 -2.051E-02  6.682E-02
 -1.1087000E+04  1.926E-01 -2.234E-02  8.731E-02
 -1.1085000E+04  1.922E-01 -2.381E-02  8.804E-02
 -1.1083000E+04  1.779E-01 -2.443E-02  1.137E-01
 -1.1081000E+04  1.923E-01 -2.613E-02  1.376E-01
 -1.1079000E+04  1.752E-01 -2.458E-02  1.224E-01
 -1.1077000E+04  1.805E-01 -2.196E-02  9.771E-02
 -1.1075000E+04  1.765E-01 -2.479E-02  1.127E-01
 -1.1073000E+04  1.530E-01 -2.199E-02  1.154E-01
 -1.1071000E+04  1.811E-01 -2.552E-02  1.119E-01
 -1.1069000E+04  1.550E-01 -2.269E-02  1.199E-01
 -1.1067000E+04  1.364E-01 -1.967E-02  9.526E-02
 -1.1065000E+04  1.593E-01 -2.205E-02  9.958E-02
 -1.1063000E+04  1.610E-01 -2.422E-02  1.343E-01
 -1.1061000E+04  1.842E-01 -2.238E-02  8.710E-02
 -1.1059000E+04  1.332E-01 -2.085E-02  1.120E-01
 -1.1057000E+04  1.604E-01 -2.293E-02  1.078E-01
 -1.1055000E+04  1.517E-01 -1.981E-02  8.360E-02
 -1.1053000E+04  1.426E-01 -1.815E-02  8.021E-02
 -1.1051000E+04  1.705E-01 -2.337E-02  9.698E-02
 -1.1049000E+04  1.547E-01 -2.181E-02  1.007E-01
 -1.1047000E+04  1.481E-01 -2.093E-02  1.001E-01
 -1.1045000E+04  1.729E-01 -2.186E-02  8.560E-02
 -1.1043000E+04  1.535E-01 -2.172E-02  1.059E-01
 -1.1041000E+04  1.329E-01 -2.240E-02  1.047E-01
 -1.1039000E+04  1.347E-01 -1.721E-02  9.915E-02
 -1.1037000E+04  1.786E-01 -2.262E-02  9.648E-02
 -1.1035000E+04  1.396E-01 -1.905E-02  8.338E-02
 -1.1033000E+04  1.409E-01 -2.161E-02  9.661E-02
 -1.1031000E+04  1.562E-01 -2.253E-02  1.117E-01
 -1.1029000E+04  1.407E-01 -1.881E-02  7.860E-02
 -1.1027000E+04  1.390E-01 -1.923E-02  9.617E-02
 -1.1025000E+04  1.287E-01 -1.792E-02  9.040E-02
 -1.1023000E+04  1.370E-01 -1.822E-02  8.784E-02
 -1.1021000E+04  1.332E-01 -1.875E-02  8.703E-02
 -1.1019000E+04  1.406E-01 -2.259E-02  1.095E-01
 -1.1017000E+04  1.016E-01 -1.286E-02  6.194E-02
 -1.1015000E+04  1.287E-01 -1.852E-02  8.040E-02
 -1.1013000E+04  1.492E-01 -1.894E-02  9.088E-02
 -1.1011000E+04  1.309E-01 -1.634E-02  6.821E-02
 -1.1009000E+04  1.385E-01 -1.684E-02  6.031E-02
 -1.1007000E+04  1.486E-01 -2.135E-02  1.117E-01
 -1.1005000E+04  9.950E-02 -1.835E-02  9.465E-02
 -1.1003000E+04  1.259E-01 -1.926E-02  7.351E-02
 -1.1001000E+04  1.262E-01 -1.537E-02  6.182E-02
 -1.0999000E+04  1.175E-01 -1.489E-02  7.782E-02
 -1.0997000E+04  1.155E-01 -1.440E-02  6.069E-02
 -1.0995000E+04  1.549E-01 -1.715E-02  4.526E-02
 -1.0993000E+04  1.030E-01 -1.671E-02  9.934E-02
 -1.0991000E+04  1.288E-01 -1.756E-02  9.912E-02
 -1.0989000E+04  1.388E-01 -1.826E-02  8.454E-02
 -1.0987000E+04  1.329E-01 -1.988E-02  9.698E-02
 -1.0985000E+04  1.445E-01 -1.858E-02  6.946E-02
 -1.0983000E+04  1.427E-01 -1.785E-02  7.445E-02
 -1.0981000E+04  1.223E-01 -1.384E-02  4.779E-02
 -1.0979000E+04  1.095E-01 -1.496E-02  6.717E-02
 -1.0977000E+04  1.070E-01 -1.708E-02  8.783E-02
 -1.0975000E+04  1.039E-01 -1.170E-02  5.101E-02
 -1.0973000E+04  1.291E-01 -1.836E-02  8.405E-02
 -1.0971000E+04  1.310E-01 -1.817E-02  8.436E-02
 -1.0969000E+04  1.082E-01 -1.743E-02  9.658E-02
 -1.0967000E+04  1.195E-01 -1.622E-02  7.610E-02
 -1.0965000E+04  9.738E-02 -1.439E-02  7.332E-02
 -1.0963000E+04  1.006E-01 -1.385E-02  5.930E-02
 -1.0961000E+04  1.151E-01 -1.715E-02  7.541E-02
 -1.0959000E+04  1.068E-01 -1.484E-02  7.362E-02
 -1.0957000E+04  9.374E-02 -1.272E-02  4.850E-02
 -1.0955000E+04  9.197E-02 -1.221E-02  6.375E-02
 -1.0953000E+04  1.254E-01 -1.818E-02  9.447E-02
 -1.0951000E+04  1.173E-01 -1.488E-02  6.534E-02
 -1.0949000E+04  1.276E-01 -1.680E-02  6.894E-02
 -1.0947000E+04  1.343E-01 -1.966E-02  9.861E-02
 -1.0945000E+04  9.950E-02 -1.394E-02  7.125E-02
 -1.0943000E+04  1.131E-01 -1.491E-02  6.780E-02
 -1.0941000E+04  9.889E-02 -1.591E-02  8.405E-02
 -1.0939000E+04  8.911E-02 -1.318E-02  6.346E-02
 -1.0937000E+04  1.047E-01 -1.381E-02  6.539E-02
 -1.0935000E+04  1.226E-01 -1.619E-02  6.546E-02
 -1.0933000E+04  9.548E-02 -1.443E-02  7.612E-02
 -1.0931000E+04  1.045E-01 -1.518E-02  7.772E-02
 -1.0929000E+04  9.365E-02 -1.227E-02  5.788E-02
 -1.0927000E+04  1.057E-01 -1.431E-02  6.814E-02
 -1.0925000E+04  9.054E-02 -1.202E-02  6.029E-02
 -1.0923000E+04  1.102E-01 -1.490E-02  6.673E-02
 -1.0921000E+04  9.720E-02 -1.593E-02  8.145E-02
 -1.0919000E+04  1.012E-01 -1.244E-02  5.666E-02
 -1.0917000E+04  1.001E-01 -1.343E-02  5.835E-02
 -1.0915000E+04  1.081E-01 -1.388E-02  6.195E-02
 -1.0913000E+04  7.963E-02 -1.042E-02  4.846E-02
 -1.0911000E+04  9.555E-02 -1.181E-02  4.768E-02
 -1.0909000E+04  8.896E-02 -1.007E-02  3.440E-02
 -1.0907000E+04  9.278E-02 -1.280E-02  6.616E-02
 -1.0905000E+04  8.187E-02 -1.054E-02  4.914E-02
 -1.0903000E+04  9.905E-02 -1.264E-02  5.398E-02
