  5.8089000E+04 -0.000E+00 -0.000E+00  0.000E+00
  5.8091000E+04 -0.000E+00 -0.000E+00  0.000E+00
  5.8093000E+04 -0.000E+00 -0.000E+00  0.000E+00
  5.8095000E+04  7.094E-04 -6.138E-05  5.363E-05
  5.8097000E+04 -3.387E-04  1.278E-04 -1.201E-03
  5.8099000E+04  1.973E-04 -8.494E-05  7.706E-04
  5.8101000E+04 -3.369E-04  5.016E-06  2.148E-04
  5.8103000E+04  1.165E-04  3.256E-05 -4.550E-04
  5.8105000E+04  1.350E-05 -1.280E-05  1.420E-04
  5.8107000E+04  1.986E-06  4.288E-06 -6.656E-05
  5.8109000E+04 -9.736E-05 -2.505E-05  4.138E-04
  5.8111000E+04 -9.000E-04  3.241E-05  1.676E-04
  5.8113000E+04 -3.540E-04  6.077E-05 -6.773E-04
  5.8115000E+04 -1.159E-03  7.765E-05  5.047E-04
  5.8117000E+04  7.845E-05  3.516E-06  1.303E-04
  5.8119000E+04 -2.750E-03  8.649E-05  7.152E-05
  5.8121000E+04 -5.979E-04  1.879E-04 -1.074E-03
  5.8123000E+04  2.175E-03 -6.511E-05 -7.766E-04
  5.8125000E+04  7.508E-04 -1.233E-04 -2.062E-04
  5.8127000E+04  5.979E-04 -1.559E-04  2.469E-03
  5.8129000E+04 -3.972E-03  4.969E-04 -3.531E-03
  5.8131000E+04  1.564E-05  3.172E-05 -7.342E-04
  5.8133000E+04 -2.433E-03 -1.266E-04  3.997E-03
  5.8135000E+04  1.463E-03 -5.534E-05 -1.915E-03
  5.8137000E+04 -3.711E-03  1.845E-03 -1.603E-02
  5.8139000E+04  1.743E-02 -1.345E-03  3.682E-03
  5.8141000E+04 -2.794E-02  3.311E-03 -1.459E-02
  5.8143000E+04 -1.408E-01  1.721E-02 -9.284E-02
  5.8145000E+04 -4.656E-01  5.720E-02 -3.061E-01
  5.8147000E+04 -1.233E+00  1.507E-01 -8.012E-01
  5.8149000E+04 -2.294E+00  2.785E-01 -1.476E+00
  5.8151000E+04 -4.205E+00  5.031E-01 -2.613E+00
  5.8153000E+04 -6.011E+00  7.197E-01 -3.814E+00
  5.8155000E+04 -7.332E+00  8.772E-01 -4.708E+00
  5.8157000E+04 -7.502E+00  8.873E-01 -4.756E+00
  5.8159000E+04 -6.636E+00  7.846E-01 -4.261E+00
  5.8161000E+04 -5.425E+00  6.441E-01 -3.577E+00
  5.8163000E+04 -3.916E+00  4.534E-01 -2.462E+00
  5.8165000E+04 -2.531E+00  2.899E-01 -1.580E+00
  5.8167000E+04 -1.428E+00  1.729E-01 -1.044E+00
  5.8169000E+04 -8.858E-01  9.594E-02 -5.063E-01
  5.8171000E+04 -5.028E-01  4.864E-02 -2.259E-01
  5.8173000E+04 -9.743E-02  2.082E-02 -2.352E-01
  5.8175000E+04  1.120E-02 -1.082E-03 -3.295E-02
  5.8177000E+04  1.308E-01 -2.114E-02  1.476E-01
  5.8179000E+04  1.341E-01 -2.370E-02  1.754E-01
  5.8181000E+04  1.527E-01 -2.119E-02  1.239E-01
  5.8183000E+04  2.628E-01 -3.627E-02  2.044E-01
  5.8185000E+04  2.779E-01 -2.640E-02  8.499E-02
  5.8187000E+04  2.668E-01 -2.823E-02  1.150E-01
  5.8189000E+04  2.273E-01 -2.859E-02  1.535E-01
  5.8191000E+04  2.449E-01 -2.972E-02  1.579E-01
  5.8193000E+04  2.905E-01 -3.942E-02  2.466E-01
  5.8195000E+04  3.098E-01 -3.553E-02  1.675E-01
  5.8197000E+04  2.525E-01 -3.230E-02  1.841E-01
  5.8199000E+04  2.845E-01 -3.582E-02  2.140E-01
  5.8201000E+04  3.799E-01 -4.345E-02  2.036E-01
  5.8203000E+04  2.998E-01 -3.924E-02  2.311E-01
  5.8205000E+04  3.645E-01 -3.925E-02  1.730E-01
  5.8207000E+04  2.850E-01 -3.406E-02  1.868E-01
  5.8209000E+04  2.797E-01 -3.554E-02  2.074E-01
  5.8211000E+04  2.490E-01 -3.158E-02  1.808E-01
  5.8213000E+04  3.224E-01 -3.574E-02  1.686E-01
  5.8215000E+04  3.214E-01 -4.232E-02  2.580E-01
  5.8217000E+04  2.923E-01 -3.774E-02  2.263E-01
  5.8219000E+04  2.786E-01 -3.321E-02  1.736E-01
  5.8221000E+04  2.758E-01 -3.128E-02  1.402E-01
  5.8223000E+04  3.241E-01 -3.428E-02  1.403E-01
  5.8225000E+04  3.040E-01 -3.422E-02  1.713E-01
  5.8227000E+04  2.709E-01 -3.741E-02  2.366E-01
  5.8229000E+04  2.672E-01 -3.061E-02  1.561E-01
  5.8231000E+04  2.954E-01 -3.520E-02  1.933E-01
  5.8233000E+04  2.634E-01 -3.067E-02  1.751E-01
  5.8235000E+04  2.522E-01 -2.882E-02  1.395E-01
  5.8237000E+04  2.729E-01 -3.389E-02  1.997E-01
  5.8239000E+04  2.510E-01 -3.171E-02  1.863E-01
  5.8241000E+04  2.322E-01 -2.902E-02  1.689E-01
  5.8243000E+04  2.697E-01 -3.230E-02  1.756E-01
  5.8245000E+04  2.995E-01 -3.584E-02  1.971E-01
  5.8247000E+04  2.236E-01 -3.047E-02  1.882E-01
  5.8249000E+04  2.837E-01 -3.270E-02  1.636E-01
  5.8251000E+04  2.989E-01 -3.162E-02  1.406E-01
  5.8253000E+04  2.780E-01 -2.952E-02  1.351E-01
  5.8255000E+04  2.463E-01 -2.516E-02  1.070E-01
  5.8257000E+04  2.467E-01 -2.972E-02  1.605E-01
  5.8259000E+04  2.271E-01 -2.972E-02  1.797E-01
  5.8261000E+04  2.366E-01 -2.640E-02  1.280E-01
  5.8263000E+04  2.161E-01 -2.776E-02  1.565E-01
  5.8265000E+04  2.224E-01 -2.762E-02  1.565E-01
  5.8267000E+04  2.112E-01 -2.590E-02  1.424E-01
  5.8269000E+04  2.276E-01 -3.027E-02  1.936E-01
  5.8271000E+04  2.622E-01 -2.817E-02  1.261E-01
  5.8273000E+04  2.584E-01 -3.053E-02  1.671E-01
  5.8275000E+04  2.432E-01 -2.669E-02  1.317E-01
  5.8277000E+04  2.299E-01 -2.279E-02  7.014E-02
  5.8279000E+04  2.173E-01 -2.799E-02  1.675E-01
  5.8281000E+04  1.888E-01 -2.420E-02  1.459E-01
  5.8283000E+04  2.358E-01 -2.987E-02  1.731E-01
  5.8285000E+04  2.187E-01 -2.673E-02  1.520E-01
  5.8287000E+04  2.486E-01 -2.728E-02  1.275E-01
  5.8289000E+04  2.296E-01 -2.476E-02  1.088E-01
  5.8291000E+04  2.178E-01 -2.595E-02  1.396E-01
  5.8293000E+04  1.854E-01 -2.472E-02  1.584E-01
  5.8295000E+04  2.160E-01 -2.431E-02  1.254E-01
  5.8297000E+04  2.135E-01 -2.494E-02  1.265E-01
  5.8299000E+04  1.720E-01 -2.110E-02  1.238E-01
  5.8301000E+04  1.844E-01 -2.520E-02  1.583E-01
  5.8303000E+04  1.976E-01 -2.159E-02  1.082E-01
  5.8305000E+04  1.774E-01 -2.254E-02  1.378E-01
  5.8307000E+04  2.117E-01 -2.616E-02  1.432E-01
  5.8309000E+04  2.320E-01 -2.738E-02  1.390E-01
  5.8311000E+04  1.780E-01 -2.321E-02  1.399E-01
  5.8313000E+04  2.249E-01 -2.397E-02  1.149E-01
  5.8315000E+04  2.026E-01 -2.529E-02  1.402E-01
  5.8317000E+04  1.499E-01 -1.893E-02  1.075E-01
  5.8319000E+04  1.442E-01 -1.732E-02  9.981E-02
  5.8321000E+04  1.617E-01 -2.104E-02  1.395E-01
  5.8323000E+04  1.880E-01 -2.172E-02  1.112E-01
  5.8325000E+04  1.968E-01 -2.478E-02  1.437E-01
  5.8327000E+04  1.737E-01 -1.995E-02  1.059E-01
  5.8329000E+04  2.345E-01 -2.393E-02  1.026E-01
  5.8331000E+04  1.681E-01 -1.817E-02  9.387E-02
  5.8333000E+04  1.875E-01 -2.221E-02  1.239E-01
  5.8335000E+04  1.587E-01 -1.991E-02  1.116E-01
  5.8337000E+04  1.585E-01 -1.923E-02  9.994E-02
  5.8339000E+04  1.517E-01 -1.539E-02  6.670E-02
  5.8341000E+04  1.625E-01 -1.888E-02  1.008E-01
  5.8343000E+04  1.709E-01 -1.925E-02  9.986E-02
  5.8345000E+04  1.517E-01 -1.907E-02  1.153E-01
  5.8347000E+04  1.578E-01 -1.881E-02  1.087E-01
  5.8349000E+04  1.749E-01 -1.976E-02  1.192E-01
  5.8351000E+04  1.968E-01 -2.289E-02  1.224E-01
  5.8353000E+04  1.544E-01 -2.032E-02  1.188E-01
  5.8355000E+04  1.724E-01 -1.902E-02  9.582E-02
  5.8357000E+04  1.659E-01 -1.818E-02  8.797E-02
  5.8359000E+04  1.507E-01 -2.060E-02  1.255E-01
  5.8361000E+04  1.977E-01 -2.273E-02  1.180E-01
  5.8363000E+04  1.797E-01 -1.931E-02  9.332E-02
  5.8365000E+04  1.391E-01 -1.697E-02  8.739E-02
  5.8367000E+04  1.278E-01 -1.753E-02  1.079E-01
  5.8369000E+04  1.757E-01 -2.512E-02  1.401E-01
  5.8371000E+04  1.709E-01 -1.884E-02  9.369E-02
  5.8373000E+04  1.884E-01 -2.110E-02  9.330E-02
  5.8375000E+04  1.447E-01 -1.664E-02  9.001E-02
  5.8377000E+04  1.485E-01 -1.716E-02  9.008E-02
  5.8379000E+04  1.637E-01 -1.824E-02  9.604E-02
  5.8381000E+04  1.579E-01 -1.780E-02  9.348E-02
  5.8383000E+04  1.411E-01 -1.664E-02  8.804E-02
  5.8385000E+04  1.640E-01 -1.833E-02  9.246E-02
  5.8387000E+04  1.165E-01 -1.612E-02  1.107E-01
  5.8389000E+04  1.218E-01 -1.570E-02  9.498E-02
  5.8391000E+04  1.360E-01 -1.641E-02  8.705E-02
  5.8393000E+04  1.547E-01 -1.812E-02  9.340E-02
  5.8395000E+04  1.342E-01 -1.515E-02  7.847E-02
  5.8397000E+04  1.336E-01 -1.719E-02  1.025E-01
  5.8399000E+04  1.360E-01 -1.596E-02  8.800E-02
  5.8401000E+04  1.485E-01 -1.626E-02  8.282E-02
  5.8403000E+04  1.228E-01 -1.282E-02  6.487E-02
  5.8405000E+04  1.226E-01 -1.461E-02  7.851E-02
  5.8407000E+04  1.459E-01 -1.635E-02  8.092E-02
  5.8409000E+04  1.530E-01 -1.765E-02  8.587E-02
  5.8411000E+04  1.178E-01 -1.477E-02  8.618E-02
  5.8413000E+04  1.314E-01 -1.542E-02  7.649E-02
  5.8415000E+04  1.210E-01 -1.440E-02  7.555E-02
  5.8417000E+04  1.383E-01 -1.747E-02  1.028E-01
  5.8419000E+04  1.456E-01 -1.657E-02  8.470E-02
  5.8421000E+04  1.047E-01 -1.253E-02  8.246E-02
  5.8423000E+04  1.130E-01 -1.571E-02  1.090E-01
  5.8425000E+04  1.224E-01 -1.485E-02  8.418E-02
  5.8427000E+04  1.295E-01 -1.308E-02  4.978E-02
  5.8429000E+04  1.482E-01 -1.640E-02  7.182E-02
  5.8431000E+04  1.330E-01 -1.508E-02  7.714E-02
  5.8433000E+04  1.291E-01 -1.532E-02  8.815E-02
  5.8435000E+04  1.074E-01 -1.222E-02  6.340E-02
  5.8437000E+04  1.160E-01 -1.519E-02  9.085E-02
  5.8439000E+04  1.184E-01 -1.412E-02  8.627E-02
  5.8441000E+04  1.222E-01 -1.337E-02  8.005E-02
  5.8443000E+04  1.083E-01 -1.321E-02  6.898E-02
  5.8445000E+04  1.280E-01 -1.448E-02  7.100E-02
  5.8447000E+04  1.082E-01 -1.322E-02  7.444E-02
  5.8449000E+04  1.125E-01 -1.323E-02  7.128E-02
  5.8451000E+04  1.334E-01 -1.452E-02  6.984E-02
  5.8453000E+04  8.837E-02 -1.158E-02  7.403E-02
  5.8455000E+04  1.089E-01 -1.210E-02  5.379E-02
  5.8457000E+04  1.051E-01 -1.250E-02  7.137E-02
  5.8459000E+04  8.449E-02 -8.773E-03  5.107E-02
  5.8461000E+04  1.155E-01 -1.354E-02  7.652E-02
  5.8463000E+04  1.049E-01 -1.274E-02  7.096E-02
  5.8465000E+04  1.235E-01 -1.492E-02  7.873E-02
  5.8467000E+04  1.170E-01 -1.447E-02  7.755E-02
