 -2.3103000E+04 -0.000E+00 -0.000E+00  0.000E+00
 -2.3101000E+04 -0.000E+00 -0.000E+00  0.000E+00
 -2.3099000E+04 -0.000E+00 -0.000E+00  0.000E+00
 -2.3097000E+04 -0.000E+00 -0.000E+00  0.000E+00
 -2.3095000E+04 -0.000E+00 -0.000E+00  0.000E+00
 -2.3093000E+04 -0.000E+00 -0.000E+00  0.000E+00
 -2.3091000E+04 -0.000E+00 -0.000E+00  0.000E+00
 -2.3089000E+04 -0.000E+00 -0.000E+00  0.000E+00
 -2.3087000E+04 -0.000E+00 -0.000E+00  0.000E+00
 -2.3085000E+04 -0.000E+00 -0.000E+00  0.000E+00
 -2.3083000E+04 -0.000E+00 -0.000E+00  0.000E+00
 -2.3081000E+04 -0.000E+00 -0.000E+00  0.000E+00
 -2.3079000E+04 -0.000E+00 -0.000E+00  0.000E+00
 -2.3077000E+04 -0.000E+00 -0.000E+00  0.000E+00
 -2.3075000E+04 -0.000E+00 -0.000E+00  0.000E+00
 -2.3073000E+04 -0.000E+00 -0.000E+00  0.000E+00
 -2.3071000E+04 -0.000E+00 -0.000E+00  0.000E+00
 -2.3069000E+04 -0.000E+00 -0.000E+00  0.000E+00
 -2.3067000E+04 -0.000E+00 -0.000E+00  0.000E+00
 -2.3065000E+04 -0.000E+00 -0.000E+00  0.000E+00
 -2.3063000E+04 -0.000E+00 -0.000E+00  0.000E+00
 -2.3061000E+04 -2.268E-05  3.566E-06 -2.198E-05
 -2.3059000E+04  2.426E-05  3.672E-06 -5.198E-05
 -2.3057000E+04 -1.204E-03  1.274E-04 -5.288E-04
 -2.3055000E+04 -1.183E-02  1.642E-03 -9.153E-03
 -2.3053000E+04 -5.927E-02  9.096E-03 -5.630E-02
 -2.3051000E+04 -2.153E-01  3.002E-02 -1.705E-01
 -2.3049000E+04 -5.519E-01  7.560E-02 -4.240E-01
 -2.3047000E+04 -1.176E+00  1.544E-01 -8.330E-01
 -2.3045000E+04 -2.100E+00  2.734E-01 -1.472E+00
 -2.3043000E+04 -3.410E+00  4.353E-01 -2.312E+00
 -2.3041000E+04 -4.388E+00  5.554E-01 -2.948E+00
 -2.3039000E+04 -6.126E+00  7.472E-01 -3.829E+00
 -2.3037000E+04 -6.380E+00  7.750E-01 -3.991E+00
 -2.3035000E+04 -6.584E+00  7.804E-01 -3.934E+00
 -2.3033000E+04 -6.475E+00  7.701E-01 -3.938E+00
 -2.3031000E+04 -5.409E+00  6.279E-01 -3.149E+00
 -2.3029000E+04 -4.825E+00  5.496E-01 -2.721E+00
 -2.3027000E+04 -3.481E+00  4.070E-01 -2.102E+00
 -2.3025000E+04 -2.732E+00  3.034E-01 -1.491E+00
 -2.3023000E+04 -1.683E+00  2.007E-01 -1.096E+00
 -2.3021000E+04 -1.408E+00  1.561E-01 -7.930E-01
 -2.3019000E+04 -9.120E-01  9.194E-02 -4.194E-01
 -2.3017000E+04 -4.376E-01  5.033E-02 -2.899E-01
 -2.3015000E+04 -2.249E-01  2.990E-02 -2.118E-01
 -2.3013000E+04 -4.785E-02  8.042E-03 -8.678E-02
 -2.3011000E+04  2.236E-02 -1.219E-02  9.000E-02
 -2.3009000E+04  1.447E-01 -2.568E-02  1.589E-01
 -2.3007000E+04  1.856E-01 -1.683E-02  3.312E-02
 -2.3005000E+04  2.728E-01 -2.972E-02  1.179E-01
 -2.3003000E+04  2.932E-01 -3.350E-02  1.463E-01
 -2.3001000E+04  1.547E-01 -2.474E-02  1.549E-01
 -2.2999000E+04  3.438E-01 -4.589E-02  2.526E-01
 -2.2997000E+04  2.753E-01 -1.825E-02 -9.903E-03
 -2.2995000E+04  2.905E-01 -2.859E-02  9.968E-02
 -2.2993000E+04  3.012E-01 -3.834E-02  2.031E-01
 -2.2991000E+04  3.846E-01 -5.083E-02  2.764E-01
 -2.2989000E+04  3.434E-01 -4.504E-02  2.469E-01
 -2.2987000E+04  3.317E-01 -4.112E-02  2.097E-01
 -2.2985000E+04  3.757E-01 -4.389E-02  2.118E-01
 -2.2983000E+04  3.261E-01 -4.409E-02  2.544E-01
 -2.2981000E+04  3.111E-01 -4.515E-02  2.701E-01
 -2.2979000E+04  4.136E-01 -4.060E-02  1.515E-01
 -2.2977000E+04  3.041E-01 -3.625E-02  1.817E-01
 -2.2975000E+04  2.964E-01 -4.399E-02  2.703E-01
 -2.2973000E+04  3.313E-01 -3.855E-02  1.875E-01
 -2.2971000E+04  4.227E-01 -4.796E-02  2.263E-01
 -2.2969000E+04  3.387E-01 -3.909E-02  1.891E-01
 -2.2967000E+04  2.901E-01 -3.557E-02  1.796E-01
 -2.2965000E+04  3.376E-01 -3.972E-02  1.955E-01
 -2.2963000E+04  3.370E-01 -3.372E-02  1.332E-01
 -2.2961000E+04  3.257E-01 -3.670E-02  1.690E-01
 -2.2959000E+04  2.944E-01 -4.093E-02  2.406E-01
 -2.2957000E+04  3.124E-01 -3.421E-02  1.546E-01
 -2.2955000E+04  2.857E-01 -3.782E-02  2.102E-01
 -2.2953000E+04  3.153E-01 -4.301E-02  2.513E-01
 -2.2951000E+04  3.865E-01 -4.152E-02  1.837E-01
 -2.2949000E+04  2.927E-01 -3.474E-02  1.741E-01
 -2.2947000E+04  3.166E-01 -4.022E-02  2.158E-01
 -2.2945000E+04  2.817E-01 -3.504E-02  1.861E-01
 -2.2943000E+04  2.773E-01 -2.945E-02  1.280E-01
 -2.2941000E+04  2.778E-01 -3.180E-02  1.545E-01
 -2.2939000E+04  3.417E-01 -4.208E-02  2.205E-01
 -2.2937000E+04  2.865E-01 -4.042E-02  2.463E-01
 -2.2935000E+04  3.004E-01 -3.293E-02  1.520E-01
 -2.2933000E+04  3.140E-01 -3.829E-02  1.998E-01
 -2.2931000E+04  3.319E-01 -3.580E-02  1.580E-01
 -2.2929000E+04  2.846E-01 -3.708E-02  2.055E-01
 -2.2927000E+04  2.595E-01 -2.873E-02  1.334E-01
 -2.2925000E+04  2.906E-01 -3.117E-02  1.415E-01
 -2.2923000E+04  2.911E-01 -3.343E-02  1.608E-01
 -2.2921000E+04  2.915E-01 -3.517E-02  1.832E-01
 -2.2919000E+04  3.016E-01 -3.703E-02  1.937E-01
 -2.2917000E+04  2.819E-01 -3.359E-02  1.637E-01
 -2.2915000E+04  2.863E-01 -3.389E-02  1.719E-01
 -2.2913000E+04  2.571E-01 -3.121E-02  1.610E-01
 -2.2911000E+04  2.613E-01 -3.141E-02  1.629E-01
 -2.2909000E+04  2.320E-01 -3.016E-02  1.730E-01
 -2.2907000E+04  2.433E-01 -2.817E-02  1.384E-01
 -2.2905000E+04  2.610E-01 -3.172E-02  1.610E-01
 -2.2903000E+04  2.745E-01 -3.208E-02  1.613E-01
 -2.2901000E+04  2.291E-01 -2.878E-02  1.525E-01
 -2.2899000E+04  1.939E-01 -2.492E-02  1.342E-01
 -2.2897000E+04  2.613E-01 -2.944E-02  1.404E-01
 -2.2895000E+04  2.431E-01 -3.146E-02  1.730E-01
 -2.2893000E+04  3.021E-01 -3.236E-02  1.475E-01
 -2.2891000E+04  2.655E-01 -2.895E-02  1.344E-01
 -2.2889000E+04  2.306E-01 -3.163E-02  1.825E-01
 -2.2887000E+04  2.550E-01 -3.243E-02  1.740E-01
 -2.2885000E+04  2.194E-01 -2.576E-02  1.260E-01
 -2.2883000E+04  2.271E-01 -2.279E-02  8.952E-02
 -2.2881000E+04  1.872E-01 -2.495E-02  1.483E-01
 -2.2879000E+04  2.402E-01 -2.699E-02  1.297E-01
 -2.2877000E+04  2.388E-01 -3.069E-02  1.699E-01
 -2.2875000E+04  1.756E-01 -2.015E-02  1.008E-01
 -2.2873000E+04  2.275E-01 -2.827E-02  1.523E-01
 -2.2871000E+04  2.428E-01 -2.857E-02  1.416E-01
 -2.2869000E+04  2.334E-01 -2.802E-02  1.428E-01
 -2.2867000E+04  1.997E-01 -2.531E-02  1.363E-01
 -2.2865000E+04  2.107E-01 -2.675E-02  1.503E-01
 -2.2863000E+04  2.180E-01 -2.217E-02  9.305E-02
 -2.2861000E+04  1.940E-01 -2.493E-02  1.368E-01
 -2.2859000E+04  2.144E-01 -2.572E-02  1.353E-01
 -2.2857000E+04  2.301E-01 -2.686E-02  1.325E-01
 -2.2855000E+04  2.076E-01 -2.560E-02  1.397E-01
 -2.2853000E+04  2.126E-01 -2.172E-02  9.296E-02
 -2.2851000E+04  2.261E-01 -2.829E-02  1.517E-01
 -2.2849000E+04  2.031E-01 -2.383E-02  1.174E-01
 -2.2847000E+04  1.653E-01 -2.360E-02  1.395E-01
 -2.2845000E+04  2.124E-01 -2.498E-02  1.259E-01
 -2.2843000E+04  2.279E-01 -2.538E-02  1.168E-01
 -2.2841000E+04  1.835E-01 -2.314E-02  1.209E-01
 -2.2839000E+04  1.386E-01 -1.690E-02  8.331E-02
 -2.2837000E+04  1.614E-01 -2.260E-02  1.391E-01
 -2.2835000E+04  1.847E-01 -2.314E-02  1.240E-01
 -2.2833000E+04  2.206E-01 -2.321E-02  9.770E-02
 -2.2831000E+04  1.850E-01 -2.240E-02  1.101E-01
 -2.2829000E+04  1.701E-01 -2.206E-02  1.236E-01
 -2.2827000E+04  1.945E-01 -2.503E-02  1.399E-01
 -2.2825000E+04  1.865E-01 -2.282E-02  1.157E-01
 -2.2823000E+04  1.920E-01 -2.424E-02  1.368E-01
 -2.2821000E+04  1.926E-01 -2.315E-02  1.251E-01
 -2.2819000E+04  1.958E-01 -2.088E-02  9.063E-02
 -2.2817000E+04  1.753E-01 -2.267E-02  1.263E-01
 -2.2815000E+04  1.658E-01 -1.978E-02  1.071E-01
 -2.2813000E+04  1.539E-01 -1.871E-02  9.406E-02
 -2.2811000E+04  1.973E-01 -2.127E-02  1.008E-01
 -2.2809000E+04  1.669E-01 -1.816E-02  8.242E-02
 -2.2807000E+04  1.787E-01 -1.958E-02  9.324E-02
 -2.2805000E+04  1.970E-01 -2.470E-02  1.400E-01
 -2.2803000E+04  1.271E-01 -1.947E-02  1.254E-01
 -2.2801000E+04  1.881E-01 -2.140E-02  1.019E-01
 -2.2799000E+04  1.871E-01 -1.928E-02  8.344E-02
 -2.2797000E+04  1.708E-01 -2.023E-02  1.034E-01
 -2.2795000E+04  1.900E-01 -2.433E-02  1.353E-01
 -2.2793000E+04  1.566E-01 -1.911E-02  9.880E-02
 -2.2791000E+04  1.699E-01 -1.720E-02  7.106E-02
 -2.2789000E+04  1.928E-01 -2.295E-02  1.203E-01
 -2.2787000E+04  1.541E-01 -1.921E-02  1.024E-01
 -2.2785000E+04  1.329E-01 -1.720E-02  9.256E-02
 -2.2783000E+04  1.599E-01 -1.803E-02  9.048E-02
 -2.2781000E+04  1.578E-01 -1.802E-02  8.397E-02
 -2.2779000E+04  1.641E-01 -1.839E-02  9.029E-02
 -2.2777000E+04  1.362E-01 -1.703E-02  8.997E-02
 -2.2775000E+04  1.488E-01 -1.785E-02  9.354E-02
 -2.2773000E+04  1.379E-01 -1.870E-02  1.085E-01
 -2.2771000E+04  1.543E-01 -1.938E-02  1.035E-01
 -2.2769000E+04  1.408E-01 -1.794E-02  1.026E-01
 -2.2767000E+04  1.639E-01 -1.871E-02  9.324E-02
 -2.2765000E+04  1.478E-01 -1.806E-02  8.534E-02
 -2.2763000E+04  1.594E-01 -1.642E-02  8.278E-02
 -2.2761000E+04  1.822E-01 -2.051E-02  1.010E-01
 -2.2759000E+04  1.417E-01 -1.979E-02  1.164E-01
 -2.2757000E+04  1.592E-01 -1.861E-02  9.637E-02
 -2.2755000E+04  1.447E-01 -1.719E-02  9.089E-02
 -2.2753000E+04  1.665E-01 -1.918E-02  9.704E-02
 -2.2751000E+04  1.337E-01 -1.609E-02  8.034E-02
 -2.2749000E+04  1.276E-01 -1.278E-02  5.501E-02
 -2.2747000E+04  1.387E-01 -1.741E-02  9.689E-02
 -2.2745000E+04  1.067E-01 -1.369E-02  7.678E-02
 -2.2743000E+04  1.506E-01 -1.592E-02  6.971E-02
 -2.2741000E+04  1.230E-01 -1.796E-02  1.059E-01
 -2.2739000E+04  1.295E-01 -1.507E-02  7.891E-02
 -2.2737000E+04  1.280E-01 -1.491E-02  7.373E-02
 -2.2735000E+04  1.079E-01 -1.261E-02  6.063E-02
 -2.2733000E+04  1.291E-01 -1.723E-02  1.034E-01
 -2.2731000E+04  1.286E-01 -1.613E-02  8.455E-02
 -2.2729000E+04  1.190E-01 -1.393E-02  7.282E-02
 -2.2727000E+04  1.304E-01 -1.536E-02  7.957E-02
 -2.2725000E+04  1.328E-01 -1.495E-02  7.294E-02
