 -9.0723000E+04 -0.000E+00 -0.000E+00  0.000E+00
 -9.0721000E+04 -0.000E+00 -0.000E+00  0.000E+00
 -9.0719000E+04 -0.000E+00 -0.000E+00  0.000E+00
 -9.0717000E+04 -0.000E+00 -0.000E+00  0.000E+00
 -9.0715000E+04 -0.000E+00 -0.000E+00  0.000E+00
 -9.0713000E+04 -0.000E+00 -0.000E+00  0.000E+00
 -9.0711000E+04 -0.000E+00 -0.000E+00  0.000E+00
 -9.0709000E+04 -0.000E+00 -0.000E+00  0.000E+00
 -9.0707000E+04 -0.000E+00 -0.000E+00  0.000E+00
 -9.0705000E+04 -0.000E+00 -0.000E+00  0.000E+00
 -9.0703000E+04 -0.000E+00 -0.000E+00  0.000E+00
 -9.0701000E+04 -0.000E+00 -0.000E+00  0.000E+00
 -9.0699000E+04 -0.000E+00 -0.000E+00  0.000E+00
 -9.0697000E+04 -0.000E+00 -0.000E+00  0.000E+00
 -9.0695000E+04 -0.000E+00 -0.000E+00  0.000E+00
 -9.0693000E+04 -0.000E+00 -0.000E+00  0.000E+00
 -9.0691000E+04 -0.000E+00 -0.000E+00  0.000E+00
 -9.0689000E+04 -0.000E+00 -0.000E+00  0.000E+00
 -9.0687000E+04 -0.000E+00 -0.000E+00  0.000E+00
 -9.0685000E+04 -0.000E+00 -0.000E+00  0.000E+00
 -9.0683000E+04  1.774E-09 -6.977E-10  5.901E-09
 -9.0681000E+04  8.774E-06  4.238E-06 -5.151E-05
 -9.0679000E+04 -4.854E-05  4.021E-05 -3.794E-04
 -9.0677000E+04 -5.537E-03  6.357E-04 -2.214E-03
 -9.0675000E+04 -2.343E-02  3.356E-03 -1.620E-02
 -9.0673000E+04 -8.460E-02  1.231E-02 -6.066E-02
 -9.0671000E+04 -1.824E-01  2.533E-02 -1.186E-01
 -9.0669000E+04 -4.061E-01  5.208E-02 -2.196E-01
 -9.0667000E+04 -6.849E-01  9.547E-02 -4.483E-01
 -9.0665000E+04 -1.230E+00  1.708E-01 -7.978E-01
 -9.0663000E+04 -1.886E+00  2.572E-01 -1.177E+00
 -9.0661000E+04 -2.599E+00  3.423E-01 -1.501E+00
 -9.0659000E+04 -3.376E+00  4.628E-01 -2.131E+00
 -9.0657000E+04 -4.093E+00  5.662E-01 -2.635E+00
 -9.0655000E+04 -4.896E+00  6.349E-01 -2.733E+00
 -9.0653000E+04 -5.112E+00  6.996E-01 -3.216E+00
 -9.0651000E+04 -5.425E+00  7.273E-01 -3.265E+00
 -9.0649000E+04 -5.616E+00  7.632E-01 -3.485E+00
 -9.0647000E+04 -5.483E+00  7.115E-01 -3.076E+00
 -9.0645000E+04 -4.742E+00  6.144E-01 -2.651E+00
 -9.0643000E+04 -4.245E+00  5.663E-01 -2.537E+00
 -9.0641000E+04 -3.905E+00  5.040E-01 -2.174E+00
 -9.0639000E+04 -2.991E+00  4.125E-01 -1.916E+00
 -9.0637000E+04 -2.526E+00  3.428E-01 -1.572E+00
 -9.0635000E+04 -1.945E+00  2.637E-01 -1.212E+00
 -9.0633000E+04 -1.574E+00  2.056E-01 -9.022E-01
 -9.0631000E+04 -1.248E+00  1.623E-01 -7.133E-01
 -9.0629000E+04 -8.044E-01  1.176E-01 -5.889E-01
 -9.0627000E+04 -7.000E-01  8.542E-02 -3.512E-01
 -9.0625000E+04 -4.811E-01  6.369E-02 -2.887E-01
 -9.0623000E+04 -1.338E-01  3.313E-02 -2.405E-01
 -9.0621000E+04 -1.232E-01  1.315E-02 -5.015E-02
 -9.0619000E+04  3.220E-02  5.478E-03 -7.950E-02
 -9.0617000E+04  6.955E-02  3.313E-04 -6.034E-02
 -9.0615000E+04  6.534E-02 -7.592E-03  2.348E-02
 -9.0613000E+04  2.735E-01 -2.867E-02  8.272E-02
 -9.0611000E+04  1.332E-01 -2.156E-02  1.044E-01
 -9.0609000E+04  3.159E-01 -3.598E-02  1.259E-01
 -9.0607000E+04  3.420E-01 -5.078E-02  2.459E-01
 -9.0605000E+04  3.887E-01 -5.312E-02  2.362E-01
 -9.0603000E+04  3.525E-01 -5.040E-02  2.357E-01
 -9.0601000E+04  3.940E-01 -5.648E-02  2.655E-01
 -9.0599000E+04  2.613E-01 -3.181E-02  1.236E-01
 -9.0597000E+04  3.674E-01 -4.751E-02  2.019E-01
 -9.0595000E+04  3.408E-01 -4.913E-02  2.342E-01
 -9.0593000E+04  3.723E-01 -4.341E-02  1.591E-01
 -9.0591000E+04  3.466E-01 -4.868E-02  2.249E-01
 -9.0589000E+04  3.490E-01 -5.014E-02  2.385E-01
 -9.0587000E+04  4.102E-01 -5.910E-02  2.803E-01
 -9.0585000E+04  3.914E-01 -4.146E-02  1.264E-01
 -9.0583000E+04  4.019E-01 -5.469E-02  2.417E-01
 -9.0581000E+04  3.819E-01 -4.867E-02  2.031E-01
 -9.0579000E+04  3.403E-01 -4.639E-02  2.083E-01
 -9.0577000E+04  3.666E-01 -5.381E-02  2.626E-01
 -9.0575000E+04  3.255E-01 -3.470E-02  1.042E-01
 -9.0573000E+04  5.328E-01 -6.060E-02  2.150E-01
 -9.0571000E+04  3.725E-01 -5.874E-02  3.034E-01
 -9.0569000E+04  3.737E-01 -5.254E-02  2.430E-01
 -9.0567000E+04  3.342E-01 -4.663E-02  2.143E-01
 -9.0565000E+04  4.107E-01 -5.452E-02  2.408E-01
 -9.0563000E+04  3.810E-01 -5.505E-02  2.622E-01
 -9.0561000E+04  3.758E-01 -4.849E-02  2.067E-01
 -9.0559000E+04  2.773E-01 -3.809E-02  1.744E-01
 -9.0557000E+04  4.055E-01 -5.255E-02  2.252E-01
 -9.0555000E+04  3.247E-01 -4.927E-02  2.513E-01
 -9.0553000E+04  3.629E-01 -4.511E-02  1.818E-01
 -9.0551000E+04  3.185E-01 -4.271E-02  1.890E-01
 -9.0549000E+04  2.694E-01 -3.900E-02  1.885E-01
 -9.0547000E+04  3.787E-01 -4.231E-02  1.475E-01
 -9.0545000E+04  3.130E-01 -5.550E-02  3.150E-01
 -9.0543000E+04  2.770E-01 -4.042E-02  1.970E-01
 -9.0541000E+04  3.746E-01 -4.552E-02  1.783E-01
 -9.0539000E+04  4.104E-01 -5.173E-02  2.159E-01
 -9.0537000E+04  3.912E-01 -4.993E-02  2.069E-01
 -9.0535000E+04  3.229E-01 -4.336E-02  1.926E-01
 -9.0533000E+04  2.706E-01 -3.749E-02  1.697E-01
 -9.0531000E+04  3.055E-01 -4.000E-02  1.711E-01
 -9.0529000E+04  2.429E-01 -3.498E-02  1.721E-01
 -9.0527000E+04  3.154E-01 -3.217E-02  1.002E-01
 -9.0525000E+04  2.930E-01 -4.621E-02  2.405E-01
 -9.0523000E+04  2.604E-01 -3.625E-02  1.642E-01
 -9.0521000E+04  3.250E-01 -4.031E-02  1.610E-01
 -9.0519000E+04  3.430E-01 -4.461E-02  1.921E-01
 -9.0517000E+04  3.237E-01 -4.276E-02  1.827E-01
 -9.0515000E+04  2.772E-01 -3.719E-02  1.696E-01
 -9.0513000E+04  2.629E-01 -3.848E-02  1.892E-01
 -9.0511000E+04  2.606E-01 -3.529E-02  1.610E-01
 -9.0509000E+04  3.157E-01 -3.947E-02  1.604E-01
 -9.0507000E+04  2.726E-01 -3.354E-02  1.324E-01
 -9.0505000E+04  3.097E-01 -4.449E-02  2.126E-01
 -9.0503000E+04  2.867E-01 -3.865E-02  1.741E-01
 -9.0501000E+04  2.693E-01 -3.416E-02  1.393E-01
 -9.0499000E+04  2.888E-01 -3.882E-02  1.723E-01
 -9.0497000E+04  2.777E-01 -3.915E-02  1.894E-01
 -9.0495000E+04  3.043E-01 -4.130E-02  1.876E-01
 -9.0493000E+04  2.660E-01 -3.486E-02  1.487E-01
 -9.0491000E+04  2.339E-01 -3.219E-02  1.474E-01
 -9.0489000E+04  2.647E-01 -3.561E-02  1.589E-01
 -9.0487000E+04  2.951E-01 -3.457E-02  1.306E-01
 -9.0485000E+04  2.965E-01 -3.761E-02  1.628E-01
 -9.0483000E+04  2.273E-01 -2.965E-02  1.229E-01
 -9.0481000E+04  2.508E-01 -3.180E-02  1.300E-01
 -9.0479000E+04  2.465E-01 -3.720E-02  1.865E-01
 -9.0477000E+04  2.735E-01 -3.672E-02  1.702E-01
 -9.0475000E+04  2.646E-01 -3.584E-02  1.624E-01
 -9.0473000E+04  2.899E-01 -3.557E-02  1.388E-01
 -9.0471000E+04  2.361E-01 -3.283E-02  1.540E-01
 -9.0469000E+04  2.280E-01 -3.021E-02  1.352E-01
 -9.0467000E+04  2.409E-01 -3.371E-02  1.595E-01
 -9.0465000E+04  2.298E-01 -3.091E-02  1.374E-01
 -9.0463000E+04  2.512E-01 -3.386E-02  1.568E-01
 -9.0461000E+04  2.282E-01 -3.153E-02  1.431E-01
 -9.0459000E+04  2.705E-01 -3.523E-02  1.515E-01
 -9.0457000E+04  2.633E-01 -3.494E-02  1.556E-01
 -9.0455000E+04  2.382E-01 -3.005E-02  1.242E-01
 -9.0453000E+04  2.343E-01 -3.105E-02  1.343E-01
 -9.0451000E+04  2.465E-01 -2.989E-02  1.192E-01
 -9.0449000E+04  2.473E-01 -2.907E-02  1.109E-01
 -9.0447000E+04  2.286E-01 -3.131E-02  1.451E-01
 -9.0445000E+04  1.915E-01 -3.193E-02  1.746E-01
 -9.0443000E+04  2.108E-01 -2.652E-02  1.114E-01
 -9.0441000E+04  1.832E-01 -2.888E-02  1.494E-01
 -9.0439000E+04  2.093E-01 -2.794E-02  1.251E-01
 -9.0437000E+04  2.127E-01 -2.954E-02  1.396E-01
 -9.0435000E+04  2.385E-01 -3.217E-02  1.431E-01
 -9.0433000E+04  2.468E-01 -3.247E-02  1.391E-01
 -9.0431000E+04  2.070E-01 -2.651E-02  1.113E-01
 -9.0429000E+04  2.415E-01 -2.975E-02  1.230E-01
 -9.0427000E+04  1.874E-01 -2.534E-02  1.167E-01
 -9.0425000E+04  2.142E-01 -3.268E-02  1.642E-01
 -9.0423000E+04  1.767E-01 -2.556E-02  1.268E-01
 -9.0421000E+04  1.761E-01 -2.644E-02  1.376E-01
 -9.0419000E+04  1.846E-01 -2.914E-02  1.452E-01
 -9.0417000E+04  1.889E-01 -2.542E-02  1.129E-01
 -9.0415000E+04  1.991E-01 -2.651E-02  1.175E-01
 -9.0413000E+04  1.855E-01 -2.013E-02  6.998E-02
 -9.0411000E+04  2.174E-01 -2.753E-02  1.204E-01
 -9.0409000E+04  1.742E-01 -2.411E-02  1.143E-01
 -9.0407000E+04  1.767E-01 -2.579E-02  1.237E-01
 -9.0405000E+04  2.156E-01 -2.681E-02  1.108E-01
 -9.0403000E+04  1.721E-01 -2.176E-02  9.013E-02
 -9.0401000E+04  1.906E-01 -2.614E-02  1.248E-01
 -9.0399000E+04  2.070E-01 -2.733E-02  1.175E-01
 -9.0397000E+04  1.988E-01 -2.273E-02  8.584E-02
 -9.0395000E+04  1.915E-01 -2.318E-02  9.122E-02
 -9.0393000E+04  1.617E-01 -2.173E-02  9.624E-02
 -9.0391000E+04  1.832E-01 -2.592E-02  1.289E-01
 -9.0389000E+04  1.785E-01 -2.365E-02  1.036E-01
 -9.0387000E+04  1.989E-01 -2.681E-02  1.253E-01
 -9.0385000E+04  1.982E-01 -2.551E-02  1.079E-01
 -9.0383000E+04  1.651E-01 -1.986E-02  7.984E-02
 -9.0381000E+04  1.875E-01 -3.011E-02  1.596E-01
 -9.0379000E+04  1.530E-01 -2.256E-02  1.121E-01
 -9.0377000E+04  1.401E-01 -2.173E-02  1.051E-01
 -9.0375000E+04  1.559E-01 -2.264E-02  1.073E-01
 -9.0373000E+04  1.770E-01 -2.605E-02  1.280E-01
 -9.0371000E+04  1.446E-01 -2.231E-02  1.167E-01
 -9.0369000E+04  1.844E-01 -2.446E-02  1.080E-01
 -9.0367000E+04  1.797E-01 -2.380E-02  1.061E-01
 -9.0365000E+04  1.452E-01 -1.888E-02  7.977E-02
 -9.0363000E+04  1.491E-01 -2.087E-02  1.003E-01
 -9.0361000E+04  1.708E-01 -2.090E-02  8.472E-02
 -9.0359000E+04  1.202E-01 -2.005E-02  1.127E-01
 -9.0357000E+04  1.665E-01 -2.268E-02  1.007E-01
 -9.0355000E+04  1.770E-01 -2.188E-02  9.163E-02
 -9.0353000E+04  1.571E-01 -2.041E-02  8.709E-02
 -9.0351000E+04  1.659E-01 -2.003E-02  8.055E-02
 -9.0349000E+04  1.690E-01 -2.007E-02  8.164E-02
 -9.0347000E+04  1.681E-01 -2.136E-02  8.922E-02
 -9.0345000E+04  1.289E-01 -2.098E-02  1.105E-01
