 -1.0516100E+05 -0.000E+00 -0.000E+00  0.000E+00
 -1.0515900E+05 -0.000E+00 -0.000E+00  0.000E+00
 -1.0515700E+05 -0.000E+00 -0.000E+00  0.000E+00
 -1.0515500E+05 -0.000E+00 -0.000E+00  0.000E+00
 -1.0515300E+05 -0.000E+00 -0.000E+00  0.000E+00
 -1.0515100E+05 -0.000E+00 -0.000E+00  0.000E+00
 -1.0514900E+05 -0.000E+00 -0.000E+00  0.000E+00
 -1.0514700E+05 -0.000E+00 -0.000E+00  0.000E+00
 -1.0514500E+05 -0.000E+00 -0.000E+00  0.000E+00
 -1.0514300E+05 -0.000E+00 -0.000E+00  0.000E+00
 -1.0514100E+05 -0.000E+00 -0.000E+00  0.000E+00
 -1.0513900E+05 -0.000E+00 -0.000E+00  0.000E+00
 -1.0513700E+05 -0.000E+00 -0.000E+00  0.000E+00
 -1.0513500E+05 -0.000E+00 -0.000E+00  0.000E+00
 -1.0513300E+05 -0.000E+00 -0.000E+00  0.000E+00
 -1.0513100E+05 -0.000E+00 -0.000E+00  0.000E+00
 -1.0512900E+05 -0.000E+00 -0.000E+00  0.000E+00
 -1.0512700E+05 -0.000E+00 -0.000E+00  0.000E+00
 -1.0512500E+05 -0.000E+00 -0.000E+00  0.000E+00
 -1.0512300E+05 -0.000E+00 -0.000E+00  0.000E+00
 -1.0512100E+05 -0.000E+00 -0.000E+00  0.000E+00
 -1.0511900E+05 -2.484E-08  1.651E-08 -1.476E-07
 -1.0511700E+05 -9.098E-05  1.849E-05 -1.080E-04
 -1.0511500E+05 -3.874E-04  1.350E-04 -1.028E-03
 -1.0511300E+05 -6.498E-03  5.784E-04 -1.549E-04
 -1.0511100E+05 -3.633E-02  4.933E-03 -1.779E-02
 -1.0510900E+05 -1.246E-01  1.637E-02 -5.525E-02
 -1.0510700E+05 -2.298E-01  3.156E-02 -1.146E-01
 -1.0510500E+05 -4.817E-01  6.668E-02 -2.437E-01
 -1.0510300E+05 -7.649E-01  1.096E-01 -4.209E-01
 -1.0510100E+05 -1.393E+00  2.003E-01 -7.664E-01
 -1.0509900E+05 -1.889E+00  2.845E-01 -1.157E+00
 -1.0509700E+05 -2.548E+00  3.649E-01 -1.367E+00
 -1.0509500E+05 -3.098E+00  4.522E-01 -1.730E+00
 -1.0509300E+05 -4.107E+00  6.199E-01 -2.476E+00
 -1.0509100E+05 -4.503E+00  6.717E-01 -2.618E+00
 -1.0508900E+05 -4.918E+00  7.474E-01 -2.970E+00
 -1.0508700E+05 -5.206E+00  7.864E-01 -3.077E+00
 -1.0508500E+05 -5.196E+00  8.000E-01 -3.191E+00
 -1.0508300E+05 -4.927E+00  7.651E-01 -3.067E+00
 -1.0508100E+05 -4.774E+00  7.543E-01 -3.073E+00
 -1.0507900E+05 -4.325E+00  6.738E-01 -2.675E+00
 -1.0507700E+05 -3.796E+00  5.924E-01 -2.338E+00
 -1.0507500E+05 -3.040E+00  4.822E-01 -1.933E+00
 -1.0507300E+05 -2.770E+00  4.123E-01 -1.501E+00
 -1.0507100E+05 -2.148E+00  3.461E-01 -1.393E+00
 -1.0506900E+05 -1.808E+00  3.007E-01 -1.247E+00
 -1.0506700E+05 -1.446E+00  2.546E-01 -1.117E+00
 -1.0506500E+05 -1.308E+00  2.088E-01 -8.150E-01
 -1.0506300E+05 -8.229E-01  1.456E-01 -6.336E-01
 -1.0506100E+05 -6.570E-01  1.140E-01 -4.753E-01
 -1.0505900E+05 -4.863E-01  8.508E-02 -3.556E-01
 -1.0505700E+05 -2.450E-01  4.291E-02 -1.671E-01
 -1.0505500E+05 -9.144E-02  2.687E-02 -1.484E-01
 -1.0505300E+05 -9.692E-02  2.286E-02 -1.093E-01
 -1.0505100E+05  8.853E-02 -9.259E-03  3.206E-02
 -1.0504900E+05 -4.106E-02  2.755E-03  3.028E-02
 -1.0504700E+05  1.920E-01 -2.790E-02  1.143E-01
 -1.0504500E+05  2.924E-01 -2.376E-02 -6.834E-03
 -1.0504300E+05  2.916E-01 -3.805E-02  1.175E-01
 -1.0504100E+05  2.419E-01 -2.645E-02  6.104E-02
 -1.0503900E+05  2.805E-01 -5.126E-02  2.502E-01
 -1.0503700E+05  3.176E-01 -6.186E-02  3.082E-01
 -1.0503500E+05  3.667E-01 -5.869E-02  2.508E-01
 -1.0503300E+05  3.367E-01 -5.652E-02  2.516E-01
 -1.0503100E+05  3.965E-01 -5.403E-02  1.754E-01
 -1.0502900E+05  3.159E-01 -5.382E-02  2.385E-01
 -1.0502700E+05  3.357E-01 -4.199E-02  1.214E-01
 -1.0502500E+05  4.257E-01 -6.098E-02  2.210E-01
 -1.0502300E+05  4.705E-01 -7.694E-02  3.155E-01
 -1.0502100E+05  3.451E-01 -5.369E-02  2.156E-01
 -1.0501900E+05  4.556E-01 -6.916E-02  2.641E-01
 -1.0501700E+05  4.206E-01 -5.775E-02  1.929E-01
 -1.0501500E+05  2.839E-01 -4.477E-02  1.807E-01
 -1.0501300E+05  4.041E-01 -4.976E-02  1.250E-01
 -1.0501100E+05  2.638E-01 -5.067E-02  2.510E-01
 -1.0500900E+05  3.583E-01 -5.670E-02  2.296E-01
 -1.0500700E+05  3.155E-01 -5.634E-02  2.612E-01
 -1.0500500E+05  3.167E-01 -4.953E-02  2.043E-01
 -1.0500300E+05  4.642E-01 -6.369E-02  2.071E-01
 -1.0500100E+05  3.579E-01 -5.343E-02  1.979E-01
 -1.0499900E+05  3.636E-01 -6.073E-02  2.504E-01
 -1.0499700E+05  3.418E-01 -6.089E-02  2.806E-01
 -1.0499500E+05  3.039E-01 -5.001E-02  2.169E-01
 -1.0499300E+05  3.223E-01 -5.166E-02  2.132E-01
 -1.0499100E+05  3.131E-01 -4.487E-02  1.653E-01
 -1.0498900E+05  3.856E-01 -5.383E-02  1.837E-01
 -1.0498700E+05  3.694E-01 -5.449E-02  1.961E-01
 -1.0498500E+05  3.053E-01 -5.017E-02  2.118E-01
 -1.0498300E+05  3.816E-01 -6.461E-02  2.823E-01
 -1.0498100E+05  3.582E-01 -5.570E-02  2.116E-01
 -1.0497900E+05  3.650E-01 -5.131E-02  1.738E-01
 -1.0497700E+05  3.186E-01 -5.409E-02  2.425E-01
 -1.0497500E+05  3.993E-01 -6.181E-02  2.322E-01
 -1.0497300E+05  4.061E-01 -6.076E-02  2.233E-01
 -1.0497100E+05  3.204E-01 -5.020E-02  2.023E-01
 -1.0496900E+05  3.398E-01 -4.662E-02  1.509E-01
 -1.0496700E+05  3.266E-01 -4.885E-02  1.834E-01
 -1.0496500E+05  2.978E-01 -4.824E-02  2.033E-01
 -1.0496300E+05  3.307E-01 -5.128E-02  2.080E-01
 -1.0496100E+05  3.308E-01 -5.466E-02  2.279E-01
 -1.0495900E+05  3.292E-01 -5.156E-02  1.982E-01
 -1.0495700E+05  2.998E-01 -4.782E-02  1.954E-01
 -1.0495500E+05  3.226E-01 -4.440E-02  1.447E-01
 -1.0495300E+05  3.090E-01 -4.967E-02  2.050E-01
 -1.0495100E+05  2.811E-01 -4.981E-02  2.305E-01
 -1.0494900E+05  3.208E-01 -5.049E-02  2.057E-01
 -1.0494700E+05  2.998E-01 -4.726E-02  1.935E-01
 -1.0494500E+05  2.860E-01 -3.611E-02  1.008E-01
 -1.0494300E+05  3.082E-01 -4.010E-02  1.206E-01
 -1.0494100E+05  2.604E-01 -4.566E-02  2.123E-01
 -1.0493900E+05  3.223E-01 -5.473E-02  2.316E-01
 -1.0493700E+05  2.398E-01 -3.593E-02  1.375E-01
 -1.0493500E+05  2.515E-01 -3.386E-02  1.107E-01
 -1.0493300E+05  3.192E-01 -5.166E-02  2.111E-01
 -1.0493100E+05  2.455E-01 -3.954E-02  1.700E-01
 -1.0492900E+05  2.848E-01 -4.539E-02  1.854E-01
 -1.0492700E+05  2.744E-01 -3.715E-02  1.211E-01
 -1.0492500E+05  2.753E-01 -4.014E-02  1.450E-01
 -1.0492300E+05  3.277E-01 -5.277E-02  2.115E-01
 -1.0492100E+05  2.508E-01 -4.082E-02  1.748E-01
 -1.0491900E+05  2.936E-01 -4.202E-02  1.446E-01
 -1.0491700E+05  2.593E-01 -3.764E-02  1.347E-01
 -1.0491500E+05  2.744E-01 -4.336E-02  1.736E-01
 -1.0491300E+05  2.311E-01 -3.716E-02  1.553E-01
 -1.0491100E+05  2.570E-01 -3.801E-02  1.393E-01
 -1.0490900E+05  2.513E-01 -3.977E-02  1.686E-01
 -1.0490700E+05  2.441E-01 -3.801E-02  1.542E-01
 -1.0490500E+05  2.414E-01 -3.589E-02  1.308E-01
 -1.0490300E+05  2.468E-01 -3.557E-02  1.259E-01
 -1.0490100E+05  2.333E-01 -4.354E-02  2.029E-01
 -1.0489900E+05  2.385E-01 -3.572E-02  1.367E-01
 -1.0489700E+05  2.434E-01 -3.598E-02  1.368E-01
 -1.0489500E+05  2.623E-01 -3.985E-02  1.530E-01
 -1.0489300E+05  2.455E-01 -3.338E-02  1.112E-01
 -1.0489100E+05  2.390E-01 -3.788E-02  1.519E-01
 -1.0488900E+05  2.159E-01 -3.634E-02  1.576E-01
 -1.0488700E+05  2.440E-01 -3.537E-02  1.305E-01
 -1.0488500E+05  2.011E-01 -3.062E-02  1.152E-01
 -1.0488300E+05  2.305E-01 -3.593E-02  1.418E-01
 -1.0488100E+05  2.499E-01 -3.834E-02  1.514E-01
 -1.0487900E+05  2.260E-01 -3.886E-02  1.723E-01
 -1.0487700E+05  2.612E-01 -3.893E-02  1.469E-01
 -1.0487500E+05  2.427E-01 -3.811E-02  1.531E-01
 -1.0487300E+05  2.134E-01 -3.206E-02  1.286E-01
 -1.0487100E+05  2.146E-01 -3.700E-02  1.580E-01
 -1.0486900E+05  2.002E-01 -2.807E-02  9.587E-02
 -1.0486700E+05  2.223E-01 -3.287E-02  1.200E-01
 -1.0486500E+05  2.111E-01 -3.219E-02  1.269E-01
 -1.0486300E+05  2.251E-01 -3.307E-02  1.201E-01
 -1.0486100E+05  2.313E-01 -4.115E-02  1.849E-01
 -1.0485900E+05  1.961E-01 -3.340E-02  1.423E-01
 -1.0485700E+05  2.243E-01 -3.139E-02  1.160E-01
 -1.0485500E+05  2.103E-01 -3.203E-02  1.267E-01
 -1.0485300E+05  2.328E-01 -3.835E-02  1.596E-01
 -1.0485100E+05  2.067E-01 -3.176E-02  1.194E-01
 -1.0484900E+05  1.908E-01 -3.070E-02  1.215E-01
 -1.0484700E+05  2.063E-01 -3.319E-02  1.368E-01
 -1.0484500E+05  1.976E-01 -3.157E-02  1.336E-01
 -1.0484300E+05  2.054E-01 -2.986E-02  1.077E-01
 -1.0484100E+05  1.839E-01 -2.881E-02  1.190E-01
 -1.0483900E+05  2.144E-01 -3.486E-02  1.447E-01
 -1.0483700E+05  2.076E-01 -2.957E-02  1.060E-01
 -1.0483500E+05  1.956E-01 -3.325E-02  1.402E-01
 -1.0483300E+05  1.611E-01 -2.978E-02  1.396E-01
 -1.0483100E+05  1.445E-01 -2.157E-02  8.625E-02
 -1.0482900E+05  1.836E-01 -3.172E-02  1.398E-01
 -1.0482700E+05  2.087E-01 -2.674E-02  8.269E-02
 -1.0482500E+05  2.000E-01 -3.261E-02  1.330E-01
 -1.0482300E+05  1.615E-01 -2.471E-02  9.704E-02
 -1.0482100E+05  1.848E-01 -2.948E-02  1.202E-01
 -1.0481900E+05  2.080E-01 -2.899E-02  9.138E-02
 -1.0481700E+05  1.799E-01 -2.824E-02  1.159E-01
 -1.0481500E+05  1.740E-01 -2.983E-02  1.380E-01
 -1.0481300E+05  1.851E-01 -2.861E-02  1.150E-01
 -1.0481100E+05  1.733E-01 -3.024E-02  1.288E-01
 -1.0480900E+05  1.705E-01 -3.016E-02  1.339E-01
 -1.0480700E+05  1.464E-01 -2.421E-02  1.054E-01
 -1.0480500E+05  1.802E-01 -2.526E-02  9.244E-02
 -1.0480300E+05  1.591E-01 -2.283E-02  8.310E-02
 -1.0480100E+05  1.877E-01 -2.511E-02  8.160E-02
 -1.0479900E+05  1.946E-01 -2.632E-02  8.500E-02
 -1.0479700E+05  1.569E-01 -2.367E-02  8.734E-02
 -1.0479500E+05  1.429E-01 -2.329E-02  1.031E-01
 -1.0479300E+05  1.751E-01 -2.909E-02  1.232E-01
 -1.0479100E+05  1.441E-01 -2.578E-02  1.183E-01
 -1.0478900E+05  1.553E-01 -2.538E-02  1.095E-01
 -1.0478700E+05  1.768E-01 -2.126E-02  5.262E-02
 -1.0478500E+05  1.942E-01 -2.685E-02  8.933E-02
 -1.0478300E+05  1.432E-01 -2.533E-02  1.151E-01
