 -6.5209000E+04 -0.000E+00 -0.000E+00  0.000E+00
 -6.5207000E+04 -0.000E+00 -0.000E+00  0.000E+00
 -6.5205000E+04 -0.000E+00 -0.000E+00  0.000E+00
 -6.5203000E+04 -0.000E+00 -0.000E+00  0.000E+00
 -6.5201000E+04 -0.000E+00 -0.000E+00  0.000E+00
 -6.5199000E+04 -0.000E+00 -0.000E+00  0.000E+00
 -6.5197000E+04 -0.000E+00 -0.000E+00  0.000E+00
 -6.5195000E+04 -0.000E+00 -0.000E+00  0.000E+00
 -6.5193000E+04 -0.000E+00 -0.000E+00  0.000E+00
 -6.5191000E+04 -0.000E+00 -0.000E+00  0.000E+00
 -6.5189000E+04 -0.000E+00 -0.000E+00  0.000E+00
 -6.5187000E+04 -0.000E+00 -0.000E+00  0.000E+00
 -6.5185000E+04 -0.000E+00 -0.000E+00  0.000E+00
 -6.5183000E+04 -0.000E+00 -0.000E+00  0.000E+00
 -6.5181000E+04 -0.000E+00 -0.000E+00  0.000E+00
 -6.5179000E+04 -0.000E+00 -0.000E+00  0.000E+00
 -6.5177000E+04 -0.000E+00 -0.000E+00  0.000E+00
 -6.5175000E+04 -0.000E+00 -0.000E+00  0.000E+00
 -6.5173000E+04 -0.000E+00 -0.000E+00  0.000E+00
 -6.5171000E+04 -0.000E+00 -0.000E+00  0.000E+00
 -6.5169000E+04 -0.000E+00 -0.000E+00  0.000E+00
 -6.5167000E+04 -0.000E+00 -0.000E+00  0.000E+00
 -6.5165000E+04 -0.000E+00 -0.000E+00  0.000E+00
 -6.5163000E+04 -2.574E-05  3.527E-06 -1.211E-05
 -6.5161000E+04 -1.136E-04 -7.031E-07  9.540E-05
 -6.5159000E+04  2.919E-05 -3.876E-05  3.314E-04
 -6.5157000E+04 -2.015E-05  1.030E-05 -9.807E-05
 -6.5155000E+04  2.226E-04 -1.211E-06 -2.500E-04
 -6.5153000E+04 -4.643E-04  9.583E-05 -4.619E-04
 -6.5151000E+04 -1.065E-03  1.472E-04 -4.522E-04
 -6.5149000E+04 -1.661E-03  2.539E-04 -1.232E-03
 -6.5147000E+04 -1.059E-02  1.863E-03 -9.046E-03
 -6.5145000E+04 -1.505E-02  2.257E-03 -8.242E-03
 -6.5143000E+04 -4.859E-02  7.637E-03 -3.186E-02
 -6.5141000E+04 -1.414E-01  2.133E-02 -5.152E-02
 -6.5139000E+04 -2.232E-01  3.505E-02 -1.475E-01
 -6.5137000E+04 -3.332E-01  5.493E-02 -2.502E-01
 -6.5135000E+04 -5.100E-01  7.858E-02 -3.068E-01
 -6.5133000E+04 -9.530E-01  1.529E-01 -6.207E-01
 -6.5131000E+04 -1.428E+00  2.338E-01 -9.762E-01
 -6.5129000E+04 -1.719E+00  2.735E-01 -1.067E+00
 -6.5127000E+04 -2.255E+00  3.620E-01 -1.407E+00
 -6.5125000E+04 -2.770E+00  4.459E-01 -1.730E+00
 -6.5123000E+04 -3.463E+00  5.612E-01 -2.187E+00
 -6.5121000E+04 -3.725E+00  6.056E-01 -2.342E+00
 -6.5119000E+04 -4.076E+00  6.684E-01 -2.599E+00
 -6.5117000E+04 -4.178E+00  6.887E-01 -2.696E+00
 -6.5115000E+04 -4.240E+00  7.057E-01 -2.773E+00
 -6.5113000E+04 -4.316E+00  7.018E-01 -2.637E+00
 -6.5111000E+04 -3.810E+00  6.494E-01 -2.590E+00
 -6.5109000E+04 -3.586E+00  6.060E-01 -2.359E+00
 -6.5107000E+04 -3.283E+00  5.433E-01 -2.032E+00
 -6.5105000E+04 -2.865E+00  4.767E-01 -1.787E+00
 -6.5103000E+04 -2.398E+00  3.887E-01 -1.373E+00
 -6.5101000E+04 -1.847E+00  3.166E-01 -1.217E+00
 -6.5099000E+04 -1.655E+00  2.828E-01 -1.069E+00
 -6.5097000E+04 -1.419E+00  2.431E-01 -9.080E-01
 -6.5095000E+04 -1.174E+00  2.081E-01 -8.110E-01
 -6.5093000E+04 -9.661E-01  1.721E-01 -6.707E-01
 -6.5091000E+04 -9.012E-01  1.587E-01 -6.053E-01
 -6.5089000E+04 -4.376E-01  8.016E-02 -3.079E-01
 -6.5087000E+04 -2.752E-01  6.603E-02 -3.438E-01
 -6.5085000E+04 -2.238E-01  5.210E-02 -2.511E-01
 -6.5083000E+04 -1.121E-01  1.966E-02 -4.941E-02
 -6.5081000E+04 -1.555E-01  2.505E-02 -6.271E-02
 -6.5079000E+04 -7.232E-02  1.461E-03  9.072E-02
 -6.5077000E+04  1.264E-01 -2.122E-02  1.068E-01
 -6.5075000E+04  1.574E-01 -2.214E-02  8.045E-02
 -6.5073000E+04  1.728E-01 -3.337E-02  1.762E-01
 -6.5071000E+04  1.758E-01 -2.405E-02  7.784E-02
 -6.5069000E+04  1.643E-01 -2.867E-02  1.335E-01
 -6.5067000E+04  2.649E-01 -4.584E-02  1.948E-01
 -6.5065000E+04  2.864E-01 -4.413E-02  1.503E-01
 -6.5063000E+04  3.872E-01 -6.250E-02  2.383E-01
 -6.5061000E+04  4.253E-01 -6.965E-02  2.545E-01
 -6.5059000E+04  2.832E-01 -5.360E-02  2.558E-01
 -6.5057000E+04  3.106E-01 -5.131E-02  1.976E-01
 -6.5055000E+04  3.338E-01 -5.932E-02  2.524E-01
 -6.5053000E+04  3.783E-01 -6.071E-02  2.167E-01
 -6.5051000E+04  2.636E-01 -3.349E-02  7.098E-02
 -6.5049000E+04  3.186E-01 -5.669E-02  2.385E-01
 -6.5047000E+04  2.404E-01 -3.693E-02  1.304E-01
 -6.5045000E+04  4.833E-01 -7.510E-02  2.454E-01
 -6.5043000E+04  3.009E-01 -5.862E-02  2.759E-01
 -6.5041000E+04  3.490E-01 -6.239E-02  2.650E-01
 -6.5039000E+04  3.554E-01 -5.548E-02  1.981E-01
 -6.5037000E+04  2.945E-01 -5.576E-02  2.675E-01
 -6.5035000E+04  2.639E-01 -4.734E-02  1.939E-01
 -6.5033000E+04  3.310E-01 -4.692E-02  1.211E-01
 -6.5031000E+04  3.119E-01 -5.005E-02  1.802E-01
 -6.5029000E+04  3.386E-01 -5.917E-02  2.487E-01
 -6.5027000E+04  3.144E-01 -5.276E-02  2.062E-01
 -6.5025000E+04  3.107E-01 -4.911E-02  1.724E-01
 -6.5023000E+04  3.319E-01 -5.587E-02  2.122E-01
 -6.5021000E+04  2.901E-01 -5.025E-02  2.038E-01
 -6.5019000E+04  3.205E-01 -5.418E-02  2.102E-01
 -6.5017000E+04  3.160E-01 -4.883E-02  1.644E-01
 -6.5015000E+04  3.117E-01 -5.549E-02  2.383E-01
 -6.5013000E+04  2.727E-01 -4.570E-02  1.739E-01
 -6.5011000E+04  3.305E-01 -5.227E-02  1.927E-01
 -6.5009000E+04  2.890E-01 -4.832E-02  1.891E-01
 -6.5007000E+04  3.106E-01 -5.060E-02  1.921E-01
 -6.5005000E+04  2.963E-01 -4.942E-02  1.919E-01
 -6.5003000E+04  2.447E-01 -4.339E-02  1.806E-01
 -6.5001000E+04  2.981E-01 -4.695E-02  1.625E-01
 -6.4999000E+04  3.181E-01 -5.251E-02  1.983E-01
 -6.4997000E+04  3.105E-01 -5.640E-02  2.367E-01
 -6.4995000E+04  2.749E-01 -4.419E-02  1.618E-01
 -6.4993000E+04  3.192E-01 -4.617E-02  1.371E-01
 -6.4991000E+04  3.060E-01 -4.763E-02  1.561E-01
 -6.4989000E+04  2.440E-01 -4.870E-02  2.344E-01
 -6.4987000E+04  2.866E-01 -4.990E-02  2.105E-01
 -6.4985000E+04  2.531E-01 -4.529E-02  1.928E-01
 -6.4983000E+04  2.321E-01 -4.341E-02  1.932E-01
 -6.4981000E+04  2.651E-01 -4.155E-02  1.423E-01
 -6.4979000E+04  2.935E-01 -5.091E-02  1.949E-01
 -6.4977000E+04  3.040E-01 -4.863E-02  1.719E-01
 -6.4975000E+04  2.867E-01 -5.141E-02  2.109E-01
 -6.4973000E+04  2.857E-01 -4.825E-02  1.863E-01
 -6.4971000E+04  2.252E-01 -3.587E-02  1.339E-01
 -6.4969000E+04  2.818E-01 -4.511E-02  1.634E-01
 -6.4967000E+04  2.650E-01 -4.353E-02  1.570E-01
 -6.4965000E+04  2.585E-01 -4.360E-02  1.698E-01
 -6.4963000E+04  2.660E-01 -4.509E-02  1.755E-01
 -6.4961000E+04  2.122E-01 -3.513E-02  1.455E-01
 -6.4959000E+04  2.202E-01 -3.589E-02  1.314E-01
 -6.4957000E+04  2.323E-01 -3.725E-02  1.327E-01
 -6.4955000E+04  2.213E-01 -3.717E-02  1.667E-01
 -6.4953000E+04  2.410E-01 -4.345E-02  1.578E-01
 -6.4951000E+04  2.679E-01 -4.196E-02  1.425E-01
 -6.4949000E+04  2.663E-01 -3.854E-02  1.148E-01
 -6.4947000E+04  2.413E-01 -4.035E-02  1.587E-01
 -6.4945000E+04  2.160E-01 -4.107E-02  1.881E-01
 -6.4943000E+04  2.223E-01 -4.006E-02  1.725E-01
 -6.4941000E+04  2.327E-01 -3.378E-02  1.003E-01
 -6.4939000E+04  1.997E-01 -3.512E-02  1.574E-01
 -6.4937000E+04  1.972E-01 -3.375E-02  1.327E-01
 -6.4935000E+04  2.210E-01 -4.142E-02  1.822E-01
 -6.4933000E+04  2.283E-01 -3.677E-02  1.288E-01
 -6.4931000E+04  2.608E-01 -4.165E-02  1.514E-01
 -6.4929000E+04  2.362E-01 -3.759E-02  1.373E-01
 -6.4927000E+04  2.141E-01 -3.495E-02  1.338E-01
 -6.4925000E+04  2.071E-01 -3.157E-02  1.097E-01
 -6.4923000E+04  2.339E-01 -3.393E-02  9.424E-02
 -6.4921000E+04  1.767E-01 -3.223E-02  1.457E-01
 -6.4919000E+04  1.698E-01 -2.910E-02  1.130E-01
 -6.4917000E+04  2.191E-01 -3.670E-02  1.463E-01
 -6.4915000E+04  2.134E-01 -3.908E-02  1.754E-01
 -6.4913000E+04  2.018E-01 -3.277E-02  1.157E-01
 -6.4911000E+04  1.768E-01 -2.882E-02  1.018E-01
 -6.4909000E+04  1.965E-01 -3.353E-02  1.325E-01
 -6.4907000E+04  2.147E-01 -3.539E-02  1.330E-01
 -6.4905000E+04  2.120E-01 -3.227E-02  1.077E-01
 -6.4903000E+04  1.691E-01 -3.009E-02  1.254E-01
 -6.4901000E+04  1.823E-01 -3.063E-02  1.087E-01
 -6.4899000E+04  2.338E-01 -3.524E-02  1.163E-01
 -6.4897000E+04  1.901E-01 -3.057E-02  1.069E-01
 -6.4895000E+04  2.022E-01 -3.591E-02  1.577E-01
 -6.4893000E+04  1.741E-01 -2.963E-02  1.167E-01
 -6.4891000E+04  1.876E-01 -2.969E-02  1.181E-01
 -6.4889000E+04  2.141E-01 -3.623E-02  1.499E-01
 -6.4887000E+04  2.119E-01 -3.480E-02  1.232E-01
 -6.4885000E+04  1.847E-01 -3.046E-02  1.091E-01
 -6.4883000E+04  1.555E-01 -2.372E-02  8.114E-02
 -6.4881000E+04  1.642E-01 -3.162E-02  1.514E-01
 -6.4879000E+04  2.086E-01 -3.494E-02  1.231E-01
 -6.4877000E+04  2.163E-01 -3.363E-02  1.240E-01
 -6.4875000E+04  1.678E-01 -3.211E-02  1.355E-01
 -6.4873000E+04  1.832E-01 -3.025E-02  1.162E-01
 -6.4871000E+04  1.573E-01 -2.871E-02  1.284E-01
 -6.4869000E+04  1.481E-01 -2.784E-02  1.217E-01
 -6.4867000E+04  1.865E-01 -2.767E-02  8.835E-02
 -6.4865000E+04  1.929E-01 -3.297E-02  1.313E-01
 -6.4863000E+04  1.671E-01 -2.793E-02  1.211E-01
 -6.4861000E+04  1.595E-01 -2.648E-02  1.028E-01
 -6.4859000E+04  1.600E-01 -2.751E-02  1.077E-01
 -6.4857000E+04  1.779E-01 -3.135E-02  1.275E-01
 -6.4855000E+04  1.605E-01 -2.678E-02  1.028E-01
 -6.4853000E+04  1.756E-01 -2.870E-02  1.054E-01
 -6.4851000E+04  1.682E-01 -3.034E-02  1.274E-01
 -6.4849000E+04  1.609E-01 -2.675E-02  1.078E-01
 -6.4847000E+04  1.742E-01 -2.935E-02  1.136E-01
 -6.4845000E+04  1.706E-01 -2.736E-02  9.401E-02
 -6.4843000E+04  1.525E-01 -2.407E-02  8.741E-02
 -6.4841000E+04  1.281E-01 -2.000E-02  7.482E-02
 -6.4839000E+04  1.728E-01 -2.718E-02  9.470E-02
 -6.4837000E+04  1.586E-01 -2.907E-02  1.234E-01
 -6.4835000E+04  1.672E-01 -2.783E-02  1.063E-01
 -6.4833000E+04  1.439E-01 -2.568E-02  1.080E-01
 -6.4831000E+04  1.535E-01 -2.604E-02  1.007E-01
