  2.6133000E+04 -0.000E+00 -0.000E+00  0.000E+00
  2.6135000E+04 -0.000E+00 -0.000E+00  0.000E+00
  2.6137000E+04 -0.000E+00 -0.000E+00  0.000E+00
  2.6139000E+04 -0.000E+00 -0.000E+00  0.000E+00
  2.6141000E+04 -0.000E+00 -0.000E+00  0.000E+00
  2.6143000E+04 -0.000E+00 -0.000E+00  0.000E+00
  2.6145000E+04 -0.000E+00 -0.000E+00  0.000E+00
  2.6147000E+04 -0.000E+00 -0.000E+00  0.000E+00
  2.6149000E+04 -0.000E+00 -0.000E+00  0.000E+00
  2.6151000E+04 -0.000E+00 -0.000E+00  0.000E+00
  2.6153000E+04 -0.000E+00 -0.000E+00  0.000E+00
  2.6155000E+04 -0.000E+00 -0.000E+00  0.000E+00
  2.6157000E+04 -0.000E+00 -0.000E+00  0.000E+00
  2.6159000E+04 -0.000E+00 -0.000E+00  0.000E+00
  2.6161000E+04 -0.000E+00 -0.000E+00  0.000E+00
  2.6163000E+04 -0.000E+00 -0.000E+00  0.000E+00
  2.6165000E+04 -0.000E+00 -0.000E+00  0.000E+00
  2.6167000E+04 -0.000E+00 -0.000E+00  0.000E+00
  2.6169000E+04 -0.000E+00 -0.000E+00  0.000E+00
  2.6171000E+04 -0.000E+00 -0.000E+00  0.000E+00
  2.6173000E+04 -0.000E+00 -0.000E+00  0.000E+00
  2.6175000E+04 -0.000E+00 -0.000E+00  0.000E+00
  2.6177000E+04 -0.000E+00 -0.000E+00  0.000E+00
  2.6179000E+04 -0.000E+00 -0.000E+00  0.000E+00
  2.6181000E+04 -0.000E+00 -0.000E+00  0.000E+00
  2.6183000E+04 -0.000E+00 -0.000E+00  0.000E+00
  2.6185000E+04 -0.000E+00 -0.000E+00  0.000E+00
  2.6187000E+04 -0.000E+00 -0.000E+00  0.000E+00
  2.6189000E+04 -0.000E+00 -0.000E+00  0.000E+00
  2.6191000E+04 -6.047E-07  5.018E-08  9.467E-08
  2.6193000E+04 -3.950E-04  6.600E-05 -3.425E-04
  2.6195000E+04 -1.551E-03  1.904E-04 -4.923E-04
  2.6197000E+04 -7.681E-03  1.634E-03 -1.087E-02
  2.6199000E+04 -4.714E-02  7.530E-03 -3.604E-02
  2.6201000E+04 -8.624E-02  1.489E-02 -7.941E-02
  2.6203000E+04 -2.530E-01  4.113E-02 -2.001E-01
  2.6205000E+04 -4.673E-01  7.694E-02 -3.795E-01
  2.6207000E+04 -1.014E+00  1.627E-01 -7.658E-01
  2.6209000E+04 -1.639E+00  2.570E-01 -1.155E+00
  2.6211000E+04 -2.349E+00  3.706E-01 -1.672E+00
  2.6213000E+04 -3.379E+00  5.317E-01 -2.372E+00
  2.6215000E+04 -4.289E+00  6.627E-01 -2.839E+00
  2.6217000E+04 -4.997E+00  7.661E-01 -3.205E+00
  2.6219000E+04 -5.318E+00  8.284E-01 -3.547E+00
  2.6221000E+04 -5.379E+00  8.356E-01 -3.531E+00
  2.6223000E+04 -4.844E+00  7.650E-01 -3.313E+00
  2.6225000E+04 -4.301E+00  6.694E-01 -2.796E+00
  2.6227000E+04 -3.465E+00  5.357E-01 -2.192E+00
  2.6229000E+04 -2.612E+00  4.086E-01 -1.696E+00
  2.6231000E+04 -2.138E+00  3.281E-01 -1.296E+00
  2.6233000E+04 -1.568E+00  2.513E-01 -1.072E+00
  2.6235000E+04 -1.146E+00  1.766E-01 -6.893E-01
  2.6237000E+04 -7.894E-01  1.230E-01 -4.844E-01
  2.6239000E+04 -4.194E-01  7.442E-02 -3.649E-01
  2.6241000E+04 -2.404E-01  4.270E-02 -2.050E-01
  2.6243000E+04 -1.939E-01  1.962E-02  2.287E-02
  2.6245000E+04  1.333E-02 -5.928E-03  7.252E-02
  2.6247000E+04  9.461E-02 -5.310E-03 -4.971E-02
  2.6249000E+04  8.883E-02 -2.046E-02  1.521E-01
  2.6251000E+04  1.143E-01 -2.742E-02  1.985E-01
  2.6253000E+04  1.865E-01 -2.832E-02  1.132E-01
  2.6255000E+04  2.229E-01 -3.659E-02  1.728E-01
  2.6257000E+04  2.734E-01 -4.031E-02  1.550E-01
  2.6259000E+04  3.714E-01 -4.805E-02  1.197E-01
  2.6261000E+04  2.974E-01 -4.702E-02  2.068E-01
  2.6263000E+04  2.986E-01 -4.828E-02  2.182E-01
  2.6265000E+04  3.223E-01 -5.078E-02  2.164E-01
  2.6267000E+04  2.735E-01 -4.647E-02  2.305E-01
  2.6269000E+04  2.493E-01 -4.143E-02  1.920E-01
  2.6271000E+04  2.955E-01 -4.968E-02  2.410E-01
  2.6273000E+04  2.731E-01 -4.580E-02  2.207E-01
  2.6275000E+04  2.587E-01 -4.201E-02  1.931E-01
  2.6277000E+04  3.194E-01 -5.127E-02  2.288E-01
  2.6279000E+04  1.946E-01 -3.830E-02  2.277E-01
  2.6281000E+04  3.621E-01 -5.774E-02  2.507E-01
  2.6283000E+04  2.985E-01 -4.480E-02  1.792E-01
  2.6285000E+04  2.672E-01 -4.081E-02  1.615E-01
  2.6287000E+04  3.500E-01 -5.048E-02  1.767E-01
  2.6289000E+04  2.936E-01 -4.617E-02  1.984E-01
  2.6291000E+04  2.975E-01 -4.866E-02  2.212E-01
  2.6293000E+04  2.989E-01 -4.259E-02  1.448E-01
  2.6295000E+04  3.164E-01 -4.767E-02  1.864E-01
  2.6297000E+04  2.386E-01 -3.822E-02  1.707E-01
  2.6299000E+04  2.967E-01 -4.610E-02  1.912E-01
  2.6301000E+04  2.624E-01 -4.388E-02  2.063E-01
  2.6303000E+04  2.503E-01 -3.659E-02  1.338E-01
  2.6305000E+04  2.652E-01 -4.266E-02  1.894E-01
  2.6307000E+04  2.205E-01 -3.993E-02  2.168E-01
  2.6309000E+04  2.502E-01 -3.979E-02  1.762E-01
  2.6311000E+04  2.227E-01 -3.837E-02  1.916E-01
  2.6313000E+04  2.717E-01 -4.400E-02  2.013E-01
  2.6315000E+04  2.937E-01 -4.527E-02  1.860E-01
  2.6317000E+04  2.484E-01 -3.932E-02  1.696E-01
  2.6319000E+04  2.162E-01 -3.661E-02  1.776E-01
  2.6321000E+04  2.536E-01 -4.141E-02  1.865E-01
  2.6323000E+04  2.291E-01 -3.762E-02  1.711E-01
  2.6325000E+04  2.840E-01 -4.256E-02  1.627E-01
  2.6327000E+04  2.731E-01 -3.989E-02  1.451E-01
  2.6329000E+04  1.866E-01 -3.330E-02  1.748E-01
  2.6331000E+04  2.272E-01 -3.836E-02  1.823E-01
  2.6333000E+04  2.306E-01 -3.489E-02  1.393E-01
  2.6335000E+04  2.352E-01 -4.042E-02  2.047E-01
  2.6337000E+04  2.517E-01 -4.041E-02  1.781E-01
  2.6339000E+04  2.926E-01 -4.147E-02  1.376E-01
  2.6341000E+04  2.273E-01 -3.018E-02  8.596E-02
  2.6343000E+04  2.048E-01 -3.316E-02  1.501E-01
  2.6345000E+04  2.044E-01 -3.338E-02  1.540E-01
  2.6347000E+04  2.245E-01 -3.499E-02  1.472E-01
  2.6349000E+04  2.963E-01 -4.644E-02  1.976E-01
  2.6351000E+04  2.374E-01 -3.602E-02  1.388E-01
  2.6353000E+04  2.708E-01 -3.775E-02  1.246E-01
  2.6355000E+04  2.137E-01 -3.194E-02  1.235E-01
  2.6357000E+04  2.191E-01 -3.213E-02  1.150E-01
  2.6359000E+04  2.130E-01 -3.324E-02  1.385E-01
  2.6361000E+04  1.876E-01 -3.219E-02  1.586E-01
  2.6363000E+04  1.770E-01 -2.964E-02  1.442E-01
  2.6365000E+04  1.955E-01 -3.063E-02  1.333E-01
  2.6367000E+04  1.911E-01 -2.988E-02  1.290E-01
  2.6369000E+04  2.609E-01 -3.694E-02  1.242E-01
  2.6371000E+04  2.067E-01 -3.145E-02  1.300E-01
  2.6373000E+04  1.865E-01 -2.770E-02  1.079E-01
  2.6375000E+04  1.894E-01 -3.174E-02  1.539E-01
  2.6377000E+04  2.071E-01 -3.650E-02  1.880E-01
  2.6379000E+04  2.108E-01 -3.013E-02  1.020E-01
  2.6381000E+04  1.920E-01 -2.902E-02  1.107E-01
  2.6383000E+04  2.127E-01 -3.358E-02  1.457E-01
  2.6385000E+04  2.370E-01 -3.912E-02  1.776E-01
  2.6387000E+04  1.847E-01 -3.068E-02  1.443E-01
  2.6389000E+04  1.851E-01 -2.892E-02  1.199E-01
  2.6391000E+04  1.822E-01 -2.946E-02  1.335E-01
  2.6393000E+04  1.689E-01 -2.984E-02  1.549E-01
  2.6395000E+04  1.877E-01 -2.579E-02  8.399E-02
  2.6397000E+04  1.600E-01 -2.459E-02  1.006E-01
  2.6399000E+04  1.984E-01 -3.211E-02  1.422E-01
  2.6401000E+04  1.880E-01 -2.916E-02  1.265E-01
  2.6403000E+04  1.880E-01 -2.655E-02  8.919E-02
  2.6405000E+04  1.784E-01 -2.873E-02  1.268E-01
  2.6407000E+04  1.858E-01 -2.975E-02  1.332E-01
  2.6409000E+04  1.825E-01 -2.713E-02  1.009E-01
  2.6411000E+04  1.729E-01 -2.664E-02  1.089E-01
  2.6413000E+04  1.750E-01 -2.662E-02  1.004E-01
  2.6415000E+04  1.452E-01 -2.455E-02  1.205E-01
  2.6417000E+04  1.826E-01 -2.992E-02  1.380E-01
  2.6419000E+04  1.731E-01 -2.576E-02  1.007E-01
  2.6421000E+04  1.740E-01 -2.836E-02  1.257E-01
  2.6423000E+04  1.627E-01 -2.468E-02  9.705E-02
  2.6425000E+04  1.524E-01 -2.278E-02  9.149E-02
  2.6427000E+04  1.496E-01 -2.623E-02  1.360E-01
  2.6429000E+04  1.797E-01 -2.787E-02  1.136E-01
  2.6431000E+04  1.787E-01 -2.685E-02  1.049E-01
  2.6433000E+04  1.554E-01 -2.490E-02  1.112E-01
  2.6435000E+04  1.862E-01 -2.709E-02  9.878E-02
  2.6437000E+04  1.720E-01 -2.604E-02  1.030E-01
  2.6439000E+04  1.365E-01 -2.355E-02  1.178E-01
  2.6441000E+04  1.380E-01 -2.097E-02  8.529E-02
  2.6443000E+04  1.509E-01 -2.322E-02  9.487E-02
  2.6445000E+04  1.573E-01 -2.365E-02  9.337E-02
  2.6447000E+04  1.629E-01 -2.695E-02  1.259E-01
  2.6449000E+04  1.486E-01 -2.405E-02  1.076E-01
  2.6451000E+04  1.498E-01 -2.540E-02  1.256E-01
  2.6453000E+04  1.608E-01 -2.401E-02  9.100E-02
  2.6455000E+04  1.405E-01 -2.037E-02  6.977E-02
  2.6457000E+04  1.501E-01 -2.362E-02  1.024E-01
  2.6459000E+04  1.622E-01 -2.406E-02  8.935E-02
  2.6461000E+04  1.645E-01 -2.392E-02  8.956E-02
  2.6463000E+04  1.492E-01 -2.397E-02  1.055E-01
  2.6465000E+04  1.363E-01 -2.151E-02  9.902E-02
  2.6467000E+04  1.336E-01 -2.292E-02  1.133E-01
  2.6469000E+04  1.379E-01 -2.286E-02  1.098E-01
  2.6471000E+04  1.482E-01 -2.182E-02  7.662E-02
  2.6473000E+04  1.189E-01 -1.844E-02  8.123E-02
  2.6475000E+04  1.466E-01 -2.417E-02  1.097E-01
  2.6477000E+04  1.294E-01 -2.101E-02  9.762E-02
  2.6479000E+04  1.279E-01 -1.857E-02  6.874E-02
  2.6481000E+04  1.471E-01 -2.203E-02  8.224E-02
  2.6483000E+04  1.517E-01 -2.370E-02  1.006E-01
  2.6485000E+04  1.193E-01 -1.826E-02  7.166E-02
  2.6487000E+04  1.001E-01 -1.673E-02  7.731E-02
  2.6489000E+04  1.195E-01 -2.032E-02  1.027E-01
  2.6491000E+04  1.117E-01 -1.714E-02  7.127E-02
  2.6493000E+04  1.398E-01 -2.281E-02  1.030E-01
  2.6495000E+04  1.312E-01 -2.024E-02  8.387E-02
  2.6497000E+04  1.359E-01 -2.146E-02  9.262E-02
  2.6499000E+04  1.207E-01 -1.890E-02  7.963E-02
  2.6501000E+04  1.348E-01 -1.947E-02  7.416E-02
  2.6503000E+04  1.108E-01 -1.671E-02  6.562E-02
  2.6505000E+04  1.034E-01 -1.640E-02  6.657E-02
  2.6507000E+04  1.214E-01 -1.960E-02  9.010E-02
  2.6509000E+04  1.390E-01 -2.047E-02  8.194E-02
  2.6511000E+04  1.289E-01 -2.069E-02  9.177E-02
