  1.0220700E+05 -0.000E+00 -0.000E+00  0.000E+00
  1.0220900E+05 -0.000E+00 -0.000E+00  0.000E+00
  1.0221100E+05 -0.000E+00 -0.000E+00  0.000E+00
  1.0221300E+05 -0.000E+00 -0.000E+00  0.000E+00
  1.0221500E+05 -0.000E+00 -0.000E+00  0.000E+00
  1.0221700E+05 -0.000E+00 -0.000E+00  0.000E+00
  1.0221900E+05 -0.000E+00 -0.000E+00  0.000E+00
  1.0222100E+05 -0.000E+00 -0.000E+00  0.000E+00
  1.0222300E+05 -0.000E+00 -0.000E+00  0.000E+00
  1.0222500E+05 -0.000E+00 -0.000E+00  0.000E+00
  1.0222700E+05 -0.000E+00 -0.000E+00  0.000E+00
  1.0222900E+05 -0.000E+00 -0.000E+00  0.000E+00
  1.0223100E+05 -0.000E+00 -0.000E+00  0.000E+00
  1.0223300E+05 -0.000E+00 -0.000E+00  0.000E+00
  1.0223500E+05 -0.000E+00 -0.000E+00  0.000E+00
  1.0223700E+05 -0.000E+00 -0.000E+00  0.000E+00
  1.0223900E+05 -0.000E+00 -0.000E+00  0.000E+00
  1.0224100E+05 -0.000E+00 -0.000E+00  0.000E+00
  1.0224300E+05 -0.000E+00 -0.000E+00  0.000E+00
  1.0224500E+05 -0.000E+00 -0.000E+00  0.000E+00
  1.0224700E+05 -0.000E+00 -0.000E+00  0.000E+00
  1.0224900E+05 -0.000E+00 -0.000E+00  0.000E+00
  1.0225100E+05 -0.000E+00 -0.000E+00  0.000E+00
  1.0225300E+05 -0.000E+00 -0.000E+00  0.000E+00
  1.0225500E+05 -0.000E+00 -0.000E+00  0.000E+00
  1.0225700E+05 -0.000E+00 -0.000E+00  0.000E+00
  1.0225900E+05 -0.000E+00 -0.000E+00  0.000E+00
  1.0226100E+05 -0.000E+00 -0.000E+00  0.000E+00
  1.0226300E+05 -0.000E+00 -0.000E+00  0.000E+00
  1.0226500E+05 -0.000E+00 -0.000E+00  0.000E+00
  1.0226700E+05 -2.040E-06 -2.852E-08  2.844E-06
  1.0226900E+05 -2.630E-04  3.915E-05 -2.083E-04
  1.0227100E+05 -1.548E-03  1.444E-04 -5.765E-05
  1.0227300E+05 -1.974E-02  3.018E-03 -1.667E-02
  1.0227500E+05 -6.246E-02  8.680E-03 -4.092E-02
  1.0227700E+05 -1.913E-01  2.614E-02 -1.191E-01
  1.0227900E+05 -4.547E-01  6.489E-02 -3.212E-01
  1.0228100E+05 -1.034E+00  1.417E-01 -6.503E-01
  1.0228300E+05 -1.834E+00  2.560E-01 -1.218E+00
  1.0228500E+05 -3.002E+00  4.196E-01 -2.002E+00
  1.0228700E+05 -4.227E+00  5.847E-01 -2.733E+00
  1.0228900E+05 -5.386E+00  7.474E-01 -3.518E+00
  1.0229100E+05 -5.990E+00  8.339E-01 -3.952E+00
  1.0229300E+05 -5.960E+00  8.412E-01 -4.097E+00
  1.0229500E+05 -5.266E+00  7.351E-01 -3.507E+00
  1.0229700E+05 -4.103E+00  5.836E-01 -2.892E+00
  1.0229900E+05 -2.993E+00  4.246E-01 -2.098E+00
  1.0230100E+05 -2.156E+00  2.978E-01 -1.396E+00
  1.0230300E+05 -1.510E+00  2.183E-01 -1.120E+00
  1.0230500E+05 -7.650E-01  1.065E-01 -5.151E-01
  1.0230700E+05 -5.189E-01  6.379E-02 -2.286E-01
  1.0230900E+05 -2.512E-01  3.507E-02 -1.737E-01
  1.0231100E+05 -5.773E-02  1.189E-02 -1.006E-01
  1.0231300E+05  1.566E-01 -2.077E-02  8.239E-02
  1.0231500E+05  1.145E-01 -1.883E-02  1.135E-01
  1.0231700E+05  1.775E-01 -2.742E-02  1.506E-01
  1.0231900E+05  1.665E-01 -2.381E-02  1.117E-01
  1.0232100E+05  2.891E-01 -3.999E-02  1.821E-01
  1.0232300E+05  2.202E-01 -3.418E-02  1.925E-01
  1.0232500E+05  2.702E-01 -3.642E-02  1.556E-01
  1.0232700E+05  1.840E-01 -3.326E-02  2.295E-01
  1.0232900E+05  2.875E-01 -3.870E-02  1.677E-01
  1.0233100E+05  2.556E-01 -3.467E-02  1.503E-01
  1.0233300E+05  3.000E-01 -4.081E-02  1.799E-01
  1.0233500E+05  2.612E-01 -3.823E-02  1.987E-01
  1.0233700E+05  2.623E-01 -4.098E-02  2.317E-01
  1.0233900E+05  2.090E-01 -3.526E-02  2.212E-01
  1.0234100E+05  2.947E-01 -3.905E-02  1.639E-01
  1.0234300E+05  2.722E-01 -3.514E-02  1.368E-01
  1.0234500E+05  2.834E-01 -3.940E-02  1.839E-01
  1.0234700E+05  2.117E-01 -3.266E-02  1.831E-01
  1.0234900E+05  2.615E-01 -3.739E-02  1.835E-01
  1.0235100E+05  3.320E-01 -4.326E-02  1.753E-01
  1.0235300E+05  2.539E-01 -3.455E-02  1.544E-01
  1.0235500E+05  2.670E-01 -3.857E-02  1.925E-01
  1.0235700E+05  2.376E-01 -3.468E-02  1.757E-01
  1.0235900E+05  2.862E-01 -4.368E-02  2.413E-01
  1.0236100E+05  2.396E-01 -3.653E-02  2.019E-01
  1.0236300E+05  2.329E-01 -3.186E-02  1.417E-01
  1.0236500E+05  2.565E-01 -3.644E-02  1.780E-01
  1.0236700E+05  2.214E-01 -3.432E-02  1.944E-01
  1.0236900E+05  2.905E-01 -4.189E-02  2.113E-01
  1.0237100E+05  2.275E-01 -3.344E-02  1.763E-01
  1.0237300E+05  2.119E-01 -2.724E-02  1.060E-01
  1.0237500E+05  2.680E-01 -3.860E-02  1.913E-01
  1.0237700E+05  1.912E-01 -2.638E-02  1.240E-01
  1.0237900E+05  2.901E-01 -4.024E-02  1.887E-01
  1.0238100E+05  2.105E-01 -2.910E-02  1.338E-01
  1.0238300E+05  2.149E-01 -3.280E-02  1.843E-01
  1.0238500E+05  2.181E-01 -3.006E-02  1.346E-01
  1.0238700E+05  2.327E-01 -3.330E-02  1.678E-01
  1.0238900E+05  1.995E-01 -2.782E-02  1.300E-01
  1.0239100E+05  1.859E-01 -3.017E-02  1.826E-01
  1.0239300E+05  1.934E-01 -2.864E-02  1.528E-01
  1.0239500E+05  2.042E-01 -3.001E-02  1.556E-01
  1.0239700E+05  2.621E-01 -3.470E-02  1.462E-01
  1.0239900E+05  2.476E-01 -3.281E-02  1.339E-01
  1.0240100E+05  1.947E-01 -2.955E-02  1.616E-01
  1.0240300E+05  2.117E-01 -3.074E-02  1.562E-01
  1.0240500E+05  2.317E-01 -3.035E-02  1.251E-01
  1.0240700E+05  2.338E-01 -3.290E-02  1.595E-01
  1.0240900E+05  1.881E-01 -2.807E-02  1.496E-01
  1.0241100E+05  1.628E-01 -2.492E-02  1.402E-01
  1.0241300E+05  2.012E-01 -2.773E-02  1.253E-01
  1.0241500E+05  2.245E-01 -3.095E-02  1.438E-01
  1.0241700E+05  1.909E-01 -2.725E-02  1.358E-01
  1.0241900E+05  1.828E-01 -2.345E-02  8.934E-02
  1.0242100E+05  2.065E-01 -2.715E-02  1.104E-01
  1.0242300E+05  2.300E-01 -3.191E-02  1.486E-01
  1.0242500E+05  2.231E-01 -3.058E-02  1.394E-01
  1.0242700E+05  1.657E-01 -2.426E-02  1.270E-01
  1.0242900E+05  2.129E-01 -2.873E-02  1.265E-01
  1.0243100E+05  1.891E-01 -2.682E-02  1.302E-01
  1.0243300E+05  1.892E-01 -2.681E-02  1.335E-01
  1.0243500E+05  1.671E-01 -2.387E-02  1.202E-01
  1.0243700E+05  1.982E-01 -2.919E-02  1.511E-01
  1.0243900E+05  1.766E-01 -2.445E-02  1.105E-01
  1.0244100E+05  1.801E-01 -2.379E-02  9.964E-02
  1.0244300E+05  1.627E-01 -2.184E-02  9.508E-02
  1.0244500E+05  2.065E-01 -2.785E-02  1.227E-01
  1.0244700E+05  1.564E-01 -2.394E-02  1.336E-01
  1.0244900E+05  1.866E-01 -2.519E-02  1.127E-01
  1.0245100E+05  1.828E-01 -2.445E-02  1.053E-01
  1.0245300E+05  1.896E-01 -2.608E-02  1.197E-01
  1.0245500E+05  1.810E-01 -2.507E-02  1.160E-01
  1.0245700E+05  1.839E-01 -2.644E-02  1.332E-01
  1.0245900E+05  1.583E-01 -2.272E-02  1.153E-01
  1.0246100E+05  1.429E-01 -1.967E-02  9.124E-02
  1.0246300E+05  1.577E-01 -2.214E-02  1.068E-01
  1.0246500E+05  1.663E-01 -2.443E-02  1.274E-01
  1.0246700E+05  1.754E-01 -2.281E-02  9.060E-02
  1.0246900E+05  1.723E-01 -2.313E-02  9.892E-02
  1.0247100E+05  1.590E-01 -2.413E-02  1.349E-01
  1.0247300E+05  1.689E-01 -2.172E-02  8.348E-02
  1.0247500E+05  1.535E-01 -2.074E-02  9.385E-02
  1.0247700E+05  1.943E-01 -2.640E-02  1.196E-01
  1.0247900E+05  1.671E-01 -2.407E-02  1.186E-01
  1.0248100E+05  1.395E-01 -2.065E-02  1.103E-01
  1.0248300E+05  1.472E-01 -2.123E-02  1.097E-01
  1.0248500E+05  1.332E-01 -1.937E-02  1.019E-01
  1.0248700E+05  1.613E-01 -2.265E-02  1.075E-01
  1.0248900E+05  1.721E-01 -2.101E-02  6.978E-02
  1.0249100E+05  1.253E-01 -1.841E-02  9.355E-02
  1.0249300E+05  1.248E-01 -1.919E-02  1.089E-01
  1.0249500E+05  1.489E-01 -2.031E-02  9.494E-02
  1.0249700E+05  1.457E-01 -2.042E-02  9.560E-02
  1.0249900E+05  1.683E-01 -2.274E-02  1.047E-01
  1.0250100E+05  1.359E-01 -1.934E-02  9.668E-02
  1.0250300E+05  1.138E-01 -1.678E-02  8.598E-02
  1.0250500E+05  1.387E-01 -1.954E-02  9.419E-02
  1.0250700E+05  1.297E-01 -1.907E-02  9.971E-02
  1.0250900E+05  1.425E-01 -1.790E-02  6.989E-02
  1.0251100E+05  1.627E-01 -2.184E-02  9.583E-02
  1.0251300E+05  1.420E-01 -2.081E-02  1.083E-01
  1.0251500E+05  1.341E-01 -2.020E-02  1.128E-01
  1.0251700E+05  1.359E-01 -1.922E-02  8.950E-02
  1.0251900E+05  1.377E-01 -1.897E-02  9.005E-02
  1.0252100E+05  1.223E-01 -1.660E-02  7.369E-02
  1.0252300E+05  1.387E-01 -2.029E-02  1.062E-01
  1.0252500E+05  1.268E-01 -1.735E-02  8.098E-02
  1.0252700E+05  1.327E-01 -1.862E-02  8.991E-02
  1.0252900E+05  1.305E-01 -1.730E-02  7.280E-02
  1.0253100E+05  1.219E-01 -1.779E-02  9.355E-02
  1.0253300E+05  1.318E-01 -1.771E-02  7.926E-02
  1.0253500E+05  1.287E-01 -1.829E-02  9.356E-02
  1.0253700E+05  1.169E-01 -1.606E-02  7.287E-02
  1.0253900E+05  1.055E-01 -1.628E-02  9.027E-02
  1.0254100E+05  1.000E-01 -1.459E-02  7.547E-02
  1.0254300E+05  1.250E-01 -1.780E-02  8.511E-02
  1.0254500E+05  1.363E-01 -1.856E-02  8.575E-02
  1.0254700E+05  1.211E-01 -1.658E-02  7.689E-02
  1.0254900E+05  1.116E-01 -1.490E-02  6.563E-02
  1.0255100E+05  1.310E-01 -1.736E-02  7.263E-02
  1.0255300E+05  1.172E-01 -1.785E-02  1.004E-01
  1.0255500E+05  1.101E-01 -1.651E-02  9.058E-02
  1.0255700E+05  1.052E-01 -1.472E-02  6.919E-02
  1.0255900E+05  1.218E-01 -1.594E-02  6.224E-02
  1.0256100E+05  1.190E-01 -1.583E-02  7.008E-02
  1.0256300E+05  8.786E-02 -1.297E-02  7.531E-02
  1.0256500E+05  1.260E-01 -1.761E-02  8.253E-02
  1.0256700E+05  1.218E-01 -1.692E-02  7.579E-02
  1.0256900E+05  1.084E-01 -1.546E-02  7.556E-02
  1.0257100E+05  1.120E-01 -1.479E-02  6.404E-02
  1.0257300E+05  1.060E-01 -1.453E-02  6.670E-02
  1.0257500E+05  1.187E-01 -1.800E-02  9.854E-02
  1.0257700E+05  9.360E-02 -1.368E-02  7.035E-02
  1.0257900E+05  1.155E-01 -1.594E-02  7.590E-02
  1.0258100E+05  1.105E-01 -1.538E-02  7.242E-02
  1.0258300E+05  1.023E-01 -1.468E-02  7.458E-02
  1.0258500E+05  1.127E-01 -1.397E-02  4.467E-02
