  1.1844700E+05 -0.000E+00 -0.000E+00  0.000E+00
  1.1844900E+05 -0.000E+00 -0.000E+00  0.000E+00
  1.1845100E+05 -0.000E+00 -0.000E+00  0.000E+00
  1.1845300E+05 -0.000E+00 -0.000E+00  0.000E+00
  1.1845500E+05 -0.000E+00 -0.000E+00  0.000E+00
  1.1845700E+05 -0.000E+00 -0.000E+00  0.000E+00
  1.1845900E+05 -0.000E+00 -0.000E+00  0.000E+00
  1.1846100E+05 -0.000E+00 -0.000E+00  0.000E+00
  1.1846300E+05 -0.000E+00 -0.000E+00  0.000E+00
  1.1846500E+05 -0.000E+00 -0.000E+00  0.000E+00
  1.1846700E+05 -0.000E+00 -0.000E+00  0.000E+00
  1.1846900E+05 -0.000E+00 -0.000E+00  0.000E+00
  1.1847100E+05 -0.000E+00 -0.000E+00  0.000E+00
  1.1847300E+05 -0.000E+00 -0.000E+00  0.000E+00
  1.1847500E+05 -0.000E+00 -0.000E+00  0.000E+00
  1.1847700E+05 -0.000E+00 -0.000E+00  0.000E+00
  1.1847900E+05 -0.000E+00 -0.000E+00  0.000E+00
  1.1848100E+05 -0.000E+00 -0.000E+00  0.000E+00
  1.1848300E+05 -0.000E+00 -0.000E+00  0.000E+00
  1.1848500E+05 -0.000E+00 -0.000E+00  0.000E+00
  1.1848700E+05 -0.000E+00 -0.000E+00  0.000E+00
  1.1848900E+05 -0.000E+00 -0.000E+00  0.000E+00
  1.1849100E+05 -0.000E+00 -0.000E+00  0.000E+00
  1.1849300E+05 -0.000E+00 -0.000E+00  0.000E+00
  1.1849500E+05 -0.000E+00 -0.000E+00  0.000E+00
  1.1849700E+05 -0.000E+00 -0.000E+00  0.000E+00
  1.1849900E+05 -0.000E+00 -0.000E+00  0.000E+00
  1.1850100E+05 -0.000E+00 -0.000E+00  0.000E+00
  1.1850300E+05 -0.000E+00 -0.000E+00  0.000E+00
  1.1850500E+05 -0.000E+00 -0.000E+00  0.000E+00
  1.1850700E+05 -0.000E+00 -0.000E+00  0.000E+00
  1.1850900E+05  4.898E-06 -3.218E-07 -1.032E-06
  1.1851100E+05 -2.102E-04  3.395E-05 -2.287E-04
  1.1851300E+05 -1.261E-03  1.198E-04 -2.359E-04
  1.1851500E+05 -2.112E-02  2.633E-03 -1.268E-02
  1.1851700E+05 -9.050E-02  1.022E-02 -3.986E-02
  1.1851900E+05 -2.494E-01  3.039E-02 -1.419E-01
  1.1852100E+05 -6.390E-01  7.833E-02 -3.730E-01
  1.1852300E+05 -1.308E+00  1.597E-01 -7.617E-01
  1.1852500E+05 -2.315E+00  2.840E-01 -1.378E+00
  1.1852700E+05 -3.553E+00  4.366E-01 -2.145E+00
  1.1852900E+05 -4.940E+00  6.105E-01 -3.059E+00
  1.1853100E+05 -5.901E+00  7.456E-01 -3.925E+00
  1.1853300E+05 -6.041E+00  7.558E-01 -3.949E+00
  1.1853500E+05 -5.665E+00  7.161E-01 -3.848E+00
  1.1853700E+05 -4.767E+00  5.982E-01 -3.205E+00
  1.1853900E+05 -3.596E+00  4.650E-01 -2.645E+00
  1.1854100E+05 -2.334E+00  3.074E-01 -1.823E+00
  1.1854300E+05 -1.749E+00  2.094E-01 -1.070E+00
  1.1854500E+05 -9.048E-01  1.168E-01 -6.968E-01
  1.1854700E+05 -5.313E-01  6.584E-02 -3.791E-01
  1.1854900E+05 -3.001E-01  3.753E-02 -2.310E-01
  1.1855100E+05 -8.080E-02  1.065E-02 -8.321E-02
  1.1855300E+05 -1.678E-02  2.113E-03 -3.189E-02
  1.1855500E+05  9.516E-02 -1.149E-02  4.134E-02
  1.1855700E+05  1.570E-01 -2.635E-02  1.899E-01
  1.1855900E+05  1.837E-01 -3.035E-02  2.191E-01
  1.1856100E+05  2.749E-01 -3.410E-02  1.658E-01
  1.1856300E+05  1.809E-01 -2.220E-02  1.022E-01
  1.1856500E+05  2.154E-01 -3.037E-02  1.824E-01
  1.1856700E+05  2.125E-01 -2.418E-02  9.552E-02
  1.1856900E+05  2.561E-01 -3.169E-02  1.537E-01
  1.1857100E+05  2.821E-01 -3.672E-02  2.033E-01
  1.1857300E+05  2.806E-01 -3.533E-02  1.797E-01
  1.1857500E+05  2.494E-01 -3.239E-02  1.749E-01
  1.1857700E+05  3.445E-01 -4.042E-02  1.834E-01
  1.1857900E+05  2.917E-01 -3.696E-02  1.901E-01
  1.1858100E+05  3.297E-01 -4.146E-02  2.160E-01
  1.1858300E+05  1.991E-01 -3.185E-02  2.280E-01
  1.1858500E+05  2.517E-01 -3.177E-02  1.649E-01
  1.1858700E+05  2.800E-01 -3.363E-02  1.615E-01
  1.1858900E+05  2.467E-01 -3.418E-02  2.064E-01
  1.1859100E+05  2.754E-01 -3.547E-02  1.912E-01
  1.1859300E+05  2.258E-01 -3.061E-02  1.824E-01
  1.1859500E+05  2.203E-01 -2.724E-02  1.388E-01
  1.1859700E+05  2.264E-01 -3.080E-02  1.804E-01
  1.1859900E+05  2.547E-01 -3.043E-02  1.426E-01
  1.1860100E+05  2.657E-01 -3.448E-02  1.895E-01
  1.1860300E+05  2.465E-01 -2.946E-02  1.385E-01
  1.1860500E+05  2.827E-01 -3.229E-02  1.383E-01
  1.1860700E+05  2.285E-01 -3.310E-02  2.159E-01
  1.1860900E+05  2.311E-01 -3.109E-02  1.837E-01
  1.1861100E+05  2.560E-01 -3.200E-02  1.625E-01
  1.1861300E+05  2.177E-01 -2.694E-02  1.335E-01
  1.1861500E+05  3.033E-01 -3.621E-02  1.719E-01
  1.1861700E+05  1.963E-01 -2.823E-02  1.822E-01
  1.1861900E+05  2.636E-01 -3.261E-02  1.677E-01
  1.1862100E+05  1.907E-01 -2.553E-02  1.488E-01
  1.1862300E+05  2.130E-01 -2.709E-02  1.447E-01
  1.1862500E+05  2.253E-01 -2.696E-02  1.282E-01
  1.1862700E+05  2.205E-01 -2.856E-02  1.534E-01
  1.1862900E+05  2.528E-01 -3.139E-02  1.606E-01
  1.1863100E+05  2.199E-01 -2.804E-02  1.512E-01
  1.1863300E+05  1.934E-01 -2.790E-02  1.833E-01
  1.1863500E+05  2.238E-01 -2.459E-02  9.537E-02
  1.1863700E+05  2.153E-01 -2.805E-02  1.605E-01
  1.1863900E+05  2.139E-01 -2.506E-02  1.099E-01
  1.1864100E+05  2.008E-01 -2.559E-02  1.379E-01
  1.1864300E+05  2.120E-01 -2.637E-02  1.301E-01
  1.1864500E+05  2.052E-01 -2.777E-02  1.659E-01
  1.1864700E+05  2.090E-01 -2.534E-02  1.246E-01
  1.1864900E+05  1.970E-01 -2.540E-02  1.411E-01
  1.1865100E+05  2.321E-01 -2.769E-02  1.301E-01
  1.1865300E+05  2.184E-01 -2.591E-02  1.204E-01
  1.1865500E+05  1.883E-01 -2.612E-02  1.609E-01
  1.1865700E+05  2.147E-01 -2.622E-02  1.324E-01
  1.1865900E+05  2.084E-01 -2.546E-02  1.268E-01
  1.1866100E+05  1.907E-01 -2.132E-02  9.201E-02
  1.1866300E+05  1.956E-01 -2.577E-02  1.464E-01
  1.1866500E+05  1.912E-01 -2.283E-02  1.045E-01
  1.1866700E+05  1.999E-01 -2.667E-02  1.521E-01
  1.1866900E+05  1.848E-01 -2.520E-02  1.460E-01
  1.1867100E+05  1.815E-01 -2.317E-02  1.249E-01
  1.1867300E+05  1.987E-01 -2.372E-02  1.157E-01
  1.1867500E+05  1.485E-01 -2.059E-02  1.322E-01
  1.1867700E+05  1.670E-01 -2.255E-02  1.396E-01
  1.1867900E+05  1.662E-01 -2.141E-02  1.197E-01
  1.1868100E+05  2.083E-01 -2.379E-02  1.012E-01
  1.1868300E+05  1.890E-01 -2.352E-02  1.208E-01
  1.1868500E+05  1.661E-01 -2.154E-02  1.228E-01
  1.1868700E+05  1.618E-01 -1.861E-02  8.058E-02
  1.1868900E+05  1.670E-01 -2.223E-02  1.288E-01
  1.1869100E+05  1.788E-01 -2.211E-02  1.146E-01
  1.1869300E+05  1.797E-01 -2.161E-02  1.016E-01
  1.1869500E+05  1.558E-01 -1.908E-02  9.670E-02
  1.1869700E+05  1.663E-01 -2.301E-02  1.423E-01
  1.1869900E+05  1.610E-01 -2.183E-02  1.320E-01
  1.1870100E+05  1.762E-01 -1.947E-02  7.669E-02
  1.1870300E+05  1.366E-01 -1.786E-02  1.021E-01
  1.1870500E+05  1.572E-01 -1.954E-02  9.848E-02
  1.1870700E+05  1.695E-01 -2.203E-02  1.228E-01
  1.1870900E+05  1.542E-01 -1.878E-02  9.755E-02
  1.1871100E+05  1.640E-01 -1.986E-02  1.003E-01
  1.1871300E+05  1.593E-01 -2.016E-02  1.064E-01
  1.1871500E+05  1.572E-01 -2.030E-02  1.107E-01
  1.1871700E+05  1.655E-01 -2.149E-02  1.205E-01
  1.1871900E+05  1.448E-01 -1.749E-02  8.556E-02
  1.1872100E+05  1.381E-01 -1.661E-02  8.378E-02
  1.1872300E+05  1.456E-01 -1.785E-02  8.990E-02
  1.1872500E+05  1.609E-01 -2.087E-02  1.188E-01
  1.1872700E+05  1.228E-01 -1.524E-02  8.122E-02
  1.1872900E+05  1.402E-01 -1.735E-02  9.121E-02
  1.1873100E+05  1.603E-01 -1.703E-02  5.869E-02
  1.1873300E+05  1.444E-01 -1.860E-02  1.026E-01
  1.1873500E+05  1.310E-01 -1.700E-02  9.379E-02
  1.1873700E+05  1.260E-01 -1.587E-02  8.387E-02
  1.1873900E+05  1.494E-01 -1.939E-02  1.129E-01
  1.1874100E+05  1.710E-01 -1.899E-02  7.916E-02
  1.1874300E+05  1.403E-01 -1.882E-02  1.152E-01
  1.1874500E+05  1.573E-01 -1.864E-02  8.633E-02
  1.1874700E+05  1.331E-01 -1.826E-02  1.068E-01
  1.1874900E+05  1.325E-01 -1.649E-02  9.077E-02
  1.1875100E+05  1.494E-01 -1.893E-02  1.017E-01
  1.1875300E+05  1.295E-01 -1.550E-02  6.819E-02
  1.1875500E+05  1.236E-01 -1.637E-02  9.137E-02
  1.1875700E+05  1.380E-01 -1.664E-02  7.962E-02
  1.1875900E+05  1.416E-01 -1.792E-02  9.569E-02
  1.1876100E+05  1.086E-01 -1.654E-02  1.147E-01
  1.1876300E+05  1.580E-01 -1.972E-02  1.023E-01
  1.1876500E+05  1.411E-01 -1.723E-02  8.517E-02
  1.1876700E+05  1.049E-01 -1.431E-02  7.975E-02
  1.1876900E+05  1.137E-01 -1.453E-02  7.691E-02
  1.1877100E+05  1.294E-01 -1.544E-02  7.637E-02
  1.1877300E+05  1.109E-01 -1.337E-02  6.189E-02
  1.1877500E+05  1.398E-01 -1.802E-02  1.016E-01
  1.1877700E+05  1.138E-01 -1.423E-02  7.862E-02
  1.1877900E+05  1.258E-01 -1.501E-02  6.902E-02
  1.1878100E+05  1.418E-01 -1.725E-02  8.172E-02
  1.1878300E+05  1.244E-01 -1.504E-02  8.469E-02
  1.1878500E+05  1.048E-01 -1.332E-02  7.593E-02
  1.1878700E+05  1.203E-01 -1.458E-02  7.289E-02
  1.1878900E+05  1.269E-01 -1.476E-02  6.547E-02
  1.1879100E+05  1.209E-01 -1.455E-02  7.548E-02
  1.1879300E+05  1.084E-01 -1.288E-02  6.065E-02
  1.1879500E+05  9.934E-02 -1.327E-02  8.300E-02
  1.1879700E+05  1.354E-01 -1.527E-02  6.464E-02
  1.1879900E+05  9.773E-02 -1.074E-02  4.578E-02
  1.1880100E+05  1.072E-01 -1.518E-02  9.285E-02
  1.1880300E+05  1.300E-01 -1.572E-02  8.016E-02
  1.1880500E+05  1.126E-01 -1.445E-02  8.261E-02
  1.1880700E+05  1.015E-01 -1.249E-02  6.037E-02
  1.1880900E+05  1.032E-01 -1.292E-02  7.118E-02
  1.1881100E+05  1.042E-01 -1.364E-02  7.619E-02
  1.1881300E+05  8.343E-02 -1.076E-02  5.965E-02
  1.1881500E+05  9.823E-02 -1.132E-02  5.129E-02
  1.1881700E+05  9.300E-02 -1.239E-02  7.404E-02
  1.1881900E+05  1.075E-01 -1.422E-02  8.153E-02
  1.1882100E+05  1.177E-01 -1.599E-02  9.683E-02
  1.1882300E+05  1.102E-01 -1.335E-02  6.089E-02
  1.1882500E+05  9.223E-02 -1.300E-02  8.531E-02
