  6.5343000E+04 -0.000E+00 -0.000E+00  0.000E+00
  6.5345000E+04 -0.000E+00 -0.000E+00  0.000E+00
  6.5347000E+04 -0.000E+00 -0.000E+00  0.000E+00
  6.5349000E+04 -0.000E+00 -0.000E+00  0.000E+00
  6.5351000E+04 -0.000E+00 -0.000E+00  0.000E+00
  6.5353000E+04 -0.000E+00 -0.000E+00  0.000E+00
  6.5355000E+04 -0.000E+00 -0.000E+00  0.000E+00
  6.5357000E+04 -0.000E+00 -0.000E+00  0.000E+00
  6.5359000E+04 -0.000E+00 -0.000E+00  0.000E+00
  6.5361000E+04 -0.000E+00 -0.000E+00  0.000E+00
  6.5363000E+04 -0.000E+00 -0.000E+00  0.000E+00
  6.5365000E+04  2.089E-04 -5.706E-05  4.381E-04
  6.5367000E+04  1.185E-04  1.778E-06 -1.875E-04
  6.5369000E+04  1.034E-03 -3.920E-04  1.194E-03
  6.5371000E+04  2.334E-04 -1.026E-04 -1.364E-04
  6.5373000E+04  7.063E-05 -8.194E-06 -4.676E-04
  6.5375000E+04 -1.124E-03  6.935E-05 -1.077E-03
  6.5377000E+04 -1.403E-04 -2.826E-04  2.307E-03
  6.5379000E+04  5.957E-05 -8.150E-05 -1.408E-04
  6.5381000E+04 -2.557E-04 -5.080E-05 -1.358E-04
  6.5383000E+04  1.886E-04 -6.028E-05 -5.304E-04
  6.5385000E+04  1.084E-03 -1.887E-04  1.977E-04
  6.5387000E+04 -5.737E-04  7.465E-06 -2.464E-04
  6.5389000E+04 -1.145E-03  1.164E-04 -9.078E-04
  6.5391000E+04 -3.249E-05  3.699E-05 -1.115E-03
  6.5393000E+04 -5.200E-04 -1.886E-04  1.612E-03
  6.5395000E+04 -2.218E-03 -5.187E-05 -1.612E-03
  6.5397000E+04  2.529E-03 -4.836E-04  2.780E-03
  6.5399000E+04 -2.757E-03  1.150E-05  1.330E-03
  6.5401000E+04 -4.410E-03 -9.315E-04  1.058E-02
  6.5403000E+04  2.636E-03  5.392E-04 -7.535E-03
  6.5405000E+04  1.442E-03  1.250E-03 -1.324E-02
  6.5407000E+04 -9.693E-03  7.711E-04 -1.994E-03
  6.5409000E+04 -2.326E-02  4.400E-03 -3.997E-02
  6.5411000E+04 -1.308E-01  1.615E-02 -8.900E-02
  6.5413000E+04 -3.353E-01  3.893E-02 -1.887E-01
  6.5415000E+04 -7.798E-01  9.436E-02 -4.999E-01
  6.5417000E+04 -1.264E+00  1.542E-01 -8.469E-01
  6.5419000E+04 -2.001E+00  2.356E-01 -1.234E+00
  6.5421000E+04 -3.234E+00  3.855E-01 -2.087E+00
  6.5423000E+04 -4.202E+00  4.954E-01 -2.671E+00
  6.5425000E+04 -5.288E+00  6.208E-01 -3.363E+00
  6.5427000E+04 -5.491E+00  6.413E-01 -3.484E+00
  6.5429000E+04 -5.755E+00  6.664E-01 -3.627E+00
  6.5431000E+04 -5.005E+00  5.941E-01 -3.375E+00
  6.5433000E+04 -4.423E+00  5.062E-01 -2.769E+00
  6.5435000E+04 -3.820E+00  4.354E-01 -2.417E+00
  6.5437000E+04 -2.681E+00  3.025E-01 -1.673E+00
  6.5439000E+04 -1.879E+00  2.135E-01 -1.220E+00
  6.5441000E+04 -1.329E+00  1.474E-01 -8.337E-01
  6.5443000E+04 -8.446E-01  9.682E-02 -5.838E-01
  6.5445000E+04 -4.396E-01  4.902E-02 -3.009E-01
  6.5447000E+04 -1.383E-01  2.127E-02 -2.007E-01
  6.5449000E+04 -1.314E-01  1.170E-02 -7.745E-02
  6.5451000E+04  5.787E-03 -6.390E-03  5.006E-02
  6.5453000E+04  3.142E-02 -9.205E-03  6.798E-02
  6.5455000E+04  1.498E-01 -2.544E-02  1.839E-01
  6.5457000E+04  2.573E-01 -2.451E-02  8.007E-02
  6.5459000E+04  1.612E-01 -1.887E-02  8.918E-02
  6.5461000E+04  2.437E-01 -3.146E-02  1.887E-01
  6.5463000E+04  2.366E-01 -2.562E-02  1.102E-01
  6.5465000E+04  3.071E-01 -3.415E-02  1.612E-01
  6.5467000E+04  1.977E-01 -2.679E-02  1.625E-01
  6.5469000E+04  2.907E-01 -3.761E-02  2.251E-01
  6.5471000E+04  2.838E-01 -3.544E-02  2.051E-01
  6.5473000E+04  2.981E-01 -3.290E-02  1.612E-01
  6.5475000E+04  3.096E-01 -3.291E-02  1.479E-01
  6.5477000E+04  2.720E-01 -3.320E-02  1.932E-01
  6.5479000E+04  2.729E-01 -3.441E-02  2.046E-01
  6.5481000E+04  3.333E-01 -3.765E-02  1.915E-01
  6.5483000E+04  3.150E-01 -3.409E-02  1.636E-01
  6.5485000E+04  2.423E-01 -3.425E-02  2.317E-01
  6.5487000E+04  2.804E-01 -3.101E-02  1.525E-01
  6.5489000E+04  2.777E-01 -3.521E-02  2.104E-01
  6.5491000E+04  2.952E-01 -3.740E-02  2.245E-01
  6.5493000E+04  3.349E-01 -3.247E-02  1.322E-01
  6.5495000E+04  2.840E-01 -3.507E-02  2.030E-01
  6.5497000E+04  2.678E-01 -3.241E-02  1.847E-01
  6.5499000E+04  2.601E-01 -2.998E-02  1.608E-01
  6.5501000E+04  2.905E-01 -3.160E-02  1.506E-01
  6.5503000E+04  2.421E-01 -2.971E-02  1.820E-01
  6.5505000E+04  3.035E-01 -3.338E-02  1.606E-01
  6.5507000E+04  2.657E-01 -3.447E-02  2.170E-01
  6.5509000E+04  2.462E-01 -2.968E-02  1.766E-01
  6.5511000E+04  2.570E-01 -3.370E-02  2.051E-01
  6.5513000E+04  2.205E-01 -2.473E-02  1.195E-01
  6.5515000E+04  2.595E-01 -3.094E-02  1.787E-01
  6.5517000E+04  2.262E-01 -2.745E-02  1.528E-01
  6.5519000E+04  2.873E-01 -2.969E-02  1.349E-01
  6.5521000E+04  2.344E-01 -3.098E-02  2.012E-01
  6.5523000E+04  2.815E-01 -3.048E-02  1.474E-01
  6.5525000E+04  2.373E-01 -2.605E-02  1.309E-01
  6.5527000E+04  2.492E-01 -2.713E-02  1.353E-01
  6.5529000E+04  2.564E-01 -2.792E-02  1.311E-01
  6.5531000E+04  2.474E-01 -2.900E-02  1.547E-01
  6.5533000E+04  2.043E-01 -2.415E-02  1.402E-01
  6.5535000E+04  2.709E-01 -3.209E-02  1.792E-01
  6.5537000E+04  2.189E-01 -2.886E-02  1.874E-01
  6.5539000E+04  2.324E-01 -2.781E-02  1.577E-01
  6.5541000E+04  2.897E-01 -3.022E-02  1.394E-01
  6.5543000E+04  2.465E-01 -2.703E-02  1.364E-01
  6.5545000E+04  2.447E-01 -2.623E-02  1.243E-01
  6.5547000E+04  2.148E-01 -2.742E-02  1.645E-01
  6.5549000E+04  2.286E-01 -2.583E-02  1.318E-01
  6.5551000E+04  2.323E-01 -2.859E-02  1.748E-01
  6.5553000E+04  1.706E-01 -2.206E-02  1.311E-01
  6.5555000E+04  2.012E-01 -2.420E-02  1.369E-01
  6.5557000E+04  2.495E-01 -2.548E-02  1.081E-01
  6.5559000E+04  2.132E-01 -2.532E-02  1.428E-01
  6.5561000E+04  2.211E-01 -2.494E-02  1.164E-01
  6.5563000E+04  1.988E-01 -2.485E-02  1.533E-01
  6.5565000E+04  1.576E-01 -1.898E-02  1.014E-01
  6.5567000E+04  2.100E-01 -2.554E-02  1.412E-01
  6.5569000E+04  1.841E-01 -2.281E-02  1.395E-01
  6.5571000E+04  2.136E-01 -2.560E-02  1.504E-01
  6.5573000E+04  1.950E-01 -2.053E-02  9.542E-02
  6.5575000E+04  2.108E-01 -2.240E-02  1.143E-01
  6.5577000E+04  1.955E-01 -2.370E-02  1.394E-01
  6.5579000E+04  1.711E-01 -2.095E-02  1.256E-01
  6.5581000E+04  2.064E-01 -2.402E-02  1.316E-01
  6.5583000E+04  2.151E-01 -2.433E-02  1.224E-01
  6.5585000E+04  1.971E-01 -2.470E-02  1.536E-01
  6.5587000E+04  1.571E-01 -2.203E-02  1.521E-01
  6.5589000E+04  1.577E-01 -1.976E-02  1.242E-01
  6.5591000E+04  1.830E-01 -2.050E-02  1.057E-01
  6.5593000E+04  1.486E-01 -1.762E-02  1.040E-01
  6.5595000E+04  1.780E-01 -2.080E-02  1.159E-01
  6.5597000E+04  1.671E-01 -1.718E-02  8.291E-02
  6.5599000E+04  1.873E-01 -2.060E-02  9.825E-02
  6.5601000E+04  1.786E-01 -2.175E-02  1.205E-01
  6.5603000E+04  1.867E-01 -2.064E-02  1.061E-01
  6.5605000E+04  1.861E-01 -2.207E-02  1.256E-01
  6.5607000E+04  1.854E-01 -2.013E-02  9.610E-02
  6.5609000E+04  1.726E-01 -1.842E-02  9.652E-02
  6.5611000E+04  1.849E-01 -2.053E-02  1.062E-01
  6.5613000E+04  1.398E-01 -1.666E-02  8.900E-02
  6.5615000E+04  1.433E-01 -1.883E-02  1.164E-01
  6.5617000E+04  1.743E-01 -2.024E-02  1.171E-01
  6.5619000E+04  1.866E-01 -2.013E-02  1.011E-01
  6.5621000E+04  1.544E-01 -1.925E-02  1.151E-01
  6.5623000E+04  1.710E-01 -1.905E-02  9.723E-02
  6.5625000E+04  1.694E-01 -1.990E-02  1.116E-01
  6.5627000E+04  1.699E-01 -1.798E-02  8.936E-02
  6.5629000E+04  1.528E-01 -1.924E-02  1.228E-01
  6.5631000E+04  1.621E-01 -2.022E-02  1.241E-01
  6.5633000E+04  1.610E-01 -1.942E-02  1.211E-01
  6.5635000E+04  1.522E-01 -1.889E-02  1.167E-01
  6.5637000E+04  1.696E-01 -1.718E-02  7.447E-02
  6.5639000E+04  1.646E-01 -1.904E-02  1.081E-01
  6.5641000E+04  1.474E-01 -1.803E-02  9.791E-02
  6.5643000E+04  1.582E-01 -1.863E-02  1.004E-01
  6.5645000E+04  1.514E-01 -1.591E-02  6.914E-02
  6.5647000E+04  1.607E-01 -1.999E-02  1.196E-01
  6.5649000E+04  1.736E-01 -1.927E-02  9.877E-02
  6.5651000E+04  1.475E-01 -1.735E-02  9.899E-02
  6.5653000E+04  1.659E-01 -1.775E-02  7.313E-02
  6.5655000E+04  1.522E-01 -1.647E-02  8.846E-02
  6.5657000E+04  1.549E-01 -1.688E-02  8.620E-02
  6.5659000E+04  1.357E-01 -1.531E-02  8.905E-02
  6.5661000E+04  1.532E-01 -1.839E-02  1.048E-01
  6.5663000E+04  1.051E-01 -1.539E-02  1.003E-01
  6.5665000E+04  1.338E-01 -1.648E-02  9.890E-02
  6.5667000E+04  1.478E-01 -1.496E-02  6.460E-02
  6.5669000E+04  1.103E-01 -1.380E-02  8.755E-02
  6.5671000E+04  1.193E-01 -1.389E-02  8.114E-02
  6.5673000E+04  1.384E-01 -1.552E-02  6.404E-02
  6.5675000E+04  1.203E-01 -1.534E-02  1.122E-01
  6.5677000E+04  1.595E-01 -1.825E-02  9.293E-02
  6.5679000E+04  1.331E-01 -1.392E-02  7.841E-02
  6.5681000E+04  1.145E-01 -1.523E-02  8.340E-02
  6.5683000E+04  1.542E-01 -1.720E-02  9.412E-02
  6.5685000E+04  1.621E-01 -1.602E-02  6.674E-02
  6.5687000E+04  1.285E-01 -1.549E-02  9.759E-02
  6.5689000E+04  1.179E-01 -1.409E-02  7.392E-02
  6.5691000E+04  1.155E-01 -1.315E-02  7.436E-02
  6.5693000E+04  1.357E-01 -1.515E-02  8.024E-02
  6.5695000E+04  1.196E-01 -1.306E-02  8.135E-02
  6.5697000E+04  1.296E-01 -1.471E-02  8.077E-02
  6.5699000E+04  1.287E-01 -1.411E-02  7.320E-02
  6.5701000E+04  1.058E-01 -1.615E-02  1.087E-01
  6.5703000E+04  1.275E-01 -1.380E-02  6.257E-02
  6.5705000E+04  9.045E-02 -1.138E-02  5.838E-02
  6.5707000E+04  1.314E-01 -1.444E-02  7.609E-02
  6.5709000E+04  1.377E-01 -1.636E-02  9.949E-02
  6.5711000E+04  1.186E-01 -1.548E-02  9.605E-02
  6.5713000E+04  1.104E-01 -1.242E-02  6.689E-02
  6.5715000E+04  1.147E-01 -1.291E-02  6.699E-02
  6.5717000E+04  1.166E-01 -1.341E-02  8.000E-02
  6.5719000E+04  1.231E-01 -1.302E-02  6.316E-02
  6.5721000E+04  1.234E-01 -1.415E-02  7.801E-02
