 -2.5999000E+04 -0.000E+00 -0.000E+00  0.000E+00
 -2.5997000E+04 -0.000E+00 -0.000E+00  0.000E+00
 -2.5995000E+04 -0.000E+00 -0.000E+00  0.000E+00
 -2.5993000E+04 -0.000E+00 -0.000E+00  0.000E+00
 -2.5991000E+04 -0.000E+00 -0.000E+00  0.000E+00
 -2.5989000E+04 -0.000E+00 -0.000E+00  0.000E+00
 -2.5987000E+04 -0.000E+00 -0.000E+00  0.000E+00
 -2.5985000E+04 -0.000E+00 -0.000E+00  0.000E+00
 -2.5983000E+04 -0.000E+00 -0.000E+00  0.000E+00
 -2.5981000E+04 -0.000E+00 -0.000E+00  0.000E+00
 -2.5979000E+04 -0.000E+00 -0.000E+00  0.000E+00
 -2.5977000E+04 -0.000E+00 -0.000E+00  0.000E+00
 -2.5975000E+04 -0.000E+00 -0.000E+00  0.000E+00
 -2.5973000E+04 -0.000E+00 -0.000E+00  0.000E+00
 -2.5971000E+04 -0.000E+00 -0.000E+00  0.000E+00
 -2.5969000E+04 -0.000E+00 -0.000E+00  0.000E+00
 -2.5967000E+04 -0.000E+00 -0.000E+00  0.000E+00
 -2.5965000E+04 -0.000E+00 -0.000E+00  0.000E+00
 -2.5963000E+04 -0.000E+00 -0.000E+00  0.000E+00
 -2.5961000E+04 -0.000E+00 -0.000E+00  0.000E+00
 -2.5959000E+04 -0.000E+00 -0.000E+00  0.000E+00
 -2.5957000E+04 -0.000E+00 -0.000E+00  0.000E+00
 -2.5955000E+04 -0.000E+00 -0.000E+00  0.000E+00
 -2.5953000E+04 -0.000E+00 -0.000E+00  0.000E+00
 -2.5951000E+04 -0.000E+00 -0.000E+00  0.000E+00
 -2.5949000E+04 -0.000E+00 -0.000E+00  0.000E+00
 -2.5947000E+04 -0.000E+00 -0.000E+00  0.000E+00
 -2.5945000E+04 -0.000E+00 -0.000E+00  0.000E+00
 -2.5943000E+04 -1.599E-05  3.448E-06 -2.640E-05
 -2.5941000E+04 -9.346E-05  8.438E-06 -2.087E-05
 -2.5939000E+04 -9.070E-04  9.650E-05 -3.712E-04
 -2.5937000E+04 -2.049E-03  3.092E-04 -1.902E-03
 -2.5935000E+04 -1.701E-02  2.384E-03 -1.372E-02
 -2.5933000E+04 -4.548E-02  6.729E-03 -4.093E-02
 -2.5931000E+04 -1.375E-01  1.946E-02 -1.144E-01
 -2.5929000E+04 -2.480E-01  3.381E-02 -1.925E-01
 -2.5927000E+04 -5.557E-01  7.225E-02 -3.936E-01
 -2.5925000E+04 -8.673E-01  1.138E-01 -6.300E-01
 -2.5923000E+04 -1.362E+00  1.744E-01 -9.463E-01
 -2.5921000E+04 -2.056E+00  2.594E-01 -1.395E+00
 -2.5919000E+04 -2.673E+00  3.361E-01 -1.814E+00
 -2.5917000E+04 -3.161E+00  3.907E-01 -2.083E+00
 -2.5915000E+04 -4.220E+00  5.168E-01 -2.748E+00
 -2.5913000E+04 -4.788E+00  5.567E-01 -2.805E+00
 -2.5911000E+04 -4.614E+00  5.492E-01 -2.870E+00
 -2.5909000E+04 -4.773E+00  5.672E-01 -2.983E+00
 -2.5907000E+04 -4.962E+00  5.813E-01 -3.031E+00
 -2.5905000E+04 -4.540E+00  5.052E-01 -2.495E+00
 -2.5903000E+04 -3.868E+00  4.435E-01 -2.292E+00
 -2.5901000E+04 -3.645E+00  4.071E-01 -2.059E+00
 -2.5899000E+04 -2.873E+00  3.265E-01 -1.707E+00
 -2.5897000E+04 -2.276E+00  2.599E-01 -1.379E+00
 -2.5895000E+04 -1.881E+00  1.972E-01 -9.503E-01
 -2.5893000E+04 -1.376E+00  1.664E-01 -9.591E-01
 -2.5891000E+04 -1.087E+00  1.184E-01 -6.238E-01
 -2.5889000E+04 -6.805E-01  6.965E-02 -3.546E-01
 -2.5887000E+04 -5.338E-01  5.822E-02 -3.258E-01
 -2.5885000E+04 -3.350E-01  3.140E-02 -1.596E-01
 -2.5883000E+04 -1.063E-01  2.187E-02 -2.048E-01
 -2.5881000E+04 -2.119E-02 -8.523E-03  8.037E-02
 -2.5879000E+04 -1.065E-02  3.693E-03 -6.077E-02
 -2.5877000E+04  9.837E-02 -1.777E-02  1.046E-01
 -2.5875000E+04  1.482E-01 -1.971E-02  9.552E-02
 -2.5873000E+04  1.860E-01 -2.039E-02  7.840E-02
 -2.5871000E+04  2.688E-01 -2.912E-02  1.185E-01
 -2.5869000E+04  1.835E-01 -1.557E-02  3.086E-02
 -2.5867000E+04  2.712E-01 -2.953E-02  1.282E-01
 -2.5865000E+04  2.944E-01 -4.051E-02  2.312E-01
 -2.5863000E+04  2.754E-01 -3.263E-02  1.668E-01
 -2.5861000E+04  3.649E-01 -4.070E-02  1.889E-01
 -2.5859000E+04  3.059E-01 -3.797E-02  1.996E-01
 -2.5857000E+04  3.361E-01 -3.906E-02  1.935E-01
 -2.5855000E+04  3.065E-01 -4.471E-02  2.786E-01
 -2.5853000E+04  2.876E-01 -3.029E-02  1.308E-01
 -2.5851000E+04  3.533E-01 -4.645E-02  2.684E-01
 -2.5849000E+04  3.782E-01 -4.517E-02  2.319E-01
 -2.5847000E+04  2.992E-01 -3.645E-02  1.943E-01
 -2.5845000E+04  3.309E-01 -4.329E-02  2.430E-01
 -2.5843000E+04  3.385E-01 -3.478E-02  1.469E-01
 -2.5841000E+04  3.318E-01 -4.196E-02  2.343E-01
 -2.5839000E+04  3.453E-01 -3.176E-02  1.101E-01
 -2.5837000E+04  3.077E-01 -3.332E-02  1.515E-01
 -2.5835000E+04  3.041E-01 -3.693E-02  1.982E-01
 -2.5833000E+04  3.217E-01 -3.820E-02  1.965E-01
 -2.5831000E+04  3.015E-01 -3.813E-02  2.099E-01
 -2.5829000E+04  3.351E-01 -3.816E-02  1.906E-01
 -2.5827000E+04  2.661E-01 -3.805E-02  2.311E-01
 -2.5825000E+04  2.770E-01 -3.411E-02  1.852E-01
 -2.5823000E+04  3.075E-01 -3.128E-02  1.307E-01
 -2.5821000E+04  3.156E-01 -3.562E-02  1.748E-01
 -2.5819000E+04  3.696E-01 -3.696E-02  1.555E-01
 -2.5817000E+04  2.925E-01 -3.650E-02  2.033E-01
 -2.5815000E+04  3.106E-01 -3.657E-02  1.896E-01
 -2.5813000E+04  2.716E-01 -2.998E-02  1.424E-01
 -2.5811000E+04  2.474E-01 -3.298E-02  1.936E-01
 -2.5809000E+04  3.237E-01 -4.103E-02  2.257E-01
 -2.5807000E+04  3.306E-01 -3.410E-02  1.470E-01
 -2.5805000E+04  2.980E-01 -3.555E-02  1.913E-01
 -2.5803000E+04  2.658E-01 -3.271E-02  1.791E-01
 -2.5801000E+04  2.577E-01 -3.296E-02  1.869E-01
 -2.5799000E+04  3.518E-01 -3.888E-02  1.871E-01
 -2.5797000E+04  3.243E-01 -3.579E-02  1.699E-01
 -2.5795000E+04  2.646E-01 -3.211E-02  1.696E-01
 -2.5793000E+04  2.804E-01 -3.101E-02  1.513E-01
 -2.5791000E+04  2.940E-01 -3.137E-02  1.503E-01
 -2.5789000E+04  2.602E-01 -2.935E-02  1.473E-01
 -2.5787000E+04  2.969E-01 -3.651E-02  2.030E-01
 -2.5785000E+04  2.758E-01 -3.142E-02  1.569E-01
 -2.5783000E+04  2.245E-01 -2.711E-02  1.414E-01
 -2.5781000E+04  2.737E-01 -3.101E-02  1.526E-01
 -2.5779000E+04  2.760E-01 -3.546E-02  2.009E-01
 -2.5777000E+04  2.779E-01 -3.091E-02  1.534E-01
 -2.5775000E+04  2.702E-01 -3.002E-02  1.488E-01
 -2.5773000E+04  2.164E-01 -3.068E-02  1.889E-01
 -2.5771000E+04  2.257E-01 -2.550E-02  1.222E-01
 -2.5769000E+04  2.456E-01 -2.868E-02  1.509E-01
 -2.5767000E+04  2.712E-01 -3.111E-02  1.609E-01
 -2.5765000E+04  2.509E-01 -2.799E-02  1.347E-01
 -2.5763000E+04  2.153E-01 -2.675E-02  1.482E-01
 -2.5761000E+04  2.601E-01 -2.594E-02  1.092E-01
 -2.5759000E+04  2.339E-01 -2.853E-02  1.558E-01
 -2.5757000E+04  2.314E-01 -2.992E-02  1.688E-01
 -2.5755000E+04  2.411E-01 -2.723E-02  1.350E-01
 -2.5753000E+04  1.837E-01 -2.384E-02  1.393E-01
 -2.5751000E+04  2.061E-01 -2.752E-02  1.642E-01
 -2.5749000E+04  2.623E-01 -2.852E-02  1.353E-01
 -2.5747000E+04  2.117E-01 -2.281E-02  1.126E-01
 -2.5745000E+04  2.181E-01 -2.832E-02  1.629E-01
 -2.5743000E+04  2.253E-01 -2.586E-02  1.293E-01
 -2.5741000E+04  2.050E-01 -2.303E-02  1.189E-01
 -2.5739000E+04  2.089E-01 -2.510E-02  1.313E-01
 -2.5737000E+04  1.937E-01 -2.753E-02  1.728E-01
 -2.5735000E+04  2.088E-01 -2.305E-02  1.102E-01
 -2.5733000E+04  2.330E-01 -2.425E-02  1.084E-01
 -2.5731000E+04  2.151E-01 -2.475E-02  1.219E-01
 -2.5729000E+04  2.509E-01 -2.852E-02  1.466E-01
 -2.5727000E+04  1.960E-01 -2.600E-02  1.523E-01
 -2.5725000E+04  1.853E-01 -2.064E-02  9.974E-02
 -2.5723000E+04  2.288E-01 -2.626E-02  1.359E-01
 -2.5721000E+04  2.185E-01 -2.275E-02  1.087E-01
 -2.5719000E+04  1.893E-01 -2.093E-02  1.041E-01
 -2.5717000E+04  1.991E-01 -2.303E-02  1.185E-01
 -2.5715000E+04  1.834E-01 -2.157E-02  1.130E-01
 -2.5713000E+04  2.450E-01 -2.984E-02  1.641E-01
 -2.5711000E+04  2.006E-01 -2.351E-02  1.227E-01
 -2.5709000E+04  1.589E-01 -2.260E-02  1.390E-01
 -2.5707000E+04  1.520E-01 -2.032E-02  1.157E-01
 -2.5705000E+04  1.986E-01 -2.228E-02  1.127E-01
 -2.5703000E+04  2.091E-01 -2.552E-02  1.418E-01
 -2.5701000E+04  1.849E-01 -1.938E-02  8.660E-02
 -2.5699000E+04  2.028E-01 -2.403E-02  1.260E-01
 -2.5697000E+04  1.900E-01 -2.433E-02  1.428E-01
 -2.5695000E+04  1.703E-01 -1.971E-02  9.358E-02
 -2.5693000E+04  1.937E-01 -2.080E-02  9.831E-02
 -2.5691000E+04  1.571E-01 -1.789E-02  9.089E-02
 -2.5689000E+04  1.880E-01 -2.067E-02  9.956E-02
 -2.5687000E+04  1.615E-01 -2.113E-02  1.252E-01
 -2.5685000E+04  2.162E-01 -2.507E-02  1.288E-01
 -2.5683000E+04  1.807E-01 -2.008E-02  1.009E-01
 -2.5681000E+04  1.635E-01 -1.902E-02  1.004E-01
 -2.5679000E+04  1.651E-01 -2.006E-02  1.085E-01
 -2.5677000E+04  1.978E-01 -2.232E-02  1.134E-01
 -2.5675000E+04  1.575E-01 -2.227E-02  1.394E-01
 -2.5673000E+04  1.683E-01 -1.913E-02  9.835E-02
 -2.5671000E+04  1.761E-01 -2.080E-02  1.079E-01
 -2.5669000E+04  1.808E-01 -2.142E-02  1.165E-01
 -2.5667000E+04  1.674E-01 -1.857E-02  9.042E-02
 -2.5665000E+04  1.663E-01 -2.001E-02  1.001E-01
 -2.5663000E+04  1.611E-01 -2.098E-02  1.223E-01
 -2.5661000E+04  1.573E-01 -1.609E-02  7.247E-02
 -2.5659000E+04  1.500E-01 -1.694E-02  8.583E-02
 -2.5657000E+04  1.695E-01 -1.698E-02  7.246E-02
 -2.5655000E+04  1.576E-01 -2.104E-02  1.237E-01
 -2.5653000E+04  1.429E-01 -1.645E-02  8.549E-02
 -2.5651000E+04  1.417E-01 -1.689E-02  8.351E-02
 -2.5649000E+04  1.630E-01 -1.872E-02  8.957E-02
 -2.5647000E+04  1.733E-01 -1.793E-02  7.972E-02
 -2.5645000E+04  1.395E-01 -1.707E-02  9.440E-02
 -2.5643000E+04  1.301E-01 -1.636E-02  9.277E-02
 -2.5641000E+04  1.461E-01 -1.852E-02  1.057E-01
 -2.5639000E+04  1.439E-01 -1.968E-02  1.152E-01
 -2.5637000E+04  1.570E-01 -1.849E-02  1.005E-01
 -2.5635000E+04  1.627E-01 -1.847E-02  9.296E-02
 -2.5633000E+04  1.602E-01 -2.033E-02  1.209E-01
 -2.5631000E+04  1.315E-01 -1.674E-02  8.349E-02
 -2.5629000E+04  1.631E-01 -1.545E-02  7.048E-02
 -2.5627000E+04  1.663E-01 -1.950E-02  1.009E-01
 -2.5625000E+04  1.491E-01 -1.961E-02  1.100E-01
 -2.5623000E+04  1.298E-01 -1.449E-02  7.347E-02
 -2.5621000E+04  1.481E-01 -1.519E-02  7.747E-02
