 -1.3085000E+04  3.423E-01 -5.671E-02  3.086E-01
 -1.3083000E+04  4.950E-01 -6.567E-02  2.672E-01
 -1.3081000E+04  5.162E-01 -7.034E-02  2.962E-01
 -1.3079000E+04  4.289E-01 -6.237E-02  3.190E-01
 -1.3077000E+04  4.784E-01 -6.354E-02  2.662E-01
 -1.3075000E+04  3.489E-01 -4.843E-02  2.209E-01
 -1.3073000E+04  5.082E-01 -6.161E-02  2.122E-01
 -1.3071000E+04  4.573E-01 -6.091E-02  2.557E-01
 -1.3069000E+04  3.509E-01 -5.117E-02  2.384E-01
 -1.3067000E+04  4.411E-01 -5.667E-02  2.203E-01
 -1.3065000E+04  4.258E-01 -6.386E-02  3.220E-01
 -1.3063000E+04  4.025E-01 -5.839E-02  2.733E-01
 -1.3061000E+04  3.624E-01 -5.227E-02  2.377E-01
 -1.3059000E+04  3.293E-01 -4.556E-02  1.753E-01
 -1.3057000E+04  3.396E-01 -4.644E-02  2.143E-01
 -1.3055000E+04  4.097E-01 -6.214E-02  3.249E-01
 -1.3053000E+04  4.099E-01 -5.955E-02  2.863E-01
 -1.3051000E+04  4.213E-01 -5.827E-02  2.643E-01
 -1.3049000E+04  3.304E-01 -4.770E-02  2.157E-01
 -1.3047000E+04  3.612E-01 -5.376E-02  2.658E-01
 -1.3045000E+04  4.117E-01 -5.776E-02  2.650E-01
 -1.3043000E+04  3.847E-01 -5.005E-02  2.112E-01
 -1.3041000E+04  2.955E-01 -4.556E-02  2.413E-01
 -1.3039000E+04  3.725E-01 -4.932E-02  1.983E-01
 -1.3037000E+04  3.312E-01 -4.952E-02  2.388E-01
 -1.3035000E+04  2.953E-01 -4.121E-02  1.955E-01
 -1.3033000E+04  3.712E-01 -5.183E-02  2.262E-01
 -1.3031000E+04  3.072E-01 -4.385E-02  2.050E-01
 -1.3029000E+04  3.499E-01 -5.116E-02  2.321E-01
 -1.3027000E+04  3.600E-01 -4.846E-02  2.126E-01
 -1.3025000E+04  3.628E-01 -5.037E-02  2.496E-01
 -1.3023000E+04  2.844E-01 -3.663E-02  1.322E-01
 -1.3021000E+04  3.443E-01 -4.285E-02  1.513E-01
 -1.3019000E+04  3.448E-01 -4.515E-02  1.908E-01
 -1.3017000E+04  3.158E-01 -4.754E-02  2.449E-01
 -1.3015000E+04  2.480E-01 -4.111E-02  2.206E-01
 -1.3013000E+04  3.240E-01 -4.584E-02  2.102E-01
 -1.3011000E+04  2.920E-01 -4.409E-02  1.862E-01
 -1.3009000E+04  2.895E-01 -3.763E-02  1.845E-01
 -1.3007000E+04  2.678E-01 -3.880E-02  1.813E-01
 -1.3005000E+04  3.057E-01 -3.800E-02  1.219E-01
 -1.3003000E+04  2.973E-01 -4.528E-02  2.001E-01
 -1.3001000E+04  3.022E-01 -4.328E-02  2.026E-01
 -1.2999000E+04  2.727E-01 -4.339E-02  2.260E-01
 -1.2997000E+04  2.988E-01 -3.968E-02  1.875E-01
 -1.2995000E+04  2.962E-01 -4.027E-02  1.911E-01
 -1.2993000E+04  3.236E-01 -3.887E-02  1.451E-01
 -1.2991000E+04  1.989E-01 -3.456E-02  2.085E-01
 -1.2989000E+04  2.783E-01 -3.774E-02  1.542E-01
 -1.2987000E+04  2.371E-01 -3.352E-02  1.527E-01
 -1.2985000E+04  2.612E-01 -3.190E-02  1.351E-01
 -1.2983000E+04  2.270E-01 -3.887E-02  2.270E-01
 -1.2981000E+04  3.011E-01 -4.318E-02  2.038E-01
 -1.2979000E+04  3.067E-01 -4.016E-02  1.719E-01
 -1.2977000E+04  2.486E-01 -3.369E-02  1.462E-01
 -1.2975000E+04  2.318E-01 -3.162E-02  1.288E-01
 -1.2973000E+04  2.586E-01 -3.496E-02  1.477E-01
 -1.2971000E+04  2.534E-01 -3.727E-02  1.767E-01
 -1.2969000E+04  2.694E-01 -3.477E-02  1.445E-01
 -1.2967000E+04  2.497E-01 -3.362E-02  1.513E-01
 -1.2965000E+04  2.045E-01 -2.939E-02  1.320E-01
 -1.2963000E+04  2.402E-01 -3.524E-02  1.631E-01
 -1.2961000E+04  2.466E-01 -2.940E-02  1.072E-01
 -1.2959000E+04  2.157E-01 -3.066E-02  1.459E-01
 -1.2957000E+04  2.270E-01 -3.422E-02  1.687E-01
 -1.2955000E+04  2.060E-01 -3.089E-02  1.518E-01
 -1.2953000E+04  2.182E-01 -3.392E-02  1.739E-01
 -1.2951000E+04  2.598E-01 -3.595E-02  1.537E-01
 -1.2949000E+04  2.428E-01 -3.023E-02  1.083E-01
 -1.2947000E+04  2.145E-01 -3.027E-02  1.402E-01
 -1.2945000E+04  2.016E-01 -3.099E-02  1.560E-01
 -1.2943000E+04  2.452E-01 -3.541E-02  1.633E-01
 -1.2941000E+04  2.113E-01 -2.894E-02  1.232E-01
 -1.2939000E+04  2.104E-01 -2.768E-02  1.088E-01
 -1.2937000E+04  2.383E-01 -3.428E-02  1.597E-01
 -1.2935000E+04  2.371E-01 -3.059E-02  1.253E-01
 -1.2933000E+04  2.395E-01 -3.342E-02  1.534E-01
 -1.2931000E+04  2.171E-01 -2.844E-02  1.222E-01
 -1.2929000E+04  1.752E-01 -2.621E-02  1.320E-01
 -1.2927000E+04  1.959E-01 -2.678E-02  1.185E-01
 -1.2925000E+04  2.287E-01 -3.112E-02  1.301E-01
 -1.2923000E+04  2.045E-01 -3.135E-02  1.585E-01
 -1.2921000E+04  1.902E-01 -2.524E-02  1.030E-01
 -1.2919000E+04  2.129E-01 -2.732E-02  1.156E-01
 -1.2917000E+04  1.968E-01 -2.826E-02  1.387E-01
 -1.2915000E+04  2.094E-01 -2.793E-02  1.327E-01
 -1.2913000E+04  2.040E-01 -3.036E-02  1.420E-01
 -1.2911000E+04  2.059E-01 -2.878E-02  1.308E-01
 -1.2909000E+04  1.806E-01 -2.738E-02  1.443E-01
 -1.2907000E+04  2.045E-01 -2.947E-02  1.345E-01
 -1.2905000E+04  1.738E-01 -2.563E-02  1.219E-01
 -1.2903000E+04  1.573E-01 -2.358E-02  1.162E-01
 -1.2901000E+04  1.924E-01 -2.667E-02  1.231E-01
 -1.2899000E+04  1.839E-01 -2.602E-02  1.198E-01
 -1.2897000E+04  1.959E-01 -2.486E-02  9.408E-02
 -1.2895000E+04  2.085E-01 -2.723E-02  1.168E-01
 -1.2893000E+04  1.864E-01 -2.310E-02  9.239E-02
 -1.2891000E+04  1.616E-01 -2.353E-02  1.058E-01
 -1.2889000E+04  1.669E-01 -2.022E-02  7.478E-02
 -1.2887000E+04  1.850E-01 -2.382E-02  8.960E-02
 -1.2885000E+04  1.723E-01 -2.558E-02  1.125E-01
 -1.2883000E+04  1.353E-01 -2.332E-02  1.342E-01
 -1.2881000E+04  1.746E-01 -2.523E-02  1.180E-01
 -1.2879000E+04  1.852E-01 -2.725E-02  1.276E-01
 -1.2877000E+04  1.817E-01 -2.597E-02  1.228E-01
 -1.2875000E+04  1.899E-01 -2.472E-02  1.050E-01
 -1.2873000E+04  1.430E-01 -2.050E-02  9.197E-02
 -1.2871000E+04  1.560E-01 -2.310E-02  1.229E-01
 -1.2869000E+04  1.541E-01 -2.200E-02  9.894E-02
 -1.2867000E+04  1.488E-01 -2.089E-02  9.741E-02
 -1.2865000E+04  1.288E-01 -1.854E-02  9.092E-02
 -1.2863000E+04  1.681E-01 -2.416E-02  1.147E-01
 -1.2861000E+04  1.546E-01 -2.027E-02  7.731E-02
 -1.2859000E+04  1.906E-01 -2.596E-02  1.094E-01
 -1.2857000E+04  1.765E-01 -2.755E-02  1.341E-01
 -1.2855000E+04  1.444E-01 -1.762E-02  6.372E-02
 -1.2853000E+04  1.566E-01 -2.179E-02  9.881E-02
 -1.2851000E+04  1.427E-01 -2.212E-02  1.139E-01
 -1.2849000E+04  1.614E-01 -1.869E-02  6.653E-02
 -1.2847000E+04  1.439E-01 -2.243E-02  1.058E-01
 -1.2845000E+04  1.545E-01 -1.883E-02  1.043E-01
 -1.2843000E+04  1.750E-01 -2.233E-02  1.020E-01
 -1.2841000E+04  1.249E-01 -2.056E-02  1.002E-01
 -1.2839000E+04  1.483E-01 -1.927E-02  7.747E-02
 -1.2837000E+04  1.557E-01 -2.583E-02  1.405E-01
 -1.2835000E+04  1.307E-01 -1.997E-02  8.713E-02
 -1.2833000E+04  1.510E-01 -1.864E-02  8.192E-02
 -1.2831000E+04  1.360E-01 -1.830E-02  8.740E-02
 -1.2829000E+04  1.488E-01 -1.729E-02  5.690E-02
 -1.2827000E+04  1.246E-01 -1.695E-02  7.782E-02
 -1.2825000E+04  1.328E-01 -1.843E-02  8.541E-02
 -1.2823000E+04  1.500E-01 -2.084E-02  1.078E-01
 -1.2821000E+04  1.142E-01 -1.877E-02  7.944E-02
 -1.2819000E+04  1.336E-01 -1.876E-02  9.029E-02
 -1.2817000E+04  1.295E-01 -1.663E-02  7.644E-02
 -1.2815000E+04  1.195E-01 -1.713E-02  8.544E-02
 -1.2813000E+04  1.387E-01 -1.997E-02  8.880E-02
 -1.2811000E+04  1.199E-01 -1.827E-02  8.790E-02
 -1.2809000E+04  1.400E-01 -1.842E-02  8.094E-02
 -1.2807000E+04  1.359E-01 -1.893E-02  7.024E-02
 -1.2805000E+04  1.214E-01 -1.760E-02  8.187E-02
 -1.2803000E+04  1.376E-01 -1.432E-02  6.131E-02
 -1.2801000E+04  1.192E-01 -1.354E-02  6.151E-02
 -1.2799000E+04  1.407E-01 -2.278E-02  1.070E-01
 -1.2797000E+04  1.299E-01 -1.878E-02  9.250E-02
 -1.2795000E+04  1.301E-01 -1.691E-02  7.078E-02
 -1.2793000E+04  1.505E-01 -1.995E-02  8.662E-02
 -1.2791000E+04  1.201E-01 -1.893E-02  9.555E-02
 -1.2789000E+04  1.182E-01 -1.848E-02  7.328E-02
 -1.2787000E+04  1.266E-01 -1.956E-02  9.221E-02
 -1.2785000E+04  1.282E-01 -1.382E-02  6.425E-02
 -1.2783000E+04  1.238E-01 -1.460E-02  4.765E-02
 -1.2781000E+04  1.093E-01 -1.462E-02  5.951E-02
 -1.2779000E+04  1.088E-01 -1.779E-02  9.725E-02
 -1.2777000E+04  1.116E-01 -1.446E-02  5.926E-02
 -1.2775000E+04  1.219E-01 -1.829E-02  8.638E-02
 -1.2773000E+04  1.136E-01 -1.535E-02  6.636E-02
 -1.2771000E+04  8.561E-02 -1.462E-02  8.203E-02
 -1.2769000E+04  1.040E-01 -1.730E-02  8.769E-02
 -1.2767000E+04  1.334E-01 -1.679E-02  6.377E-02
 -1.2765000E+04  1.230E-01 -1.637E-02  6.446E-02
 -1.2763000E+04  1.021E-01 -1.438E-02  7.475E-02
 -1.2761000E+04  1.117E-01 -1.561E-02  7.515E-02
 -1.2759000E+04  1.197E-01 -1.689E-02  7.433E-02
 -1.2757000E+04  1.218E-01 -1.711E-02  8.032E-02
 -1.2755000E+04  1.135E-01 -1.446E-02  6.590E-02
 -1.2753000E+04  1.109E-01 -1.487E-02  7.150E-02
 -1.2751000E+04  9.587E-02 -1.554E-02  8.245E-02
 -1.2749000E+04  1.134E-01 -1.601E-02  7.991E-02
 -1.2747000E+04  1.016E-01 -1.674E-02  9.130E-02
 -1.2745000E+04  1.020E-01 -1.339E-02  5.236E-02
 -1.2743000E+04  8.283E-02 -1.394E-02  7.665E-02
 -1.2741000E+04  9.839E-02 -1.776E-02  7.064E-02
 -1.2739000E+04  8.645E-02 -1.299E-02  4.226E-02
 -1.2737000E+04  1.278E-01 -1.740E-02  7.557E-02
 -1.2735000E+04  1.051E-01 -1.345E-02  7.183E-02
 -1.2733000E+04  1.055E-01 -9.961E-03  3.355E-02
 -1.2731000E+04  1.071E-01 -1.219E-02  7.311E-02
 -1.2729000E+04  1.223E-01 -1.725E-02  8.174E-02
 -1.2727000E+04  8.189E-02 -1.654E-02  8.804E-02
 -1.2725000E+04  1.106E-01 -1.439E-02  6.911E-02
 -1.2723000E+04  1.064E-01 -1.090E-02  3.575E-02
 -1.2721000E+04  1.015E-01 -1.299E-02  6.689E-02
 -1.2719000E+04  6.872E-02 -1.237E-02  4.756E-02
 -1.2717000E+04  1.050E-01 -9.851E-03  6.193E-02
 -1.2715000E+04  7.977E-02 -1.235E-02  5.052E-02
 -1.2713000E+04  8.329E-02 -1.324E-02  6.813E-02
 -1.2711000E+04  9.962E-02 -1.093E-02  1.801E-02
 -1.2709000E+04  7.078E-02 -9.518E-03  4.471E-02
 -1.2707000E+04  9.437E-02 -1.315E-02  5.408E-02
