 -1.0207300E+05 -0.000E+00 -0.000E+00  0.000E+00
 -1.0207100E+05 -0.000E+00 -0.000E+00  0.000E+00
 -1.0206900E+05 -0.000E+00 -0.000E+00  0.000E+00
 -1.0206700E+05 -0.000E+00 -0.000E+00  0.000E+00
 -1.0206500E+05 -0.000E+00 -0.000E+00  0.000E+00
 -1.0206300E+05 -0.000E+00 -0.000E+00  0.000E+00
 -1.0206100E+05 -0.000E+00 -0.000E+00  0.000E+00
 -1.0205900E+05 -0.000E+00 -0.000E+00  0.000E+00
 -1.0205700E+05 -0.000E+00 -0.000E+00  0.000E+00
 -1.0205500E+05 -0.000E+00 -0.000E+00  0.000E+00
 -1.0205300E+05 -0.000E+00 -0.000E+00  0.000E+00
 -1.0205100E+05 -0.000E+00 -0.000E+00  0.000E+00
 -1.0204900E+05 -0.000E+00 -0.000E+00  0.000E+00
 -1.0204700E+05 -0.000E+00 -0.000E+00  0.000E+00
 -1.0204500E+05 -0.000E+00 -0.000E+00  0.000E+00
 -1.0204300E+05 -0.000E+00 -0.000E+00  0.000E+00
 -1.0204100E+05 -0.000E+00 -0.000E+00  0.000E+00
 -1.0203900E+05 -0.000E+00 -0.000E+00  0.000E+00
 -1.0203700E+05 -0.000E+00 -0.000E+00  0.000E+00
 -1.0203500E+05 -0.000E+00 -0.000E+00  0.000E+00
 -1.0203300E+05 -0.000E+00 -0.000E+00  0.000E+00
 -1.0203100E+05 -0.000E+00 -0.000E+00  0.000E+00
 -1.0202900E+05 -0.000E+00 -0.000E+00  0.000E+00
 -1.0202700E+05 -0.000E+00 -0.000E+00  0.000E+00
 -1.0202500E+05 -0.000E+00 -0.000E+00  0.000E+00
 -1.0202300E+05 -0.000E+00 -0.000E+00  0.000E+00
 -1.0202100E+05 -0.000E+00 -0.000E+00  0.000E+00
 -1.0201900E+05 -0.000E+00 -0.000E+00  0.000E+00
 -1.0201700E+05 -0.000E+00 -0.000E+00  0.000E+00
 -1.0201500E+05 -9.473E-07  1.195E-06 -1.160E-05
 -1.0201300E+05  3.760E-05 -1.009E-06 -1.899E-05
 -1.0201100E+05 -1.084E-04  7.177E-05 -6.501E-04
 -1.0200900E+05 -3.144E-03  3.188E-04 -8.378E-04
 -1.0200700E+05 -1.291E-02  1.480E-03 -5.192E-03
 -1.0200500E+05 -2.372E-02  3.796E-03 -2.047E-02
 -1.0200300E+05 -6.034E-02  8.793E-03 -4.329E-02
 -1.0200100E+05 -1.185E-01  1.593E-02 -7.162E-02
 -1.0199900E+05 -2.143E-01  2.876E-02 -1.289E-01
 -1.0199700E+05 -3.178E-01  4.149E-02 -1.798E-01
 -1.0199500E+05 -4.897E-01  6.650E-02 -3.028E-01
 -1.0199300E+05 -7.275E-01  1.015E-01 -4.775E-01
 -1.0199100E+05 -1.034E+00  1.468E-01 -7.026E-01
 -1.0198900E+05 -1.404E+00  1.863E-01 -8.260E-01
 -1.0198700E+05 -1.771E+00  2.319E-01 -1.011E+00
 -1.0198500E+05 -2.137E+00  2.837E-01 -1.260E+00
 -1.0198300E+05 -2.477E+00  3.521E-01 -1.686E+00
 -1.0198100E+05 -2.907E+00  3.919E-01 -1.772E+00
 -1.0197900E+05 -3.352E+00  4.336E-01 -1.867E+00
 -1.0197700E+05 -3.518E+00  4.668E-01 -2.074E+00
 -1.0197500E+05 -3.752E+00  5.138E-01 -2.366E+00
 -1.0197300E+05 -3.839E+00  5.145E-01 -2.314E+00
 -1.0197100E+05 -4.023E+00  5.435E-01 -2.467E+00
 -1.0196900E+05 -4.058E+00  5.295E-01 -2.312E+00
 -1.0196700E+05 -4.053E+00  5.183E-01 -2.209E+00
 -1.0196500E+05 -3.599E+00  4.682E-01 -2.042E+00
 -1.0196300E+05 -3.214E+00  4.348E-01 -1.981E+00
 -1.0196100E+05 -3.113E+00  4.056E-01 -1.774E+00
 -1.0195900E+05 -2.860E+00  3.688E-01 -1.597E+00
 -1.0195700E+05 -2.320E+00  3.166E-01 -1.459E+00
 -1.0195500E+05 -1.997E+00  2.705E-01 -1.238E+00
 -1.0195300E+05 -1.938E+00  2.460E-01 -1.049E+00
 -1.0195100E+05 -1.627E+00  2.266E-01 -1.068E+00
 -1.0194900E+05 -1.235E+00  1.563E-01 -6.708E-01
 -1.0194700E+05 -1.038E+00  1.460E-01 -6.942E-01
 -1.0194500E+05 -9.418E-01  1.247E-01 -5.674E-01
 -1.0194300E+05 -6.842E-01  9.641E-02 -4.630E-01
 -1.0194100E+05 -4.552E-01  6.787E-02 -3.497E-01
 -1.0193900E+05 -4.278E-01  6.184E-02 -3.092E-01
 -1.0193700E+05 -3.179E-01  4.766E-02 -2.482E-01
 -1.0193500E+05 -1.894E-01  2.272E-02 -9.790E-02
 -1.0193300E+05 -5.202E-02  1.381E-03  1.237E-02
 -1.0193100E+05  4.097E-02  3.969E-03 -6.963E-02
 -1.0192900E+05  8.096E-02 -2.391E-03 -3.489E-02
 -1.0192700E+05  1.517E-01 -2.882E-02  1.604E-01
 -1.0192500E+05  1.991E-01 -1.607E-02  1.363E-02
 -1.0192300E+05  1.842E-01 -2.228E-02  8.454E-02
 -1.0192100E+05  2.747E-01 -4.054E-02  1.941E-01
 -1.0191900E+05  2.206E-01 -3.355E-02  1.653E-01
 -1.0191700E+05  2.103E-01 -2.461E-02  8.803E-02
 -1.0191500E+05  3.225E-01 -4.479E-02  2.049E-01
 -1.0191300E+05  2.971E-01 -3.908E-02  1.669E-01
 -1.0191100E+05  2.743E-01 -3.353E-02  1.309E-01
 -1.0190900E+05  3.395E-01 -4.063E-02  1.537E-01
 -1.0190700E+05  3.034E-01 -4.871E-02  2.518E-01
 -1.0190500E+05  3.908E-01 -4.536E-02  1.674E-01
 -1.0190300E+05  2.491E-01 -3.375E-02  1.517E-01
 -1.0190100E+05  3.834E-01 -5.318E-02  2.387E-01
 -1.0189900E+05  3.685E-01 -4.802E-02  2.041E-01
 -1.0189700E+05  4.051E-01 -4.689E-02  1.677E-01
 -1.0189500E+05  3.673E-01 -4.293E-02  1.571E-01
 -1.0189300E+05  3.681E-01 -4.581E-02  1.818E-01
 -1.0189100E+05  3.865E-01 -5.063E-02  2.207E-01
 -1.0188900E+05  3.281E-01 -5.120E-02  2.607E-01
 -1.0188700E+05  3.284E-01 -4.426E-02  1.952E-01
 -1.0188500E+05  4.258E-01 -5.703E-02  2.551E-01
 -1.0188300E+05  3.880E-01 -5.314E-02  2.432E-01
 -1.0188100E+05  3.440E-01 -4.798E-02  2.300E-01
 -1.0187900E+05  3.954E-01 -5.351E-02  2.393E-01
 -1.0187700E+05  3.444E-01 -4.336E-02  1.819E-01
 -1.0187500E+05  3.102E-01 -4.564E-02  2.174E-01
 -1.0187300E+05  3.618E-01 -4.545E-02  1.851E-01
 -1.0187100E+05  3.493E-01 -4.451E-02  1.857E-01
 -1.0186900E+05  3.248E-01 -4.101E-02  1.738E-01
 -1.0186700E+05  3.405E-01 -4.582E-02  2.045E-01
 -1.0186500E+05  2.786E-01 -4.677E-02  2.521E-01
 -1.0186300E+05  3.872E-01 -5.177E-02  2.320E-01
 -1.0186100E+05  3.372E-01 -4.800E-02  2.282E-01
 -1.0185900E+05  3.429E-01 -4.444E-02  1.872E-01
 -1.0185700E+05  3.535E-01 -4.400E-02  1.775E-01
 -1.0185500E+05  3.341E-01 -4.641E-02  2.155E-01
 -1.0185300E+05  3.510E-01 -3.968E-02  1.409E-01
 -1.0185100E+05  3.536E-01 -4.714E-02  2.112E-01
 -1.0184900E+05  2.727E-01 -4.233E-02  2.176E-01
 -1.0184700E+05  2.992E-01 -3.610E-02  1.418E-01
 -1.0184500E+05  2.982E-01 -3.893E-02  1.692E-01
 -1.0184300E+05  3.009E-01 -4.346E-02  2.126E-01
 -1.0184100E+05  3.392E-01 -4.480E-02  1.962E-01
 -1.0183900E+05  3.390E-01 -4.136E-02  1.676E-01
 -1.0183700E+05  3.594E-01 -4.443E-02  1.807E-01
 -1.0183500E+05  3.075E-01 -3.685E-02  1.405E-01
 -1.0183300E+05  2.655E-01 -4.245E-02  2.198E-01
 -1.0183100E+05  2.865E-01 -3.973E-02  1.849E-01
 -1.0182900E+05  3.384E-01 -4.421E-02  1.902E-01
 -1.0182700E+05  2.647E-01 -3.637E-02  1.664E-01
 -1.0182500E+05  2.763E-01 -3.718E-02  1.642E-01
 -1.0182300E+05  2.939E-01 -4.478E-02  2.218E-01
 -1.0182100E+05  3.240E-01 -3.697E-02  1.384E-01
 -1.0181900E+05  2.844E-01 -3.397E-02  1.294E-01
 -1.0181700E+05  3.368E-01 -4.217E-02  1.798E-01
 -1.0181500E+05  2.532E-01 -3.308E-02  1.452E-01
 -1.0181300E+05  2.493E-01 -3.576E-02  1.693E-01
 -1.0181100E+05  2.868E-01 -3.428E-02  1.319E-01
 -1.0180900E+05  2.980E-01 -3.862E-02  1.686E-01
 -1.0180700E+05  2.620E-01 -3.160E-02  1.252E-01
 -1.0180500E+05  2.771E-01 -3.589E-02  1.556E-01
 -1.0180300E+05  2.884E-01 -3.776E-02  1.634E-01
 -1.0180100E+05  2.845E-01 -3.905E-02  1.806E-01
 -1.0179900E+05  2.498E-01 -3.954E-02  2.054E-01
 -1.0179700E+05  2.564E-01 -3.408E-02  1.515E-01
 -1.0179500E+05  2.188E-01 -3.327E-02  1.693E-01
 -1.0179300E+05  2.538E-01 -2.823E-02  9.463E-02
 -1.0179100E+05  2.880E-01 -3.240E-02  1.182E-01
 -1.0178900E+05  2.324E-01 -3.074E-02  1.341E-01
 -1.0178700E+05  2.558E-01 -3.904E-02  1.961E-01
 -1.0178500E+05  2.350E-01 -3.381E-02  1.602E-01
 -1.0178300E+05  2.864E-01 -3.467E-02  1.400E-01
 -1.0178100E+05  2.427E-01 -3.574E-02  1.706E-01
 -1.0177900E+05  2.071E-01 -2.954E-02  1.417E-01
 -1.0177700E+05  2.258E-01 -2.845E-02  1.128E-01
 -1.0177500E+05  2.343E-01 -3.050E-02  1.359E-01
 -1.0177300E+05  2.746E-01 -3.551E-02  1.567E-01
 -1.0177100E+05  2.499E-01 -3.124E-02  1.279E-01
 -1.0176900E+05  2.749E-01 -3.669E-02  1.667E-01
 -1.0176700E+05  2.348E-01 -2.875E-02  1.199E-01
 -1.0176500E+05  2.116E-01 -2.899E-02  1.311E-01
 -1.0176300E+05  2.104E-01 -3.277E-02  1.657E-01
 -1.0176100E+05  2.443E-01 -3.014E-02  1.251E-01
 -1.0175900E+05  2.211E-01 -2.744E-02  1.205E-01
 -1.0175700E+05  2.133E-01 -3.025E-02  1.368E-01
 -1.0175500E+05  2.376E-01 -3.215E-02  1.426E-01
 -1.0175300E+05  2.179E-01 -2.763E-02  1.176E-01
 -1.0175100E+05  2.336E-01 -3.535E-02  1.756E-01
 -1.0174900E+05  2.410E-01 -3.150E-02  1.383E-01
 -1.0174700E+05  2.354E-01 -2.990E-02  1.312E-01
 -1.0174500E+05  1.903E-01 -2.364E-02  9.817E-02
 -1.0174300E+05  1.845E-01 -3.130E-02  1.710E-01
 -1.0174100E+05  2.116E-01 -2.680E-02  1.166E-01
 -1.0173900E+05  2.030E-01 -3.229E-02  1.654E-01
 -1.0173700E+05  2.376E-01 -3.059E-02  1.318E-01
 -1.0173500E+05  2.042E-01 -2.276E-02  8.344E-02
 -1.0173300E+05  1.375E-01 -2.140E-02  1.060E-01
 -1.0173100E+05  1.880E-01 -2.324E-02  9.936E-02
 -1.0172900E+05  2.137E-01 -3.437E-02  1.818E-01
 -1.0172700E+05  1.668E-01 -2.345E-02  1.097E-01
 -1.0172500E+05  2.269E-01 -2.622E-02  1.046E-01
 -1.0172300E+05  2.200E-01 -2.896E-02  1.255E-01
 -1.0172100E+05  2.086E-01 -2.541E-02  1.040E-01
 -1.0171900E+05  1.842E-01 -2.350E-02  1.012E-01
 -1.0171700E+05  1.893E-01 -2.446E-02  1.029E-01
 -1.0171500E+05  2.109E-01 -2.720E-02  1.188E-01
 -1.0171300E+05  1.881E-01 -2.634E-02  1.216E-01
 -1.0171100E+05  2.038E-01 -2.707E-02  1.203E-01
 -1.0170900E+05  1.954E-01 -2.585E-02  1.171E-01
 -1.0170700E+05  1.726E-01 -2.504E-02  1.181E-01
 -1.0170500E+05  1.787E-01 -2.221E-02  9.154E-02
 -1.0170300E+05  1.912E-01 -2.529E-02  1.153E-01
 -1.0170100E+05  1.636E-01 -2.546E-02  1.303E-01
 -1.0169900E+05  2.056E-01 -2.519E-02  1.077E-01
 -1.0169700E+05  1.750E-01 -2.345E-02  1.029E-01
 -1.0169500E+05  1.793E-01 -2.087E-02  8.048E-02
