 -1.1831300E+05 -0.000E+00 -0.000E+00  0.000E+00
 -1.1831100E+05 -0.000E+00 -0.000E+00  0.000E+00
 -1.1830900E+05 -0.000E+00 -0.000E+00  0.000E+00
 -1.1830700E+05 -0.000E+00 -0.000E+00  0.000E+00
 -1.1830500E+05 -0.000E+00 -0.000E+00  0.000E+00
 -1.1830300E+05 -0.000E+00 -0.000E+00  0.000E+00
 -1.1830100E+05 -0.000E+00 -0.000E+00  0.000E+00
 -1.1829900E+05 -0.000E+00 -0.000E+00  0.000E+00
 -1.1829700E+05 -0.000E+00 -0.000E+00  0.000E+00
 -1.1829500E+05 -0.000E+00 -0.000E+00  0.000E+00
 -1.1829300E+05 -0.000E+00 -0.000E+00  0.000E+00
 -1.1829100E+05 -0.000E+00 -0.000E+00  0.000E+00
 -1.1828900E+05 -0.000E+00 -0.000E+00  0.000E+00
 -1.1828700E+05 -0.000E+00 -0.000E+00  0.000E+00
 -1.1828500E+05 -0.000E+00 -0.000E+00  0.000E+00
 -1.1828300E+05 -0.000E+00 -0.000E+00  0.000E+00
 -1.1828100E+05 -0.000E+00 -0.000E+00  0.000E+00
 -1.1827900E+05 -0.000E+00 -0.000E+00  0.000E+00
 -1.1827700E+05 -0.000E+00 -0.000E+00  0.000E+00
 -1.1827500E+05 -0.000E+00 -0.000E+00  0.000E+00
 -1.1827300E+05 -0.000E+00 -0.000E+00  0.000E+00
 -1.1827100E+05 -0.000E+00 -0.000E+00  0.000E+00
 -1.1826900E+05 -0.000E+00 -0.000E+00  0.000E+00
 -1.1826700E+05 -0.000E+00 -0.000E+00  0.000E+00
 -1.1826500E+05 -0.000E+00 -0.000E+00  0.000E+00
 -1.1826300E+05 -0.000E+00 -0.000E+00  0.000E+00
 -1.1826100E+05 -0.000E+00 -0.000E+00  0.000E+00
 -1.1825900E+05 -0.000E+00 -0.000E+00  0.000E+00
 -1.1825700E+05  9.252E-09 -3.421E-09  2.641E-08
 -1.1825500E+05 -1.981E-05  5.305E-06 -3.599E-05
 -1.1825300E+05 -5.939E-05  2.045E-05 -1.525E-04
 -1.1825100E+05 -3.074E-04  1.163E-04 -8.900E-04
 -1.1824900E+05 -4.315E-03  3.830E-04 -4.912E-05
 -1.1824700E+05 -1.426E-02  1.480E-03 -2.310E-03
 -1.1824500E+05 -3.304E-02  4.879E-03 -1.956E-02
 -1.1824300E+05 -9.104E-02  1.227E-02 -4.199E-02
 -1.1824100E+05 -1.375E-01  1.833E-02 -6.096E-02
 -1.1823900E+05 -2.149E-01  3.225E-02 -1.298E-01
 -1.1823700E+05 -3.811E-01  5.005E-02 -1.596E-01
 -1.1823500E+05 -4.686E-01  7.019E-02 -2.783E-01
 -1.1823300E+05 -7.866E-01  1.166E-01 -4.523E-01
 -1.1823100E+05 -1.044E+00  1.539E-01 -5.881E-01
 -1.1822900E+05 -1.338E+00  1.993E-01 -7.687E-01
 -1.1822700E+05 -1.664E+00  2.454E-01 -9.283E-01
 -1.1822500E+05 -1.945E+00  2.850E-01 -1.059E+00
 -1.1822300E+05 -2.234E+00  3.340E-01 -1.273E+00
 -1.1822100E+05 -2.762E+00  4.215E-01 -1.646E+00
 -1.1821900E+05 -3.084E+00  4.712E-01 -1.830E+00
 -1.1821700E+05 -3.282E+00  4.978E-01 -1.903E+00
 -1.1821500E+05 -3.368E+00  5.261E-01 -2.081E+00
 -1.1821300E+05 -3.748E+00  5.606E-01 -2.073E+00
 -1.1821100E+05 -3.565E+00  5.644E-01 -2.247E+00
 -1.1820900E+05 -3.868E+00  5.908E-01 -2.229E+00
 -1.1820700E+05 -3.652E+00  5.811E-01 -2.304E+00
 -1.1820500E+05 -3.571E+00  5.686E-01 -2.243E+00
 -1.1820300E+05 -3.198E+00  5.165E-01 -2.061E+00
 -1.1820100E+05 -3.084E+00  4.801E-01 -1.812E+00
 -1.1819900E+05 -2.895E+00  4.569E-01 -1.750E+00
 -1.1819700E+05 -2.446E+00  4.025E-01 -1.613E+00
 -1.1819500E+05 -2.370E+00  3.657E-01 -1.340E+00
 -1.1819300E+05 -2.053E+00  3.289E-01 -1.264E+00
 -1.1819100E+05 -1.859E+00  2.796E-01 -9.706E-01
 -1.1818900E+05 -1.441E+00  2.504E-01 -1.047E+00
 -1.1818700E+05 -1.446E+00  2.500E-01 -1.032E+00
 -1.1818500E+05 -1.155E+00  2.077E-01 -8.884E-01
 -1.1818300E+05 -9.733E-01  1.675E-01 -6.766E-01
 -1.1818100E+05 -6.944E-01  1.069E-01 -3.597E-01
 -1.1817900E+05 -6.529E-01  1.198E-01 -5.086E-01
 -1.1817700E+05 -4.134E-01  8.227E-02 -3.678E-01
 -1.1817500E+05 -3.828E-01  6.382E-02 -2.329E-01
 -1.1817300E+05 -1.702E-01  4.874E-02 -2.638E-01
 -1.1817100E+05 -1.415E-01  2.797E-02 -1.113E-01
 -1.1816900E+05 -1.505E-01  2.716E-02 -9.707E-02
 -1.1816700E+05 -1.474E-01  2.285E-02 -6.327E-02
 -1.1816500E+05  6.929E-03  4.787E-03 -2.663E-02
 -1.1816300E+05  6.350E-02 -1.358E-03 -1.693E-02
 -1.1816100E+05  1.322E-01 -8.534E-03 -1.117E-02
 -1.1815900E+05  2.517E-01 -3.744E-02  1.459E-01
 -1.1815700E+05  2.874E-01 -4.458E-02  1.827E-01
 -1.1815500E+05  1.721E-01 -2.813E-02  1.243E-01
 -1.1815300E+05  2.866E-01 -4.279E-02  1.667E-01
 -1.1815100E+05  2.684E-01 -4.838E-02  2.246E-01
 -1.1814900E+05  2.928E-01 -4.329E-02  1.605E-01
 -1.1814700E+05  2.815E-01 -3.961E-02  1.329E-01
 -1.1814500E+05  2.422E-01 -4.465E-02  2.068E-01
 -1.1814300E+05  2.983E-01 -4.760E-02  1.873E-01
 -1.1814100E+05  3.876E-01 -4.836E-02  1.245E-01
 -1.1813900E+05  4.617E-01 -6.528E-02  2.194E-01
 -1.1813700E+05  3.565E-01 -5.639E-02  2.282E-01
 -1.1813500E+05  3.709E-01 -5.334E-02  1.832E-01
 -1.1813300E+05  2.951E-01 -5.035E-02  2.130E-01
 -1.1813100E+05  3.396E-01 -4.703E-02  1.487E-01
 -1.1812900E+05  2.826E-01 -4.426E-02  1.696E-01
 -1.1812700E+05  2.828E-01 -5.006E-02  2.290E-01
 -1.1812500E+05  3.066E-01 -5.359E-02  2.403E-01
 -1.1812300E+05  3.722E-01 -5.336E-02  1.734E-01
 -1.1812100E+05  3.645E-01 -5.345E-02  1.873E-01
 -1.1811900E+05  4.031E-01 -6.913E-02  2.861E-01
 -1.1811700E+05  3.474E-01 -6.097E-02  2.748E-01
 -1.1811500E+05  2.946E-01 -4.865E-02  2.029E-01
 -1.1811300E+05  4.069E-01 -5.700E-02  1.870E-01
 -1.1811100E+05  3.736E-01 -5.561E-02  1.944E-01
 -1.1810900E+05  2.522E-01 -3.965E-02  1.534E-01
 -1.1810700E+05  3.795E-01 -5.433E-02  1.811E-01
 -1.1810500E+05  4.010E-01 -6.025E-02  2.208E-01
 -1.1810300E+05  3.226E-01 -5.743E-02  2.512E-01
 -1.1810100E+05  3.741E-01 -5.454E-02  1.833E-01
 -1.1809900E+05  2.725E-01 -5.119E-02  2.385E-01
 -1.1809700E+05  4.002E-01 -5.582E-02  1.778E-01
 -1.1809500E+05  3.670E-01 -5.633E-02  2.095E-01
 -1.1809300E+05  3.613E-01 -5.761E-02  2.222E-01
 -1.1809100E+05  3.069E-01 -5.234E-02  2.170E-01
 -1.1808900E+05  4.108E-01 -6.096E-02  2.127E-01
 -1.1808700E+05  3.313E-01 -5.267E-02  2.076E-01
 -1.1808500E+05  3.073E-01 -5.217E-02  2.207E-01
 -1.1808300E+05  2.981E-01 -5.156E-02  2.232E-01
 -1.1808100E+05  2.856E-01 -4.234E-02  1.494E-01
 -1.1807900E+05  3.247E-01 -4.655E-02  1.556E-01
 -1.1807700E+05  4.253E-01 -6.745E-02  2.660E-01
 -1.1807500E+05  3.060E-01 -5.122E-02  2.089E-01
 -1.1807300E+05  2.894E-01 -4.588E-02  1.685E-01
 -1.1807100E+05  2.588E-01 -4.296E-02  1.806E-01
 -1.1806900E+05  2.789E-01 -4.670E-02  1.911E-01
 -1.1806700E+05  3.838E-01 -5.320E-02  1.623E-01
 -1.1806500E+05  3.407E-01 -5.334E-02  1.981E-01
 -1.1806300E+05  3.385E-01 -4.305E-02  1.162E-01
 -1.1806100E+05  2.889E-01 -5.094E-02  2.203E-01
 -1.1805900E+05  2.768E-01 -4.326E-02  1.629E-01
 -1.1805700E+05  2.665E-01 -4.829E-02  2.195E-01
 -1.1805500E+05  2.951E-01 -4.569E-02  1.669E-01
 -1.1805300E+05  3.166E-01 -4.636E-02  1.605E-01
 -1.1805100E+05  2.650E-01 -4.155E-02  1.602E-01
 -1.1804900E+05  2.409E-01 -3.937E-02  1.591E-01
 -1.1804700E+05  2.559E-01 -4.273E-02  1.768E-01
 -1.1804500E+05  2.792E-01 -3.988E-02  1.346E-01
 -1.1804300E+05  2.893E-01 -4.705E-02  1.947E-01
 -1.1804100E+05  3.004E-01 -4.603E-02  1.702E-01
 -1.1803900E+05  2.663E-01 -4.283E-02  1.643E-01
 -1.1803700E+05  2.716E-01 -4.368E-02  1.661E-01
 -1.1803500E+05  2.219E-01 -3.988E-02  1.795E-01
 -1.1803300E+05  2.522E-01 -3.946E-02  1.396E-01
 -1.1803100E+05  2.810E-01 -4.093E-02  1.440E-01
 -1.1802900E+05  2.617E-01 -3.637E-02  1.053E-01
 -1.1802700E+05  2.551E-01 -4.038E-02  1.527E-01
 -1.1802500E+05  2.296E-01 -4.091E-02  1.833E-01
 -1.1802300E+05  2.550E-01 -4.260E-02  1.770E-01
 -1.1802100E+05  2.931E-01 -4.231E-02  1.495E-01
 -1.1801900E+05  2.578E-01 -4.099E-02  1.602E-01
 -1.1801700E+05  2.478E-01 -4.059E-02  1.706E-01
 -1.1801500E+05  2.342E-01 -3.714E-02  1.367E-01
 -1.1801300E+05  2.776E-01 -3.736E-02  1.258E-01
 -1.1801100E+05  2.403E-01 -3.710E-02  1.384E-01
 -1.1800900E+05  2.378E-01 -3.714E-02  1.460E-01
 -1.1800700E+05  2.454E-01 -3.752E-02  1.363E-01
 -1.1800500E+05  1.740E-01 -2.887E-02  1.157E-01
 -1.1800300E+05  2.346E-01 -3.736E-02  1.430E-01
 -1.1800100E+05  2.543E-01 -4.029E-02  1.531E-01
 -1.1799900E+05  2.302E-01 -3.951E-02  1.685E-01
 -1.1799700E+05  2.942E-01 -4.133E-02  1.342E-01
 -1.1799500E+05  2.194E-01 -3.552E-02  1.384E-01
 -1.1799300E+05  2.171E-01 -3.649E-02  1.460E-01
 -1.1799100E+05  2.276E-01 -3.525E-02  1.380E-01
 -1.1798900E+05  2.297E-01 -4.091E-02  1.770E-01
 -1.1798700E+05  2.051E-01 -3.403E-02  1.356E-01
 -1.1798500E+05  2.118E-01 -3.198E-02  1.153E-01
 -1.1798300E+05  2.556E-01 -3.621E-02  1.217E-01
 -1.1798100E+05  2.559E-01 -3.461E-02  1.074E-01
 -1.1797900E+05  2.097E-01 -3.175E-02  1.207E-01
 -1.1797700E+05  1.926E-01 -3.317E-02  1.437E-01
 -1.1797500E+05  2.510E-01 -3.929E-02  1.435E-01
 -1.1797300E+05  1.778E-01 -3.376E-02  1.584E-01
 -1.1797100E+05  2.554E-01 -3.769E-02  1.329E-01
 -1.1796900E+05  2.015E-01 -3.081E-02  1.170E-01
 -1.1796700E+05  2.257E-01 -3.852E-02  1.598E-01
 -1.1796500E+05  1.740E-01 -2.956E-02  1.237E-01
 -1.1796300E+05  2.166E-01 -3.455E-02  1.362E-01
 -1.1796100E+05  2.176E-01 -3.627E-02  1.468E-01
 -1.1795900E+05  1.866E-01 -2.944E-02  1.141E-01
 -1.1795700E+05  1.854E-01 -3.340E-02  1.484E-01
 -1.1795500E+05  1.930E-01 -2.811E-02  9.972E-02
 -1.1795300E+05  1.953E-01 -2.975E-02  1.105E-01
 -1.1795100E+05  1.423E-01 -2.606E-02  1.212E-01
 -1.1794900E+05  1.916E-01 -2.941E-02  1.146E-01
 -1.1794700E+05  2.036E-01 -3.627E-02  1.579E-01
 -1.1794500E+05  2.142E-01 -3.512E-02  1.374E-01
 -1.1794300E+05  1.961E-01 -2.829E-02  1.006E-01
 -1.1794100E+05  1.935E-01 -3.150E-02  1.272E-01
 -1.1793900E+05  1.696E-01 -3.059E-02  1.335E-01
 -1.1793700E+05  2.107E-01 -3.240E-02  1.207E-01
 -1.1793500E+05  1.837E-01 -2.932E-02  1.134E-01
