 -7.2461000E+04 -0.000E+00 -0.000E+00  0.000E+00
 -7.2459000E+04 -0.000E+00 -0.000E+00  0.000E+00
 -7.2457000E+04 -0.000E+00 -0.000E+00  0.000E+00
 -7.2455000E+04 -0.000E+00 -0.000E+00  0.000E+00
 -7.2453000E+04 -0.000E+00 -0.000E+00  0.000E+00
 -7.2451000E+04 -0.000E+00 -0.000E+00  0.000E+00
 -7.2449000E+04 -0.000E+00 -0.000E+00  0.000E+00
 -7.2447000E+04 -0.000E+00 -0.000E+00  0.000E+00
 -7.2445000E+04 -0.000E+00 -0.000E+00  0.000E+00
 -7.2443000E+04 -0.000E+00 -0.000E+00  0.000E+00
 -7.2441000E+04 -0.000E+00 -0.000E+00  0.000E+00
 -7.2439000E+04 -0.000E+00 -0.000E+00  0.000E+00
 -7.2437000E+04 -0.000E+00 -0.000E+00  0.000E+00
 -7.2435000E+04 -0.000E+00 -0.000E+00  0.000E+00
 -7.2433000E+04 -0.000E+00 -0.000E+00  0.000E+00
 -7.2431000E+04 -0.000E+00 -0.000E+00  0.000E+00
 -7.2429000E+04 -0.000E+00 -0.000E+00  0.000E+00
 -7.2427000E+04 -0.000E+00 -0.000E+00  0.000E+00
 -7.2425000E+04 -0.000E+00 -0.000E+00  0.000E+00
 -7.2423000E+04 -0.000E+00 -0.000E+00  0.000E+00
 -7.2421000E+04 -0.000E+00 -0.000E+00  0.000E+00
 -7.2419000E+04 -0.000E+00 -0.000E+00  0.000E+00
 -7.2417000E+04 -0.000E+00 -0.000E+00  0.000E+00
 -7.2415000E+04 -0.000E+00 -0.000E+00  0.000E+00
 -7.2413000E+04 -0.000E+00 -0.000E+00  0.000E+00
 -7.2411000E+04 -0.000E+00 -0.000E+00  0.000E+00
 -7.2409000E+04 -0.000E+00 -0.000E+00  0.000E+00
 -7.2407000E+04 -0.000E+00 -0.000E+00  0.000E+00
 -7.2405000E+04 -0.000E+00 -0.000E+00  0.000E+00
 -7.2403000E+04 -0.000E+00 -0.000E+00  0.000E+00
 -7.2401000E+04 -0.000E+00 -0.000E+00  0.000E+00
 -7.2399000E+04 -0.000E+00 -0.000E+00  0.000E+00
 -7.2397000E+04 -0.000E+00 -0.000E+00  0.000E+00
 -7.2395000E+04 -0.000E+00 -0.000E+00  0.000E+00
 -7.2393000E+04  6.754E-05 -1.523E-06 -8.174E-05
 -7.2391000E+04  1.242E-04 -3.794E-05  2.606E-04
 -7.2389000E+04 -1.427E-05  1.208E-05 -1.031E-04
 -7.2387000E+04 -3.177E-04  5.676E-05 -3.133E-04
 -7.2385000E+04 -9.109E-04  1.539E-04 -6.591E-04
 -7.2383000E+04 -1.891E-03  4.218E-04 -2.413E-03
 -7.2381000E+04 -6.852E-03  1.173E-03 -5.304E-03
 -7.2379000E+04 -1.432E-02  2.325E-03 -9.737E-03
 -7.2377000E+04 -3.079E-02  5.104E-03 -2.179E-02
 -7.2375000E+04 -5.896E-02  9.003E-03 -3.311E-02
 -7.2373000E+04 -8.935E-02  1.463E-02 -6.065E-02
 -7.2371000E+04 -1.978E-01  3.278E-02 -1.369E-01
 -7.2369000E+04 -2.686E-01  4.487E-02 -1.876E-01
 -7.2367000E+04 -3.347E-01  5.311E-02 -2.031E-01
 -7.2365000E+04 -4.584E-01  7.362E-02 -2.850E-01
 -7.2363000E+04 -7.896E-01  1.277E-01 -4.953E-01
 -7.2361000E+04 -1.073E+00  1.794E-01 -7.297E-01
 -7.2359000E+04 -1.235E+00  2.007E-01 -7.726E-01
 -7.2357000E+04 -1.400E+00  2.306E-01 -8.962E-01
 -7.2355000E+04 -1.770E+00  2.883E-01 -1.103E+00
 -7.2353000E+04 -2.062E+00  3.384E-01 -1.290E+00
 -7.2351000E+04 -2.467E+00  4.088E-01 -1.574E+00
 -7.2349000E+04 -2.691E+00  4.405E-01 -1.645E+00
 -7.2347000E+04 -2.897E+00  4.873E-01 -1.896E+00
 -7.2345000E+04 -3.076E+00  5.121E-01 -1.937E+00
 -7.2343000E+04 -3.075E+00  5.155E-01 -1.958E+00
 -7.2341000E+04 -3.274E+00  5.566E-01 -2.151E+00
 -7.2339000E+04 -3.175E+00  5.417E-01 -2.085E+00
 -7.2337000E+04 -3.175E+00  5.162E-01 -1.811E+00
 -7.2335000E+04 -3.018E+00  5.350E-01 -2.155E+00
 -7.2333000E+04 -2.804E+00  4.832E-01 -1.849E+00
 -7.2331000E+04 -2.705E+00  4.575E-01 -1.682E+00
 -7.2329000E+04 -2.455E+00  4.131E-01 -1.489E+00
 -7.2327000E+04 -2.155E+00  3.692E-01 -1.360E+00
 -7.2325000E+04 -1.940E+00  3.231E-01 -1.122E+00
 -7.2323000E+04 -1.624E+00  2.865E-01 -1.089E+00
 -7.2321000E+04 -1.443E+00  2.477E-01 -8.914E-01
 -7.2319000E+04 -1.320E+00  2.236E-01 -7.795E-01
 -7.2317000E+04 -1.188E+00  2.138E-01 -8.212E-01
 -7.2315000E+04 -1.110E+00  1.907E-01 -6.699E-01
 -7.2313000E+04 -7.488E-01  1.519E-01 -6.672E-01
 -7.2311000E+04 -6.115E-01  1.075E-01 -3.722E-01
 -7.2309000E+04 -5.913E-01  1.099E-01 -4.209E-01
 -7.2307000E+04 -4.318E-01  1.035E-01 -5.291E-01
 -7.2305000E+04 -2.447E-01  5.748E-02 -2.702E-01
 -7.2303000E+04 -2.872E-01  3.977E-02 -5.933E-02
 -7.2301000E+04 -2.178E-01  3.069E-02 -3.721E-02
 -7.2299000E+04 -6.859E-02  1.000E-02  1.077E-02
 -7.2297000E+04 -8.883E-03 -1.240E-03  3.474E-02
 -7.2295000E+04  1.448E-02  1.048E-04  1.654E-02
 -7.2293000E+04  1.254E-02  1.605E-04  1.224E-02
 -7.2291000E+04  1.372E-01 -2.671E-02  1.454E-01
 -7.2289000E+04  1.962E-01 -2.627E-02  7.397E-02
 -7.2287000E+04  1.816E-01 -3.754E-02  1.939E-01
 -7.2285000E+04  2.426E-01 -4.365E-02  1.865E-01
 -7.2283000E+04  2.603E-01 -3.422E-02  7.588E-02
 -7.2281000E+04  1.336E-01 -2.141E-02  8.908E-02
 -7.2279000E+04  4.076E-01 -6.035E-02  1.714E-01
 -7.2277000E+04  3.219E-01 -5.642E-02  2.296E-01
 -7.2275000E+04  2.361E-01 -4.232E-02  1.723E-01
 -7.2273000E+04  2.475E-01 -4.752E-02  2.334E-01
 -7.2271000E+04  3.178E-01 -4.729E-02  1.584E-01
 -7.2269000E+04  3.580E-01 -6.410E-02  2.388E-01
 -7.2267000E+04  2.978E-01 -4.758E-02  1.605E-01
 -7.2265000E+04  3.385E-01 -4.826E-02  1.300E-01
 -7.2263000E+04  2.941E-01 -4.390E-02  1.286E-01
 -7.2261000E+04  2.970E-01 -5.341E-02  2.294E-01
 -7.2259000E+04  3.535E-01 -5.778E-02  2.137E-01
 -7.2257000E+04  3.469E-01 -6.662E-02  2.970E-01
 -7.2255000E+04  3.215E-01 -5.684E-02  2.456E-01
 -7.2253000E+04  2.727E-01 -4.920E-02  2.115E-01
 -7.2251000E+04  2.342E-01 -3.977E-02  1.415E-01
 -7.2249000E+04  3.416E-01 -5.880E-02  2.054E-01
 -7.2247000E+04  2.394E-01 -4.841E-02  2.384E-01
 -7.2245000E+04  2.871E-01 -4.806E-02  1.823E-01
 -7.2243000E+04  3.121E-01 -5.148E-02  1.598E-01
 -7.2241000E+04  3.580E-01 -5.332E-02  1.688E-01
 -7.2239000E+04  2.834E-01 -4.759E-02  1.662E-01
 -7.2237000E+04  3.429E-01 -6.341E-02  2.582E-01
 -7.2235000E+04  3.522E-01 -6.543E-02  2.740E-01
 -7.2233000E+04  2.446E-01 -4.059E-02  1.575E-01
 -7.2231000E+04  3.653E-01 -5.994E-02  2.144E-01
 -7.2229000E+04  2.880E-01 -4.835E-02  1.797E-01
 -7.2227000E+04  3.199E-01 -4.926E-02  1.460E-01
 -7.2225000E+04  2.164E-01 -4.162E-02  1.992E-01
 -7.2223000E+04  3.111E-01 -5.230E-02  1.956E-01
 -7.2221000E+04  2.406E-01 -4.425E-02  1.708E-01
 -7.2219000E+04  3.118E-01 -4.948E-02  1.670E-01
 -7.2217000E+04  2.986E-01 -4.968E-02  1.829E-01
 -7.2215000E+04  2.698E-01 -4.624E-02  1.854E-01
 -7.2213000E+04  3.260E-01 -5.355E-02  1.943E-01
 -7.2211000E+04  2.606E-01 -4.125E-02  1.538E-01
 -7.2209000E+04  2.756E-01 -4.998E-02  1.979E-01
 -7.2207000E+04  2.815E-01 -4.840E-02  1.904E-01
 -7.2205000E+04  3.009E-01 -5.042E-02  1.775E-01
 -7.2203000E+04  2.839E-01 -5.321E-02  2.336E-01
 -7.2201000E+04  2.561E-01 -4.499E-02  1.623E-01
 -7.2199000E+04  2.567E-01 -4.674E-02  1.992E-01
 -7.2197000E+04  2.104E-01 -3.710E-02  1.575E-01
 -7.2195000E+04  2.740E-01 -4.539E-02  1.599E-01
 -7.2193000E+04  3.053E-01 -4.637E-02  1.202E-01
 -7.2191000E+04  2.089E-01 -3.916E-02  1.597E-01
 -7.2189000E+04  2.740E-01 -4.605E-02  1.713E-01
 -7.2187000E+04  2.677E-01 -4.289E-02  1.623E-01
 -7.2185000E+04  2.520E-01 -4.233E-02  1.622E-01
 -7.2183000E+04  2.676E-01 -4.284E-02  1.196E-01
 -7.2181000E+04  2.425E-01 -4.598E-02  2.069E-01
 -7.2179000E+04  2.707E-01 -4.635E-02  1.860E-01
 -7.2177000E+04  2.533E-01 -4.143E-02  1.448E-01
 -7.2175000E+04  2.491E-01 -4.290E-02  1.660E-01
 -7.2173000E+04  2.354E-01 -3.928E-02  1.421E-01
 -7.2171000E+04  2.479E-01 -3.919E-02  1.319E-01
 -7.2169000E+04  2.038E-01 -3.537E-02  1.435E-01
 -7.2167000E+04  2.231E-01 -3.825E-02  1.149E-01
 -7.2165000E+04  2.142E-01 -4.127E-02  1.674E-01
 -7.2163000E+04  2.322E-01 -4.586E-02  2.084E-01
 -7.2161000E+04  2.383E-01 -4.136E-02  1.717E-01
 -7.2159000E+04  2.525E-01 -3.696E-02  1.047E-01
 -7.2157000E+04  2.029E-01 -3.605E-02  1.360E-01
 -7.2155000E+04  2.452E-01 -3.911E-02  1.365E-01
 -7.2153000E+04  1.821E-01 -3.459E-02  1.639E-01
 -7.2151000E+04  2.131E-01 -3.980E-02  1.629E-01
 -7.2149000E+04  2.203E-01 -3.646E-02  1.208E-01
 -7.2147000E+04  2.138E-01 -3.299E-02  1.082E-01
 -7.2145000E+04  2.520E-01 -4.194E-02  1.423E-01
 -7.2143000E+04  2.036E-01 -3.577E-02  1.415E-01
 -7.2141000E+04  2.051E-01 -3.085E-02  9.706E-02
 -7.2139000E+04  2.170E-01 -3.896E-02  1.493E-01
 -7.2137000E+04  2.388E-01 -4.149E-02  1.598E-01
 -7.2135000E+04  2.023E-01 -3.373E-02  1.200E-01
 -7.2133000E+04  2.008E-01 -3.429E-02  1.291E-01
 -7.2131000E+04  1.814E-01 -2.759E-02  9.197E-02
 -7.2129000E+04  2.055E-01 -3.623E-02  1.478E-01
 -7.2127000E+04  1.966E-01 -3.069E-02  9.810E-02
 -7.2125000E+04  1.984E-01 -3.014E-02  8.536E-02
 -7.2123000E+04  2.059E-01 -3.657E-02  1.368E-01
 -7.2121000E+04  1.968E-01 -3.451E-02  1.244E-01
 -7.2119000E+04  1.903E-01 -3.413E-02  1.285E-01
 -7.2117000E+04  1.844E-01 -2.536E-02  1.179E-01
 -7.2115000E+04  1.463E-01 -2.542E-02  1.214E-01
 -7.2113000E+04  1.685E-01 -2.833E-02  1.131E-01
 -7.2111000E+04  1.663E-01 -3.509E-02  1.690E-01
 -7.2109000E+04  2.024E-01 -3.852E-02  1.439E-01
 -7.2107000E+04  2.248E-01 -3.749E-02  1.242E-01
 -7.2105000E+04  1.782E-01 -2.871E-02  1.019E-01
 -7.2103000E+04  1.832E-01 -3.158E-02  1.245E-01
 -7.2101000E+04  2.100E-01 -3.478E-02  1.369E-01
 -7.2099000E+04  1.872E-01 -3.242E-02  1.300E-01
 -7.2097000E+04  1.478E-01 -2.795E-02  1.246E-01
 -7.2095000E+04  1.907E-01 -3.058E-02  1.011E-01
 -7.2093000E+04  1.978E-01 -3.068E-02  9.114E-02
 -7.2091000E+04  1.750E-01 -3.317E-02  1.445E-01
 -7.2089000E+04  1.759E-01 -3.372E-02  1.459E-01
 -7.2087000E+04  1.917E-01 -3.106E-02  1.085E-01
 -7.2085000E+04  1.515E-01 -2.652E-02  1.322E-01
 -7.2083000E+04  1.657E-01 -3.044E-02  1.296E-01
