  2.9029000E+04 -0.000E+00 -0.000E+00  0.000E+00
  2.9031000E+04 -0.000E+00 -0.000E+00  0.000E+00
  2.9033000E+04 -0.000E+00 -0.000E+00  0.000E+00
  2.9035000E+04 -0.000E+00 -0.000E+00  0.000E+00
  2.9037000E+04 -0.000E+00 -0.000E+00  0.000E+00
  2.9039000E+04 -0.000E+00 -0.000E+00  0.000E+00
  2.9041000E+04 -0.000E+00 -0.000E+00  0.000E+00
  2.9043000E+04 -0.000E+00 -0.000E+00  0.000E+00
  2.9045000E+04 -0.000E+00 -0.000E+00  0.000E+00
  2.9047000E+04 -0.000E+00 -0.000E+00  0.000E+00
  2.9049000E+04 -0.000E+00 -0.000E+00  0.000E+00
  2.9051000E+04 -0.000E+00 -0.000E+00  0.000E+00
  2.9053000E+04 -0.000E+00 -0.000E+00  0.000E+00
  2.9055000E+04 -0.000E+00 -0.000E+00  0.000E+00
  2.9057000E+04 -0.000E+00 -0.000E+00  0.000E+00
  2.9059000E+04 -0.000E+00 -0.000E+00  0.000E+00
  2.9061000E+04 -0.000E+00 -0.000E+00  0.000E+00
  2.9063000E+04 -0.000E+00 -0.000E+00  0.000E+00
  2.9065000E+04 -0.000E+00 -0.000E+00  0.000E+00
  2.9067000E+04 -0.000E+00 -0.000E+00  0.000E+00
  2.9069000E+04 -0.000E+00 -0.000E+00  0.000E+00
  2.9071000E+04 -0.000E+00 -0.000E+00  0.000E+00
  2.9073000E+04 -0.000E+00 -0.000E+00  0.000E+00
  2.9075000E+04 -0.000E+00 -0.000E+00  0.000E+00
  2.9077000E+04 -0.000E+00 -0.000E+00  0.000E+00
  2.9079000E+04 -0.000E+00 -0.000E+00  0.000E+00
  2.9081000E+04 -0.000E+00 -0.000E+00  0.000E+00
  2.9083000E+04 -0.000E+00 -0.000E+00  0.000E+00
  2.9085000E+04 -0.000E+00 -0.000E+00  0.000E+00
  2.9087000E+04 -0.000E+00 -0.000E+00  0.000E+00
  2.9089000E+04 -0.000E+00 -0.000E+00  0.000E+00
  2.9091000E+04 -0.000E+00 -0.000E+00  0.000E+00
  2.9093000E+04 -0.000E+00 -0.000E+00  0.000E+00
  2.9095000E+04 -0.000E+00 -0.000E+00  0.000E+00
  2.9097000E+04 -0.000E+00 -0.000E+00  0.000E+00
  2.9099000E+04 -0.000E+00 -0.000E+00  0.000E+00
  2.9101000E+04 -0.000E+00 -0.000E+00  0.000E+00
  2.9103000E+04 -3.399E-05  1.030E-05 -8.586E-05
  2.9105000E+04 -5.330E-04  8.036E-05 -3.481E-04
  2.9107000E+04 -1.636E-03  1.974E-04 -4.526E-04
  2.9109000E+04 -3.162E-03  6.747E-04 -4.463E-03
  2.9111000E+04 -2.341E-02  4.537E-03 -2.740E-02
  2.9113000E+04 -5.491E-02  8.303E-03 -3.524E-02
  2.9115000E+04 -8.672E-02  1.540E-02 -8.373E-02
  2.9117000E+04 -2.128E-01  3.445E-02 -1.630E-01
  2.9119000E+04 -3.327E-01  5.534E-02 -2.720E-01
  2.9121000E+04 -5.809E-01  9.517E-02 -4.541E-01
  2.9123000E+04 -1.038E+00  1.648E-01 -7.418E-01
  2.9125000E+04 -1.370E+00  2.170E-01 -9.681E-01
  2.9127000E+04 -1.824E+00  2.913E-01 -1.308E+00
  2.9129000E+04 -2.463E+00  3.908E-01 -1.725E+00
  2.9131000E+04 -3.005E+00  4.688E-01 -1.992E+00
  2.9133000E+04 -3.558E+00  5.568E-01 -2.366E+00
  2.9135000E+04 -3.916E+00  6.132E-01 -2.589E+00
  2.9137000E+04 -4.064E+00  6.416E-01 -2.734E+00
  2.9139000E+04 -4.228E+00  6.592E-01 -2.722E+00
  2.9141000E+04 -3.978E+00  6.337E-01 -2.715E+00
  2.9143000E+04 -3.712E+00  5.995E-01 -2.620E+00
  2.9145000E+04 -3.256E+00  5.013E-01 -1.971E+00
  2.9147000E+04 -2.716E+00  4.251E-01 -1.718E+00
  2.9149000E+04 -2.071E+00  3.308E-01 -1.381E+00
  2.9151000E+04 -1.892E+00  2.958E-01 -1.174E+00
  2.9153000E+04 -1.574E+00  2.506E-01 -1.027E+00
  2.9155000E+04 -1.324E+00  2.062E-01 -8.018E-01
  2.9157000E+04 -7.124E-01  1.220E-01 -5.556E-01
  2.9159000E+04 -6.902E-01  1.077E-01 -4.078E-01
  2.9161000E+04 -4.829E-01  8.342E-02 -3.860E-01
  2.9163000E+04 -2.879E-01  3.798E-02 -7.363E-02
  2.9165000E+04 -1.899E-01  3.212E-02 -1.360E-01
  2.9167000E+04  2.111E-02  6.418E-04 -1.961E-02
  2.9169000E+04 -8.969E-03 -1.140E-03  3.629E-02
  2.9171000E+04 -6.042E-03 -8.852E-03  1.293E-01
  2.9173000E+04  7.526E-02 -1.134E-02  5.122E-02
  2.9175000E+04  2.248E-01 -3.765E-02  1.850E-01
  2.9177000E+04  2.279E-01 -3.386E-02  1.272E-01
  2.9179000E+04  3.209E-01 -4.790E-02  1.800E-01
  2.9181000E+04  2.769E-01 -4.121E-02  1.544E-01
  2.9183000E+04  1.595E-01 -2.947E-02  1.635E-01
  2.9185000E+04  2.948E-01 -4.376E-02  1.564E-01
  2.9187000E+04  2.891E-01 -4.545E-02  1.877E-01
  2.9189000E+04  2.828E-01 -5.073E-02  2.648E-01
  2.9191000E+04  2.682E-01 -4.022E-02  1.498E-01
  2.9193000E+04  2.713E-01 -5.032E-02  2.745E-01
  2.9195000E+04  2.788E-01 -4.787E-02  2.356E-01
  2.9197000E+04  2.610E-01 -3.855E-02  1.395E-01
  2.9199000E+04  2.136E-01 -4.107E-02  2.329E-01
  2.9201000E+04  2.936E-01 -4.756E-02  2.099E-01
  2.9203000E+04  3.238E-01 -5.076E-02  2.123E-01
  2.9205000E+04  3.184E-01 -4.770E-02  1.797E-01
  2.9207000E+04  2.332E-01 -3.710E-02  1.576E-01
  2.9209000E+04  2.642E-01 -4.025E-02  1.552E-01
  2.9211000E+04  3.313E-01 -5.378E-02  2.316E-01
  2.9213000E+04  2.880E-01 -4.486E-02  1.803E-01
  2.9215000E+04  2.409E-01 -3.875E-02  1.686E-01
  2.9217000E+04  2.764E-01 -4.178E-02  1.563E-01
  2.9219000E+04  3.450E-01 -5.136E-02  1.871E-01
  2.9221000E+04  2.584E-01 -4.173E-02  1.830E-01
  2.9223000E+04  2.496E-01 -4.333E-02  2.119E-01
  2.9225000E+04  2.749E-01 -4.265E-02  1.732E-01
  2.9227000E+04  1.926E-01 -3.365E-02  1.656E-01
  2.9229000E+04  2.145E-01 -3.519E-02  1.609E-01
  2.9231000E+04  2.600E-01 -4.181E-02  1.829E-01
  2.9233000E+04  2.572E-01 -4.312E-02  2.030E-01
  2.9235000E+04  2.333E-01 -4.277E-02  2.269E-01
  2.9237000E+04  2.813E-01 -4.395E-02  1.778E-01
  2.9239000E+04  2.284E-01 -3.734E-02  1.653E-01
  2.9241000E+04  2.593E-01 -4.077E-02  1.660E-01
  2.9243000E+04  2.085E-01 -3.431E-02  1.539E-01
  2.9245000E+04  2.413E-01 -4.112E-02  1.944E-01
  2.9247000E+04  2.828E-01 -4.079E-02  1.378E-01
  2.9249000E+04  2.326E-01 -3.805E-02  1.682E-01
  2.9251000E+04  2.225E-01 -3.765E-02  1.819E-01
  2.9253000E+04  2.335E-01 -3.970E-02  1.904E-01
  2.9255000E+04  2.412E-01 -3.359E-02  1.018E-01
  2.9257000E+04  2.510E-01 -3.894E-02  1.578E-01
  2.9259000E+04  2.103E-01 -3.440E-02  1.593E-01
  2.9261000E+04  2.180E-01 -3.548E-02  1.558E-01
  2.9263000E+04  2.339E-01 -3.770E-02  1.634E-01
  2.9265000E+04  2.549E-01 -3.722E-02  1.278E-01
  2.9267000E+04  2.195E-01 -3.617E-02  1.628E-01
  2.9269000E+04  2.581E-01 -3.547E-02  1.033E-01
  2.9271000E+04  2.231E-01 -3.593E-02  1.569E-01
  2.9273000E+04  1.984E-01 -3.366E-02  1.621E-01
  2.9275000E+04  2.309E-01 -3.419E-02  1.218E-01
  2.9277000E+04  2.195E-01 -3.287E-02  1.210E-01
  2.9279000E+04  2.131E-01 -3.287E-02  1.304E-01
  2.9281000E+04  2.104E-01 -3.373E-02  1.422E-01
  2.9283000E+04  2.084E-01 -3.211E-02  1.252E-01
  2.9285000E+04  2.077E-01 -3.375E-02  1.514E-01
  2.9287000E+04  1.854E-01 -3.138E-02  1.489E-01
  2.9289000E+04  2.243E-01 -3.557E-02  1.499E-01
  2.9291000E+04  2.099E-01 -3.069E-02  1.086E-01
  2.9293000E+04  2.027E-01 -3.237E-02  1.413E-01
  2.9295000E+04  2.062E-01 -3.306E-02  1.427E-01
  2.9297000E+04  1.975E-01 -2.751E-02  8.481E-02
  2.9299000E+04  1.981E-01 -3.167E-02  1.355E-01
  2.9301000E+04  1.869E-01 -3.180E-02  1.506E-01
  2.9303000E+04  1.622E-01 -2.978E-02  1.588E-01
  2.9305000E+04  2.200E-01 -3.463E-02  1.431E-01
  2.9307000E+04  1.929E-01 -3.114E-02  1.349E-01
  2.9309000E+04  2.162E-01 -3.299E-02  1.260E-01
  2.9311000E+04  2.048E-01 -3.369E-02  1.481E-01
  2.9313000E+04  1.735E-01 -2.627E-02  1.047E-01
  2.9315000E+04  1.634E-01 -2.751E-02  1.316E-01
  2.9317000E+04  1.864E-01 -2.774E-02  1.035E-01
  2.9319000E+04  1.613E-01 -2.493E-02  1.003E-01
  2.9321000E+04  1.803E-01 -2.719E-02  1.045E-01
  2.9323000E+04  1.740E-01 -2.981E-02  1.466E-01
  2.9325000E+04  1.947E-01 -2.985E-02  1.200E-01
  2.9327000E+04  1.518E-01 -2.344E-02  1.001E-01
  2.9329000E+04  1.572E-01 -2.857E-02  1.433E-01
  2.9331000E+04  1.643E-01 -2.476E-02  9.802E-02
  2.9333000E+04  1.648E-01 -2.584E-02  1.061E-01
  2.9335000E+04  1.590E-01 -2.535E-02  1.033E-01
  2.9337000E+04  1.844E-01 -2.863E-02  1.110E-01
  2.9339000E+04  1.855E-01 -2.657E-02  8.680E-02
  2.9341000E+04  1.462E-01 -2.593E-02  1.327E-01
  2.9343000E+04  1.801E-01 -2.880E-02  1.201E-01
  2.9345000E+04  1.681E-01 -2.837E-02  1.352E-01
  2.9347000E+04  1.822E-01 -2.790E-02  1.067E-01
  2.9349000E+04  1.750E-01 -2.777E-02  1.171E-01
  2.9351000E+04  1.626E-01 -2.313E-02  7.451E-02
  2.9353000E+04  1.466E-01 -2.428E-02  1.108E-01
  2.9355000E+04  1.604E-01 -2.475E-02  9.871E-02
  2.9357000E+04  1.572E-01 -2.522E-02  1.076E-01
  2.9359000E+04  1.523E-01 -2.372E-02  1.001E-01
  2.9361000E+04  1.440E-01 -2.190E-02  8.541E-02
  2.9363000E+04  1.405E-01 -2.449E-02  1.250E-01
  2.9365000E+04  1.831E-01 -2.752E-02  1.043E-01
  2.9367000E+04  1.608E-01 -2.724E-02  1.302E-01
  2.9369000E+04  1.447E-01 -2.395E-02  1.040E-01
  2.9371000E+04  1.313E-01 -1.917E-02  6.728E-02
  2.9373000E+04  1.426E-01 -2.326E-02  1.080E-01
  2.9375000E+04  1.752E-01 -2.514E-02  8.015E-02
  2.9377000E+04  1.510E-01 -2.334E-02  8.994E-02
  2.9379000E+04  1.734E-01 -2.678E-02  1.036E-01
  2.9381000E+04  1.286E-01 -2.268E-02  1.154E-01
  2.9383000E+04  1.553E-01 -2.359E-02  9.324E-02
  2.9385000E+04  1.348E-01 -2.216E-02  9.949E-02
  2.9387000E+04  1.448E-01 -2.280E-02  9.668E-02
  2.9389000E+04  1.475E-01 -2.425E-02  1.093E-01
  2.9391000E+04  1.189E-01 -1.975E-02  9.145E-02
  2.9393000E+04  1.138E-01 -1.709E-02  6.714E-02
  2.9395000E+04  1.402E-01 -2.199E-02  8.987E-02
  2.9397000E+04  1.440E-01 -2.218E-02  8.899E-02
  2.9399000E+04  1.259E-01 -1.944E-02  7.692E-02
  2.9401000E+04  1.012E-01 -1.820E-02  9.419E-02
  2.9403000E+04  1.428E-01 -2.140E-02  8.013E-02
  2.9405000E+04  1.373E-01 -2.157E-02  8.673E-02
  2.9407000E+04  1.125E-01 -1.882E-02  9.024E-02
