  1.1355500E+05 -0.000E+00 -0.000E+00  0.000E+00
  1.1355700E+05 -0.000E+00 -0.000E+00  0.000E+00
  1.1355900E+05 -0.000E+00 -0.000E+00  0.000E+00
  1.1356100E+05 -0.000E+00 -0.000E+00  0.000E+00
  1.1356300E+05 -0.000E+00 -0.000E+00  0.000E+00
  1.1356500E+05 -0.000E+00 -0.000E+00  0.000E+00
  1.1356700E+05 -0.000E+00 -0.000E+00  0.000E+00
  1.1356900E+05 -0.000E+00 -0.000E+00  0.000E+00
  1.1357100E+05 -0.000E+00 -0.000E+00  0.000E+00
  1.1357300E+05 -0.000E+00 -0.000E+00  0.000E+00
  1.1357500E+05 -0.000E+00 -0.000E+00  0.000E+00
  1.1357700E+05 -0.000E+00 -0.000E+00  0.000E+00
  1.1357900E+05 -0.000E+00 -0.000E+00  0.000E+00
  1.1358100E+05 -0.000E+00 -0.000E+00  0.000E+00
  1.1358300E+05 -0.000E+00 -0.000E+00  0.000E+00
  1.1358500E+05 -0.000E+00 -0.000E+00  0.000E+00
  1.1358700E+05 -0.000E+00 -0.000E+00  0.000E+00
  1.1358900E+05 -0.000E+00 -0.000E+00  0.000E+00
  1.1359100E+05 -0.000E+00 -0.000E+00  0.000E+00
  1.1359300E+05 -0.000E+00 -0.000E+00  0.000E+00
  1.1359500E+05 -0.000E+00 -0.000E+00  0.000E+00
  1.1359700E+05 -0.000E+00 -0.000E+00  0.000E+00
  1.1359900E+05 -0.000E+00 -0.000E+00  0.000E+00
  1.1360100E+05 -0.000E+00 -0.000E+00  0.000E+00
  1.1360300E+05 -0.000E+00 -0.000E+00  0.000E+00
  1.1360500E+05 -0.000E+00 -0.000E+00  0.000E+00
  1.1360700E+05 -0.000E+00 -0.000E+00  0.000E+00
  1.1360900E+05 -0.000E+00 -0.000E+00  0.000E+00
  1.1361100E+05 -0.000E+00 -0.000E+00  0.000E+00
  1.1361300E+05 -0.000E+00 -0.000E+00  0.000E+00
  1.1361500E+05 -0.000E+00 -0.000E+00  0.000E+00
  1.1361700E+05 -0.000E+00 -0.000E+00  0.000E+00
  1.1361900E+05 -0.000E+00 -0.000E+00  0.000E+00
  1.1362100E+05 -0.000E+00 -0.000E+00  0.000E+00
  1.1362300E+05 -0.000E+00 -0.000E+00  0.000E+00
  1.1362500E+05 -0.000E+00 -0.000E+00  0.000E+00
  1.1362700E+05 -0.000E+00 -0.000E+00  0.000E+00
  1.1362900E+05  1.031E-08 -2.694E-09  2.383E-08
  1.1363100E+05 -8.913E-05  1.215E-05 -5.557E-05
  1.1363300E+05 -4.422E-04  4.816E-05 -1.093E-04
  1.1363500E+05 -1.905E-03  2.844E-04 -1.519E-03
  1.1363700E+05 -1.849E-02  2.710E-03 -1.407E-02
  1.1363900E+05 -4.744E-02  6.711E-03 -3.274E-02
  1.1364100E+05 -1.065E-01  1.454E-02 -6.625E-02
  1.1364300E+05 -2.615E-01  3.742E-02 -1.864E-01
  1.1364500E+05 -4.683E-01  6.439E-02 -2.975E-01
  1.1364700E+05 -9.247E-01  1.282E-01 -6.017E-01
  1.1364900E+05 -1.411E+00  1.980E-01 -9.534E-01
  1.1365100E+05 -2.153E+00  2.992E-01 -1.413E+00
  1.1365300E+05 -2.965E+00  4.101E-01 -1.918E+00
  1.1365500E+05 -3.575E+00  5.015E-01 -2.414E+00
  1.1365700E+05 -4.473E+00  6.151E-01 -2.843E+00
  1.1365900E+05 -4.675E+00  6.576E-01 -3.184E+00
  1.1366100E+05 -4.784E+00  6.710E-01 -3.234E+00
  1.1366300E+05 -4.333E+00  6.109E-01 -2.975E+00
  1.1366500E+05 -3.831E+00  5.349E-01 -2.562E+00
  1.1366700E+05 -2.936E+00  4.195E-01 -2.102E+00
  1.1366900E+05 -2.357E+00  3.348E-01 -1.660E+00
  1.1367100E+05 -1.891E+00  2.610E-01 -1.222E+00
  1.1367300E+05 -1.234E+00  1.763E-01 -8.902E-01
  1.1367500E+05 -8.141E-01  1.084E-01 -4.738E-01
  1.1367700E+05 -5.977E-01  8.711E-02 -4.584E-01
  1.1367900E+05 -3.038E-01  4.602E-02 -2.628E-01
  1.1368100E+05 -1.079E-01  1.167E-02 -2.711E-02
  1.1368300E+05  3.773E-02 -3.094E-03 -1.278E-02
  1.1368500E+05  5.488E-02 -1.325E-02  1.126E-01
  1.1368700E+05  1.151E-01 -1.814E-02  1.018E-01
  1.1368900E+05  1.549E-01 -2.612E-02  1.631E-01
  1.1369100E+05  2.334E-01 -2.976E-02  1.089E-01
  1.1369300E+05  2.245E-01 -2.722E-02  8.547E-02
  1.1369500E+05  2.034E-01 -3.310E-02  2.011E-01
  1.1369700E+05  1.799E-01 -2.892E-02  1.742E-01
  1.1369900E+05  3.135E-01 -4.375E-02  2.023E-01
  1.1370100E+05  2.347E-01 -3.363E-02  1.658E-01
  1.1370300E+05  2.414E-01 -3.398E-02  1.617E-01
  1.1370500E+05  2.862E-01 -4.386E-02  2.432E-01
  1.1370700E+05  2.012E-01 -3.278E-02  1.986E-01
  1.1370900E+05  2.715E-01 -3.634E-02  1.559E-01
  1.1371100E+05  3.251E-01 -4.133E-02  1.531E-01
  1.1371300E+05  2.126E-01 -3.123E-02  1.602E-01
  1.1371500E+05  2.292E-01 -3.299E-02  1.652E-01
  1.1371700E+05  2.572E-01 -3.644E-02  1.775E-01
  1.1371900E+05  2.482E-01 -3.822E-02  2.164E-01
  1.1372100E+05  2.725E-01 -3.589E-02  1.460E-01
  1.1372300E+05  2.624E-01 -3.581E-02  1.614E-01
  1.1372500E+05  2.668E-01 -3.812E-02  1.872E-01
  1.1372700E+05  2.343E-01 -3.666E-02  2.117E-01
  1.1372900E+05  2.747E-01 -3.835E-02  1.802E-01
  1.1373100E+05  2.006E-01 -3.142E-02  1.824E-01
  1.1373300E+05  2.139E-01 -3.307E-02  1.856E-01
  1.1373500E+05  2.569E-01 -3.361E-02  1.340E-01
  1.1373700E+05  2.636E-01 -3.866E-02  2.014E-01
  1.1373900E+05  2.111E-01 -3.073E-02  1.590E-01
  1.1374100E+05  2.438E-01 -3.504E-02  1.765E-01
  1.1374300E+05  2.238E-01 -3.323E-02  1.764E-01
  1.1374500E+05  2.472E-01 -3.376E-02  1.512E-01
  1.1374700E+05  2.178E-01 -2.819E-02  1.118E-01
  1.1374900E+05  2.156E-01 -3.128E-02  1.624E-01
  1.1375100E+05  2.506E-01 -3.491E-02  1.646E-01
  1.1375300E+05  2.200E-01 -3.187E-02  1.624E-01
  1.1375500E+05  2.029E-01 -3.090E-02  1.718E-01
  1.1375700E+05  2.481E-01 -3.305E-02  1.382E-01
  1.1375900E+05  1.662E-01 -2.745E-02  1.695E-01
  1.1376100E+05  1.738E-01 -2.653E-02  1.488E-01
  1.1376300E+05  2.218E-01 -3.083E-02  1.461E-01
  1.1376500E+05  2.023E-01 -2.781E-02  1.260E-01
  1.1376700E+05  2.291E-01 -3.160E-02  1.457E-01
  1.1376900E+05  2.410E-01 -3.453E-02  1.706E-01
  1.1377100E+05  1.875E-01 -2.674E-02  1.326E-01
  1.1377300E+05  1.915E-01 -2.719E-02  1.326E-01
  1.1377500E+05  2.034E-01 -2.774E-02  1.266E-01
  1.1377700E+05  2.169E-01 -3.127E-02  1.588E-01
  1.1377900E+05  2.015E-01 -2.877E-02  1.381E-01
  1.1378100E+05  1.650E-01 -2.506E-02  1.421E-01
  1.1378300E+05  2.078E-01 -2.903E-02  1.372E-01
  1.1378500E+05  1.997E-01 -2.836E-02  1.419E-01
  1.1378700E+05  1.867E-01 -2.307E-02  7.653E-02
  1.1378900E+05  1.919E-01 -2.791E-02  1.453E-01
  1.1379100E+05  2.077E-01 -2.902E-02  1.345E-01
  1.1379300E+05  2.080E-01 -2.712E-02  1.090E-01
  1.1379500E+05  2.169E-01 -2.789E-02  1.071E-01
  1.1379700E+05  1.885E-01 -2.719E-02  1.410E-01
  1.1379900E+05  1.755E-01 -2.496E-02  1.251E-01
  1.1380100E+05  2.035E-01 -2.980E-02  1.544E-01
  1.1380300E+05  1.679E-01 -2.293E-02  1.018E-01
  1.1380500E+05  1.751E-01 -2.642E-02  1.470E-01
  1.1380700E+05  1.958E-01 -2.770E-02  1.356E-01
  1.1380900E+05  1.659E-01 -2.346E-02  1.137E-01
  1.1381100E+05  1.566E-01 -2.057E-02  8.428E-02
  1.1381300E+05  1.752E-01 -2.334E-02  9.701E-02
  1.1381500E+05  1.936E-01 -2.541E-02  1.041E-01
  1.1381700E+05  1.979E-01 -2.691E-02  1.208E-01
  1.1381900E+05  1.480E-01 -2.248E-02  1.263E-01
  1.1382100E+05  1.417E-01 -2.066E-02  1.066E-01
  1.1382300E+05  2.091E-01 -2.815E-02  1.234E-01
  1.1382500E+05  1.891E-01 -2.620E-02  1.184E-01
  1.1382700E+05  1.535E-01 -2.280E-02  1.218E-01
  1.1382900E+05  1.720E-01 -2.200E-02  8.508E-02
  1.1383100E+05  1.507E-01 -2.036E-02  8.856E-02
  1.1383300E+05  1.637E-01 -2.437E-02  1.305E-01
  1.1383500E+05  1.526E-01 -2.163E-02  1.079E-01
  1.1383700E+05  1.535E-01 -2.112E-02  9.915E-02
  1.1383900E+05  1.716E-01 -2.421E-02  1.175E-01
  1.1384100E+05  1.537E-01 -2.265E-02  1.193E-01
  1.1384300E+05  1.564E-01 -2.129E-02  9.814E-02
  1.1384500E+05  1.796E-01 -2.297E-02  8.618E-02
  1.1384700E+05  1.672E-01 -2.302E-02  1.067E-01
  1.1384900E+05  1.484E-01 -2.093E-02  9.976E-02
  1.1385100E+05  1.514E-01 -2.171E-02  1.122E-01
  1.1385300E+05  1.302E-01 -2.013E-02  1.156E-01
  1.1385500E+05  1.364E-01 -1.968E-02  1.002E-01
  1.1385700E+05  1.635E-01 -2.142E-02  8.709E-02
  1.1385900E+05  1.359E-01 -1.971E-02  1.023E-01
  1.1386100E+05  1.557E-01 -2.107E-02  9.326E-02
  1.1386300E+05  1.246E-01 -1.758E-02  9.024E-02
  1.1386500E+05  1.491E-01 -2.127E-02  1.050E-01
  1.1386700E+05  1.529E-01 -2.108E-02  9.214E-02
  1.1386900E+05  1.304E-01 -1.819E-02  8.501E-02
  1.1387100E+05  1.374E-01 -2.107E-02  1.203E-01
  1.1387300E+05  1.481E-01 -1.929E-02  7.865E-02
  1.1387500E+05  1.236E-01 -1.651E-02  7.117E-02
  1.1387700E+05  1.391E-01 -1.906E-02  8.681E-02
  1.1387900E+05  1.463E-01 -2.074E-02  1.012E-01
  1.1388100E+05  1.457E-01 -1.981E-02  8.824E-02
  1.1388300E+05  1.253E-01 -1.858E-02  9.674E-02
  1.1388500E+05  1.415E-01 -2.046E-02  1.086E-01
  1.1388700E+05  1.306E-01 -1.819E-02  9.006E-02
  1.1388900E+05  1.256E-01 -1.763E-02  8.353E-02
  1.1389100E+05  1.201E-01 -1.701E-02  8.373E-02
  1.1389300E+05  1.171E-01 -1.582E-02  6.654E-02
  1.1389500E+05  1.121E-01 -1.633E-02  9.011E-02
  1.1389700E+05  1.246E-01 -1.859E-02  1.009E-01
  1.1389900E+05  1.379E-01 -1.806E-02  7.534E-02
  1.1390100E+05  1.328E-01 -1.885E-02  9.288E-02
  1.1390300E+05  1.446E-01 -1.926E-02  8.173E-02
  1.1390500E+05  1.004E-01 -1.491E-02  7.893E-02
  1.1390700E+05  1.031E-01 -1.479E-02  7.519E-02
  1.1390900E+05  1.258E-01 -1.793E-02  8.950E-02
  1.1391100E+05  1.129E-01 -1.573E-02  7.528E-02
  1.1391300E+05  1.260E-01 -1.759E-02  8.629E-02
  1.1391500E+05  1.135E-01 -1.585E-02  7.704E-02
  1.1391700E+05  1.138E-01 -1.580E-02  7.638E-02
  1.1391900E+05  1.121E-01 -1.605E-02  7.955E-02
  1.1392100E+05  1.185E-01 -1.669E-02  8.135E-02
  1.1392300E+05  1.054E-01 -1.478E-02  7.173E-02
  1.1392500E+05  1.117E-01 -1.593E-02  7.843E-02
  1.1392700E+05  1.223E-01 -1.681E-02  7.795E-02
  1.1392900E+05  1.049E-01 -1.438E-02  6.818E-02
  1.1393100E+05  1.232E-01 -1.754E-02  8.603E-02
  1.1393300E+05  1.151E-01 -1.653E-02  8.409E-02
