  1.3160100E+05 -0.000E+00 -0.000E+00  0.000E+00
  1.3160300E+05 -0.000E+00 -0.000E+00  0.000E+00
  1.3160500E+05 -0.000E+00 -0.000E+00  0.000E+00
  1.3160700E+05 -0.000E+00 -0.000E+00  0.000E+00
  1.3160900E+05 -0.000E+00 -0.000E+00  0.000E+00
  1.3161100E+05 -0.000E+00 -0.000E+00  0.000E+00
  1.3161300E+05 -0.000E+00 -0.000E+00  0.000E+00
  1.3161500E+05 -0.000E+00 -0.000E+00  0.000E+00
  1.3161700E+05 -0.000E+00 -0.000E+00  0.000E+00
  1.3161900E+05 -0.000E+00 -0.000E+00  0.000E+00
  1.3162100E+05 -0.000E+00 -0.000E+00  0.000E+00
  1.3162300E+05 -0.000E+00 -0.000E+00  0.000E+00
  1.3162500E+05 -0.000E+00 -0.000E+00  0.000E+00
  1.3162700E+05 -0.000E+00 -0.000E+00  0.000E+00
  1.3162900E+05 -0.000E+00 -0.000E+00  0.000E+00
  1.3163100E+05 -0.000E+00 -0.000E+00  0.000E+00
  1.3163300E+05 -0.000E+00 -0.000E+00  0.000E+00
  1.3163500E+05 -0.000E+00 -0.000E+00  0.000E+00
  1.3163700E+05 -0.000E+00 -0.000E+00  0.000E+00
  1.3163900E+05 -0.000E+00 -0.000E+00  0.000E+00
  1.3164100E+05 -0.000E+00 -0.000E+00  0.000E+00
  1.3164300E+05 -0.000E+00 -0.000E+00  0.000E+00
  1.3164500E+05 -0.000E+00 -0.000E+00  0.000E+00
  1.3164700E+05 -0.000E+00 -0.000E+00  0.000E+00
  1.3164900E+05 -0.000E+00 -0.000E+00  0.000E+00
  1.3165100E+05 -0.000E+00 -0.000E+00  0.000E+00
  1.3165300E+05 -0.000E+00 -0.000E+00  0.000E+00
  1.3165500E+05 -0.000E+00 -0.000E+00  0.000E+00
  1.3165700E+05 -0.000E+00 -0.000E+00  0.000E+00
  1.3165900E+05 -0.000E+00 -0.000E+00  0.000E+00
  1.3166100E+05 -0.000E+00 -0.000E+00  0.000E+00
  1.3166300E+05 -0.000E+00 -0.000E+00  0.000E+00
  1.3166500E+05 -0.000E+00 -0.000E+00  0.000E+00
  1.3166700E+05 -0.000E+00 -0.000E+00  0.000E+00
  1.3166900E+05 -0.000E+00 -0.000E+00  0.000E+00
  1.3167100E+05 -0.000E+00 -0.000E+00  0.000E+00
  1.3167300E+05 -0.000E+00 -0.000E+00  0.000E+00
  1.3167500E+05 -0.000E+00 -0.000E+00  0.000E+00
  1.3167700E+05 -2.899E-05  1.256E-06  1.535E-05
  1.3167900E+05 -2.777E-04  5.304E-05 -4.224E-04
  1.3168100E+05 -1.345E-03  1.194E-04 -1.418E-04
  1.3168300E+05 -1.386E-02  1.775E-03 -9.129E-03
  1.3168500E+05 -5.363E-02  6.011E-03 -2.353E-02
  1.3168700E+05 -1.283E-01  1.541E-02 -7.131E-02
  1.3168900E+05 -2.819E-01  3.419E-02 -1.624E-01
  1.3169100E+05 -5.867E-01  7.133E-02 -3.429E-01
  1.3169300E+05 -1.029E+00  1.245E-01 -5.978E-01
  1.3169500E+05 -1.650E+00  2.016E-01 -9.946E-01
  1.3169700E+05 -2.474E+00  2.984E-01 -1.447E+00
  1.3169900E+05 -3.190E+00  3.933E-01 -2.004E+00
  1.3170100E+05 -4.232E+00  5.193E-01 -2.644E+00
  1.3170300E+05 -4.583E+00  5.786E-01 -3.128E+00
  1.3170500E+05 -4.740E+00  5.807E-01 -2.999E+00
  1.3170700E+05 -4.784E+00  6.035E-01 -3.313E+00
  1.3170900E+05 -4.016E+00  4.999E-01 -2.702E+00
  1.3171100E+05 -3.660E+00  4.594E-01 -2.545E+00
  1.3171300E+05 -2.580E+00  3.327E-01 -1.949E+00
  1.3171500E+05 -1.935E+00  2.452E-01 -1.413E+00
  1.3171700E+05 -1.539E+00  1.839E-01 -9.635E-01
  1.3171900E+05 -9.112E-01  1.121E-01 -6.348E-01
  1.3172100E+05 -6.056E-01  7.669E-02 -4.622E-01
  1.3172300E+05 -3.697E-01  4.846E-02 -3.175E-01
  1.3172500E+05 -1.374E-01  1.708E-02 -1.180E-01
  1.3172700E+05 -4.969E-02  7.657E-03 -7.714E-02
  1.3172900E+05 -9.460E-03 -1.106E-03  7.202E-03
  1.3173100E+05  1.628E-01 -2.575E-02  1.774E-01
  1.3173300E+05  1.820E-01 -2.597E-02  1.602E-01
  1.3173500E+05  1.997E-01 -2.551E-02  1.304E-01
  1.3173700E+05  7.452E-02 -1.578E-02  1.374E-01
  1.3173900E+05  2.655E-01 -3.083E-02  1.376E-01
  1.3174100E+05  2.349E-01 -2.968E-02  1.533E-01
  1.3174300E+05  2.440E-01 -2.811E-02  1.181E-01
  1.3174500E+05  2.723E-01 -3.370E-02  1.711E-01
  1.3174700E+05  1.927E-01 -2.636E-02  1.575E-01
  1.3174900E+05  3.211E-01 -3.831E-02  1.831E-01
  1.3175100E+05  3.193E-01 -3.482E-02  1.313E-01
  1.3175300E+05  2.764E-01 -3.725E-02  2.233E-01
  1.3175500E+05  2.456E-01 -3.431E-02  2.160E-01
  1.3175700E+05  2.060E-01 -2.964E-02  1.946E-01
  1.3175900E+05  2.377E-01 -3.420E-02  2.227E-01
  1.3176100E+05  2.785E-01 -3.084E-02  1.220E-01
  1.3176300E+05  2.457E-01 -3.206E-02  1.840E-01
  1.3176500E+05  2.274E-01 -3.001E-02  1.759E-01
  1.3176700E+05  2.578E-01 -2.986E-02  1.332E-01
  1.3176900E+05  2.262E-01 -2.939E-02  1.666E-01
  1.3177100E+05  1.790E-01 -2.533E-02  1.627E-01
  1.3177300E+05  2.792E-01 -3.531E-02  1.912E-01
  1.3177500E+05  2.176E-01 -2.715E-02  1.423E-01
  1.3177700E+05  2.431E-01 -2.864E-02  1.340E-01
  1.3177900E+05  2.442E-01 -2.886E-02  1.369E-01
  1.3178100E+05  2.674E-01 -3.359E-02  1.814E-01
  1.3178300E+05  2.814E-01 -3.535E-02  1.905E-01
  1.3178500E+05  1.834E-01 -2.834E-02  2.025E-01
  1.3178700E+05  2.218E-01 -2.750E-02  1.458E-01
  1.3178900E+05  2.266E-01 -2.867E-02  1.522E-01
  1.3179100E+05  2.642E-01 -3.130E-02  1.532E-01
  1.3179300E+05  2.317E-01 -2.754E-02  1.328E-01
  1.3179500E+05  1.881E-01 -2.486E-02  1.455E-01
  1.3179700E+05  1.981E-01 -2.672E-02  1.614E-01
  1.3179900E+05  2.297E-01 -2.804E-02  1.430E-01
  1.3180100E+05  2.492E-01 -3.024E-02  1.526E-01
  1.3180300E+05  2.142E-01 -2.739E-02  1.532E-01
  1.3180500E+05  2.144E-01 -2.540E-02  1.215E-01
  1.3180700E+05  1.888E-01 -2.576E-02  1.619E-01
  1.3180900E+05  1.996E-01 -2.552E-02  1.422E-01
  1.3181100E+05  2.155E-01 -2.508E-02  1.147E-01
  1.3181300E+05  2.091E-01 -2.446E-02  1.167E-01
  1.3181500E+05  2.420E-01 -3.027E-02  1.642E-01
  1.3181700E+05  1.875E-01 -2.345E-02  1.181E-01
  1.3181900E+05  1.738E-01 -2.510E-02  1.655E-01
  1.3182100E+05  2.285E-01 -2.968E-02  1.718E-01
  1.3182300E+05  1.650E-01 -1.874E-02  8.249E-02
  1.3182500E+05  2.060E-01 -2.596E-02  1.404E-01
  1.3182700E+05  2.209E-01 -2.604E-02  1.263E-01
  1.3182900E+05  2.219E-01 -2.673E-02  1.287E-01
  1.3183100E+05  1.872E-01 -2.484E-02  1.480E-01
  1.3183300E+05  1.621E-01 -1.882E-02  8.612E-02
  1.3183500E+05  2.004E-01 -2.336E-02  1.029E-01
  1.3183700E+05  2.027E-01 -2.489E-02  1.307E-01
  1.3183900E+05  1.810E-01 -2.440E-02  1.492E-01
  1.3184100E+05  2.046E-01 -2.508E-02  1.311E-01
  1.3184300E+05  1.799E-01 -2.252E-02  1.269E-01
  1.3184500E+05  1.688E-01 -2.076E-02  1.029E-01
  1.3184700E+05  1.270E-01 -1.859E-02  1.266E-01
  1.3184900E+05  1.915E-01 -2.460E-02  1.356E-01
  1.3185100E+05  2.107E-01 -2.322E-02  9.371E-02
  1.3185300E+05  1.716E-01 -2.267E-02  1.399E-01
  1.3185500E+05  1.716E-01 -2.079E-02  1.043E-01
  1.3185700E+05  1.637E-01 -2.132E-02  1.287E-01
  1.3185900E+05  1.699E-01 -2.180E-02  1.233E-01
  1.3186100E+05  1.544E-01 -1.907E-02  9.744E-02
  1.3186300E+05  1.740E-01 -2.158E-02  1.127E-01
  1.3186500E+05  2.022E-01 -2.376E-02  1.122E-01
  1.3186700E+05  1.441E-01 -1.883E-02  1.086E-01
  1.3186900E+05  1.409E-01 -1.794E-02  9.793E-02
  1.3187100E+05  1.345E-01 -1.776E-02  1.076E-01
  1.3187300E+05  1.766E-01 -2.202E-02  1.188E-01
  1.3187500E+05  1.714E-01 -2.062E-02  1.047E-01
  1.3187700E+05  1.383E-01 -1.718E-02  9.209E-02
  1.3187900E+05  1.559E-01 -1.884E-02  9.414E-02
  1.3188100E+05  1.580E-01 -2.008E-02  1.118E-01
  1.3188300E+05  1.576E-01 -1.930E-02  1.026E-01
  1.3188500E+05  1.669E-01 -2.017E-02  9.798E-02
  1.3188700E+05  1.623E-01 -1.965E-02  9.849E-02
  1.3188900E+05  1.349E-01 -1.724E-02  1.006E-01
  1.3189100E+05  1.568E-01 -2.006E-02  1.132E-01
  1.3189300E+05  1.512E-01 -1.714E-02  7.480E-02
  1.3189500E+05  1.388E-01 -1.782E-02  1.010E-01
  1.3189700E+05  1.410E-01 -1.747E-02  9.536E-02
  1.3189900E+05  1.568E-01 -1.851E-02  9.205E-02
  1.3190100E+05  1.282E-01 -1.574E-02  8.104E-02
  1.3190300E+05  1.325E-01 -1.649E-02  8.875E-02
  1.3190500E+05  1.169E-01 -1.329E-02  5.824E-02
  1.3190700E+05  1.495E-01 -1.917E-02  1.084E-01
  1.3190900E+05  1.542E-01 -1.923E-02  1.037E-01
  1.3191100E+05  1.313E-01 -1.681E-02  9.580E-02
  1.3191300E+05  1.684E-01 -1.982E-02  9.567E-02
  1.3191500E+05  1.419E-01 -1.735E-02  8.971E-02
  1.3191700E+05  1.475E-01 -1.831E-02  9.879E-02
  1.3191900E+05  1.345E-01 -1.746E-02  9.949E-02
  1.3192100E+05  1.341E-01 -1.564E-02  7.359E-02
  1.3192300E+05  1.214E-01 -1.630E-02  1.011E-01
  1.3192500E+05  1.339E-01 -1.707E-02  9.518E-02
  1.3192700E+05  1.363E-01 -1.738E-02  9.138E-02
  1.3192900E+05  1.365E-01 -1.706E-02  9.292E-02
  1.3193100E+05  1.260E-01 -1.497E-02  7.393E-02
  1.3193300E+05  1.368E-01 -1.768E-02  1.066E-01
  1.3193500E+05  1.355E-01 -1.634E-02  8.146E-02
  1.3193700E+05  1.199E-01 -1.570E-02  9.324E-02
  1.3193900E+05  1.418E-01 -1.789E-02  9.865E-02
  1.3194100E+05  1.218E-01 -1.602E-02  9.364E-02
  1.3194300E+05  1.067E-01 -1.277E-02  6.597E-02
  1.3194500E+05  1.294E-01 -1.422E-02  5.306E-02
  1.3194700E+05  1.226E-01 -1.517E-02  8.145E-02
  1.3194900E+05  1.159E-01 -1.578E-02  9.423E-02
  1.3195100E+05  1.239E-01 -1.465E-02  7.284E-02
  1.3195300E+05  1.121E-01 -1.352E-02  6.747E-02
  1.3195500E+05  1.098E-01 -1.305E-02  6.795E-02
  1.3195700E+05  1.318E-01 -1.511E-02  6.800E-02
  1.3195900E+05  1.020E-01 -1.397E-02  9.099E-02
  1.3196100E+05  1.164E-01 -1.383E-02  6.510E-02
  1.3196300E+05  1.090E-01 -1.268E-02  5.935E-02
  1.3196500E+05  1.155E-01 -1.455E-02  7.719E-02
  1.3196700E+05  1.253E-01 -1.490E-02  7.536E-02
  1.3196900E+05  9.901E-02 -1.193E-02  6.181E-02
  1.3197100E+05  1.133E-01 -1.315E-02  5.527E-02
  1.3197300E+05  1.033E-01 -1.318E-02  7.346E-02
  1.3197500E+05  1.097E-01 -1.424E-02  8.039E-02
  1.3197700E+05  1.130E-01 -1.410E-02  7.260E-02
  1.3197900E+05  9.378E-02 -1.246E-02  8.535E-02
