  7.2595000E+04 -0.000E+00 -0.000E+00  0.000E+00
  7.2597000E+04 -0.000E+00 -0.000E+00  0.000E+00
  7.2599000E+04 -0.000E+00 -0.000E+00  0.000E+00
  7.2601000E+04 -0.000E+00 -0.000E+00  0.000E+00
  7.2603000E+04 -0.000E+00 -0.000E+00  0.000E+00
  7.2605000E+04 -0.000E+00 -0.000E+00  0.000E+00
  7.2607000E+04 -0.000E+00 -0.000E+00  0.000E+00
  7.2609000E+04 -0.000E+00 -0.000E+00  0.000E+00
  7.2611000E+04 -0.000E+00 -0.000E+00  0.000E+00
  7.2613000E+04 -0.000E+00 -0.000E+00  0.000E+00
  7.2615000E+04 -0.000E+00 -0.000E+00  0.000E+00
  7.2617000E+04 -0.000E+00 -0.000E+00  0.000E+00
  7.2619000E+04 -0.000E+00 -0.000E+00  0.000E+00
  7.2621000E+04 -0.000E+00 -0.000E+00  0.000E+00
  7.2623000E+04 -0.000E+00 -0.000E+00  0.000E+00
  7.2625000E+04 -0.000E+00 -0.000E+00  0.000E+00
  7.2627000E+04 -0.000E+00 -0.000E+00  0.000E+00
  7.2629000E+04 -0.000E+00 -0.000E+00  0.000E+00
  7.2631000E+04 -0.000E+00 -0.000E+00  0.000E+00
  7.2633000E+04 -2.931E-05  4.476E-05 -5.969E-04
  7.2635000E+04 -1.397E-03  2.122E-04 -1.393E-03
  7.2637000E+04  1.529E-03 -1.574E-04  2.613E-04
  7.2639000E+04  3.815E-04 -1.341E-04  1.278E-03
  7.2641000E+04 -1.774E-03  1.977E-04 -3.997E-04
  7.2643000E+04  1.790E-04 -1.691E-04  5.802E-04
  7.2645000E+04  1.132E-03 -1.988E-04  6.816E-04
  7.2647000E+04  4.096E-04  3.719E-05 -7.302E-04
  7.2649000E+04 -1.791E-04  1.610E-04 -3.981E-04
  7.2651000E+04 -3.639E-04 -4.753E-05  7.554E-04
  7.2653000E+04 -8.509E-05  4.604E-05 -4.190E-04
  7.2655000E+04 -3.012E-04 -1.306E-04  9.472E-04
  7.2657000E+04 -2.678E-04  1.012E-04 -4.749E-04
  7.2659000E+04 -1.710E-03 -7.311E-05  1.488E-03
  7.2661000E+04 -8.004E-03 -4.014E-04  9.548E-03
  7.2663000E+04  5.607E-03  4.591E-05 -3.682E-03
  7.2665000E+04 -2.847E-03  1.122E-03 -1.004E-02
  7.2667000E+04  1.527E-04  1.585E-04 -2.326E-03
  7.2669000E+04  3.680E-03 -2.193E-04 -2.730E-04
  7.2671000E+04 -2.691E-04  6.262E-05 -4.886E-04
  7.2673000E+04 -1.345E-03  2.406E-04 -2.728E-03
  7.2675000E+04  8.288E-04 -7.346E-05  8.895E-04
  7.2677000E+04 -2.125E-02  2.371E-03 -1.294E-02
  7.2679000E+04 -6.737E-02  8.048E-03 -4.187E-02
  7.2681000E+04 -1.562E-01  1.910E-02 -1.044E-01
  7.2683000E+04 -2.859E-01  3.456E-02 -1.913E-01
  7.2685000E+04 -5.773E-01  7.009E-02 -3.954E-01
  7.2687000E+04 -9.051E-01  1.071E-01 -5.749E-01
  7.2689000E+04 -1.286E+00  1.495E-01 -7.932E-01
  7.2691000E+04 -1.961E+00  2.272E-01 -1.217E+00
  7.2693000E+04 -2.624E+00  3.123E-01 -1.757E+00
  7.2695000E+04 -3.274E+00  3.762E-01 -2.031E+00
  7.2697000E+04 -4.002E+00  4.613E-01 -2.531E+00
  7.2699000E+04 -4.346E+00  5.002E-01 -2.764E+00
  7.2701000E+04 -4.263E+00  4.889E-01 -2.720E+00
  7.2703000E+04 -4.536E+00  5.224E-01 -2.953E+00
  7.2705000E+04 -3.977E+00  4.596E-01 -2.638E+00
  7.2707000E+04 -3.526E+00  3.929E-01 -2.169E+00
  7.2709000E+04 -3.408E+00  3.799E-01 -2.124E+00
  7.2711000E+04 -2.602E+00  2.908E-01 -1.653E+00
  7.2713000E+04 -1.832E+00  2.083E-01 -1.239E+00
  7.2715000E+04 -1.508E+00  1.637E-01 -9.204E-01
  7.2717000E+04 -1.108E+00  1.169E-01 -6.472E-01
  7.2719000E+04 -8.203E-01  9.357E-02 -5.825E-01
  7.2721000E+04 -2.985E-01  4.271E-02 -3.581E-01
  7.2723000E+04 -2.486E-01  2.428E-02 -1.481E-01
  7.2725000E+04 -6.924E-02  9.108E-03 -9.858E-02
  7.2727000E+04 -1.688E-01  7.283E-03  2.035E-02
  7.2729000E+04 -9.738E-02  9.334E-03 -6.744E-02
  7.2731000E+04  1.071E-01 -1.343E-02  5.797E-02
  7.2733000E+04  1.940E-01 -2.727E-02  1.714E-01
  7.2735000E+04  1.926E-01 -2.253E-02  1.198E-01
  7.2737000E+04  2.586E-01 -2.521E-02  1.122E-01
  7.2739000E+04  1.891E-01 -2.298E-02  1.224E-01
  7.2741000E+04  2.706E-01 -3.679E-02  2.404E-01
  7.2743000E+04  2.436E-01 -2.883E-02  1.592E-01
  7.2745000E+04  1.864E-01 -2.730E-02  1.869E-01
  7.2747000E+04  2.389E-01 -2.319E-02  8.634E-02
  7.2749000E+04  3.237E-01 -3.402E-02  1.536E-01
  7.2751000E+04  3.469E-01 -3.627E-02  1.693E-01
  7.2753000E+04  3.272E-01 -3.456E-02  1.575E-01
  7.2755000E+04  2.029E-01 -3.176E-02  2.387E-01
  7.2757000E+04  2.763E-01 -3.214E-02  1.794E-01
  7.2759000E+04  2.344E-01 -2.560E-02  1.277E-01
  7.2761000E+04  2.765E-01 -3.107E-02  1.721E-01
  7.2763000E+04  2.396E-01 -3.083E-02  1.952E-01
  7.2765000E+04  3.084E-01 -3.546E-02  1.941E-01
  7.2767000E+04  2.934E-01 -3.737E-02  2.335E-01
  7.2769000E+04  2.686E-01 -3.169E-02  1.745E-01
  7.2771000E+04  2.625E-01 -2.779E-02  1.358E-01
  7.2773000E+04  3.229E-01 -3.727E-02  2.087E-01
  7.2775000E+04  2.554E-01 -2.790E-02  1.454E-01
  7.2777000E+04  2.409E-01 -2.687E-02  1.415E-01
  7.2779000E+04  2.875E-01 -3.463E-02  2.091E-01
  7.2781000E+04  2.538E-01 -3.124E-02  1.891E-01
  7.2783000E+04  2.526E-01 -2.848E-02  1.537E-01
  7.2785000E+04  2.639E-01 -2.979E-02  1.513E-01
  7.2787000E+04  2.026E-01 -2.334E-02  1.341E-01
  7.2789000E+04  2.503E-01 -2.679E-02  1.764E-01
  7.2791000E+04  3.193E-01 -3.419E-02  1.739E-01
  7.2793000E+04  2.112E-01 -2.112E-02  9.163E-02
  7.2795000E+04  2.238E-01 -2.535E-02  1.355E-01
  7.2797000E+04  2.491E-01 -3.085E-02  1.940E-01
  7.2799000E+04  2.765E-01 -2.819E-02  1.362E-01
  7.2801000E+04  2.104E-01 -2.448E-02  1.458E-01
  7.2803000E+04  2.281E-01 -2.746E-02  1.609E-01
  7.2805000E+04  2.219E-01 -2.890E-02  1.849E-01
  7.2807000E+04  2.529E-01 -2.886E-02  1.486E-01
  7.2809000E+04  2.639E-01 -2.709E-02  1.307E-01
  7.2811000E+04  2.358E-01 -2.654E-02  1.443E-01
  7.2813000E+04  2.300E-01 -2.985E-02  1.678E-01
  7.2815000E+04  2.868E-01 -3.098E-02  1.720E-01
  7.2817000E+04  2.148E-01 -2.297E-02  1.139E-01
  7.2819000E+04  2.143E-01 -2.350E-02  1.382E-01
  7.2821000E+04  2.349E-01 -2.594E-02  1.608E-01
  7.2823000E+04  2.198E-01 -2.685E-02  1.633E-01
  7.2825000E+04  2.247E-01 -2.547E-02  1.519E-01
  7.2827000E+04  2.156E-01 -2.318E-02  1.124E-01
  7.2829000E+04  2.038E-01 -2.118E-02  9.043E-02
  7.2831000E+04  1.967E-01 -2.971E-02  1.527E-01
  7.2833000E+04  1.996E-01 -2.322E-02  1.610E-01
  7.2835000E+04  2.261E-01 -2.316E-02  1.179E-01
  7.2837000E+04  1.870E-01 -1.957E-02  1.138E-01
  7.2839000E+04  2.067E-01 -2.465E-02  1.464E-01
  7.2841000E+04  2.126E-01 -2.564E-02  1.368E-01
  7.2843000E+04  2.081E-01 -2.753E-02  1.386E-01
  7.2845000E+04  2.056E-01 -1.645E-02  9.206E-02
  7.2847000E+04  2.044E-01 -2.223E-02  1.217E-01
  7.2849000E+04  1.948E-01 -2.326E-02  1.402E-01
  7.2851000E+04  1.778E-01 -1.978E-02  1.015E-01
  7.2853000E+04  1.380E-01 -1.813E-02  1.167E-01
  7.2855000E+04  1.846E-01 -2.592E-02  1.529E-01
  7.2857000E+04  1.860E-01 -2.038E-02  1.414E-01
  7.2859000E+04  1.887E-01 -2.279E-02  1.442E-01
  7.2861000E+04  1.919E-01 -2.356E-02  1.367E-01
  7.2863000E+04  1.735E-01 -2.039E-02  1.145E-01
  7.2865000E+04  1.561E-01 -2.108E-02  1.161E-01
  7.2867000E+04  1.714E-01 -2.066E-02  1.401E-01
  7.2869000E+04  1.931E-01 -1.506E-02  7.718E-02
  7.2871000E+04  1.462E-01 -1.867E-02  9.923E-02
  7.2873000E+04  1.570E-01 -1.805E-02  9.995E-02
  7.2875000E+04  1.852E-01 -1.944E-02  9.196E-02
  7.2877000E+04  1.777E-01 -2.177E-02  1.197E-01
  7.2879000E+04  1.954E-01 -1.972E-02  1.169E-01
  7.2881000E+04  1.792E-01 -1.685E-02  9.536E-02
  7.2883000E+04  1.539E-01 -1.555E-02  7.129E-02
  7.2885000E+04  1.704E-01 -1.953E-02  1.091E-01
  7.2887000E+04  1.501E-01 -1.710E-02  1.096E-01
  7.2889000E+04  1.970E-01 -2.059E-02  9.795E-02
  7.2891000E+04  1.549E-01 -1.800E-02  1.134E-01
  7.2893000E+04  1.551E-01 -1.797E-02  1.021E-01
  7.2895000E+04  1.879E-01 -1.990E-02  9.227E-02
  7.2897000E+04  1.809E-01 -2.097E-02  1.263E-01
  7.2899000E+04  1.828E-01 -1.901E-02  9.748E-02
  7.2901000E+04  1.330E-01 -1.698E-02  1.108E-01
  7.2903000E+04  1.569E-01 -2.066E-02  1.322E-01
  7.2905000E+04  1.510E-01 -1.718E-02  8.854E-02
  7.2907000E+04  1.376E-01 -1.764E-02  1.077E-01
  7.2909000E+04  1.439E-01 -1.864E-02  1.221E-01
  7.2911000E+04  1.886E-01 -1.943E-02  9.923E-02
  7.2913000E+04  1.571E-01 -1.633E-02  9.072E-02
  7.2915000E+04  1.471E-01 -1.645E-02  9.125E-02
  7.2917000E+04  1.323E-01 -1.444E-02  8.460E-02
  7.2919000E+04  1.552E-01 -1.724E-02  9.588E-02
  7.2921000E+04  1.785E-01 -1.805E-02  8.589E-02
  7.2923000E+04  1.620E-01 -1.632E-02  7.943E-02
  7.2925000E+04  1.436E-01 -1.578E-02  8.294E-02
  7.2927000E+04  1.477E-01 -1.552E-02  7.884E-02
  7.2929000E+04  1.492E-01 -1.712E-02  9.200E-02
  7.2931000E+04  1.564E-01 -1.926E-02  1.176E-01
  7.2933000E+04  1.465E-01 -1.729E-02  1.005E-01
  7.2935000E+04  1.630E-01 -1.657E-02  8.130E-02
  7.2937000E+04  1.290E-01 -1.356E-02  7.396E-02
  7.2939000E+04  1.096E-01 -1.322E-02  8.149E-02
  7.2941000E+04  1.130E-01 -1.418E-02  8.955E-02
  7.2943000E+04  1.146E-01 -1.548E-02  1.018E-01
  7.2945000E+04  1.370E-01 -1.736E-02  1.033E-01
  7.2947000E+04  1.177E-01 -1.399E-02  8.239E-02
  7.2949000E+04  1.408E-01 -2.074E-02  1.092E-01
  7.2951000E+04  1.411E-01 -2.680E-02  1.226E-01
  7.2953000E+04  1.394E-01 -1.397E-02  7.358E-02
  7.2955000E+04  1.165E-01 -1.898E-02  9.081E-02
  7.2957000E+04  1.400E-01 -2.205E-02  1.123E-01
  7.2959000E+04  1.259E-01 -1.066E-02  6.258E-02
  7.2961000E+04  1.506E-01 -1.705E-02  7.900E-02
  7.2963000E+04  1.175E-01 -2.280E-02  1.107E-01
  7.2965000E+04  1.174E-01  2.712E-02 -6.937E-02
  7.2967000E+04  1.734E-01 -3.770E-02  1.553E-01
  7.2969000E+04  1.018E-01 -1.605E-02  8.031E-02
  7.2971000E+04  1.003E-01 -1.176E-02  8.825E-02
  7.2973000E+04  1.077E-01 -3.169E-03  5.791E-02
