 -2.8895000E+04 -0.000E+00 -0.000E+00  0.000E+00
 -2.8893000E+04 -0.000E+00 -0.000E+00  0.000E+00
 -2.8891000E+04 -0.000E+00 -0.000E+00  0.000E+00
 -2.8889000E+04 -0.000E+00 -0.000E+00  0.000E+00
 -2.8887000E+04 -0.000E+00 -0.000E+00  0.000E+00
 -2.8885000E+04 -0.000E+00 -0.000E+00  0.000E+00
 -2.8883000E+04 -0.000E+00 -0.000E+00  0.000E+00
 -2.8881000E+04 -0.000E+00 -0.000E+00  0.000E+00
 -2.8879000E+04 -0.000E+00 -0.000E+00  0.000E+00
 -2.8877000E+04 -0.000E+00 -0.000E+00  0.000E+00
 -2.8875000E+04 -0.000E+00 -0.000E+00  0.000E+00
 -2.8873000E+04 -0.000E+00 -0.000E+00  0.000E+00
 -2.8871000E+04 -0.000E+00 -0.000E+00  0.000E+00
 -2.8869000E+04 -0.000E+00 -0.000E+00  0.000E+00
 -2.8867000E+04 -0.000E+00 -0.000E+00  0.000E+00
 -2.8865000E+04 -0.000E+00 -0.000E+00  0.000E+00
 -2.8863000E+04 -0.000E+00 -0.000E+00  0.000E+00
 -2.8861000E+04 -0.000E+00 -0.000E+00  0.000E+00
 -2.8859000E+04 -0.000E+00 -0.000E+00  0.000E+00
 -2.8857000E+04 -0.000E+00 -0.000E+00  0.000E+00
 -2.8855000E+04 -0.000E+00 -0.000E+00  0.000E+00
 -2.8853000E+04 -0.000E+00 -0.000E+00  0.000E+00
 -2.8851000E+04 -0.000E+00 -0.000E+00  0.000E+00
 -2.8849000E+04 -0.000E+00 -0.000E+00  0.000E+00
 -2.8847000E+04 -0.000E+00 -0.000E+00  0.000E+00
 -2.8845000E+04 -0.000E+00 -0.000E+00  0.000E+00
 -2.8843000E+04 -0.000E+00 -0.000E+00  0.000E+00
 -2.8841000E+04 -0.000E+00 -0.000E+00  0.000E+00
 -2.8839000E+04 -0.000E+00 -0.000E+00  0.000E+00
 -2.8837000E+04 -0.000E+00 -0.000E+00  0.000E+00
 -2.8835000E+04 -0.000E+00 -0.000E+00  0.000E+00
 -2.8833000E+04 -0.000E+00 -0.000E+00  0.000E+00
 -2.8831000E+04 -0.000E+00 -0.000E+00  0.000E+00
 -2.8829000E+04 -0.000E+00 -0.000E+00  0.000E+00
 -2.8827000E+04 -0.000E+00 -0.000E+00  0.000E+00
 -2.8825000E+04 -0.000E+00 -0.000E+00  0.000E+00
 -2.8823000E+04 -7.124E-06  3.181E-06 -3.055E-05
 -2.8821000E+04 -2.174E-04  2.149E-05 -7.452E-05
 -2.8819000E+04 -7.237E-04  6.940E-05 -2.236E-04
 -2.8817000E+04 -1.581E-03  2.682E-04 -1.809E-03
 -2.8815000E+04 -4.900E-03  6.834E-04 -3.982E-03
 -2.8813000E+04 -1.857E-02  2.640E-03 -1.567E-02
 -2.8811000E+04 -3.728E-02  5.106E-03 -2.952E-02
 -2.8809000E+04 -8.431E-02  1.200E-02 -7.221E-02
 -2.8807000E+04 -1.475E-01  2.003E-02 -1.161E-01
 -2.8805000E+04 -2.588E-01  3.497E-02 -2.023E-01
 -2.8803000E+04 -4.435E-01  5.593E-02 -3.031E-01
 -2.8801000E+04 -6.490E-01  8.323E-02 -4.615E-01
 -2.8799000E+04 -8.968E-01  1.143E-01 -6.332E-01
 -2.8797000E+04 -1.286E+00  1.622E-01 -8.949E-01
 -2.8795000E+04 -1.609E+00  2.011E-01 -1.105E+00
 -2.8793000E+04 -2.092E+00  2.530E-01 -1.349E+00
 -2.8791000E+04 -2.270E+00  2.726E-01 -1.452E+00
 -2.8789000E+04 -2.865E+00  3.608E-01 -2.032E+00
 -2.8787000E+04 -3.397E+00  3.937E-01 -2.040E+00
 -2.8785000E+04 -3.741E+00  4.208E-01 -2.120E+00
 -2.8783000E+04 -3.432E+00  4.081E-01 -2.208E+00
 -2.8781000E+04 -3.622E+00  4.180E-01 -2.202E+00
 -2.8779000E+04 -3.826E+00  4.501E-01 -2.437E+00
 -2.8777000E+04 -3.734E+00  4.170E-01 -2.147E+00
 -2.8775000E+04 -3.608E+00  3.916E-01 -1.964E+00
 -2.8773000E+04 -3.084E+00  3.483E-01 -1.844E+00
 -2.8771000E+04 -2.811E+00  3.188E-01 -1.710E+00
 -2.8769000E+04 -2.765E+00  2.942E-01 -1.476E+00
 -2.8767000E+04 -2.249E+00  2.497E-01 -1.330E+00
 -2.8765000E+04 -1.692E+00  1.860E-01 -9.961E-01
 -2.8763000E+04 -1.576E+00  1.681E-01 -8.755E-01
 -2.8761000E+04 -1.187E+00  1.392E-01 -8.119E-01
 -2.8759000E+04 -1.019E+00  1.101E-01 -6.025E-01
 -2.8757000E+04 -7.684E-01  8.073E-02 -4.378E-01
 -2.8755000E+04 -5.980E-01  6.891E-02 -4.149E-01
 -2.8753000E+04 -4.560E-01  4.349E-02 -2.210E-01
 -2.8751000E+04 -4.323E-01  3.193E-02 -1.090E-01
 -2.8749000E+04 -1.667E-01  2.432E-02 -1.956E-01
 -2.8747000E+04  1.981E-02  1.240E-03 -5.970E-02
 -2.8745000E+04  3.997E-03 -4.116E-03  1.583E-02
 -2.8743000E+04  5.378E-02 -1.125E-02  6.622E-02
 -2.8741000E+04  1.197E-01 -6.814E-03 -2.557E-02
 -2.8739000E+04  1.153E-01 -1.660E-02  8.348E-02
 -2.8737000E+04  1.608E-01 -2.052E-02  9.705E-02
 -2.8735000E+04  2.005E-01 -2.069E-02  7.953E-02
 -2.8733000E+04  2.149E-01 -2.407E-02  1.063E-01
 -2.8731000E+04  2.804E-01 -3.013E-02  1.328E-01
 -2.8729000E+04  2.496E-01 -3.083E-02  1.618E-01
 -2.8727000E+04  3.054E-01 -3.388E-02  1.654E-01
 -2.8725000E+04  2.469E-01 -3.456E-02  2.096E-01
 -2.8723000E+04  2.970E-01 -3.820E-02  2.138E-01
 -2.8721000E+04  2.674E-01 -3.514E-02  1.992E-01
 -2.8719000E+04  3.701E-01 -4.355E-02  2.324E-01
 -2.8717000E+04  3.360E-01 -3.656E-02  1.736E-01
 -2.8715000E+04  2.827E-01 -3.681E-02  2.116E-01
 -2.8713000E+04  2.944E-01 -3.501E-02  1.899E-01
 -2.8711000E+04  3.446E-01 -3.451E-02  1.508E-01
 -2.8709000E+04  2.829E-01 -3.030E-02  1.391E-01
 -2.8707000E+04  3.491E-01 -3.907E-02  1.970E-01
 -2.8705000E+04  2.791E-01 -2.969E-02  1.401E-01
 -2.8703000E+04  3.213E-01 -4.415E-02  2.694E-01
 -2.8701000E+04  3.407E-01 -3.810E-02  1.931E-01
 -2.8699000E+04  2.687E-01 -3.640E-02  2.222E-01
 -2.8697000E+04  2.964E-01 -3.213E-02  1.544E-01
 -2.8695000E+04  3.045E-01 -3.306E-02  1.617E-01
 -2.8693000E+04  2.717E-01 -2.639E-02  1.108E-01
 -2.8691000E+04  2.905E-01 -3.507E-02  1.900E-01
 -2.8689000E+04  3.240E-01 -3.570E-02  1.773E-01
 -2.8687000E+04  3.072E-01 -3.169E-02  1.430E-01
 -2.8685000E+04  3.492E-01 -4.024E-02  2.087E-01
 -2.8683000E+04  3.084E-01 -3.565E-02  1.892E-01
 -2.8681000E+04  2.947E-01 -3.302E-02  1.701E-01
 -2.8679000E+04  2.909E-01 -3.436E-02  1.878E-01
 -2.8677000E+04  3.037E-01 -3.413E-02  1.741E-01
 -2.8675000E+04  2.507E-01 -2.762E-02  1.362E-01
 -2.8673000E+04  3.414E-01 -3.717E-02  1.861E-01
 -2.8671000E+04  2.784E-01 -3.479E-02  1.985E-01
 -2.8669000E+04  2.804E-01 -3.255E-02  1.728E-01
 -2.8667000E+04  2.642E-01 -3.152E-02  1.714E-01
 -2.8665000E+04  2.745E-01 -3.114E-02  1.617E-01
 -2.8663000E+04  2.848E-01 -3.545E-02  2.048E-01
 -2.8661000E+04  3.167E-01 -3.423E-02  1.656E-01
 -2.8659000E+04  2.781E-01 -3.131E-02  1.600E-01
 -2.8657000E+04  2.915E-01 -3.462E-02  1.865E-01
 -2.8655000E+04  2.871E-01 -3.068E-02  1.491E-01
 -2.8653000E+04  2.685E-01 -3.051E-02  1.594E-01
 -2.8651000E+04  2.272E-01 -2.827E-02  1.574E-01
 -2.8649000E+04  2.867E-01 -3.115E-02  1.593E-01
 -2.8647000E+04  2.569E-01 -2.625E-02  1.225E-01
 -2.8645000E+04  2.400E-01 -2.813E-02  1.502E-01
 -2.8643000E+04  2.536E-01 -3.115E-02  1.790E-01
 -2.8641000E+04  2.449E-01 -2.650E-02  1.327E-01
 -2.8639000E+04  2.492E-01 -3.052E-02  1.694E-01
 -2.8637000E+04  2.388E-01 -2.908E-02  1.637E-01
 -2.8635000E+04  2.205E-01 -2.584E-02  1.419E-01
 -2.8633000E+04  2.909E-01 -3.137E-02  1.578E-01
 -2.8631000E+04  2.439E-01 -2.570E-02  1.224E-01
 -2.8629000E+04  2.540E-01 -3.036E-02  1.627E-01
 -2.8627000E+04  2.052E-01 -2.309E-02  1.166E-01
 -2.8625000E+04  2.105E-01 -2.752E-02  1.608E-01
 -2.8623000E+04  2.275E-01 -2.422E-02  1.247E-01
 -2.8621000E+04  2.502E-01 -3.119E-02  1.788E-01
 -2.8619000E+04  2.231E-01 -2.320E-02  1.091E-01
 -2.8617000E+04  1.950E-01 -2.601E-02  1.558E-01
 -2.8615000E+04  2.242E-01 -2.725E-02  1.545E-01
 -2.8613000E+04  1.893E-01 -2.115E-02  1.101E-01
 -2.8611000E+04  1.729E-01 -2.236E-02  1.364E-01
 -2.8609000E+04  2.429E-01 -2.745E-02  1.462E-01
 -2.8607000E+04  2.266E-01 -2.440E-02  1.203E-01
 -2.8605000E+04  2.194E-01 -2.604E-02  1.381E-01
 -2.8603000E+04  2.647E-01 -2.694E-02  1.300E-01
 -2.8601000E+04  2.419E-01 -2.678E-02  1.350E-01
 -2.8599000E+04  1.988E-01 -2.273E-02  1.201E-01
 -2.8597000E+04  2.185E-01 -2.369E-02  1.217E-01
 -2.8595000E+04  1.950E-01 -2.362E-02  1.335E-01
 -2.8593000E+04  2.109E-01 -2.295E-02  1.135E-01
 -2.8591000E+04  2.152E-01 -2.326E-02  1.132E-01
 -2.8589000E+04  2.126E-01 -2.619E-02  1.499E-01
 -2.8587000E+04  1.760E-01 -1.828E-02  8.404E-02
 -2.8585000E+04  1.767E-01 -2.430E-02  1.474E-01
 -2.8583000E+04  2.101E-01 -2.688E-02  1.598E-01
 -2.8581000E+04  2.068E-01 -2.298E-02  1.207E-01
 -2.8579000E+04  2.048E-01 -2.181E-02  1.083E-01
 -2.8577000E+04  1.726E-01 -2.131E-02  1.209E-01
 -2.8575000E+04  1.764E-01 -2.085E-02  1.132E-01
 -2.8573000E+04  2.282E-01 -2.324E-02  1.073E-01
 -2.8571000E+04  1.766E-01 -2.300E-02  1.391E-01
 -2.8569000E+04  1.745E-01 -2.172E-02  1.253E-01
 -2.8567000E+04  1.820E-01 -2.089E-02  1.094E-01
 -2.8565000E+04  1.997E-01 -2.266E-02  1.216E-01
 -2.8563000E+04  1.984E-01 -2.142E-02  1.073E-01
 -2.8561000E+04  1.767E-01 -1.676E-02  6.808E-02
 -2.8559000E+04  2.043E-01 -2.383E-02  1.237E-01
 -2.8557000E+04  1.648E-01 -1.924E-02  1.016E-01
 -2.8555000E+04  1.730E-01 -2.156E-02  1.264E-01
 -2.8553000E+04  1.871E-01 -2.247E-02  1.262E-01
 -2.8551000E+04  1.572E-01 -1.752E-02  9.027E-02
 -2.8549000E+04  1.893E-01 -2.201E-02  1.176E-01
 -2.8547000E+04  1.824E-01 -2.136E-02  1.167E-01
 -2.8545000E+04  1.562E-01 -1.769E-02  8.960E-02
 -2.8543000E+04  1.937E-01 -1.994E-02  9.826E-02
 -2.8541000E+04  1.743E-01 -2.204E-02  1.311E-01
 -2.8539000E+04  1.830E-01 -2.152E-02  1.149E-01
 -2.8537000E+04  1.539E-01 -1.675E-02  8.097E-02
 -2.8535000E+04  1.451E-01 -1.748E-02  9.802E-02
 -2.8533000E+04  1.690E-01 -1.952E-02  1.047E-01
 -2.8531000E+04  1.561E-01 -1.716E-02  8.816E-02
 -2.8529000E+04  1.749E-01 -1.945E-02  1.017E-01
 -2.8527000E+04  1.868E-01 -1.977E-02  9.539E-02
 -2.8525000E+04  1.125E-01 -1.542E-02  9.800E-02
 -2.8523000E+04  1.657E-01 -1.546E-02  6.706E-02
 -2.8521000E+04  1.841E-01 -1.884E-02  9.232E-02
 -2.8519000E+04  1.472E-01 -1.911E-02  1.155E-01
 -2.8517000E+04  1.265E-01 -1.750E-02  1.133E-01
