 -1.1342100E+05 -0.000E+00 -0.000E+00  0.000E+00
 -1.1341900E+05 -0.000E+00 -0.000E+00  0.000E+00
 -1.1341700E+05 -0.000E+00 -0.000E+00  0.000E+00
 -1.1341500E+05 -0.000E+00 -0.000E+00  0.000E+00
 -1.1341300E+05 -0.000E+00 -0.000E+00  0.000E+00
 -1.1341100E+05 -0.000E+00 -0.000E+00  0.000E+00
 -1.1340900E+05 -0.000E+00 -0.000E+00  0.000E+00
 -1.1340700E+05 -0.000E+00 -0.000E+00  0.000E+00
 -1.1340500E+05 -0.000E+00 -0.000E+00  0.000E+00
 -1.1340300E+05 -0.000E+00 -0.000E+00  0.000E+00
 -1.1340100E+05 -0.000E+00 -0.000E+00  0.000E+00
 -1.1339900E+05 -0.000E+00 -0.000E+00  0.000E+00
 -1.1339700E+05 -0.000E+00 -0.000E+00  0.000E+00
 -1.1339500E+05 -0.000E+00 -0.000E+00  0.000E+00
 -1.1339300E+05 -0.000E+00 -0.000E+00  0.000E+00
 -1.1339100E+05 -0.000E+00 -0.000E+00  0.000E+00
 -1.1338900E+05 -0.000E+00 -0.000E+00  0.000E+00
 -1.1338700E+05 -0.000E+00 -0.000E+00  0.000E+00
 -1.1338500E+05 -0.000E+00 -0.000E+00  0.000E+00
 -1.1338300E+05 -0.000E+00 -0.000E+00  0.000E+00
 -1.1338100E+05 -0.000E+00 -0.000E+00  0.000E+00
 -1.1337900E+05 -0.000E+00 -0.000E+00  0.000E+00
 -1.1337700E+05 -0.000E+00 -0.000E+00  0.000E+00
 -1.1337500E+05 -0.000E+00 -0.000E+00  0.000E+00
 -1.1337300E+05 -0.000E+00 -0.000E+00  0.000E+00
 -1.1337100E+05 -0.000E+00 -0.000E+00  0.000E+00
 -1.1336900E+05 -0.000E+00 -0.000E+00  0.000E+00
 -1.1336700E+05 -0.000E+00 -0.000E+00  0.000E+00
 -1.1336500E+05 -0.000E+00 -0.000E+00  0.000E+00
 -1.1336300E+05 -0.000E+00 -0.000E+00  0.000E+00
 -1.1336100E+05 -0.000E+00 -0.000E+00  0.000E+00
 -1.1335900E+05 -0.000E+00 -0.000E+00  0.000E+00
 -1.1335700E+05 -0.000E+00 -0.000E+00  0.000E+00
 -1.1335500E+05 -0.000E+00 -0.000E+00  0.000E+00
 -1.1335300E+05 -0.000E+00 -0.000E+00  0.000E+00
 -1.1335100E+05 -0.000E+00 -0.000E+00  0.000E+00
 -1.1334900E+05 -0.000E+00 -0.000E+00  0.000E+00
 -1.1334700E+05  6.787E-07  4.450E-08 -9.708E-07
 -1.1334500E+05  9.001E-07  3.060E-06 -3.172E-05
 -1.1334300E+05  3.526E-05 -7.494E-06  4.883E-05
 -1.1334100E+05 -3.701E-04  7.464E-05 -4.715E-04
 -1.1333900E+05 -3.883E-04  1.303E-04 -1.021E-03
 -1.1333700E+05 -5.635E-03  4.091E-04  7.744E-05
 -1.1333500E+05 -1.118E-02  1.512E-03 -6.864E-03
 -1.1333300E+05 -1.592E-02  2.355E-03 -1.176E-02
 -1.1333100E+05 -3.903E-02  5.814E-03 -2.921E-02
 -1.1332900E+05 -5.433E-02  7.139E-03 -3.118E-02
 -1.1332700E+05 -9.447E-02  1.355E-02 -6.551E-02
 -1.1332500E+05 -1.603E-01  2.121E-02 -9.372E-02
 -1.1332300E+05 -2.207E-01  2.734E-02 -1.106E-01
 -1.1332100E+05 -2.606E-01  3.648E-02 -1.721E-01
 -1.1331900E+05 -4.172E-01  5.586E-02 -2.506E-01
 -1.1331700E+05 -4.717E-01  7.147E-02 -3.639E-01
 -1.1331500E+05 -7.260E-01  9.577E-02 -4.223E-01
 -1.1331300E+05 -8.849E-01  1.196E-01 -5.424E-01
 -1.1331100E+05 -1.070E+00  1.445E-01 -6.550E-01
 -1.1330900E+05 -1.286E+00  1.662E-01 -7.159E-01
 -1.1330700E+05 -1.463E+00  1.933E-01 -8.553E-01
 -1.1330500E+05 -1.665E+00  2.322E-01 -1.090E+00
 -1.1330300E+05 -1.926E+00  2.649E-01 -1.224E+00
 -1.1330100E+05 -2.057E+00  2.786E-01 -1.268E+00
 -1.1329900E+05 -2.406E+00  3.115E-01 -1.348E+00
 -1.1329700E+05 -2.524E+00  3.285E-01 -1.432E+00
 -1.1329500E+05 -2.696E+00  3.581E-01 -1.597E+00
 -1.1329300E+05 -2.736E+00  3.779E-01 -1.756E+00
 -1.1329100E+05 -2.953E+00  3.899E-01 -1.729E+00
 -1.1328900E+05 -2.860E+00  3.836E-01 -1.729E+00
 -1.1328700E+05 -3.065E+00  3.997E-01 -1.750E+00
 -1.1328500E+05 -3.054E+00  4.009E-01 -1.769E+00
 -1.1328300E+05 -3.054E+00  3.868E-01 -1.641E+00
 -1.1328100E+05 -2.888E+00  3.865E-01 -1.742E+00
 -1.1327900E+05 -2.725E+00  3.469E-01 -1.483E+00
 -1.1327700E+05 -2.394E+00  3.196E-01 -1.439E+00
 -1.1327500E+05 -2.305E+00  3.072E-01 -1.385E+00
 -1.1327300E+05 -2.341E+00  3.043E-01 -1.332E+00
 -1.1327100E+05 -2.080E+00  2.602E-01 -1.092E+00
 -1.1326900E+05 -1.893E+00  2.468E-01 -1.091E+00
 -1.1326700E+05 -1.586E+00  2.223E-01 -1.057E+00
 -1.1326500E+05 -1.457E+00  1.869E-01 -8.090E-01
 -1.1326300E+05 -1.387E+00  1.954E-01 -9.305E-01
 -1.1326100E+05 -1.400E+00  1.828E-01 -8.104E-01
 -1.1325900E+05 -9.445E-01  1.327E-01 -6.361E-01
 -1.1325700E+05 -9.202E-01  1.136E-01 -4.770E-01
 -1.1325500E+05 -8.040E-01  9.930E-02 -4.222E-01
 -1.1325300E+05 -4.903E-01  9.398E-02 -5.548E-01
 -1.1325100E+05 -4.980E-01  5.810E-02 -2.333E-01
 -1.1324900E+05 -5.071E-01  8.038E-02 -4.238E-01
 -1.1324700E+05 -3.611E-01  3.966E-02 -1.523E-01
 -1.1324500E+05 -3.040E-01  4.502E-02 -2.299E-01
 -1.1324300E+05 -1.595E-01  1.420E-02 -3.774E-02
 -1.1324100E+05 -5.406E-02  1.204E-02 -8.640E-02
 -1.1323900E+05 -2.221E-02  4.924E-03 -3.868E-02
 -1.1323700E+05 -1.239E-01  1.077E-02 -2.260E-02
 -1.1323500E+05  9.877E-02 -1.466E-02  6.400E-02
 -1.1323300E+05  1.184E-01 -8.382E-03 -5.854E-03
 -1.1323100E+05  1.428E-01 -8.778E-03 -1.284E-02
 -1.1322900E+05  2.232E-01 -2.902E-02  1.190E-01
 -1.1322700E+05  1.881E-01 -3.320E-02  1.801E-01
 -1.1322500E+05  1.595E-01 -2.051E-02  8.381E-02
 -1.1322300E+05  1.882E-01 -3.167E-02  1.646E-01
 -1.1322100E+05  2.095E-01 -1.331E-02 -9.350E-03
 -1.1321900E+05  2.699E-01 -3.113E-02  1.147E-01
 -1.1321700E+05  2.675E-01 -4.200E-02  2.082E-01
 -1.1321500E+05  3.404E-01 -3.939E-02  1.449E-01
 -1.1321300E+05  2.422E-01 -3.539E-02  1.669E-01
 -1.1321100E+05  3.019E-01 -3.235E-02  1.044E-01
 -1.1320900E+05  3.192E-01 -3.114E-02  8.577E-02
 -1.1320700E+05  3.119E-01 -4.177E-02  1.805E-01
 -1.1320500E+05  3.587E-01 -4.668E-02  2.033E-01
 -1.1320300E+05  3.380E-01 -3.870E-02  1.446E-01
 -1.1320100E+05  2.873E-01 -5.002E-02  2.703E-01
 -1.1319900E+05  3.428E-01 -4.689E-02  2.057E-01
 -1.1319700E+05  3.294E-01 -4.707E-02  2.238E-01
 -1.1319500E+05  3.228E-01 -4.696E-02  2.247E-01
 -1.1319300E+05  3.499E-01 -4.603E-02  2.008E-01
 -1.1319100E+05  3.762E-01 -5.291E-02  2.438E-01
 -1.1318900E+05  3.260E-01 -4.034E-02  1.634E-01
 -1.1318700E+05  3.051E-01 -4.438E-02  2.146E-01
 -1.1318500E+05  3.721E-01 -4.441E-02  1.748E-01
 -1.1318300E+05  3.650E-01 -4.635E-02  1.968E-01
 -1.1318100E+05  3.017E-01 -3.779E-02  1.601E-01
 -1.1317900E+05  3.645E-01 -4.311E-02  1.654E-01
 -1.1317700E+05  3.429E-01 -4.264E-02  1.727E-01
 -1.1317500E+05  3.480E-01 -5.535E-02  2.860E-01
 -1.1317300E+05  3.128E-01 -4.474E-02  2.092E-01
 -1.1317100E+05  3.474E-01 -3.807E-02  1.315E-01
 -1.1316900E+05  3.218E-01 -4.217E-02  1.850E-01
 -1.1316700E+05  2.929E-01 -4.807E-02  2.512E-01
 -1.1316500E+05  3.048E-01 -4.018E-02  1.758E-01
 -1.1316300E+05  3.022E-01 -3.514E-02  1.353E-01
 -1.1316100E+05  3.037E-01 -4.224E-02  1.956E-01
 -1.1315900E+05  3.564E-01 -5.346E-02  2.598E-01
 -1.1315700E+05  3.135E-01 -4.568E-02  2.191E-01
 -1.1315500E+05  3.642E-01 -4.757E-02  2.079E-01
 -1.1315300E+05  3.046E-01 -3.737E-02  1.485E-01
 -1.1315100E+05  4.264E-01 -4.890E-02  1.863E-01
 -1.1314900E+05  2.886E-01 -3.786E-02  1.640E-01
 -1.1314700E+05  3.139E-01 -3.853E-02  1.605E-01
 -1.1314500E+05  3.302E-01 -4.209E-02  1.808E-01
 -1.1314300E+05  2.875E-01 -4.133E-02  1.942E-01
 -1.1314100E+05  2.864E-01 -3.946E-02  1.779E-01
 -1.1313900E+05  3.035E-01 -4.652E-02  2.305E-01
 -1.1313700E+05  2.976E-01 -4.060E-02  1.863E-01
 -1.1313500E+05  3.508E-01 -4.243E-02  1.684E-01
 -1.1313300E+05  3.116E-01 -3.920E-02  1.654E-01
 -1.1313100E+05  2.853E-01 -3.648E-02  1.528E-01
 -1.1312900E+05  3.028E-01 -3.396E-02  1.233E-01
 -1.1312700E+05  3.341E-01 -3.991E-02  1.600E-01
 -1.1312500E+05  2.530E-01 -3.877E-02  1.934E-01
 -1.1312300E+05  2.626E-01 -3.310E-02  1.427E-01
 -1.1312100E+05  3.083E-01 -3.685E-02  1.429E-01
 -1.1311900E+05  3.172E-01 -4.028E-02  1.723E-01
 -1.1311700E+05  2.679E-01 -3.400E-02  1.443E-01
 -1.1311500E+05  2.577E-01 -3.606E-02  1.714E-01
 -1.1311300E+05  2.160E-01 -3.230E-02  1.624E-01
 -1.1311100E+05  2.532E-01 -3.572E-02  1.635E-01
 -1.1310900E+05  2.846E-01 -3.657E-02  1.556E-01
 -1.1310700E+05  2.644E-01 -3.345E-02  1.434E-01
 -1.1310500E+05  2.506E-01 -3.237E-02  1.369E-01
 -1.1310300E+05  2.871E-01 -3.576E-02  1.471E-01
 -1.1310100E+05  2.631E-01 -3.395E-02  1.442E-01
 -1.1309900E+05  2.647E-01 -3.480E-02  1.543E-01
 -1.1309700E+05  2.276E-01 -3.610E-02  1.863E-01
 -1.1309500E+05  2.093E-01 -3.044E-02  1.447E-01
 -1.1309300E+05  2.936E-01 -3.549E-02  1.479E-01
 -1.1309100E+05  2.997E-01 -3.653E-02  1.486E-01
 -1.1308900E+05  2.859E-01 -3.575E-02  1.457E-01
 -1.1308700E+05  2.509E-01 -3.295E-02  1.463E-01
 -1.1308500E+05  2.499E-01 -3.516E-02  1.641E-01
 -1.1308300E+05  2.338E-01 -3.017E-02  1.353E-01
 -1.1308100E+05  2.189E-01 -2.852E-02  1.244E-01
 -1.1307900E+05  2.159E-01 -3.236E-02  1.634E-01
 -1.1307700E+05  2.433E-01 -3.425E-02  1.654E-01
 -1.1307500E+05  2.174E-01 -2.727E-02  1.165E-01
 -1.1307300E+05  2.348E-01 -2.817E-02  1.114E-01
 -1.1307100E+05  2.152E-01 -3.087E-02  1.443E-01
 -1.1306900E+05  2.581E-01 -3.504E-02  1.595E-01
 -1.1306700E+05  2.194E-01 -2.725E-02  1.151E-01
 -1.1306500E+05  2.531E-01 -3.244E-02  1.369E-01
 -1.1306300E+05  2.851E-01 -3.291E-02  1.274E-01
 -1.1306100E+05  2.119E-01 -3.313E-02  1.703E-01
 -1.1305900E+05  2.279E-01 -2.702E-02  1.040E-01
 -1.1305700E+05  1.963E-01 -2.997E-02  1.520E-01
 -1.1305500E+05  1.968E-01 -3.089E-02  1.555E-01
 -1.1305300E+05  2.187E-01 -2.146E-02  6.335E-02
 -1.1305100E+05  2.035E-01 -2.646E-02  1.177E-01
 -1.1304900E+05  2.244E-01 -2.891E-02  1.277E-01
 -1.1304700E+05  2.036E-01 -2.690E-02  1.175E-01
 -1.1304500E+05  1.554E-01 -2.468E-02  1.280E-01
 -1.1304300E+05  2.128E-01 -2.969E-02  1.400E-01
