 -1.3146700E+05 -0.000E+00 -0.000E+00  0.000E+00
 -1.3146500E+05 -0.000E+00 -0.000E+00  0.000E+00
 -1.3146300E+05 -0.000E+00 -0.000E+00  0.000E+00
 -1.3146100E+05 -0.000E+00 -0.000E+00  0.000E+00
 -1.3145900E+05 -0.000E+00 -0.000E+00  0.000E+00
 -1.3145700E+05 -0.000E+00 -0.000E+00  0.000E+00
 -1.3145500E+05 -0.000E+00 -0.000E+00  0.000E+00
 -1.3145300E+05 -0.000E+00 -0.000E+00  0.000E+00
 -1.3145100E+05 -0.000E+00 -0.000E+00  0.000E+00
 -1.3144900E+05 -0.000E+00 -0.000E+00  0.000E+00
 -1.3144700E+05 -0.000E+00 -0.000E+00  0.000E+00
 -1.3144500E+05 -0.000E+00 -0.000E+00  0.000E+00
 -1.3144300E+05 -0.000E+00 -0.000E+00  0.000E+00
 -1.3144100E+05 -0.000E+00 -0.000E+00  0.000E+00
 -1.3143900E+05 -0.000E+00 -0.000E+00  0.000E+00
 -1.3143700E+05 -0.000E+00 -0.000E+00  0.000E+00
 -1.3143500E+05 -0.000E+00 -0.000E+00  0.000E+00
 -1.3143300E+05 -0.000E+00 -0.000E+00  0.000E+00
 -1.3143100E+05 -0.000E+00 -0.000E+00  0.000E+00
 -1.3142900E+05 -0.000E+00 -0.000E+00  0.000E+00
 -1.3142700E+05 -0.000E+00 -0.000E+00  0.000E+00
 -1.3142500E+05 -0.000E+00 -0.000E+00  0.000E+00
 -1.3142300E+05 -0.000E+00 -0.000E+00  0.000E+00
 -1.3142100E+05 -0.000E+00 -0.000E+00  0.000E+00
 -1.3141900E+05 -0.000E+00 -0.000E+00  0.000E+00
 -1.3141700E+05 -0.000E+00 -0.000E+00  0.000E+00
 -1.3141500E+05 -0.000E+00 -0.000E+00  0.000E+00
 -1.3141300E+05 -0.000E+00 -0.000E+00  0.000E+00
 -1.3141100E+05 -0.000E+00 -0.000E+00  0.000E+00
 -1.3140900E+05 -0.000E+00 -0.000E+00  0.000E+00
 -1.3140700E+05 -0.000E+00 -0.000E+00  0.000E+00
 -1.3140500E+05 -0.000E+00 -0.000E+00  0.000E+00
 -1.3140300E+05 -0.000E+00 -0.000E+00  0.000E+00
 -1.3140100E+05 -0.000E+00 -0.000E+00  0.000E+00
 -1.3139900E+05 -0.000E+00 -0.000E+00  0.000E+00
 -1.3139700E+05 -0.000E+00 -0.000E+00  0.000E+00
 -1.3139500E+05 -0.000E+00 -0.000E+00  0.000E+00
 -1.3139300E+05 -0.000E+00 -0.000E+00  0.000E+00
 -1.3139100E+05 -2.589E-06  8.349E-07 -6.008E-06
 -1.3138900E+05 -3.159E-05  8.234E-06 -5.381E-05
 -1.3138700E+05 -1.603E-05  1.380E-06  4.414E-07
 -1.3138500E+05 -9.863E-05  6.008E-05 -5.017E-04
 -1.3138300E+05 -1.329E-03  2.852E-04 -1.635E-03
 -1.3138100E+05 -5.715E-03  3.796E-04  1.193E-03
 -1.3137900E+05 -1.150E-02  1.140E-03 -1.215E-03
 -1.3137700E+05 -1.740E-02  2.696E-03 -1.122E-02
 -1.3137500E+05 -4.431E-02  6.244E-03 -2.249E-02
 -1.3137300E+05 -6.977E-02  9.607E-03 -3.293E-02
 -1.3137100E+05 -9.865E-02  1.306E-02 -4.129E-02
 -1.3136900E+05 -1.502E-01  2.219E-02 -8.465E-02
 -1.3136700E+05 -2.102E-01  2.994E-02 -1.070E-01
 -1.3136500E+05 -2.895E-01  3.956E-02 -1.310E-01
 -1.3136300E+05 -3.472E-01  5.406E-02 -2.183E-01
 -1.3136100E+05 -4.713E-01  7.173E-02 -2.789E-01
 -1.3135900E+05 -6.734E-01  1.002E-01 -3.755E-01
 -1.3135700E+05 -8.311E-01  1.196E-01 -4.227E-01
 -1.3135500E+05 -9.932E-01  1.491E-01 -5.601E-01
 -1.3135300E+05 -1.082E+00  1.648E-01 -6.284E-01
 -1.3135100E+05 -1.335E+00  2.024E-01 -7.637E-01
 -1.3134900E+05 -1.448E+00  2.162E-01 -7.935E-01
 -1.3134700E+05 -1.615E+00  2.495E-01 -9.567E-01
 -1.3134500E+05 -1.822E+00  2.731E-01 -9.965E-01
 -1.3134300E+05 -2.190E+00  3.452E-01 -1.347E+00
 -1.3134100E+05 -2.293E+00  3.498E-01 -1.299E+00
 -1.3133900E+05 -2.353E+00  3.634E-01 -1.364E+00
 -1.3133700E+05 -2.417E+00  3.770E-01 -1.430E+00
 -1.3133500E+05 -2.654E+00  4.184E-01 -1.601E+00
 -1.3133300E+05 -2.827E+00  4.242E-01 -1.507E+00
 -1.3133100E+05 -2.615E+00  4.287E-01 -1.706E+00
 -1.3132900E+05 -2.668E+00  4.226E-01 -1.603E+00
 -1.3132700E+05 -2.883E+00  4.482E-01 -1.651E+00
 -1.3132500E+05 -2.718E+00  4.372E-01 -1.676E+00
 -1.3132300E+05 -2.597E+00  4.286E-01 -1.688E+00
 -1.3132100E+05 -2.634E+00  4.221E-01 -1.595E+00
 -1.3131900E+05 -2.375E+00  3.737E-01 -1.372E+00
 -1.3131700E+05 -2.300E+00  3.719E-01 -1.409E+00
 -1.3131500E+05 -2.165E+00  3.530E-01 -1.340E+00
 -1.3131300E+05 -1.947E+00  3.299E-01 -1.308E+00
 -1.3131100E+05 -2.040E+00  3.044E-01 -1.010E+00
 -1.3130900E+05 -1.763E+00  2.847E-01 -1.054E+00
 -1.3130700E+05 -1.573E+00  2.653E-01 -1.031E+00
 -1.3130500E+05 -1.437E+00  2.317E-01 -8.454E-01
 -1.3130300E+05 -1.254E+00  2.151E-01 -8.389E-01
 -1.3130100E+05 -1.216E+00  2.029E-01 -7.653E-01
 -1.3129900E+05 -9.207E-01  1.661E-01 -6.777E-01
 -1.3129700E+05 -9.905E-01  1.724E-01 -6.710E-01
 -1.3129500E+05 -7.726E-01  1.541E-01 -6.856E-01
 -1.3129300E+05 -7.409E-01  1.161E-01 -3.888E-01
 -1.3129100E+05 -4.943E-01  9.082E-02 -3.644E-01
 -1.3128900E+05 -4.509E-01  7.150E-02 -2.289E-01
 -1.3128700E+05 -4.108E-01  8.576E-02 -3.787E-01
 -1.3128500E+05 -3.893E-01  7.135E-02 -2.802E-01
 -1.3128300E+05 -2.575E-01  5.173E-02 -2.159E-01
 -1.3128100E+05 -1.519E-01  4.246E-02 -2.161E-01
 -1.3127900E+05  1.692E-02  8.703E-03 -5.714E-02
 -1.3127700E+05 -1.287E-01  3.174E-02 -1.465E-01
 -1.3127500E+05 -1.468E-01  1.737E-02 -1.244E-02
 -1.3127300E+05 -3.884E-03 -3.588E-03  5.185E-02
 -1.3127100E+05 -2.678E-02  1.383E-02 -7.086E-02
 -1.3126900E+05  5.612E-02 -1.279E-02  8.417E-02
 -1.3126700E+05  1.172E-01 -1.561E-02  5.927E-02
 -1.3126500E+05  1.367E-01 -1.510E-02  4.076E-02
 -1.3126300E+05  2.973E-01 -3.370E-02  7.322E-02
 -1.3126100E+05  1.560E-01 -1.968E-02  6.373E-02
 -1.3125900E+05  1.783E-01 -3.489E-02  1.705E-01
 -1.3125700E+05  3.083E-01 -4.856E-02  1.830E-01
 -1.3125500E+05  2.508E-01 -4.105E-02  1.663E-01
 -1.3125300E+05  2.444E-01 -3.753E-02  1.474E-01
 -1.3125100E+05  3.114E-01 -4.301E-02  1.390E-01
 -1.3124900E+05  2.067E-01 -2.835E-02  9.645E-02
 -1.3124700E+05  3.008E-01 -4.442E-02  1.535E-01
 -1.3124500E+05  3.501E-01 -5.452E-02  2.007E-01
 -1.3124300E+05  3.516E-01 -5.285E-02  1.917E-01
 -1.3124100E+05  2.962E-01 -5.767E-02  2.645E-01
 -1.3123900E+05  2.571E-01 -4.105E-02  1.629E-01
 -1.3123700E+05  3.829E-01 -4.792E-02  1.228E-01
 -1.3123500E+05  3.143E-01 -4.915E-02  1.863E-01
 -1.3123300E+05  2.930E-01 -5.079E-02  2.137E-01
 -1.3123100E+05  3.666E-01 -6.022E-02  2.341E-01
 -1.3122900E+05  2.597E-01 -3.908E-02  1.404E-01
 -1.3122700E+05  3.222E-01 -4.548E-02  1.414E-01
 -1.3122500E+05  3.082E-01 -4.445E-02  1.493E-01
 -1.3122300E+05  3.752E-01 -5.528E-02  1.888E-01
 -1.3122100E+05  2.881E-01 -5.065E-02  2.104E-01
 -1.3121900E+05  3.444E-01 -5.746E-02  2.272E-01
 -1.3121700E+05  3.402E-01 -5.494E-02  2.079E-01
 -1.3121500E+05  3.368E-01 -5.160E-02  1.828E-01
 -1.3121300E+05  3.620E-01 -5.670E-02  2.056E-01
 -1.3121100E+05  3.234E-01 -6.476E-02  2.961E-01
 -1.3120900E+05  2.731E-01 -4.510E-02  1.718E-01
 -1.3120700E+05  3.337E-01 -4.573E-02  1.389E-01
 -1.3120500E+05  3.492E-01 -5.707E-02  2.232E-01
 -1.3120300E+05  3.653E-01 -5.688E-02  2.063E-01
 -1.3120100E+05  2.984E-01 -5.473E-02  2.383E-01
 -1.3119900E+05  4.081E-01 -5.681E-02  1.737E-01
 -1.3119700E+05  3.443E-01 -5.216E-02  1.819E-01
 -1.3119500E+05  3.245E-01 -5.336E-02  2.047E-01
 -1.3119300E+05  2.733E-01 -3.930E-02  1.240E-01
 -1.3119100E+05  2.752E-01 -5.114E-02  2.223E-01
 -1.3118900E+05  2.882E-01 -4.284E-02  1.449E-01
 -1.3118700E+05  3.215E-01 -5.037E-02  1.864E-01
 -1.3118500E+05  3.093E-01 -5.453E-02  2.277E-01
 -1.3118300E+05  4.204E-01 -6.743E-02  2.479E-01
 -1.3118100E+05  3.311E-01 -4.912E-02  1.608E-01
 -1.3117900E+05  3.422E-01 -5.303E-02  1.847E-01
 -1.3117700E+05  3.281E-01 -4.898E-02  1.658E-01
 -1.3117500E+05  3.171E-01 -5.196E-02  2.012E-01
 -1.3117300E+05  2.813E-01 -4.605E-02  1.772E-01
 -1.3117100E+05  2.552E-01 -4.157E-02  1.608E-01
 -1.3116900E+05  3.452E-01 -5.674E-02  2.176E-01
 -1.3116700E+05  2.717E-01 -4.495E-02  1.713E-01
 -1.3116500E+05  2.520E-01 -4.213E-02  1.634E-01
 -1.3116300E+05  3.158E-01 -4.686E-02  1.597E-01
 -1.3116100E+05  2.899E-01 -4.107E-02  1.342E-01
 -1.3115900E+05  3.374E-01 -5.366E-02  2.025E-01
 -1.3115700E+05  2.998E-01 -4.934E-02  1.875E-01
 -1.3115500E+05  2.567E-01 -4.210E-02  1.580E-01
 -1.3115300E+05  2.707E-01 -4.818E-02  1.977E-01
 -1.3115100E+05  2.080E-01 -3.281E-02  1.254E-01
 -1.3114900E+05  2.864E-01 -4.722E-02  1.886E-01
 -1.3114700E+05  2.460E-01 -3.808E-02  1.349E-01
 -1.3114500E+05  3.180E-01 -5.117E-02  1.903E-01
 -1.3114300E+05  2.845E-01 -4.802E-02  1.885E-01
 -1.3114100E+05  2.392E-01 -3.445E-02  1.128E-01
 -1.3113900E+05  2.216E-01 -3.960E-02  1.571E-01
 -1.3113700E+05  2.343E-01 -3.814E-02  1.439E-01
 -1.3113500E+05  2.992E-01 -4.354E-02  1.387E-01
 -1.3113300E+05  2.663E-01 -4.232E-02  1.618E-01
 -1.3113100E+05  2.573E-01 -4.166E-02  1.599E-01
 -1.3112900E+05  2.287E-01 -3.877E-02  1.491E-01
 -1.3112700E+05  2.651E-01 -4.214E-02  1.553E-01
 -1.3112500E+05  2.213E-01 -3.948E-02  1.498E-01
 -1.3112300E+05  2.480E-01 -3.811E-02  1.304E-01
 -1.3112100E+05  2.545E-01 -4.308E-02  1.626E-01
 -1.3111900E+05  2.352E-01 -3.725E-02  1.532E-01
 -1.3111700E+05  2.577E-01 -3.071E-02  9.908E-02
 -1.3111500E+05  2.224E-01 -3.466E-02  1.283E-01
 -1.3111300E+05  2.637E-01 -3.640E-02  1.133E-01
 -1.3111100E+05  2.651E-01 -4.377E-02  1.563E-01
 -1.3110900E+05  2.056E-01 -4.113E-02  1.866E-01
 -1.3110700E+05  2.754E-01 -4.593E-02  1.798E-01
 -1.3110500E+05  2.553E-01 -4.012E-02  1.491E-01
 -1.3110300E+05  2.245E-01 -3.209E-02  1.227E-01
 -1.3110100E+05  2.434E-01 -3.618E-02  1.292E-01
 -1.3109900E+05  2.480E-01 -4.016E-02  1.538E-01
 -1.3109700E+05  2.101E-01 -3.016E-02  9.338E-02
 -1.3109500E+05  2.449E-01 -3.586E-02  1.184E-01
 -1.3109300E+05  2.136E-01 -3.505E-02  1.292E-01
 -1.3109100E+05  2.136E-01 -3.707E-02  1.379E-01
 -1.3108900E+05  2.117E-01 -3.721E-02  1.491E-01
