 -1.4437000E+04  4.379E-01 -5.913E-02  2.416E-01
 -1.4435000E+04  6.168E-01 -8.753E-02  3.660E-01
 -1.4433000E+04  4.663E-01 -7.108E-02  3.240E-01
 -1.4431000E+04  3.551E-01 -4.795E-02  1.976E-01
 -1.4429000E+04  4.168E-01 -6.619E-02  3.376E-01
 -1.4427000E+04  4.424E-01 -5.700E-02  2.402E-01
 -1.4425000E+04  4.576E-01 -6.637E-02  2.844E-01
 -1.4423000E+04  4.498E-01 -5.677E-02  1.941E-01
 -1.4421000E+04  4.400E-01 -5.794E-02  1.944E-01
 -1.4419000E+04  4.843E-01 -6.464E-02  2.662E-01
 -1.4417000E+04  4.295E-01 -7.070E-02  3.748E-01
 -1.4415000E+04  3.586E-01 -5.464E-02  2.173E-01
 -1.4413000E+04  3.305E-01 -4.483E-02  1.770E-01
 -1.4411000E+04  3.344E-01 -4.904E-02  2.115E-01
 -1.4409000E+04  3.496E-01 -6.016E-02  3.329E-01
 -1.4407000E+04  4.544E-01 -5.973E-02  2.196E-01
 -1.4405000E+04  3.947E-01 -5.960E-02  2.865E-01
 -1.4403000E+04  2.918E-01 -4.545E-02  2.209E-01
 -1.4401000E+04  3.851E-01 -6.229E-02  3.212E-01
 -1.4399000E+04  4.259E-01 -5.321E-02  1.708E-01
 -1.4397000E+04  4.344E-01 -6.653E-02  3.393E-01
 -1.4395000E+04  3.836E-01 -5.680E-02  2.414E-01
 -1.4393000E+04  3.671E-01 -5.169E-02  2.339E-01
 -1.4391000E+04  3.187E-01 -4.438E-02  2.177E-01
 -1.4389000E+04  3.537E-01 -5.600E-02  2.566E-01
 -1.4387000E+04  3.091E-01 -4.708E-02  2.189E-01
 -1.4385000E+04  3.427E-01 -5.066E-02  2.262E-01
 -1.4383000E+04  3.631E-01 -4.824E-02  2.203E-01
 -1.4381000E+04  3.332E-01 -4.741E-02  1.906E-01
 -1.4379000E+04  3.414E-01 -5.203E-02  2.557E-01
 -1.4377000E+04  3.418E-01 -3.743E-02  1.325E-01
 -1.4375000E+04  3.513E-01 -5.135E-02  2.174E-01
 -1.4373000E+04  3.031E-01 -4.661E-02  2.083E-01
 -1.4371000E+04  2.881E-01 -4.681E-02  2.462E-01
 -1.4369000E+04  3.785E-01 -4.573E-02  1.817E-01
 -1.4367000E+04  2.343E-01 -3.553E-02  1.769E-01
 -1.4365000E+04  3.141E-01 -4.507E-02  1.877E-01
 -1.4363000E+04  3.721E-01 -4.607E-02  1.820E-01
 -1.4361000E+04  3.109E-01 -4.222E-02  2.196E-01
 -1.4359000E+04  2.862E-01 -4.724E-02  2.144E-01
 -1.4357000E+04  2.471E-01 -3.358E-02  1.370E-01
 -1.4355000E+04  3.245E-01 -4.298E-02  2.049E-01
 -1.4353000E+04  2.936E-01 -3.882E-02  1.718E-01
 -1.4351000E+04  2.788E-01 -4.876E-02  2.078E-01
 -1.4349000E+04  2.379E-01 -4.200E-02  1.735E-01
 -1.4347000E+04  3.326E-01 -4.014E-02  1.802E-01
 -1.4345000E+04  3.137E-01 -4.812E-02  2.219E-01
 -1.4343000E+04  2.521E-01 -4.516E-02  2.106E-01
 -1.4341000E+04  2.414E-01 -3.282E-02  1.446E-01
 -1.4339000E+04  2.584E-01 -3.935E-02  1.664E-01
 -1.4337000E+04  2.831E-01 -4.303E-02  1.994E-01
 -1.4335000E+04  2.681E-01 -3.950E-02  1.869E-01
 -1.4333000E+04  2.930E-01 -4.451E-02  2.121E-01
 -1.4331000E+04  2.608E-01 -3.679E-02  1.671E-01
 -1.4329000E+04  2.764E-01 -3.370E-02  1.474E-01
 -1.4327000E+04  2.328E-01 -2.954E-02  1.342E-01
 -1.4325000E+04  2.180E-01 -3.579E-02  1.484E-01
 -1.4323000E+04  2.486E-01 -3.799E-02  1.736E-01
 -1.4321000E+04  2.627E-01 -3.673E-02  1.646E-01
 -1.4319000E+04  2.436E-01 -3.561E-02  1.658E-01
 -1.4317000E+04  2.309E-01 -3.334E-02  1.659E-01
 -1.4315000E+04  2.388E-01 -2.992E-02  1.216E-01
 -1.4313000E+04  2.628E-01 -3.549E-02  1.195E-01
 -1.4311000E+04  2.732E-01 -3.706E-02  1.720E-01
 -1.4309000E+04  2.235E-01 -3.078E-02  1.322E-01
 -1.4307000E+04  2.077E-01 -3.343E-02  1.712E-01
 -1.4305000E+04  2.263E-01 -3.341E-02  1.610E-01
 -1.4303000E+04  2.201E-01 -3.170E-02  1.297E-01
 -1.4301000E+04  2.292E-01 -3.179E-02  1.132E-01
 -1.4299000E+04  2.617E-01 -3.549E-02  1.439E-01
 -1.4297000E+04  2.469E-01 -3.548E-02  1.476E-01
 -1.4295000E+04  2.337E-01 -3.608E-02  1.665E-01
 -1.4293000E+04  2.018E-01 -2.767E-02  1.229E-01
 -1.4291000E+04  2.144E-01 -3.175E-02  1.631E-01
 -1.4289000E+04  2.373E-01 -3.229E-02  1.324E-01
 -1.4287000E+04  2.214E-01 -2.988E-02  1.242E-01
 -1.4285000E+04  2.264E-01 -3.154E-02  1.347E-01
 -1.4283000E+04  2.276E-01 -3.250E-02  1.371E-01
 -1.4281000E+04  2.067E-01 -3.257E-02  1.536E-01
 -1.4279000E+04  2.209E-01 -3.826E-02  1.711E-01
 -1.4277000E+04  1.887E-01 -3.082E-02  1.303E-01
 -1.4275000E+04  1.835E-01 -2.586E-02  1.338E-01
 -1.4273000E+04  2.472E-01 -3.115E-02  1.161E-01
 -1.4271000E+04  2.327E-01 -2.975E-02  1.247E-01
 -1.4269000E+04  1.866E-01 -2.716E-02  1.398E-01
 -1.4267000E+04  1.873E-01 -2.681E-02  1.441E-01
 -1.4265000E+04  1.921E-01 -2.398E-02  9.744E-02
 -1.4263000E+04  1.769E-01 -2.906E-02  1.505E-01
 -1.4261000E+04  2.010E-01 -3.709E-02  1.146E-01
 -1.4259000E+04  2.124E-01 -3.169E-02  1.280E-01
 -1.4257000E+04  1.923E-01 -2.340E-02  9.635E-02
 -1.4255000E+04  2.142E-01 -2.726E-02  1.171E-01
 -1.4253000E+04  1.890E-01 -2.429E-02  1.280E-01
 -1.4251000E+04  1.746E-01 -2.751E-02  1.297E-01
 -1.4249000E+04  1.787E-01 -2.708E-02  1.395E-01
 -1.4247000E+04  2.248E-01 -3.092E-02  1.405E-01
 -1.4245000E+04  1.852E-01 -2.612E-02  1.058E-01
 -1.4243000E+04  1.447E-01 -2.162E-02  9.225E-02
 -1.4241000E+04  1.494E-01 -1.840E-02  8.821E-02
 -1.4239000E+04  1.985E-01 -2.643E-02  1.238E-01
 -1.4237000E+04  1.502E-01 -2.157E-02  9.123E-02
 -1.4235000E+04  1.566E-01 -2.252E-02  9.030E-02
 -1.4233000E+04  2.153E-01 -3.132E-02  1.362E-01
 -1.4231000E+04  1.811E-01 -2.043E-02  8.345E-02
 -1.4229000E+04  1.865E-01 -2.155E-02  7.260E-02
 -1.4227000E+04  1.587E-01 -2.238E-02  1.009E-01
 -1.4225000E+04  1.396E-01 -2.440E-02  1.426E-01
 -1.4223000E+04  1.731E-01 -2.679E-02  1.389E-01
 -1.4221000E+04  1.670E-01 -2.605E-02  1.248E-01
 -1.4219000E+04  1.705E-01 -2.474E-02  1.148E-01
 -1.4217000E+04  1.715E-01 -2.267E-02  8.401E-02
 -1.4215000E+04  1.759E-01 -2.514E-02  1.044E-01
 -1.4213000E+04  1.378E-01 -2.535E-02  1.388E-01
 -1.4211000E+04  1.485E-01 -2.366E-02  1.108E-01
 -1.4209000E+04  1.669E-01 -2.418E-02  9.652E-02
 -1.4207000E+04  1.547E-01 -2.024E-02  6.738E-02
 -1.4205000E+04  1.725E-01 -2.567E-02  1.129E-01
 -1.4203000E+04  1.531E-01 -2.337E-02  1.070E-01
 -1.4201000E+04  1.397E-01 -2.249E-02  1.091E-01
 -1.4199000E+04  1.105E-01 -1.766E-02  1.054E-01
 -1.4197000E+04  1.726E-01 -2.412E-02  1.038E-01
 -1.4195000E+04  1.706E-01 -2.288E-02  9.133E-02
 -1.4193000E+04  1.166E-01 -1.993E-02  9.877E-02
 -1.4191000E+04  1.561E-01 -1.965E-02  7.887E-02
 -1.4189000E+04  1.922E-01 -2.412E-02  8.782E-02
 -1.4187000E+04  1.442E-01 -1.929E-02  8.745E-02
 -1.4185000E+04  1.176E-01 -1.776E-02  8.548E-02
 -1.4183000E+04  1.360E-01 -1.671E-02  7.011E-02
 -1.4181000E+04  1.172E-01 -2.086E-02  1.101E-01
 -1.4179000E+04  1.262E-01 -2.040E-02  9.054E-02
 -1.4177000E+04  1.419E-01 -2.206E-02  9.561E-02
 -1.4175000E+04  1.592E-01 -2.423E-02  1.173E-01
 -1.4173000E+04  1.367E-01 -2.006E-02  8.109E-02
 -1.4171000E+04  1.541E-01 -2.196E-02  9.444E-02
 -1.4169000E+04  1.115E-01 -1.532E-02  8.148E-02
 -1.4167000E+04  1.339E-01 -1.876E-02  6.584E-02
 -1.4165000E+04  1.337E-01 -1.722E-02  8.809E-02
 -1.4163000E+04  1.512E-01 -1.775E-02  8.541E-02
 -1.4161000E+04  1.192E-01 -2.119E-02  9.727E-02
 -1.4159000E+04  1.351E-01 -1.491E-02  5.921E-02
 -1.4157000E+04  1.330E-01 -1.993E-02  7.578E-02
 -1.4155000E+04  1.066E-01 -1.949E-02  9.831E-02
 -1.4153000E+04  1.099E-01 -1.793E-02  9.707E-02
 -1.4151000E+04  1.544E-01 -2.231E-02  8.333E-02
 -1.4149000E+04  1.398E-01 -2.088E-02  8.056E-02
 -1.4147000E+04  1.227E-01 -2.160E-02  9.472E-02
 -1.4145000E+04  1.298E-01 -1.748E-02  6.754E-02
 -1.4143000E+04  1.263E-01 -1.825E-02  9.456E-02
 -1.4141000E+04  1.529E-01 -1.682E-02  7.335E-02
 -1.4139000E+04  1.178E-01 -1.447E-02  4.032E-02
 -1.4137000E+04  1.089E-01 -1.651E-02  7.106E-02
 -1.4135000E+04  1.211E-01 -2.117E-02  1.110E-01
 -1.4133000E+04  1.319E-01 -1.578E-02  5.976E-02
 -1.4131000E+04  1.134E-01 -1.415E-02  6.213E-02
 -1.4129000E+04  1.296E-01 -1.520E-02  6.806E-02
 -1.4127000E+04  1.241E-01 -1.644E-02  8.032E-02
 -1.4125000E+04  1.196E-01 -1.554E-02  5.757E-02
 -1.4123000E+04  1.343E-01 -1.931E-02  7.819E-02
 -1.4121000E+04  1.077E-01 -1.617E-02  7.751E-02
 -1.4119000E+04  1.265E-01 -1.686E-02  7.096E-02
 -1.4117000E+04  1.260E-01 -1.753E-02  7.442E-02
 -1.4115000E+04  1.026E-01 -1.749E-02  9.403E-02
 -1.4113000E+04  1.054E-01 -1.557E-02  7.352E-02
 -1.4111000E+04  1.232E-01 -1.770E-02  8.477E-02
 -1.4109000E+04  8.992E-02 -1.642E-02  7.974E-02
 -1.4107000E+04  1.120E-01 -1.434E-02  7.444E-02
 -1.4105000E+04  1.272E-01 -1.684E-02  7.126E-02
 -1.4103000E+04  8.955E-02 -1.179E-02  6.673E-02
 -1.4101000E+04  8.171E-02 -1.232E-02  6.084E-02
 -1.4099000E+04  1.096E-01 -1.532E-02  6.576E-02
 -1.4097000E+04  1.290E-01 -1.847E-02  6.875E-02
 -1.4095000E+04  1.122E-01 -1.449E-02  4.591E-02
 -1.4093000E+04  1.089E-01 -1.724E-02  7.593E-02
 -1.4091000E+04  1.028E-01 -1.466E-02  7.166E-02
 -1.4089000E+04  1.116E-01 -1.686E-02  7.103E-02
 -1.4087000E+04  1.013E-01 -1.712E-02  5.757E-02
 -1.4085000E+04  7.023E-02 -1.081E-02  6.161E-02
 -1.4083000E+04  1.069E-01 -1.961E-02  9.237E-02
 -1.4081000E+04  8.734E-02 -1.493E-02  7.858E-02
 -1.4079000E+04  1.087E-01 -5.750E-03  5.008E-02
 -1.4077000E+04  8.025E-02 -1.445E-02  7.803E-02
 -1.4075000E+04  1.286E-01 -1.791E-02  7.232E-02
 -1.4073000E+04  9.762E-02 -1.288E-02  5.298E-02
 -1.4071000E+04  9.372E-02 -9.532E-03  3.506E-02
 -1.4069000E+04  9.494E-02 -1.434E-02  6.340E-02
 -1.4067000E+04  8.141E-02 -1.325E-02  6.545E-02
 -1.4065000E+04  9.147E-02 -1.058E-02  5.572E-02
 -1.4063000E+04  7.870E-02 -1.400E-02  7.217E-02
 -1.4061000E+04  1.011E-01 -1.348E-02  4.525E-02
 -1.4059000E+04  9.517E-02 -1.090E-02  4.581E-02
