 -7.9715000E+04 -0.000E+00 -0.000E+00  0.000E+00
 -7.9713000E+04 -0.000E+00 -0.000E+00  0.000E+00
 -7.9711000E+04 -0.000E+00 -0.000E+00  0.000E+00
 -7.9709000E+04 -0.000E+00 -0.000E+00  0.000E+00
 -7.9707000E+04 -0.000E+00 -0.000E+00  0.000E+00
 -7.9705000E+04 -0.000E+00 -0.000E+00  0.000E+00
 -7.9703000E+04 -0.000E+00 -0.000E+00  0.000E+00
 -7.9701000E+04 -0.000E+00 -0.000E+00  0.000E+00
 -7.9699000E+04 -0.000E+00 -0.000E+00  0.000E+00
 -7.9697000E+04 -0.000E+00 -0.000E+00  0.000E+00
 -7.9695000E+04 -0.000E+00 -0.000E+00  0.000E+00
 -7.9693000E+04 -0.000E+00 -0.000E+00  0.000E+00
 -7.9691000E+04 -0.000E+00 -0.000E+00  0.000E+00
 -7.9689000E+04 -0.000E+00 -0.000E+00  0.000E+00
 -7.9687000E+04 -0.000E+00 -0.000E+00  0.000E+00
 -7.9685000E+04 -0.000E+00 -0.000E+00  0.000E+00
 -7.9683000E+04 -0.000E+00 -0.000E+00  0.000E+00
 -7.9681000E+04 -0.000E+00 -0.000E+00  0.000E+00
 -7.9679000E+04 -0.000E+00 -0.000E+00  0.000E+00
 -7.9677000E+04 -0.000E+00 -0.000E+00  0.000E+00
 -7.9675000E+04 -0.000E+00 -0.000E+00  0.000E+00
 -7.9673000E+04 -0.000E+00 -0.000E+00  0.000E+00
 -7.9671000E+04 -0.000E+00 -0.000E+00  0.000E+00
 -7.9669000E+04 -0.000E+00 -0.000E+00  0.000E+00
 -7.9667000E+04 -0.000E+00 -0.000E+00  0.000E+00
 -7.9665000E+04 -0.000E+00 -0.000E+00  0.000E+00
 -7.9663000E+04 -0.000E+00 -0.000E+00  0.000E+00
 -7.9661000E+04 -0.000E+00 -0.000E+00  0.000E+00
 -7.9659000E+04 -0.000E+00 -0.000E+00  0.000E+00
 -7.9657000E+04 -0.000E+00 -0.000E+00  0.000E+00
 -7.9655000E+04 -0.000E+00 -0.000E+00  0.000E+00
 -7.9653000E+04 -0.000E+00 -0.000E+00  0.000E+00
 -7.9651000E+04 -0.000E+00 -0.000E+00  0.000E+00
 -7.9649000E+04 -0.000E+00 -0.000E+00  0.000E+00
 -7.9647000E+04 -0.000E+00 -0.000E+00  0.000E+00
 -7.9645000E+04 -0.000E+00 -0.000E+00  0.000E+00
 -7.9643000E+04 -0.000E+00 -0.000E+00  0.000E+00
 -7.9641000E+04 -0.000E+00 -0.000E+00  0.000E+00
 -7.9639000E+04 -0.000E+00 -0.000E+00  0.000E+00
 -7.9637000E+04 -0.000E+00 -0.000E+00  0.000E+00
 -7.9635000E+04 -0.000E+00 -0.000E+00  0.000E+00
 -7.9633000E+04 -0.000E+00 -0.000E+00  0.000E+00
 -7.9631000E+04 -0.000E+00 -0.000E+00  0.000E+00
 -7.9629000E+04 -0.000E+00 -0.000E+00  0.000E+00
 -7.9627000E+04 -0.000E+00 -0.000E+00  0.000E+00
 -7.9625000E+04 -0.000E+00 -0.000E+00  0.000E+00
 -7.9623000E+04  6.424E-05  8.863E-06 -1.476E-04
 -7.9621000E+04  5.918E-05 -1.555E-05  1.045E-04
 -7.9619000E+04 -2.464E-04  1.595E-05  5.890E-05
 -7.9617000E+04 -4.693E-04  6.953E-05 -2.318E-04
 -7.9615000E+04 -2.051E-03  3.840E-04 -1.913E-03
 -7.9613000E+04 -1.935E-03  4.736E-04 -2.886E-03
 -7.9611000E+04 -9.830E-03  1.631E-03 -6.673E-03
 -7.9609000E+04 -2.426E-02  4.106E-03 -1.743E-02
 -7.9607000E+04 -3.070E-02  4.583E-03 -1.554E-02
 -7.9605000E+04 -5.106E-02  8.528E-03 -3.510E-02
 -7.9603000E+04 -6.952E-02  1.103E-02 -4.131E-02
 -7.9601000E+04 -1.230E-01  2.161E-02 -9.450E-02
 -7.9599000E+04 -1.942E-01  3.232E-02 -1.294E-01
 -7.9597000E+04 -2.389E-01  3.916E-02 -1.513E-01
 -7.9595000E+04 -2.843E-01  4.631E-02 -1.767E-01
 -7.9593000E+04 -3.119E-01  5.203E-02 -2.045E-01
 -7.9591000E+04 -5.464E-01  8.804E-02 -3.252E-01
 -7.9589000E+04 -7.595E-01  1.306E-01 -5.329E-01
 -7.9587000E+04 -8.358E-01  1.395E-01 -5.365E-01
 -7.9585000E+04 -9.870E-01  1.620E-01 -6.026E-01
 -7.9583000E+04 -1.019E+00  1.739E-01 -6.856E-01
 -7.9581000E+04 -1.327E+00  2.159E-01 -7.803E-01
 -7.9579000E+04 -1.476E+00  2.454E-01 -9.173E-01
 -7.9577000E+04 -1.588E+00  2.684E-01 -1.019E+00
 -7.9575000E+04 -1.890E+00  3.172E-01 -1.183E+00
 -7.9573000E+04 -2.138E+00  3.626E-01 -1.370E+00
 -7.9571000E+04 -2.151E+00  3.628E-01 -1.347E+00
 -7.9569000E+04 -2.256E+00  3.880E-01 -1.477E+00
 -7.9567000E+04 -2.361E+00  3.996E-01 -1.468E+00
 -7.9565000E+04 -2.348E+00  4.050E-01 -1.527E+00
 -7.9563000E+04 -2.640E+00  4.631E-01 -1.784E+00
 -7.9561000E+04 -2.322E+00  4.055E-01 -1.541E+00
 -7.9559000E+04 -2.614E+00  4.362E-01 -1.521E+00
 -7.9557000E+04 -2.578E+00  4.349E-01 -1.535E+00
 -7.9555000E+04 -2.194E+00  4.020E-01 -1.613E+00
 -7.9553000E+04 -2.299E+00  4.012E-01 -1.480E+00
 -7.9551000E+04 -2.167E+00  3.791E-01 -1.397E+00
 -7.9549000E+04 -2.073E+00  3.436E-01 -1.133E+00
 -7.9547000E+04 -1.914E+00  3.439E-01 -1.304E+00
 -7.9545000E+04 -1.684E+00  3.005E-01 -1.121E+00
 -7.9543000E+04 -1.638E+00  2.760E-01 -9.235E-01
 -7.9541000E+04 -1.542E+00  2.616E-01 -8.787E-01
 -7.9539000E+04 -1.271E+00  2.262E-01 -8.206E-01
 -7.9537000E+04 -1.081E+00  1.966E-01 -7.265E-01
 -7.9535000E+04 -1.115E+00  1.974E-01 -6.990E-01
 -7.9533000E+04 -9.671E-01  1.788E-01 -6.767E-01
 -7.9531000E+04 -8.025E-01  1.510E-01 -5.714E-01
 -7.9529000E+04 -6.801E-01  1.230E-01 -4.302E-01
 -7.9527000E+04 -6.862E-01  1.338E-01 -5.255E-01
 -7.9525000E+04 -4.521E-01  1.013E-01 -4.668E-01
 -7.9523000E+04 -4.247E-01  7.463E-02 -2.310E-01
 -7.9521000E+04 -4.331E-01  8.169E-02 -2.909E-01
 -7.9519000E+04 -4.094E-01  7.822E-02 -2.870E-01
 -7.9517000E+04 -1.902E-01  3.699E-02 -9.485E-02
 -7.9515000E+04 -1.464E-01  2.899E-02 -6.612E-02
 -7.9513000E+04 -7.918E-02  1.099E-02  6.517E-03
 -7.9511000E+04  6.797E-03  1.257E-02 -1.017E-01
 -7.9509000E+04 -1.107E-01  1.632E-02 -9.726E-03
 -7.9507000E+04 -2.019E-02  1.526E-03  3.263E-02
 -7.9505000E+04  7.320E-02 -1.461E-02  8.831E-02
 -7.9503000E+04  8.744E-02 -1.649E-02  9.694E-02
 -7.9501000E+04  1.614E-01 -2.430E-02  9.485E-02
 -7.9499000E+04  2.196E-01 -3.583E-02  1.333E-01
 -7.9497000E+04  1.881E-01 -2.481E-02  5.963E-02
 -7.9495000E+04  1.905E-01 -3.436E-02  1.436E-01
 -7.9493000E+04  2.126E-01 -3.775E-02  1.601E-01
 -7.9491000E+04  2.827E-01 -3.424E-02  4.718E-02
 -7.9489000E+04  3.328E-01 -5.066E-02  1.505E-01
 -7.9487000E+04  1.454E-01 -3.040E-02  1.526E-01
 -7.9485000E+04  2.148E-01 -3.584E-02  1.405E-01
 -7.9483000E+04  2.354E-01 -4.590E-02  2.137E-01
 -7.9481000E+04  2.941E-01 -4.797E-02  1.569E-01
 -7.9479000E+04  2.603E-01 -4.132E-02  1.369E-01
 -7.9477000E+04  2.784E-01 -4.839E-02  1.845E-01
 -7.9475000E+04  3.398E-01 -6.111E-02  2.419E-01
 -7.9473000E+04  2.736E-01 -5.048E-02  2.059E-01
 -7.9471000E+04  3.033E-01 -5.926E-02  2.623E-01
 -7.9469000E+04  3.962E-01 -5.911E-02  1.521E-01
 -7.9467000E+04  3.221E-01 -6.290E-02  2.750E-01
 -7.9465000E+04  2.879E-01 -5.283E-02  2.195E-01
 -7.9463000E+04  2.384E-01 -3.908E-02  1.380E-01
 -7.9461000E+04  2.856E-01 -5.061E-02  1.867E-01
 -7.9459000E+04  3.177E-01 -5.474E-02  1.860E-01
 -7.9457000E+04  2.208E-01 -4.775E-02  2.343E-01
 -7.9455000E+04  3.030E-01 -4.710E-02  1.336E-01
 -7.9453000E+04  3.136E-01 -5.276E-02  1.594E-01
 -7.9451000E+04  2.528E-01 -3.950E-02  1.432E-01
 -7.9449000E+04  2.864E-01 -4.837E-02  1.689E-01
 -7.9447000E+04  3.229E-01 -5.193E-02  1.874E-01
 -7.9445000E+04  2.720E-01 -5.468E-02  2.473E-01
 -7.9443000E+04  2.410E-01 -4.577E-02  1.959E-01
 -7.9441000E+04  3.007E-01 -4.989E-02  1.650E-01
 -7.9439000E+04  2.788E-01 -5.175E-02  2.111E-01
 -7.9437000E+04  2.947E-01 -5.374E-02  2.113E-01
 -7.9435000E+04  2.418E-01 -4.398E-02  1.672E-01
 -7.9433000E+04  2.961E-01 -4.729E-02  1.419E-01
 -7.9431000E+04  3.285E-01 -5.497E-02  1.710E-01
 -7.9429000E+04  2.577E-01 -4.344E-02  1.485E-01
 -7.9427000E+04  3.121E-01 -5.230E-02  1.856E-01
 -7.9425000E+04  2.915E-01 -5.568E-02  2.337E-01
 -7.9423000E+04  3.107E-01 -4.928E-02  1.208E-01
 -7.9421000E+04  2.822E-01 -4.981E-02  1.699E-01
 -7.9419000E+04  2.405E-01 -4.619E-02  1.979E-01
 -7.9417000E+04  2.109E-01 -3.689E-02  1.639E-01
 -7.9415000E+04  3.091E-01 -5.322E-02  1.865E-01
 -7.9413000E+04  2.469E-01 -4.338E-02  1.573E-01
 -7.9411000E+04  2.421E-01 -4.286E-02  1.709E-01
 -7.9409000E+04  2.825E-01 -4.620E-02  1.520E-01
 -7.9407000E+04  2.608E-01 -4.195E-02  1.394E-01
 -7.9405000E+04  2.282E-01 -4.492E-02  2.001E-01
 -7.9403000E+04  2.948E-01 -5.772E-02  2.426E-01
 -7.9401000E+04  2.654E-01 -4.630E-02  1.724E-01
 -7.9399000E+04  2.242E-01 -3.820E-02  1.388E-01
 -7.9397000E+04  2.592E-01 -4.153E-02  1.348E-01
 -7.9395000E+04  2.665E-01 -4.910E-02  1.932E-01
 -7.9393000E+04  2.513E-01 -3.802E-02  1.023E-01
 -7.9391000E+04  2.280E-01 -4.222E-02  1.742E-01
 -7.9389000E+04  1.975E-01 -3.539E-02  1.333E-01
 -7.9387000E+04  2.273E-01 -4.459E-02  1.859E-01
 -7.9385000E+04  2.445E-01 -4.318E-02  1.640E-01
 -7.9383000E+04  2.458E-01 -3.976E-02  1.289E-01
 -7.9381000E+04  2.309E-01 -3.867E-02  1.296E-01
 -7.9379000E+04  2.028E-01 -3.475E-02  1.285E-01
 -7.9377000E+04  2.797E-01 -4.940E-02  1.780E-01
 -7.9375000E+04  2.314E-01 -4.078E-02  1.528E-01
 -7.9373000E+04  1.840E-01 -4.012E-02  1.962E-01
 -7.9371000E+04  2.383E-01 -3.611E-02  9.368E-02
 -7.9369000E+04  2.424E-01 -3.623E-02  9.744E-02
 -7.9367000E+04  1.980E-01 -3.487E-02  1.329E-01
 -7.9365000E+04  2.104E-01 -4.037E-02  1.685E-01
 -7.9363000E+04  2.170E-01 -3.848E-02  1.441E-01
 -7.9361000E+04  1.798E-01 -3.631E-02  1.464E-01
 -7.9359000E+04  2.188E-01 -3.679E-02  1.277E-01
 -7.9357000E+04  1.987E-01 -3.298E-02  1.151E-01
 -7.9355000E+04  2.062E-01 -4.119E-02  1.786E-01
 -7.9353000E+04  2.173E-01 -3.232E-02  8.939E-02
 -7.9351000E+04  2.178E-01 -3.688E-02  1.394E-01
 -7.9349000E+04  2.120E-01 -3.659E-02  1.445E-01
 -7.9347000E+04  2.303E-01 -4.123E-02  1.436E-01
 -7.9345000E+04  1.994E-01 -3.662E-02  1.299E-01
 -7.9343000E+04  1.818E-01 -2.869E-02  8.618E-02
 -7.9341000E+04  2.330E-01 -3.623E-02  1.026E-01
 -7.9339000E+04  2.186E-01 -3.101E-02  7.868E-02
 -7.9337000E+04  1.991E-01 -3.485E-02  1.321E-01
