  3.1925000E+04 -0.000E+00 -0.000E+00  0.000E+00
  3.1927000E+04 -0.000E+00 -0.000E+00  0.000E+00
  3.1929000E+04 -0.000E+00 -0.000E+00  0.000E+00
  3.1931000E+04 -0.000E+00 -0.000E+00  0.000E+00
  3.1933000E+04 -0.000E+00 -0.000E+00  0.000E+00
  3.1935000E+04 -0.000E+00 -0.000E+00  0.000E+00
  3.1937000E+04 -0.000E+00 -0.000E+00  0.000E+00
  3.1939000E+04 -0.000E+00 -0.000E+00  0.000E+00
  3.1941000E+04 -0.000E+00 -0.000E+00  0.000E+00
  3.1943000E+04 -0.000E+00 -0.000E+00  0.000E+00
  3.1945000E+04 -0.000E+00 -0.000E+00  0.000E+00
  3.1947000E+04 -0.000E+00 -0.000E+00  0.000E+00
  3.1949000E+04 -0.000E+00 -0.000E+00  0.000E+00
  3.1951000E+04 -0.000E+00 -0.000E+00  0.000E+00
  3.1953000E+04 -0.000E+00 -0.000E+00  0.000E+00
  3.1955000E+04 -0.000E+00 -0.000E+00  0.000E+00
  3.1957000E+04 -0.000E+00 -0.000E+00  0.000E+00
  3.1959000E+04 -0.000E+00 -0.000E+00  0.000E+00
  3.1961000E+04 -0.000E+00 -0.000E+00  0.000E+00
  3.1963000E+04 -0.000E+00 -0.000E+00  0.000E+00
  3.1965000E+04 -0.000E+00 -0.000E+00  0.000E+00
  3.1967000E+04 -0.000E+00 -0.000E+00  0.000E+00
  3.1969000E+04 -0.000E+00 -0.000E+00  0.000E+00
  3.1971000E+04 -0.000E+00 -0.000E+00  0.000E+00
  3.1973000E+04 -0.000E+00 -0.000E+00  0.000E+00
  3.1975000E+04 -0.000E+00 -0.000E+00  0.000E+00
  3.1977000E+04 -0.000E+00 -0.000E+00  0.000E+00
  3.1979000E+04 -0.000E+00 -0.000E+00  0.000E+00
  3.1981000E+04 -0.000E+00 -0.000E+00  0.000E+00
  3.1983000E+04 -0.000E+00 -0.000E+00  0.000E+00
  3.1985000E+04 -0.000E+00 -0.000E+00  0.000E+00
  3.1987000E+04 -0.000E+00 -0.000E+00  0.000E+00
  3.1989000E+04 -0.000E+00 -0.000E+00  0.000E+00
  3.1991000E+04 -0.000E+00 -0.000E+00  0.000E+00
  3.1993000E+04 -0.000E+00 -0.000E+00  0.000E+00
  3.1995000E+04 -0.000E+00 -0.000E+00  0.000E+00
  3.1997000E+04 -0.000E+00 -0.000E+00  0.000E+00
  3.1999000E+04 -0.000E+00 -0.000E+00  0.000E+00
  3.2001000E+04 -0.000E+00 -0.000E+00  0.000E+00
  3.2003000E+04 -0.000E+00 -0.000E+00  0.000E+00
  3.2005000E+04 -0.000E+00 -0.000E+00  0.000E+00
  3.2007000E+04 -0.000E+00 -0.000E+00  0.000E+00
  3.2009000E+04 -0.000E+00 -0.000E+00  0.000E+00
  3.2011000E+04 -0.000E+00 -0.000E+00  0.000E+00
  3.2013000E+04 -0.000E+00 -0.000E+00  0.000E+00
  3.2015000E+04 -8.488E-06  7.836E-07  6.768E-07
  3.2017000E+04 -3.095E-04  6.176E-05 -3.840E-04
  3.2019000E+04 -4.317E-04  4.269E-05  1.569E-06
  3.2021000E+04 -2.256E-03  2.793E-04 -6.690E-04
  3.2023000E+04 -1.747E-03  5.455E-04 -4.579E-03
  3.2025000E+04 -1.347E-02  2.812E-03 -1.811E-02
  3.2027000E+04 -4.359E-02  6.604E-03 -2.745E-02
  3.2029000E+04 -5.119E-02  8.928E-03 -4.671E-02
  3.2031000E+04 -9.821E-02  1.702E-02 -8.796E-02
  3.2033000E+04 -1.917E-01  3.114E-02 -1.450E-01
  3.2035000E+04 -2.673E-01  4.452E-02 -2.148E-01
  3.2037000E+04 -3.994E-01  6.540E-02 -3.053E-01
  3.2039000E+04 -6.813E-01  1.124E-01 -5.292E-01
  3.2041000E+04 -9.908E-01  1.556E-01 -6.678E-01
  3.2043000E+04 -1.111E+00  1.808E-01 -8.238E-01
  3.2045000E+04 -1.527E+00  2.439E-01 -1.068E+00
  3.2047000E+04 -1.850E+00  2.965E-01 -1.299E+00
  3.2049000E+04 -2.283E+00  3.638E-01 -1.569E+00
  3.2051000E+04 -2.634E+00  4.108E-01 -1.687E+00
  3.2053000E+04 -2.856E+00  4.592E-01 -1.990E+00
  3.2055000E+04 -3.221E+00  5.077E-01 -2.105E+00
  3.2057000E+04 -3.243E+00  5.170E-01 -2.180E+00
  3.2059000E+04 -3.335E+00  5.306E-01 -2.216E+00
  3.2061000E+04 -3.341E+00  5.290E-01 -2.174E+00
  3.2063000E+04 -3.124E+00  5.169E-01 -2.301E+00
  3.2065000E+04 -2.817E+00  4.447E-01 -1.793E+00
  3.2067000E+04 -2.605E+00  4.070E-01 -1.592E+00
  3.2069000E+04 -2.205E+00  3.564E-01 -1.488E+00
  3.2071000E+04 -1.822E+00  2.882E-01 -1.142E+00
  3.2073000E+04 -1.675E+00  2.660E-01 -1.055E+00
  3.2075000E+04 -1.455E+00  2.356E-01 -9.687E-01
  3.2077000E+04 -1.222E+00  1.941E-01 -7.602E-01
  3.2079000E+04 -9.571E-01  1.574E-01 -6.557E-01
  3.2081000E+04 -7.612E-01  1.226E-01 -4.876E-01
  3.2083000E+04 -5.890E-01  9.620E-02 -3.881E-01
  3.2085000E+04 -4.490E-01  7.529E-02 -3.168E-01
  3.2087000E+04 -2.853E-01  4.742E-02 -1.908E-01
  3.2089000E+04 -2.647E-01  3.478E-02 -5.849E-02
  3.2091000E+04 -4.180E-02  1.709E-02 -1.476E-01
  3.2093000E+04 -2.105E-02 -5.770E-03  1.167E-01
  3.2095000E+04  5.486E-02 -1.092E-02  8.032E-02
  3.2097000E+04  1.424E-01 -1.817E-02  4.372E-02
  3.2099000E+04  8.559E-03 -8.146E-03  1.056E-01
  3.2101000E+04  2.217E-01 -3.003E-02  8.248E-02
  3.2103000E+04  2.260E-01 -3.573E-02  1.497E-01
  3.2105000E+04  1.379E-01 -2.781E-02  1.697E-01
  3.2107000E+04  1.816E-01 -3.732E-02  2.284E-01
  3.2109000E+04  2.822E-01 -4.276E-02  1.583E-01
  3.2111000E+04  3.371E-01 -4.615E-02  1.257E-01
  3.2113000E+04  3.101E-01 -4.695E-02  1.739E-01
  3.2115000E+04  2.126E-01 -4.370E-02  2.660E-01
  3.2117000E+04  1.995E-01 -3.745E-02  2.058E-01
  3.2119000E+04  2.985E-01 -4.594E-02  1.785E-01
  3.2121000E+04  2.615E-01 -3.988E-02  1.537E-01
  3.2123000E+04  2.323E-01 -3.869E-02  1.754E-01
  3.2125000E+04  2.931E-01 -4.680E-02  1.893E-01
  3.2127000E+04  2.772E-01 -4.778E-02  2.274E-01
  3.2129000E+04  2.320E-01 -3.772E-02  1.640E-01
  3.2131000E+04  2.483E-01 -3.754E-02  1.374E-01
  3.2133000E+04  2.752E-01 -4.496E-02  1.957E-01
  3.2135000E+04  2.855E-01 -4.846E-02  2.259E-01
  3.2137000E+04  3.036E-01 -4.897E-02  2.072E-01
  3.2139000E+04  2.322E-01 -3.215E-02  8.978E-02
  3.2141000E+04  2.712E-01 -4.457E-02  1.942E-01
  3.2143000E+04  2.840E-01 -4.767E-02  2.135E-01
  3.2145000E+04  2.783E-01 -4.639E-02  2.062E-01
  3.2147000E+04  2.718E-01 -4.025E-02  1.383E-01
  3.2149000E+04  2.157E-01 -3.594E-02  1.615E-01
  3.2151000E+04  2.164E-01 -3.575E-02  1.591E-01
  3.2153000E+04  2.498E-01 -4.411E-02  2.177E-01
  3.2155000E+04  2.158E-01 -3.524E-02  1.504E-01
  3.2157000E+04  2.568E-01 -4.204E-02  1.822E-01
  3.2159000E+04  2.628E-01 -4.159E-02  1.701E-01
  3.2161000E+04  2.102E-01 -3.871E-02  2.072E-01
  3.2163000E+04  2.499E-01 -4.055E-02  1.719E-01
  3.2165000E+04  2.037E-01 -3.561E-02  1.724E-01
  3.2167000E+04  2.925E-01 -4.875E-02  2.210E-01
  3.2169000E+04  2.539E-01 -3.994E-02  1.585E-01
  3.2171000E+04  2.592E-01 -4.046E-02  1.579E-01
  3.2173000E+04  2.413E-01 -3.806E-02  1.537E-01
  3.2175000E+04  1.811E-01 -2.940E-02  1.263E-01
  3.2177000E+04  2.584E-01 -4.109E-02  1.667E-01
  3.2179000E+04  2.232E-01 -3.509E-02  1.413E-01
  3.2181000E+04  2.503E-01 -3.721E-02  1.276E-01
  3.2183000E+04  2.076E-01 -3.628E-02  1.779E-01
  3.2185000E+04  2.267E-01 -3.961E-02  1.933E-01
  3.2187000E+04  2.457E-01 -3.666E-02  1.295E-01
  3.2189000E+04  1.982E-01 -3.084E-02  1.209E-01
  3.2191000E+04  2.376E-01 -3.687E-02  1.417E-01
  3.2193000E+04  1.819E-01 -2.923E-02  1.279E-01
  3.2195000E+04  2.274E-01 -3.349E-02  1.161E-01
  3.2197000E+04  2.079E-01 -3.556E-02  1.637E-01
  3.2199000E+04  2.361E-01 -3.612E-02  1.327E-01
  3.2201000E+04  2.173E-01 -3.180E-02  1.074E-01
  3.2203000E+04  2.117E-01 -3.247E-02  1.231E-01
  3.2205000E+04  2.259E-01 -3.623E-02  1.526E-01
  3.2207000E+04  1.947E-01 -3.123E-02  1.322E-01
  3.2209000E+04  2.003E-01 -3.275E-02  1.410E-01
  3.2211000E+04  2.014E-01 -3.406E-02  1.586E-01
  3.2213000E+04  1.933E-01 -3.153E-02  1.340E-01
  3.2215000E+04  2.071E-01 -3.235E-02  1.273E-01
  3.2217000E+04  1.948E-01 -3.248E-02  1.497E-01
  3.2219000E+04  1.736E-01 -2.667E-02  1.018E-01
  3.2221000E+04  1.689E-01 -2.852E-02  1.293E-01
  3.2223000E+04  2.025E-01 -3.342E-02  1.498E-01
  3.2225000E+04  2.282E-01 -3.606E-02  1.454E-01
  3.2227000E+04  1.786E-01 -2.821E-02  1.120E-01
  3.2229000E+04  1.848E-01 -3.046E-02  1.310E-01
  3.2231000E+04  2.049E-01 -3.109E-02  1.179E-01
  3.2233000E+04  2.025E-01 -3.370E-02  1.500E-01
  3.2235000E+04  1.845E-01 -3.168E-02  1.480E-01
  3.2237000E+04  1.856E-01 -2.737E-02  9.414E-02
  3.2239000E+04  1.673E-01 -2.673E-02  1.091E-01
  3.2241000E+04  1.971E-01 -3.055E-02  1.178E-01
  3.2243000E+04  1.610E-01 -2.634E-02  1.152E-01
  3.2245000E+04  1.634E-01 -2.717E-02  1.252E-01
  3.2247000E+04  1.478E-01 -2.453E-02  1.098E-01
  3.2249000E+04  1.747E-01 -2.601E-02  9.084E-02
  3.2251000E+04  1.716E-01 -3.092E-02  1.578E-01
  3.2253000E+04  1.805E-01 -2.907E-02  1.169E-01
  3.2255000E+04  1.590E-01 -2.415E-02  8.648E-02
  3.2257000E+04  1.618E-01 -2.625E-02  1.155E-01
  3.2259000E+04  1.769E-01 -2.868E-02  1.200E-01
  3.2261000E+04  1.650E-01 -2.905E-02  1.442E-01
  3.2263000E+04  1.487E-01 -2.462E-02  1.109E-01
  3.2265000E+04  1.693E-01 -2.277E-02  5.976E-02
  3.2267000E+04  1.858E-01 -2.814E-02  1.029E-01
  3.2269000E+04  1.549E-01 -2.766E-02  1.399E-01
  3.2271000E+04  1.641E-01 -2.553E-02  9.906E-02
  3.2273000E+04  1.722E-01 -2.754E-02  1.110E-01
  3.2275000E+04  1.545E-01 -2.409E-02  9.652E-02
  3.2277000E+04  1.508E-01 -2.446E-02  1.039E-01
  3.2279000E+04  1.572E-01 -2.390E-02  9.219E-02
  3.2281000E+04  1.688E-01 -2.705E-02  1.112E-01
  3.2283000E+04  1.369E-01 -2.230E-02  9.800E-02
  3.2285000E+04  1.570E-01 -2.482E-02  1.027E-01
  3.2287000E+04  1.574E-01 -2.473E-02  9.715E-02
  3.2289000E+04  1.377E-01 -2.349E-02  1.171E-01
  3.2291000E+04  1.641E-01 -2.723E-02  1.187E-01
  3.2293000E+04  1.077E-01 -1.786E-02  8.829E-02
  3.2295000E+04  1.682E-01 -2.694E-02  1.050E-01
  3.2297000E+04  1.399E-01 -1.993E-02  6.372E-02
  3.2299000E+04  1.465E-01 -2.324E-02  8.884E-02
  3.2301000E+04  1.560E-01 -2.361E-02  8.589E-02
  3.2303000E+04  1.393E-01 -2.265E-02  1.000E-01
