  1.2490500E+05 -0.000E+00 -0.000E+00  0.000E+00
  1.2490700E+05 -0.000E+00 -0.000E+00  0.000E+00
  1.2490900E+05 -0.000E+00 -0.000E+00  0.000E+00
  1.2491100E+05 -0.000E+00 -0.000E+00  0.000E+00
  1.2491300E+05 -0.000E+00 -0.000E+00  0.000E+00
  1.2491500E+05 -0.000E+00 -0.000E+00  0.000E+00
  1.2491700E+05 -0.000E+00 -0.000E+00  0.000E+00
  1.2491900E+05 -0.000E+00 -0.000E+00  0.000E+00
  1.2492100E+05 -0.000E+00 -0.000E+00  0.000E+00
  1.2492300E+05 -0.000E+00 -0.000E+00  0.000E+00
  1.2492500E+05 -0.000E+00 -0.000E+00  0.000E+00
  1.2492700E+05 -0.000E+00 -0.000E+00  0.000E+00
  1.2492900E+05 -0.000E+00 -0.000E+00  0.000E+00
  1.2493100E+05 -0.000E+00 -0.000E+00  0.000E+00
  1.2493300E+05 -0.000E+00 -0.000E+00  0.000E+00
  1.2493500E+05 -0.000E+00 -0.000E+00  0.000E+00
  1.2493700E+05 -0.000E+00 -0.000E+00  0.000E+00
  1.2493900E+05 -0.000E+00 -0.000E+00  0.000E+00
  1.2494100E+05 -0.000E+00 -0.000E+00  0.000E+00
  1.2494300E+05 -0.000E+00 -0.000E+00  0.000E+00
  1.2494500E+05 -0.000E+00 -0.000E+00  0.000E+00
  1.2494700E+05 -0.000E+00 -0.000E+00  0.000E+00
  1.2494900E+05 -0.000E+00 -0.000E+00  0.000E+00
  1.2495100E+05 -0.000E+00 -0.000E+00  0.000E+00
  1.2495300E+05 -0.000E+00 -0.000E+00  0.000E+00
  1.2495500E+05 -0.000E+00 -0.000E+00  0.000E+00
  1.2495700E+05 -0.000E+00 -0.000E+00  0.000E+00
  1.2495900E+05 -0.000E+00 -0.000E+00  0.000E+00
  1.2496100E+05 -0.000E+00 -0.000E+00  0.000E+00
  1.2496300E+05 -0.000E+00 -0.000E+00  0.000E+00
  1.2496500E+05 -0.000E+00 -0.000E+00  0.000E+00
  1.2496700E+05 -0.000E+00 -0.000E+00  0.000E+00
  1.2496900E+05 -0.000E+00 -0.000E+00  0.000E+00
  1.2497100E+05 -0.000E+00 -0.000E+00  0.000E+00
  1.2497300E+05 -0.000E+00 -0.000E+00  0.000E+00
  1.2497500E+05 -0.000E+00 -0.000E+00  0.000E+00
  1.2497700E+05 -0.000E+00 -0.000E+00  0.000E+00
  1.2497900E+05 -0.000E+00 -0.000E+00  0.000E+00
  1.2498100E+05 -0.000E+00 -0.000E+00  0.000E+00
  1.2498300E+05 -0.000E+00 -0.000E+00  0.000E+00
  1.2498500E+05 -0.000E+00 -0.000E+00  0.000E+00
  1.2498700E+05 -0.000E+00 -0.000E+00  0.000E+00
  1.2498900E+05 -0.000E+00 -0.000E+00  0.000E+00
  1.2499100E+05 -0.000E+00 -0.000E+00  0.000E+00
  1.2499300E+05 -1.390E-06 -3.270E-08  2.191E-06
  1.2499500E+05 -9.456E-05  1.406E-05 -7.502E-05
  1.2499700E+05 -3.321E-04  4.103E-05 -1.478E-04
  1.2499900E+05 -1.206E-03  9.996E-05  1.488E-04
  1.2500100E+05 -5.668E-03  1.070E-03 -7.647E-03
  1.2500300E+05 -2.870E-02  3.879E-03 -1.731E-02
  1.2500500E+05 -4.076E-02  5.887E-03 -2.985E-02
  1.2500700E+05 -1.045E-01  1.427E-02 -6.498E-02
  1.2500900E+05 -2.065E-01  2.956E-02 -1.476E-01
  1.2501100E+05 -3.225E-01  4.482E-02 -2.115E-01
  1.2501300E+05 -5.886E-01  8.131E-02 -3.792E-01
  1.2501500E+05 -9.361E-01  1.307E-01 -6.235E-01
  1.2501700E+05 -1.290E+00  1.800E-01 -8.564E-01
  1.2501900E+05 -1.816E+00  2.536E-01 -1.209E+00
  1.2502100E+05 -2.355E+00  3.257E-01 -1.524E+00
  1.2502300E+05 -2.771E+00  3.866E-01 -1.843E+00
  1.2502500E+05 -3.387E+00  4.714E-01 -2.237E+00
  1.2502700E+05 -3.709E+00  5.164E-01 -2.451E+00
  1.2502900E+05 -3.927E+00  5.498E-01 -2.642E+00
  1.2503100E+05 -3.764E+00  5.315E-01 -2.601E+00
  1.2503300E+05 -3.594E+00  5.022E-01 -2.406E+00
  1.2503500E+05 -3.178E+00  4.467E-01 -2.168E+00
  1.2503700E+05 -2.636E+00  3.834E-01 -1.992E+00
  1.2503900E+05 -2.289E+00  3.131E-01 -1.436E+00
  1.2504100E+05 -1.798E+00  2.571E-01 -1.296E+00
  1.2504300E+05 -1.385E+00  1.906E-01 -8.904E-01
  1.2504500E+05 -1.024E+00  1.435E-01 -7.012E-01
  1.2504700E+05 -7.273E-01  1.026E-01 -5.065E-01
  1.2504900E+05 -5.191E-01  7.924E-02 -4.564E-01
  1.2505100E+05 -3.146E-01  4.291E-02 -2.006E-01
  1.2505300E+05 -6.556E-02  9.010E-03 -4.694E-02
  1.2505500E+05 -8.967E-02  5.557E-03  3.923E-02
  1.2505700E+05  3.459E-02 -7.475E-03  5.668E-02
  1.2505900E+05  3.258E-02 -6.071E-03  3.816E-02
  1.2506100E+05  1.883E-01 -2.583E-02  1.173E-01
  1.2506300E+05  1.769E-01 -2.248E-02  7.834E-02
  1.2506500E+05  1.989E-01 -2.634E-02  1.085E-01
  1.2506700E+05  1.821E-01 -3.091E-02  1.989E-01
  1.2506900E+05  2.368E-01 -3.492E-02  1.801E-01
  1.2507100E+05  2.530E-01 -3.582E-02  1.740E-01
  1.2507300E+05  1.891E-01 -2.946E-02  1.682E-01
  1.2507500E+05  2.824E-01 -3.863E-02  1.721E-01
  1.2507700E+05  2.283E-01 -3.520E-02  1.999E-01
  1.2507900E+05  2.450E-01 -3.391E-02  1.540E-01
  1.2508100E+05  2.670E-01 -3.730E-02  1.744E-01
  1.2508300E+05  2.210E-01 -3.083E-02  1.458E-01
  1.2508500E+05  2.612E-01 -3.608E-02  1.645E-01
  1.2508700E+05  2.428E-01 -3.180E-02  1.272E-01
  1.2508900E+05  2.107E-01 -3.693E-02  2.506E-01
  1.2509100E+05  2.546E-01 -3.608E-02  1.775E-01
  1.2509300E+05  2.590E-01 -3.366E-02  1.318E-01
  1.2509500E+05  2.808E-01 -3.735E-02  1.571E-01
  1.2509700E+05  2.337E-01 -3.717E-02  2.214E-01
  1.2509900E+05  1.691E-01 -2.835E-02  1.809E-01
  1.2510100E+05  2.799E-01 -3.723E-02  1.541E-01
  1.2510300E+05  2.038E-01 -3.187E-02  1.871E-01
  1.2510500E+05  2.289E-01 -3.074E-02  1.311E-01
  1.2510700E+05  2.389E-01 -3.635E-02  2.046E-01
  1.2510900E+05  2.252E-01 -3.302E-02  1.718E-01
  1.2511100E+05  2.403E-01 -3.242E-02  1.408E-01
  1.2511300E+05  2.044E-01 -3.176E-02  1.823E-01
  1.2511500E+05  2.469E-01 -3.216E-02  1.310E-01
  1.2511700E+05  2.374E-01 -3.249E-02  1.464E-01
  1.2511900E+05  2.336E-01 -3.324E-02  1.653E-01
  1.2512100E+05  1.763E-01 -2.606E-02  1.382E-01
  1.2512300E+05  2.303E-01 -3.285E-02  1.653E-01
  1.2512500E+05  2.385E-01 -3.433E-02  1.707E-01
  1.2512700E+05  1.887E-01 -2.863E-02  1.572E-01
  1.2512900E+05  1.759E-01 -2.594E-02  1.329E-01
  1.2513100E+05  1.909E-01 -2.791E-02  1.457E-01
  1.2513300E+05  2.260E-01 -3.063E-02  1.341E-01
  1.2513500E+05  1.892E-01 -2.671E-02  1.291E-01
  1.2513700E+05  1.953E-01 -2.874E-02  1.538E-01
  1.2513900E+05  2.182E-01 -3.107E-02  1.541E-01
  1.2514100E+05  1.985E-01 -2.912E-02  1.504E-01
  1.2514300E+05  1.939E-01 -2.751E-02  1.370E-01
  1.2514500E+05  2.101E-01 -2.875E-02  1.323E-01
  1.2514700E+05  2.329E-01 -3.175E-02  1.414E-01
  1.2514900E+05  1.926E-01 -2.869E-02  1.518E-01
  1.2515100E+05  1.986E-01 -2.763E-02  1.301E-01
  1.2515300E+05  1.788E-01 -2.420E-02  1.073E-01
  1.2515500E+05  1.815E-01 -2.695E-02  1.437E-01
  1.2515700E+05  1.928E-01 -2.669E-02  1.254E-01
  1.2515900E+05  1.862E-01 -2.390E-02  9.112E-02
  1.2516100E+05  1.876E-01 -2.705E-02  1.365E-01
  1.2516300E+05  1.943E-01 -2.563E-02  1.069E-01
  1.2516500E+05  1.801E-01 -2.686E-02  1.478E-01
  1.2516700E+05  2.102E-01 -2.588E-02  8.663E-02
  1.2516900E+05  1.898E-01 -2.729E-02  1.378E-01
  1.2517100E+05  1.775E-01 -2.569E-02  1.323E-01
  1.2517300E+05  1.788E-01 -2.828E-02  1.689E-01
  1.2517500E+05  1.876E-01 -2.471E-02  1.042E-01
  1.2517700E+05  1.619E-01 -2.314E-02  1.161E-01
  1.2517900E+05  1.729E-01 -2.486E-02  1.256E-01
  1.2518100E+05  1.219E-01 -1.873E-02  1.020E-01
  1.2518300E+05  1.688E-01 -2.228E-02  9.192E-02
  1.2518500E+05  2.095E-01 -2.472E-02  6.895E-02
  1.2518700E+05  2.011E-01 -2.780E-02  1.298E-01
  1.2518900E+05  1.569E-01 -2.306E-02  1.208E-01
  1.2519100E+05  1.476E-01 -2.144E-02  1.092E-01
  1.2519300E+05  1.684E-01 -2.345E-02  1.129E-01
  1.2519500E+05  1.896E-01 -2.649E-02  1.264E-01
  1.2519700E+05  1.722E-01 -2.320E-02  1.027E-01
  1.2519900E+05  1.635E-01 -2.179E-02  9.264E-02
  1.2520100E+05  1.457E-01 -2.124E-02  1.095E-01
  1.2520300E+05  1.511E-01 -2.127E-02  9.982E-02
  1.2520500E+05  1.579E-01 -2.245E-02  1.101E-01
  1.2520700E+05  1.593E-01 -2.386E-02  1.316E-01
  1.2520900E+05  1.583E-01 -2.142E-02  9.637E-02
  1.2521100E+05  1.252E-01 -1.876E-02  9.963E-02
  1.2521300E+05  1.583E-01 -2.244E-02  1.101E-01
  1.2521500E+05  1.778E-01 -2.322E-02  9.575E-02
  1.2521700E+05  1.666E-01 -2.225E-02  9.628E-02
  1.2521900E+05  1.578E-01 -2.172E-02  9.845E-02
  1.2522100E+05  1.464E-01 -2.032E-02  9.771E-02
  1.2522300E+05  1.129E-01 -1.775E-02  1.022E-01
  1.2522500E+05  1.531E-01 -2.159E-02  1.065E-01
  1.2522700E+05  1.560E-01 -2.208E-02  1.105E-01
  1.2522900E+05  1.403E-01 -2.010E-02  1.006E-01
  1.2523100E+05  1.365E-01 -1.783E-02  7.211E-02
  1.2523300E+05  1.296E-01 -2.012E-02  1.146E-01
  1.2523500E+05  1.533E-01 -2.073E-02  9.284E-02
  1.2523700E+05  1.342E-01 -1.775E-02  7.521E-02
  1.2523900E+05  1.517E-01 -1.994E-02  8.194E-02
  1.2524100E+05  1.204E-01 -1.814E-02  1.030E-01
  1.2524300E+05  1.589E-01 -2.186E-02  9.968E-02
  1.2524500E+05  1.205E-01 -1.809E-02  9.930E-02
  1.2524700E+05  1.346E-01 -1.762E-02  7.294E-02
  1.2524900E+05  1.352E-01 -1.939E-02  9.721E-02
  1.2525100E+05  1.466E-01 -2.031E-02  9.663E-02
  1.2525300E+05  1.367E-01 -1.856E-02  8.564E-02
  1.2525500E+05  1.228E-01 -1.955E-02  1.137E-01
  1.2525700E+05  1.288E-01 -1.673E-02  6.625E-02
  1.2525900E+05  1.226E-01 -1.808E-02  9.688E-02
  1.2526100E+05  1.412E-01 -1.826E-02  7.169E-02
  1.2526300E+05  1.208E-01 -1.723E-02  8.784E-02
  1.2526500E+05  1.040E-01 -1.465E-02  7.243E-02
  1.2526700E+05  1.061E-01 -1.580E-02  8.252E-02
  1.2526900E+05  1.340E-01 -1.829E-02  8.231E-02
  1.2527100E+05  1.312E-01 -1.843E-02  8.872E-02
  1.2527300E+05  1.078E-01 -1.511E-02  7.435E-02
  1.2527500E+05  1.190E-01 -1.738E-02  9.150E-02
  1.2527700E+05  1.296E-01 -1.755E-02  7.745E-02
  1.2527900E+05  8.458E-02 -1.269E-02  6.932E-02
  1.2528100E+05  1.344E-01 -1.843E-02  8.292E-02
  1.2528300E+05  1.355E-01 -1.714E-02  6.274E-02
