  1.4475500E+05 -0.000E+00 -0.000E+00  0.000E+00
  1.4475700E+05 -0.000E+00 -0.000E+00  0.000E+00
  1.4475900E+05 -0.000E+00 -0.000E+00  0.000E+00
  1.4476100E+05 -0.000E+00 -0.000E+00  0.000E+00
  1.4476300E+05 -0.000E+00 -0.000E+00  0.000E+00
  1.4476500E+05 -0.000E+00 -0.000E+00  0.000E+00
  1.4476700E+05 -0.000E+00 -0.000E+00  0.000E+00
  1.4476900E+05 -0.000E+00 -0.000E+00  0.000E+00
  1.4477100E+05 -0.000E+00 -0.000E+00  0.000E+00
  1.4477300E+05 -0.000E+00 -0.000E+00  0.000E+00
  1.4477500E+05 -0.000E+00 -0.000E+00  0.000E+00
  1.4477700E+05 -0.000E+00 -0.000E+00  0.000E+00
  1.4477900E+05 -0.000E+00 -0.000E+00  0.000E+00
  1.4478100E+05 -0.000E+00 -0.000E+00  0.000E+00
  1.4478300E+05 -0.000E+00 -0.000E+00  0.000E+00
  1.4478500E+05 -0.000E+00 -0.000E+00  0.000E+00
  1.4478700E+05 -0.000E+00 -0.000E+00  0.000E+00
  1.4478900E+05 -0.000E+00 -0.000E+00  0.000E+00
  1.4479100E+05 -0.000E+00 -0.000E+00  0.000E+00
  1.4479300E+05 -0.000E+00 -0.000E+00  0.000E+00
  1.4479500E+05 -0.000E+00 -0.000E+00  0.000E+00
  1.4479700E+05 -0.000E+00 -0.000E+00  0.000E+00
  1.4479900E+05 -0.000E+00 -0.000E+00  0.000E+00
  1.4480100E+05 -0.000E+00 -0.000E+00  0.000E+00
  1.4480300E+05 -0.000E+00 -0.000E+00  0.000E+00
  1.4480500E+05 -0.000E+00 -0.000E+00  0.000E+00
  1.4480700E+05 -0.000E+00 -0.000E+00  0.000E+00
  1.4480900E+05 -0.000E+00 -0.000E+00  0.000E+00
  1.4481100E+05 -0.000E+00 -0.000E+00  0.000E+00
  1.4481300E+05 -0.000E+00 -0.000E+00  0.000E+00
  1.4481500E+05 -0.000E+00 -0.000E+00  0.000E+00
  1.4481700E+05 -0.000E+00 -0.000E+00  0.000E+00
  1.4481900E+05 -0.000E+00 -0.000E+00  0.000E+00
  1.4482100E+05 -0.000E+00 -0.000E+00  0.000E+00
  1.4482300E+05 -0.000E+00 -0.000E+00  0.000E+00
  1.4482500E+05 -0.000E+00 -0.000E+00  0.000E+00
  1.4482700E+05 -0.000E+00 -0.000E+00  0.000E+00
  1.4482900E+05 -0.000E+00 -0.000E+00  0.000E+00
  1.4483100E+05 -0.000E+00 -0.000E+00  0.000E+00
  1.4483300E+05 -0.000E+00 -0.000E+00  0.000E+00
  1.4483500E+05 -0.000E+00 -0.000E+00  0.000E+00
  1.4483700E+05 -0.000E+00 -0.000E+00  0.000E+00
  1.4483900E+05 -0.000E+00 -0.000E+00  0.000E+00
  1.4484100E+05 -0.000E+00 -0.000E+00  0.000E+00
  1.4484300E+05 -0.000E+00 -0.000E+00  0.000E+00
  1.4484500E+05 -3.248E-05  1.605E-06  1.453E-05
  1.4484700E+05 -1.106E-04  2.834E-05 -2.737E-04
  1.4484900E+05 -5.455E-04  3.554E-05  1.230E-04
  1.4485100E+05 -5.798E-03  7.464E-04 -3.916E-03
  1.4485300E+05 -1.452E-02  1.762E-03 -8.432E-03
  1.4485500E+05 -5.514E-02  6.090E-03 -2.348E-02
  1.4485700E+05 -9.823E-02  1.199E-02 -5.862E-02
  1.4485900E+05 -2.119E-01  2.515E-02 -1.169E-01
  1.4486100E+05 -3.727E-01  4.566E-02 -2.276E-01
  1.4486300E+05 -6.483E-01  7.752E-02 -3.706E-01
  1.4486500E+05 -1.001E+00  1.199E-01 -5.804E-01
  1.4486700E+05 -1.439E+00  1.755E-01 -8.854E-01
  1.4486900E+05 -2.050E+00  2.456E-01 -1.204E+00
  1.4487100E+05 -2.480E+00  3.026E-01 -1.549E+00
  1.4487300E+05 -3.167E+00  3.871E-01 -2.004E+00
  1.4487500E+05 -3.720E+00  4.601E-01 -2.454E+00
  1.4487700E+05 -3.728E+00  4.591E-01 -2.447E+00
  1.4487900E+05 -3.926E+00  4.772E-01 -2.499E+00
  1.4488100E+05 -3.864E+00  4.894E-01 -2.781E+00
  1.4488300E+05 -3.365E+00  4.128E-01 -2.237E+00
  1.4488500E+05 -3.103E+00  3.832E-01 -2.117E+00
  1.4488700E+05 -2.492E+00  3.159E-01 -1.844E+00
  1.4488900E+05 -1.820E+00  2.288E-01 -1.332E+00
  1.4489100E+05 -1.594E+00  1.960E-01 -1.108E+00
  1.4489300E+05 -1.140E+00  1.351E-01 -7.220E-01
  1.4489500E+05 -8.118E-01  9.675E-02 -5.327E-01
  1.4489700E+05 -4.759E-01  6.519E-02 -4.571E-01
  1.4489900E+05 -3.739E-01  4.547E-02 -2.717E-01
  1.4490100E+05 -1.359E-01  1.765E-02 -1.315E-01
  1.4490300E+05 -6.911E-02  8.677E-03 -7.203E-02
  1.4490500E+05  1.226E-02 -3.252E-03  1.341E-02
  1.4490700E+05  1.668E-01 -2.201E-02  1.202E-01
  1.4490900E+05  9.173E-02 -1.864E-02  1.610E-01
  1.4491100E+05  8.682E-02 -1.485E-02  1.087E-01
  1.4491300E+05  1.464E-01 -1.863E-02  9.520E-02
  1.4491500E+05  2.648E-01 -2.936E-02  1.168E-01
  1.4491700E+05  2.192E-01 -3.052E-02  1.925E-01
  1.4491900E+05  2.190E-01 -2.643E-02  1.283E-01
  1.4492100E+05  2.156E-01 -2.533E-02  1.180E-01
  1.4492300E+05  2.863E-01 -3.359E-02  1.579E-01
  1.4492500E+05  2.791E-01 -3.402E-02  1.714E-01
  1.4492700E+05  2.831E-01 -3.285E-02  1.503E-01
  1.4492900E+05  2.349E-01 -3.194E-02  1.999E-01
  1.4493100E+05  2.039E-01 -3.178E-02  2.352E-01
  1.4493300E+05  2.224E-01 -2.794E-02  1.528E-01
  1.4493500E+05  2.063E-01 -2.795E-02  1.723E-01
  1.4493700E+05  2.599E-01 -3.097E-02  1.528E-01
  1.4493900E+05  2.976E-01 -3.508E-02  1.711E-01
  1.4494100E+05  2.179E-01 -2.812E-02  1.614E-01
  1.4494300E+05  1.965E-01 -2.620E-02  1.584E-01
  1.4494500E+05  2.288E-01 -2.782E-02  1.412E-01
  1.4494700E+05  2.333E-01 -2.848E-02  1.492E-01
  1.4494900E+05  2.191E-01 -2.924E-02  1.766E-01
  1.4495100E+05  1.930E-01 -2.450E-02  1.374E-01
  1.4495300E+05  2.515E-01 -3.082E-02  1.613E-01
  1.4495500E+05  2.701E-01 -3.006E-02  1.266E-01
  1.4495700E+05  2.208E-01 -2.977E-02  1.830E-01
  1.4495900E+05  2.340E-01 -3.107E-02  1.906E-01
  1.4496100E+05  2.165E-01 -3.008E-02  1.934E-01
  1.4496300E+05  2.145E-01 -2.597E-02  1.318E-01
  1.4496500E+05  2.110E-01 -2.519E-02  1.258E-01
  1.4496700E+05  2.448E-01 -2.872E-02  1.399E-01
  1.4496900E+05  2.244E-01 -2.610E-02  1.242E-01
  1.4497100E+05  1.988E-01 -2.735E-02  1.770E-01
  1.4497300E+05  1.942E-01 -2.517E-02  1.462E-01
  1.4497500E+05  2.230E-01 -2.693E-02  1.403E-01
  1.4497700E+05  2.158E-01 -2.747E-02  1.546E-01
  1.4497900E+05  2.129E-01 -2.578E-02  1.319E-01
  1.4498100E+05  1.968E-01 -2.512E-02  1.426E-01
  1.4498300E+05  1.882E-01 -2.346E-02  1.316E-01
  1.4498500E+05  1.800E-01 -2.115E-02  1.011E-01
  1.4498700E+05  2.331E-01 -2.693E-02  1.274E-01
  1.4498900E+05  2.079E-01 -2.610E-02  1.444E-01
  1.4499100E+05  2.537E-01 -3.099E-02  1.638E-01
  1.4499300E+05  1.995E-01 -2.593E-02  1.531E-01
  1.4499500E+05  1.589E-01 -2.140E-02  1.319E-01
  1.4499700E+05  1.940E-01 -2.337E-02  1.232E-01
  1.4499900E+05  2.239E-01 -2.612E-02  1.241E-01
  1.4500100E+05  1.928E-01 -2.364E-02  1.272E-01
  1.4500300E+05  1.806E-01 -2.220E-02  1.166E-01
  1.4500500E+05  1.984E-01 -2.420E-02  1.266E-01
  1.4500700E+05  2.045E-01 -2.383E-02  1.130E-01
  1.4500900E+05  1.574E-01 -2.071E-02  1.211E-01
  1.4501100E+05  1.558E-01 -2.007E-02  1.165E-01
  1.4501300E+05  1.743E-01 -2.242E-02  1.312E-01
  1.4501500E+05  1.857E-01 -2.150E-02  1.010E-01
  1.4501700E+05  1.757E-01 -2.311E-02  1.390E-01
  1.4501900E+05  1.916E-01 -2.488E-02  1.509E-01
  1.4502100E+05  1.518E-01 -1.705E-02  7.143E-02
  1.4502300E+05  1.924E-01 -2.313E-02  1.189E-01
  1.4502500E+05  1.758E-01 -2.172E-02  1.160E-01
  1.4502700E+05  1.429E-01 -1.903E-02  1.169E-01
  1.4502900E+05  1.827E-01 -2.348E-02  1.401E-01
  1.4503100E+05  1.424E-01 -1.930E-02  1.216E-01
  1.4503300E+05  1.842E-01 -2.105E-02  9.398E-02
  1.4503500E+05  1.876E-01 -2.193E-02  1.013E-01
  1.4503700E+05  1.663E-01 -2.068E-02  1.163E-01
  1.4503900E+05  1.702E-01 -2.041E-02  1.067E-01
  1.4504100E+05  1.666E-01 -2.098E-02  1.157E-01
  1.4504300E+05  1.423E-01 -1.742E-02  9.460E-02
  1.4504500E+05  1.519E-01 -1.948E-02  1.132E-01
  1.4504700E+05  1.284E-01 -1.804E-02  1.185E-01
  1.4504900E+05  1.381E-01 -1.732E-02  9.780E-02
  1.4505100E+05  1.669E-01 -2.010E-02  1.064E-01
  1.4505300E+05  1.599E-01 -1.820E-02  8.203E-02
  1.4505500E+05  1.509E-01 -1.783E-02  8.811E-02
  1.4505700E+05  1.526E-01 -1.974E-02  1.143E-01
  1.4505900E+05  1.495E-01 -1.849E-02  1.010E-01
  1.4506100E+05  1.421E-01 -1.747E-02  9.557E-02
  1.4506300E+05  1.403E-01 -1.611E-02  7.526E-02
  1.4506500E+05  1.468E-01 -1.792E-02  9.327E-02
  1.4506700E+05  1.581E-01 -1.902E-02  9.601E-02
  1.4506900E+05  1.454E-01 -1.854E-02  1.098E-01
  1.4507100E+05  1.382E-01 -1.647E-02  8.576E-02
  1.4507300E+05  1.400E-01 -1.680E-02  8.562E-02
  1.4507500E+05  1.317E-01 -1.523E-02  7.308E-02
  1.4507700E+05  1.272E-01 -1.519E-02  7.769E-02
  1.4507900E+05  1.612E-01 -1.941E-02  1.007E-01
  1.4508100E+05  1.278E-01 -1.620E-02  9.392E-02
  1.4508300E+05  1.584E-01 -1.870E-02  9.387E-02
  1.4508500E+05  1.318E-01 -1.599E-02  8.170E-02
  1.4508700E+05  1.535E-01 -1.849E-02  9.985E-02
  1.4508900E+05  1.219E-01 -1.730E-02  1.151E-01
  1.4509100E+05  1.397E-01 -1.579E-02  7.010E-02
  1.4509300E+05  1.226E-01 -1.551E-02  8.941E-02
  1.4509500E+05  1.278E-01 -1.672E-02  1.021E-01
  1.4509700E+05  1.261E-01 -1.541E-02  8.132E-02
  1.4509900E+05  1.453E-01 -1.804E-02  9.930E-02
  1.4510100E+05  1.420E-01 -1.764E-02  9.870E-02
  1.4510300E+05  1.308E-01 -1.599E-02  8.094E-02
  1.4510500E+05  1.358E-01 -1.619E-02  8.102E-02
  1.4510700E+05  1.282E-01 -1.568E-02  8.308E-02
  1.4510900E+05  1.244E-01 -1.630E-02  9.926E-02
  1.4511100E+05  1.443E-01 -1.669E-02  7.949E-02
  1.4511300E+05  1.229E-01 -1.555E-02  8.799E-02
  1.4511500E+05  1.398E-01 -1.754E-02  9.901E-02
  1.4511700E+05  9.045E-02 -1.255E-02  8.384E-02
  1.4511900E+05  1.049E-01 -1.207E-02  5.886E-02
  1.4512100E+05  1.218E-01 -1.273E-02  4.671E-02
  1.4512300E+05  1.118E-01 -1.417E-02  8.212E-02
  1.4512500E+05  9.275E-02 -1.269E-02  8.073E-02
  1.4512700E+05  1.207E-01 -1.409E-02  7.611E-02
  1.4512900E+05  1.270E-01 -1.493E-02  7.190E-02
  1.4513100E+05  1.112E-01 -1.309E-02  6.407E-02
  1.4513300E+05  1.392E-01 -1.590E-02  7.094E-02
