  7.9849000E+04 -0.000E+00 -0.000E+00  0.000E+00
  7.9851000E+04 -0.000E+00 -0.000E+00  0.000E+00
  7.9853000E+04 -0.000E+00 -0.000E+00  0.000E+00
  7.9855000E+04 -0.000E+00 -0.000E+00  0.000E+00
  7.9857000E+04 -0.000E+00 -0.000E+00  0.000E+00
  7.9859000E+04 -0.000E+00 -0.000E+00  0.000E+00
  7.9861000E+04 -0.000E+00 -0.000E+00  0.000E+00
  7.9863000E+04 -0.000E+00 -0.000E+00  0.000E+00
  7.9865000E+04 -0.000E+00 -0.000E+00  0.000E+00
  7.9867000E+04 -0.000E+00 -0.000E+00  0.000E+00
  7.9869000E+04 -0.000E+00 -0.000E+00  0.000E+00
  7.9871000E+04 -0.000E+00 -0.000E+00  0.000E+00
  7.9873000E+04 -0.000E+00 -0.000E+00  0.000E+00
  7.9875000E+04 -0.000E+00 -0.000E+00  0.000E+00
  7.9877000E+04 -0.000E+00 -0.000E+00  0.000E+00
  7.9879000E+04 -0.000E+00 -0.000E+00  0.000E+00
  7.9881000E+04 -0.000E+00 -0.000E+00  0.000E+00
  7.9883000E+04 -0.000E+00 -0.000E+00  0.000E+00
  7.9885000E+04 -0.000E+00 -0.000E+00  0.000E+00
  7.9887000E+04 -0.000E+00 -0.000E+00  0.000E+00
  7.9889000E+04 -0.000E+00 -0.000E+00  0.000E+00
  7.9891000E+04 -0.000E+00 -0.000E+00  0.000E+00
  7.9893000E+04 -0.000E+00 -0.000E+00  0.000E+00
  7.9895000E+04 -0.000E+00 -0.000E+00  0.000E+00
  7.9897000E+04 -0.000E+00 -0.000E+00  0.000E+00
  7.9899000E+04 -0.000E+00 -0.000E+00  0.000E+00
  7.9901000E+04 -0.000E+00 -0.000E+00  0.000E+00
  7.9903000E+04 -0.000E+00 -0.000E+00  0.000E+00
  7.9905000E+04 -0.000E+00 -0.000E+00  0.000E+00
  7.9907000E+04 -0.000E+00 -0.000E+00  0.000E+00
  7.9909000E+04 -0.000E+00 -0.000E+00  0.000E+00
  7.9911000E+04 -0.000E+00 -0.000E+00  0.000E+00
  7.9913000E+04 -0.000E+00 -0.000E+00  0.000E+00
  7.9915000E+04 -0.000E+00 -0.000E+00  0.000E+00
  7.9917000E+04 -0.000E+00 -0.000E+00  0.000E+00
  7.9919000E+04 -0.000E+00 -0.000E+00  0.000E+00
  7.9921000E+04 -0.000E+00 -0.000E+00  0.000E+00
  7.9923000E+04 -0.000E+00 -0.000E+00  0.000E+00
  7.9925000E+04  5.981E-05  5.612E-06 -1.238E-04
  7.9927000E+04 -1.435E-03  1.078E-04 -6.801E-04
  7.9929000E+04 -6.701E-04  8.044E-05 -1.108E-03
  7.9931000E+04  1.293E-03 -1.288E-04  1.273E-03
  7.9933000E+04 -3.689E-04 -2.517E-05  7.191E-04
  7.9935000E+04 -4.424E-04  3.324E-05 -1.133E-04
  7.9937000E+04  2.115E-04 -3.186E-05  4.677E-04
  7.9939000E+04 -4.686E-04 -2.558E-05  3.542E-04
  7.9941000E+04 -1.057E-02  4.351E-04  1.782E-03
  7.9943000E+04  5.098E-03 -4.755E-04  2.983E-03
  7.9945000E+04 -2.958E-03  7.378E-04 -6.738E-03
  7.9947000E+04 -1.794E-02  2.553E-03 -1.828E-02
  7.9949000E+04 -4.708E-02  5.676E-03 -3.153E-02
  7.9951000E+04 -1.074E-01  1.302E-02 -7.259E-02
  7.9953000E+04 -1.627E-01  1.900E-02 -1.017E-01
  7.9955000E+04 -3.277E-01  3.913E-02 -2.189E-01
  7.9957000E+04 -5.114E-01  6.055E-02 -3.367E-01
  7.9959000E+04 -7.318E-01  8.497E-02 -4.652E-01
  7.9961000E+04 -1.002E+00  1.161E-01 -6.387E-01
  7.9963000E+04 -1.367E+00  1.541E-01 -8.200E-01
  7.9965000E+04 -1.859E+00  2.189E-01 -1.252E+00
  7.9967000E+04 -2.302E+00  2.656E-01 -1.490E+00
  7.9969000E+04 -2.665E+00  2.990E-01 -1.629E+00
  7.9971000E+04 -3.280E+00  3.743E-01 -2.109E+00
  7.9973000E+04 -3.573E+00  3.999E-01 -2.204E+00
  7.9975000E+04 -3.291E+00  3.761E-01 -2.163E+00
  7.9977000E+04 -3.636E+00  4.081E-01 -2.314E+00
  7.9979000E+04 -3.530E+00  4.096E-01 -2.451E+00
  7.9981000E+04 -3.288E+00  3.586E-01 -1.985E+00
  7.9983000E+04 -2.898E+00  3.196E-01 -1.817E+00
  7.9985000E+04 -2.813E+00  3.063E-01 -1.732E+00
  7.9987000E+04 -2.360E+00  2.595E-01 -1.513E+00
  7.9989000E+04 -1.689E+00  1.800E-01 -1.015E+00
  7.9991000E+04 -1.616E+00  1.745E-01 -1.012E+00
  7.9993000E+04 -1.049E+00  1.227E-01 -8.019E-01
  7.9995000E+04 -9.249E-01  9.994E-02 -6.063E-01
  7.9997000E+04 -5.456E-01  6.018E-02 -3.906E-01
  7.9999000E+04 -4.327E-01  4.716E-02 -3.035E-01
  8.0001000E+04 -2.335E-01  3.053E-02 -2.487E-01
  8.0003000E+04 -1.977E-01  1.684E-02 -9.022E-02
  8.0005000E+04 -1.401E-01  7.975E-03 -1.242E-02
  8.0007000E+04 -6.459E-02  6.850E-03 -6.912E-02
  8.0009000E+04  8.079E-02 -1.406E-02  8.430E-02
  8.0011000E+04  9.330E-02 -1.132E-02  4.926E-02
  8.0013000E+04  1.458E-01 -1.867E-02  1.134E-01
  8.0015000E+04  1.459E-01 -2.292E-02  1.640E-01
  8.0017000E+04  2.137E-01 -2.214E-02  9.694E-02
  8.0019000E+04  2.701E-01 -3.038E-02  1.623E-01
  8.0021000E+04  1.948E-01 -2.537E-02  1.590E-01
  8.0023000E+04  2.293E-01 -2.420E-02  1.161E-01
  8.0025000E+04  3.119E-01 -3.173E-02  1.416E-01
  8.0027000E+04  3.036E-01 -3.204E-02  1.554E-01
  8.0029000E+04  1.985E-01 -2.246E-02  1.183E-01
  8.0031000E+04  2.857E-01 -3.674E-02  2.419E-01
  8.0033000E+04  2.827E-01 -3.141E-02  1.740E-01
  8.0035000E+04  2.598E-01 -2.661E-02  1.234E-01
  8.0037000E+04  2.146E-01 -2.410E-02  1.262E-01
  8.0039000E+04  2.902E-01 -3.280E-02  1.849E-01
  8.0041000E+04  2.529E-01 -3.282E-02  2.178E-01
  8.0043000E+04  2.080E-01 -3.032E-02  2.224E-01
  8.0045000E+04  2.858E-01 -3.151E-02  1.674E-01
  8.0047000E+04  3.278E-01 -3.439E-02  1.867E-01
  8.0049000E+04  2.993E-01 -3.344E-02  1.930E-01
  8.0051000E+04  2.262E-01 -2.626E-02  1.516E-01
  8.0053000E+04  2.240E-01 -2.664E-02  1.590E-01
  8.0055000E+04  2.987E-01 -3.229E-02  1.662E-01
  8.0057000E+04  2.687E-01 -3.037E-02  1.720E-01
  8.0059000E+04  2.332E-01 -2.874E-02  1.724E-01
  8.0061000E+04  2.478E-01 -2.501E-02  1.159E-01
  8.0063000E+04  2.193E-01 -2.218E-02  1.019E-01
  8.0065000E+04  2.252E-01 -2.657E-02  1.637E-01
  8.0067000E+04  2.623E-01 -2.880E-02  1.569E-01
  8.0069000E+04  2.271E-01 -2.628E-02  1.588E-01
  8.0071000E+04  2.182E-01 -2.521E-02  1.442E-01
  8.0073000E+04  2.575E-01 -2.868E-02  1.555E-01
  8.0075000E+04  2.370E-01 -2.280E-02  1.030E-01
  8.0077000E+04  2.238E-01 -2.584E-02  1.586E-01
  8.0079000E+04  2.172E-01 -2.748E-02  1.822E-01
  8.0081000E+04  1.802E-01 -2.281E-02  1.435E-01
  8.0083000E+04  2.529E-01 -3.436E-02  1.818E-01
  8.0085000E+04  2.725E-01 -3.138E-02  1.682E-01
  8.0087000E+04  2.596E-01 -2.127E-02  1.308E-01
  8.0089000E+04  3.098E-01 -3.047E-02  1.486E-01
  8.0091000E+04  1.800E-01 -1.783E-02  1.203E-01
  8.0093000E+04  1.844E-01 -2.640E-02  1.412E-01
  8.0095000E+04  1.525E-01 -2.564E-02  1.352E-01
  8.0097000E+04  2.481E-01 -2.304E-02  1.348E-01
  8.0099000E+04  2.139E-01 -2.396E-02  1.142E-01
  8.0101000E+04  1.714E-01 -3.024E-02  1.749E-01
  8.0103000E+04  2.678E-01 -1.844E-02  1.184E-01
  8.0105000E+04  2.360E-01 -2.969E-02  1.741E-01
  8.0107000E+04  1.890E-01 -1.878E-02  9.764E-02
  8.0109000E+04  2.152E-01 -2.293E-02  1.427E-01
  8.0111000E+04  1.784E-01 -3.392E-02  1.812E-01
  8.0113000E+04  1.709E-01 -2.955E-02  1.646E-01
  8.0115000E+04  1.846E-01 -1.165E-02  7.353E-02
  8.0117000E+04  2.111E-01 -1.706E-02  9.927E-02
  8.0119000E+04  2.171E-01 -2.392E-02  1.314E-01
  8.0121000E+04  1.953E-01 -1.840E-02  9.342E-02
  8.0123000E+04  2.214E-01 -2.124E-02  1.178E-01
  8.0125000E+04  1.646E-01 -1.770E-02  1.065E-01
  8.0127000E+04  2.231E-01 -2.640E-02  1.593E-01
  8.0129000E+04  1.887E-01 -2.003E-02  1.231E-01
  8.0131000E+04  1.397E-01 -1.690E-02  1.145E-01
  8.0133000E+04  1.527E-01 -1.445E-02  9.905E-02
  8.0135000E+04  2.143E-01 -2.314E-02  1.219E-01
  8.0137000E+04  2.121E-01 -2.456E-02  1.407E-01
  8.0139000E+04  1.417E-01 -1.642E-02  1.218E-01
  8.0141000E+04  2.097E-01 -2.385E-02  1.271E-01
  8.0143000E+04  1.857E-01 -1.734E-02  1.207E-01
  8.0145000E+04  1.661E-01 -2.081E-02  1.534E-01
  8.0147000E+04  1.926E-01 -2.476E-02  1.087E-01
  8.0149000E+04  1.674E-01 -2.110E-02  9.122E-02
  8.0151000E+04  1.662E-01 -1.675E-02  9.790E-02
  8.0153000E+04  1.372E-01 -1.707E-02  9.642E-02
  8.0155000E+04  1.310E-01 -1.656E-02  1.243E-01
  8.0157000E+04  1.520E-01 -1.613E-02  7.606E-02
  8.0159000E+04  1.869E-01 -1.645E-02  8.257E-02
  8.0161000E+04  1.860E-01 -1.764E-02  7.657E-02
  8.0163000E+04  1.494E-01 -2.310E-02  1.402E-01
  8.0165000E+04  1.927E-01 -2.030E-02  8.531E-02
  8.0167000E+04  1.749E-01 -2.129E-02  1.318E-01
  8.0169000E+04  1.769E-01 -1.979E-02  1.144E-01
  8.0171000E+04  1.529E-01 -1.644E-02  9.947E-02
  8.0173000E+04  1.608E-01 -1.514E-02  7.578E-02
  8.0175000E+04  1.642E-01 -1.823E-02  1.104E-01
  8.0177000E+04  1.717E-01 -1.870E-02  9.638E-02
  8.0179000E+04  1.619E-01 -1.910E-02  1.113E-01
  8.0181000E+04  1.352E-01 -1.749E-02  1.090E-01
  8.0183000E+04  1.445E-01 -1.879E-02  1.096E-01
  8.0185000E+04  1.342E-01 -1.695E-02  1.034E-01
  8.0187000E+04  1.657E-01 -1.947E-02  9.969E-02
  8.0189000E+04  1.364E-01 -2.411E-02  1.241E-01
  8.0191000E+04  1.566E-01 -1.319E-02  6.304E-02
  8.0193000E+04  1.487E-01 -2.100E-02  1.213E-01
  8.0195000E+04  1.713E-01 -1.529E-02  8.298E-02
  8.0197000E+04  1.594E-01 -1.285E-02  7.746E-02
  8.0199000E+04  1.477E-01 -1.655E-02  9.308E-02
  8.0201000E+04  1.683E-01 -1.311E-02  8.254E-02
  8.0203000E+04  1.488E-01 -1.352E-02  8.566E-02
  8.0205000E+04  1.499E-01 -1.728E-02  9.058E-02
  8.0207000E+04  1.549E-01 -1.626E-02  8.447E-02
  8.0209000E+04  1.228E-01 -1.629E-02  7.108E-02
  8.0211000E+04  1.282E-01 -1.691E-02  9.980E-02
  8.0213000E+04  1.344E-01 -1.591E-02  9.300E-02
  8.0215000E+04  1.304E-01 -1.624E-02  1.039E-01
  8.0217000E+04  1.319E-01 -1.500E-02  9.109E-02
  8.0219000E+04  1.355E-01 -1.536E-02  9.564E-02
  8.0221000E+04  1.485E-01 -1.550E-02  8.426E-02
  8.0223000E+04  1.186E-01 -1.383E-02  8.984E-02
  8.0225000E+04  1.013E-01 -1.241E-02  9.140E-02
  8.0227000E+04  1.203E-01 -1.169E-02  5.209E-02
