 -3.1791000E+04 -0.000E+00 -0.000E+00  0.000E+00
 -3.1789000E+04 -0.000E+00 -0.000E+00  0.000E+00
 -3.1787000E+04 -0.000E+00 -0.000E+00  0.000E+00
 -3.1785000E+04 -0.000E+00 -0.000E+00  0.000E+00
 -3.1783000E+04 -0.000E+00 -0.000E+00  0.000E+00
 -3.1781000E+04 -0.000E+00 -0.000E+00  0.000E+00
 -3.1779000E+04 -0.000E+00 -0.000E+00  0.000E+00
 -3.1777000E+04 -0.000E+00 -0.000E+00  0.000E+00
 -3.1775000E+04 -0.000E+00 -0.000E+00  0.000E+00
 -3.1773000E+04 -0.000E+00 -0.000E+00  0.000E+00
 -3.1771000E+04 -0.000E+00 -0.000E+00  0.000E+00
 -3.1769000E+04 -0.000E+00 -0.000E+00  0.000E+00
 -3.1767000E+04 -0.000E+00 -0.000E+00  0.000E+00
 -3.1765000E+04 -0.000E+00 -0.000E+00  0.000E+00
 -3.1763000E+04 -0.000E+00 -0.000E+00  0.000E+00
 -3.1761000E+04 -0.000E+00 -0.000E+00  0.000E+00
 -3.1759000E+04 -0.000E+00 -0.000E+00  0.000E+00
 -3.1757000E+04 -0.000E+00 -0.000E+00  0.000E+00
 -3.1755000E+04 -0.000E+00 -0.000E+00  0.000E+00
 -3.1753000E+04 -0.000E+00 -0.000E+00  0.000E+00
 -3.1751000E+04 -0.000E+00 -0.000E+00  0.000E+00
 -3.1749000E+04 -0.000E+00 -0.000E+00  0.000E+00
 -3.1747000E+04 -0.000E+00 -0.000E+00  0.000E+00
 -3.1745000E+04 -0.000E+00 -0.000E+00  0.000E+00
 -3.1743000E+04 -0.000E+00 -0.000E+00  0.000E+00
 -3.1741000E+04 -0.000E+00 -0.000E+00  0.000E+00
 -3.1739000E+04 -0.000E+00 -0.000E+00  0.000E+00
 -3.1737000E+04 -0.000E+00 -0.000E+00  0.000E+00
 -3.1735000E+04 -0.000E+00 -0.000E+00  0.000E+00
 -3.1733000E+04 -0.000E+00 -0.000E+00  0.000E+00
 -3.1731000E+04 -0.000E+00 -0.000E+00  0.000E+00
 -3.1729000E+04 -0.000E+00 -0.000E+00  0.000E+00
 -3.1727000E+04 -0.000E+00 -0.000E+00  0.000E+00
 -3.1725000E+04 -0.000E+00 -0.000E+00  0.000E+00
 -3.1723000E+04 -0.000E+00 -0.000E+00  0.000E+00
 -3.1721000E+04 -0.000E+00 -0.000E+00  0.000E+00
 -3.1719000E+04 -0.000E+00 -0.000E+00  0.000E+00
 -3.1717000E+04 -0.000E+00 -0.000E+00  0.000E+00
 -3.1715000E+04 -0.000E+00 -0.000E+00  0.000E+00
 -3.1713000E+04 -0.000E+00 -0.000E+00  0.000E+00
 -3.1711000E+04 -0.000E+00 -0.000E+00  0.000E+00
 -3.1709000E+04 -0.000E+00 -0.000E+00  0.000E+00
 -3.1707000E+04 -0.000E+00 -0.000E+00  0.000E+00
 -3.1705000E+04 -0.000E+00 -0.000E+00  0.000E+00
 -3.1703000E+04  2.571E-09 -1.040E-09  9.865E-09
 -3.1701000E+04  5.804E-05  3.366E-07 -4.868E-05
 -3.1699000E+04 -4.682E-04  4.195E-05 -1.178E-04
 -3.1697000E+04 -7.581E-04  7.370E-05 -2.573E-04
 -3.1695000E+04 -8.670E-04  2.485E-04 -2.148E-03
 -3.1693000E+04 -3.021E-03  3.203E-04 -1.347E-03
 -3.1691000E+04 -1.076E-02  1.478E-03 -8.568E-03
 -3.1689000E+04 -9.080E-03  1.264E-03 -7.596E-03
 -3.1687000E+04 -3.356E-02  4.453E-03 -2.553E-02
 -3.1685000E+04 -5.773E-02  8.062E-03 -4.857E-02
 -3.1683000E+04 -9.034E-02  1.267E-02 -7.688E-02
 -3.1681000E+04 -1.325E-01  1.820E-02 -1.090E-01
 -3.1679000E+04 -2.490E-01  3.186E-02 -1.792E-01
 -3.1677000E+04 -3.286E-01  4.101E-02 -2.256E-01
 -3.1675000E+04 -4.894E-01  6.104E-02 -3.374E-01
 -3.1673000E+04 -5.810E-01  7.398E-02 -4.199E-01
 -3.1671000E+04 -8.217E-01  1.041E-01 -5.910E-01
 -3.1669000E+04 -1.072E+00  1.313E-01 -7.235E-01
 -3.1667000E+04 -1.232E+00  1.508E-01 -8.349E-01
 -3.1665000E+04 -1.585E+00  1.872E-01 -1.004E+00
 -3.1663000E+04 -1.722E+00  2.016E-01 -1.077E+00
 -3.1661000E+04 -1.922E+00  2.398E-01 -1.373E+00
 -3.1659000E+04 -2.344E+00  2.859E-01 -1.610E+00
 -3.1657000E+04 -2.640E+00  2.942E-01 -1.514E+00
 -3.1655000E+04 -2.932E+00  3.262E-01 -1.685E+00
 -3.1653000E+04 -2.832E+00  3.238E-01 -1.735E+00
 -3.1651000E+04 -2.752E+00  3.108E-01 -1.655E+00
 -3.1649000E+04 -2.835E+00  3.353E-01 -1.884E+00
 -3.1647000E+04 -3.027E+00  3.445E-01 -1.872E+00
 -3.1645000E+04 -2.951E+00  3.203E-01 -1.663E+00
 -3.1643000E+04 -3.082E+00  3.331E-01 -1.730E+00
 -3.1641000E+04 -2.795E+00  2.977E-01 -1.534E+00
 -3.1639000E+04 -2.225E+00  2.458E-01 -1.333E+00
 -3.1637000E+04 -2.241E+00  2.511E-01 -1.388E+00
 -3.1635000E+04 -2.297E+00  2.449E-01 -1.293E+00
 -3.1633000E+04 -1.951E+00  2.006E-01 -1.029E+00
 -3.1631000E+04 -1.614E+00  1.704E-01 -9.075E-01
 -3.1629000E+04 -1.279E+00  1.388E-01 -7.698E-01
 -3.1627000E+04 -1.157E+00  1.412E-01 -8.807E-01
 -3.1625000E+04 -1.077E+00  1.177E-01 -6.712E-01
 -3.1623000E+04 -9.087E-01  8.565E-02 -4.153E-01
 -3.1621000E+04 -7.294E-01  7.222E-02 -3.839E-01
 -3.1619000E+04 -6.308E-01  6.396E-02 -3.510E-01
 -3.1617000E+04 -3.535E-01  4.337E-02 -2.967E-01
 -3.1615000E+04 -3.625E-01  3.431E-02 -1.957E-01
 -3.1613000E+04 -2.928E-01  3.785E-02 -2.707E-01
 -3.1611000E+04 -1.065E-01  9.115E-03 -6.898E-02
 -3.1609000E+04 -1.754E-01  1.294E-04  7.222E-02
 -3.1607000E+04  6.525E-02 -7.252E-03  1.335E-02
 -3.1605000E+04  8.715E-02  1.778E-05 -8.089E-02
 -3.1603000E+04  1.186E-01 -1.913E-02  1.097E-01
 -3.1601000E+04  5.053E-02 -4.854E-03  4.001E-03
 -3.1599000E+04  1.988E-01 -1.790E-02  4.987E-02
 -3.1597000E+04  1.229E-01 -1.724E-02  8.710E-02
 -3.1595000E+04  1.782E-01 -1.165E-02 -7.484E-05
 -3.1593000E+04  1.746E-01 -2.759E-02  1.779E-01
 -3.1591000E+04  2.257E-01 -3.197E-02  1.945E-01
 -3.1589000E+04  2.355E-01 -3.183E-02  1.863E-01
 -3.1587000E+04  3.082E-01 -3.413E-02  1.682E-01
 -3.1585000E+04  2.676E-01 -2.769E-02  1.268E-01
 -3.1583000E+04  2.479E-01 -2.974E-02  1.616E-01
 -3.1581000E+04  2.998E-01 -3.361E-02  1.753E-01
 -3.1579000E+04  2.814E-01 -3.476E-02  1.920E-01
 -3.1577000E+04  2.655E-01 -3.592E-02  2.196E-01
 -3.1575000E+04  2.558E-01 -2.992E-02  1.607E-01
 -3.1573000E+04  3.049E-01 -2.993E-02  1.296E-01
 -3.1571000E+04  3.398E-01 -3.528E-02  1.739E-01
 -3.1569000E+04  3.240E-01 -3.981E-02  2.280E-01
 -3.1567000E+04  3.035E-01 -3.409E-02  1.768E-01
 -3.1565000E+04  2.798E-01 -3.118E-02  1.611E-01
 -3.1563000E+04  2.677E-01 -3.410E-02  2.012E-01
 -3.1561000E+04  3.068E-01 -2.992E-02  1.301E-01
 -3.1559000E+04  2.780E-01 -2.975E-02  1.474E-01
 -3.1557000E+04  3.032E-01 -3.153E-02  1.511E-01
 -3.1555000E+04  3.042E-01 -3.219E-02  1.618E-01
 -3.1553000E+04  2.723E-01 -3.176E-02  1.717E-01
 -3.1551000E+04  3.088E-01 -3.091E-02  1.422E-01
 -3.1549000E+04  3.153E-01 -3.319E-02  1.642E-01
 -3.1547000E+04  2.820E-01 -3.549E-02  2.104E-01
 -3.1545000E+04  2.627E-01 -3.606E-02  2.311E-01
 -3.1543000E+04  3.073E-01 -3.048E-02  1.436E-01
 -3.1541000E+04  3.739E-01 -3.524E-02  1.515E-01
 -3.1539000E+04  3.071E-01 -3.372E-02  1.739E-01
 -3.1537000E+04  2.454E-01 -3.084E-02  1.805E-01
 -3.1535000E+04  2.889E-01 -3.389E-02  1.900E-01
 -3.1533000E+04  2.939E-01 -3.276E-02  1.753E-01
 -3.1531000E+04  2.597E-01 -2.586E-02  1.167E-01
 -3.1529000E+04  2.730E-01 -3.592E-02  2.193E-01
 -3.1527000E+04  3.276E-01 -3.045E-02  1.276E-01
 -3.1525000E+04  3.046E-01 -3.439E-02  1.901E-01
 -3.1523000E+04  2.457E-01 -3.388E-02  2.155E-01
 -3.1521000E+04  2.862E-01 -2.874E-02  1.328E-01
 -3.1519000E+04  2.550E-01 -2.935E-02  1.651E-01
 -3.1517000E+04  2.468E-01 -2.660E-02  1.371E-01
 -3.1515000E+04  2.154E-01 -2.888E-02  1.778E-01
 -3.1513000E+04  2.573E-01 -3.218E-02  1.877E-01
 -3.1511000E+04  2.410E-01 -2.390E-02  1.073E-01
 -3.1509000E+04  2.833E-01 -2.544E-02  1.055E-01
 -3.1507000E+04  2.495E-01 -3.022E-02  1.725E-01
 -3.1505000E+04  2.408E-01 -2.735E-02  1.513E-01
 -3.1503000E+04  2.732E-01 -2.965E-02  1.546E-01
 -3.1501000E+04  2.365E-01 -3.011E-02  1.817E-01
 -3.1499000E+04  2.567E-01 -2.886E-02  1.571E-01
 -3.1497000E+04  2.629E-01 -2.943E-02  1.592E-01
 -3.1495000E+04  1.816E-01 -2.474E-02  1.547E-01
 -3.1493000E+04  2.499E-01 -2.387E-02  1.067E-01
 -3.1491000E+04  2.522E-01 -2.675E-02  1.370E-01
 -3.1489000E+04  2.032E-01 -2.306E-02  1.244E-01
 -3.1487000E+04  1.923E-01 -2.500E-02  1.543E-01
 -3.1485000E+04  2.332E-01 -2.490E-02  1.270E-01
 -3.1483000E+04  2.378E-01 -2.713E-02  1.492E-01
 -3.1481000E+04  2.026E-01 -1.980E-02  9.515E-02
 -3.1479000E+04  2.194E-01 -2.512E-02  1.344E-01
 -3.1477000E+04  2.473E-01 -2.904E-02  1.634E-01
 -3.1475000E+04  1.986E-01 -2.762E-02  1.793E-01
 -3.1473000E+04  2.254E-01 -2.322E-02  1.101E-01
 -3.1471000E+04  1.923E-01 -2.226E-02  1.200E-01
 -3.1469000E+04  2.516E-01 -2.565E-02  1.299E-01
 -3.1467000E+04  2.266E-01 -2.690E-02  1.537E-01
 -3.1465000E+04  2.308E-01 -2.342E-02  1.116E-01
 -3.1463000E+04  2.099E-01 -2.724E-02  1.661E-01
 -3.1461000E+04  2.202E-01 -2.267E-02  1.127E-01
 -3.1459000E+04  1.918E-01 -1.950E-02  9.640E-02
 -3.1457000E+04  1.830E-01 -2.442E-02  1.492E-01
 -3.1455000E+04  1.925E-01 -2.099E-02  1.131E-01
 -3.1453000E+04  2.239E-01 -2.459E-02  1.338E-01
 -3.1451000E+04  2.062E-01 -2.184E-02  1.080E-01
 -3.1449000E+04  2.209E-01 -2.310E-02  1.198E-01
 -3.1447000E+04  1.581E-01 -2.063E-02  1.255E-01
 -3.1445000E+04  1.866E-01 -2.270E-02  1.324E-01
 -3.1443000E+04  2.124E-01 -2.074E-02  9.266E-02
 -3.1441000E+04  1.926E-01 -2.153E-02  1.164E-01
 -3.1439000E+04  2.006E-01 -2.358E-02  1.303E-01
 -3.1437000E+04  1.626E-01 -1.981E-02  1.180E-01
 -3.1435000E+04  1.930E-01 -2.302E-02  1.306E-01
 -3.1433000E+04  1.960E-01 -1.949E-02  8.776E-02
 -3.1431000E+04  2.197E-01 -2.299E-02  1.204E-01
 -3.1429000E+04  1.865E-01 -2.292E-02  1.369E-01
 -3.1427000E+04  1.810E-01 -1.984E-02  1.061E-01
 -3.1425000E+04  1.911E-01 -2.142E-02  1.150E-01
 -3.1423000E+04  1.947E-01 -2.084E-02  1.046E-01
 -3.1421000E+04  1.657E-01 -1.726E-02  8.946E-02
 -3.1419000E+04  1.866E-01 -2.174E-02  1.234E-01
 -3.1417000E+04  1.513E-01 -1.790E-02  1.027E-01
 -3.1415000E+04  1.624E-01 -1.713E-02  9.075E-02
 -3.1413000E+04  1.708E-01 -1.787E-02  8.723E-02
