 -1.2477100E+05 -0.000E+00 -0.000E+00  0.000E+00
 -1.2476900E+05 -0.000E+00 -0.000E+00  0.000E+00
 -1.2476700E+05 -0.000E+00 -0.000E+00  0.000E+00
 -1.2476500E+05 -0.000E+00 -0.000E+00  0.000E+00
 -1.2476300E+05 -0.000E+00 -0.000E+00  0.000E+00
 -1.2476100E+05 -0.000E+00 -0.000E+00  0.000E+00
 -1.2475900E+05 -0.000E+00 -0.000E+00  0.000E+00
 -1.2475700E+05 -0.000E+00 -0.000E+00  0.000E+00
 -1.2475500E+05 -0.000E+00 -0.000E+00  0.000E+00
 -1.2475300E+05 -0.000E+00 -0.000E+00  0.000E+00
 -1.2475100E+05 -0.000E+00 -0.000E+00  0.000E+00
 -1.2474900E+05 -0.000E+00 -0.000E+00  0.000E+00
 -1.2474700E+05 -0.000E+00 -0.000E+00  0.000E+00
 -1.2474500E+05 -0.000E+00 -0.000E+00  0.000E+00
 -1.2474300E+05 -0.000E+00 -0.000E+00  0.000E+00
 -1.2474100E+05 -0.000E+00 -0.000E+00  0.000E+00
 -1.2473900E+05 -0.000E+00 -0.000E+00  0.000E+00
 -1.2473700E+05 -0.000E+00 -0.000E+00  0.000E+00
 -1.2473500E+05 -0.000E+00 -0.000E+00  0.000E+00
 -1.2473300E+05 -0.000E+00 -0.000E+00  0.000E+00
 -1.2473100E+05 -0.000E+00 -0.000E+00  0.000E+00
 -1.2472900E+05 -0.000E+00 -0.000E+00  0.000E+00
 -1.2472700E+05 -0.000E+00 -0.000E+00  0.000E+00
 -1.2472500E+05 -0.000E+00 -0.000E+00  0.000E+00
 -1.2472300E+05 -0.000E+00 -0.000E+00  0.000E+00
 -1.2472100E+05 -0.000E+00 -0.000E+00  0.000E+00
 -1.2471900E+05 -0.000E+00 -0.000E+00  0.000E+00
 -1.2471700E+05 -0.000E+00 -0.000E+00  0.000E+00
 -1.2471500E+05 -0.000E+00 -0.000E+00  0.000E+00
 -1.2471300E+05 -0.000E+00 -0.000E+00  0.000E+00
 -1.2471100E+05 -0.000E+00 -0.000E+00  0.000E+00
 -1.2470900E+05 -0.000E+00 -0.000E+00  0.000E+00
 -1.2470700E+05 -0.000E+00 -0.000E+00  0.000E+00
 -1.2470500E+05 -0.000E+00 -0.000E+00  0.000E+00
 -1.2470300E+05 -0.000E+00 -0.000E+00  0.000E+00
 -1.2470100E+05 -0.000E+00 -0.000E+00  0.000E+00
 -1.2469900E+05 -0.000E+00 -0.000E+00  0.000E+00
 -1.2469700E+05 -0.000E+00 -0.000E+00  0.000E+00
 -1.2469500E+05 -0.000E+00 -0.000E+00  0.000E+00
 -1.2469300E+05 -0.000E+00 -0.000E+00  0.000E+00
 -1.2469100E+05 -0.000E+00 -0.000E+00  0.000E+00
 -1.2468900E+05 -0.000E+00 -0.000E+00  0.000E+00
 -1.2468700E+05 -0.000E+00 -0.000E+00  0.000E+00
 -1.2468500E+05 -0.000E+00 -0.000E+00  0.000E+00
 -1.2468300E+05 -0.000E+00 -0.000E+00  0.000E+00
 -1.2468100E+05 -0.000E+00 -0.000E+00  0.000E+00
 -1.2467900E+05 -0.000E+00 -0.000E+00  0.000E+00
 -1.2467700E+05  1.127E-09 -4.924E-10  4.096E-09
 -1.2467500E+05 -1.581E-07  6.608E-07 -6.488E-06
 -1.2467300E+05 -1.205E-05  3.152E-06 -2.266E-05
 -1.2467100E+05  7.717E-05 -1.365E-05  7.884E-05
 -1.2466900E+05 -3.605E-04  5.439E-05 -2.736E-04
 -1.2466700E+05  1.189E-05  8.563E-05 -8.560E-04
 -1.2466500E+05 -9.743E-04  7.768E-05 -6.695E-05
 -1.2466300E+05 -2.677E-03  2.390E-04 -4.330E-04
 -1.2466100E+05 -1.167E-02  1.267E-03 -4.130E-03
 -1.2465900E+05 -8.379E-03  9.619E-04 -3.441E-03
 -1.2465700E+05 -1.496E-02  2.575E-03 -1.454E-02
 -1.2465500E+05 -3.403E-02  5.016E-03 -2.487E-02
 -1.2465300E+05 -3.342E-02  4.487E-03 -2.018E-02
 -1.2465100E+05 -6.447E-02  8.992E-03 -4.215E-02
 -1.2464900E+05 -8.385E-02  1.112E-02 -4.925E-02
 -1.2464700E+05 -1.381E-01  1.812E-02 -7.937E-02
 -1.2464500E+05 -1.639E-01  2.051E-02 -8.467E-02
 -1.2464300E+05 -1.817E-01  2.509E-02 -1.165E-01
 -1.2464100E+05 -2.616E-01  3.498E-02 -1.572E-01
 -1.2463900E+05 -3.061E-01  4.393E-02 -2.120E-01
 -1.2463700E+05 -3.717E-01  5.548E-02 -2.777E-01
 -1.2463500E+05 -5.411E-01  6.908E-02 -2.936E-01
 -1.2463300E+05 -5.744E-01  8.272E-02 -4.002E-01
 -1.2463100E+05 -7.520E-01  9.235E-02 -3.743E-01
 -1.2462900E+05 -8.246E-01  1.131E-01 -5.214E-01
 -1.2462700E+05 -9.299E-01  1.248E-01 -5.632E-01
 -1.2462500E+05 -1.088E+00  1.427E-01 -6.272E-01
 -1.2462300E+05 -1.193E+00  1.573E-01 -6.966E-01
 -1.2462100E+05 -1.305E+00  1.808E-01 -8.419E-01
 -1.2461900E+05 -1.443E+00  1.955E-01 -8.906E-01
 -1.2461700E+05 -1.472E+00  2.015E-01 -9.275E-01
 -1.2461500E+05 -1.763E+00  2.288E-01 -9.964E-01
 -1.2461300E+05 -1.855E+00  2.456E-01 -1.093E+00
 -1.2461100E+05 -1.938E+00  2.524E-01 -1.103E+00
 -1.2460900E+05 -2.068E+00  2.674E-01 -1.162E+00
 -1.2460700E+05 -2.068E+00  2.872E-01 -1.342E+00
 -1.2460500E+05 -2.214E+00  2.911E-01 -1.287E+00
 -1.2460300E+05 -2.224E+00  2.943E-01 -1.314E+00
 -1.2460100E+05 -2.212E+00  2.887E-01 -1.267E+00
 -1.2459900E+05 -2.311E+00  3.000E-01 -1.312E+00
 -1.2459700E+05 -2.401E+00  3.210E-01 -1.446E+00
 -1.2459500E+05 -2.331E+00  2.945E-01 -1.252E+00
 -1.2459300E+05 -2.345E+00  3.000E-01 -1.295E+00
 -1.2459100E+05 -2.247E+00  2.934E-01 -1.294E+00
 -1.2458900E+05 -2.066E+00  2.894E-01 -1.367E+00
 -1.2458700E+05 -2.016E+00  2.440E-01 -9.937E-01
 -1.2458500E+05 -1.974E+00  2.562E-01 -1.121E+00
 -1.2458300E+05 -1.829E+00  2.357E-01 -1.031E+00
 -1.2458100E+05 -1.776E+00  2.343E-01 -1.047E+00
 -1.2457900E+05 -1.744E+00  2.272E-01 -1.004E+00
 -1.2457700E+05 -1.473E+00  1.978E-01 -9.023E-01
 -1.2457500E+05 -1.529E+00  2.049E-01 -9.331E-01
 -1.2457300E+05 -1.341E+00  1.593E-01 -6.356E-01
 -1.2457100E+05 -1.234E+00  1.691E-01 -7.892E-01
 -1.2456900E+05 -1.125E+00  1.576E-01 -7.463E-01
 -1.2456700E+05 -1.111E+00  1.375E-01 -5.835E-01
 -1.2456500E+05 -9.746E-01  1.442E-01 -7.157E-01
 -1.2456300E+05 -8.861E-01  1.172E-01 -5.318E-01
 -1.2456100E+05 -6.194E-01  8.879E-02 -4.333E-01
 -1.2455900E+05 -7.380E-01  7.315E-02 -2.286E-01
 -1.2455700E+05 -4.903E-01  6.815E-02 -3.281E-01
 -1.2455500E+05 -5.152E-01  7.517E-02 -3.730E-01
 -1.2455300E+05 -4.383E-01  7.227E-02 -3.912E-01
 -1.2455100E+05 -3.983E-01  5.414E-02 -2.532E-01
 -1.2454900E+05 -3.101E-01  4.814E-02 -2.523E-01
 -1.2454700E+05 -2.382E-01  2.714E-02 -1.107E-01
 -1.2454500E+05 -2.017E-01  1.026E-02  7.684E-03
 -1.2454300E+05 -9.105E-02  1.244E-02 -6.250E-02
 -1.2454100E+05 -9.096E-02  2.043E-02 -1.298E-01
 -1.2453900E+05 -9.363E-02  1.901E-02 -1.140E-01
 -1.2453700E+05  1.399E-02  2.180E-03 -3.337E-02
 -1.2453500E+05  7.466E-02 -1.237E-02  5.401E-02
 -1.2453300E+05  6.277E-02 -4.305E-03 -2.385E-03
 -1.2453100E+05  1.522E-01 -2.934E-03 -6.675E-02
 -1.2452900E+05  3.224E-02 -1.758E-02  1.263E-01
 -1.2452700E+05  7.222E-02 -7.169E-03  1.275E-02
 -1.2452500E+05  4.123E-02 -9.665E-03  5.794E-02
 -1.2452300E+05  2.368E-01 -3.551E-02  1.667E-01
 -1.2452100E+05  3.010E-01 -3.871E-02  1.632E-01
 -1.2451900E+05  2.375E-01 -3.151E-02  1.300E-01
 -1.2451700E+05  1.967E-01 -2.071E-02  6.222E-02
 -1.2451500E+05  2.237E-01 -2.560E-02  9.704E-02
 -1.2451300E+05  2.577E-01 -2.562E-02  7.847E-02
 -1.2451100E+05  2.419E-01 -2.761E-02  1.047E-01
 -1.2450900E+05  3.115E-01 -4.272E-02  1.917E-01
 -1.2450700E+05  2.270E-01 -2.975E-02  1.272E-01
 -1.2450500E+05  2.125E-01 -4.461E-02  2.653E-01
 -1.2450300E+05  2.504E-01 -3.264E-02  1.410E-01
 -1.2450100E+05  3.002E-01 -3.108E-02  1.004E-01
 -1.2449900E+05  2.996E-01 -3.530E-02  1.374E-01
 -1.2449700E+05  3.273E-01 -4.404E-02  1.930E-01
 -1.2449500E+05  3.124E-01 -4.224E-02  1.861E-01
 -1.2449300E+05  3.236E-01 -4.461E-02  2.032E-01
 -1.2449100E+05  3.773E-01 -3.961E-02  1.309E-01
 -1.2448900E+05  3.000E-01 -4.300E-02  2.007E-01
 -1.2448700E+05  2.896E-01 -4.314E-02  2.100E-01
 -1.2448500E+05  3.229E-01 -4.236E-02  1.838E-01
 -1.2448300E+05  3.681E-01 -4.449E-02  1.779E-01
 -1.2448100E+05  3.358E-01 -3.628E-02  1.291E-01
 -1.2447900E+05  3.286E-01 -4.221E-02  1.751E-01
 -1.2447700E+05  2.745E-01 -3.457E-02  1.496E-01
 -1.2447500E+05  3.174E-01 -4.519E-02  2.104E-01
 -1.2447300E+05  2.561E-01 -4.161E-02  2.152E-01
 -1.2447100E+05  3.255E-01 -4.126E-02  1.710E-01
 -1.2446900E+05  2.818E-01 -4.153E-02  2.006E-01
 -1.2446700E+05  3.118E-01 -4.327E-02  2.017E-01
 -1.2446500E+05  3.393E-01 -4.444E-02  1.933E-01
 -1.2446300E+05  3.364E-01 -4.634E-02  2.078E-01
 -1.2446100E+05  3.523E-01 -3.991E-02  1.516E-01
 -1.2445900E+05  3.001E-01 -3.718E-02  1.532E-01
 -1.2445700E+05  3.105E-01 -4.362E-02  2.012E-01
 -1.2445500E+05  3.241E-01 -4.480E-02  2.067E-01
 -1.2445300E+05  3.135E-01 -4.253E-02  1.961E-01
 -1.2445100E+05  2.968E-01 -4.877E-02  2.523E-01
 -1.2444900E+05  3.278E-01 -3.681E-02  1.353E-01
 -1.2444700E+05  3.555E-01 -4.173E-02  1.622E-01
 -1.2444500E+05  2.977E-01 -3.968E-02  1.736E-01
 -1.2444300E+05  3.266E-01 -3.235E-02  9.693E-02
 -1.2444100E+05  2.632E-01 -3.114E-02  1.281E-01
 -1.2443900E+05  2.763E-01 -4.060E-02  1.982E-01
 -1.2443700E+05  2.887E-01 -3.778E-02  1.629E-01
 -1.2443500E+05  3.247E-01 -4.303E-02  1.909E-01
 -1.2443300E+05  2.810E-01 -4.447E-02  2.250E-01
 -1.2443100E+05  3.227E-01 -3.656E-02  1.331E-01
 -1.2442900E+05  3.437E-01 -3.552E-02  1.167E-01
 -1.2442700E+05  3.040E-01 -3.975E-02  1.727E-01
 -1.2442500E+05  2.801E-01 -4.142E-02  1.980E-01
 -1.2442300E+05  3.092E-01 -3.824E-02  1.622E-01
 -1.2442100E+05  2.642E-01 -3.958E-02  2.002E-01
 -1.2441900E+05  2.936E-01 -3.495E-02  1.383E-01
 -1.2441700E+05  2.621E-01 -3.425E-02  1.505E-01
 -1.2441500E+05  2.542E-01 -3.609E-02  1.708E-01
 -1.2441300E+05  2.620E-01 -3.269E-02  1.330E-01
 -1.2441100E+05  2.358E-01 -3.189E-02  1.441E-01
 -1.2440900E+05  2.803E-01 -3.851E-02  1.765E-01
 -1.2440700E+05  2.939E-01 -3.580E-02  1.465E-01
 -1.2440500E+05  2.502E-01 -3.628E-02  1.754E-01
 -1.2440300E+05  2.433E-01 -3.556E-02  1.723E-01
 -1.2440100E+05  2.867E-01 -3.414E-02  1.362E-01
 -1.2439900E+05  2.263E-01 -3.402E-02  1.657E-01
 -1.2439700E+05  2.694E-01 -3.518E-02  1.534E-01
 -1.2439500E+05  2.922E-01 -3.448E-02  1.335E-01
 -1.2439300E+05  2.550E-01 -2.965E-02  1.169E-01
