 -1.4462100E+05 -0.000E+00 -0.000E+00  0.000E+00
 -1.4461900E+05 -0.000E+00 -0.000E+00  0.000E+00
 -1.4461700E+05 -0.000E+00 -0.000E+00  0.000E+00
 -1.4461500E+05 -0.000E+00 -0.000E+00  0.000E+00
 -1.4461300E+05 -0.000E+00 -0.000E+00  0.000E+00
 -1.4461100E+05 -0.000E+00 -0.000E+00  0.000E+00
 -1.4460900E+05 -0.000E+00 -0.000E+00  0.000E+00
 -1.4460700E+05 -0.000E+00 -0.000E+00  0.000E+00
 -1.4460500E+05 -0.000E+00 -0.000E+00  0.000E+00
 -1.4460300E+05 -0.000E+00 -0.000E+00  0.000E+00
 -1.4460100E+05 -0.000E+00 -0.000E+00  0.000E+00
 -1.4459900E+05 -0.000E+00 -0.000E+00  0.000E+00
 -1.4459700E+05 -0.000E+00 -0.000E+00  0.000E+00
 -1.4459500E+05 -0.000E+00 -0.000E+00  0.000E+00
 -1.4459300E+05 -0.000E+00 -0.000E+00  0.000E+00
 -1.4459100E+05 -0.000E+00 -0.000E+00  0.000E+00
 -1.4458900E+05 -0.000E+00 -0.000E+00  0.000E+00
 -1.4458700E+05 -0.000E+00 -0.000E+00  0.000E+00
 -1.4458500E+05 -0.000E+00 -0.000E+00  0.000E+00
 -1.4458300E+05 -0.000E+00 -0.000E+00  0.000E+00
 -1.4458100E+05 -0.000E+00 -0.000E+00  0.000E+00
 -1.4457900E+05 -0.000E+00 -0.000E+00  0.000E+00
 -1.4457700E+05 -0.000E+00 -0.000E+00  0.000E+00
 -1.4457500E+05 -0.000E+00 -0.000E+00  0.000E+00
 -1.4457300E+05 -0.000E+00 -0.000E+00  0.000E+00
 -1.4457100E+05 -0.000E+00 -0.000E+00  0.000E+00
 -1.4456900E+05 -0.000E+00 -0.000E+00  0.000E+00
 -1.4456700E+05 -0.000E+00 -0.000E+00  0.000E+00
 -1.4456500E+05 -0.000E+00 -0.000E+00  0.000E+00
 -1.4456300E+05 -0.000E+00 -0.000E+00  0.000E+00
 -1.4456100E+05 -0.000E+00 -0.000E+00  0.000E+00
 -1.4455900E+05 -0.000E+00 -0.000E+00  0.000E+00
 -1.4455700E+05 -0.000E+00 -0.000E+00  0.000E+00
 -1.4455500E+05 -0.000E+00 -0.000E+00  0.000E+00
 -1.4455300E+05 -0.000E+00 -0.000E+00  0.000E+00
 -1.4455100E+05 -0.000E+00 -0.000E+00  0.000E+00
 -1.4454900E+05 -0.000E+00 -0.000E+00  0.000E+00
 -1.4454700E+05 -0.000E+00 -0.000E+00  0.000E+00
 -1.4454500E+05 -0.000E+00 -0.000E+00  0.000E+00
 -1.4454300E+05 -0.000E+00 -0.000E+00  0.000E+00
 -1.4454100E+05 -0.000E+00 -0.000E+00  0.000E+00
 -1.4453900E+05 -0.000E+00 -0.000E+00  0.000E+00
 -1.4453700E+05 -0.000E+00 -0.000E+00  0.000E+00
 -1.4453500E+05 -0.000E+00 -0.000E+00  0.000E+00
 -1.4453300E+05 -0.000E+00 -0.000E+00  0.000E+00
 -1.4453100E+05 -0.000E+00 -0.000E+00  0.000E+00
 -1.4452900E+05 -0.000E+00 -0.000E+00  0.000E+00
 -1.4452700E+05 -0.000E+00 -0.000E+00  0.000E+00
 -1.4452500E+05  5.197E-09 -1.999E-09  1.497E-08
 -1.4452300E+05 -4.119E-06  1.162E-06 -7.735E-06
 -1.4452100E+05 -2.537E-05  6.276E-06 -3.898E-05
 -1.4451900E+05 -3.098E-05  2.306E-06  4.107E-06
 -1.4451700E+05  7.173E-05  5.452E-06 -1.122E-04
 -1.4451500E+05 -2.137E-04  6.690E-05 -4.585E-04
 -1.4451300E+05 -1.272E-03  2.564E-04 -1.366E-03
 -1.4451100E+05 -3.163E-03  1.731E-04  1.015E-03
 -1.4450900E+05 -8.385E-03  7.947E-04 -4.808E-04
 -1.4450700E+05 -7.432E-03  8.735E-04 -2.060E-03
 -1.4450500E+05 -1.580E-02  2.343E-03 -8.871E-03
 -1.4450300E+05 -2.911E-02  4.565E-03 -1.859E-02
 -1.4450100E+05 -4.605E-02  6.070E-03 -1.856E-02
 -1.4449900E+05 -4.932E-02  6.254E-03 -1.739E-02
 -1.4449700E+05 -8.113E-02  1.234E-02 -4.760E-02
 -1.4449500E+05 -1.118E-01  1.587E-02 -5.473E-02
 -1.4449300E+05 -1.366E-01  2.086E-02 -7.997E-02
 -1.4449100E+05 -1.919E-01  2.441E-02 -6.726E-02
 -1.4448900E+05 -2.137E-01  3.254E-02 -1.234E-01
 -1.4448700E+05 -2.500E-01  4.221E-02 -1.815E-01
 -1.4448500E+05 -3.351E-01  4.724E-02 -1.576E-01
 -1.4448300E+05 -4.646E-01  7.213E-02 -2.771E-01
 -1.4448100E+05 -4.991E-01  7.483E-02 -2.730E-01
 -1.4447900E+05 -6.328E-01  8.882E-02 -2.895E-01
 -1.4447700E+05 -7.232E-01  1.161E-01 -4.597E-01
 -1.4447500E+05 -7.620E-01  1.091E-01 -3.642E-01
 -1.4447300E+05 -8.808E-01  1.429E-01 -5.689E-01
 -1.4447100E+05 -1.028E+00  1.565E-01 -5.700E-01
 -1.4446900E+05 -1.016E+00  1.537E-01 -5.516E-01
 -1.4446700E+05 -1.260E+00  1.956E-01 -7.260E-01
 -1.4446500E+05 -1.196E+00  1.852E-01 -6.825E-01
 -1.4446300E+05 -1.450E+00  2.240E-01 -8.186E-01
 -1.4446100E+05 -1.605E+00  2.520E-01 -9.376E-01
 -1.4445900E+05 -1.685E+00  2.706E-01 -1.033E+00
 -1.4445700E+05 -1.778E+00  2.662E-01 -9.161E-01
 -1.4445500E+05 -1.761E+00  2.855E-01 -1.094E+00
 -1.4445300E+05 -1.851E+00  2.837E-01 -1.002E+00
 -1.4445100E+05 -1.980E+00  3.231E-01 -1.238E+00
 -1.4444900E+05 -2.006E+00  3.141E-01 -1.135E+00
 -1.4444700E+05 -2.105E+00  3.284E-01 -1.174E+00
 -1.4444500E+05 -1.955E+00  3.300E-01 -1.300E+00
 -1.4444300E+05 -2.092E+00  3.404E-01 -1.280E+00
 -1.4444100E+05 -2.211E+00  3.422E-01 -1.197E+00
 -1.4443900E+05 -2.108E+00  3.346E-01 -1.205E+00
 -1.4443700E+05 -2.066E+00  3.361E-01 -1.244E+00
 -1.4443500E+05 -2.016E+00  3.314E-01 -1.239E+00
 -1.4443300E+05 -1.935E+00  3.427E-01 -1.389E+00
 -1.4443100E+05 -2.041E+00  3.230E-01 -1.139E+00
 -1.4442900E+05 -1.781E+00  2.742E-01 -9.243E-01
 -1.4442700E+05 -1.890E+00  3.072E-01 -1.115E+00
 -1.4442500E+05 -1.744E+00  2.951E-01 -1.120E+00
 -1.4442300E+05 -1.498E+00  2.603E-01 -1.011E+00
 -1.4442100E+05 -1.516E+00  2.354E-01 -7.873E-01
 -1.4441900E+05 -1.463E+00  2.435E-01 -8.903E-01
 -1.4441700E+05 -1.381E+00  2.345E-01 -8.770E-01
 -1.4441500E+05 -1.298E+00  2.165E-01 -7.841E-01
 -1.4441300E+05 -1.288E+00  2.019E-01 -6.717E-01
 -1.4441100E+05 -1.078E+00  1.898E-01 -7.297E-01
 -1.4440900E+05 -9.652E-01  1.598E-01 -5.654E-01
 -1.4440700E+05 -1.029E+00  1.762E-01 -6.456E-01
 -1.4440500E+05 -7.515E-01  1.475E-01 -6.204E-01
 -1.4440300E+05 -6.758E-01  1.177E-01 -4.338E-01
 -1.4440100E+05 -7.392E-01  1.353E-01 -5.272E-01
 -1.4439900E+05 -6.387E-01  1.199E-01 -4.756E-01
 -1.4439700E+05 -5.517E-01  1.042E-01 -4.099E-01
 -1.4439500E+05 -5.987E-01  9.415E-02 -2.930E-01
 -1.4439300E+05 -2.920E-01  6.930E-02 -3.244E-01
 -1.4439100E+05 -4.281E-01  8.178E-02 -3.209E-01
 -1.4438900E+05 -2.600E-01  5.264E-02 -2.070E-01
 -1.4438700E+05 -2.589E-01  4.433E-02 -1.447E-01
 -1.4438500E+05 -2.473E-01  5.860E-02 -2.657E-01
 -1.4438300E+05 -1.840E-01  2.991E-02 -8.206E-02
 -1.4438100E+05 -7.195E-02  3.056E-02 -1.672E-01
 -1.4437900E+05 -1.775E-01  2.256E-02 -2.764E-02
 -1.4437700E+05 -5.699E-02  2.098E-02 -1.026E-01
 -1.4437500E+05  6.630E-02 -1.700E-03 -1.139E-02
 -1.4437300E+05 -1.009E-01  1.466E-02 -2.139E-02
 -1.4437100E+05 -3.983E-02  3.083E-03  2.737E-02
 -1.4436900E+05  9.712E-02 -3.646E-03 -2.427E-02
 -1.4436700E+05  6.550E-02 -1.656E-02  1.114E-01
 -1.4436500E+05  6.122E-02 -6.613E-03  3.218E-02
 -1.4436300E+05  1.969E-01 -1.758E-02  1.618E-02
 -1.4436100E+05  2.022E-01 -2.766E-02  8.716E-02
 -1.4435900E+05  1.189E-01 -1.178E-02  2.591E-02
 -1.4435700E+05  1.290E-01 -1.799E-02  6.913E-02
 -1.4435500E+05  2.532E-01 -4.494E-02  1.889E-01
 -1.4435300E+05  2.424E-01 -3.040E-02  8.984E-02
 -1.4435100E+05  2.076E-01 -3.814E-02  1.717E-01
 -1.4434900E+05  2.332E-01 -4.810E-02  2.214E-01
 -1.4434700E+05  2.922E-01 -4.590E-02  1.750E-01
 -1.4434500E+05  3.078E-01 -4.548E-02  1.530E-01
 -1.4434300E+05  2.490E-01 -3.361E-02  1.024E-01
 -1.4434100E+05  2.537E-01 -3.907E-02  1.422E-01
 -1.4433900E+05  2.749E-01 -3.536E-02  9.601E-02
 -1.4433700E+05  2.318E-01 -3.870E-02  1.508E-01
 -1.4433500E+05  3.514E-01 -4.442E-02  1.126E-01
 -1.4433300E+05  2.505E-01 -4.290E-02  1.695E-01
 -1.4433100E+05  3.003E-01 -5.071E-02  1.990E-01
 -1.4432900E+05  2.753E-01 -4.549E-02  1.728E-01
 -1.4432700E+05  2.486E-01 -4.593E-02  1.966E-01
 -1.4432500E+05  2.906E-01 -4.470E-02  1.560E-01
 -1.4432300E+05  3.141E-01 -4.937E-02  1.724E-01
 -1.4432100E+05  3.126E-01 -4.893E-02  1.744E-01
 -1.4431900E+05  3.065E-01 -3.993E-02  1.082E-01
 -1.4431700E+05  2.980E-01 -4.227E-02  1.293E-01
 -1.4431500E+05  2.396E-01 -4.337E-02  1.812E-01
 -1.4431300E+05  3.784E-01 -5.865E-02  2.042E-01
 -1.4431100E+05  3.420E-01 -5.303E-02  1.830E-01
 -1.4430900E+05  3.654E-01 -5.715E-02  2.001E-01
 -1.4430700E+05  2.622E-01 -4.852E-02  2.065E-01
 -1.4430500E+05  2.860E-01 -4.983E-02  1.974E-01
 -1.4430300E+05  3.854E-01 -5.828E-02  1.875E-01
 -1.4430100E+05  3.690E-01 -5.686E-02  1.920E-01
 -1.4429900E+05  2.142E-01 -4.206E-02  1.872E-01
 -1.4429700E+05  2.642E-01 -4.768E-02  1.983E-01
 -1.4429500E+05  3.468E-01 -5.684E-02  2.082E-01
 -1.4429300E+05  3.682E-01 -5.317E-02  1.622E-01
 -1.4429100E+05  2.329E-01 -4.598E-02  2.080E-01
 -1.4428900E+05  2.631E-01 -3.918E-02  1.287E-01
 -1.4428700E+05  3.137E-01 -4.417E-02  1.307E-01
 -1.4428500E+05  3.326E-01 -4.914E-02  1.515E-01
 -1.4428300E+05  2.730E-01 -4.443E-02  1.639E-01
 -1.4428100E+05  3.224E-01 -5.746E-02  2.310E-01
 -1.4427900E+05  3.292E-01 -5.791E-02  2.313E-01
 -1.4427700E+05  3.487E-01 -5.527E-02  1.902E-01
 -1.4427500E+05  3.009E-01 -4.764E-02  1.638E-01
 -1.4427300E+05  2.864E-01 -4.468E-02  1.527E-01
 -1.4427100E+05  3.454E-01 -5.151E-02  1.631E-01
 -1.4426900E+05  2.980E-01 -4.791E-02  1.717E-01
 -1.4426700E+05  2.230E-01 -3.882E-02  1.477E-01
 -1.4426500E+05  2.601E-01 -4.922E-02  2.071E-01
 -1.4426300E+05  2.821E-01 -5.042E-02  2.028E-01
 -1.4426100E+05  3.209E-01 -5.429E-02  2.057E-01
 -1.4425900E+05  3.410E-01 -5.652E-02  2.046E-01
 -1.4425700E+05  2.855E-01 -4.363E-02  1.482E-01
 -1.4425500E+05  2.154E-01 -3.541E-02  1.315E-01
 -1.4425300E+05  2.031E-01 -3.771E-02  1.620E-01
 -1.4425100E+05  3.026E-01 -4.672E-02  1.586E-01
 -1.4424900E+05  3.048E-01 -5.005E-02  1.836E-01
 -1.4424700E+05  2.728E-01 -4.313E-02  1.497E-01
 -1.4424500E+05  2.935E-01 -4.531E-02  1.525E-01
 -1.4424300E+05  2.428E-01 -3.860E-02  1.336E-01
