 -8.6967000E+04 -0.000E+00 -0.000E+00  0.000E+00
 -8.6965000E+04 -0.000E+00 -0.000E+00  0.000E+00
 -8.6963000E+04 -0.000E+00 -0.000E+00  0.000E+00
 -8.6961000E+04 -0.000E+00 -0.000E+00  0.000E+00
 -8.6959000E+04 -0.000E+00 -0.000E+00  0.000E+00
 -8.6957000E+04 -0.000E+00 -0.000E+00  0.000E+00
 -8.6955000E+04 -0.000E+00 -0.000E+00  0.000E+00
 -8.6953000E+04 -0.000E+00 -0.000E+00  0.000E+00
 -8.6951000E+04 -0.000E+00 -0.000E+00  0.000E+00
 -8.6949000E+04 -0.000E+00 -0.000E+00  0.000E+00
 -8.6947000E+04 -0.000E+00 -0.000E+00  0.000E+00
 -8.6945000E+04 -0.000E+00 -0.000E+00  0.000E+00
 -8.6943000E+04 -0.000E+00 -0.000E+00  0.000E+00
 -8.6941000E+04 -0.000E+00 -0.000E+00  0.000E+00
 -8.6939000E+04 -0.000E+00 -0.000E+00  0.000E+00
 -8.6937000E+04 -0.000E+00 -0.000E+00  0.000E+00
 -8.6935000E+04 -0.000E+00 -0.000E+00  0.000E+00
 -8.6933000E+04 -0.000E+00 -0.000E+00  0.000E+00
 -8.6931000E+04 -0.000E+00 -0.000E+00  0.000E+00
 -8.6929000E+04 -0.000E+00 -0.000E+00  0.000E+00
 -8.6927000E+04 -0.000E+00 -0.000E+00  0.000E+00
 -8.6925000E+04 -0.000E+00 -0.000E+00  0.000E+00
 -8.6923000E+04 -0.000E+00 -0.000E+00  0.000E+00
 -8.6921000E+04 -0.000E+00 -0.000E+00  0.000E+00
 -8.6919000E+04 -0.000E+00 -0.000E+00  0.000E+00
 -8.6917000E+04 -0.000E+00 -0.000E+00  0.000E+00
 -8.6915000E+04 -0.000E+00 -0.000E+00  0.000E+00
 -8.6913000E+04 -0.000E+00 -0.000E+00  0.000E+00
 -8.6911000E+04 -0.000E+00 -0.000E+00  0.000E+00
 -8.6909000E+04 -0.000E+00 -0.000E+00  0.000E+00
 -8.6907000E+04 -0.000E+00 -0.000E+00  0.000E+00
 -8.6905000E+04 -0.000E+00 -0.000E+00  0.000E+00
 -8.6903000E+04 -0.000E+00 -0.000E+00  0.000E+00
 -8.6901000E+04 -0.000E+00 -0.000E+00  0.000E+00
 -8.6899000E+04 -0.000E+00 -0.000E+00  0.000E+00
 -8.6897000E+04 -0.000E+00 -0.000E+00  0.000E+00
 -8.6895000E+04 -0.000E+00 -0.000E+00  0.000E+00
 -8.6893000E+04 -0.000E+00 -0.000E+00  0.000E+00
 -8.6891000E+04 -0.000E+00 -0.000E+00  0.000E+00
 -8.6889000E+04 -0.000E+00 -0.000E+00  0.000E+00
 -8.6887000E+04 -0.000E+00 -0.000E+00  0.000E+00
 -8.6885000E+04 -0.000E+00 -0.000E+00  0.000E+00
 -8.6883000E+04 -0.000E+00 -0.000E+00  0.000E+00
 -8.6881000E+04 -0.000E+00 -0.000E+00  0.000E+00
 -8.6879000E+04 -0.000E+00 -0.000E+00  0.000E+00
 -8.6877000E+04 -0.000E+00 -0.000E+00  0.000E+00
 -8.6875000E+04 -0.000E+00 -0.000E+00  0.000E+00
 -8.6873000E+04 -0.000E+00 -0.000E+00  0.000E+00
 -8.6871000E+04 -0.000E+00 -0.000E+00  0.000E+00
 -8.6869000E+04 -0.000E+00 -0.000E+00  0.000E+00
 -8.6867000E+04 -0.000E+00 -0.000E+00  0.000E+00
 -8.6865000E+04 -0.000E+00 -0.000E+00  0.000E+00
 -8.6863000E+04 -0.000E+00 -0.000E+00  0.000E+00
 -8.6861000E+04 -0.000E+00 -0.000E+00  0.000E+00
 -8.6859000E+04 -0.000E+00 -0.000E+00  0.000E+00
 -8.6857000E+04 -0.000E+00 -0.000E+00  0.000E+00
 -8.6855000E+04  2.484E-08 -7.919E-09  5.737E-08
 -8.6853000E+04 -1.715E-05  2.542E-06 -8.650E-06
 -8.6851000E+04 -5.366E-05  1.019E-05 -5.038E-05
 -8.6849000E+04 -2.397E-04  2.335E-05  7.625E-06
 -8.6847000E+04 -1.379E-03  1.924E-04 -5.639E-04
 -8.6845000E+04 -2.552E-04  8.009E-05 -5.618E-04
 -8.6843000E+04 -1.354E-03  2.509E-04 -1.169E-03
 -8.6841000E+04 -5.107E-04  2.755E-04 -2.273E-03
 -8.6839000E+04 -1.757E-02  2.983E-03 -1.236E-02
 -8.6837000E+04 -1.758E-02  2.939E-03 -1.178E-02
 -8.6835000E+04 -2.660E-02  4.141E-03 -1.441E-02
 -8.6833000E+04 -4.543E-02  7.417E-03 -2.822E-02
 -8.6831000E+04 -5.111E-02  7.961E-03 -2.752E-02
 -8.6829000E+04 -5.910E-02  1.069E-02 -4.713E-02
 -8.6827000E+04 -1.156E-01  2.119E-02 -9.415E-02
 -8.6825000E+04 -1.689E-01  2.675E-02 -9.365E-02
 -8.6823000E+04 -1.854E-01  3.135E-02 -1.219E-01
 -8.6821000E+04 -2.319E-01  3.943E-02 -1.548E-01
 -8.6819000E+04 -2.139E-01  3.605E-02 -1.387E-01
 -8.6817000E+04 -2.998E-01  5.064E-02 -1.940E-01
 -8.6815000E+04 -4.798E-01  7.936E-02 -2.913E-01
 -8.6813000E+04 -5.755E-01  1.001E-01 -3.968E-01
 -8.6811000E+04 -5.941E-01  1.015E-01 -3.878E-01
 -8.6809000E+04 -7.898E-01  1.307E-01 -4.712E-01
 -8.6807000E+04 -7.518E-01  1.291E-01 -4.914E-01
 -8.6805000E+04 -8.963E-01  1.553E-01 -5.979E-01
 -8.6803000E+04 -1.037E+00  1.700E-01 -5.900E-01
 -8.6801000E+04 -1.147E+00  1.929E-01 -6.955E-01
 -8.6799000E+04 -1.172E+00  2.020E-01 -7.552E-01
 -8.6797000E+04 -1.347E+00  2.324E-01 -8.651E-01
 -8.6795000E+04 -1.490E+00  2.635E-01 -1.016E+00
 -8.6793000E+04 -1.673E+00  2.868E-01 -1.043E+00
 -8.6791000E+04 -1.681E+00  2.794E-01 -9.530E-01
 -8.6789000E+04 -1.832E+00  3.277E-01 -1.266E+00
 -8.6787000E+04 -1.688E+00  2.982E-01 -1.120E+00
 -8.6785000E+04 -1.971E+00  3.395E-01 -1.215E+00
 -8.6783000E+04 -1.836E+00  3.239E-01 -1.196E+00
 -8.6781000E+04 -2.034E+00  3.667E-01 -1.397E+00
 -8.6779000E+04 -2.118E+00  3.646E-01 -1.279E+00
 -8.6777000E+04 -1.740E+00  3.069E-01 -1.113E+00
 -8.6775000E+04 -2.186E+00  3.740E-01 -1.278E+00
 -8.6773000E+04 -2.064E+00  3.631E-01 -1.295E+00
 -8.6771000E+04 -1.791E+00  3.367E-01 -1.331E+00
 -8.6769000E+04 -1.818E+00  3.177E-01 -1.105E+00
 -8.6767000E+04 -1.814E+00  3.194E-01 -1.122E+00
 -8.6765000E+04 -1.617E+00  2.929E-01 -1.067E+00
 -8.6763000E+04 -1.698E+00  2.920E-01 -9.682E-01
 -8.6761000E+04 -1.524E+00  2.748E-01 -9.827E-01
 -8.6759000E+04 -1.351E+00  2.531E-01 -9.553E-01
 -8.6757000E+04 -1.480E+00  2.627E-01 -9.061E-01
 -8.6755000E+04 -1.299E+00  2.233E-01 -7.139E-01
 -8.6753000E+04 -1.086E+00  2.018E-01 -7.366E-01
 -8.6751000E+04 -1.011E+00  1.837E-01 -6.402E-01
 -8.6749000E+04 -1.046E+00  1.824E-01 -5.872E-01
 -8.6747000E+04 -8.962E-01  1.591E-01 -5.207E-01
 -8.6745000E+04 -7.633E-01  1.506E-01 -5.827E-01
 -8.6743000E+04 -6.954E-01  1.287E-01 -4.462E-01
 -8.6741000E+04 -5.273E-01  1.073E-01 -4.200E-01
 -8.6739000E+04 -5.648E-01  1.190E-01 -4.940E-01
 -8.6737000E+04 -5.823E-01  1.019E-01 -3.085E-01
 -8.6735000E+04 -4.724E-01  1.081E-01 -4.830E-01
 -8.6733000E+04 -3.841E-01  6.993E-02 -2.173E-01
 -8.6731000E+04 -2.974E-01  5.293E-02 -1.453E-01
 -8.6729000E+04 -3.856E-01  7.212E-02 -2.325E-01
 -8.6727000E+04 -2.905E-01  5.565E-02 -1.858E-01
 -8.6725000E+04 -2.264E-01  5.015E-02 -1.939E-01
 -8.6723000E+04 -9.348E-02  1.009E-02  4.294E-02
 -8.6721000E+04 -5.098E-03  1.924E-02 -1.465E-01
 -8.6719000E+04 -1.161E-01  1.725E-02 -4.662E-03
 -8.6717000E+04  1.252E-01 -1.915E-02  6.911E-02
 -8.6715000E+04  6.651E-02 -5.972E-03  1.784E-02
 -8.6713000E+04 -3.154E-02  1.168E-02 -5.039E-02
 -8.6711000E+04 -7.052E-03 -7.289E-05  3.848E-02
 -8.6709000E+04  9.064E-02 -1.444E-02  6.140E-02
 -8.6707000E+04  9.429E-02 -1.397E-02  5.831E-02
 -8.6705000E+04  1.357E-01 -2.953E-02  1.584E-01
 -8.6703000E+04  1.929E-01 -2.869E-02  8.671E-02
 -8.6701000E+04  2.669E-01 -3.870E-02  1.010E-01
 -8.6699000E+04  1.522E-01 -2.466E-02  8.767E-02
 -8.6697000E+04  1.464E-01 -3.362E-02  1.860E-01
 -8.6695000E+04  3.035E-01 -4.337E-02  1.041E-01
 -8.6693000E+04  2.004E-01 -3.628E-02  1.487E-01
 -8.6691000E+04  2.165E-01 -4.201E-02  1.821E-01
 -8.6689000E+04  2.637E-01 -4.723E-02  1.824E-01
 -8.6687000E+04  2.619E-01 -4.420E-02  1.537E-01
 -8.6685000E+04  2.193E-01 -3.625E-02  1.208E-01
 -8.6683000E+04  2.629E-01 -4.308E-02  1.469E-01
 -8.6681000E+04  2.851E-01 -4.983E-02  1.842E-01
 -8.6679000E+04  2.819E-01 -5.235E-02  2.038E-01
 -8.6677000E+04  3.182E-01 -5.708E-02  2.095E-01
 -8.6675000E+04  1.869E-01 -4.307E-02  2.282E-01
 -8.6673000E+04  2.332E-01 -4.564E-02  1.883E-01
 -8.6671000E+04  3.158E-01 -5.231E-02  1.654E-01
 -8.6669000E+04  2.717E-01 -4.752E-02  1.706E-01
 -8.6667000E+04  2.742E-01 -4.307E-02  1.222E-01
 -8.6665000E+04  2.669E-01 -4.912E-02  1.969E-01
 -8.6663000E+04  2.427E-01 -4.985E-02  2.171E-01
 -8.6661000E+04  2.904E-01 -5.012E-02  1.674E-01
 -8.6659000E+04  2.618E-01 -4.238E-02  1.284E-01
 -8.6657000E+04  2.868E-01 -4.644E-02  1.424E-01
 -8.6655000E+04  2.605E-01 -4.916E-02  1.990E-01
 -8.6653000E+04  2.685E-01 -4.736E-02  1.671E-01
 -8.6651000E+04  2.646E-01 -5.531E-02  2.473E-01
 -8.6649000E+04  2.557E-01 -3.955E-02  1.085E-01
 -8.6647000E+04  2.517E-01 -4.297E-02  1.460E-01
 -8.6645000E+04  2.624E-01 -4.235E-02  1.279E-01
 -8.6643000E+04  2.773E-01 -5.175E-02  2.012E-01
 -8.6641000E+04  2.785E-01 -4.847E-02  1.635E-01
 -8.6639000E+04  2.894E-01 -4.827E-02  1.504E-01
 -8.6637000E+04  2.552E-01 -5.081E-02  2.093E-01
 -8.6635000E+04  2.844E-01 -4.740E-02  1.478E-01
 -8.6633000E+04  3.010E-01 -5.653E-02  2.209E-01
 -8.6631000E+04  2.739E-01 -4.767E-02  1.637E-01
 -8.6629000E+04  3.107E-01 -5.061E-02  1.471E-01
 -8.6627000E+04  2.971E-01 -5.550E-02  2.122E-01
 -8.6625000E+04  2.468E-01 -4.436E-02  1.691E-01
 -8.6623000E+04  2.589E-01 -5.081E-02  2.145E-01
 -8.6621000E+04  2.273E-01 -4.361E-02  1.713E-01
 -8.6619000E+04  2.808E-01 -4.777E-02  1.554E-01
 -8.6617000E+04  2.332E-01 -4.791E-02  2.029E-01
 -8.6615000E+04  2.788E-01 -4.716E-02  1.544E-01
 -8.6613000E+04  2.340E-01 -3.965E-02  1.316E-01
 -8.6611000E+04  2.522E-01 -4.541E-02  1.643E-01
 -8.6609000E+04  2.401E-01 -4.221E-02  1.502E-01
 -8.6607000E+04  2.578E-01 -4.449E-02  1.486E-01
 -8.6605000E+04  2.331E-01 -4.064E-02  1.450E-01
 -8.6603000E+04  2.178E-01 -4.436E-02  1.929E-01
 -8.6601000E+04  2.141E-01 -3.860E-02  1.474E-01
 -8.6599000E+04  2.564E-01 -4.710E-02  1.748E-01
 -8.6597000E+04  2.368E-01 -4.049E-02  1.283E-01
 -8.6595000E+04  2.075E-01 -3.853E-02  1.517E-01
 -8.6593000E+04  2.686E-01 -5.171E-02  2.033E-01
 -8.6591000E+04  2.236E-01 -3.681E-02  1.175E-01
 -8.6589000E+04  2.083E-01 -4.094E-02  1.624E-01
