  3.4821000E+04 -0.000E+00 -0.000E+00  0.000E+00
  3.4823000E+04 -0.000E+00 -0.000E+00  0.000E+00
  3.4825000E+04 -0.000E+00 -0.000E+00  0.000E+00
  3.4827000E+04 -0.000E+00 -0.000E+00  0.000E+00
  3.4829000E+04 -0.000E+00 -0.000E+00  0.000E+00
  3.4831000E+04 -0.000E+00 -0.000E+00  0.000E+00
  3.4833000E+04 -0.000E+00 -0.000E+00  0.000E+00
  3.4835000E+04 -0.000E+00 -0.000E+00  0.000E+00
  3.4837000E+04 -0.000E+00 -0.000E+00  0.000E+00
  3.4839000E+04 -0.000E+00 -0.000E+00  0.000E+00
  3.4841000E+04 -0.000E+00 -0.000E+00  0.000E+00
  3.4843000E+04 -0.000E+00 -0.000E+00  0.000E+00
  3.4845000E+04 -0.000E+00 -0.000E+00  0.000E+00
  3.4847000E+04 -0.000E+00 -0.000E+00  0.000E+00
  3.4849000E+04 -0.000E+00 -0.000E+00  0.000E+00
  3.4851000E+04 -0.000E+00 -0.000E+00  0.000E+00
  3.4853000E+04 -0.000E+00 -0.000E+00  0.000E+00
  3.4855000E+04 -0.000E+00 -0.000E+00  0.000E+00
  3.4857000E+04 -0.000E+00 -0.000E+00  0.000E+00
  3.4859000E+04 -0.000E+00 -0.000E+00  0.000E+00
  3.4861000E+04 -0.000E+00 -0.000E+00  0.000E+00
  3.4863000E+04 -0.000E+00 -0.000E+00  0.000E+00
  3.4865000E+04 -0.000E+00 -0.000E+00  0.000E+00
  3.4867000E+04 -0.000E+00 -0.000E+00  0.000E+00
  3.4869000E+04 -0.000E+00 -0.000E+00  0.000E+00
  3.4871000E+04 -0.000E+00 -0.000E+00  0.000E+00
  3.4873000E+04 -0.000E+00 -0.000E+00  0.000E+00
  3.4875000E+04 -0.000E+00 -0.000E+00  0.000E+00
  3.4877000E+04 -0.000E+00 -0.000E+00  0.000E+00
  3.4879000E+04 -0.000E+00 -0.000E+00  0.000E+00
  3.4881000E+04 -0.000E+00 -0.000E+00  0.000E+00
  3.4883000E+04 -0.000E+00 -0.000E+00  0.000E+00
  3.4885000E+04 -0.000E+00 -0.000E+00  0.000E+00
  3.4887000E+04 -0.000E+00 -0.000E+00  0.000E+00
  3.4889000E+04 -0.000E+00 -0.000E+00  0.000E+00
  3.4891000E+04 -0.000E+00 -0.000E+00  0.000E+00
  3.4893000E+04 -0.000E+00 -0.000E+00  0.000E+00
  3.4895000E+04 -0.000E+00 -0.000E+00  0.000E+00
  3.4897000E+04 -0.000E+00 -0.000E+00  0.000E+00
  3.4899000E+04 -0.000E+00 -0.000E+00  0.000E+00
  3.4901000E+04 -0.000E+00 -0.000E+00  0.000E+00
  3.4903000E+04 -0.000E+00 -0.000E+00  0.000E+00
  3.4905000E+04 -0.000E+00 -0.000E+00  0.000E+00
  3.4907000E+04 -0.000E+00 -0.000E+00  0.000E+00
  3.4909000E+04 -0.000E+00 -0.000E+00  0.000E+00
  3.4911000E+04 -0.000E+00 -0.000E+00  0.000E+00
  3.4913000E+04 -0.000E+00 -0.000E+00  0.000E+00
  3.4915000E+04 -0.000E+00 -0.000E+00  0.000E+00
  3.4917000E+04 -0.000E+00 -0.000E+00  0.000E+00
  3.4919000E+04 -0.000E+00 -0.000E+00  0.000E+00
  3.4921000E+04 -0.000E+00 -0.000E+00  0.000E+00
  3.4923000E+04 -0.000E+00 -0.000E+00  0.000E+00
  3.4925000E+04 -0.000E+00 -0.000E+00  0.000E+00
  3.4927000E+04  2.748E-09 -7.469E-10  5.840E-09
  3.4929000E+04 -1.106E-05  1.022E-06  1.054E-06
  3.4931000E+04 -2.152E-04  5.026E-05 -3.551E-04
  3.4933000E+04 -3.317E-04  3.770E-05 -5.461E-05
  3.4935000E+04 -1.026E-03  1.239E-04 -2.494E-04
  3.4937000E+04 -1.911E-03  2.400E-04 -5.735E-04
  3.4939000E+04 -1.543E-03  7.119E-04 -6.898E-03
  3.4941000E+04 -1.354E-02  2.627E-03 -1.557E-02
  3.4943000E+04 -3.458E-02  5.295E-03 -2.193E-02
  3.4945000E+04 -3.949E-02  6.758E-03 -3.384E-02
  3.4947000E+04 -5.905E-02  1.041E-02 -5.427E-02
  3.4949000E+04 -1.187E-01  1.971E-02 -9.342E-02
  3.4951000E+04 -1.678E-01  2.830E-02 -1.373E-01
  3.4953000E+04 -2.272E-01  3.713E-02 -1.697E-01
  3.4955000E+04 -3.137E-01  5.206E-02 -2.433E-01
  3.4957000E+04 -4.971E-01  8.431E-02 -4.068E-01
  3.4959000E+04 -7.333E-01  1.168E-01 -5.025E-01
  3.4961000E+04 -8.421E-01  1.354E-01 -5.903E-01
  3.4963000E+04 -9.827E-01  1.599E-01 -7.090E-01
  3.4965000E+04 -1.289E+00  2.089E-01 -9.161E-01
  3.4967000E+04 -1.475E+00  2.377E-01 -1.025E+00
  3.4969000E+04 -1.766E+00  2.853E-01 -1.230E+00
  3.4971000E+04 -2.025E+00  3.204E-01 -1.317E+00
  3.4973000E+04 -2.264E+00  3.677E-01 -1.586E+00
  3.4975000E+04 -2.402E+00  3.839E-01 -1.596E+00
  3.4977000E+04 -2.710E+00  4.317E-01 -1.775E+00
  3.4979000E+04 -2.624E+00  4.223E-01 -1.762E+00
  3.4981000E+04 -2.634E+00  4.269E-01 -1.795E+00
  3.4983000E+04 -2.853E+00  4.551E-01 -1.844E+00
  3.4985000E+04 -2.618E+00  4.319E-01 -1.862E+00
  3.4987000E+04 -2.415E+00  3.999E-01 -1.729E+00
  3.4989000E+04 -2.329E+00  3.646E-01 -1.391E+00
  3.4991000E+04 -2.128E+00  3.481E-01 -1.451E+00
  3.4993000E+04 -1.884E+00  2.978E-01 -1.148E+00
  3.4995000E+04 -1.560E+00  2.562E-01 -1.062E+00
  3.4997000E+04 -1.556E+00  2.440E-01 -9.111E-01
  3.4999000E+04 -1.286E+00  2.105E-01 -8.597E-01
  3.5001000E+04 -1.173E+00  1.935E-01 -7.965E-01
  3.5003000E+04 -1.010E+00  1.650E-01 -6.589E-01
  3.5005000E+04 -8.914E-01  1.389E-01 -4.967E-01
  3.5007000E+04 -5.403E-01  9.561E-02 -4.387E-01
  3.5009000E+04 -6.002E-01  9.654E-02 -3.637E-01
  3.5011000E+04 -3.635E-01  6.630E-02 -3.123E-01
  3.5013000E+04 -3.469E-01  5.373E-02 -1.758E-01
  3.5015000E+04 -2.392E-01  3.901E-02 -1.404E-01
  3.5017000E+04 -1.167E-01  1.777E-02 -4.835E-02
  3.5019000E+04 -6.294E-02  8.244E-03 -3.945E-03
  3.5021000E+04  4.009E-02 -2.779E-03 -5.917E-03
  3.5023000E+04  5.514E-02 -1.336E-02  1.044E-01
  3.5025000E+04  9.054E-02 -1.442E-02  6.968E-02
  3.5027000E+04  9.336E-02 -1.779E-02  1.056E-01
  3.5029000E+04  9.808E-02 -2.212E-02  1.548E-01
  3.5031000E+04  1.603E-01 -2.932E-02  1.591E-01
  3.5033000E+04  2.066E-01 -2.803E-02  7.347E-02
  3.5035000E+04  1.969E-01 -3.378E-02  1.613E-01
  3.5037000E+04  2.798E-01 -4.525E-02  1.894E-01
  3.5039000E+04  2.651E-01 -4.306E-02  1.788E-01
  3.5041000E+04  2.880E-01 -4.760E-02  2.064E-01
  3.5043000E+04  2.499E-01 -3.766E-02  1.321E-01
  3.5045000E+04  2.046E-01 -3.728E-02  1.939E-01
  3.5047000E+04  2.072E-01 -2.913E-02  8.258E-02
  3.5049000E+04  2.680E-01 -4.356E-02  1.825E-01
  3.5051000E+04  2.053E-01 -3.294E-02  1.363E-01
  3.5053000E+04  2.492E-01 -4.535E-02  2.312E-01
  3.5055000E+04  2.685E-01 -4.890E-02  2.520E-01
  3.5057000E+04  2.967E-01 -4.582E-02  1.712E-01
  3.5059000E+04  2.213E-01 -3.470E-02  1.331E-01
  3.5061000E+04  2.624E-01 -3.976E-02  1.386E-01
  3.5063000E+04  2.329E-01 -4.247E-02  2.133E-01
  3.5065000E+04  2.384E-01 -3.981E-02  1.761E-01
  3.5067000E+04  2.812E-01 -4.652E-02  2.018E-01
  3.5069000E+04  2.571E-01 -4.381E-02  1.978E-01
  3.5071000E+04  2.686E-01 -4.092E-02  1.468E-01
  3.5073000E+04  2.501E-01 -3.994E-02  1.577E-01
  3.5075000E+04  2.306E-01 -3.722E-02  1.544E-01
  3.5077000E+04  2.425E-01 -3.761E-02  1.398E-01
  3.5079000E+04  2.152E-01 -3.583E-02  1.581E-01
  3.5081000E+04  2.725E-01 -4.675E-02  2.136E-01
  3.5083000E+04  2.192E-01 -4.179E-02  2.253E-01
  3.5085000E+04  2.430E-01 -3.914E-02  1.606E-01
  3.5087000E+04  1.964E-01 -3.505E-02  1.709E-01
  3.5089000E+04  2.680E-01 -4.293E-02  1.751E-01
  3.5091000E+04  2.582E-01 -4.129E-02  1.652E-01
  3.5093000E+04  2.401E-01 -3.991E-02  1.735E-01
  3.5095000E+04  2.577E-01 -4.318E-02  1.868E-01
  3.5097000E+04  2.292E-01 -3.657E-02  1.441E-01
  3.5099000E+04  2.062E-01 -3.500E-02  1.604E-01
  3.5101000E+04  2.331E-01 -3.929E-02  1.768E-01
  3.5103000E+04  2.425E-01 -3.455E-02  9.904E-02
  3.5105000E+04  2.129E-01 -3.415E-02  1.406E-01
  3.5107000E+04  2.177E-01 -3.689E-02  1.662E-01
  3.5109000E+04  2.320E-01 -3.685E-02  1.459E-01
  3.5111000E+04  2.148E-01 -3.576E-02  1.548E-01
  3.5113000E+04  2.045E-01 -3.565E-02  1.711E-01
  3.5115000E+04  2.091E-01 -3.318E-02  1.306E-01
  3.5117000E+04  1.978E-01 -3.268E-02  1.386E-01
  3.5119000E+04  2.180E-01 -3.359E-02  1.252E-01
  3.5121000E+04  2.078E-01 -3.087E-02  1.025E-01
  3.5123000E+04  2.116E-01 -3.483E-02  1.477E-01
  3.5125000E+04  2.181E-01 -3.550E-02  1.470E-01
  3.5127000E+04  2.558E-01 -3.772E-02  1.198E-01
  3.5129000E+04  2.274E-01 -3.583E-02  1.388E-01
  3.5131000E+04  1.782E-01 -2.803E-02  1.089E-01
  3.5133000E+04  1.813E-01 -3.033E-02  1.337E-01
  3.5135000E+04  2.030E-01 -3.383E-02  1.491E-01
  3.5137000E+04  2.028E-01 -3.130E-02  1.159E-01
  3.5139000E+04  2.045E-01 -3.359E-02  1.453E-01
  3.5141000E+04  1.902E-01 -3.111E-02  1.326E-01
  3.5143000E+04  1.999E-01 -3.423E-02  1.555E-01
  3.5145000E+04  1.660E-01 -2.784E-02  1.274E-01
  3.5147000E+04  1.766E-01 -3.056E-02  1.397E-01
  3.5149000E+04  2.279E-01 -3.611E-02  1.388E-01
  3.5151000E+04  2.079E-01 -3.177E-02  1.161E-01
  3.5153000E+04  1.232E-01 -2.319E-02  1.262E-01
  3.5155000E+04  1.764E-01 -2.728E-02  1.013E-01
  3.5157000E+04  2.159E-01 -3.521E-02  1.426E-01
  3.5159000E+04  1.948E-01 -3.333E-02  1.535E-01
  3.5161000E+04  1.516E-01 -2.274E-02  7.847E-02
  3.5163000E+04  2.016E-01 -3.070E-02  1.107E-01
  3.5165000E+04  2.041E-01 -3.163E-02  1.193E-01
  3.5167000E+04  1.629E-01 -2.769E-02  1.257E-01
  3.5169000E+04  1.406E-01 -2.420E-02  1.131E-01
  3.5171000E+04  1.795E-01 -2.910E-02  1.161E-01
  3.5173000E+04  1.488E-01 -2.620E-02  1.276E-01
  3.5175000E+04  1.501E-01 -2.518E-02  1.155E-01
  3.5177000E+04  1.398E-01 -2.320E-02  1.026E-01
  3.5179000E+04  2.053E-01 -3.236E-02  1.218E-01
  3.5181000E+04  1.731E-01 -2.907E-02  1.273E-01
  3.5183000E+04  1.746E-01 -2.929E-02  1.267E-01
  3.5185000E+04  1.530E-01 -2.443E-02  9.565E-02
  3.5187000E+04  1.806E-01 -2.734E-02  9.815E-02
  3.5189000E+04  1.569E-01 -2.710E-02  1.266E-01
  3.5191000E+04  1.563E-01 -2.599E-02  1.119E-01
  3.5193000E+04  1.447E-01 -2.132E-02  7.075E-02
  3.5195000E+04  1.769E-01 -2.692E-02  9.293E-02
  3.5197000E+04  1.639E-01 -2.628E-02  1.081E-01
  3.5199000E+04  1.614E-01 -2.601E-02  1.091E-01
