  5.8590000E+03  8.611E-01 -1.228E-01  5.626E-01
  5.8610000E+03  4.945E-01 -8.495E-02  4.937E-01
  5.8630000E+03  4.478E-01 -5.462E-02  1.827E-01
  5.8650000E+03  4.518E-01 -6.526E-02  2.936E-01
  5.8670000E+03  4.631E-01 -6.763E-02  3.160E-01
  5.8690000E+03  3.877E-01 -5.456E-02  2.378E-01
  5.8710000E+03  4.749E-01 -7.320E-02  3.719E-01
  5.8730000E+03  4.217E-01 -5.746E-02  2.331E-01
  5.8750000E+03  3.945E-01 -5.448E-02  2.320E-01
  5.8770000E+03  4.150E-01 -5.773E-02  2.534E-01
  5.8790000E+03  4.499E-01 -6.202E-02  2.615E-01
  5.8810000E+03  3.295E-01 -4.966E-02  2.427E-01
  5.8830000E+03  4.476E-01 -5.723E-02  2.098E-01
  5.8850000E+03  4.096E-01 -6.048E-02  2.866E-01
  5.8870000E+03  3.895E-01 -5.346E-02  2.257E-01
  5.8890000E+03  3.613E-01 -5.209E-02  2.390E-01
  5.8910000E+03  3.174E-01 -4.837E-02  2.332E-01
  5.8930000E+03  2.829E-01 -4.560E-02  2.430E-01
  5.8950000E+03  4.432E-01 -5.931E-02  2.457E-01
  5.8970000E+03  3.736E-01 -5.292E-02  2.301E-01
  5.8990000E+03  3.677E-01 -6.013E-02  3.271E-01
  5.9010000E+03  3.829E-01 -5.468E-02  2.468E-01
  5.9030000E+03  3.359E-01 -4.943E-02  2.341E-01
  5.9050000E+03  3.691E-01 -4.657E-02  1.681E-01
  5.9070000E+03  3.488E-01 -5.334E-02  2.725E-01
  5.9090000E+03  3.477E-01 -5.614E-02  2.975E-01
  5.9110000E+03  3.297E-01 -4.578E-02  1.869E-01
  5.9130000E+03  3.041E-01 -4.232E-02  1.888E-01
  5.9150000E+03  2.991E-01 -4.387E-02  2.063E-01
  5.9170000E+03  3.061E-01 -4.687E-02  2.357E-01
  5.9190000E+03  3.517E-01 -4.689E-02  1.857E-01
  5.9210000E+03  3.086E-01 -4.421E-02  1.987E-01
  5.9230000E+03  3.661E-01 -5.093E-02  2.187E-01
  5.9250000E+03  3.152E-01 -4.670E-02  2.356E-01
  5.9270000E+03  3.490E-01 -4.540E-02  1.830E-01
  5.9290000E+03  2.686E-01 -3.933E-02  1.866E-01
  5.9310000E+03  3.134E-01 -4.196E-02  1.731E-01
  5.9330000E+03  2.786E-01 -4.459E-02  2.307E-01
  5.9350000E+03  3.179E-01 -4.527E-02  2.063E-01
  5.9370000E+03  3.256E-01 -4.346E-02  1.772E-01
  5.9390000E+03  2.794E-01 -4.347E-02  2.154E-01
  5.9410000E+03  2.539E-01 -4.012E-02  2.098E-01
  5.9430000E+03  2.865E-01 -3.919E-02  1.664E-01
  5.9450000E+03  3.093E-01 -3.935E-02  1.434E-01
  5.9470000E+03  2.590E-01 -3.810E-02  1.835E-01
  5.9490000E+03  2.417E-01 -3.010E-02  1.029E-01
  5.9510000E+03  2.826E-01 -4.118E-02  1.882E-01
  5.9530000E+03  2.630E-01 -4.109E-02  2.173E-01
  5.9550000E+03  2.851E-01 -3.970E-02  1.718E-01
  5.9570000E+03  2.720E-01 -4.112E-02  2.033E-01
  5.9590000E+03  2.579E-01 -4.094E-02  2.146E-01
  5.9610000E+03  2.862E-01 -3.778E-02  1.457E-01
  5.9630000E+03  2.625E-01 -3.901E-02  1.799E-01
  5.9650000E+03  2.335E-01 -3.799E-02  1.895E-01
  5.9670000E+03  2.728E-01 -3.390E-02  1.222E-01
  5.9690000E+03  2.532E-01 -3.634E-02  1.667E-01
  5.9710000E+03  2.287E-01 -3.607E-02  1.936E-01
  5.9730000E+03  2.238E-01 -3.452E-02  1.772E-01
  5.9750000E+03  2.329E-01 -3.314E-02  1.400E-01
  5.9770000E+03  2.701E-01 -4.196E-02  2.044E-01
  5.9790000E+03  2.339E-01 -3.220E-02  1.426E-01
  5.9810000E+03  2.575E-01 -3.211E-02  1.229E-01
  5.9830000E+03  2.149E-01 -3.187E-02  1.497E-01
  5.9850000E+03  2.397E-01 -3.157E-02  1.159E-01
  5.9870000E+03  2.344E-01 -3.088E-02  1.428E-01
  5.9890000E+03  2.631E-01 -3.618E-02  1.521E-01
  5.9910000E+03  2.175E-01 -2.983E-02  1.256E-01
  5.9930000E+03  2.079E-01 -3.151E-02  1.546E-01
  5.9950000E+03  2.015E-01 -2.790E-02  1.207E-01
  5.9970000E+03  2.217E-01 -3.183E-02  1.448E-01
  5.9990000E+03  1.976E-01 -2.978E-02  1.436E-01
  6.0010000E+03  2.435E-01 -3.444E-02  1.438E-01
  6.0030000E+03  2.425E-01 -3.233E-02  1.226E-01
  6.0050000E+03  2.261E-01 -3.153E-02  1.431E-01
  6.0070000E+03  2.167E-01 -2.907E-02  1.224E-01
  6.0090000E+03  2.085E-01 -3.252E-02  1.566E-01
  6.0110000E+03  2.013E-01 -3.003E-02  1.510E-01
  6.0130000E+03  2.166E-01 -3.011E-02  1.426E-01
  6.0150000E+03  2.373E-01 -3.278E-02  1.406E-01
  6.0170000E+03  2.129E-01 -3.123E-02  1.459E-01
  6.0190000E+03  1.996E-01 -2.491E-02  9.047E-02
  6.0210000E+03  1.809E-01 -2.806E-02  1.522E-01
  6.0230000E+03  2.258E-01 -2.965E-02  1.233E-01
  6.0250000E+03  1.704E-01 -2.421E-02  1.066E-01
  6.0270000E+03  2.153E-01 -3.442E-02  1.574E-01
  6.0290000E+03  1.813E-01 -2.472E-02  1.044E-01
  6.0310000E+03  2.009E-01 -2.636E-02  1.139E-01
  6.0330000E+03  2.145E-01 -3.090E-02  1.434E-01
  6.0350000E+03  1.893E-01 -2.812E-02  1.382E-01
  6.0370000E+03  1.967E-01 -2.913E-02  1.379E-01
  6.0390000E+03  1.756E-01 -2.405E-02  1.061E-01
  6.0410000E+03  1.752E-01 -2.558E-02  1.259E-01
  6.0430000E+03  1.776E-01 -2.372E-02  8.700E-02
  6.0450000E+03  2.048E-01 -2.949E-02  1.368E-01
  6.0470000E+03  1.633E-01 -2.518E-02  1.347E-01
  6.0490000E+03  1.771E-01 -2.738E-02  1.331E-01
  6.0510000E+03  1.986E-01 -2.763E-02  1.122E-01
  6.0530000E+03  1.564E-01 -2.360E-02  1.071E-01
  6.0550000E+03  1.748E-01 -2.249E-02  8.695E-02
  6.0570000E+03  2.011E-01 -2.357E-02  8.129E-02
  6.0590000E+03  1.600E-01 -2.482E-02  1.244E-01
  6.0610000E+03  1.612E-01 -2.467E-02  1.077E-01
  6.0630000E+03  1.875E-01 -2.474E-02  7.964E-02
  6.0650000E+03  1.424E-01 -2.038E-02  1.084E-01
  6.0670000E+03  1.503E-01 -2.113E-02  9.232E-02
  6.0690000E+03  1.793E-01 -2.394E-02  9.913E-02
  6.0710000E+03  1.804E-01 -2.637E-02  1.227E-01
  6.0730000E+03  1.917E-01 -2.698E-02  1.133E-01
  6.0750000E+03  1.632E-01 -2.402E-02  1.111E-01
  6.0770000E+03  1.360E-01 -1.150E-02  8.931E-02
  6.0790000E+03  1.696E-01 -3.137E-02  1.359E-01
  6.0810000E+03  1.740E-01 -2.502E-02  1.055E-01
  6.0830000E+03  1.440E-01 -2.033E-02  1.067E-01
  6.0850000E+03  1.551E-01 -2.550E-02  1.237E-01
  6.0870000E+03  1.419E-01 -2.050E-02  7.808E-02
  6.0890000E+03  1.634E-01 -2.353E-02  1.158E-01
  6.0910000E+03  1.362E-01 -2.053E-02  1.065E-01
  6.0930000E+03  1.328E-01 -1.944E-02  9.216E-02
  6.0950000E+03  1.331E-01 -1.883E-02  9.055E-02
  6.0970000E+03  1.435E-01 -2.000E-02  8.762E-02
  6.0990000E+03  2.101E-01 -2.824E-02  9.519E-02
  6.1010000E+03  1.359E-01 -2.075E-02  9.948E-02
  6.1030000E+03  1.250E-01 -1.912E-02  9.975E-02
  6.1050000E+03  1.427E-01 -2.162E-02  1.095E-01
  6.1070000E+03  1.571E-01 -2.068E-02  9.495E-02
  6.1090000E+03  1.478E-01 -1.931E-02  7.727E-02
  6.1110000E+03  1.454E-01 -2.205E-02  1.074E-01
  6.1130000E+03  1.235E-01 -1.937E-02  1.028E-01
  6.1150000E+03  1.373E-01 -1.987E-02  9.811E-02
  6.1170000E+03  1.406E-01 -1.825E-02  7.165E-02
  6.1190000E+03  1.203E-01 -1.763E-02  8.532E-02
  6.1210000E+03  1.353E-01 -1.914E-02  8.296E-02
  6.1230000E+03  1.160E-01 -1.498E-02  7.136E-02
  6.1250000E+03  1.381E-01 -1.905E-02  8.076E-02
  6.1270000E+03  1.346E-01 -1.838E-02  8.082E-02
  6.1290000E+03  1.543E-01 -2.002E-02  8.995E-02
  6.1310000E+03  1.047E-01 -1.536E-02  7.339E-02
  6.1330000E+03  1.307E-01 -2.054E-02  1.020E-01
  6.1350000E+03  1.348E-01 -1.838E-02  7.393E-02
  6.1370000E+03  1.071E-01 -1.597E-02  7.892E-02
  6.1390000E+03  1.358E-01 -1.984E-02  8.243E-02
  6.1410000E+03  1.194E-01 -1.649E-02  6.949E-02
  6.1430000E+03  1.229E-01 -1.448E-02  5.207E-02
  6.1450000E+03  1.212E-01 -1.677E-02  8.288E-02
  6.1470000E+03  1.396E-01 -2.082E-02  9.978E-02
  6.1490000E+03  1.440E-01 -1.922E-02  7.987E-02
  6.1510000E+03  1.265E-01 -1.921E-02  9.024E-02
  6.1530000E+03  1.080E-01 -1.528E-02  7.298E-02
  6.1550000E+03  1.260E-01 -1.729E-02  7.830E-02
  6.1570000E+03  1.330E-01 -1.819E-02  8.027E-02
  6.1590000E+03  1.122E-01 -1.627E-02  8.082E-02
  6.1610000E+03  1.152E-01 -1.535E-02  6.044E-02
  6.1630000E+03  1.154E-01 -1.488E-02  4.750E-02
  6.1650000E+03  1.103E-01 -1.627E-02  9.607E-02
  6.1670000E+03  1.224E-01 -1.898E-02  9.656E-02
  6.1690000E+03  1.223E-01 -1.569E-02  7.041E-02
  6.1710000E+03  1.120E-01 -1.566E-02  6.615E-02
  6.1730000E+03  1.179E-01 -1.632E-02  6.603E-02
  6.1750000E+03  9.110E-02 -1.235E-02  6.479E-02
  6.1770000E+03  1.227E-01 -1.649E-02  7.352E-02
  6.1790000E+03  1.189E-01 -1.619E-02  6.371E-02
  6.1810000E+03  1.204E-01 -1.617E-02  6.457E-02
  6.1830000E+03  8.897E-02 -1.356E-02  7.129E-02
  6.1850000E+03  1.141E-01 -1.752E-02  8.502E-02
  6.1870000E+03  9.867E-02 -1.253E-02  5.507E-02
  6.1890000E+03  1.013E-01 -1.528E-02  7.970E-02
  6.1910000E+03  1.089E-01 -1.624E-02  8.201E-02
  6.1930000E+03  1.228E-01 -1.689E-02  7.397E-02
  6.1950000E+03  1.021E-01 -1.442E-02  6.627E-02
  6.1970000E+03  1.043E-01 -1.453E-02  6.224E-02
  6.1990000E+03  1.020E-01 -1.513E-02  7.387E-02
  6.2010000E+03  9.229E-02 -1.526E-02  8.393E-02
  6.2030000E+03  9.661E-02 -1.399E-02  6.247E-02
  6.2050000E+03  1.073E-01 -1.416E-02  6.150E-02
  6.2070000E+03  1.277E-01 -1.671E-02  6.405E-02
  6.2090000E+03  1.164E-01 -1.453E-02  5.257E-02
  6.2110000E+03  8.244E-02 -1.429E-02  8.128E-02
  6.2130000E+03  8.449E-02 -1.347E-02  7.304E-02
  6.2150000E+03  1.100E-01 -1.591E-02  7.665E-02
  6.2170000E+03  1.061E-01 -1.372E-02  4.977E-02
  6.2190000E+03  9.714E-02 -1.363E-02  5.772E-02
  6.2210000E+03  1.027E-01 -1.354E-02  5.789E-02
  6.2230000E+03  9.681E-02 -1.163E-02  4.488E-02
  6.2250000E+03  9.458E-02 -1.556E-02  8.559E-02
  6.2270000E+03  9.421E-02 -1.472E-02  6.867E-02
  6.2290000E+03  7.382E-02 -1.061E-02  5.635E-02
  6.2310000E+03  6.838E-02 -1.160E-02  7.204E-02
  6.2330000E+03  9.907E-02 -1.194E-02  3.830E-02
  6.2350000E+03  9.838E-02 -1.315E-02  4.654E-02
  6.2370000E+03  8.523E-02 -1.273E-02  5.634E-02
