  1.3625300E+05 -0.000E+00 -0.000E+00  0.000E+00
  1.3625500E+05 -0.000E+00 -0.000E+00  0.000E+00
  1.3625700E+05 -0.000E+00 -0.000E+00  0.000E+00
  1.3625900E+05 -0.000E+00 -0.000E+00  0.000E+00
  1.3626100E+05 -0.000E+00 -0.000E+00  0.000E+00
  1.3626300E+05 -0.000E+00 -0.000E+00  0.000E+00
  1.3626500E+05 -0.000E+00 -0.000E+00  0.000E+00
  1.3626700E+05 -0.000E+00 -0.000E+00  0.000E+00
  1.3626900E+05 -0.000E+00 -0.000E+00  0.000E+00
  1.3627100E+05 -0.000E+00 -0.000E+00  0.000E+00
  1.3627300E+05 -0.000E+00 -0.000E+00  0.000E+00
  1.3627500E+05 -0.000E+00 -0.000E+00  0.000E+00
  1.3627700E+05 -0.000E+00 -0.000E+00  0.000E+00
  1.3627900E+05 -0.000E+00 -0.000E+00  0.000E+00
  1.3628100E+05 -0.000E+00 -0.000E+00  0.000E+00
  1.3628300E+05 -0.000E+00 -0.000E+00  0.000E+00
  1.3628500E+05 -0.000E+00 -0.000E+00  0.000E+00
  1.3628700E+05 -0.000E+00 -0.000E+00  0.000E+00
  1.3628900E+05 -0.000E+00 -0.000E+00  0.000E+00
  1.3629100E+05 -0.000E+00 -0.000E+00  0.000E+00
  1.3629300E+05 -0.000E+00 -0.000E+00  0.000E+00
  1.3629500E+05 -0.000E+00 -0.000E+00  0.000E+00
  1.3629700E+05 -0.000E+00 -0.000E+00  0.000E+00
  1.3629900E+05 -0.000E+00 -0.000E+00  0.000E+00
  1.3630100E+05 -0.000E+00 -0.000E+00  0.000E+00
  1.3630300E+05 -0.000E+00 -0.000E+00  0.000E+00
  1.3630500E+05 -0.000E+00 -0.000E+00  0.000E+00
  1.3630700E+05 -0.000E+00 -0.000E+00  0.000E+00
  1.3630900E+05 -0.000E+00 -0.000E+00  0.000E+00
  1.3631100E+05 -0.000E+00 -0.000E+00  0.000E+00
  1.3631300E+05 -0.000E+00 -0.000E+00  0.000E+00
  1.3631500E+05 -0.000E+00 -0.000E+00  0.000E+00
  1.3631700E+05 -0.000E+00 -0.000E+00  0.000E+00
  1.3631900E+05 -0.000E+00 -0.000E+00  0.000E+00
  1.3632100E+05 -0.000E+00 -0.000E+00  0.000E+00
  1.3632300E+05 -0.000E+00 -0.000E+00  0.000E+00
  1.3632500E+05 -0.000E+00 -0.000E+00  0.000E+00
  1.3632700E+05 -0.000E+00 -0.000E+00  0.000E+00
  1.3632900E+05 -0.000E+00 -0.000E+00  0.000E+00
  1.3633100E+05 -0.000E+00 -0.000E+00  0.000E+00
  1.3633300E+05 -0.000E+00 -0.000E+00  0.000E+00
  1.3633500E+05 -0.000E+00 -0.000E+00  0.000E+00
  1.3633700E+05 -0.000E+00 -0.000E+00  0.000E+00
  1.3633900E+05 -0.000E+00 -0.000E+00  0.000E+00
  1.3634100E+05 -0.000E+00 -0.000E+00  0.000E+00
  1.3634300E+05 -0.000E+00 -0.000E+00  0.000E+00
  1.3634500E+05 -0.000E+00 -0.000E+00  0.000E+00
  1.3634700E+05 -0.000E+00 -0.000E+00  0.000E+00
  1.3634900E+05 -0.000E+00 -0.000E+00  0.000E+00
  1.3635100E+05 -0.000E+00 -0.000E+00  0.000E+00
  1.3635300E+05 -0.000E+00 -0.000E+00  0.000E+00
  1.3635500E+05 -0.000E+00 -0.000E+00  0.000E+00
  1.3635700E+05  1.380E-08 -3.500E-09  3.099E-08
  1.3635900E+05 -2.764E-05  1.027E-06  2.106E-05
  1.3636100E+05 -1.754E-04  3.797E-05 -3.060E-04
  1.3636300E+05 -4.450E-04  1.944E-05  3.024E-04
  1.3636500E+05 -1.192E-03  1.599E-04 -7.003E-04
  1.3636700E+05 -4.896E-03  9.280E-04 -6.708E-03
  1.3636900E+05 -2.140E-02  2.919E-03 -1.327E-02
  1.3637100E+05 -3.250E-02  4.642E-03 -2.310E-02
  1.3637300E+05 -5.706E-02  8.107E-03 -3.997E-02
  1.3637500E+05 -1.376E-01  1.815E-02 -7.636E-02
  1.3637700E+05 -1.847E-01  2.754E-02 -1.480E-01
  1.3637900E+05 -2.910E-01  4.036E-02 -1.898E-01
  1.3638100E+05 -5.013E-01  6.899E-02 -3.193E-01
  1.3638300E+05 -7.414E-01  1.038E-01 -4.979E-01
  1.3638500E+05 -9.647E-01  1.350E-01 -6.472E-01
  1.3638700E+05 -1.323E+00  1.829E-01 -8.543E-01
  1.3638900E+05 -1.691E+00  2.389E-01 -1.169E+00
  1.3639100E+05 -2.080E+00  2.833E-01 -1.283E+00
  1.3639300E+05 -2.327E+00  3.269E-01 -1.582E+00
  1.3639500E+05 -2.791E+00  3.923E-01 -1.901E+00
  1.3639700E+05 -3.094E+00  4.280E-01 -2.005E+00
  1.3639900E+05 -3.214E+00  4.517E-01 -2.189E+00
  1.3640100E+05 -3.216E+00  4.473E-01 -2.123E+00
  1.3640300E+05 -2.999E+00  4.287E-01 -2.154E+00
  1.3640500E+05 -3.014E+00  4.176E-01 -1.967E+00
  1.3640700E+05 -2.570E+00  3.668E-01 -1.841E+00
  1.3640900E+05 -2.255E+00  3.260E-01 -1.680E+00
  1.3641100E+05 -1.913E+00  2.635E-01 -1.225E+00
  1.3641300E+05 -1.699E+00  2.379E-01 -1.152E+00
  1.3641500E+05 -1.276E+00  1.753E-01 -8.141E-01
  1.3641700E+05 -9.704E-01  1.377E-01 -6.902E-01
  1.3641900E+05 -7.927E-01  1.142E-01 -5.890E-01
  1.3642100E+05 -5.932E-01  8.677E-02 -4.630E-01
  1.3642300E+05 -3.974E-01  5.664E-02 -2.903E-01
  1.3642500E+05 -2.053E-01  2.739E-02 -1.239E-01
  1.3642700E+05 -1.574E-01  1.716E-02 -3.629E-02
  1.3642900E+05 -8.368E-02  8.424E-03 -1.091E-02
  1.3643100E+05  6.279E-02 -1.197E-02  8.589E-02
  1.3643300E+05  8.243E-02 -6.983E-03 -1.957E-02
  1.3643500E+05  7.771E-02 -8.990E-03  2.072E-02
  1.3643700E+05  1.545E-01 -2.712E-02  1.844E-01
  1.3643900E+05  2.349E-01 -3.365E-02  1.641E-01
  1.3644100E+05  1.945E-01 -3.064E-02  1.780E-01
  1.3644300E+05  2.072E-01 -2.752E-02  1.146E-01
  1.3644500E+05  2.319E-01 -3.329E-02  1.643E-01
  1.3644700E+05  2.269E-01 -3.251E-02  1.597E-01
  1.3644900E+05  2.097E-01 -2.867E-02  1.276E-01
  1.3645100E+05  2.462E-01 -3.828E-02  2.194E-01
  1.3645300E+05  2.092E-01 -2.905E-02  1.356E-01
  1.3645500E+05  2.345E-01 -3.217E-02  1.453E-01
  1.3645700E+05  2.126E-01 -3.123E-02  1.631E-01
  1.3645900E+05  2.832E-01 -3.852E-02  1.689E-01
  1.3646100E+05  2.266E-01 -3.487E-02  1.978E-01
  1.3646300E+05  2.023E-01 -3.067E-02  1.708E-01
  1.3646500E+05  2.631E-01 -3.488E-02  1.456E-01
  1.3646700E+05  2.208E-01 -3.148E-02  1.531E-01
  1.3646900E+05  2.228E-01 -3.284E-02  1.700E-01
  1.3647100E+05  2.336E-01 -3.550E-02  2.005E-01
  1.3647300E+05  2.041E-01 -3.025E-02  1.621E-01
  1.3647500E+05  2.536E-01 -3.615E-02  1.779E-01
  1.3647700E+05  2.154E-01 -3.288E-02  1.848E-01
  1.3647900E+05  2.032E-01 -2.926E-02  1.456E-01
  1.3648100E+05  2.378E-01 -3.197E-02  1.379E-01
  1.3648300E+05  2.128E-01 -3.161E-02  1.710E-01
  1.3648500E+05  2.222E-01 -3.052E-02  1.384E-01
  1.3648700E+05  2.442E-01 -3.417E-02  1.635E-01
  1.3648900E+05  2.158E-01 -2.945E-02  1.323E-01
  1.3649100E+05  2.017E-01 -2.943E-02  1.551E-01
  1.3649300E+05  1.810E-01 -2.703E-02  1.459E-01
  1.3649500E+05  2.339E-01 -3.281E-02  1.576E-01
  1.3649700E+05  2.228E-01 -3.231E-02  1.663E-01
  1.3649900E+05  1.835E-01 -2.888E-02  1.706E-01
  1.3650100E+05  2.057E-01 -3.062E-02  1.629E-01
  1.3650300E+05  1.876E-01 -2.607E-02  1.203E-01
  1.3650500E+05  1.916E-01 -2.505E-02  1.008E-01
  1.3650700E+05  2.084E-01 -2.862E-02  1.304E-01
  1.3650900E+05  1.641E-01 -2.644E-02  1.627E-01
  1.3651100E+05  2.082E-01 -3.021E-02  1.525E-01
  1.3651300E+05  1.998E-01 -2.764E-02  1.310E-01
  1.3651500E+05  1.753E-01 -2.564E-02  1.324E-01
  1.3651700E+05  2.023E-01 -2.726E-02  1.185E-01
  1.3651900E+05  2.272E-01 -3.118E-02  1.426E-01
  1.3652100E+05  1.982E-01 -2.952E-02  1.633E-01
  1.3652300E+05  2.265E-01 -2.961E-02  1.174E-01
  1.3652500E+05  1.543E-01 -2.302E-02  1.231E-01
  1.3652700E+05  1.726E-01 -2.505E-02  1.310E-01
  1.3652900E+05  1.923E-01 -2.617E-02  1.176E-01
  1.3653100E+05  2.178E-01 -2.841E-02  1.139E-01
  1.3653300E+05  1.774E-01 -2.346E-02  9.842E-02
  1.3653500E+05  1.715E-01 -2.667E-02  1.570E-01
  1.3653700E+05  2.037E-01 -2.874E-02  1.385E-01
  1.3653900E+05  1.711E-01 -2.297E-02  9.996E-02
  1.3654100E+05  2.031E-01 -2.751E-02  1.194E-01
  1.3654300E+05  1.939E-01 -2.811E-02  1.458E-01
  1.3654500E+05  1.602E-01 -2.240E-02  1.074E-01
  1.3654700E+05  1.902E-01 -2.660E-02  1.256E-01
  1.3654900E+05  1.351E-01 -2.003E-02  1.103E-01
  1.3655100E+05  1.316E-01 -1.883E-02  9.030E-02
  1.3655300E+05  1.440E-01 -2.099E-02  1.129E-01
  1.3655500E+05  1.519E-01 -2.215E-02  1.186E-01
  1.3655700E+05  1.927E-01 -2.377E-02  7.723E-02
  1.3655900E+05  1.884E-01 -2.612E-02  1.234E-01
  1.3656100E+05  1.585E-01 -2.215E-02  1.052E-01
  1.3656300E+05  1.472E-01 -2.182E-02  1.163E-01
  1.3656500E+05  1.880E-01 -2.522E-02  1.079E-01
  1.3656700E+05  2.040E-01 -2.610E-02  9.752E-02
  1.3656900E+05  1.594E-01 -2.161E-02  9.437E-02
  1.3657100E+05  1.470E-01 -2.093E-02  1.045E-01
  1.3657300E+05  1.414E-01 -2.052E-02  1.046E-01
  1.3657500E+05  1.693E-01 -2.458E-02  1.232E-01
  1.3657700E+05  1.502E-01 -2.206E-02  1.176E-01
  1.3657900E+05  1.461E-01 -1.951E-02  8.471E-02
  1.3658100E+05  1.283E-01 -1.931E-02  1.081E-01
  1.3658300E+05  1.347E-01 -2.011E-02  1.109E-01
  1.3658500E+05  1.666E-01 -2.236E-02  9.840E-02
  1.3658700E+05  1.542E-01 -2.127E-02  9.794E-02
  1.3658900E+05  1.498E-01 -2.139E-02  1.075E-01
  1.3659100E+05  1.496E-01 -2.087E-02  9.890E-02
  1.3659300E+05  1.398E-01 -1.980E-02  9.617E-02
  1.3659500E+05  1.416E-01 -1.873E-02  7.734E-02
  1.3659700E+05  1.383E-01 -1.918E-02  9.049E-02
  1.3659900E+05  1.457E-01 -2.209E-02  1.239E-01
  1.3660100E+05  1.443E-01 -2.083E-02  1.058E-01
  1.3660300E+05  1.401E-01 -1.998E-02  1.007E-01
  1.3660500E+05  1.379E-01 -1.830E-02  7.670E-02
  1.3660700E+05  1.475E-01 -2.080E-02  9.885E-02
  1.3660900E+05  1.316E-01 -1.713E-02  7.441E-02
  1.3661100E+05  1.536E-01 -1.961E-02  7.274E-02
  1.3661300E+05  1.448E-01 -2.113E-02  1.089E-01
  1.3661500E+05  1.066E-01 -1.588E-02  8.742E-02
  1.3661700E+05  1.243E-01 -1.868E-02  1.017E-01
  1.3661900E+05  1.321E-01 -1.870E-02  9.122E-02
  1.3662100E+05  1.503E-01 -1.985E-02  8.300E-02
  1.3662300E+05  1.489E-01 -1.939E-02  7.835E-02
  1.3662500E+05  1.361E-01 -1.966E-02  1.006E-01
  1.3662700E+05  1.057E-01 -1.670E-02  1.015E-01
  1.3662900E+05  1.078E-01 -1.603E-02  8.856E-02
  1.3663100E+05  1.288E-01 -1.690E-02  6.974E-02
