  1.5790900E+05 -0.000E+00 -0.000E+00  0.000E+00
  1.5791100E+05 -0.000E+00 -0.000E+00  0.000E+00
  1.5791300E+05 -0.000E+00 -0.000E+00  0.000E+00
  1.5791500E+05 -0.000E+00 -0.000E+00  0.000E+00
  1.5791700E+05 -0.000E+00 -0.000E+00  0.000E+00
  1.5791900E+05 -0.000E+00 -0.000E+00  0.000E+00
  1.5792100E+05 -0.000E+00 -0.000E+00  0.000E+00
  1.5792300E+05 -0.000E+00 -0.000E+00  0.000E+00
  1.5792500E+05 -0.000E+00 -0.000E+00  0.000E+00
  1.5792700E+05 -0.000E+00 -0.000E+00  0.000E+00
  1.5792900E+05 -0.000E+00 -0.000E+00  0.000E+00
  1.5793100E+05 -0.000E+00 -0.000E+00  0.000E+00
  1.5793300E+05 -0.000E+00 -0.000E+00  0.000E+00
  1.5793500E+05 -0.000E+00 -0.000E+00  0.000E+00
  1.5793700E+05 -0.000E+00 -0.000E+00  0.000E+00
  1.5793900E+05 -0.000E+00 -0.000E+00  0.000E+00
  1.5794100E+05 -0.000E+00 -0.000E+00  0.000E+00
  1.5794300E+05 -0.000E+00 -0.000E+00  0.000E+00
  1.5794500E+05 -0.000E+00 -0.000E+00  0.000E+00
  1.5794700E+05 -0.000E+00 -0.000E+00  0.000E+00
  1.5794900E+05 -0.000E+00 -0.000E+00  0.000E+00
  1.5795100E+05 -0.000E+00 -0.000E+00  0.000E+00
  1.5795300E+05 -0.000E+00 -0.000E+00  0.000E+00
  1.5795500E+05 -0.000E+00 -0.000E+00  0.000E+00
  1.5795700E+05 -0.000E+00 -0.000E+00  0.000E+00
  1.5795900E+05 -0.000E+00 -0.000E+00  0.000E+00
  1.5796100E+05 -0.000E+00 -0.000E+00  0.000E+00
  1.5796300E+05 -0.000E+00 -0.000E+00  0.000E+00
  1.5796500E+05 -0.000E+00 -0.000E+00  0.000E+00
  1.5796700E+05 -0.000E+00 -0.000E+00  0.000E+00
  1.5796900E+05 -0.000E+00 -0.000E+00  0.000E+00
  1.5797100E+05 -0.000E+00 -0.000E+00  0.000E+00
  1.5797300E+05 -0.000E+00 -0.000E+00  0.000E+00
  1.5797500E+05 -0.000E+00 -0.000E+00  0.000E+00
  1.5797700E+05 -0.000E+00 -0.000E+00  0.000E+00
  1.5797900E+05 -0.000E+00 -0.000E+00  0.000E+00
  1.5798100E+05 -0.000E+00 -0.000E+00  0.000E+00
  1.5798300E+05 -0.000E+00 -0.000E+00  0.000E+00
  1.5798500E+05 -0.000E+00 -0.000E+00  0.000E+00
  1.5798700E+05 -0.000E+00 -0.000E+00  0.000E+00
  1.5798900E+05 -0.000E+00 -0.000E+00  0.000E+00
  1.5799100E+05 -0.000E+00 -0.000E+00  0.000E+00
  1.5799300E+05 -0.000E+00 -0.000E+00  0.000E+00
  1.5799500E+05 -0.000E+00 -0.000E+00  0.000E+00
  1.5799700E+05 -0.000E+00 -0.000E+00  0.000E+00
  1.5799900E+05 -0.000E+00 -0.000E+00  0.000E+00
  1.5800100E+05 -0.000E+00 -0.000E+00  0.000E+00
  1.5800300E+05 -0.000E+00 -0.000E+00  0.000E+00
  1.5800500E+05 -0.000E+00 -0.000E+00  0.000E+00
  1.5800700E+05 -0.000E+00 -0.000E+00  0.000E+00
  1.5800900E+05 -0.000E+00 -0.000E+00  0.000E+00
  1.5801100E+05 -0.000E+00 -0.000E+00  0.000E+00
  1.5801300E+05  2.965E-07 -1.132E-07  1.270E-06
  1.5801500E+05 -6.326E-05  2.287E-06  4.054E-05
  1.5801700E+05 -1.313E-04  3.949E-05 -4.141E-04
  1.5801900E+05 -1.642E-03  1.218E-04  1.667E-04
  1.5802100E+05 -3.531E-03  5.653E-04 -4.038E-03
  1.5802300E+05 -1.026E-02  1.199E-03 -5.418E-03
  1.5802500E+05 -3.379E-02  3.553E-03 -1.210E-02
  1.5802700E+05 -5.653E-02  6.820E-03 -3.318E-02
  1.5802900E+05 -1.227E-01  1.499E-02 -7.523E-02
  1.5803100E+05 -2.083E-01  2.448E-02 -1.143E-01
  1.5803300E+05 -3.219E-01  3.882E-02 -1.922E-01
  1.5803500E+05 -5.282E-01  6.276E-02 -3.034E-01
  1.5803700E+05 -7.690E-01  9.158E-02 -4.478E-01
  1.5803900E+05 -1.079E+00  1.306E-01 -6.632E-01
  1.5804100E+05 -1.504E+00  1.780E-01 -8.698E-01
  1.5804300E+05 -1.774E+00  2.165E-01 -1.132E+00
  1.5804500E+05 -2.219E+00  2.652E-01 -1.340E+00
  1.5804700E+05 -2.699E+00  3.307E-01 -1.766E+00
  1.5804900E+05 -3.086E+00  3.737E-01 -1.966E+00
  1.5805100E+05 -3.063E+00  3.792E-01 -2.090E+00
  1.5805300E+05 -3.260E+00  3.930E-01 -2.076E+00
  1.5805500E+05 -3.304E+00  4.076E-01 -2.266E+00
  1.5805700E+05 -3.087E+00  3.851E-01 -2.197E+00
  1.5805900E+05 -2.743E+00  3.288E-01 -1.758E+00
  1.5806100E+05 -2.566E+00  3.168E-01 -1.803E+00
  1.5806300E+05 -2.042E+00  2.556E-01 -1.505E+00
  1.5806500E+05 -1.652E+00  2.054E-01 -1.205E+00
  1.5806700E+05 -1.464E+00  1.786E-01 -1.020E+00
  1.5806900E+05 -1.045E+00  1.226E-01 -6.616E-01
  1.5807100E+05 -8.309E-01  9.735E-02 -5.309E-01
  1.5807300E+05 -5.400E-01  7.253E-02 -5.030E-01
  1.5807500E+05 -4.248E-01  5.299E-02 -3.340E-01
  1.5807700E+05 -1.947E-01  2.376E-02 -1.592E-01
  1.5807900E+05 -1.892E-01  2.053E-02 -1.129E-01
  1.5808100E+05  2.935E-02  2.067E-03 -9.190E-02
  1.5808300E+05  4.336E-02 -1.244E-02  1.232E-01
  1.5808500E+05  6.083E-02 -1.137E-02  8.811E-02
  1.5808700E+05  6.175E-02 -1.415E-02  1.306E-01
  1.5808900E+05  1.510E-01 -1.401E-02  1.749E-02
  1.5809100E+05  1.634E-01 -2.115E-02  1.183E-01
  1.5809300E+05  1.972E-01 -2.951E-02  2.092E-01
  1.5809500E+05  1.914E-01 -2.141E-02  8.795E-02
  1.5809700E+05  2.535E-01 -2.755E-02  1.054E-01
  1.5809900E+05  2.733E-01 -3.266E-02  1.644E-01
  1.5810100E+05  2.018E-01 -2.751E-02  1.725E-01
  1.5810300E+05  2.220E-01 -2.736E-02  1.460E-01
  1.5810500E+05  2.502E-01 -3.009E-02  1.545E-01
  1.5810700E+05  2.381E-01 -3.050E-02  1.780E-01
  1.5810900E+05  2.021E-01 -2.681E-02  1.638E-01
  1.5811100E+05  2.472E-01 -3.265E-02  2.010E-01
  1.5811300E+05  2.401E-01 -3.032E-02  1.712E-01
  1.5811500E+05  2.354E-01 -2.833E-02  1.473E-01
  1.5811700E+05  2.074E-01 -2.517E-02  1.310E-01
  1.5811900E+05  2.277E-01 -2.952E-02  1.766E-01
  1.5812100E+05  1.884E-01 -2.238E-02  1.121E-01
  1.5812300E+05  2.422E-01 -2.947E-02  1.546E-01
  1.5812500E+05  2.139E-01 -2.758E-02  1.656E-01
  1.5812700E+05  2.057E-01 -2.726E-02  1.642E-01
  1.5812900E+05  1.966E-01 -2.515E-02  1.480E-01
  1.5813100E+05  2.592E-01 -3.057E-02  1.537E-01
  1.5813300E+05  2.579E-01 -3.048E-02  1.538E-01
  1.5813500E+05  2.168E-01 -2.843E-02  1.707E-01
  1.5813700E+05  1.670E-01 -2.428E-02  1.710E-01
  1.5813900E+05  2.429E-01 -3.018E-02  1.688E-01
  1.5814100E+05  2.229E-01 -2.451E-02  1.043E-01
  1.5814300E+05  1.983E-01 -2.342E-02  1.184E-01
  1.5814500E+05  1.996E-01 -2.617E-02  1.600E-01
  1.5814700E+05  1.841E-01 -2.360E-02  1.381E-01
  1.5814900E+05  2.231E-01 -2.694E-02  1.406E-01
  1.5815100E+05  2.269E-01 -2.704E-02  1.403E-01
  1.5815300E+05  1.981E-01 -2.374E-02  1.249E-01
  1.5815500E+05  2.086E-01 -2.558E-02  1.402E-01
  1.5815700E+05  2.028E-01 -2.630E-02  1.601E-01
  1.5815900E+05  1.754E-01 -2.030E-02  9.917E-02
  1.5816100E+05  1.874E-01 -2.322E-02  1.246E-01
  1.5816300E+05  2.004E-01 -2.623E-02  1.607E-01
  1.5816500E+05  2.164E-01 -2.666E-02  1.452E-01
  1.5816700E+05  2.277E-01 -2.572E-02  1.203E-01
  1.5816900E+05  1.906E-01 -2.379E-02  1.359E-01
  1.5817100E+05  1.966E-01 -2.508E-02  1.459E-01
  1.5817300E+05  1.870E-01 -2.222E-02  1.127E-01
  1.5817500E+05  1.935E-01 -2.278E-02  1.151E-01
  1.5817700E+05  1.953E-01 -2.264E-02  1.115E-01
  1.5817900E+05  1.950E-01 -2.341E-02  1.210E-01
  1.5818100E+05  2.050E-01 -2.379E-02  1.147E-01
  1.5818300E+05  1.772E-01 -2.241E-02  1.302E-01
  1.5818500E+05  1.598E-01 -2.066E-02  1.246E-01
  1.5818700E+05  1.694E-01 -2.200E-02  1.347E-01
  1.5818900E+05  1.474E-01 -1.882E-02  1.109E-01
  1.5819100E+05  1.888E-01 -2.183E-02  1.054E-01
  1.5819300E+05  1.465E-01 -1.837E-02  1.069E-01
  1.5819500E+05  2.128E-01 -2.480E-02  1.224E-01
  1.5819700E+05  1.439E-01 -1.917E-02  1.203E-01
  1.5819900E+05  1.568E-01 -2.012E-02  1.194E-01
  1.5820100E+05  1.716E-01 -2.182E-02  1.244E-01
  1.5820300E+05  1.574E-01 -2.126E-02  1.398E-01
  1.5820500E+05  1.596E-01 -1.966E-02  1.117E-01
  1.5820700E+05  1.691E-01 -1.950E-02  9.086E-02
  1.5820900E+05  1.496E-01 -1.741E-02  8.584E-02
  1.5821100E+05  1.824E-01 -2.315E-02  1.371E-01
  1.5821300E+05  1.491E-01 -1.761E-02  8.612E-02
  1.5821500E+05  1.901E-01 -2.258E-02  1.153E-01
  1.5821700E+05  1.498E-01 -1.852E-02  1.073E-01
  1.5821900E+05  1.225E-01 -1.630E-02  1.033E-01
  1.5822100E+05  1.484E-01 -1.913E-02  1.086E-01
  1.5822300E+05  1.580E-01 -1.961E-02  1.050E-01
  1.5822500E+05  1.656E-01 -1.715E-02  5.931E-02
  1.5822700E+05  1.553E-01 -1.978E-02  1.199E-01
  1.5822900E+05  1.361E-01 -1.847E-02  1.232E-01
  1.5823100E+05  1.443E-01 -1.646E-02  7.899E-02
  1.5823300E+05  1.431E-01 -1.706E-02  8.880E-02
  1.5823500E+05  1.315E-01 -1.550E-02  7.907E-02
  1.5823700E+05  1.337E-01 -1.713E-02  1.054E-01
  1.5823900E+05  1.531E-01 -1.865E-02  1.005E-01
  1.5824100E+05  1.543E-01 -1.795E-02  8.677E-02
  1.5824300E+05  1.274E-01 -1.544E-02  8.370E-02
  1.5824500E+05  1.384E-01 -1.636E-02  8.607E-02
  1.5824700E+05  1.210E-01 -1.563E-02  9.600E-02
  1.5824900E+05  1.460E-01 -1.816E-02  1.054E-01
  1.5825100E+05  1.607E-01 -1.760E-02  7.451E-02
  1.5825300E+05  1.484E-01 -1.693E-02  7.844E-02
  1.5825500E+05  1.384E-01 -1.764E-02  1.062E-01
  1.5825700E+05  1.094E-01 -1.378E-02  7.569E-02
  1.5825900E+05  1.395E-01 -1.594E-02  7.321E-02
  1.5826100E+05  1.425E-01 -1.624E-02  7.752E-02
  1.5826300E+05  1.404E-01 -1.677E-02  8.659E-02
  1.5826500E+05  1.455E-01 -1.894E-02  1.164E-01
  1.5826700E+05  1.115E-01 -1.444E-02  9.220E-02
  1.5826900E+05  1.273E-01 -1.661E-02  1.008E-01
  1.5827100E+05  1.350E-01 -1.630E-02  8.889E-02
  1.5827300E+05  1.452E-01 -1.697E-02  8.288E-02
  1.5827500E+05  1.253E-01 -1.546E-02  8.394E-02
  1.5827700E+05  1.427E-01 -1.692E-02  8.741E-02
  1.5827900E+05  1.428E-01 -1.701E-02  9.010E-02
  1.5828100E+05  1.371E-01 -1.596E-02  8.011E-02
  1.5828300E+05  1.074E-01 -1.429E-02  9.628E-02
  1.5828500E+05  1.112E-01 -1.321E-02  6.848E-02
  1.5828700E+05  1.165E-01 -1.445E-02  8.113E-02
