  8.7101000E+04 -0.000E+00 -0.000E+00  0.000E+00
  8.7103000E+04 -0.000E+00 -0.000E+00  0.000E+00
  8.7105000E+04 -0.000E+00 -0.000E+00  0.000E+00
  8.7107000E+04 -0.000E+00 -0.000E+00  0.000E+00
  8.7109000E+04 -0.000E+00 -0.000E+00  0.000E+00
  8.7111000E+04 -0.000E+00 -0.000E+00  0.000E+00
  8.7113000E+04 -0.000E+00 -0.000E+00  0.000E+00
  8.7115000E+04 -0.000E+00 -0.000E+00  0.000E+00
  8.7117000E+04 -0.000E+00 -0.000E+00  0.000E+00
  8.7119000E+04 -0.000E+00 -0.000E+00  0.000E+00
  8.7121000E+04 -0.000E+00 -0.000E+00  0.000E+00
  8.7123000E+04 -0.000E+00 -0.000E+00  0.000E+00
  8.7125000E+04 -0.000E+00 -0.000E+00  0.000E+00
  8.7127000E+04 -0.000E+00 -0.000E+00  0.000E+00
  8.7129000E+04 -0.000E+00 -0.000E+00  0.000E+00
  8.7131000E+04 -0.000E+00 -0.000E+00  0.000E+00
  8.7133000E+04 -0.000E+00 -0.000E+00  0.000E+00
  8.7135000E+04 -0.000E+00 -0.000E+00  0.000E+00
  8.7137000E+04 -0.000E+00 -0.000E+00  0.000E+00
  8.7139000E+04 -0.000E+00 -0.000E+00  0.000E+00
  8.7141000E+04 -0.000E+00 -0.000E+00  0.000E+00
  8.7143000E+04 -0.000E+00 -0.000E+00  0.000E+00
  8.7145000E+04 -0.000E+00 -0.000E+00  0.000E+00
  8.7147000E+04 -0.000E+00 -0.000E+00  0.000E+00
  8.7149000E+04 -0.000E+00 -0.000E+00  0.000E+00
  8.7151000E+04 -0.000E+00 -0.000E+00  0.000E+00
  8.7153000E+04 -0.000E+00 -0.000E+00  0.000E+00
  8.7155000E+04 -0.000E+00 -0.000E+00  0.000E+00
  8.7157000E+04 -0.000E+00 -0.000E+00  0.000E+00
  8.7159000E+04 -0.000E+00 -0.000E+00  0.000E+00
  8.7161000E+04 -0.000E+00 -0.000E+00  0.000E+00
  8.7163000E+04 -0.000E+00 -0.000E+00  0.000E+00
  8.7165000E+04 -0.000E+00 -0.000E+00  0.000E+00
  8.7167000E+04 -0.000E+00 -0.000E+00  0.000E+00
  8.7169000E+04 -0.000E+00 -0.000E+00  0.000E+00
  8.7171000E+04 -0.000E+00 -0.000E+00  0.000E+00
  8.7173000E+04 -0.000E+00 -0.000E+00  0.000E+00
  8.7175000E+04 -0.000E+00 -0.000E+00  0.000E+00
  8.7177000E+04 -0.000E+00 -0.000E+00  0.000E+00
  8.7179000E+04 -0.000E+00 -0.000E+00  0.000E+00
  8.7181000E+04 -0.000E+00 -0.000E+00  0.000E+00
  8.7183000E+04 -0.000E+00 -0.000E+00  0.000E+00
  8.7185000E+04 -0.000E+00 -0.000E+00  0.000E+00
  8.7187000E+04 -0.000E+00 -0.000E+00  0.000E+00
  8.7189000E+04 -0.000E+00 -0.000E+00  0.000E+00
  8.7191000E+04 -0.000E+00 -0.000E+00  0.000E+00
  8.7193000E+04 -0.000E+00 -0.000E+00  0.000E+00
  8.7195000E+04 -0.000E+00 -0.000E+00  0.000E+00
  8.7197000E+04 -0.000E+00 -0.000E+00  0.000E+00
  8.7199000E+04 -0.000E+00 -0.000E+00  0.000E+00
  8.7201000E+04 -0.000E+00 -0.000E+00  0.000E+00
  8.7203000E+04 -0.000E+00 -0.000E+00  0.000E+00
  8.7205000E+04  3.749E-06  1.522E-07 -6.179E-06
  8.7207000E+04  1.466E-05 -6.498E-07 -6.944E-06
  8.7209000E+04 -3.488E-04  1.669E-05  1.077E-04
  8.7211000E+04 -8.071E-04  1.897E-04 -1.719E-03
  8.7213000E+04  8.865E-05  1.859E-05 -3.347E-04
  8.7215000E+04 -1.399E-03  8.705E-05  6.389E-05
  8.7217000E+04 -8.084E-03  8.931E-04 -4.385E-03
  8.7219000E+04 -1.914E-02  2.311E-03 -1.334E-02
  8.7221000E+04 -4.944E-02  5.890E-03 -3.284E-02
  8.7223000E+04 -8.554E-02  1.030E-02 -5.912E-02
  8.7225000E+04 -1.373E-01  1.551E-02 -8.251E-02
  8.7227000E+04 -2.104E-01  2.501E-02 -1.437E-01
  8.7229000E+04 -3.734E-01  4.343E-02 -2.426E-01
  8.7231000E+04 -4.797E-01  5.494E-02 -3.041E-01
  8.7233000E+04 -6.564E-01  7.601E-02 -4.303E-01
  8.7235000E+04 -8.674E-01  9.776E-02 -5.385E-01
  8.7237000E+04 -1.115E+00  1.239E-01 -6.705E-01
  8.7239000E+04 -1.445E+00  1.668E-01 -9.604E-01
  8.7241000E+04 -1.788E+00  2.066E-01 -1.204E+00
  8.7243000E+04 -1.981E+00  2.179E-01 -1.194E+00
  8.7245000E+04 -2.472E+00  2.759E-01 -1.555E+00
  8.7247000E+04 -2.749E+00  3.063E-01 -1.737E+00
  8.7249000E+04 -2.981E+00  3.284E-01 -1.849E+00
  8.7251000E+04 -2.614E+00  2.982E-01 -1.782E+00
  8.7253000E+04 -2.957E+00  3.257E-01 -1.867E+00
  8.7255000E+04 -2.990E+00  3.358E-01 -1.999E+00
  8.7257000E+04 -2.952E+00  3.261E-01 -1.910E+00
  8.7259000E+04 -2.656E+00  2.858E-01 -1.631E+00
  8.7261000E+04 -2.312E+00  2.466E-01 -1.406E+00
  8.7263000E+04 -2.333E+00  2.478E-01 -1.416E+00
  8.7265000E+04 -2.100E+00  2.252E-01 -1.319E+00
  8.7267000E+04 -1.583E+00  1.689E-01 -9.927E-01
  8.7269000E+04 -1.323E+00  1.456E-01 -9.093E-01
  8.7271000E+04 -1.123E+00  1.301E-01 -8.705E-01
  8.7273000E+04 -8.523E-01  8.461E-02 -4.733E-01
  8.7275000E+04 -7.025E-01  7.527E-02 -4.748E-01
  8.7277000E+04 -5.561E-01  6.000E-02 -3.879E-01
  8.7279000E+04 -3.252E-01  3.909E-02 -3.003E-01
  8.7281000E+04 -2.683E-01  2.799E-02 -1.961E-01
  8.7283000E+04 -1.892E-01  9.619E-03 -1.874E-03
  8.7285000E+04 -4.686E-02  5.641E-03 -7.075E-02
  8.7287000E+04 -3.960E-02  3.758E-04 -2.767E-03
  8.7289000E+04 -4.416E-02  9.269E-06  9.334E-03
  8.7291000E+04  9.888E-02 -9.859E-03  2.657E-02
  8.7293000E+04  1.224E-01 -1.656E-02  1.012E-01
  8.7295000E+04  1.086E-01 -1.544E-02  9.620E-02
  8.7297000E+04  2.199E-01 -2.677E-02  1.567E-01
  8.7299000E+04  2.103E-01 -2.010E-02  7.918E-02
  8.7301000E+04  1.724E-01 -2.362E-02  1.619E-01
  8.7303000E+04  2.438E-01 -2.692E-02  1.438E-01
  8.7305000E+04  2.679E-01 -2.406E-02  8.924E-02
  8.7307000E+04  3.084E-01 -2.737E-02  9.765E-02
  8.7309000E+04  2.065E-01 -2.770E-02  1.921E-01
  8.7311000E+04  2.337E-01 -2.987E-02  1.922E-01
  8.7313000E+04  2.304E-01 -2.505E-02  1.325E-01
  8.7315000E+04  2.481E-01 -2.827E-02  1.637E-01
  8.7317000E+04  2.530E-01 -2.847E-02  1.623E-01
  8.7319000E+04  2.778E-01 -2.992E-02  1.678E-01
  8.7321000E+04  1.965E-01 -2.609E-02  1.841E-01
  8.7323000E+04  2.236E-01 -2.751E-02  1.791E-01
  8.7325000E+04  3.119E-01 -3.262E-02  1.692E-01
  8.7327000E+04  2.448E-01 -2.872E-02  1.754E-01
  8.7329000E+04  2.608E-01 -3.103E-02  2.002E-01
  8.7331000E+04  3.076E-01 -3.020E-02  1.429E-01
  8.7333000E+04  2.474E-01 -2.646E-02  1.451E-01
  8.7335000E+04  2.051E-01 -2.848E-02  1.875E-01
  8.7337000E+04  2.214E-01 -2.205E-02  1.303E-01
  8.7339000E+04  2.379E-01 -1.688E-02  4.883E-02
  8.7341000E+04  1.707E-01 -2.768E-02  1.429E-01
  8.7343000E+04  2.340E-01 -2.854E-02  2.006E-01
  8.7345000E+04  2.679E-01 -2.798E-02  1.456E-01
  8.7347000E+04  2.632E-01 -2.765E-02  1.447E-01
  8.7349000E+04  1.601E-01 -2.445E-02  1.716E-01
  8.7351000E+04  2.687E-01 -2.951E-02  1.785E-01
  8.7353000E+04  1.881E-01 -2.817E-02  1.498E-01
  8.7355000E+04  2.142E-01 -1.776E-02  1.061E-01
  8.7357000E+04  2.430E-01 -2.421E-02  1.366E-01
  8.7359000E+04  2.327E-01 -2.644E-02  1.672E-01
  8.7361000E+04  2.616E-01 -2.387E-02  1.008E-01
  8.7363000E+04  2.392E-01 -2.721E-02  1.492E-01
  8.7365000E+04  2.552E-01 -3.006E-02  1.947E-01
  8.7367000E+04  2.474E-01 -2.463E-02  1.287E-01
  8.7369000E+04  1.937E-01 -2.157E-02  1.391E-01
  8.7371000E+04  2.077E-01 -2.147E-02  1.275E-01
  8.7373000E+04  2.287E-01 -2.278E-02  1.373E-01
  8.7375000E+04  2.652E-01 -2.813E-02  1.549E-01
  8.7377000E+04  1.742E-01 -1.918E-02  9.407E-02
  8.7379000E+04  2.055E-01 -2.252E-02  1.160E-01
  8.7381000E+04  2.265E-01 -2.683E-02  1.583E-01
  8.7383000E+04  1.530E-01 -1.844E-02  1.185E-01
  8.7385000E+04  2.265E-01 -2.286E-02  1.328E-01
  8.7387000E+04  2.189E-01 -2.334E-02  1.115E-01
  8.7389000E+04  2.121E-01 -2.351E-02  1.440E-01
  8.7391000E+04  1.977E-01 -2.071E-02  1.242E-01
  8.7393000E+04  2.105E-01 -2.297E-02  1.116E-01
  8.7395000E+04  1.668E-01 -2.135E-02  1.500E-01
  8.7397000E+04  2.247E-01 -2.461E-02  1.415E-01
  8.7399000E+04  1.915E-01 -2.081E-02  1.172E-01
  8.7401000E+04  1.838E-01 -1.970E-02  1.160E-01
  8.7403000E+04  1.935E-01 -2.281E-02  1.276E-01
  8.7405000E+04  1.731E-01 -2.167E-02  1.430E-01
  8.7407000E+04  1.670E-01 -1.860E-02  1.094E-01
  8.7409000E+04  1.636E-01 -1.810E-02  1.185E-01
  8.7411000E+04  1.516E-01 -1.819E-02  1.283E-01
  8.7413000E+04  1.789E-01 -1.818E-02  1.195E-01
  8.7415000E+04  1.729E-01 -1.734E-02  1.003E-01
  8.7417000E+04  1.750E-01 -2.125E-02  1.337E-01
  8.7419000E+04  2.094E-01 -2.313E-02  1.245E-01
  8.7421000E+04  1.974E-01 -2.256E-02  1.266E-01
  8.7423000E+04  1.927E-01 -2.063E-02  1.180E-01
  8.7425000E+04  1.510E-01 -1.677E-02  1.015E-01
  8.7427000E+04  1.753E-01 -1.852E-02  1.085E-01
  8.7429000E+04  1.639E-01 -1.973E-02  1.180E-01
  8.7431000E+04  1.854E-01 -2.169E-02  1.291E-01
  8.7433000E+04  1.390E-01 -1.599E-02  1.079E-01
  8.7435000E+04  1.343E-01 -1.432E-02  8.228E-02
  8.7437000E+04  1.561E-01 -1.705E-02  1.035E-01
  8.7439000E+04  1.823E-01 -1.702E-02  7.245E-02
  8.7441000E+04  1.842E-01 -1.958E-02  1.048E-01
  8.7443000E+04  1.506E-01 -1.924E-02  1.361E-01
  8.7445000E+04  1.575E-01 -1.775E-02  1.058E-01
  8.7447000E+04  1.662E-01 -1.719E-02  9.518E-02
  8.7449000E+04  1.703E-01 -1.677E-02  8.309E-02
  8.7451000E+04  1.573E-01 -1.672E-02  9.246E-02
  8.7453000E+04  1.653E-01 -1.851E-02  1.093E-01
  8.7455000E+04  1.603E-01 -1.843E-02  1.083E-01
  8.7457000E+04  1.560E-01 -1.607E-02  8.547E-02
  8.7459000E+04  1.477E-01 -1.696E-02  1.074E-01
  8.7461000E+04  1.394E-01 -1.478E-02  7.360E-02
  8.7463000E+04  1.374E-01 -1.404E-02  7.602E-02
  8.7465000E+04  1.663E-01 -1.771E-02  1.058E-01
  8.7467000E+04  1.505E-01 -1.557E-02  8.764E-02
  8.7469000E+04  1.362E-01 -1.943E-02  1.396E-01
  8.7471000E+04  1.522E-01 -1.566E-02  8.201E-02
  8.7473000E+04  1.457E-01 -1.802E-02  1.178E-01
  8.7475000E+04  1.214E-01 -1.452E-02  8.329E-02
  8.7477000E+04  1.207E-01 -1.428E-02  9.376E-02
  8.7479000E+04  1.620E-01 -1.596E-02  7.573E-02
