 -3.4687000E+04 -0.000E+00 -0.000E+00  0.000E+00
 -3.4685000E+04 -0.000E+00 -0.000E+00  0.000E+00
 -3.4683000E+04 -0.000E+00 -0.000E+00  0.000E+00
 -3.4681000E+04 -0.000E+00 -0.000E+00  0.000E+00
 -3.4679000E+04 -0.000E+00 -0.000E+00  0.000E+00
 -3.4677000E+04 -0.000E+00 -0.000E+00  0.000E+00
 -3.4675000E+04 -0.000E+00 -0.000E+00  0.000E+00
 -3.4673000E+04 -0.000E+00 -0.000E+00  0.000E+00
 -3.4671000E+04 -0.000E+00 -0.000E+00  0.000E+00
 -3.4669000E+04 -0.000E+00 -0.000E+00  0.000E+00
 -3.4667000E+04 -0.000E+00 -0.000E+00  0.000E+00
 -3.4665000E+04 -0.000E+00 -0.000E+00  0.000E+00
 -3.4663000E+04 -0.000E+00 -0.000E+00  0.000E+00
 -3.4661000E+04 -0.000E+00 -0.000E+00  0.000E+00
 -3.4659000E+04 -0.000E+00 -0.000E+00  0.000E+00
 -3.4657000E+04 -0.000E+00 -0.000E+00  0.000E+00
 -3.4655000E+04 -0.000E+00 -0.000E+00  0.000E+00
 -3.4653000E+04 -0.000E+00 -0.000E+00  0.000E+00
 -3.4651000E+04 -0.000E+00 -0.000E+00  0.000E+00
 -3.4649000E+04 -0.000E+00 -0.000E+00  0.000E+00
 -3.4647000E+04 -0.000E+00 -0.000E+00  0.000E+00
 -3.4645000E+04 -0.000E+00 -0.000E+00  0.000E+00
 -3.4643000E+04 -0.000E+00 -0.000E+00  0.000E+00
 -3.4641000E+04 -0.000E+00 -0.000E+00  0.000E+00
 -3.4639000E+04 -0.000E+00 -0.000E+00  0.000E+00
 -3.4637000E+04 -0.000E+00 -0.000E+00  0.000E+00
 -3.4635000E+04 -0.000E+00 -0.000E+00  0.000E+00
 -3.4633000E+04 -0.000E+00 -0.000E+00  0.000E+00
 -3.4631000E+04 -0.000E+00 -0.000E+00  0.000E+00
 -3.4629000E+04 -0.000E+00 -0.000E+00  0.000E+00
 -3.4627000E+04 -0.000E+00 -0.000E+00  0.000E+00
 -3.4625000E+04 -0.000E+00 -0.000E+00  0.000E+00
 -3.4623000E+04 -0.000E+00 -0.000E+00  0.000E+00
 -3.4621000E+04 -0.000E+00 -0.000E+00  0.000E+00
 -3.4619000E+04 -0.000E+00 -0.000E+00  0.000E+00
 -3.4617000E+04 -0.000E+00 -0.000E+00  0.000E+00
 -3.4615000E+04 -0.000E+00 -0.000E+00  0.000E+00
 -3.4613000E+04 -0.000E+00 -0.000E+00  0.000E+00
 -3.4611000E+04 -0.000E+00 -0.000E+00  0.000E+00
 -3.4609000E+04 -0.000E+00 -0.000E+00  0.000E+00
 -3.4607000E+04 -0.000E+00 -0.000E+00  0.000E+00
 -3.4605000E+04 -0.000E+00 -0.000E+00  0.000E+00
 -3.4603000E+04 -0.000E+00 -0.000E+00  0.000E+00
 -3.4601000E+04 -0.000E+00 -0.000E+00  0.000E+00
 -3.4599000E+04 -0.000E+00 -0.000E+00  0.000E+00
 -3.4597000E+04 -0.000E+00 -0.000E+00  0.000E+00
 -3.4595000E+04 -0.000E+00 -0.000E+00  0.000E+00
 -3.4593000E+04 -0.000E+00 -0.000E+00  0.000E+00
 -3.4591000E+04 -0.000E+00 -0.000E+00  0.000E+00
 -3.4589000E+04 -0.000E+00 -0.000E+00  0.000E+00
 -3.4587000E+04 -0.000E+00 -0.000E+00  0.000E+00
 -3.4585000E+04 -0.000E+00 -0.000E+00  0.000E+00
 -3.4583000E+04 -0.000E+00 -0.000E+00  0.000E+00
 -3.4581000E+04 -0.000E+00 -0.000E+00  0.000E+00
 -3.4579000E+04  3.234E-06 -6.540E-07  4.985E-06
 -3.4577000E+04 -6.736E-05  1.342E-05 -1.008E-04
 -3.4575000E+04 -4.879E-04  4.130E-05 -1.048E-04
 -3.4573000E+04 -1.239E-03  1.561E-04 -8.410E-04
 -3.4571000E+04  5.837E-06  1.189E-04 -1.349E-03
 -3.4569000E+04 -4.017E-03  4.010E-04 -1.523E-03
 -3.4567000E+04 -4.244E-03  4.826E-04 -2.316E-03
 -3.4565000E+04 -5.994E-03  9.638E-04 -6.556E-03
 -3.4563000E+04 -8.477E-03  1.262E-03 -8.113E-03
 -3.4561000E+04 -2.748E-02  3.594E-03 -2.073E-02
 -3.4559000E+04 -3.890E-02  5.448E-03 -3.350E-02
 -3.4557000E+04 -6.816E-02  8.893E-03 -5.156E-02
 -3.4555000E+04 -7.700E-02  1.094E-02 -6.859E-02
 -3.4553000E+04 -1.166E-01  1.551E-02 -9.242E-02
 -3.4551000E+04 -2.119E-01  2.682E-02 -1.530E-01
 -3.4549000E+04 -2.516E-01  3.023E-02 -1.641E-01
 -3.4547000E+04 -3.420E-01  4.295E-02 -2.453E-01
 -3.4545000E+04 -4.085E-01  5.213E-02 -3.034E-01
 -3.4543000E+04 -5.369E-01  6.511E-02 -3.627E-01
 -3.4541000E+04 -6.783E-01  8.479E-02 -4.883E-01
 -3.4539000E+04 -8.756E-01  1.047E-01 -5.795E-01
 -3.4537000E+04 -9.295E-01  1.121E-01 -6.296E-01
 -3.4535000E+04 -1.139E+00  1.335E-01 -7.317E-01
 -3.4533000E+04 -1.306E+00  1.532E-01 -8.451E-01
 -3.4531000E+04 -1.439E+00  1.675E-01 -9.207E-01
 -3.4529000E+04 -1.595E+00  1.930E-01 -1.107E+00
 -3.4527000E+04 -1.791E+00  2.150E-01 -1.230E+00
 -3.4525000E+04 -2.096E+00  2.336E-01 -1.245E+00
 -3.4523000E+04 -2.222E+00  2.428E-01 -1.276E+00
 -3.4521000E+04 -2.376E+00  2.631E-01 -1.409E+00
 -3.4519000E+04 -2.268E+00  2.527E-01 -1.370E+00
 -3.4517000E+04 -2.227E+00  2.468E-01 -1.339E+00
 -3.4515000E+04 -2.224E+00  2.585E-01 -1.478E+00
 -3.4513000E+04 -2.424E+00  2.759E-01 -1.552E+00
 -3.4511000E+04 -2.468E+00  2.604E-01 -1.365E+00
 -3.4509000E+04 -2.469E+00  2.650E-01 -1.421E+00
 -3.4507000E+04 -2.444E+00  2.610E-01 -1.403E+00
 -3.4505000E+04 -2.224E+00  2.269E-01 -1.169E+00
 -3.4503000E+04 -1.877E+00  2.031E-01 -1.122E+00
 -3.4501000E+04 -2.054E+00  2.217E-01 -1.227E+00
 -3.4499000E+04 -1.770E+00  1.919E-01 -1.073E+00
 -3.4497000E+04 -1.771E+00  1.819E-01 -9.723E-01
 -3.4495000E+04 -1.627E+00  1.681E-01 -9.118E-01
 -3.4493000E+04 -1.389E+00  1.406E-01 -7.527E-01
 -3.4491000E+04 -1.042E+00  1.175E-01 -7.038E-01
 -3.4489000E+04 -1.078E+00  1.141E-01 -6.516E-01
 -3.4487000E+04 -9.517E-01  1.092E-01 -6.723E-01
 -3.4485000E+04 -8.623E-01  8.022E-02 -4.129E-01
 -3.4483000E+04 -7.189E-01  6.746E-02 -3.527E-01
 -3.4481000E+04 -5.302E-01  5.572E-02 -3.371E-01
 -3.4479000E+04 -5.346E-01  6.173E-02 -4.006E-01
 -3.4477000E+04 -3.314E-01  3.717E-02 -2.499E-01
 -3.4475000E+04 -3.029E-01  3.265E-02 -2.174E-01
 -3.4473000E+04 -2.806E-01  2.193E-02 -1.109E-01
 -3.4471000E+04 -2.704E-01  2.498E-02 -1.469E-01
 -3.4469000E+04 -1.220E-01  4.374E-03 -9.611E-03
 -3.4467000E+04  5.995E-03 -6.288E-03  3.249E-02
 -3.4465000E+04 -5.358E-02  5.613E-04 -3.027E-03
 -3.4463000E+04 -2.209E-02  4.228E-03 -5.697E-02
 -3.4461000E+04  1.940E-01 -1.569E-02  3.202E-02
 -3.4459000E+04  8.022E-02 -8.958E-03  2.875E-02
 -3.4457000E+04  1.239E-01 -1.067E-02  2.009E-02
 -3.4455000E+04  1.420E-01 -1.835E-02  9.740E-02
 -3.4453000E+04  1.489E-01 -1.863E-02  9.577E-02
 -3.4451000E+04  2.082E-01 -1.824E-02  5.796E-02
 -3.4449000E+04  1.716E-01 -2.618E-02  1.661E-01
 -3.4447000E+04  1.850E-01 -2.003E-02  9.324E-02
 -3.4445000E+04  2.104E-01 -3.650E-02  2.600E-01
 -3.4443000E+04  2.403E-01 -2.025E-02  6.485E-02
 -3.4441000E+04  2.341E-01 -2.784E-02  1.520E-01
 -3.4439000E+04  2.839E-01 -3.604E-02  2.123E-01
 -3.4437000E+04  2.965E-01 -2.981E-02  1.382E-01
 -3.4435000E+04  1.976E-01 -2.418E-02  1.375E-01
 -3.4433000E+04  2.804E-01 -3.099E-02  1.617E-01
 -3.4431000E+04  2.824E-01 -3.561E-02  2.142E-01
 -3.4429000E+04  2.994E-01 -3.482E-02  1.941E-01
 -3.4427000E+04  3.351E-01 -3.011E-02  1.244E-01
 -3.4425000E+04  2.548E-01 -2.851E-02  1.535E-01
 -3.4423000E+04  3.215E-01 -3.383E-02  1.721E-01
 -3.4421000E+04  2.792E-01 -2.858E-02  1.393E-01
 -3.4419000E+04  2.338E-01 -2.466E-02  1.251E-01
 -3.4417000E+04  2.636E-01 -2.502E-02  1.116E-01
 -3.4415000E+04  2.598E-01 -2.947E-02  1.578E-01
 -3.4413000E+04  2.727E-01 -3.133E-02  1.764E-01
 -3.4411000E+04  2.755E-01 -3.484E-02  2.145E-01
 -3.4409000E+04  3.299E-01 -3.393E-02  1.697E-01
 -3.4407000E+04  2.977E-01 -2.819E-02  1.268E-01
 -3.4405000E+04  2.825E-01 -3.605E-02  2.240E-01
 -3.4403000E+04  3.158E-01 -3.636E-02  2.067E-01
 -3.4401000E+04  2.851E-01 -2.958E-02  1.498E-01
 -3.4399000E+04  3.439E-01 -3.092E-02  1.335E-01
 -3.4397000E+04  3.069E-01 -3.100E-02  1.544E-01
 -3.4395000E+04  2.528E-01 -2.695E-02  1.442E-01
 -3.4393000E+04  2.750E-01 -2.981E-02  1.550E-01
 -3.4391000E+04  2.617E-01 -2.754E-02  1.413E-01
 -3.4389000E+04  2.562E-01 -2.957E-02  1.687E-01
 -3.4387000E+04  2.664E-01 -3.345E-02  2.053E-01
 -3.4385000E+04  3.065E-01 -3.171E-02  1.653E-01
 -3.4383000E+04  2.232E-01 -2.697E-02  1.575E-01
 -3.4381000E+04  2.405E-01 -3.188E-02  2.067E-01
 -3.4379000E+04  2.674E-01 -3.049E-02  1.716E-01
 -3.4377000E+04  2.349E-01 -2.724E-02  1.595E-01
 -3.4375000E+04  2.738E-01 -2.900E-02  1.533E-01
 -3.4373000E+04  2.847E-01 -2.948E-02  1.527E-01
 -3.4371000E+04  2.455E-01 -2.679E-02  1.441E-01
 -3.4369000E+04  2.543E-01 -2.559E-02  1.301E-01
 -3.4367000E+04  2.555E-01 -2.641E-02  1.333E-01
 -3.4365000E+04  2.553E-01 -2.823E-02  1.569E-01
 -3.4363000E+04  2.851E-01 -2.592E-02  1.156E-01
 -3.4361000E+04  2.000E-01 -2.556E-02  1.597E-01
 -3.4359000E+04  2.385E-01 -2.710E-02  1.515E-01
 -3.4357000E+04  2.218E-01 -2.581E-02  1.501E-01
 -3.4355000E+04  2.130E-01 -2.769E-02  1.749E-01
 -3.4353000E+04  2.375E-01 -2.541E-02  1.342E-01
 -3.4351000E+04  2.011E-01 -2.198E-02  1.192E-01
 -3.4349000E+04  2.344E-01 -2.569E-02  1.419E-01
 -3.4347000E+04  2.740E-01 -2.843E-02  1.472E-01
 -3.4345000E+04  2.239E-01 -2.270E-02  1.187E-01
 -3.4343000E+04  2.058E-01 -2.470E-02  1.479E-01
 -3.4341000E+04  2.158E-01 -2.512E-02  1.396E-01
 -3.4339000E+04  2.012E-01 -2.741E-02  1.786E-01
 -3.4337000E+04  2.272E-01 -2.380E-02  1.218E-01
 -3.4335000E+04  2.252E-01 -2.547E-02  1.429E-01
 -3.4333000E+04  2.377E-01 -2.356E-02  1.170E-01
 -3.4331000E+04  2.242E-01 -2.624E-02  1.535E-01
 -3.4329000E+04  2.127E-01 -2.267E-02  1.241E-01
 -3.4327000E+04  1.810E-01 -2.163E-02  1.297E-01
 -3.4325000E+04  2.468E-01 -2.337E-02  1.074E-01
 -3.4323000E+04  2.377E-01 -2.392E-02  1.189E-01
 -3.4321000E+04  1.990E-01 -2.232E-02  1.250E-01
 -3.4319000E+04  1.497E-01 -1.948E-02  1.241E-01
 -3.4317000E+04  1.922E-01 -2.062E-02  1.111E-01
 -3.4315000E+04  2.209E-01 -2.031E-02  9.202E-02
 -3.4313000E+04  2.168E-01 -2.748E-02  1.726E-01
 -3.4311000E+04  1.889E-01 -2.208E-02  1.282E-01
 -3.4309000E+04  1.736E-01 -1.863E-02  9.580E-02
