 -1.3611900E+05 -0.000E+00 -0.000E+00  0.000E+00
 -1.3611700E+05 -0.000E+00 -0.000E+00  0.000E+00
 -1.3611500E+05 -0.000E+00 -0.000E+00  0.000E+00
 -1.3611300E+05 -0.000E+00 -0.000E+00  0.000E+00
 -1.3611100E+05 -0.000E+00 -0.000E+00  0.000E+00
 -1.3610900E+05 -0.000E+00 -0.000E+00  0.000E+00
 -1.3610700E+05 -0.000E+00 -0.000E+00  0.000E+00
 -1.3610500E+05 -0.000E+00 -0.000E+00  0.000E+00
 -1.3610300E+05 -0.000E+00 -0.000E+00  0.000E+00
 -1.3610100E+05 -0.000E+00 -0.000E+00  0.000E+00
 -1.3609900E+05 -0.000E+00 -0.000E+00  0.000E+00
 -1.3609700E+05 -0.000E+00 -0.000E+00  0.000E+00
 -1.3609500E+05 -0.000E+00 -0.000E+00  0.000E+00
 -1.3609300E+05 -0.000E+00 -0.000E+00  0.000E+00
 -1.3609100E+05 -0.000E+00 -0.000E+00  0.000E+00
 -1.3608900E+05 -0.000E+00 -0.000E+00  0.000E+00
 -1.3608700E+05 -0.000E+00 -0.000E+00  0.000E+00
 -1.3608500E+05 -0.000E+00 -0.000E+00  0.000E+00
 -1.3608300E+05 -0.000E+00 -0.000E+00  0.000E+00
 -1.3608100E+05 -0.000E+00 -0.000E+00  0.000E+00
 -1.3607900E+05 -0.000E+00 -0.000E+00  0.000E+00
 -1.3607700E+05 -0.000E+00 -0.000E+00  0.000E+00
 -1.3607500E+05 -0.000E+00 -0.000E+00  0.000E+00
 -1.3607300E+05 -0.000E+00 -0.000E+00  0.000E+00
 -1.3607100E+05 -0.000E+00 -0.000E+00  0.000E+00
 -1.3606900E+05 -0.000E+00 -0.000E+00  0.000E+00
 -1.3606700E+05 -0.000E+00 -0.000E+00  0.000E+00
 -1.3606500E+05 -0.000E+00 -0.000E+00  0.000E+00
 -1.3606300E+05 -0.000E+00 -0.000E+00  0.000E+00
 -1.3606100E+05 -0.000E+00 -0.000E+00  0.000E+00
 -1.3605900E+05 -0.000E+00 -0.000E+00  0.000E+00
 -1.3605700E+05 -0.000E+00 -0.000E+00  0.000E+00
 -1.3605500E+05 -0.000E+00 -0.000E+00  0.000E+00
 -1.3605300E+05 -0.000E+00 -0.000E+00  0.000E+00
 -1.3605100E+05 -0.000E+00 -0.000E+00  0.000E+00
 -1.3604900E+05 -0.000E+00 -0.000E+00  0.000E+00
 -1.3604700E+05 -0.000E+00 -0.000E+00  0.000E+00
 -1.3604500E+05 -0.000E+00 -0.000E+00  0.000E+00
 -1.3604300E+05 -0.000E+00 -0.000E+00  0.000E+00
 -1.3604100E+05 -0.000E+00 -0.000E+00  0.000E+00
 -1.3603900E+05 -0.000E+00 -0.000E+00  0.000E+00
 -1.3603700E+05 -0.000E+00 -0.000E+00  0.000E+00
 -1.3603500E+05 -0.000E+00 -0.000E+00  0.000E+00
 -1.3603300E+05 -0.000E+00 -0.000E+00  0.000E+00
 -1.3603100E+05 -0.000E+00 -0.000E+00  0.000E+00
 -1.3602900E+05 -0.000E+00 -0.000E+00  0.000E+00
 -1.3602700E+05 -0.000E+00 -0.000E+00  0.000E+00
 -1.3602500E+05 -0.000E+00 -0.000E+00  0.000E+00
 -1.3602300E+05 -0.000E+00 -0.000E+00  0.000E+00
 -1.3602100E+05 -0.000E+00 -0.000E+00  0.000E+00
 -1.3601900E+05 -0.000E+00 -0.000E+00  0.000E+00
 -1.3601700E+05 -0.000E+00 -0.000E+00  0.000E+00
 -1.3601500E+05 -0.000E+00 -0.000E+00  0.000E+00
 -1.3601300E+05 -0.000E+00 -0.000E+00  0.000E+00
 -1.3601100E+05 -0.000E+00 -0.000E+00  0.000E+00
 -1.3600900E+05 -0.000E+00 -0.000E+00  0.000E+00
 -1.3600700E+05 -0.000E+00 -0.000E+00  0.000E+00
 -1.3600500E+05 -0.000E+00 -0.000E+00  0.000E+00
 -1.3600300E+05  5.520E-09 -2.506E-09  2.071E-08
 -1.3600100E+05  3.593E-07  5.007E-07 -5.177E-06
 -1.3599900E+05  9.460E-06 -7.445E-07  5.015E-07
 -1.3599700E+05  1.625E-05 -3.141E-06  1.883E-05
 -1.3599500E+05 -2.567E-04  1.848E-05  2.949E-06
 -1.3599300E+05 -1.511E-05  3.385E-05 -3.194E-04
 -1.3599100E+05 -1.094E-04  7.928E-05 -6.931E-04
 -1.3598900E+05 -5.217E-05  6.757E-05 -6.193E-04
 -1.3598700E+05 -1.493E-03 -3.722E-05  1.396E-03
 -1.3598500E+05 -6.626E-03  6.320E-04 -1.512E-03
 -1.3598300E+05 -7.954E-03  9.311E-04 -3.491E-03
 -1.3598100E+05 -5.267E-03  5.549E-04 -1.745E-03
 -1.3597900E+05 -1.039E-02  1.896E-03 -1.105E-02
 -1.3597700E+05 -2.103E-02  3.457E-03 -1.875E-02
 -1.3597500E+05 -2.687E-02  3.531E-03 -1.549E-02
 -1.3597300E+05 -2.451E-02  3.209E-03 -1.402E-02
 -1.3597100E+05 -5.024E-02  6.836E-03 -3.124E-02
 -1.3596900E+05 -6.706E-02  8.717E-03 -3.781E-02
 -1.3596700E+05 -8.433E-02  1.100E-02 -4.802E-02
 -1.3596500E+05 -1.002E-01  1.436E-02 -6.909E-02
 -1.3596300E+05 -1.282E-01  1.473E-02 -5.447E-02
 -1.3596100E+05 -1.423E-01  1.964E-02 -9.119E-02
 -1.3595900E+05 -1.675E-01  2.458E-02 -1.210E-01
 -1.3595700E+05 -2.384E-01  2.881E-02 -1.147E-01
 -1.3595500E+05 -2.376E-01  3.843E-02 -2.045E-01
 -1.3595300E+05 -2.847E-01  4.210E-02 -2.084E-01
 -1.3595100E+05 -4.024E-01  4.868E-02 -1.942E-01
 -1.3594900E+05 -4.389E-01  6.077E-02 -2.827E-01
 -1.3594700E+05 -4.706E-01  6.477E-02 -2.995E-01
 -1.3594500E+05 -5.939E-01  7.444E-02 -3.119E-01
 -1.3594300E+05 -6.511E-01  8.826E-02 -4.028E-01
 -1.3594100E+05 -7.001E-01  9.558E-02 -4.389E-01
 -1.3593900E+05 -8.127E-01  1.029E-01 -4.358E-01
 -1.3593700E+05 -8.598E-01  1.161E-01 -5.279E-01
 -1.3593500E+05 -9.503E-01  1.236E-01 -5.398E-01
 -1.3593300E+05 -1.001E+00  1.386E-01 -6.450E-01
 -1.3593100E+05 -1.086E+00  1.439E-01 -6.414E-01
 -1.3592900E+05 -1.102E+00  1.509E-01 -6.958E-01
 -1.3592700E+05 -1.213E+00  1.597E-01 -7.090E-01
 -1.3592500E+05 -1.353E+00  1.806E-01 -8.119E-01
 -1.3592300E+05 -1.461E+00  1.913E-01 -8.435E-01
 -1.3592100E+05 -1.456E+00  1.963E-01 -8.919E-01
 -1.3591900E+05 -1.569E+00  1.977E-01 -8.381E-01
 -1.3591700E+05 -1.631E+00  2.129E-01 -9.381E-01
 -1.3591500E+05 -1.694E+00  2.269E-01 -1.024E+00
 -1.3591300E+05 -1.639E+00  2.200E-01 -9.979E-01
 -1.3591100E+05 -1.730E+00  2.262E-01 -9.977E-01
 -1.3590900E+05 -1.807E+00  2.214E-01 -9.130E-01
 -1.3590700E+05 -1.739E+00  2.345E-01 -1.068E+00
 -1.3590500E+05 -1.859E+00  2.399E-01 -1.048E+00
 -1.3590300E+05 -1.784E+00  2.374E-01 -1.067E+00
 -1.3590100E+05 -1.913E+00  2.550E-01 -1.150E+00
 -1.3589900E+05 -1.720E+00  2.183E-01 -9.388E-01
 -1.3589700E+05 -1.748E+00  2.224E-01 -9.578E-01
 -1.3589500E+05 -1.804E+00  2.363E-01 -1.051E+00
 -1.3589300E+05 -1.651E+00  2.143E-01 -9.455E-01
 -1.3589100E+05 -1.799E+00  2.361E-01 -1.050E+00
 -1.3588900E+05 -1.610E+00  1.922E-01 -7.778E-01
 -1.3588700E+05 -1.497E+00  2.000E-01 -9.072E-01
 -1.3588500E+05 -1.478E+00  1.914E-01 -8.462E-01
 -1.3588300E+05 -1.369E+00  1.824E-01 -8.256E-01
 -1.3588100E+05 -1.354E+00  1.796E-01 -8.110E-01
 -1.3587900E+05 -1.300E+00  1.668E-01 -7.283E-01
 -1.3587700E+05 -1.227E+00  1.541E-01 -6.624E-01
 -1.3587500E+05 -1.248E+00  1.669E-01 -7.603E-01
 -1.3587300E+05 -1.100E+00  1.399E-01 -6.111E-01
 -1.3587100E+05 -1.092E+00  1.280E-01 -5.115E-01
 -1.3586900E+05 -1.005E+00  1.410E-01 -6.663E-01
 -1.3586700E+05 -8.390E-01  1.117E-01 -5.119E-01
 -1.3586500E+05 -8.171E-01  1.144E-01 -5.425E-01
 -1.3586300E+05 -8.092E-01  1.015E-01 -4.403E-01
 -1.3586100E+05 -7.371E-01  1.033E-01 -4.927E-01
 -1.3585900E+05 -5.454E-01  8.333E-02 -4.279E-01
 -1.3585700E+05 -5.721E-01  6.046E-02 -2.229E-01
 -1.3585500E+05 -4.434E-01  6.815E-02 -3.487E-01
 -1.3585300E+05 -4.917E-01  7.149E-02 -3.544E-01
 -1.3585100E+05 -4.547E-01  5.772E-02 -2.534E-01
 -1.3584900E+05 -5.285E-01  7.618E-02 -3.715E-01
 -1.3584700E+05 -2.859E-01  2.344E-02 -5.504E-02
 -1.3584500E+05 -2.775E-01  3.441E-02 -1.520E-01
 -1.3584300E+05 -2.298E-01  3.721E-02 -1.999E-01
 -1.3584100E+05 -2.386E-01  2.709E-02 -1.068E-01
 -1.3583900E+05 -1.174E-01  1.479E-02 -7.558E-02
 -1.3583700E+05 -1.688E-01  1.831E-02 -7.613E-02
 -1.3583500E+05 -5.115E-02  1.414E-02 -9.657E-02
 -1.3583300E+05  3.430E-02  6.185E-03 -7.472E-02
 -1.3583100E+05  6.562E-02  1.221E-02 -1.386E-01
 -1.3582900E+05 -6.599E-02  4.755E-03 -1.508E-02
 -1.3582700E+05  1.927E-02  4.713E-03 -5.479E-02
 -1.3582500E+05 -1.334E-01  6.573E-03  1.010E-02
 -1.3582300E+05  6.875E-03 -9.405E-03  6.585E-02
 -1.3582100E+05  1.409E-01 -2.499E-02  1.271E-01
 -1.3581900E+05  1.001E-01 -9.505E-03  1.967E-02
 -1.3581700E+05  1.774E-01 -2.423E-02  1.036E-01
 -1.3581500E+05  1.460E-01 -1.618E-02  5.576E-02
 -1.3581300E+05  1.522E-01 -1.346E-02  2.987E-02
 -1.3581100E+05  1.588E-01 -3.027E-02  1.679E-01
 -1.3580900E+05  2.077E-01 -2.330E-02  8.866E-02
 -1.3580700E+05  1.964E-01 -3.383E-02  1.749E-01
 -1.3580500E+05  2.478E-01 -2.753E-02  9.738E-02
 -1.3580300E+05  2.552E-01 -3.217E-02  1.343E-01
 -1.3580100E+05  2.083E-01 -1.519E-02  1.729E-02
 -1.3579900E+05  1.659E-01 -3.332E-02  1.879E-01
 -1.3579700E+05  1.553E-01 -2.359E-02  1.071E-01
 -1.3579500E+05  2.275E-01 -2.143E-02  5.742E-02
 -1.3579300E+05  3.220E-01 -2.381E-02  3.517E-02
 -1.3579100E+05  1.468E-01 -3.210E-02  1.865E-01
 -1.3578900E+05  3.662E-01 -3.943E-02  1.442E-01
 -1.3578700E+05  3.205E-01 -4.752E-02  2.240E-01
 -1.3578500E+05  2.876E-01 -2.930E-02  9.302E-02
 -1.3578300E+05  2.303E-01 -3.950E-02  2.057E-01
 -1.3578100E+05  2.907E-01 -4.025E-02  1.864E-01
 -1.3577900E+05  3.399E-01 -3.601E-02  1.237E-01
 -1.3577700E+05  2.254E-01 -3.146E-02  1.438E-01
 -1.3577500E+05  3.002E-01 -3.728E-02  1.591E-01
 -1.3577300E+05  3.125E-01 -3.916E-02  1.673E-01
 -1.3577100E+05  3.224E-01 -4.473E-02  2.089E-01
 -1.3576900E+05  2.757E-01 -3.319E-02  1.301E-01
 -1.3576700E+05  3.588E-01 -3.973E-02  1.422E-01
 -1.3576500E+05  2.796E-01 -3.440E-02  1.442E-01
 -1.3576300E+05  2.409E-01 -4.048E-02  2.078E-01
 -1.3576100E+05  2.701E-01 -4.103E-02  1.963E-01
 -1.3575900E+05  3.490E-01 -4.058E-02  1.598E-01
 -1.3575700E+05  2.960E-01 -3.828E-02  1.659E-01
 -1.3575500E+05  3.058E-01 -4.327E-02  2.027E-01
 -1.3575300E+05  3.304E-01 -4.654E-02  2.190E-01
 -1.3575100E+05  3.254E-01 -3.682E-02  1.397E-01
 -1.3574900E+05  3.237E-01 -4.286E-02  1.877E-01
 -1.3574700E+05  2.649E-01 -4.161E-02  2.035E-01
 -1.3574500E+05  2.396E-01 -3.246E-02  1.463E-01
 -1.3574300E+05  2.794E-01 -3.326E-02  1.332E-01
 -1.3574100E+05  3.501E-01 -3.943E-02  1.511E-01
