 -1.5777500E+05 -0.000E+00 -0.000E+00  0.000E+00
 -1.5777300E+05 -0.000E+00 -0.000E+00  0.000E+00
 -1.5777100E+05 -0.000E+00 -0.000E+00  0.000E+00
 -1.5776900E+05 -0.000E+00 -0.000E+00  0.000E+00
 -1.5776700E+05 -0.000E+00 -0.000E+00  0.000E+00
 -1.5776500E+05 -0.000E+00 -0.000E+00  0.000E+00
 -1.5776300E+05 -0.000E+00 -0.000E+00  0.000E+00
 -1.5776100E+05 -0.000E+00 -0.000E+00  0.000E+00
 -1.5775900E+05 -0.000E+00 -0.000E+00  0.000E+00
 -1.5775700E+05 -0.000E+00 -0.000E+00  0.000E+00
 -1.5775500E+05 -0.000E+00 -0.000E+00  0.000E+00
 -1.5775300E+05 -0.000E+00 -0.000E+00  0.000E+00
 -1.5775100E+05 -0.000E+00 -0.000E+00  0.000E+00
 -1.5774900E+05 -0.000E+00 -0.000E+00  0.000E+00
 -1.5774700E+05 -0.000E+00 -0.000E+00  0.000E+00
 -1.5774500E+05 -0.000E+00 -0.000E+00  0.000E+00
 -1.5774300E+05 -0.000E+00 -0.000E+00  0.000E+00
 -1.5774100E+05 -0.000E+00 -0.000E+00  0.000E+00
 -1.5773900E+05 -0.000E+00 -0.000E+00  0.000E+00
 -1.5773700E+05 -0.000E+00 -0.000E+00  0.000E+00
 -1.5773500E+05 -0.000E+00 -0.000E+00  0.000E+00
 -1.5773300E+05 -0.000E+00 -0.000E+00  0.000E+00
 -1.5773100E+05 -0.000E+00 -0.000E+00  0.000E+00
 -1.5772900E+05 -0.000E+00 -0.000E+00  0.000E+00
 -1.5772700E+05 -0.000E+00 -0.000E+00  0.000E+00
 -1.5772500E+05 -0.000E+00 -0.000E+00  0.000E+00
 -1.5772300E+05 -0.000E+00 -0.000E+00  0.000E+00
 -1.5772100E+05 -0.000E+00 -0.000E+00  0.000E+00
 -1.5771900E+05 -0.000E+00 -0.000E+00  0.000E+00
 -1.5771700E+05 -0.000E+00 -0.000E+00  0.000E+00
 -1.5771500E+05 -0.000E+00 -0.000E+00  0.000E+00
 -1.5771300E+05 -0.000E+00 -0.000E+00  0.000E+00
 -1.5771100E+05 -0.000E+00 -0.000E+00  0.000E+00
 -1.5770900E+05 -0.000E+00 -0.000E+00  0.000E+00
 -1.5770700E+05 -0.000E+00 -0.000E+00  0.000E+00
 -1.5770500E+05 -0.000E+00 -0.000E+00  0.000E+00
 -1.5770300E+05 -0.000E+00 -0.000E+00  0.000E+00
 -1.5770100E+05 -0.000E+00 -0.000E+00  0.000E+00
 -1.5769900E+05 -0.000E+00 -0.000E+00  0.000E+00
 -1.5769700E+05 -0.000E+00 -0.000E+00  0.000E+00
 -1.5769500E+05 -0.000E+00 -0.000E+00  0.000E+00
 -1.5769300E+05 -0.000E+00 -0.000E+00  0.000E+00
 -1.5769100E+05 -0.000E+00 -0.000E+00  0.000E+00
 -1.5768900E+05 -0.000E+00 -0.000E+00  0.000E+00
 -1.5768700E+05 -0.000E+00 -0.000E+00  0.000E+00
 -1.5768500E+05 -0.000E+00 -0.000E+00  0.000E+00
 -1.5768300E+05 -0.000E+00 -0.000E+00  0.000E+00
 -1.5768100E+05 -0.000E+00 -0.000E+00  0.000E+00
 -1.5767900E+05 -0.000E+00 -0.000E+00  0.000E+00
 -1.5767700E+05 -0.000E+00 -0.000E+00  0.000E+00
 -1.5767500E+05 -0.000E+00 -0.000E+00  0.000E+00
 -1.5767300E+05 -0.000E+00 -0.000E+00  0.000E+00
 -1.5767100E+05 -0.000E+00 -0.000E+00  0.000E+00
 -1.5766900E+05 -0.000E+00 -0.000E+00  0.000E+00
 -1.5766700E+05 -0.000E+00 -0.000E+00  0.000E+00
 -1.5766500E+05 -0.000E+00 -0.000E+00  0.000E+00
 -1.5766300E+05 -0.000E+00 -0.000E+00  0.000E+00
 -1.5766100E+05 -0.000E+00 -0.000E+00  0.000E+00
 -1.5765900E+05 -0.000E+00 -0.000E+00  0.000E+00
 -1.5765700E+05 -0.000E+00 -0.000E+00  0.000E+00
 -1.5765500E+05 -0.000E+00 -0.000E+00  0.000E+00
 -1.5765300E+05 -9.100E-08  6.208E-08 -5.126E-07
 -1.5765100E+05 -1.559E-05  3.407E-06 -1.919E-05
 -1.5764900E+05 -2.201E-05  6.866E-06 -4.638E-05
 -1.5764700E+05  3.628E-06 -6.901E-06  6.207E-05
 -1.5764500E+05  5.211E-05 -1.933E-06 -2.514E-05
 -1.5764300E+05 -6.141E-05  4.287E-05 -3.494E-04
 -1.5764100E+05 -4.270E-04  1.019E-04 -5.978E-04
 -1.5763900E+05 -1.047E-03  1.882E-04 -8.767E-04
 -1.5763700E+05 -4.221E-03  3.658E-04  9.818E-05
 -1.5763500E+05 -5.613E-03  3.389E-04  1.496E-03
 -1.5763300E+05 -4.354E-03  6.564E-04 -2.487E-03
 -1.5763100E+05 -7.598E-03  8.647E-04 -1.764E-03
 -1.5762900E+05 -1.529E-02  2.354E-03 -9.082E-03
 -1.5762700E+05 -2.355E-02  3.672E-03 -1.435E-02
 -1.5762500E+05 -3.390E-02  4.443E-03 -1.284E-02
 -1.5762300E+05 -3.120E-02  4.720E-03 -1.770E-02
 -1.5762100E+05 -4.528E-02  5.498E-03 -1.307E-02
 -1.5761900E+05 -6.687E-02  1.125E-02 -4.764E-02
 -1.5761700E+05 -8.347E-02  1.102E-02 -3.187E-02
 -1.5761500E+05 -8.752E-02  1.352E-02 -5.110E-02
 -1.5761300E+05 -1.291E-01  2.021E-02 -7.740E-02
 -1.5761100E+05 -1.514E-01  1.705E-02 -3.085E-02
 -1.5760900E+05 -1.623E-01  2.791E-02 -1.186E-01
 -1.5760700E+05 -2.004E-01  3.245E-02 -1.284E-01
 -1.5760500E+05 -2.101E-01  3.220E-02 -1.179E-01
 -1.5760300E+05 -3.351E-01  4.913E-02 -1.674E-01
 -1.5760100E+05 -3.331E-01  5.381E-02 -2.098E-01
 -1.5759900E+05 -3.919E-01  5.782E-02 -1.978E-01
 -1.5759700E+05 -4.342E-01  6.046E-02 -1.856E-01
 -1.5759500E+05 -5.353E-01  8.536E-02 -3.236E-01
 -1.5759300E+05 -5.814E-01  9.049E-02 -3.301E-01
 -1.5759100E+05 -5.537E-01  8.210E-02 -2.781E-01
 -1.5758900E+05 -6.927E-01  1.128E-01 -4.330E-01
 -1.5758700E+05 -7.358E-01  1.173E-01 -4.372E-01
 -1.5758500E+05 -8.075E-01  1.224E-01 -4.242E-01
 -1.5758300E+05 -8.414E-01  1.328E-01 -4.859E-01
 -1.5758100E+05 -9.561E-01  1.468E-01 -5.126E-01
 -1.5757900E+05 -8.846E-01  1.481E-01 -5.780E-01
 -1.5757700E+05 -1.036E+00  1.523E-01 -4.955E-01
 -1.5757500E+05 -1.164E+00  1.857E-01 -6.772E-01
 -1.5757300E+05 -1.230E+00  1.930E-01 -6.850E-01
 -1.5757100E+05 -1.286E+00  2.105E-01 -7.883E-01
 -1.5756900E+05 -1.325E+00  2.127E-01 -7.736E-01
 -1.5756700E+05 -1.379E+00  2.074E-01 -6.833E-01
 -1.5756500E+05 -1.339E+00  2.247E-01 -8.582E-01
 -1.5756300E+05 -1.364E+00  2.273E-01 -8.578E-01
 -1.5756100E+05 -1.621E+00  2.617E-01 -9.464E-01
 -1.5755900E+05 -1.576E+00  2.418E-01 -8.103E-01
 -1.5755700E+05 -1.515E+00  2.462E-01 -8.878E-01
 -1.5755500E+05 -1.644E+00  2.638E-01 -9.338E-01
 -1.5755300E+05 -1.527E+00  2.581E-01 -9.723E-01
 -1.5755100E+05 -1.604E+00  2.674E-01 -9.871E-01
 -1.5754900E+05 -1.691E+00  2.727E-01 -9.613E-01
 -1.5754700E+05 -1.670E+00  2.551E-01 -8.298E-01
 -1.5754500E+05 -1.691E+00  2.729E-01 -9.564E-01
 -1.5754300E+05 -1.580E+00  2.728E-01 -1.036E+00
 -1.5754100E+05 -1.539E+00  2.603E-01 -9.618E-01
 -1.5753900E+05 -1.569E+00  2.637E-01 -9.602E-01
 -1.5753700E+05 -1.534E+00  2.746E-01 -1.071E+00
 -1.5753500E+05 -1.677E+00  2.734E-01 -9.535E-01
 -1.5753300E+05 -1.385E+00  2.112E-01 -6.634E-01
 -1.5753100E+05 -1.334E+00  2.192E-01 -7.645E-01
 -1.5752900E+05 -1.470E+00  2.551E-01 -9.449E-01
 -1.5752700E+05 -1.340E+00  2.236E-01 -7.920E-01
 -1.5752500E+05 -1.217E+00  2.021E-01 -7.027E-01
 -1.5752300E+05 -1.234E+00  2.145E-01 -7.909E-01
 -1.5752100E+05 -1.101E+00  1.836E-01 -6.398E-01
 -1.5751900E+05 -1.031E+00  1.761E-01 -6.241E-01
 -1.5751700E+05 -1.095E+00  1.863E-01 -6.603E-01
 -1.5751500E+05 -1.222E+00  2.061E-01 -7.208E-01
 -1.5751300E+05 -1.079E+00  1.726E-01 -5.620E-01
 -1.5751100E+05 -7.986E-01  1.454E-01 -5.438E-01
 -1.5750900E+05 -7.781E-01  1.349E-01 -4.782E-01
 -1.5750700E+05 -8.140E-01  1.597E-01 -6.455E-01
 -1.5750500E+05 -7.339E-01  1.187E-01 -3.792E-01
 -1.5750300E+05 -6.881E-01  1.129E-01 -3.668E-01
 -1.5750100E+05 -5.862E-01  1.193E-01 -4.863E-01
 -1.5749900E+05 -5.403E-01  9.373E-02 -3.196E-01
 -1.5749700E+05 -5.346E-01  1.095E-01 -4.481E-01
 -1.5749500E+05 -4.700E-01  1.016E-01 -4.317E-01
 -1.5749300E+05 -5.125E-01  9.926E-02 -3.837E-01
 -1.5749100E+05 -4.306E-01  8.088E-02 -2.944E-01
 -1.5748900E+05 -3.611E-01  5.733E-02 -1.643E-01
 -1.5748700E+05 -3.999E-01  8.143E-02 -3.224E-01
 -1.5748500E+05 -2.128E-01  4.484E-02 -1.692E-01
 -1.5748300E+05 -2.224E-01  3.551E-02 -8.664E-02
 -1.5748100E+05 -1.820E-01  3.724E-02 -1.300E-01
 -1.5747900E+05 -2.454E-01  4.048E-02 -1.191E-01
 -1.5747700E+05 -7.603E-02  2.631E-02 -1.245E-01
 -1.5747500E+05 -5.272E-02  3.600E-02 -2.141E-01
 -1.5747300E+05 -7.122E-02  2.094E-02 -9.134E-02
 -1.5747100E+05 -2.104E-01  4.059E-02 -1.408E-01
 -1.5746900E+05  2.393E-02  8.834E-04 -9.485E-04
 -1.5746700E+05 -3.568E-02  3.513E-03  2.264E-02
 -1.5746500E+05  4.206E-02 -7.394E-03  4.891E-02
 -1.5746300E+05  3.165E-02 -1.560E-03  1.323E-02
 -1.5746100E+05 -2.651E-02  1.229E-02 -4.578E-02
 -1.5745900E+05 -5.604E-02  6.895E-03  1.248E-02
 -1.5745700E+05  2.742E-03 -9.749E-03  9.332E-02
 -1.5745500E+05  1.501E-01 -1.325E-02  1.288E-02
 -1.5745300E+05  1.578E-01 -2.078E-02  7.022E-02
 -1.5745100E+05  7.020E-02 -9.258E-03  4.145E-02
 -1.5744900E+05  1.015E-01 -1.445E-02  5.456E-02
 -1.5744700E+05  1.606E-01 -2.554E-02  1.071E-01
 -1.5744500E+05  2.244E-01 -2.647E-02  6.608E-02
 -1.5744300E+05  2.018E-01 -2.708E-02  8.382E-02
 -1.5744100E+05  1.469E-01 -1.886E-02  5.567E-02
 -1.5743900E+05  1.568E-01 -1.433E-02  1.441E-02
 -1.5743700E+05  2.406E-01 -3.825E-02  1.395E-01
 -1.5743500E+05  2.074E-01 -4.318E-02  2.021E-01
 -1.5743300E+05  1.902E-01 -2.082E-02  3.534E-02
 -1.5743100E+05  1.976E-01 -4.146E-02  1.934E-01
 -1.5742900E+05  2.657E-01 -2.963E-02  5.539E-02
 -1.5742700E+05  2.701E-01 -4.745E-02  1.804E-01
 -1.5742500E+05  2.627E-01 -4.085E-02  1.403E-01
 -1.5742300E+05  1.997E-01 -3.511E-02  1.435E-01
 -1.5742100E+05  2.876E-01 -5.038E-02  2.006E-01
 -1.5741900E+05  3.770E-01 -5.385E-02  1.572E-01
 -1.5741700E+05  2.439E-01 -3.349E-02  9.867E-02
 -1.5741500E+05  1.605E-01 -2.678E-02  1.082E-01
 -1.5741300E+05  2.662E-01 -4.380E-02  1.668E-01
 -1.5741100E+05  2.728E-01 -4.186E-02  1.377E-01
 -1.5740900E+05  2.513E-01 -4.285E-02  1.587E-01
 -1.5740700E+05  2.937E-01 -4.677E-02  1.614E-01
 -1.5740500E+05  3.323E-01 -5.471E-02  1.931E-01
 -1.5740300E+05  3.410E-01 -4.733E-02  1.368E-01
 -1.5740100E+05  2.967E-01 -5.320E-02  2.072E-01
 -1.5739900E+05  2.961E-01 -5.325E-02  2.064E-01
 -1.5739700E+05  3.375E-01 -4.634E-02  1.264E-01
