 -9.4221000E+04 -0.000E+00 -0.000E+00  0.000E+00
 -9.4219000E+04 -0.000E+00 -0.000E+00  0.000E+00
 -9.4217000E+04 -0.000E+00 -0.000E+00  0.000E+00
 -9.4215000E+04 -0.000E+00 -0.000E+00  0.000E+00
 -9.4213000E+04 -0.000E+00 -0.000E+00  0.000E+00
 -9.4211000E+04 -0.000E+00 -0.000E+00  0.000E+00
 -9.4209000E+04 -0.000E+00 -0.000E+00  0.000E+00
 -9.4207000E+04 -0.000E+00 -0.000E+00  0.000E+00
 -9.4205000E+04 -0.000E+00 -0.000E+00  0.000E+00
 -9.4203000E+04 -0.000E+00 -0.000E+00  0.000E+00
 -9.4201000E+04 -0.000E+00 -0.000E+00  0.000E+00
 -9.4199000E+04 -0.000E+00 -0.000E+00  0.000E+00
 -9.4197000E+04 -0.000E+00 -0.000E+00  0.000E+00
 -9.4195000E+04 -0.000E+00 -0.000E+00  0.000E+00
 -9.4193000E+04 -0.000E+00 -0.000E+00  0.000E+00
 -9.4191000E+04 -0.000E+00 -0.000E+00  0.000E+00
 -9.4189000E+04 -0.000E+00 -0.000E+00  0.000E+00
 -9.4187000E+04 -0.000E+00 -0.000E+00  0.000E+00
 -9.4185000E+04 -0.000E+00 -0.000E+00  0.000E+00
 -9.4183000E+04 -0.000E+00 -0.000E+00  0.000E+00
 -9.4181000E+04 -0.000E+00 -0.000E+00  0.000E+00
 -9.4179000E+04 -0.000E+00 -0.000E+00  0.000E+00
 -9.4177000E+04 -0.000E+00 -0.000E+00  0.000E+00
 -9.4175000E+04 -0.000E+00 -0.000E+00  0.000E+00
 -9.4173000E+04 -0.000E+00 -0.000E+00  0.000E+00
 -9.4171000E+04 -0.000E+00 -0.000E+00  0.000E+00
 -9.4169000E+04 -0.000E+00 -0.000E+00  0.000E+00
 -9.4167000E+04 -0.000E+00 -0.000E+00  0.000E+00
 -9.4165000E+04 -0.000E+00 -0.000E+00  0.000E+00
 -9.4163000E+04 -0.000E+00 -0.000E+00  0.000E+00
 -9.4161000E+04 -0.000E+00 -0.000E+00  0.000E+00
 -9.4159000E+04 -0.000E+00 -0.000E+00  0.000E+00
 -9.4157000E+04 -0.000E+00 -0.000E+00  0.000E+00
 -9.4155000E+04 -0.000E+00 -0.000E+00  0.000E+00
 -9.4153000E+04 -0.000E+00 -0.000E+00  0.000E+00
 -9.4151000E+04 -0.000E+00 -0.000E+00  0.000E+00
 -9.4149000E+04 -0.000E+00 -0.000E+00  0.000E+00
 -9.4147000E+04 -0.000E+00 -0.000E+00  0.000E+00
 -9.4145000E+04 -0.000E+00 -0.000E+00  0.000E+00
 -9.4143000E+04 -0.000E+00 -0.000E+00  0.000E+00
 -9.4141000E+04 -0.000E+00 -0.000E+00  0.000E+00
 -9.4139000E+04 -0.000E+00 -0.000E+00  0.000E+00
 -9.4137000E+04 -0.000E+00 -0.000E+00  0.000E+00
 -9.4135000E+04 -0.000E+00 -0.000E+00  0.000E+00
 -9.4133000E+04 -0.000E+00 -0.000E+00  0.000E+00
 -9.4131000E+04 -0.000E+00 -0.000E+00  0.000E+00
 -9.4129000E+04 -0.000E+00 -0.000E+00  0.000E+00
 -9.4127000E+04 -0.000E+00 -0.000E+00  0.000E+00
 -9.4125000E+04 -0.000E+00 -0.000E+00  0.000E+00
 -9.4123000E+04 -0.000E+00 -0.000E+00  0.000E+00
 -9.4121000E+04 -0.000E+00 -0.000E+00  0.000E+00
 -9.4119000E+04 -0.000E+00 -0.000E+00  0.000E+00
 -9.4117000E+04 -0.000E+00 -0.000E+00  0.000E+00
 -9.4115000E+04 -0.000E+00 -0.000E+00  0.000E+00
 -9.4113000E+04 -0.000E+00 -0.000E+00  0.000E+00
 -9.4111000E+04 -0.000E+00 -0.000E+00  0.000E+00
 -9.4109000E+04 -0.000E+00 -0.000E+00  0.000E+00
 -9.4107000E+04 -0.000E+00 -0.000E+00  0.000E+00
 -9.4105000E+04 -0.000E+00 -0.000E+00  0.000E+00
 -9.4103000E+04 -0.000E+00 -0.000E+00  0.000E+00
 -9.4101000E+04 -0.000E+00 -0.000E+00  0.000E+00
 -9.4099000E+04 -0.000E+00 -0.000E+00  0.000E+00
 -9.4097000E+04 -0.000E+00 -0.000E+00  0.000E+00
 -9.4095000E+04 -0.000E+00 -0.000E+00  0.000E+00
 -9.4093000E+04 -0.000E+00 -0.000E+00  0.000E+00
 -9.4091000E+04 -0.000E+00 -0.000E+00  0.000E+00
 -9.4089000E+04 -0.000E+00 -0.000E+00  0.000E+00
 -9.4087000E+04 -0.000E+00 -0.000E+00  0.000E+00
 -9.4085000E+04  2.379E-08 -7.601E-09  5.418E-08
 -9.4083000E+04 -1.111E-05  1.693E-06 -5.851E-06
 -9.4081000E+04 -3.100E-05  4.645E-06 -1.541E-05
 -9.4079000E+04 -1.022E-04  1.841E-05 -8.301E-05
 -9.4077000E+04 -8.839E-04  1.002E-04 -1.046E-04
 -9.4075000E+04 -3.116E-04  7.299E-05 -4.219E-04
 -9.4073000E+04 -4.594E-04  9.628E-05 -5.064E-04
 -9.4071000E+04 -1.219E-03  1.797E-04 -5.567E-04
 -9.4069000E+04 -2.894E-05  1.170E-04 -1.170E-03
 -9.4067000E+04 -2.563E-03  4.521E-04 -1.920E-03
 -9.4065000E+04 -1.397E-02  2.531E-03 -1.103E-02
 -9.4063000E+04 -1.397E-02  2.371E-03 -9.289E-03
 -9.4061000E+04 -1.555E-02  2.489E-03 -8.783E-03
 -9.4059000E+04 -3.512E-02  5.562E-03 -1.915E-02
 -9.4057000E+04 -3.910E-02  6.512E-03 -2.445E-02
 -9.4055000E+04 -4.665E-02  7.542E-03 -2.658E-02
 -9.4053000E+04 -4.413E-02  8.565E-03 -3.970E-02
 -9.4051000E+04 -8.709E-02  1.579E-02 -6.668E-02
 -9.4049000E+04 -1.176E-01  1.918E-02 -6.773E-02
 -9.4047000E+04 -1.741E-01  2.932E-02 -1.089E-01
 -9.4045000E+04 -1.307E-01  2.239E-02 -8.531E-02
 -9.4043000E+04 -2.034E-01  3.485E-02 -1.319E-01
 -9.4041000E+04 -1.767E-01  3.167E-02 -1.282E-01
 -9.4039000E+04 -2.135E-01  3.691E-02 -1.404E-01
 -9.4037000E+04 -3.218E-01  5.266E-02 -1.803E-01
 -9.4035000E+04 -4.220E-01  7.487E-02 -2.924E-01
 -9.4033000E+04 -4.666E-01  8.372E-02 -3.330E-01
 -9.4031000E+04 -5.178E-01  8.669E-02 -3.045E-01
 -9.4029000E+04 -6.240E-01  1.054E-01 -3.749E-01
 -9.4027000E+04 -5.871E-01  9.878E-02 -3.454E-01
 -9.4025000E+04 -6.877E-01  1.232E-01 -4.755E-01
 -9.4023000E+04 -7.411E-01  1.317E-01 -5.016E-01
 -9.4021000E+04 -8.532E-01  1.419E-01 -4.766E-01
 -9.4019000E+04 -8.905E-01  1.525E-01 -5.382E-01
 -9.4017000E+04 -9.503E-01  1.687E-01 -6.296E-01
 -9.4015000E+04 -9.958E-01  1.758E-01 -6.469E-01
 -9.4013000E+04 -1.126E+00  1.999E-01 -7.390E-01
 -9.4011000E+04 -1.250E+00  2.205E-01 -7.997E-01
 -9.4009000E+04 -1.351E+00  2.341E-01 -8.200E-01
 -9.4007000E+04 -1.395E+00  2.423E-01 -8.489E-01
 -9.4005000E+04 -1.433E+00  2.551E-01 -9.273E-01
 -9.4003000E+04 -1.396E+00  2.583E-01 -9.953E-01
 -9.4001000E+04 -1.402E+00  2.448E-01 -8.442E-01
 -9.3999000E+04 -1.622E+00  2.862E-01 -1.006E+00
 -9.3997000E+04 -1.497E+00  2.717E-01 -1.000E+00
 -9.3995000E+04 -1.625E+00  2.921E-01 -1.050E+00
 -9.3993000E+04 -1.705E+00  3.081E-01 -1.108E+00
 -9.3991000E+04 -1.551E+00  2.755E-01 -9.556E-01
 -9.3989000E+04 -1.569E+00  2.849E-01 -1.026E+00
 -9.3987000E+04 -1.676E+00  2.911E-01 -9.578E-01
 -9.3985000E+04 -1.718E+00  3.065E-01 -1.057E+00
 -9.3983000E+04 -1.514E+00  2.838E-01 -1.055E+00
 -9.3981000E+04 -1.445E+00  2.533E-01 -8.344E-01
 -9.3979000E+04 -1.429E+00  2.676E-01 -9.831E-01
 -9.3977000E+04 -1.421E+00  2.727E-01 -1.035E+00
 -9.3975000E+04 -1.394E+00  2.564E-01 -9.043E-01
 -9.3973000E+04 -1.261E+00  2.233E-01 -7.289E-01
 -9.3971000E+04 -1.412E+00  2.437E-01 -7.499E-01
 -9.3969000E+04 -1.182E+00  2.267E-01 -8.392E-01
 -9.3967000E+04 -1.028E+00  1.923E-01 -6.724E-01
 -9.3965000E+04 -1.245E+00  2.229E-01 -7.248E-01
 -9.3963000E+04 -9.321E-01  1.750E-01 -6.098E-01
 -9.3961000E+04 -1.020E+00  1.883E-01 -6.399E-01
 -9.3959000E+04 -9.189E-01  1.611E-01 -4.914E-01
 -9.3957000E+04 -7.009E-01  1.354E-01 -4.808E-01
 -9.3955000E+04 -8.898E-01  1.587E-01 -4.910E-01
 -9.3953000E+04 -6.309E-01  1.182E-01 -3.986E-01
 -9.3951000E+04 -6.709E-01  1.297E-01 -4.578E-01
 -9.3949000E+04 -4.849E-01  1.046E-01 -4.235E-01
 -9.3947000E+04 -5.264E-01  1.203E-01 -5.202E-01
 -9.3945000E+04 -4.305E-01  8.429E-02 -2.847E-01
 -9.3943000E+04 -5.020E-01  1.026E-01 -3.805E-01
 -9.3941000E+04 -3.883E-01  6.589E-02 -1.581E-01
 -9.3939000E+04 -5.043E-01  9.564E-02 -3.136E-01
 -9.3937000E+04 -2.699E-01  5.667E-02 -1.969E-01
 -9.3935000E+04 -2.553E-01  5.195E-02 -1.745E-01
 -9.3933000E+04 -2.064E-01  3.589E-02 -7.897E-02
 -9.3931000E+04 -2.659E-01  5.578E-02 -2.020E-01
 -9.3929000E+04 -1.534E-01  3.377E-02 -1.091E-01
 -9.3927000E+04 -4.314E-02  1.942E-02 -1.098E-01
 -9.3925000E+04 -2.023E-01  4.655E-02 -1.787E-01
 -9.3923000E+04 -8.480E-02  1.637E-02 -2.193E-02
 -9.3921000E+04  2.364E-02  8.276E-03 -7.816E-02
 -9.3919000E+04  2.245E-02  9.286E-06  7.952E-03
 -9.3917000E+04  1.847E-02 -2.507E-03  3.698E-02
 -9.3915000E+04  1.817E-02 -1.439E-02  1.414E-01
 -9.3913000E+04  1.122E-01 -1.678E-02  6.361E-02
 -9.3911000E+04  4.767E-02 -5.173E-03  2.979E-02
 -9.3909000E+04  9.630E-02 -2.126E-02  1.221E-01
 -9.3907000E+04  1.675E-01 -1.824E-02  1.277E-02
 -9.3905000E+04  1.246E-01 -1.994E-02  7.562E-02
 -9.3903000E+04  1.784E-01 -3.082E-02  1.185E-01
 -9.3901000E+04  1.698E-01 -2.942E-02  1.098E-01
 -9.3899000E+04  1.506E-01 -1.831E-02  2.864E-02
 -9.3897000E+04  1.942E-01 -4.139E-02  1.974E-01
 -9.3895000E+04  1.837E-01 -3.385E-02  1.374E-01
 -9.3893000E+04  2.128E-01 -3.951E-02  1.585E-01
 -9.3891000E+04  1.085E-01 -2.560E-02  1.436E-01
 -9.3889000E+04  1.709E-01 -3.038E-02  1.154E-01
 -9.3887000E+04  2.249E-01 -4.309E-02  1.787E-01
 -9.3885000E+04  2.834E-01 -4.452E-02  1.190E-01
 -9.3883000E+04  2.784E-01 -5.070E-02  1.853E-01
 -9.3881000E+04  2.336E-01 -3.994E-02  1.347E-01
 -9.3879000E+04  2.049E-01 -3.240E-02  8.696E-02
 -9.3877000E+04  2.648E-01 -5.033E-02  1.983E-01
 -9.3875000E+04  2.396E-01 -4.610E-02  1.801E-01
 -9.3873000E+04  3.420E-01 -5.824E-02  1.836E-01
 -9.3871000E+04  2.184E-01 -4.142E-02  1.615E-01
 -9.3869000E+04  1.804E-01 -3.170E-02  1.186E-01
 -9.3867000E+04  2.809E-01 -5.092E-02  1.738E-01
 -9.3865000E+04  2.411E-01 -4.823E-02  2.004E-01
 -9.3863000E+04  2.283E-01 -4.258E-02  1.618E-01
 -9.3861000E+04  2.955E-01 -4.442E-02  1.003E-01
 -9.3859000E+04  2.050E-01 -3.776E-02  1.468E-01
 -9.3857000E+04  2.713E-01 -4.675E-02  1.495E-01
 -9.3855000E+04  2.578E-01 -4.590E-02  1.554E-01
 -9.3853000E+04  1.717E-01 -3.424E-02  1.448E-01
 -9.3851000E+04  2.773E-01 -4.987E-02  1.708E-01
 -9.3849000E+04  2.628E-01 -4.626E-02  1.551E-01
 -9.3847000E+04  2.792E-01 -5.011E-02  1.775E-01
 -9.3845000E+04  2.594E-01 -4.695E-02  1.645E-01
 -9.3843000E+04  2.442E-01 -4.118E-02  1.273E-01
