  3.7717000E+04 -0.000E+00 -0.000E+00  0.000E+00
  3.7719000E+04 -0.000E+00 -0.000E+00  0.000E+00
  3.7721000E+04 -0.000E+00 -0.000E+00  0.000E+00
  3.7723000E+04 -0.000E+00 -0.000E+00  0.000E+00
  3.7725000E+04 -0.000E+00 -0.000E+00  0.000E+00
  3.7727000E+04 -0.000E+00 -0.000E+00  0.000E+00
  3.7729000E+04 -0.000E+00 -0.000E+00  0.000E+00
  3.7731000E+04 -0.000E+00 -0.000E+00  0.000E+00
  3.7733000E+04 -0.000E+00 -0.000E+00  0.000E+00
  3.7735000E+04 -0.000E+00 -0.000E+00  0.000E+00
  3.7737000E+04 -0.000E+00 -0.000E+00  0.000E+00
  3.7739000E+04 -0.000E+00 -0.000E+00  0.000E+00
  3.7741000E+04 -0.000E+00 -0.000E+00  0.000E+00
  3.7743000E+04 -0.000E+00 -0.000E+00  0.000E+00
  3.7745000E+04 -0.000E+00 -0.000E+00  0.000E+00
  3.7747000E+04 -0.000E+00 -0.000E+00  0.000E+00
  3.7749000E+04 -0.000E+00 -0.000E+00  0.000E+00
  3.7751000E+04 -0.000E+00 -0.000E+00  0.000E+00
  3.7753000E+04 -0.000E+00 -0.000E+00  0.000E+00
  3.7755000E+04 -0.000E+00 -0.000E+00  0.000E+00
  3.7757000E+04 -0.000E+00 -0.000E+00  0.000E+00
  3.7759000E+04 -0.000E+00 -0.000E+00  0.000E+00
  3.7761000E+04 -0.000E+00 -0.000E+00  0.000E+00
  3.7763000E+04 -0.000E+00 -0.000E+00  0.000E+00
  3.7765000E+04 -0.000E+00 -0.000E+00  0.000E+00
  3.7767000E+04 -0.000E+00 -0.000E+00  0.000E+00
  3.7769000E+04 -0.000E+00 -0.000E+00  0.000E+00
  3.7771000E+04 -0.000E+00 -0.000E+00  0.000E+00
  3.7773000E+04 -0.000E+00 -0.000E+00  0.000E+00
  3.7775000E+04 -0.000E+00 -0.000E+00  0.000E+00
  3.7777000E+04 -0.000E+00 -0.000E+00  0.000E+00
  3.7779000E+04 -0.000E+00 -0.000E+00  0.000E+00
  3.7781000E+04 -0.000E+00 -0.000E+00  0.000E+00
  3.7783000E+04 -0.000E+00 -0.000E+00  0.000E+00
  3.7785000E+04 -0.000E+00 -0.000E+00  0.000E+00
  3.7787000E+04 -0.000E+00 -0.000E+00  0.000E+00
  3.7789000E+04 -0.000E+00 -0.000E+00  0.000E+00
  3.7791000E+04 -0.000E+00 -0.000E+00  0.000E+00
  3.7793000E+04 -0.000E+00 -0.000E+00  0.000E+00
  3.7795000E+04 -0.000E+00 -0.000E+00  0.000E+00
  3.7797000E+04 -0.000E+00 -0.000E+00  0.000E+00
  3.7799000E+04 -0.000E+00 -0.000E+00  0.000E+00
  3.7801000E+04 -0.000E+00 -0.000E+00  0.000E+00
  3.7803000E+04 -0.000E+00 -0.000E+00  0.000E+00
  3.7805000E+04 -0.000E+00 -0.000E+00  0.000E+00
  3.7807000E+04 -0.000E+00 -0.000E+00  0.000E+00
  3.7809000E+04 -0.000E+00 -0.000E+00  0.000E+00
  3.7811000E+04 -0.000E+00 -0.000E+00  0.000E+00
  3.7813000E+04 -0.000E+00 -0.000E+00  0.000E+00
  3.7815000E+04 -0.000E+00 -0.000E+00  0.000E+00
  3.7817000E+04 -0.000E+00 -0.000E+00  0.000E+00
  3.7819000E+04 -0.000E+00 -0.000E+00  0.000E+00
  3.7821000E+04 -0.000E+00 -0.000E+00  0.000E+00
  3.7823000E+04 -0.000E+00 -0.000E+00  0.000E+00
  3.7825000E+04 -0.000E+00 -0.000E+00  0.000E+00
  3.7827000E+04 -0.000E+00 -0.000E+00  0.000E+00
  3.7829000E+04 -0.000E+00 -0.000E+00  0.000E+00
  3.7831000E+04 -0.000E+00 -0.000E+00  0.000E+00
  3.7833000E+04 -0.000E+00 -0.000E+00  0.000E+00
  3.7835000E+04 -0.000E+00 -0.000E+00  0.000E+00
  3.7837000E+04 -0.000E+00 -0.000E+00  0.000E+00
  3.7839000E+04 -0.000E+00 -0.000E+00  0.000E+00
  3.7841000E+04 -0.000E+00 -0.000E+00  0.000E+00
  3.7843000E+04  2.811E-08 -7.497E-09  5.772E-08
  3.7845000E+04 -2.636E-05  2.519E-06  1.920E-06
  3.7847000E+04 -2.123E-04  5.611E-05 -4.292E-04
  3.7849000E+04 -2.410E-04  2.173E-05  3.443E-05
  3.7851000E+04 -5.897E-04  6.258E-05 -2.732E-05
  3.7853000E+04 -2.056E-03  2.602E-04 -6.066E-04
  3.7855000E+04 -2.722E-04  3.080E-04 -3.496E-03
  3.7857000E+04 -4.836E-03  1.195E-03 -8.712E-03
  3.7859000E+04 -1.355E-02  2.376E-03 -1.221E-02
  3.7861000E+04 -3.089E-02  4.707E-03 -1.879E-02
  3.7863000E+04 -3.371E-02  5.983E-03 -3.110E-02
  3.7865000E+04 -4.294E-02  7.383E-03 -3.647E-02
  3.7867000E+04 -8.637E-02  1.442E-02 -6.767E-02
  3.7869000E+04 -1.255E-01  2.119E-02 -1.010E-01
  3.7871000E+04 -1.429E-01  2.509E-02 -1.267E-01
  3.7873000E+04 -1.981E-01  3.144E-02 -1.331E-01
  3.7875000E+04 -2.737E-01  4.686E-02 -2.258E-01
  3.7877000E+04 -4.129E-01  6.962E-02 -3.261E-01
  3.7879000E+04 -5.603E-01  9.144E-02 -4.026E-01
  3.7881000E+04 -6.858E-01  1.094E-01 -4.588E-01
  3.7883000E+04 -6.957E-01  1.159E-01 -5.248E-01
  3.7885000E+04 -9.226E-01  1.511E-01 -6.608E-01
  3.7887000E+04 -1.094E+00  1.783E-01 -7.681E-01
  3.7889000E+04 -1.202E+00  1.935E-01 -8.116E-01
  3.7891000E+04 -1.434E+00  2.371E-01 -1.042E+00
  3.7893000E+04 -1.635E+00  2.629E-01 -1.088E+00
  3.7895000E+04 -1.855E+00  2.957E-01 -1.197E+00
  3.7897000E+04 -1.880E+00  3.099E-01 -1.337E+00
  3.7899000E+04 -2.092E+00  3.410E-01 -1.432E+00
  3.7901000E+04 -2.242E+00  3.581E-01 -1.432E+00
  3.7903000E+04 -2.167E+00  3.525E-01 -1.457E+00
  3.7905000E+04 -2.169E+00  3.589E-01 -1.530E+00
  3.7907000E+04 -2.369E+00  3.801E-01 -1.513E+00
  3.7909000E+04 -2.240E+00  3.694E-01 -1.550E+00
  3.7911000E+04 -2.165E+00  3.630E-01 -1.568E+00
  3.7913000E+04 -1.977E+00  3.236E-01 -1.323E+00
  3.7915000E+04 -1.918E+00  3.074E-01 -1.192E+00
  3.7917000E+04 -1.793E+00  2.953E-01 -1.210E+00
  3.7919000E+04 -1.591E+00  2.550E-01 -9.784E-01
  3.7921000E+04 -1.460E+00  2.391E-01 -9.591E-01
  3.7923000E+04 -1.374E+00  2.214E-01 -8.482E-01
  3.7925000E+04 -1.148E+00  1.902E-01 -7.716E-01
  3.7927000E+04 -1.086E+00  1.812E-01 -7.440E-01
  3.7929000E+04 -1.063E+00  1.705E-01 -6.393E-01
  3.7931000E+04 -8.421E-01  1.361E-01 -5.108E-01
  3.7933000E+04 -6.088E-01  1.027E-01 -4.181E-01
  3.7935000E+04 -5.741E-01  9.426E-02 -3.594E-01
  3.7937000E+04 -5.057E-01  8.953E-02 -4.016E-01
  3.7939000E+04 -4.104E-01  7.195E-02 -3.108E-01
  3.7941000E+04 -3.071E-01  5.359E-02 -2.278E-01
  3.7943000E+04 -3.078E-01  4.424E-02 -1.025E-01
  3.7945000E+04 -9.123E-02  1.625E-02 -5.927E-02
  3.7947000E+04 -9.981E-02  1.034E-02  2.853E-02
  3.7949000E+04 -1.995E-02  2.428E-03  1.237E-02
  3.7951000E+04  3.157E-02  1.921E-04 -3.251E-02
  3.7953000E+04  3.067E-02 -1.304E-02  1.356E-01
  3.7955000E+04  1.171E-01 -2.047E-02  1.036E-01
  3.7957000E+04  5.549E-02 -1.125E-02  7.973E-02
  3.7959000E+04  1.140E-01 -1.817E-02  7.734E-02
  3.7961000E+04  1.614E-01 -2.679E-02  1.199E-01
  3.7963000E+04  1.524E-01 -2.691E-02  1.373E-01
  3.7965000E+04  2.268E-01 -3.588E-02  1.366E-01
  3.7967000E+04  2.134E-01 -3.671E-02  1.718E-01
  3.7969000E+04  2.428E-01 -3.429E-02  9.669E-02
  3.7971000E+04  2.456E-01 -3.553E-02  1.088E-01
  3.7973000E+04  2.113E-01 -3.502E-02  1.486E-01
  3.7975000E+04  2.142E-01 -3.645E-02  1.634E-01
  3.7977000E+04  2.487E-01 -4.106E-02  1.739E-01
  3.7979000E+04  2.084E-01 -3.654E-02  1.705E-01
  3.7981000E+04  2.265E-01 -3.578E-02  1.399E-01
  3.7983000E+04  2.434E-01 -4.272E-02  2.009E-01
  3.7985000E+04  1.966E-01 -3.854E-02  2.127E-01
  3.7987000E+04  2.542E-01 -4.103E-02  1.636E-01
  3.7989000E+04  2.739E-01 -4.239E-02  1.522E-01
  3.7991000E+04  2.168E-01 -4.025E-02  2.095E-01
  3.7993000E+04  2.062E-01 -3.785E-02  1.910E-01
  3.7995000E+04  2.233E-01 -3.654E-02  1.475E-01
  3.7997000E+04  3.018E-01 -4.560E-02  1.499E-01
  3.7999000E+04  2.389E-01 -3.954E-02  1.696E-01
  3.8001000E+04  2.790E-01 -4.399E-02  1.643E-01
  3.8003000E+04  2.669E-01 -4.149E-02  1.528E-01
  3.8005000E+04  2.443E-01 -4.077E-02  1.731E-01
  3.8007000E+04  2.125E-01 -3.277E-02  1.167E-01
  3.8009000E+04  1.883E-01 -3.351E-02  1.603E-01
  3.8011000E+04  2.223E-01 -4.132E-02  2.116E-01
  3.8013000E+04  2.730E-01 -4.907E-02  2.405E-01
  3.8015000E+04  1.972E-01 -3.450E-02  1.605E-01
  3.8017000E+04  2.407E-01 -3.950E-02  1.618E-01
  3.8019000E+04  2.148E-01 -3.612E-02  1.545E-01
  3.8021000E+04  2.335E-01 -4.008E-02  1.788E-01
  3.8023000E+04  2.197E-01 -3.560E-02  1.408E-01
  3.8025000E+04  2.462E-01 -3.957E-02  1.542E-01
  3.8027000E+04  2.469E-01 -4.176E-02  1.831E-01
  3.8029000E+04  2.445E-01 -3.904E-02  1.501E-01
  3.8031000E+04  2.472E-01 -3.973E-02  1.555E-01
  3.8033000E+04  2.214E-01 -3.173E-02  8.980E-02
  3.8035000E+04  1.753E-01 -3.186E-02  1.554E-01
  3.8037000E+04  2.095E-01 -3.757E-02  1.829E-01
  3.8039000E+04  2.278E-01 -3.411E-02  1.099E-01
  3.8041000E+04  1.938E-01 -3.392E-02  1.581E-01
  3.8043000E+04  1.882E-01 -3.095E-02  1.304E-01
  3.8045000E+04  1.840E-01 -2.898E-02  1.111E-01
  3.8047000E+04  2.286E-01 -3.819E-02  1.639E-01
  3.8049000E+04  2.007E-01 -3.535E-02  1.679E-01
  3.8051000E+04  2.404E-01 -3.655E-02  1.215E-01
  3.8053000E+04  2.067E-01 -3.355E-02  1.346E-01
  3.8055000E+04  2.017E-01 -3.293E-02  1.331E-01
  3.8057000E+04  1.988E-01 -3.093E-02  1.108E-01
  3.8059000E+04  2.279E-01 -3.382E-02  1.085E-01
  3.8061000E+04  1.885E-01 -3.163E-02  1.365E-01
  3.8063000E+04  2.012E-01 -3.227E-02  1.248E-01
  3.8065000E+04  1.893E-01 -2.936E-02  1.053E-01
  3.8067000E+04  1.819E-01 -3.051E-02  1.303E-01
  3.8069000E+04  2.059E-01 -3.744E-02  1.837E-01
  3.8071000E+04  1.702E-01 -2.853E-02  1.246E-01
  3.8073000E+04  1.742E-01 -2.998E-02  1.324E-01
  3.8075000E+04  2.122E-01 -3.370E-02  1.292E-01
  3.8077000E+04  1.984E-01 -3.402E-02  1.536E-01
  3.8079000E+04  1.755E-01 -2.889E-02  1.182E-01
  3.8081000E+04  1.608E-01 -2.701E-02  1.168E-01
  3.8083000E+04  1.696E-01 -2.796E-02  1.167E-01
  3.8085000E+04  2.082E-01 -3.158E-02  1.059E-01
  3.8087000E+04  1.706E-01 -2.746E-02  1.078E-01
  3.8089000E+04  1.604E-01 -2.717E-02  1.258E-01
  3.8091000E+04  2.002E-01 -3.075E-02  1.026E-01
  3.8093000E+04  1.862E-01 -2.912E-02  1.063E-01
  3.8095000E+04  1.455E-01 -2.792E-02  1.517E-01
