  1.4760300E+05 -0.000E+00 -0.000E+00  0.000E+00
  1.4760500E+05 -0.000E+00 -0.000E+00  0.000E+00
  1.4760700E+05 -0.000E+00 -0.000E+00  0.000E+00
  1.4760900E+05 -0.000E+00 -0.000E+00  0.000E+00
  1.4761100E+05 -0.000E+00 -0.000E+00  0.000E+00
  1.4761300E+05 -0.000E+00 -0.000E+00  0.000E+00
  1.4761500E+05 -0.000E+00 -0.000E+00  0.000E+00
  1.4761700E+05 -0.000E+00 -0.000E+00  0.000E+00
  1.4761900E+05 -0.000E+00 -0.000E+00  0.000E+00
  1.4762100E+05 -0.000E+00 -0.000E+00  0.000E+00
  1.4762300E+05 -0.000E+00 -0.000E+00  0.000E+00
  1.4762500E+05 -0.000E+00 -0.000E+00  0.000E+00
  1.4762700E+05 -0.000E+00 -0.000E+00  0.000E+00
  1.4762900E+05 -0.000E+00 -0.000E+00  0.000E+00
  1.4763100E+05 -0.000E+00 -0.000E+00  0.000E+00
  1.4763300E+05 -0.000E+00 -0.000E+00  0.000E+00
  1.4763500E+05 -0.000E+00 -0.000E+00  0.000E+00
  1.4763700E+05 -0.000E+00 -0.000E+00  0.000E+00
  1.4763900E+05 -0.000E+00 -0.000E+00  0.000E+00
  1.4764100E+05 -0.000E+00 -0.000E+00  0.000E+00
  1.4764300E+05 -0.000E+00 -0.000E+00  0.000E+00
  1.4764500E+05 -0.000E+00 -0.000E+00  0.000E+00
  1.4764700E+05 -0.000E+00 -0.000E+00  0.000E+00
  1.4764900E+05 -0.000E+00 -0.000E+00  0.000E+00
  1.4765100E+05 -0.000E+00 -0.000E+00  0.000E+00
  1.4765300E+05 -0.000E+00 -0.000E+00  0.000E+00
  1.4765500E+05 -0.000E+00 -0.000E+00  0.000E+00
  1.4765700E+05 -0.000E+00 -0.000E+00  0.000E+00
  1.4765900E+05 -0.000E+00 -0.000E+00  0.000E+00
  1.4766100E+05 -0.000E+00 -0.000E+00  0.000E+00
  1.4766300E+05 -0.000E+00 -0.000E+00  0.000E+00
  1.4766500E+05 -0.000E+00 -0.000E+00  0.000E+00
  1.4766700E+05 -0.000E+00 -0.000E+00  0.000E+00
  1.4766900E+05 -0.000E+00 -0.000E+00  0.000E+00
  1.4767100E+05 -0.000E+00 -0.000E+00  0.000E+00
  1.4767300E+05 -0.000E+00 -0.000E+00  0.000E+00
  1.4767500E+05 -0.000E+00 -0.000E+00  0.000E+00
  1.4767700E+05 -0.000E+00 -0.000E+00  0.000E+00
  1.4767900E+05 -0.000E+00 -0.000E+00  0.000E+00
  1.4768100E+05 -0.000E+00 -0.000E+00  0.000E+00
  1.4768300E+05 -0.000E+00 -0.000E+00  0.000E+00
  1.4768500E+05 -0.000E+00 -0.000E+00  0.000E+00
  1.4768700E+05 -0.000E+00 -0.000E+00  0.000E+00
  1.4768900E+05 -0.000E+00 -0.000E+00  0.000E+00
  1.4769100E+05 -0.000E+00 -0.000E+00  0.000E+00
  1.4769300E+05 -0.000E+00 -0.000E+00  0.000E+00
  1.4769500E+05 -0.000E+00 -0.000E+00  0.000E+00
  1.4769700E+05 -0.000E+00 -0.000E+00  0.000E+00
  1.4769900E+05 -0.000E+00 -0.000E+00  0.000E+00
  1.4770100E+05 -0.000E+00 -0.000E+00  0.000E+00
  1.4770300E+05 -0.000E+00 -0.000E+00  0.000E+00
  1.4770500E+05 -0.000E+00 -0.000E+00  0.000E+00
  1.4770700E+05 -0.000E+00 -0.000E+00  0.000E+00
  1.4770900E+05 -0.000E+00 -0.000E+00  0.000E+00
  1.4771100E+05 -0.000E+00 -0.000E+00  0.000E+00
  1.4771300E+05 -0.000E+00 -0.000E+00  0.000E+00
  1.4771500E+05 -0.000E+00 -0.000E+00  0.000E+00
  1.4771700E+05 -0.000E+00 -0.000E+00  0.000E+00
  1.4771900E+05 -0.000E+00 -0.000E+00  0.000E+00
  1.4772100E+05 -0.000E+00 -0.000E+00  0.000E+00
  1.4772300E+05 -7.161E-07 -1.932E-08  1.202E-06
  1.4772500E+05 -3.418E-05  1.433E-06  2.436E-05
  1.4772700E+05 -1.350E-04  3.469E-05 -3.149E-04
  1.4772900E+05 -3.325E-04  1.584E-05  2.125E-04
  1.4773100E+05 -7.995E-04  8.155E-05 -1.030E-04
  1.4773300E+05 -1.358E-03  3.939E-04 -3.822E-03
  1.4773500E+05 -1.056E-02  1.481E-03 -7.136E-03
  1.4773700E+05 -2.163E-02  2.933E-03 -1.316E-02
  1.4773900E+05 -2.828E-02  4.150E-03 -2.173E-02
  1.4774100E+05 -5.375E-02  7.628E-03 -3.758E-02
  1.4774300E+05 -1.150E-01  1.503E-02 -6.164E-02
  1.4774500E+05 -1.401E-01  2.110E-02 -1.157E-01
  1.4774700E+05 -2.111E-01  2.908E-02 -1.348E-01
  1.4774900E+05 -3.253E-01  4.523E-02 -2.139E-01
  1.4775100E+05 -5.162E-01  7.233E-02 -3.480E-01
  1.4775300E+05 -6.520E-01  9.095E-02 -4.333E-01
  1.4775500E+05 -8.634E-01  1.211E-01 -5.829E-01
  1.4775700E+05 -1.109E+00  1.520E-01 -6.968E-01
  1.4775900E+05 -1.400E+00  1.982E-01 -9.734E-01
  1.4776100E+05 -1.660E+00  2.275E-01 -1.044E+00
  1.4776300E+05 -1.880E+00  2.627E-01 -1.258E+00
  1.4776500E+05 -2.108E+00  2.997E-01 -1.487E+00
  1.4776700E+05 -2.550E+00  3.521E-01 -1.644E+00
  1.4776900E+05 -2.619E+00  3.652E-01 -1.742E+00
  1.4777100E+05 -2.672E+00  3.748E-01 -1.812E+00
  1.4777300E+05 -2.773E+00  3.842E-01 -1.808E+00
  1.4777500E+05 -2.522E+00  3.624E-01 -1.845E+00
  1.4777700E+05 -2.653E+00  3.712E-01 -1.787E+00
  1.4777900E+05 -2.286E+00  3.217E-01 -1.569E+00
  1.4778100E+05 -2.077E+00  3.036E-01 -1.604E+00
  1.4778300E+05 -1.854E+00  2.577E-01 -1.225E+00
  1.4778500E+05 -1.628E+00  2.240E-01 -1.040E+00
  1.4778700E+05 -1.439E+00  1.994E-01 -9.458E-01
  1.4778900E+05 -9.735E-01  1.370E-01 -6.737E-01
  1.4779100E+05 -9.069E-01  1.311E-01 -6.814E-01
  1.4779300E+05 -7.407E-01  1.044E-01 -5.180E-01
  1.4779500E+05 -6.110E-01  8.823E-02 -4.608E-01
  1.4779700E+05 -3.406E-01  5.060E-02 -2.795E-01
  1.4779900E+05 -3.035E-01  3.851E-02 -1.494E-01
  1.4780100E+05 -2.211E-01  2.626E-02 -8.177E-02
  1.4780300E+05 -3.248E-02  3.641E-03 -1.298E-02
  1.4780500E+05 -9.403E-03  6.313E-04  1.564E-03
  1.4780700E+05  6.638E-02 -7.758E-03  1.553E-02
  1.4780900E+05  4.392E-02 -5.675E-03  1.814E-02
  1.4781100E+05  8.707E-02 -1.503E-02  9.843E-02
  1.4781300E+05  2.066E-01 -3.305E-02  2.007E-01
  1.4781500E+05  2.103E-01 -2.839E-02  1.212E-01
  1.4781700E+05  2.114E-01 -3.057E-02  1.535E-01
  1.4781900E+05  1.726E-01 -2.462E-02  1.188E-01
  1.4782100E+05  2.097E-01 -2.837E-02  1.204E-01
  1.4782300E+05  2.157E-01 -3.174E-02  1.669E-01
  1.4782500E+05  1.934E-01 -2.892E-02  1.531E-01
  1.4782700E+05  2.064E-01 -2.803E-02  1.243E-01
  1.4782900E+05  2.094E-01 -3.177E-02  1.774E-01
  1.4783100E+05  2.340E-01 -3.272E-02  1.544E-01
  1.4783300E+05  2.930E-01 -3.829E-02  1.535E-01
  1.4783500E+05  1.588E-01 -2.793E-02  1.941E-01
  1.4783700E+05  2.140E-01 -2.952E-02  1.356E-01
  1.4783900E+05  2.049E-01 -3.221E-02  1.882E-01
  1.4784100E+05  2.308E-01 -3.214E-02  1.495E-01
  1.4784300E+05  2.293E-01 -3.254E-02  1.593E-01
  1.4784500E+05  2.317E-01 -3.256E-02  1.565E-01
  1.4784700E+05  2.206E-01 -3.361E-02  1.882E-01
  1.4784900E+05  2.116E-01 -3.138E-02  1.671E-01
  1.4785100E+05  1.997E-01 -3.052E-02  1.731E-01
  1.4785300E+05  2.371E-01 -3.152E-02  1.336E-01
  1.4785500E+05  1.994E-01 -2.889E-02  1.470E-01
  1.4785700E+05  2.392E-01 -3.471E-02  1.773E-01
  1.4785900E+05  2.140E-01 -2.896E-02  1.287E-01
  1.4786100E+05  2.098E-01 -3.031E-02  1.563E-01
  1.4786300E+05  1.957E-01 -2.648E-02  1.135E-01
  1.4786500E+05  1.890E-01 -2.782E-02  1.478E-01
  1.4786700E+05  2.151E-01 -3.146E-02  1.669E-01
  1.4786900E+05  2.016E-01 -2.937E-02  1.517E-01
  1.4787100E+05  2.120E-01 -2.954E-02  1.403E-01
  1.4787300E+05  1.835E-01 -2.785E-02  1.543E-01
  1.4787500E+05  1.973E-01 -2.985E-02  1.663E-01
  1.4787700E+05  2.006E-01 -2.801E-02  1.331E-01
  1.4787900E+05  1.985E-01 -2.740E-02  1.263E-01
  1.4788100E+05  1.706E-01 -2.386E-02  1.108E-01
  1.4788300E+05  1.901E-01 -2.765E-02  1.437E-01
  1.4788500E+05  1.618E-01 -2.527E-02  1.497E-01
  1.4788700E+05  1.881E-01 -2.678E-02  1.333E-01
  1.4788900E+05  2.101E-01 -2.830E-02  1.229E-01
  1.4789100E+05  1.819E-01 -2.593E-02  1.286E-01
  1.4789300E+05  2.263E-01 -3.000E-02  1.257E-01
  1.4789500E+05  2.029E-01 -2.935E-02  1.519E-01
  1.4789700E+05  1.847E-01 -2.689E-02  1.372E-01
  1.4789900E+05  1.794E-01 -2.547E-02  1.236E-01
  1.4790100E+05  1.804E-01 -2.362E-02  9.805E-02
  1.4790300E+05  1.801E-01 -2.456E-02  1.116E-01
  1.4790500E+05  2.034E-01 -2.769E-02  1.249E-01
  1.4790700E+05  1.854E-01 -2.614E-02  1.262E-01
  1.4790900E+05  1.621E-01 -2.334E-02  1.177E-01
  1.4791100E+05  1.707E-01 -2.495E-02  1.311E-01
  1.4791300E+05  2.224E-01 -3.072E-02  1.451E-01
  1.4791500E+05  1.708E-01 -2.327E-02  1.038E-01
  1.4791700E+05  1.552E-01 -2.338E-02  1.304E-01
  1.4791900E+05  1.841E-01 -2.531E-02  1.123E-01
  1.4792100E+05  1.733E-01 -2.394E-02  1.124E-01
  1.4792300E+05  1.320E-01 -1.825E-02  8.649E-02
  1.4792500E+05  1.447E-01 -2.033E-02  9.786E-02
  1.4792700E+05  1.412E-01 -2.204E-02  1.323E-01
  1.4792900E+05  1.610E-01 -2.198E-02  9.949E-02
  1.4793100E+05  1.707E-01 -2.277E-02  9.584E-02
  1.4793300E+05  1.697E-01 -2.343E-02  1.105E-01
  1.4793500E+05  1.868E-01 -2.600E-02  1.206E-01
  1.4793700E+05  1.649E-01 -2.240E-02  9.993E-02
  1.4793900E+05  1.655E-01 -2.208E-02  9.407E-02
  1.4794100E+05  1.732E-01 -2.338E-02  1.011E-01
  1.4794300E+05  1.457E-01 -2.028E-02  9.379E-02
  1.4794500E+05  1.529E-01 -2.049E-02  8.775E-02
  1.4794700E+05  1.588E-01 -2.242E-02  1.103E-01
  1.4794900E+05  1.287E-01 -1.923E-02  1.059E-01
  1.4795100E+05  1.260E-01 -1.987E-02  1.208E-01
  1.4795300E+05  1.457E-01 -2.050E-02  9.861E-02
  1.4795500E+05  1.313E-01 -1.975E-02  1.111E-01
  1.4795700E+05  1.574E-01 -2.209E-02  1.049E-01
  1.4795900E+05  1.496E-01 -2.150E-02  1.080E-01
  1.4796100E+05  1.612E-01 -2.109E-02  8.583E-02
  1.4796300E+05  1.476E-01 -2.099E-02  1.045E-01
  1.4796500E+05  1.307E-01 -1.832E-02  8.827E-02
  1.4796700E+05  1.413E-01 -1.885E-02  7.731E-02
  1.4796900E+05  1.299E-01 -1.844E-02  9.156E-02
  1.4797100E+05  1.316E-01 -2.017E-02  1.168E-01
  1.4797300E+05  1.444E-01 -2.000E-02  9.604E-02
  1.4797500E+05  1.521E-01 -2.088E-02  9.845E-02
  1.4797700E+05  1.317E-01 -1.824E-02  8.575E-02
  1.4797900E+05  1.395E-01 -1.831E-02  7.355E-02
  1.4798100E+05  1.451E-01 -2.012E-02  9.286E-02
