  1.7106300E+05 -0.000E+00 -0.000E+00  0.000E+00
  1.7106500E+05 -0.000E+00 -0.000E+00  0.000E+00
  1.7106700E+05 -0.000E+00 -0.000E+00  0.000E+00
  1.7106900E+05 -0.000E+00 -0.000E+00  0.000E+00
  1.7107100E+05 -0.000E+00 -0.000E+00  0.000E+00
  1.7107300E+05 -0.000E+00 -0.000E+00  0.000E+00
  1.7107500E+05 -0.000E+00 -0.000E+00  0.000E+00
  1.7107700E+05 -0.000E+00 -0.000E+00  0.000E+00
  1.7107900E+05 -0.000E+00 -0.000E+00  0.000E+00
  1.7108100E+05 -0.000E+00 -0.000E+00  0.000E+00
  1.7108300E+05 -0.000E+00 -0.000E+00  0.000E+00
  1.7108500E+05 -0.000E+00 -0.000E+00  0.000E+00
  1.7108700E+05 -0.000E+00 -0.000E+00  0.000E+00
  1.7108900E+05 -0.000E+00 -0.000E+00  0.000E+00
  1.7109100E+05 -0.000E+00 -0.000E+00  0.000E+00
  1.7109300E+05 -0.000E+00 -0.000E+00  0.000E+00
  1.7109500E+05 -0.000E+00 -0.000E+00  0.000E+00
  1.7109700E+05 -0.000E+00 -0.000E+00  0.000E+00
  1.7109900E+05 -0.000E+00 -0.000E+00  0.000E+00
  1.7110100E+05 -0.000E+00 -0.000E+00  0.000E+00
  1.7110300E+05 -0.000E+00 -0.000E+00  0.000E+00
  1.7110500E+05 -0.000E+00 -0.000E+00  0.000E+00
  1.7110700E+05 -0.000E+00 -0.000E+00  0.000E+00
  1.7110900E+05 -0.000E+00 -0.000E+00  0.000E+00
  1.7111100E+05 -0.000E+00 -0.000E+00  0.000E+00
  1.7111300E+05 -0.000E+00 -0.000E+00  0.000E+00
  1.7111500E+05 -0.000E+00 -0.000E+00  0.000E+00
  1.7111700E+05 -0.000E+00 -0.000E+00  0.000E+00
  1.7111900E+05 -0.000E+00 -0.000E+00  0.000E+00
  1.7112100E+05 -0.000E+00 -0.000E+00  0.000E+00
  1.7112300E+05 -0.000E+00 -0.000E+00  0.000E+00
  1.7112500E+05 -0.000E+00 -0.000E+00  0.000E+00
  1.7112700E+05 -0.000E+00 -0.000E+00  0.000E+00
  1.7112900E+05 -0.000E+00 -0.000E+00  0.000E+00
  1.7113100E+05 -0.000E+00 -0.000E+00  0.000E+00
  1.7113300E+05 -0.000E+00 -0.000E+00  0.000E+00
  1.7113500E+05 -0.000E+00 -0.000E+00  0.000E+00
  1.7113700E+05 -0.000E+00 -0.000E+00  0.000E+00
  1.7113900E+05 -0.000E+00 -0.000E+00  0.000E+00
  1.7114100E+05 -0.000E+00 -0.000E+00  0.000E+00
  1.7114300E+05 -0.000E+00 -0.000E+00  0.000E+00
  1.7114500E+05 -0.000E+00 -0.000E+00  0.000E+00
  1.7114700E+05 -0.000E+00 -0.000E+00  0.000E+00
  1.7114900E+05 -0.000E+00 -0.000E+00  0.000E+00
  1.7115100E+05 -0.000E+00 -0.000E+00  0.000E+00
  1.7115300E+05 -0.000E+00 -0.000E+00  0.000E+00
  1.7115500E+05 -0.000E+00 -0.000E+00  0.000E+00
  1.7115700E+05 -0.000E+00 -0.000E+00  0.000E+00
  1.7115900E+05 -0.000E+00 -0.000E+00  0.000E+00
  1.7116100E+05 -0.000E+00 -0.000E+00  0.000E+00
  1.7116300E+05 -0.000E+00 -0.000E+00  0.000E+00
  1.7116500E+05 -0.000E+00 -0.000E+00  0.000E+00
  1.7116700E+05 -0.000E+00 -0.000E+00  0.000E+00
  1.7116900E+05 -0.000E+00 -0.000E+00  0.000E+00
  1.7117100E+05 -0.000E+00 -0.000E+00  0.000E+00
  1.7117300E+05 -0.000E+00 -0.000E+00  0.000E+00
  1.7117500E+05 -0.000E+00 -0.000E+00  0.000E+00
  1.7117700E+05 -0.000E+00 -0.000E+00  0.000E+00
  1.7117900E+05 -0.000E+00 -0.000E+00  0.000E+00
  1.7118100E+05 -0.000E+00 -0.000E+00  0.000E+00
  1.7118300E+05  3.956E-07 -1.757E-07  2.076E-06
  1.7118500E+05 -6.006E-05  2.180E-06  3.871E-05
  1.7118700E+05  6.257E-05  4.765E-06 -1.413E-04
  1.7118900E+05 -1.625E-03  1.375E-04 -8.487E-05
  1.7119100E+05 -1.311E-03  2.218E-04 -1.688E-03
  1.7119300E+05 -4.909E-03  6.537E-04 -3.815E-03
  1.7119500E+05 -1.302E-02  1.447E-03 -5.905E-03
  1.7119700E+05 -3.191E-02  3.437E-03 -1.295E-02
  1.7119900E+05 -4.735E-02  5.736E-03 -2.873E-02
  1.7120100E+05 -1.033E-01  1.238E-02 -6.109E-02
  1.7120300E+05 -1.517E-01  1.760E-02 -8.169E-02
  1.7120500E+05 -2.447E-01  2.944E-02 -1.481E-01
  1.7120700E+05 -3.523E-01  4.178E-02 -2.054E-01
  1.7120900E+05 -4.997E-01  5.870E-02 -2.845E-01
  1.7121100E+05 -7.316E-01  8.728E-02 -4.392E-01
  1.7121300E+05 -9.616E-01  1.151E-01 -5.855E-01
  1.7121500E+05 -1.272E+00  1.493E-01 -7.351E-01
  1.7121700E+05 -1.463E+00  1.783E-01 -9.524E-01
  1.7121900E+05 -1.792E+00  2.126E-01 -1.084E+00
  1.7122100E+05 -2.094E+00  2.521E-01 -1.331E+00
  1.7122300E+05 -2.517E+00  3.008E-01 -1.575E+00
  1.7122500E+05 -2.622E+00  3.248E-01 -1.830E+00
  1.7122700E+05 -2.600E+00  3.140E-01 -1.701E+00
  1.7122900E+05 -2.825E+00  3.366E-01 -1.787E+00
  1.7123100E+05 -2.780E+00  3.430E-01 -1.957E+00
  1.7123300E+05 -2.712E+00  3.336E-01 -1.905E+00
  1.7123500E+05 -2.384E+00  2.861E-01 -1.572E+00
  1.7123700E+05 -2.201E+00  2.638E-01 -1.460E+00
  1.7123900E+05 -2.057E+00  2.522E-01 -1.464E+00
  1.7124100E+05 -1.589E+00  2.007E-01 -1.236E+00
  1.7124300E+05 -1.385E+00  1.673E-01 -9.635E-01
  1.7124500E+05 -1.193E+00  1.432E-01 -8.215E-01
  1.7124700E+05 -8.835E-01  1.004E-01 -5.230E-01
  1.7124900E+05 -6.738E-01  8.229E-02 -5.000E-01
  1.7125100E+05 -5.426E-01  7.418E-02 -5.383E-01
  1.7125300E+05 -4.076E-01  4.261E-02 -1.960E-01
  1.7125500E+05 -1.979E-01  2.636E-02 -2.006E-01
  1.7125700E+05 -1.579E-01  2.024E-02 -1.508E-01
  1.7125900E+05 -5.661E-02  4.606E-03 -2.379E-02
  1.7126100E+05  7.529E-02 -9.416E-03  3.411E-02
  1.7126300E+05  4.817E-03 -3.734E-03  3.824E-02
  1.7126500E+05  4.880E-02 -9.421E-03  7.709E-02
  1.7126700E+05  1.174E-01 -1.701E-02  1.095E-01
  1.7126900E+05  1.426E-01 -1.865E-02  1.062E-01
  1.7127100E+05  1.544E-01 -2.103E-02  1.287E-01
  1.7127300E+05  2.438E-01 -2.469E-02  7.614E-02
  1.7127500E+05  1.980E-01 -2.330E-02  1.149E-01
  1.7127700E+05  2.428E-01 -2.969E-02  1.600E-01
  1.7127900E+05  1.782E-01 -2.629E-02  1.872E-01
  1.7128100E+05  1.773E-01 -2.323E-02  1.388E-01
  1.7128300E+05  2.295E-01 -2.596E-02  1.180E-01
  1.7128500E+05  2.556E-01 -3.081E-02  1.652E-01
  1.7128700E+05  2.305E-01 -2.894E-02  1.655E-01
  1.7128900E+05  2.398E-01 -2.931E-02  1.603E-01
  1.7129100E+05  2.477E-01 -2.971E-02  1.582E-01
  1.7129300E+05  1.913E-01 -2.536E-02  1.621E-01
  1.7129500E+05  1.905E-01 -2.338E-02  1.266E-01
  1.7129700E+05  2.092E-01 -2.691E-02  1.631E-01
  1.7129900E+05  2.120E-01 -2.610E-02  1.449E-01
  1.7130100E+05  1.907E-01 -2.405E-02  1.388E-01
  1.7130300E+05  2.258E-01 -2.790E-02  1.566E-01
  1.7130500E+05  1.977E-01 -2.733E-02  1.828E-01
  1.7130700E+05  2.092E-01 -2.527E-02  1.381E-01
  1.7130900E+05  2.514E-01 -2.867E-02  1.356E-01
  1.7131100E+05  2.146E-01 -2.794E-02  1.719E-01
  1.7131300E+05  1.996E-01 -2.419E-02  1.313E-01
  1.7131500E+05  2.075E-01 -2.459E-02  1.281E-01
  1.7131700E+05  2.009E-01 -2.501E-02  1.465E-01
  1.7131900E+05  1.937E-01 -2.577E-02  1.647E-01
  1.7132100E+05  2.212E-01 -2.457E-02  1.100E-01
  1.7132300E+05  2.027E-01 -2.591E-02  1.568E-01
  1.7132500E+05  2.076E-01 -2.566E-02  1.459E-01
  1.7132700E+05  1.911E-01 -2.316E-02  1.250E-01
  1.7132900E+05  1.967E-01 -2.188E-02  9.787E-02
  1.7133100E+05  2.041E-01 -2.682E-02  1.704E-01
  1.7133300E+05  2.019E-01 -2.513E-02  1.463E-01
  1.7133500E+05  1.653E-01 -2.106E-02  1.238E-01
  1.7133700E+05  2.231E-01 -2.501E-02  1.146E-01
  1.7133900E+05  1.931E-01 -2.274E-02  1.155E-01
  1.7134100E+05  1.705E-01 -2.211E-02  1.363E-01
  1.7134300E+05  2.231E-01 -2.712E-02  1.505E-01
  1.7134500E+05  1.927E-01 -2.441E-02  1.463E-01
  1.7134700E+05  1.867E-01 -2.262E-02  1.267E-01
  1.7134900E+05  1.967E-01 -2.162E-02  9.312E-02
  1.7135100E+05  1.887E-01 -2.340E-02  1.341E-01
  1.7135300E+05  1.858E-01 -2.063E-02  9.363E-02
  1.7135500E+05  1.783E-01 -2.173E-02  1.199E-01
  1.7135700E+05  2.026E-01 -2.421E-02  1.278E-01
  1.7135900E+05  1.793E-01 -2.091E-02  1.079E-01
  1.7136100E+05  1.751E-01 -2.161E-02  1.237E-01
  1.7136300E+05  1.640E-01 -1.952E-02  1.045E-01
  1.7136500E+05  1.482E-01 -2.085E-02  1.461E-01
  1.7136700E+05  1.752E-01 -1.939E-02  8.663E-02
  1.7136900E+05  1.560E-01 -1.959E-02  1.133E-01
  1.7137100E+05  1.725E-01 -2.245E-02  1.406E-01
  1.7137300E+05  1.559E-01 -2.064E-02  1.317E-01
  1.7137500E+05  1.572E-01 -1.819E-02  9.063E-02
  1.7137700E+05  1.646E-01 -2.098E-02  1.268E-01
  1.7137900E+05  1.677E-01 -2.047E-02  1.156E-01
  1.7138100E+05  1.739E-01 -2.107E-02  1.178E-01
  1.7138300E+05  1.785E-01 -2.128E-02  1.157E-01
  1.7138500E+05  1.610E-01 -1.893E-02  9.530E-02
  1.7138700E+05  1.451E-01 -1.806E-02  1.059E-01
  1.7138900E+05  1.532E-01 -1.906E-02  1.084E-01
  1.7139100E+05  1.450E-01 -1.716E-02  9.036E-02
  1.7139300E+05  1.323E-01 -1.677E-02  9.893E-02
  1.7139500E+05  1.529E-01 -1.911E-02  1.123E-01
  1.7139700E+05  1.617E-01 -2.113E-02  1.337E-01
  1.7139900E+05  1.638E-01 -1.890E-02  9.455E-02
  1.7140100E+05  1.211E-01 -1.510E-02  8.577E-02
  1.7140300E+05  1.357E-01 -1.638E-02  9.003E-02
  1.7140500E+05  1.445E-01 -1.707E-02  8.780E-02
  1.7140700E+05  1.278E-01 -1.579E-02  8.909E-02
  1.7140900E+05  1.433E-01 -1.734E-02  9.889E-02
  1.7141100E+05  1.341E-01 -1.555E-02  7.841E-02
  1.7141300E+05  1.590E-01 -1.814E-02  8.224E-02
  1.7141500E+05  1.314E-01 -1.570E-02  8.380E-02
  1.7141700E+05  1.325E-01 -1.731E-02  1.101E-01
  1.7141900E+05  1.468E-01 -1.735E-02  9.390E-02
  1.7142100E+05  1.393E-01 -1.598E-02  8.302E-02
  1.7142300E+05  1.449E-01 -1.621E-02  7.476E-02
  1.7142500E+05  1.538E-01 -1.813E-02  9.380E-02
  1.7142700E+05  1.362E-01 -1.683E-02  9.631E-02
  1.7142900E+05  1.270E-01 -1.606E-02  9.561E-02
  1.7143100E+05  1.399E-01 -1.677E-02  9.454E-02
  1.7143300E+05  1.432E-01 -1.557E-02  6.694E-02
  1.7143500E+05  1.227E-01 -1.417E-02  6.868E-02
  1.7143700E+05  1.139E-01 -1.548E-02  1.045E-01
  1.7143900E+05  1.254E-01 -1.494E-02  8.042E-02
  1.7144100E+05  1.312E-01 -1.564E-02  8.266E-02
